WARNING: Host distribution "debian-10" has not been validated with this version of the build system; you may possibly experience unexpected failures. It is recommended that you use a tested distribution.
Loading cache...done.
Loaded 1440 entries from dependency cache.
Removing 1 recipes from the mips32r2 sysroot...done.
Removing 2 recipes from the qemumips sysroot...done.
NOTE: Resolving any missing task queue dependencies

Build Configuration:
BB_VERSION           = "1.42.0"
BUILD_SYS            = "x86_64-linux"
NATIVELSBSTRING      = "universal"
TARGET_SYS           = "mips-deby-linux"
MACHINE              = "qemumips"
DISTRO               = "deby"
DISTRO_VERSION       = "10.0"
TUNE_FEATURES        = "o32 bigendian fpu-hard mips32r2"
TARGET_FPU           = ""
meta                 
meta-poky            = "warrior:51223035e66c5b27799b15a0f8ebe75d24d3971b"
meta-debian          = "warrior-trungdt:47b755ebe41c5afc0ea94d75b55c4f0efd8983fe"

Initialising tasks...done.
Sstate summary: Wanted 220 Found 219 Missed 1 Current 172 (99% match, 99% complete)
NOTE: Executing SetScene Tasks
NOTE: Running setscene task 173 of 392 (/home/deby/poky/meta-debian/recipes-debian/busybox/busybox_debian.bb:do_populate_sysroot_setscene)
NOTE: Running setscene task 174 of 392 (/home/deby/poky/meta-debian/recipes-debian/busybox/busybox_debian.bb:do_package_qa_setscene)
NOTE: Running setscene task 175 of 392 (/home/deby/poky/meta-debian/recipes-debian/busybox/busybox_debian.bb:do_package_write_deb_setscene)
NOTE: Running setscene task 176 of 392 (/home/deby/poky/meta-debian/recipes-debian/busybox/busybox_debian.bb:do_populate_lic_setscene)
NOTE: Running setscene task 177 of 392 (/home/deby/poky/meta/recipes-core/libxcrypt/libxcrypt.bb:do_package_write_deb_setscene)
NOTE: Running setscene task 178 of 392 (/home/deby/poky/meta/recipes-devtools/opkg-utils/opkg-utils_0.4.0.bb:do_package_write_deb_setscene)
NOTE: Running setscene task 179 of 392 (/home/deby/poky/meta-debian/recipes-debian/glibc/glibc_debian.bb:do_package_write_deb_setscene)
NOTE: Running setscene task 180 of 392 (/home/deby/poky/meta-debian/recipes-debian/gcc/gcc-runtime_debian.bb:do_package_write_deb_setscene)
NOTE: Running setscene task 181 of 392 (/home/deby/poky/meta/recipes-devtools/python/python3_3.7.2.bb:do_package_write_deb_setscene)
NOTE: Running setscene task 182 of 392 (/home/deby/poky/meta-debian/recipes-debian/perl/perl_debian.bb:do_package_write_deb_setscene)
NOTE: Running setscene task 183 of 392 (/home/deby/poky/meta-debian/recipes-debian/libtool/libtool-cross_debian.bb:do_package_write_deb_setscene)
NOTE: Running setscene task 184 of 392 (/home/deby/poky/meta-debian/recipes-debian/ncurses/ncurses_debian.bb:do_package_write_deb_setscene)
NOTE: Running setscene task 185 of 392 (/home/deby/poky/meta-debian/recipes-debian/zlib/zlib_debian.bb:do_package_write_deb_setscene)
NOTE: Running setscene task 186 of 392 (/home/deby/poky/meta/recipes-extended/xz/xz_5.2.4.bb:do_package_write_deb_setscene)
NOTE: Running setscene task 187 of 392 (/home/deby/poky/meta-debian/recipes-debian/bzip2/bzip2_debian.bb:do_package_write_deb_setscene)
NOTE: Running setscene task 188 of 392 (/home/deby/poky/meta-debian/recipes-kernel/linux-libc-headers/linux-libc-headers-base_git.bb:do_package_write_deb_setscene)
NOTE: recipe libxcrypt-4.4.2-r0: task do_package_write_deb_setscene: Started
NOTE: recipe bzip2-1.0.6-r0: task do_package_write_deb_setscene: Started
NOTE: recipe xz-5.2.4-r0: task do_package_write_deb_setscene: Started
NOTE: recipe ncurses-6.1+20181013-r0: task do_package_write_deb_setscene: Started
NOTE: recipe libtool-cross-2.4.6-r0: task do_package_write_deb_setscene: Started
NOTE: recipe zlib-1.2.11-r0: task do_package_write_deb_setscene: Started
NOTE: recipe glibc-2.28-r0: task do_package_write_deb_setscene: Started
NOTE: recipe opkg-utils-0.4.0-r0: task do_package_write_deb_setscene: Started
NOTE: recipe busybox-1.30.1-r0: task do_populate_lic_setscene: Started
NOTE: recipe busybox-1.30.1-r0: task do_package_write_deb_setscene: Started
NOTE: recipe busybox-1.30.1-r0: task do_package_qa_setscene: Started
NOTE: recipe busybox-1.30.1-r0: task do_populate_sysroot_setscene: Started
NOTE: recipe perl-5.28.1-r1: task do_package_write_deb_setscene: Started
NOTE: recipe gcc-runtime-8.3.0-r0: task do_package_write_deb_setscene: Started
NOTE: recipe python3-3.7.2-r0: task do_package_write_deb_setscene: Started
ERROR: When reparsing /home/deby/poky/meta-debian/recipes-kernel/linux-libc-headers/linux-libc-headers-base_git.bb.do_patch, the basehash value changed from 794aba43c93b827ab8dad47165be6be0d8f92f251bd262635c22313e23128daa to ad76c34176c05413e9fb00995196d5015fc81c93587134874abe5c331acef982. The metadata is not deterministic and this needs to be fixed.
ERROR: When reparsing /home/deby/poky/meta-debian/recipes-kernel/linux-libc-headers/linux-libc-headers-base_git.bb.do_populate_sysroot, the basehash value changed from 200562396159664cf6a42475b97f810338c4576ddb88e6c3cbe3850d9c89730d to 620643e07d55b504e7dc216bd4a1d8bf07c4ffc5bf08b44aea761ddf78038285. The metadata is not deterministic and this needs to be fixed.
ERROR: When reparsing /home/deby/poky/meta-debian/recipes-kernel/linux-libc-headers/linux-libc-headers-base_git.bb.do_fetch, the basehash value changed from 5244d744bc71cb99083f3cea9838c2708f7af4208333fb02a8c2f61841c24933 to fcffecba15f047c95455f477a03c0e9d97fee02f6f76a0c862d49b2d33a69bdd. The metadata is not deterministic and this needs to be fixed.
ERROR: When reparsing /home/deby/poky/meta-debian/recipes-kernel/linux-libc-headers/linux-libc-headers-base_git.bb.do_configure, the basehash value changed from cdd27d9bf38aa46d53cc94a02b5853fada0165fe04f11f4025255f4074d6c4cb to 5063a45ad3fd8a984b6d0b90dedbe0d55ec022e5b3d1f0258e1012442cbe37a0. The metadata is not deterministic and this needs to be fixed.
ERROR: When reparsing /home/deby/poky/meta-debian/recipes-kernel/linux-libc-headers/linux-libc-headers-base_git.bb.do_compile, the basehash value changed from 17b8773b16e89f8e98ef283826a53ca5efb2dff38e51ffeca3598d23e5af9dc0 to 1b2db8f3c133b37dbcec90ce058bc9c52861a08fad3c3a34dac3eb7f013e8e0b. The metadata is not deterministic and this needs to be fixed.
ERROR: When reparsing /home/deby/poky/meta-debian/recipes-kernel/linux-libc-headers/linux-libc-headers-base_git.bb.do_install, the basehash value changed from d4ac2419d45c0023d1ee718a8edea57dfddccf152580f522fad57190a9bec121 to a63951a58c8ff551eee07805f3f1d0ff0ee1ac66d4718a0b11cf2354ddabe923. The metadata is not deterministic and this needs to be fixed.
ERROR: When reparsing /home/deby/poky/meta-debian/recipes-kernel/linux-libc-headers/linux-libc-headers-base_git.bb.do_package, the basehash value changed from 8100d816d5c883c14a019e01e5d1e1328c11b002fc72679639fe14437e7ba158 to f6185877a785f580615e856b3c1824cee83ab7761d1dfa9b71e45e5b0ab510cc. The metadata is not deterministic and this needs to be fixed.
ERROR: When reparsing /home/deby/poky/meta-debian/recipes-kernel/linux-libc-headers/linux-libc-headers-base_git.bb.do_packagedata, the basehash value changed from dea47b85056fcb5685ad368c0f7dddaa5f08afb7007df237764bdd22a8886058 to 8472d99801451c12f50d7927d85a379e9489a8eddb8249a7a0f957a4b1e64d12. The metadata is not deterministic and this needs to be fixed.
ERROR: When reparsing /home/deby/poky/meta-debian/recipes-kernel/linux-libc-headers/linux-libc-headers-base_git.bb.do_package_write_deb, the basehash value changed from 116fd3c1d9ae606c6722e9186d6c1b77564d4eb7c915198c9f89ce9d500ad72d to a4b232c196e2b8690117a37b76f520a2aaa37ab3ca552d5d8e34557e0030f4f4. The metadata is not deterministic and this needs to be fixed.
NOTE: recipe linux-libc-headers-base-gitAUTOINC+2951eded01-r0: task do_package_write_deb_setscene: Started
NOTE: recipe libtool-cross-2.4.6-r0: task do_package_write_deb_setscene: Succeeded
NOTE: Running setscene task 189 of 392 (/home/deby/poky/meta-debian/recipes-debian/gcc/libgcc_debian.bb:do_package_write_deb_setscene)
NOTE: recipe linux-libc-headers-base-gitAUTOINC+2951eded01-r0: task do_package_write_deb_setscene: Succeeded
NOTE: Running setscene task 190 of 392 (/home/deby/poky/meta/recipes-core/util-linux/util-linux_2.32.1.bb:do_package_write_deb_setscene)
NOTE: recipe busybox-1.30.1-r0: task do_package_qa_setscene: Succeeded
NOTE: Running setscene task 191 of 392 (/home/deby/poky/meta-debian/recipes-debian/openssl/openssl_debian.bb:do_package_write_deb_setscene)
NOTE: recipe busybox-1.30.1-r0: task do_package_write_deb_setscene: Succeeded
NOTE: Running setscene task 192 of 392 (/home/deby/poky/meta-debian/recipes-debian/busybox/busybox_debian.bb:do_packagedata_setscene)
NOTE: recipe busybox-1.30.1-r0: task do_populate_lic_setscene: Succeeded
NOTE: Running setscene task 193 of 392 (/home/deby/poky/meta/recipes-support/gdbm/gdbm_1.18.1.bb:do_package_write_deb_setscene)
NOTE: recipe util-linux-2.32.1-r0: task do_package_write_deb_setscene: Started
NOTE: recipe busybox-1.30.1-r0: task do_packagedata_setscene: Started
NOTE: recipe busybox-1.30.1-r0: task do_populate_sysroot_setscene: Succeeded
NOTE: Running setscene task 194 of 392 (/home/deby/poky/meta/recipes-support/libffi/libffi_3.2.1.bb:do_package_write_deb_setscene)
NOTE: recipe libxcrypt-4.4.2-r0: task do_package_write_deb_setscene: Succeeded
NOTE: Running setscene task 195 of 392 (/home/deby/poky/meta-debian/recipes-debian/readline/readline_debian.bb:do_package_write_deb_setscene)
NOTE: recipe opkg-utils-0.4.0-r0: task do_package_write_deb_setscene: Succeeded
NOTE: Running setscene task 196 of 392 (/home/deby/poky/meta/recipes-extended/libtirpc/libtirpc_1.0.3.bb:do_package_write_deb_setscene)
NOTE: recipe libgcc-8.3.0-r0: task do_package_write_deb_setscene: Started
NOTE: recipe zlib-1.2.11-r0: task do_package_write_deb_setscene: Succeeded
NOTE: Running setscene task 197 of 392 (/home/deby/poky/meta/recipes-support/sqlite/sqlite3_3.27.2.bb:do_package_write_deb_setscene)
NOTE: recipe openssl-1.1.1c-r0: task do_package_write_deb_setscene: Started
NOTE: recipe gdbm-1.18.1-r0: task do_package_write_deb_setscene: Started
NOTE: recipe libffi-3.2.1-r0: task do_package_write_deb_setscene: Started
NOTE: recipe libtirpc-1.0.3-r0: task do_package_write_deb_setscene: Started
NOTE: recipe readline-7.0-r0: task do_package_write_deb_setscene: Started
NOTE: recipe bzip2-1.0.6-r0: task do_package_write_deb_setscene: Succeeded
NOTE: Running setscene task 198 of 392 (/home/deby/poky/meta/recipes-extended/libnsl/libnsl2_git.bb:do_package_write_deb_setscene)
NOTE: recipe xz-5.2.4-r0: task do_package_write_deb_setscene: Succeeded
NOTE: Running setscene task 199 of 392 (/home/deby/poky/meta-debian/recipes-debian/glibc/glibc-locale_debian.bb:do_package_write_deb_setscene)
NOTE: recipe glibc-2.28-r0: task do_package_write_deb_setscene: Succeeded
NOTE: Running setscene task 200 of 392 (/home/deby/poky/meta-debian/recipes-debian/make/make_debian.bb:do_package_write_deb_setscene)
NOTE: recipe libgcc-8.3.0-r0: task do_package_write_deb_setscene: Succeeded
NOTE: Running setscene task 201 of 392 (/home/deby/poky/meta/recipes-extended/bash/bash_4.4.18.bb:do_package_write_deb_setscene)
NOTE: recipe sqlite3-3_3.27.2-r0: task do_package_write_deb_setscene: Started
NOTE: recipe busybox-1.30.1-r0: task do_packagedata_setscene: Succeeded
NOTE: Running setscene task 203 of 392 (/home/deby/poky/meta/recipes-support/bash-completion/bash-completion_2.8.bb:do_package_write_deb_setscene)
NOTE: recipe libnsl2-1.2.0+gitAUTOINC+37c5ffe303-r0: task do_package_write_deb_setscene: Started
NOTE: recipe ncurses-6.1+20181013-r0: task do_package_write_deb_setscene: Succeeded
NOTE: Running setscene task 204 of 392 (/home/deby/poky/meta-debian/recipes-debian/bc/bc_debian.bb:do_package_write_deb_setscene)
NOTE: recipe glibc-locale-2.28-r0: task do_package_write_deb_setscene: Started
NOTE: recipe make-4.2.1-r0: task do_package_write_deb_setscene: Started
NOTE: recipe bc-1.07.1-r0: task do_package_write_deb_setscene: Started
NOTE: recipe bash-4.4.18-r0: task do_package_write_deb_setscene: Started
NOTE: recipe bash-completion-2.8-r0: task do_package_write_deb_setscene: Started
NOTE: recipe gcc-runtime-8.3.0-r0: task do_package_write_deb_setscene: Succeeded
NOTE: Running setscene task 206 of 392 (/home/deby/poky/meta/recipes-devtools/e2fsprogs/e2fsprogs_1.44.5.bb:do_package_write_deb_setscene)
NOTE: recipe libtirpc-1.0.3-r0: task do_package_write_deb_setscene: Succeeded
NOTE: Running setscene task 207 of 392 (/home/deby/poky/meta-debian/recipes-debian/procps/procps_debian.bb:do_package_write_deb_setscene)
NOTE: recipe gdbm-1.18.1-r0: task do_package_write_deb_setscene: Succeeded
NOTE: Running setscene task 208 of 392 (/home/deby/poky/meta-debian/recipes-kernel/linux/linux-base_git.bb:do_package_write_deb_setscene)
NOTE: recipe libffi-3.2.1-r0: task do_package_write_deb_setscene: Succeeded
NOTE: recipe procps-3.3.15-r0: task do_package_write_deb_setscene: Started
NOTE: Running setscene task 209 of 392 (/home/deby/poky/meta-debian/recipes-kernel/linux/linux-base_git.bb:do_deploy_setscene)
NOTE: recipe readline-7.0-r0: task do_package_write_deb_setscene: Succeeded
NOTE: Running setscene task 210 of 392 (/home/deby/poky/meta/recipes-kernel/kmod/kmod_git.bb:do_populate_sysroot_setscene)
NOTE: recipe kmod-26-r0: task do_populate_sysroot_setscene: Started
NOTE: recipe e2fsprogs-1.44.5-r0: task do_package_write_deb_setscene: Started
NOTE: recipe libnsl2-1.2.0+gitAUTOINC+37c5ffe303-r0: task do_package_write_deb_setscene: Succeeded
NOTE: Running setscene task 211 of 392 (/home/deby/poky/meta/recipes-kernel/kmod/kmod_git.bb:do_package_write_deb_setscene)
NOTE: recipe kmod-26-r0: task do_package_write_deb_setscene: Started
NOTE: recipe bc-1.07.1-r0: task do_package_write_deb_setscene: Succeeded
NOTE: Running setscene task 212 of 392 (/home/deby/poky/meta/recipes-extended/diffutils/diffutils_3.7.bb:do_package_write_deb_setscene)
NOTE: recipe make-4.2.1-r0: task do_package_write_deb_setscene: Succeeded
NOTE: Running setscene task 213 of 392 (/home/deby/poky/meta-debian/recipes-debian/glib-2.0/glib-2.0_debian.bb:do_package_write_deb_setscene)
ERROR: When reparsing /home/deby/poky/meta-debian/recipes-kernel/linux/linux-base_git.bb.do_patch, the basehash value changed from 794aba43c93b827ab8dad47165be6be0d8f92f251bd262635c22313e23128daa to ad76c34176c05413e9fb00995196d5015fc81c93587134874abe5c331acef982. The metadata is not deterministic and this needs to be fixed.
ERROR: When reparsing /home/deby/poky/meta-debian/recipes-kernel/linux/linux-base_git.bb.do_populate_sysroot, the basehash value changed from 96ae5989db59a4582df46584ca3325947fffbed0a000494837e2e2e2ff48ef6e to d8df6a88299855c93f0a9f93fc956afb58fc69d5d068daca022df56d1a636b25. The metadata is not deterministic and this needs to be fixed.
ERROR: When reparsing /home/deby/poky/meta-debian/recipes-kernel/linux/linux-base_git.bb.do_fetch, the basehash value changed from aad8878fe52148b38fc844e2ab512aac266b06991f6c5dbe39d11ebae18b4a6f to 956a0811412a55d150cf540334dba01ab6e9971145c6d96047321b1ee51f001c. The metadata is not deterministic and this needs to be fixed.
ERROR: When reparsing /home/deby/poky/meta-debian/recipes-kernel/linux/linux-base_git.bb.do_configure, the basehash value changed from 0f8762f12ebc8d7d74a2ba8a076d0c5e47671af5de068f7ecff2a025f068d763 to d043ab6006f06ff581a538af73508e0d72cf53ba35bd4af2f32da556055abc5f. The metadata is not deterministic and this needs to be fixed.
ERROR: When reparsing /home/deby/poky/meta-debian/recipes-kernel/linux/linux-base_git.bb.do_compile, the basehash value changed from 4d3e69fea14601c1a0bec7ede3aaafc7c0b0e9af604a14ed9773dd53c417e2da to 4ca8673fff5b6dd1a9e43d6c9f7ab78064209a5c300df13d4eabae280cf95a0e. The metadata is not deterministic and this needs to be fixed.
ERROR: When reparsing /home/deby/poky/meta-debian/recipes-kernel/linux/linux-base_git.bb.do_install, the basehash value changed from 6b894d8cb7aae480f7386876dbaa4bf04c543f42045ef08d01f92fd416e20baa to fa9a7e434f50e21faa163684a3940d41567db41e8354a506db7b98cd05c0e793. The metadata is not deterministic and this needs to be fixed.
ERROR: When reparsing /home/deby/poky/meta-debian/recipes-kernel/linux/linux-base_git.bb.do_package, the basehash value changed from 41ca29442fe1f16298b5fb6fd120622216891d9d590ec139ce49fd26de90089b to 40dc95588b0a231f4b799aa52b8810ac886844b05203b470f337c007ece26bf8. The metadata is not deterministic and this needs to be fixed.
ERROR: When reparsing /home/deby/poky/meta-debian/recipes-kernel/linux/linux-base_git.bb.do_packagedata, the basehash value changed from acf8e979d600e9c0a80cd91a4381a7da7502e3f316be68a46d38055db3d3917d to dbdf2330628839073fb631e6a8a5eec4b629aac20e814b2be0ca42011407803b. The metadata is not deterministic and this needs to be fixed.
ERROR: When reparsing /home/deby/poky/meta-debian/recipes-kernel/linux/linux-base_git.bb.do_package_write_deb, the basehash value changed from caa393d2be67b90726c65b809021065d60571a1613bba43479376b28a2b593ba to 6de24e6620985b79beb7a0ee24b21b017f94e0b1da74d7c17b14d31e3229b6e1. The metadata is not deterministic and this needs to be fixed.
ERROR: When reparsing /home/deby/poky/meta-debian/recipes-kernel/linux/linux-base_git.bb.do_bundle_initramfs, the basehash value changed from b63350460b5e557d74403cbf47bf4402bbe31aa32971a3dcd9dba61cc5196c1f to 56c45921ca247b81dedb432852a3964d8121ba91d305b0729d453f105ca786de. The metadata is not deterministic and this needs to be fixed.
ERROR: When reparsing /home/deby/poky/meta-debian/recipes-kernel/linux/linux-base_git.bb.do_compile_kernelmodules, the basehash value changed from cea38984fdd54241d9dfa4bfcb6f2ea05f736b87799d170464bdbf6125c00be3 to 6fd68cd1806e3612def097ab4e8d99a92717ffe8b76bc65b6bb217c079e8d8fa. The metadata is not deterministic and this needs to be fixed.
ERROR: When reparsing /home/deby/poky/meta-debian/recipes-kernel/linux/linux-base_git.bb.do_shared_workdir, the basehash value changed from fcf2dcdfa0f3ded92fedbd191f75020918cb3c635daa22bec52b9f62dad4d669 to 1bcc289f9bed428d5669e59ff75bf32c18df421cd5c3d767d9512a2c8e050ba5. The metadata is not deterministic and this needs to be fixed.
ERROR: When reparsing /home/deby/poky/meta-debian/recipes-kernel/linux/linux-base_git.bb.do_kernel_link_images, the basehash value changed from 24fdd493ab5fd7958c53ded1c0874f0d3161090cdace54a5d26cce53624d9de7 to fb2a5ba1beb6a8df51b59fbb33d3bb826d83d3f829d58e24d2943947ce09067e. The metadata is not deterministic and this needs to be fixed.
ERROR: When reparsing /home/deby/poky/meta-debian/recipes-kernel/linux/linux-base_git.bb.do_strip, the basehash value changed from b00984463144bb33f839480dc6024ec046614b6560fb952c92fee037df52afd2 to b33d48fbbdf123be3a52c912d81b7669f0fcd290d9592336c701f6daa6f91ee5. The metadata is not deterministic and this needs to be fixed.
ERROR: When reparsing /home/deby/poky/meta-debian/recipes-kernel/linux/linux-base_git.bb.do_sizecheck, the basehash value changed from 74b190a93f2d93b2d9e6803ed6da4a87ef9ccf24eea12327e1f105a8e6c69e1f to 66393ddfce927696c596eed36c3dc07cc8ec1e1e72d3af2a1245cc1a0e7f1cdd. The metadata is not deterministic and this needs to be fixed.
ERROR: When reparsing /home/deby/poky/meta-debian/recipes-kernel/linux/linux-base_git.bb.do_deploy, the basehash value changed from ee6ff3254c509a6dc4a586389eda347e8a79738fb25e563a770dc2b7b147bde4 to f3cafd9913b8358ec84f7b958a7ebbac3f5cc253b5a26d55865c51f0a8533a7b. The metadata is not deterministic and this needs to be fixed.
NOTE: recipe glib-2.0-2.58.3-r0: task do_package_write_deb_setscene: Started
NOTE: recipe linux-base-gitAUTOINC+2951eded01-r0: task do_package_write_deb_setscene: Started
ERROR: When reparsing /home/deby/poky/meta-debian/recipes-kernel/linux/linux-base_git.bb.do_patch, the basehash value changed from 794aba43c93b827ab8dad47165be6be0d8f92f251bd262635c22313e23128daa to ad76c34176c05413e9fb00995196d5015fc81c93587134874abe5c331acef982. The metadata is not deterministic and this needs to be fixed.
ERROR: When reparsing /home/deby/poky/meta-debian/recipes-kernel/linux/linux-base_git.bb.do_populate_sysroot, the basehash value changed from 96ae5989db59a4582df46584ca3325947fffbed0a000494837e2e2e2ff48ef6e to d8df6a88299855c93f0a9f93fc956afb58fc69d5d068daca022df56d1a636b25. The metadata is not deterministic and this needs to be fixed.
ERROR: When reparsing /home/deby/poky/meta-debian/recipes-kernel/linux/linux-base_git.bb.do_fetch, the basehash value changed from aad8878fe52148b38fc844e2ab512aac266b06991f6c5dbe39d11ebae18b4a6f to 956a0811412a55d150cf540334dba01ab6e9971145c6d96047321b1ee51f001c. The metadata is not deterministic and this needs to be fixed.
ERROR: When reparsing /home/deby/poky/meta-debian/recipes-kernel/linux/linux-base_git.bb.do_configure, the basehash value changed from 0f8762f12ebc8d7d74a2ba8a076d0c5e47671af5de068f7ecff2a025f068d763 to d043ab6006f06ff581a538af73508e0d72cf53ba35bd4af2f32da556055abc5f. The metadata is not deterministic and this needs to be fixed.
ERROR: When reparsing /home/deby/poky/meta-debian/recipes-kernel/linux/linux-base_git.bb.do_compile, the basehash value changed from 4d3e69fea14601c1a0bec7ede3aaafc7c0b0e9af604a14ed9773dd53c417e2da to 4ca8673fff5b6dd1a9e43d6c9f7ab78064209a5c300df13d4eabae280cf95a0e. The metadata is not deterministic and this needs to be fixed.
ERROR: When reparsing /home/deby/poky/meta-debian/recipes-kernel/linux/linux-base_git.bb.do_install, the basehash value changed from 6b894d8cb7aae480f7386876dbaa4bf04c543f42045ef08d01f92fd416e20baa to fa9a7e434f50e21faa163684a3940d41567db41e8354a506db7b98cd05c0e793. The metadata is not deterministic and this needs to be fixed.
ERROR: When reparsing /home/deby/poky/meta-debian/recipes-kernel/linux/linux-base_git.bb.do_package, the basehash value changed from 41ca29442fe1f16298b5fb6fd120622216891d9d590ec139ce49fd26de90089b to 40dc95588b0a231f4b799aa52b8810ac886844b05203b470f337c007ece26bf8. The metadata is not deterministic and this needs to be fixed.
ERROR: When reparsing /home/deby/poky/meta-debian/recipes-kernel/linux/linux-base_git.bb.do_packagedata, the basehash value changed from acf8e979d600e9c0a80cd91a4381a7da7502e3f316be68a46d38055db3d3917d to dbdf2330628839073fb631e6a8a5eec4b629aac20e814b2be0ca42011407803b. The metadata is not deterministic and this needs to be fixed.
ERROR: When reparsing /home/deby/poky/meta-debian/recipes-kernel/linux/linux-base_git.bb.do_package_write_deb, the basehash value changed from caa393d2be67b90726c65b809021065d60571a1613bba43479376b28a2b593ba to 6de24e6620985b79beb7a0ee24b21b017f94e0b1da74d7c17b14d31e3229b6e1. The metadata is not deterministic and this needs to be fixed.
ERROR: When reparsing /home/deby/poky/meta-debian/recipes-kernel/linux/linux-base_git.bb.do_bundle_initramfs, the basehash value changed from b63350460b5e557d74403cbf47bf4402bbe31aa32971a3dcd9dba61cc5196c1f to 56c45921ca247b81dedb432852a3964d8121ba91d305b0729d453f105ca786de. The metadata is not deterministic and this needs to be fixed.
ERROR: When reparsing /home/deby/poky/meta-debian/recipes-kernel/linux/linux-base_git.bb.do_compile_kernelmodules, the basehash value changed from cea38984fdd54241d9dfa4bfcb6f2ea05f736b87799d170464bdbf6125c00be3 to 6fd68cd1806e3612def097ab4e8d99a92717ffe8b76bc65b6bb217c079e8d8fa. The metadata is not deterministic and this needs to be fixed.
ERROR: When reparsing /home/deby/poky/meta-debian/recipes-kernel/linux/linux-base_git.bb.do_shared_workdir, the basehash value changed from fcf2dcdfa0f3ded92fedbd191f75020918cb3c635daa22bec52b9f62dad4d669 to 1bcc289f9bed428d5669e59ff75bf32c18df421cd5c3d767d9512a2c8e050ba5. The metadata is not deterministic and this needs to be fixed.
ERROR: When reparsing /home/deby/poky/meta-debian/recipes-kernel/linux/linux-base_git.bb.do_kernel_link_images, the basehash value changed from 24fdd493ab5fd7958c53ded1c0874f0d3161090cdace54a5d26cce53624d9de7 to fb2a5ba1beb6a8df51b59fbb33d3bb826d83d3f829d58e24d2943947ce09067e. The metadata is not deterministic and this needs to be fixed.
ERROR: When reparsing /home/deby/poky/meta-debian/recipes-kernel/linux/linux-base_git.bb.do_strip, the basehash value changed from b00984463144bb33f839480dc6024ec046614b6560fb952c92fee037df52afd2 to b33d48fbbdf123be3a52c912d81b7669f0fcd290d9592336c701f6daa6f91ee5. The metadata is not deterministic and this needs to be fixed.
ERROR: When reparsing /home/deby/poky/meta-debian/recipes-kernel/linux/linux-base_git.bb.do_sizecheck, the basehash value changed from 74b190a93f2d93b2d9e6803ed6da4a87ef9ccf24eea12327e1f105a8e6c69e1f to 66393ddfce927696c596eed36c3dc07cc8ec1e1e72d3af2a1245cc1a0e7f1cdd. The metadata is not deterministic and this needs to be fixed.
ERROR: When reparsing /home/deby/poky/meta-debian/recipes-kernel/linux/linux-base_git.bb.do_deploy, the basehash value changed from ee6ff3254c509a6dc4a586389eda347e8a79738fb25e563a770dc2b7b147bde4 to f3cafd9913b8358ec84f7b958a7ebbac3f5cc253b5a26d55865c51f0a8533a7b. The metadata is not deterministic and this needs to be fixed.
NOTE: recipe linux-base-gitAUTOINC+2951eded01-r0: task do_deploy_setscene: Started
NOTE: recipe diffutils-3.7-r0: task do_package_write_deb_setscene: Started
NOTE: recipe linux-base-gitAUTOINC+2951eded01-r0: task do_deploy_setscene: Succeeded
NOTE: Running setscene task 214 of 392 (/home/deby/poky/meta-debian/recipes-kernel/linux/linux-base_git.bb:do_populate_sysroot_setscene)
ERROR: When reparsing /home/deby/poky/meta-debian/recipes-kernel/linux/linux-base_git.bb.do_patch, the basehash value changed from 794aba43c93b827ab8dad47165be6be0d8f92f251bd262635c22313e23128daa to ad76c34176c05413e9fb00995196d5015fc81c93587134874abe5c331acef982. The metadata is not deterministic and this needs to be fixed.
ERROR: When reparsing /home/deby/poky/meta-debian/recipes-kernel/linux/linux-base_git.bb.do_populate_sysroot, the basehash value changed from 96ae5989db59a4582df46584ca3325947fffbed0a000494837e2e2e2ff48ef6e to d8df6a88299855c93f0a9f93fc956afb58fc69d5d068daca022df56d1a636b25. The metadata is not deterministic and this needs to be fixed.
ERROR: When reparsing /home/deby/poky/meta-debian/recipes-kernel/linux/linux-base_git.bb.do_fetch, the basehash value changed from aad8878fe52148b38fc844e2ab512aac266b06991f6c5dbe39d11ebae18b4a6f to 956a0811412a55d150cf540334dba01ab6e9971145c6d96047321b1ee51f001c. The metadata is not deterministic and this needs to be fixed.
ERROR: When reparsing /home/deby/poky/meta-debian/recipes-kernel/linux/linux-base_git.bb.do_configure, the basehash value changed from 0f8762f12ebc8d7d74a2ba8a076d0c5e47671af5de068f7ecff2a025f068d763 to d043ab6006f06ff581a538af73508e0d72cf53ba35bd4af2f32da556055abc5f. The metadata is not deterministic and this needs to be fixed.
ERROR: When reparsing /home/deby/poky/meta-debian/recipes-kernel/linux/linux-base_git.bb.do_compile, the basehash value changed from 4d3e69fea14601c1a0bec7ede3aaafc7c0b0e9af604a14ed9773dd53c417e2da to 4ca8673fff5b6dd1a9e43d6c9f7ab78064209a5c300df13d4eabae280cf95a0e. The metadata is not deterministic and this needs to be fixed.
ERROR: When reparsing /home/deby/poky/meta-debian/recipes-kernel/linux/linux-base_git.bb.do_install, the basehash value changed from 6b894d8cb7aae480f7386876dbaa4bf04c543f42045ef08d01f92fd416e20baa to fa9a7e434f50e21faa163684a3940d41567db41e8354a506db7b98cd05c0e793. The metadata is not deterministic and this needs to be fixed.
ERROR: When reparsing /home/deby/poky/meta-debian/recipes-kernel/linux/linux-base_git.bb.do_package, the basehash value changed from 41ca29442fe1f16298b5fb6fd120622216891d9d590ec139ce49fd26de90089b to 40dc95588b0a231f4b799aa52b8810ac886844b05203b470f337c007ece26bf8. The metadata is not deterministic and this needs to be fixed.
ERROR: When reparsing /home/deby/poky/meta-debian/recipes-kernel/linux/linux-base_git.bb.do_packagedata, the basehash value changed from acf8e979d600e9c0a80cd91a4381a7da7502e3f316be68a46d38055db3d3917d to dbdf2330628839073fb631e6a8a5eec4b629aac20e814b2be0ca42011407803b. The metadata is not deterministic and this needs to be fixed.
ERROR: When reparsing /home/deby/poky/meta-debian/recipes-kernel/linux/linux-base_git.bb.do_package_write_deb, the basehash value changed from caa393d2be67b90726c65b809021065d60571a1613bba43479376b28a2b593ba to 6de24e6620985b79beb7a0ee24b21b017f94e0b1da74d7c17b14d31e3229b6e1. The metadata is not deterministic and this needs to be fixed.
ERROR: When reparsing /home/deby/poky/meta-debian/recipes-kernel/linux/linux-base_git.bb.do_bundle_initramfs, the basehash value changed from b63350460b5e557d74403cbf47bf4402bbe31aa32971a3dcd9dba61cc5196c1f to 56c45921ca247b81dedb432852a3964d8121ba91d305b0729d453f105ca786de. The metadata is not deterministic and this needs to be fixed.
ERROR: When reparsing /home/deby/poky/meta-debian/recipes-kernel/linux/linux-base_git.bb.do_compile_kernelmodules, the basehash value changed from cea38984fdd54241d9dfa4bfcb6f2ea05f736b87799d170464bdbf6125c00be3 to 6fd68cd1806e3612def097ab4e8d99a92717ffe8b76bc65b6bb217c079e8d8fa. The metadata is not deterministic and this needs to be fixed.
ERROR: When reparsing /home/deby/poky/meta-debian/recipes-kernel/linux/linux-base_git.bb.do_shared_workdir, the basehash value changed from fcf2dcdfa0f3ded92fedbd191f75020918cb3c635daa22bec52b9f62dad4d669 to 1bcc289f9bed428d5669e59ff75bf32c18df421cd5c3d767d9512a2c8e050ba5. The metadata is not deterministic and this needs to be fixed.
ERROR: When reparsing /home/deby/poky/meta-debian/recipes-kernel/linux/linux-base_git.bb.do_kernel_link_images, the basehash value changed from 24fdd493ab5fd7958c53ded1c0874f0d3161090cdace54a5d26cce53624d9de7 to fb2a5ba1beb6a8df51b59fbb33d3bb826d83d3f829d58e24d2943947ce09067e. The metadata is not deterministic and this needs to be fixed.
ERROR: When reparsing /home/deby/poky/meta-debian/recipes-kernel/linux/linux-base_git.bb.do_strip, the basehash value changed from b00984463144bb33f839480dc6024ec046614b6560fb952c92fee037df52afd2 to b33d48fbbdf123be3a52c912d81b7669f0fcd290d9592336c701f6daa6f91ee5. The metadata is not deterministic and this needs to be fixed.
ERROR: When reparsing /home/deby/poky/meta-debian/recipes-kernel/linux/linux-base_git.bb.do_sizecheck, the basehash value changed from 74b190a93f2d93b2d9e6803ed6da4a87ef9ccf24eea12327e1f105a8e6c69e1f to 66393ddfce927696c596eed36c3dc07cc8ec1e1e72d3af2a1245cc1a0e7f1cdd. The metadata is not deterministic and this needs to be fixed.
ERROR: When reparsing /home/deby/poky/meta-debian/recipes-kernel/linux/linux-base_git.bb.do_deploy, the basehash value changed from ee6ff3254c509a6dc4a586389eda347e8a79738fb25e563a770dc2b7b147bde4 to f3cafd9913b8358ec84f7b958a7ebbac3f5cc253b5a26d55865c51f0a8533a7b. The metadata is not deterministic and this needs to be fixed.
NOTE: recipe linux-base-gitAUTOINC+2951eded01-r0: task do_populate_sysroot_setscene: Started
NOTE: recipe linux-base-gitAUTOINC+2951eded01-r0: task do_populate_sysroot_setscene: Succeeded
NOTE: Running setscene task 215 of 392 (/home/deby/poky/meta-debian/recipes-debian/libxml/libxml2_debian.bb:do_package_write_deb_setscene)
NOTE: recipe linux-base-gitAUTOINC+2951eded01-r0: task do_package_write_deb_setscene: Succeeded
NOTE: Running setscene task 216 of 392 (/home/deby/poky/meta/recipes-support/attr/attr_2.4.47.bb:do_package_write_deb_setscene)
NOTE: recipe libxml2-2.9.4-r0: task do_package_write_deb_setscene: Started
NOTE: recipe procps-3.3.15-r0: task do_package_write_deb_setscene: Succeeded
NOTE: Running setscene task 218 of 392 (/home/deby/poky/meta-debian/recipes-debian/gmp/gmp_debian.bb:do_package_write_deb_setscene)
NOTE: recipe kmod-26-r0: task do_package_write_deb_setscene: Succeeded
NOTE: Running setscene task 219 of 392 (/home/deby/poky/meta/recipes-support/libpcre/libpcre_8.43.bb:do_package_write_deb_setscene)
NOTE: recipe attr-2.4.47-r0: task do_package_write_deb_setscene: Started
NOTE: recipe gmp-6.1.2-r0: task do_package_write_deb_setscene: Started
NOTE: recipe diffutils-3.7-r0: task do_package_write_deb_setscene: Succeeded
NOTE: Running setscene task 221 of 392 (/home/deby/poky/meta/recipes-support/lzo/lzo_2.10.bb:do_package_write_deb_setscene)
NOTE: recipe python3-3.7.2-r0: task do_package_write_deb_setscene: Succeeded
NOTE: Running setscene task 222 of 392 (/home/deby/poky/meta/recipes-support/ca-certificates/ca-certificates_20190110.bb:do_packagedata_setscene)
NOTE: recipe lzo-2.10-r0: task do_package_write_deb_setscene: Started
NOTE: recipe libpcre-8.43-r0: task do_package_write_deb_setscene: Started
NOTE: recipe ca-certificates-20190110-r0: task do_packagedata_setscene: Started
NOTE: recipe bash-completion-2.8-r0: task do_package_write_deb_setscene: Succeeded
NOTE: Running setscene task 223 of 392 (/home/deby/poky/meta/recipes-core/base-files/base-files_3.0.14.bb:do_package_write_deb_setscene)
NOTE: recipe kmod-26-r0: task do_populate_sysroot_setscene: Succeeded
NOTE: Running setscene task 224 of 392 (/home/deby/poky/meta/recipes-support/shared-mime-info/shared-mime-info_1.10.bb:do_package_write_deb_setscene)
NOTE: recipe sqlite3-3_3.27.2-r0: task do_package_write_deb_setscene: Succeeded
NOTE: Running setscene task 225 of 392 (/home/deby/poky/meta-debian/recipes-debian/dbus/dbus_debian.bb:do_package_write_deb_setscene)
NOTE: recipe base-files-3.0.14-r89: task do_package_write_deb_setscene: Started
NOTE: recipe dbus-1.12.16-r0: task do_package_write_deb_setscene: Started
NOTE: recipe bash-4.4.18-r0: task do_package_write_deb_setscene: Succeeded
NOTE: Running setscene task 226 of 392 (/home/deby/poky/meta/recipes-extended/shadow/shadow_4.6.bb:do_package_write_deb_setscene)
NOTE: recipe ca-certificates-20190110-r0: task do_packagedata_setscene: Succeeded
NOTE: Running setscene task 228 of 392 (/home/deby/poky/meta-debian/recipes-debian/libtool/libtool_debian.bb:do_populate_sysroot_setscene)
NOTE: recipe shared-mime-info-1.10-r0: task do_package_write_deb_setscene: Started
NOTE: recipe gmp-6.1.2-r0: task do_package_write_deb_setscene: Succeeded
NOTE: recipe libpcre-8.43-r0: task do_package_write_deb_setscene: Succeeded
NOTE: Running setscene task 229 of 392 (/home/deby/poky/meta-debian/recipes-debian/gmp/gmp_debian.bb:do_packagedata_setscene)
NOTE: Running setscene task 230 of 392 (/home/deby/poky/meta-debian/recipes-debian/libtool/libtool_debian.bb:do_package_write_deb_setscene)
NOTE: recipe e2fsprogs-1.44.5-r0: task do_package_write_deb_setscene: Succeeded
NOTE: recipe attr-2.4.47-r0: task do_package_write_deb_setscene: Succeeded
NOTE: Running setscene task 231 of 392 (/home/deby/poky/meta/recipes-extended/diffutils/diffutils_3.7.bb:do_packagedata_setscene)
NOTE: recipe shadow-4.6-r0: task do_package_write_deb_setscene: Started
NOTE: recipe util-linux-2.32.1-r0: task do_package_write_deb_setscene: Succeeded
NOTE: Running setscene task 232 of 392 (/home/deby/poky/meta-debian/recipes-debian/bc/bc_debian.bb:do_packagedata_setscene)
NOTE: Running setscene task 233 of 392 (/home/deby/poky/meta-debian/recipes-debian/make/make_debian.bb:do_packagedata_setscene)
NOTE: recipe gmp-6.1.2-r0: task do_packagedata_setscene: Started
NOTE: recipe base-files-3.0.14-r89: task do_package_write_deb_setscene: Succeeded
NOTE: Running setscene task 234 of 392 (/home/deby/poky/meta/recipes-devtools/e2fsprogs/e2fsprogs_1.44.5.bb:do_packagedata_setscene)
NOTE: recipe diffutils-3.7-r0: task do_packagedata_setscene: Started
NOTE: recipe bc-1.07.1-r0: task do_packagedata_setscene: Started
NOTE: recipe libtool-2.4.6-r0: task do_populate_sysroot_setscene: Started
NOTE: recipe libtool-2.4.6-r0: task do_package_write_deb_setscene: Started
NOTE: recipe make-4.2.1-r0: task do_packagedata_setscene: Started
NOTE: recipe lzo-2.10-r0: task do_package_write_deb_setscene: Succeeded
NOTE: Running setscene task 235 of 392 (/home/deby/poky/meta-debian/recipes-debian/procps/procps_debian.bb:do_packagedata_setscene)
NOTE: recipe e2fsprogs-1.44.5-r0: task do_packagedata_setscene: Started
NOTE: recipe libxml2-2.9.4-r0: task do_package_write_deb_setscene: Succeeded
NOTE: Running setscene task 236 of 392 (/home/deby/poky/meta-debian/recipes-kernel/linux/linux-base_git.bb:do_packagedata_setscene)
NOTE: recipe procps-3.3.15-r0: task do_packagedata_setscene: Started
NOTE: recipe dbus-1.12.16-r0: task do_package_write_deb_setscene: Succeeded
NOTE: Running setscene task 237 of 392 (/home/deby/poky/meta/recipes-kernel/kmod/kmod_git.bb:do_packagedata_setscene)
ERROR: When reparsing /home/deby/poky/meta-debian/recipes-kernel/linux/linux-base_git.bb.do_patch, the basehash value changed from 794aba43c93b827ab8dad47165be6be0d8f92f251bd262635c22313e23128daa to ad76c34176c05413e9fb00995196d5015fc81c93587134874abe5c331acef982. The metadata is not deterministic and this needs to be fixed.
ERROR: When reparsing /home/deby/poky/meta-debian/recipes-kernel/linux/linux-base_git.bb.do_populate_sysroot, the basehash value changed from 96ae5989db59a4582df46584ca3325947fffbed0a000494837e2e2e2ff48ef6e to d8df6a88299855c93f0a9f93fc956afb58fc69d5d068daca022df56d1a636b25. The metadata is not deterministic and this needs to be fixed.
ERROR: When reparsing /home/deby/poky/meta-debian/recipes-kernel/linux/linux-base_git.bb.do_fetch, the basehash value changed from aad8878fe52148b38fc844e2ab512aac266b06991f6c5dbe39d11ebae18b4a6f to 956a0811412a55d150cf540334dba01ab6e9971145c6d96047321b1ee51f001c. The metadata is not deterministic and this needs to be fixed.
ERROR: When reparsing /home/deby/poky/meta-debian/recipes-kernel/linux/linux-base_git.bb.do_configure, the basehash value changed from 0f8762f12ebc8d7d74a2ba8a076d0c5e47671af5de068f7ecff2a025f068d763 to d043ab6006f06ff581a538af73508e0d72cf53ba35bd4af2f32da556055abc5f. The metadata is not deterministic and this needs to be fixed.
ERROR: When reparsing /home/deby/poky/meta-debian/recipes-kernel/linux/linux-base_git.bb.do_compile, the basehash value changed from 4d3e69fea14601c1a0bec7ede3aaafc7c0b0e9af604a14ed9773dd53c417e2da to 4ca8673fff5b6dd1a9e43d6c9f7ab78064209a5c300df13d4eabae280cf95a0e. The metadata is not deterministic and this needs to be fixed.
ERROR: When reparsing /home/deby/poky/meta-debian/recipes-kernel/linux/linux-base_git.bb.do_install, the basehash value changed from 6b894d8cb7aae480f7386876dbaa4bf04c543f42045ef08d01f92fd416e20baa to fa9a7e434f50e21faa163684a3940d41567db41e8354a506db7b98cd05c0e793. The metadata is not deterministic and this needs to be fixed.
ERROR: When reparsing /home/deby/poky/meta-debian/recipes-kernel/linux/linux-base_git.bb.do_package, the basehash value changed from 41ca29442fe1f16298b5fb6fd120622216891d9d590ec139ce49fd26de90089b to 40dc95588b0a231f4b799aa52b8810ac886844b05203b470f337c007ece26bf8. The metadata is not deterministic and this needs to be fixed.
ERROR: When reparsing /home/deby/poky/meta-debian/recipes-kernel/linux/linux-base_git.bb.do_packagedata, the basehash value changed from acf8e979d600e9c0a80cd91a4381a7da7502e3f316be68a46d38055db3d3917d to dbdf2330628839073fb631e6a8a5eec4b629aac20e814b2be0ca42011407803b. The metadata is not deterministic and this needs to be fixed.
ERROR: When reparsing /home/deby/poky/meta-debian/recipes-kernel/linux/linux-base_git.bb.do_package_write_deb, the basehash value changed from caa393d2be67b90726c65b809021065d60571a1613bba43479376b28a2b593ba to 6de24e6620985b79beb7a0ee24b21b017f94e0b1da74d7c17b14d31e3229b6e1. The metadata is not deterministic and this needs to be fixed.
ERROR: When reparsing /home/deby/poky/meta-debian/recipes-kernel/linux/linux-base_git.bb.do_bundle_initramfs, the basehash value changed from b63350460b5e557d74403cbf47bf4402bbe31aa32971a3dcd9dba61cc5196c1f to 56c45921ca247b81dedb432852a3964d8121ba91d305b0729d453f105ca786de. The metadata is not deterministic and this needs to be fixed.
ERROR: When reparsing /home/deby/poky/meta-debian/recipes-kernel/linux/linux-base_git.bb.do_compile_kernelmodules, the basehash value changed from cea38984fdd54241d9dfa4bfcb6f2ea05f736b87799d170464bdbf6125c00be3 to 6fd68cd1806e3612def097ab4e8d99a92717ffe8b76bc65b6bb217c079e8d8fa. The metadata is not deterministic and this needs to be fixed.
ERROR: When reparsing /home/deby/poky/meta-debian/recipes-kernel/linux/linux-base_git.bb.do_shared_workdir, the basehash value changed from fcf2dcdfa0f3ded92fedbd191f75020918cb3c635daa22bec52b9f62dad4d669 to 1bcc289f9bed428d5669e59ff75bf32c18df421cd5c3d767d9512a2c8e050ba5. The metadata is not deterministic and this needs to be fixed.
ERROR: When reparsing /home/deby/poky/meta-debian/recipes-kernel/linux/linux-base_git.bb.do_kernel_link_images, the basehash value changed from 24fdd493ab5fd7958c53ded1c0874f0d3161090cdace54a5d26cce53624d9de7 to fb2a5ba1beb6a8df51b59fbb33d3bb826d83d3f829d58e24d2943947ce09067e. The metadata is not deterministic and this needs to be fixed.
ERROR: When reparsing /home/deby/poky/meta-debian/recipes-kernel/linux/linux-base_git.bb.do_strip, the basehash value changed from b00984463144bb33f839480dc6024ec046614b6560fb952c92fee037df52afd2 to b33d48fbbdf123be3a52c912d81b7669f0fcd290d9592336c701f6daa6f91ee5. The metadata is not deterministic and this needs to be fixed.
ERROR: When reparsing /home/deby/poky/meta-debian/recipes-kernel/linux/linux-base_git.bb.do_sizecheck, the basehash value changed from 74b190a93f2d93b2d9e6803ed6da4a87ef9ccf24eea12327e1f105a8e6c69e1f to 66393ddfce927696c596eed36c3dc07cc8ec1e1e72d3af2a1245cc1a0e7f1cdd. The metadata is not deterministic and this needs to be fixed.
ERROR: When reparsing /home/deby/poky/meta-debian/recipes-kernel/linux/linux-base_git.bb.do_deploy, the basehash value changed from ee6ff3254c509a6dc4a586389eda347e8a79738fb25e563a770dc2b7b147bde4 to f3cafd9913b8358ec84f7b958a7ebbac3f5cc253b5a26d55865c51f0a8533a7b. The metadata is not deterministic and this needs to be fixed.
NOTE: recipe linux-base-gitAUTOINC+2951eded01-r0: task do_packagedata_setscene: Started
NOTE: recipe kmod-26-r0: task do_packagedata_setscene: Started
NOTE: recipe glib-2.0-2.58.3-r0: task do_package_write_deb_setscene: Succeeded
NOTE: Running setscene task 238 of 392 (/home/deby/poky/meta/recipes-support/lzo/lzo_2.10.bb:do_packagedata_setscene)
NOTE: recipe libtool-2.4.6-r0: task do_populate_sysroot_setscene: Succeeded
NOTE: recipe lzo-2.10-r0: task do_packagedata_setscene: Started
NOTE: Running setscene task 239 of 392 (/home/deby/poky/meta/recipes-core/base-passwd/base-passwd_3.5.29.bb:do_populate_sysroot_setscene)
NOTE: recipe shared-mime-info-1.10-r0: task do_package_write_deb_setscene: Succeeded
NOTE: Running setscene task 240 of 392 (/home/deby/poky/meta/recipes-support/shared-mime-info/shared-mime-info_1.10.bb:do_packagedata_setscene)
NOTE: recipe base-passwd-3.5.29-r0: task do_populate_sysroot_setscene: Started
NOTE: recipe shared-mime-info-1.10-r0: task do_packagedata_setscene: Started
NOTE: recipe libtool-2.4.6-r0: task do_package_write_deb_setscene: Succeeded
NOTE: Running setscene task 241 of 392 (/home/deby/poky/meta-debian/recipes-debian/libtool/libtool_debian.bb:do_packagedata_setscene)
NOTE: recipe libtool-2.4.6-r0: task do_packagedata_setscene: Started
NOTE: recipe base-passwd-3.5.29-r0: task do_populate_sysroot_setscene: Succeeded
NOTE: Running setscene task 242 of 392 (/home/deby/poky/meta/recipes-core/base-passwd/base-passwd_3.5.29.bb:do_package_write_deb_setscene)
NOTE: recipe base-passwd-3.5.29-r0: task do_package_write_deb_setscene: Started
NOTE: recipe diffutils-3.7-r0: task do_packagedata_setscene: Succeeded
NOTE: Running setscene task 244 of 392 (/home/deby/poky/meta/recipes-extended/shadow/shadow-sysroot_4.6.bb:do_populate_sysroot_setscene)
NOTE: recipe gmp-6.1.2-r0: task do_packagedata_setscene: Succeeded
NOTE: Running setscene task 246 of 392 (/home/deby/poky/meta/recipes-extended/shadow/shadow-sysroot_4.6.bb:do_package_write_deb_setscene)
NOTE: recipe shadow-sysroot-4.6-r3: task do_populate_sysroot_setscene: Started
NOTE: recipe shadow-sysroot-4.6-r3: task do_package_write_deb_setscene: Started
NOTE: recipe shadow-sysroot-4.6-r3: task do_package_write_deb_setscene: Succeeded
NOTE: Running setscene task 247 of 392 (/home/deby/poky/meta/recipes-graphics/xorg-lib/libx11_1.6.7.bb:do_package_write_deb_setscene)
NOTE: recipe shadow-4.6-r0: task do_package_write_deb_setscene: Succeeded
NOTE: Running setscene task 248 of 392 (/home/deby/poky/meta/recipes-graphics/xorg-lib/libsm_1.2.3.bb:do_package_write_deb_setscene)
NOTE: recipe openssl-1.1.1c-r0: task do_package_write_deb_setscene: Succeeded
NOTE: Running setscene task 249 of 392 (/home/deby/poky/meta/recipes-extended/bash/bash_4.4.18.bb:do_packagedata_setscene)
NOTE: recipe perl-5.28.1-r1: task do_package_write_deb_setscene: Succeeded
NOTE: Running setscene task 250 of 392 (/home/deby/poky/meta-debian/recipes-debian/perl/perl_debian.bb:do_packagedata_setscene)
NOTE: recipe perl-5.28.1-r1: task do_packagedata_setscene: Started
NOTE: recipe libx11-1_1.6.7-r0: task do_package_write_deb_setscene: Started
NOTE: recipe bash-4.4.18-r0: task do_packagedata_setscene: Started
NOTE: recipe base-passwd-3.5.29-r0: task do_package_write_deb_setscene: Succeeded
NOTE: recipe shadow-sysroot-4.6-r3: task do_populate_sysroot_setscene: Succeeded
NOTE: Running setscene task 251 of 392 (/home/deby/poky/meta-debian/recipes-debian/expat/expat_debian.bb:do_package_write_deb_setscene)
NOTE: Running setscene task 252 of 392 (/home/deby/poky/meta/recipes-extended/shadow/shadow-securetty_4.6.bb:do_package_write_deb_setscene)
NOTE: recipe libsm-1_1.2.3-r0: task do_package_write_deb_setscene: Started
NOTE: recipe expat-2.2.6-r0: task do_package_write_deb_setscene: Started
NOTE: recipe libx11-1_1.6.7-r0: task do_package_write_deb_setscene: Succeeded
NOTE: Running setscene task 253 of 392 (/home/deby/poky/meta/recipes-graphics/xorg-lib/xtrans_1.3.5.bb:do_package_write_deb_setscene)
NOTE: recipe shadow-securetty-4.6-r3: task do_package_write_deb_setscene: Started
NOTE: recipe make-4.2.1-r0: task do_packagedata_setscene: Succeeded
NOTE: Running setscene task 255 of 392 (/home/deby/poky/meta/recipes-graphics/xorg-lib/libxcb_1.13.1.bb:do_package_write_deb_setscene)
NOTE: recipe libxcb-1.13.1-r0: task do_package_write_deb_setscene: Started
NOTE: recipe xtrans-1_1.3.5-r0: task do_package_write_deb_setscene: Started
NOTE: recipe libsm-1_1.2.3-r0: task do_package_write_deb_setscene: Succeeded
NOTE: Running setscene task 256 of 392 (/home/deby/poky/meta/recipes-graphics/xorg-lib/libice_1.0.9.bb:do_package_write_deb_setscene)
NOTE: recipe xtrans-1_1.3.5-r0: task do_package_write_deb_setscene: Succeeded
NOTE: recipe libxcb-1.13.1-r0: task do_package_write_deb_setscene: Succeeded
NOTE: Running setscene task 257 of 392 (/home/deby/poky/meta/recipes-graphics/xorg-lib/libxdmcp_1.1.2.bb:do_package_write_deb_setscene)
NOTE: Running setscene task 258 of 392 (/home/deby/poky/meta/recipes-graphics/xorg-lib/libxau_1.0.9.bb:do_package_write_deb_setscene)
NOTE: recipe libxau-1_1.0.9-r0: task do_package_write_deb_setscene: Started
NOTE: recipe libxdmcp-1_1.1.2-r0: task do_package_write_deb_setscene: Started
NOTE: recipe libxau-1_1.0.9-r0: task do_package_write_deb_setscene: Succeeded
NOTE: recipe libice-1_1.0.9-r0: task do_package_write_deb_setscene: Started
NOTE: recipe bc-1.07.1-r0: task do_packagedata_setscene: Succeeded
NOTE: recipe shadow-securetty-4.6-r3: task do_package_write_deb_setscene: Succeeded
NOTE: Running setscene task 260 of 392 (/home/deby/poky/meta/recipes-extended/shadow/shadow-securetty_4.6.bb:do_packagedata_setscene)
NOTE: recipe expat-2.2.6-r0: task do_package_write_deb_setscene: Succeeded
NOTE: recipe shadow-securetty-4.6-r3: task do_packagedata_setscene: Started
NOTE: recipe libxdmcp-1_1.1.2-r0: task do_package_write_deb_setscene: Succeeded
NOTE: recipe libice-1_1.0.9-r0: task do_package_write_deb_setscene: Succeeded
NOTE: recipe linux-base-gitAUTOINC+2951eded01-r0: task do_packagedata_setscene: Succeeded
NOTE: recipe shared-mime-info-1.10-r0: task do_packagedata_setscene: Succeeded
NOTE: Running setscene task 264 of 392 (/home/deby/poky/meta-debian/recipes-debian/glib-2.0/glib-2.0_debian.bb:do_populate_sysroot_setscene)
NOTE: Running setscene task 265 of 392 (/home/deby/poky/meta-debian/recipes-debian/glib-2.0/glib-2.0_debian.bb:do_packagedata_setscene)
NOTE: Running setscene task 267 of 392 (/home/deby/poky/meta-debian/recipes-debian/libxml/libxml2_debian.bb:do_packagedata_setscene)
NOTE: recipe glib-2.0-2.58.3-r0: task do_populate_sysroot_setscene: Started
NOTE: recipe glib-2.0-2.58.3-r0: task do_packagedata_setscene: Started
NOTE: recipe libxml2-2.9.4-r0: task do_packagedata_setscene: Started
NOTE: recipe procps-3.3.15-r0: task do_packagedata_setscene: Succeeded
NOTE: recipe shadow-securetty-4.6-r3: task do_packagedata_setscene: Succeeded
NOTE: recipe e2fsprogs-1.44.5-r0: task do_packagedata_setscene: Succeeded
NOTE: recipe kmod-26-r0: task do_packagedata_setscene: Succeeded
NOTE: recipe bash-4.4.18-r0: task do_packagedata_setscene: Succeeded
NOTE: recipe glib-2.0-2.58.3-r0: task do_populate_sysroot_setscene: Succeeded
NOTE: recipe glibc-locale-2.28-r0: task do_package_write_deb_setscene: Succeeded
NOTE: Running setscene task 275 of 392 (/home/deby/poky/meta-debian/recipes-debian/glibc/glibc-locale_debian.bb:do_packagedata_setscene)
NOTE: recipe libtool-2.4.6-r0: task do_packagedata_setscene: Succeeded
NOTE: recipe glibc-locale-2.28-r0: task do_packagedata_setscene: Started
NOTE: recipe lzo-2.10-r0: task do_packagedata_setscene: Succeeded
NOTE: recipe libxml2-2.9.4-r0: task do_packagedata_setscene: Succeeded
NOTE: Running setscene task 280 of 392 (/home/deby/poky/meta/recipes-devtools/python/python3_3.7.2.bb:do_packagedata_setscene)
NOTE: recipe python3-3.7.2-r0: task do_packagedata_setscene: Started
NOTE: recipe perl-5.28.1-r1: task do_packagedata_setscene: Succeeded
NOTE: recipe glib-2.0-2.58.3-r0: task do_packagedata_setscene: Succeeded
NOTE: Running setscene task 283 of 392 (/home/deby/poky/meta/recipes-support/libpcre/libpcre_8.43.bb:do_populate_sysroot_setscene)
NOTE: Running setscene task 284 of 392 (/home/deby/poky/meta/recipes-support/libpcre/libpcre_8.43.bb:do_packagedata_setscene)
NOTE: Running setscene task 285 of 392 (/home/deby/poky/meta-debian/recipes-debian/dbus/dbus_debian.bb:do_populate_sysroot_setscene)
NOTE: Running setscene task 286 of 392 (/home/deby/poky/meta-debian/recipes-debian/dbus/dbus_debian.bb:do_packagedata_setscene)
NOTE: recipe libpcre-8.43-r0: task do_populate_sysroot_setscene: Started
NOTE: recipe libpcre-8.43-r0: task do_packagedata_setscene: Started
NOTE: recipe dbus-1.12.16-r0: task do_populate_sysroot_setscene: Started
NOTE: recipe dbus-1.12.16-r0: task do_packagedata_setscene: Started
NOTE: recipe libpcre-8.43-r0: task do_populate_sysroot_setscene: Succeeded
NOTE: recipe dbus-1.12.16-r0: task do_packagedata_setscene: Succeeded
NOTE: Running setscene task 288 of 392 (/home/deby/poky/meta/recipes-core/base-files/base-files_3.0.14.bb:do_packagedata_setscene)
NOTE: Running setscene task 289 of 392 (/home/deby/poky/meta/recipes-extended/shadow/shadow_4.6.bb:do_packagedata_setscene)
NOTE: Running setscene task 290 of 392 (/home/deby/poky/meta/recipes-core/base-passwd/base-passwd_3.5.29.bb:do_packagedata_setscene)
NOTE: Running setscene task 291 of 392 (/home/deby/poky/meta/recipes-extended/shadow/shadow-sysroot_4.6.bb:do_packagedata_setscene)
NOTE: Running setscene task 292 of 392 (/home/deby/poky/meta/recipes-graphics/xorg-lib/libx11_1.6.7.bb:do_packagedata_setscene)
NOTE: Running setscene task 293 of 392 (/home/deby/poky/meta/recipes-devtools/autoconf-archive/autoconf-archive_2018.03.13.bb:do_packagedata_setscene)
NOTE: Running setscene task 294 of 392 (/home/deby/poky/meta/recipes-graphics/xorg-lib/libsm_1.2.3.bb:do_packagedata_setscene)
NOTE: Running setscene task 295 of 392 (/home/deby/poky/meta-debian/recipes-debian/expat/expat_debian.bb:do_packagedata_setscene)
NOTE: recipe shadow-sysroot-4.6-r3: task do_packagedata_setscene: Started
NOTE: recipe base-passwd-3.5.29-r0: task do_packagedata_setscene: Started
NOTE: recipe libsm-1_1.2.3-r0: task do_packagedata_setscene: Started
NOTE: recipe libx11-1_1.6.7-r0: task do_packagedata_setscene: Started
NOTE: recipe shadow-4.6-r0: task do_packagedata_setscene: Started
NOTE: recipe expat-2.2.6-r0: task do_packagedata_setscene: Started
NOTE: recipe base-files-3.0.14-r89: task do_packagedata_setscene: Started
NOTE: recipe autoconf-archive-2018.03.13-r0: task do_packagedata_setscene: Started
NOTE: recipe libpcre-8.43-r0: task do_packagedata_setscene: Succeeded
NOTE: recipe libx11-1_1.6.7-r0: task do_packagedata_setscene: Succeeded
NOTE: Running setscene task 298 of 392 (/home/deby/poky/meta/recipes-graphics/xorg-lib/libxcb_1.13.1.bb:do_packagedata_setscene)
NOTE: recipe shadow-sysroot-4.6-r3: task do_packagedata_setscene: Succeeded
NOTE: recipe python3-3.7.2-r0: task do_packagedata_setscene: Succeeded
NOTE: Running setscene task 302 of 392 (/home/deby/poky/meta/recipes-extended/xz/xz_5.2.4.bb:do_packagedata_setscene)
NOTE: Running setscene task 303 of 392 (/home/deby/poky/meta-debian/recipes-debian/bzip2/bzip2_debian.bb:do_populate_sysroot_setscene)
NOTE: Running setscene task 304 of 392 (/home/deby/poky/meta-debian/recipes-debian/bzip2/bzip2_debian.bb:do_packagedata_setscene)
NOTE: Running setscene task 305 of 392 (/home/deby/poky/meta/recipes-core/util-linux/util-linux_2.32.1.bb:do_populate_sysroot_setscene)
NOTE: Running setscene task 306 of 392 (/home/deby/poky/meta/recipes-core/util-linux/util-linux_2.32.1.bb:do_packagedata_setscene)
NOTE: Running setscene task 308 of 392 (/home/deby/poky/meta-debian/recipes-debian/openssl/openssl_debian.bb:do_packagedata_setscene)
NOTE: Running setscene task 310 of 392 (/home/deby/poky/meta/recipes-support/gdbm/gdbm_1.18.1.bb:do_packagedata_setscene)
NOTE: recipe libxcb-1.13.1-r0: task do_packagedata_setscene: Started
NOTE: recipe xz-5.2.4-r0: task do_packagedata_setscene: Started
NOTE: recipe openssl-1.1.1c-r0: task do_packagedata_setscene: Started
NOTE: recipe bzip2-1.0.6-r0: task do_packagedata_setscene: Started
NOTE: recipe bzip2-1.0.6-r0: task do_populate_sysroot_setscene: Started
NOTE: recipe util-linux-2.32.1-r0: task do_populate_sysroot_setscene: Started
NOTE: recipe gdbm-1.18.1-r0: task do_packagedata_setscene: Started
NOTE: recipe util-linux-2.32.1-r0: task do_packagedata_setscene: Started
NOTE: recipe shadow-4.6-r0: task do_packagedata_setscene: Succeeded
NOTE: Running setscene task 311 of 392 (/home/deby/poky/meta/recipes-support/libffi/libffi_3.2.1.bb:do_populate_sysroot_setscene)
NOTE: recipe libsm-1_1.2.3-r0: task do_packagedata_setscene: Succeeded
NOTE: Running setscene task 312 of 392 (/home/deby/poky/meta/recipes-support/libffi/libffi_3.2.1.bb:do_packagedata_setscene)
NOTE: recipe libffi-3.2.1-r0: task do_packagedata_setscene: Started
NOTE: recipe libffi-3.2.1-r0: task do_populate_sysroot_setscene: Started
NOTE: recipe expat-2.2.6-r0: task do_packagedata_setscene: Succeeded
NOTE: Running setscene task 314 of 392 (/home/deby/poky/meta-debian/recipes-debian/readline/readline_debian.bb:do_packagedata_setscene)
NOTE: recipe bzip2-1.0.6-r0: task do_populate_sysroot_setscene: Succeeded
NOTE: Running setscene task 316 of 392 (/home/deby/poky/meta/recipes-support/sqlite/sqlite3_3.27.2.bb:do_packagedata_setscene)
NOTE: recipe readline-7.0-r0: task do_packagedata_setscene: Started
NOTE: recipe base-passwd-3.5.29-r0: task do_packagedata_setscene: Succeeded
NOTE: Running setscene task 317 of 392 (/home/deby/poky/meta/recipes-extended/libnsl/libnsl2_git.bb:do_populate_sysroot_setscene)
NOTE: recipe autoconf-archive-2018.03.13-r0: task do_packagedata_setscene: Succeeded
NOTE: Running setscene task 318 of 392 (/home/deby/poky/meta/recipes-extended/libnsl/libnsl2_git.bb:do_packagedata_setscene)
NOTE: recipe libnsl2-1.2.0+gitAUTOINC+37c5ffe303-r0: task do_populate_sysroot_setscene: Started
NOTE: recipe libnsl2-1.2.0+gitAUTOINC+37c5ffe303-r0: task do_packagedata_setscene: Started
NOTE: recipe libffi-3.2.1-r0: task do_populate_sysroot_setscene: Succeeded
NOTE: Running setscene task 320 of 392 (/home/deby/poky/meta/recipes-support/attr/attr_2.4.47.bb:do_packagedata_setscene)
NOTE: recipe sqlite3-3_3.27.2-r0: task do_packagedata_setscene: Started
NOTE: recipe attr-2.4.47-r0: task do_packagedata_setscene: Started
NOTE: recipe util-linux-2.32.1-r0: task do_populate_sysroot_setscene: Succeeded
NOTE: Running setscene task 325 of 392 (/home/deby/poky/meta/recipes-graphics/xorg-lib/libice_1.0.9.bb:do_packagedata_setscene)
NOTE: recipe libice-1_1.0.9-r0: task do_packagedata_setscene: Started
NOTE: recipe base-files-3.0.14-r89: task do_packagedata_setscene: Succeeded
NOTE: recipe libnsl2-1.2.0+gitAUTOINC+37c5ffe303-r0: task do_populate_sysroot_setscene: Succeeded
NOTE: recipe libffi-3.2.1-r0: task do_packagedata_setscene: Succeeded
NOTE: recipe libxcb-1.13.1-r0: task do_packagedata_setscene: Succeeded
NOTE: Running setscene task 329 of 392 (/home/deby/poky/meta/recipes-graphics/xorg-lib/libxdmcp_1.1.2.bb:do_packagedata_setscene)
NOTE: Running setscene task 330 of 392 (/home/deby/poky/meta/recipes-graphics/xorg-lib/libxau_1.0.9.bb:do_packagedata_setscene)
NOTE: recipe libxau-1_1.0.9-r0: task do_packagedata_setscene: Started
NOTE: recipe libxdmcp-1_1.1.2-r0: task do_packagedata_setscene: Started
NOTE: recipe gdbm-1.18.1-r0: task do_packagedata_setscene: Succeeded
NOTE: recipe libice-1_1.0.9-r0: task do_packagedata_setscene: Succeeded
NOTE: Running setscene task 333 of 392 (/home/deby/poky/meta/recipes-graphics/xorg-lib/xtrans_1.3.5.bb:do_packagedata_setscene)
NOTE: recipe bzip2-1.0.6-r0: task do_packagedata_setscene: Succeeded
NOTE: recipe openssl-1.1.1c-r0: task do_packagedata_setscene: Succeeded
NOTE: recipe xtrans-1_1.3.5-r0: task do_packagedata_setscene: Started
NOTE: recipe libxdmcp-1_1.1.2-r0: task do_packagedata_setscene: Succeeded
NOTE: recipe xz-5.2.4-r0: task do_packagedata_setscene: Succeeded
NOTE: recipe libxau-1_1.0.9-r0: task do_packagedata_setscene: Succeeded
NOTE: recipe xtrans-1_1.3.5-r0: task do_packagedata_setscene: Succeeded
NOTE: recipe readline-7.0-r0: task do_packagedata_setscene: Succeeded
NOTE: recipe util-linux-2.32.1-r0: task do_packagedata_setscene: Succeeded
NOTE: Running setscene task 342 of 392 (/home/deby/poky/meta/recipes-core/libxcrypt/libxcrypt.bb:do_packagedata_setscene)
NOTE: Running setscene task 343 of 392 (/home/deby/poky/meta-debian/recipes-debian/ncurses/ncurses_debian.bb:do_populate_sysroot_setscene)
NOTE: Running setscene task 344 of 392 (/home/deby/poky/meta-debian/recipes-debian/ncurses/ncurses_debian.bb:do_packagedata_setscene)
NOTE: Running setscene task 345 of 392 (/home/deby/poky/meta-debian/recipes-debian/zlib/zlib_debian.bb:do_populate_sysroot_setscene)
NOTE: Running setscene task 346 of 392 (/home/deby/poky/meta-debian/recipes-debian/zlib/zlib_debian.bb:do_packagedata_setscene)
NOTE: Running setscene task 347 of 392 (/home/deby/poky/meta/recipes-support/bash-completion/bash-completion_2.8.bb:do_populate_sysroot_setscene)
NOTE: Running setscene task 348 of 392 (/home/deby/poky/meta/recipes-support/bash-completion/bash-completion_2.8.bb:do_packagedata_setscene)
NOTE: recipe libnsl2-1.2.0+gitAUTOINC+37c5ffe303-r0: task do_packagedata_setscene: Succeeded
NOTE: recipe dbus-1.12.16-r0: task do_populate_sysroot_setscene: Succeeded
NOTE: Running setscene task 350 of 392 (/home/deby/poky/meta/recipes-extended/libtirpc/libtirpc_1.0.3.bb:do_populate_sysroot_setscene)
NOTE: Running setscene task 351 of 392 (/home/deby/poky/meta/recipes-extended/libtirpc/libtirpc_1.0.3.bb:do_packagedata_setscene)
NOTE: Running setscene task 352 of 392 (/home/deby/poky/meta/recipes-core/base-files/base-files_3.0.14.bb:do_populate_sysroot_setscene)
NOTE: Running setscene task 353 of 392 (/home/deby/poky/meta/recipes-extended/shadow/shadow_4.6.bb:do_populate_sysroot_setscene)
NOTE: Running setscene task 354 of 392 (/home/deby/poky/meta/recipes-graphics/xorg-lib/libx11_1.6.7.bb:do_populate_sysroot_setscene)
NOTE: Running setscene task 355 of 392 (/home/deby/poky/meta/recipes-graphics/xorg-lib/libsm_1.2.3.bb:do_populate_sysroot_setscene)
NOTE: recipe attr-2.4.47-r0: task do_packagedata_setscene: Succeeded
NOTE: Running setscene task 357 of 392 (/home/deby/poky/meta-debian/recipes-debian/expat/expat_debian.bb:do_populate_sysroot_setscene)
NOTE: recipe base-files-3.0.14-r89: task do_populate_sysroot_setscene: Started
NOTE: recipe ncurses-6.1+20181013-r0: task do_populate_sysroot_setscene: Started
NOTE: recipe libxcrypt-4.4.2-r0: task do_packagedata_setscene: Started
NOTE: recipe zlib-1.2.11-r0: task do_populate_sysroot_setscene: Started
NOTE: recipe bash-completion-2.8-r0: task do_populate_sysroot_setscene: Started
NOTE: recipe bash-completion-2.8-r0: task do_packagedata_setscene: Started
NOTE: recipe libtirpc-1.0.3-r0: task do_populate_sysroot_setscene: Started
NOTE: recipe zlib-1.2.11-r0: task do_packagedata_setscene: Started
NOTE: recipe ncurses-6.1+20181013-r0: task do_packagedata_setscene: Started
NOTE: recipe libtirpc-1.0.3-r0: task do_packagedata_setscene: Started
NOTE: recipe shadow-4.6-r0: task do_populate_sysroot_setscene: Started
NOTE: recipe libsm-1_1.2.3-r0: task do_populate_sysroot_setscene: Started
NOTE: recipe libx11-1_1.6.7-r0: task do_populate_sysroot_setscene: Started
NOTE: recipe expat-2.2.6-r0: task do_populate_sysroot_setscene: Started
NOTE: recipe shadow-4.6-r0: task do_populate_sysroot_setscene: Succeeded
NOTE: Running setscene task 358 of 392 (/home/deby/poky/meta/recipes-core/libxcrypt/libxcrypt.bb:do_populate_sysroot_setscene)
NOTE: recipe libxcrypt-4.4.2-r0: task do_populate_sysroot_setscene: Started
NOTE: recipe libsm-1_1.2.3-r0: task do_populate_sysroot_setscene: Succeeded
NOTE: Running setscene task 359 of 392 (/home/deby/poky/meta/recipes-support/attr/attr_2.4.47.bb:do_populate_sysroot_setscene)
NOTE: recipe attr-2.4.47-r0: task do_populate_sysroot_setscene: Started
NOTE: recipe zlib-1.2.11-r0: task do_populate_sysroot_setscene: Succeeded
NOTE: Running setscene task 360 of 392 (/home/deby/poky/meta/recipes-graphics/xorg-lib/libice_1.0.9.bb:do_populate_sysroot_setscene)
NOTE: recipe attr-2.4.47-r0: task do_populate_sysroot_setscene: Succeeded
NOTE: recipe libice-1_1.0.9-r0: task do_populate_sysroot_setscene: Started
NOTE: recipe base-files-3.0.14-r89: task do_populate_sysroot_setscene: Succeeded
NOTE: recipe expat-2.2.6-r0: task do_populate_sysroot_setscene: Succeeded
NOTE: recipe libice-1_1.0.9-r0: task do_populate_sysroot_setscene: Succeeded
NOTE: recipe ncurses-6.1+20181013-r0: task do_packagedata_setscene: Succeeded
NOTE: Running setscene task 362 of 392 (/home/deby/poky/meta/recipes-devtools/opkg-utils/opkg-utils_0.4.0.bb:do_packagedata_setscene)
NOTE: recipe libx11-1_1.6.7-r0: task do_populate_sysroot_setscene: Succeeded
NOTE: Running setscene task 363 of 392 (/home/deby/poky/meta/recipes-graphics/xorg-lib/xtrans_1.3.5.bb:do_populate_sysroot_setscene)
NOTE: Running setscene task 364 of 392 (/home/deby/poky/meta/recipes-graphics/xorg-lib/libxcb_1.13.1.bb:do_populate_sysroot_setscene)
NOTE: recipe bash-completion-2.8-r0: task do_populate_sysroot_setscene: Succeeded
NOTE: recipe opkg-utils-0.4.0-r0: task do_packagedata_setscene: Started
NOTE: recipe libxcb-1.13.1-r0: task do_populate_sysroot_setscene: Started
NOTE: recipe libxcrypt-4.4.2-r0: task do_populate_sysroot_setscene: Succeeded
NOTE: recipe xtrans-1_1.3.5-r0: task do_populate_sysroot_setscene: Started
NOTE: recipe libxcrypt-4.4.2-r0: task do_packagedata_setscene: Succeeded
NOTE: recipe sqlite3-3_3.27.2-r0: task do_packagedata_setscene: Succeeded
NOTE: recipe zlib-1.2.11-r0: task do_packagedata_setscene: Succeeded
NOTE: recipe libtirpc-1.0.3-r0: task do_populate_sysroot_setscene: Succeeded
NOTE: recipe xtrans-1_1.3.5-r0: task do_populate_sysroot_setscene: Succeeded
NOTE: recipe libtirpc-1.0.3-r0: task do_packagedata_setscene: Succeeded
NOTE: recipe bash-completion-2.8-r0: task do_packagedata_setscene: Succeeded
NOTE: Running setscene task 370 of 392 (/home/deby/poky/meta-debian/recipes-debian/libtool/libtool-cross_debian.bb:do_packagedata_setscene)
NOTE: recipe libxcb-1.13.1-r0: task do_populate_sysroot_setscene: Succeeded
NOTE: Running setscene task 371 of 392 (/home/deby/poky/meta/recipes-graphics/xorg-lib/libxdmcp_1.1.2.bb:do_populate_sysroot_setscene)
NOTE: Running setscene task 372 of 392 (/home/deby/poky/meta/recipes-graphics/xorg-lib/libxau_1.0.9.bb:do_populate_sysroot_setscene)
NOTE: recipe libtool-cross-2.4.6-r0: task do_packagedata_setscene: Started
NOTE: recipe libxau-1_1.0.9-r0: task do_populate_sysroot_setscene: Started
NOTE: recipe libxdmcp-1_1.1.2-r0: task do_populate_sysroot_setscene: Started
NOTE: recipe libxau-1_1.0.9-r0: task do_populate_sysroot_setscene: Succeeded
NOTE: recipe libxdmcp-1_1.1.2-r0: task do_populate_sysroot_setscene: Succeeded
NOTE: recipe libtool-cross-2.4.6-r0: task do_packagedata_setscene: Succeeded
NOTE: recipe opkg-utils-0.4.0-r0: task do_packagedata_setscene: Succeeded
NOTE: Running setscene task 375 of 392 (/home/deby/poky/meta-debian/recipes-debian/gcc/gcc-runtime_debian.bb:do_packagedata_setscene)
NOTE: recipe gcc-runtime-8.3.0-r0: task do_packagedata_setscene: Started
NOTE: recipe ncurses-6.1+20181013-r0: task do_populate_sysroot_setscene: Succeeded
NOTE: Running setscene task 376 of 392 (/home/deby/poky/meta/recipes-devtools/opkg-utils/opkg-utils_0.4.0.bb:do_populate_sysroot_setscene)
NOTE: recipe opkg-utils-0.4.0-r0: task do_populate_sysroot_setscene: Started
NOTE: recipe glibc-locale-2.28-r0: task do_packagedata_setscene: Succeeded
NOTE: recipe gcc-runtime-8.3.0-r0: task do_packagedata_setscene: Succeeded
NOTE: Running setscene task 380 of 392 (/home/deby/poky/meta-debian/recipes-debian/gcc/libgcc_debian.bb:do_packagedata_setscene)
NOTE: recipe opkg-utils-0.4.0-r0: task do_populate_sysroot_setscene: Succeeded
NOTE: Running setscene task 381 of 392 (/home/deby/poky/meta-debian/recipes-debian/gcc/gcc-runtime_debian.bb:do_populate_sysroot_setscene)
NOTE: recipe libgcc-8.3.0-r0: task do_packagedata_setscene: Started
NOTE: recipe gcc-runtime-8.3.0-r0: task do_populate_sysroot_setscene: Started
NOTE: recipe libgcc-8.3.0-r0: task do_packagedata_setscene: Succeeded
NOTE: Running setscene task 383 of 392 (/home/deby/poky/meta-debian/recipes-debian/glibc/glibc_debian.bb:do_packagedata_setscene)
NOTE: recipe glibc-2.28-r0: task do_packagedata_setscene: Started
NOTE: recipe glibc-2.28-r0: task do_packagedata_setscene: Succeeded
NOTE: Running setscene task 385 of 392 (/home/deby/poky/meta-debian/recipes-kernel/linux-libc-headers/linux-libc-headers-base_git.bb:do_packagedata_setscene)
ERROR: When reparsing /home/deby/poky/meta-debian/recipes-kernel/linux-libc-headers/linux-libc-headers-base_git.bb.do_patch, the basehash value changed from 794aba43c93b827ab8dad47165be6be0d8f92f251bd262635c22313e23128daa to ad76c34176c05413e9fb00995196d5015fc81c93587134874abe5c331acef982. The metadata is not deterministic and this needs to be fixed.
ERROR: When reparsing /home/deby/poky/meta-debian/recipes-kernel/linux-libc-headers/linux-libc-headers-base_git.bb.do_populate_sysroot, the basehash value changed from 200562396159664cf6a42475b97f810338c4576ddb88e6c3cbe3850d9c89730d to 620643e07d55b504e7dc216bd4a1d8bf07c4ffc5bf08b44aea761ddf78038285. The metadata is not deterministic and this needs to be fixed.
ERROR: When reparsing /home/deby/poky/meta-debian/recipes-kernel/linux-libc-headers/linux-libc-headers-base_git.bb.do_fetch, the basehash value changed from 5244d744bc71cb99083f3cea9838c2708f7af4208333fb02a8c2f61841c24933 to fcffecba15f047c95455f477a03c0e9d97fee02f6f76a0c862d49b2d33a69bdd. The metadata is not deterministic and this needs to be fixed.
ERROR: When reparsing /home/deby/poky/meta-debian/recipes-kernel/linux-libc-headers/linux-libc-headers-base_git.bb.do_configure, the basehash value changed from cdd27d9bf38aa46d53cc94a02b5853fada0165fe04f11f4025255f4074d6c4cb to 5063a45ad3fd8a984b6d0b90dedbe0d55ec022e5b3d1f0258e1012442cbe37a0. The metadata is not deterministic and this needs to be fixed.
ERROR: When reparsing /home/deby/poky/meta-debian/recipes-kernel/linux-libc-headers/linux-libc-headers-base_git.bb.do_compile, the basehash value changed from 17b8773b16e89f8e98ef283826a53ca5efb2dff38e51ffeca3598d23e5af9dc0 to 1b2db8f3c133b37dbcec90ce058bc9c52861a08fad3c3a34dac3eb7f013e8e0b. The metadata is not deterministic and this needs to be fixed.
ERROR: When reparsing /home/deby/poky/meta-debian/recipes-kernel/linux-libc-headers/linux-libc-headers-base_git.bb.do_install, the basehash value changed from d4ac2419d45c0023d1ee718a8edea57dfddccf152580f522fad57190a9bec121 to a63951a58c8ff551eee07805f3f1d0ff0ee1ac66d4718a0b11cf2354ddabe923. The metadata is not deterministic and this needs to be fixed.
ERROR: When reparsing /home/deby/poky/meta-debian/recipes-kernel/linux-libc-headers/linux-libc-headers-base_git.bb.do_package, the basehash value changed from 8100d816d5c883c14a019e01e5d1e1328c11b002fc72679639fe14437e7ba158 to f6185877a785f580615e856b3c1824cee83ab7761d1dfa9b71e45e5b0ab510cc. The metadata is not deterministic and this needs to be fixed.
ERROR: When reparsing /home/deby/poky/meta-debian/recipes-kernel/linux-libc-headers/linux-libc-headers-base_git.bb.do_packagedata, the basehash value changed from dea47b85056fcb5685ad368c0f7dddaa5f08afb7007df237764bdd22a8886058 to 8472d99801451c12f50d7927d85a379e9489a8eddb8249a7a0f957a4b1e64d12. The metadata is not deterministic and this needs to be fixed.
ERROR: When reparsing /home/deby/poky/meta-debian/recipes-kernel/linux-libc-headers/linux-libc-headers-base_git.bb.do_package_write_deb, the basehash value changed from 116fd3c1d9ae606c6722e9186d6c1b77564d4eb7c915198c9f89ce9d500ad72d to a4b232c196e2b8690117a37b76f520a2aaa37ab3ca552d5d8e34557e0030f4f4. The metadata is not deterministic and this needs to be fixed.
NOTE: recipe linux-libc-headers-base-gitAUTOINC+2951eded01-r0: task do_packagedata_setscene: Started
NOTE: recipe linux-libc-headers-base-gitAUTOINC+2951eded01-r0: task do_packagedata_setscene: Succeeded
NOTE: recipe gcc-runtime-8.3.0-r0: task do_populate_sysroot_setscene: Succeeded
NOTE: Running setscene task 387 of 392 (/home/deby/poky/meta-debian/recipes-debian/gcc/libgcc_debian.bb:do_populate_sysroot_setscene)
NOTE: recipe libgcc-8.3.0-r0: task do_populate_sysroot_setscene: Started
NOTE: recipe libgcc-8.3.0-r0: task do_populate_sysroot_setscene: Succeeded
NOTE: Running setscene task 388 of 392 (/home/deby/poky/meta-debian/recipes-debian/glibc/glibc_debian.bb:do_populate_sysroot_setscene)
NOTE: recipe glibc-2.28-r0: task do_populate_sysroot_setscene: Started
NOTE: recipe glibc-2.28-r0: task do_populate_sysroot_setscene: Succeeded
NOTE: Running setscene task 392 of 392 (/home/deby/poky/meta-debian/recipes-kernel/linux-libc-headers/linux-libc-headers-base_git.bb:do_populate_sysroot_setscene)
ERROR: When reparsing /home/deby/poky/meta-debian/recipes-kernel/linux-libc-headers/linux-libc-headers-base_git.bb.do_patch, the basehash value changed from 794aba43c93b827ab8dad47165be6be0d8f92f251bd262635c22313e23128daa to ad76c34176c05413e9fb00995196d5015fc81c93587134874abe5c331acef982. The metadata is not deterministic and this needs to be fixed.
ERROR: When reparsing /home/deby/poky/meta-debian/recipes-kernel/linux-libc-headers/linux-libc-headers-base_git.bb.do_populate_sysroot, the basehash value changed from 200562396159664cf6a42475b97f810338c4576ddb88e6c3cbe3850d9c89730d to 620643e07d55b504e7dc216bd4a1d8bf07c4ffc5bf08b44aea761ddf78038285. The metadata is not deterministic and this needs to be fixed.
ERROR: When reparsing /home/deby/poky/meta-debian/recipes-kernel/linux-libc-headers/linux-libc-headers-base_git.bb.do_fetch, the basehash value changed from 5244d744bc71cb99083f3cea9838c2708f7af4208333fb02a8c2f61841c24933 to fcffecba15f047c95455f477a03c0e9d97fee02f6f76a0c862d49b2d33a69bdd. The metadata is not deterministic and this needs to be fixed.
ERROR: When reparsing /home/deby/poky/meta-debian/recipes-kernel/linux-libc-headers/linux-libc-headers-base_git.bb.do_configure, the basehash value changed from cdd27d9bf38aa46d53cc94a02b5853fada0165fe04f11f4025255f4074d6c4cb to 5063a45ad3fd8a984b6d0b90dedbe0d55ec022e5b3d1f0258e1012442cbe37a0. The metadata is not deterministic and this needs to be fixed.
ERROR: When reparsing /home/deby/poky/meta-debian/recipes-kernel/linux-libc-headers/linux-libc-headers-base_git.bb.do_compile, the basehash value changed from 17b8773b16e89f8e98ef283826a53ca5efb2dff38e51ffeca3598d23e5af9dc0 to 1b2db8f3c133b37dbcec90ce058bc9c52861a08fad3c3a34dac3eb7f013e8e0b. The metadata is not deterministic and this needs to be fixed.
ERROR: When reparsing /home/deby/poky/meta-debian/recipes-kernel/linux-libc-headers/linux-libc-headers-base_git.bb.do_install, the basehash value changed from d4ac2419d45c0023d1ee718a8edea57dfddccf152580f522fad57190a9bec121 to a63951a58c8ff551eee07805f3f1d0ff0ee1ac66d4718a0b11cf2354ddabe923. The metadata is not deterministic and this needs to be fixed.
ERROR: When reparsing /home/deby/poky/meta-debian/recipes-kernel/linux-libc-headers/linux-libc-headers-base_git.bb.do_package, the basehash value changed from 8100d816d5c883c14a019e01e5d1e1328c11b002fc72679639fe14437e7ba158 to f6185877a785f580615e856b3c1824cee83ab7761d1dfa9b71e45e5b0ab510cc. The metadata is not deterministic and this needs to be fixed.
ERROR: When reparsing /home/deby/poky/meta-debian/recipes-kernel/linux-libc-headers/linux-libc-headers-base_git.bb.do_packagedata, the basehash value changed from dea47b85056fcb5685ad368c0f7dddaa5f08afb7007df237764bdd22a8886058 to 8472d99801451c12f50d7927d85a379e9489a8eddb8249a7a0f957a4b1e64d12. The metadata is not deterministic and this needs to be fixed.
ERROR: When reparsing /home/deby/poky/meta-debian/recipes-kernel/linux-libc-headers/linux-libc-headers-base_git.bb.do_package_write_deb, the basehash value changed from 116fd3c1d9ae606c6722e9186d6c1b77564d4eb7c915198c9f89ce9d500ad72d to a4b232c196e2b8690117a37b76f520a2aaa37ab3ca552d5d8e34557e0030f4f4. The metadata is not deterministic and this needs to be fixed.
NOTE: recipe linux-libc-headers-base-gitAUTOINC+2951eded01-r0: task do_populate_sysroot_setscene: Started
NOTE: recipe linux-libc-headers-base-gitAUTOINC+2951eded01-r0: task do_populate_sysroot_setscene: Succeeded
NOTE: Executing RunQueue Tasks
NOTE: Running noexec task 1669 of 1669 (/home/deby/poky/meta-debian/recipes-debian/busybox/busybox_debian.bb:do_build)
NOTE: Tasks Summary: Attempted 1669 tasks of which 1668 didn't need to be rerun and all succeeded.

Summary: There was 1 WARNING message shown.
Summary: There were 91 ERROR messages shown, returning a non-zero exit code.
