Loading cache...done.
Loaded 1708 entries from dependency cache.
NOTE: Resolving any missing task queue dependencies

Build Configuration:
BB_VERSION           = "1.42.0"
BUILD_SYS            = "x86_64-linux"
NATIVELSBSTRING      = "universal"
TARGET_SYS           = "mips-deby-linux"
MACHINE              = "qemumips"
DISTRO               = "deby"
DISTRO_VERSION       = "10.0"
TUNE_FEATURES        = "o32 bigendian fpu-hard mips32r2"
TARGET_FPU           = ""
meta                 
meta-poky            = "warrior:79a850a10a4b88a6d20d607b322542f947874323"
meta-debian          = "warrior:79407869d1e56b8c7cb9ac0a9a48a4923ffa202b"

Initialising tasks...done.
Sstate summary: Wanted 2 Found 0 Missed 2 Current 91 (0% match, 97% complete)
NOTE: Executing SetScene Tasks
NOTE: Executing RunQueue Tasks
NOTE: Running task 662 of 666 (/home/deby/poky/meta-debian/recipes-debian/iptables/iptables_debian.bb:do_populate_lic)
NOTE: Running task 664 of 666 (/home/deby/poky/meta-debian/recipes-debian/iptables/iptables_debian.bb:do_package_qa)
NOTE: recipe iptables-1.8.2-r0: task do_populate_lic: Started
NOTE: recipe iptables-1.8.2-r0: task do_populate_lic: Succeeded
NOTE: recipe iptables-1.8.2-r0: task do_package_qa: Started
NOTE: recipe iptables-1.8.2-r0: task do_package_qa: Succeeded
NOTE: Running noexec task 666 of 666 (/home/deby/poky/meta-debian/recipes-debian/iptables/iptables_debian.bb:do_build)
NOTE: Tasks Summary: Attempted 666 tasks of which 663 didn't need to be rerun and all succeeded.
