WARNING: Host distribution "debian-10" has not been validated with this version of the build system; you may possibly experience unexpected failures. It is recommended that you use a tested distribution.
Loading cache...done.
Loaded 1440 entries from dependency cache.
Removing 1 recipes from the mips32r2 sysroot...done.
Removing 2 recipes from the qemumips sysroot...done.
NOTE: Resolving any missing task queue dependencies

Build Configuration:
BB_VERSION           = "1.42.0"
BUILD_SYS            = "x86_64-linux"
NATIVELSBSTRING      = "universal"
TARGET_SYS           = "mips-deby-linux"
MACHINE              = "qemumips"
DISTRO               = "deby"
DISTRO_VERSION       = "10.0"
TUNE_FEATURES        = "o32 bigendian fpu-hard mips32r2"
TARGET_FPU           = ""
meta                 
meta-poky            = "warrior:51223035e66c5b27799b15a0f8ebe75d24d3971b"
meta-debian          = "warrior-trungdt:47b755ebe41c5afc0ea94d75b55c4f0efd8983fe"

Initialising tasks...done.
Sstate summary: Wanted 7 Found 7 Missed 0 Current 45 (100% match, 100% complete)
NOTE: Executing SetScene Tasks
NOTE: Running setscene task 46 of 52 (/home/deby/poky/meta-debian/recipes-kernel/linux-libc-headers/linux-libc-headers-base_git.bb:do_populate_sysroot_setscene)
NOTE: Running setscene task 47 of 52 (/home/deby/poky/meta-debian/recipes-kernel/linux-libc-headers/linux-libc-headers-base_git.bb:do_package_qa_setscene)
NOTE: Running setscene task 48 of 52 (/home/deby/poky/meta-debian/recipes-kernel/linux-libc-headers/linux-libc-headers-base_git.bb:do_package_write_deb_setscene)
NOTE: Running setscene task 49 of 52 (/home/deby/poky/meta-debian/recipes-kernel/linux-libc-headers/linux-libc-headers-base_git.bb:do_populate_lic_setscene)
ERROR: When reparsing /home/deby/poky/meta-debian/recipes-kernel/linux-libc-headers/linux-libc-headers-base_git.bb.do_patch, the basehash value changed from 794aba43c93b827ab8dad47165be6be0d8f92f251bd262635c22313e23128daa to ad76c34176c05413e9fb00995196d5015fc81c93587134874abe5c331acef982. The metadata is not deterministic and this needs to be fixed.
ERROR: When reparsing /home/deby/poky/meta-debian/recipes-kernel/linux-libc-headers/linux-libc-headers-base_git.bb.do_populate_sysroot, the basehash value changed from 200562396159664cf6a42475b97f810338c4576ddb88e6c3cbe3850d9c89730d to 620643e07d55b504e7dc216bd4a1d8bf07c4ffc5bf08b44aea761ddf78038285. The metadata is not deterministic and this needs to be fixed.
ERROR: When reparsing /home/deby/poky/meta-debian/recipes-kernel/linux-libc-headers/linux-libc-headers-base_git.bb.do_fetch, the basehash value changed from 5244d744bc71cb99083f3cea9838c2708f7af4208333fb02a8c2f61841c24933 to fcffecba15f047c95455f477a03c0e9d97fee02f6f76a0c862d49b2d33a69bdd. The metadata is not deterministic and this needs to be fixed.
ERROR: When reparsing /home/deby/poky/meta-debian/recipes-kernel/linux-libc-headers/linux-libc-headers-base_git.bb.do_configure, the basehash value changed from cdd27d9bf38aa46d53cc94a02b5853fada0165fe04f11f4025255f4074d6c4cb to 5063a45ad3fd8a984b6d0b90dedbe0d55ec022e5b3d1f0258e1012442cbe37a0. The metadata is not deterministic and this needs to be fixed.
ERROR: When reparsing /home/deby/poky/meta-debian/recipes-kernel/linux-libc-headers/linux-libc-headers-base_git.bb.do_compile, the basehash value changed from 17b8773b16e89f8e98ef283826a53ca5efb2dff38e51ffeca3598d23e5af9dc0 to 1b2db8f3c133b37dbcec90ce058bc9c52861a08fad3c3a34dac3eb7f013e8e0b. The metadata is not deterministic and this needs to be fixed.
ERROR: When reparsing /home/deby/poky/meta-debian/recipes-kernel/linux-libc-headers/linux-libc-headers-base_git.bb.do_install, the basehash value changed from d4ac2419d45c0023d1ee718a8edea57dfddccf152580f522fad57190a9bec121 to a63951a58c8ff551eee07805f3f1d0ff0ee1ac66d4718a0b11cf2354ddabe923. The metadata is not deterministic and this needs to be fixed.
ERROR: When reparsing /home/deby/poky/meta-debian/recipes-kernel/linux-libc-headers/linux-libc-headers-base_git.bb.do_build, the basehash value changed from 4b584a032c55d770df1209978df8dd339c66cfded1197da07d78b15d40b452a0 to 0112bb45f0a37afe145b0603171e6268f3faf6a5005d729119563f48c094da83. The metadata is not deterministic and this needs to be fixed.
ERROR: When reparsing /home/deby/poky/meta-debian/recipes-kernel/linux-libc-headers/linux-libc-headers-base_git.bb.do_package_qa, the basehash value changed from cb9e66d3cf6ae34ba6034a58ee3ff24f57ad41c42fdeee67002b31fd49f054af to d81c19ad37b8622218c1a0e61df31498b692c1aa7b8ec7c31fd57419b38adf3f. The metadata is not deterministic and this needs to be fixed.
ERROR: When reparsing /home/deby/poky/meta-debian/recipes-kernel/linux-libc-headers/linux-libc-headers-base_git.bb.do_package, the basehash value changed from 8100d816d5c883c14a019e01e5d1e1328c11b002fc72679639fe14437e7ba158 to f6185877a785f580615e856b3c1824cee83ab7761d1dfa9b71e45e5b0ab510cc. The metadata is not deterministic and this needs to be fixed.
ERROR: When reparsing /home/deby/poky/meta-debian/recipes-kernel/linux-libc-headers/linux-libc-headers-base_git.bb.do_packagedata, the basehash value changed from dea47b85056fcb5685ad368c0f7dddaa5f08afb7007df237764bdd22a8886058 to 8472d99801451c12f50d7927d85a379e9489a8eddb8249a7a0f957a4b1e64d12. The metadata is not deterministic and this needs to be fixed.
ERROR: When reparsing /home/deby/poky/meta-debian/recipes-kernel/linux-libc-headers/linux-libc-headers-base_git.bb.do_package_write_deb, the basehash value changed from 116fd3c1d9ae606c6722e9186d6c1b77564d4eb7c915198c9f89ce9d500ad72d to a4b232c196e2b8690117a37b76f520a2aaa37ab3ca552d5d8e34557e0030f4f4. The metadata is not deterministic and this needs to be fixed.
ERROR: When reparsing /home/deby/poky/meta-debian/recipes-kernel/linux-libc-headers/linux-libc-headers-base_git.bb.do_populate_lic, the basehash value changed from 6d628e7a44e739d89449056d6e1f629f3492cec369316a14d5ddad699d49c7e1 to a7a99204cf0466e0e08aa155f217265cda9edcea663bf493eafbcd9bf6e7116d. The metadata is not deterministic and this needs to be fixed.
ERROR: When reparsing /home/deby/poky/meta-debian/recipes-kernel/linux-libc-headers/linux-libc-headers-base_git.bb.do_patch, the basehash value changed from 794aba43c93b827ab8dad47165be6be0d8f92f251bd262635c22313e23128daa to ad76c34176c05413e9fb00995196d5015fc81c93587134874abe5c331acef982. The metadata is not deterministic and this needs to be fixed.
ERROR: When reparsing /home/deby/poky/meta-debian/recipes-kernel/linux-libc-headers/linux-libc-headers-base_git.bb.do_populate_sysroot, the basehash value changed from 200562396159664cf6a42475b97f810338c4576ddb88e6c3cbe3850d9c89730d to 620643e07d55b504e7dc216bd4a1d8bf07c4ffc5bf08b44aea761ddf78038285. The metadata is not deterministic and this needs to be fixed.
ERROR: When reparsing /home/deby/poky/meta-debian/recipes-kernel/linux-libc-headers/linux-libc-headers-base_git.bb.do_fetch, the basehash value changed from 5244d744bc71cb99083f3cea9838c2708f7af4208333fb02a8c2f61841c24933 to fcffecba15f047c95455f477a03c0e9d97fee02f6f76a0c862d49b2d33a69bdd. The metadata is not deterministic and this needs to be fixed.
ERROR: When reparsing /home/deby/poky/meta-debian/recipes-kernel/linux-libc-headers/linux-libc-headers-base_git.bb.do_configure, the basehash value changed from cdd27d9bf38aa46d53cc94a02b5853fada0165fe04f11f4025255f4074d6c4cb to 5063a45ad3fd8a984b6d0b90dedbe0d55ec022e5b3d1f0258e1012442cbe37a0. The metadata is not deterministic and this needs to be fixed.
ERROR: When reparsing /home/deby/poky/meta-debian/recipes-kernel/linux-libc-headers/linux-libc-headers-base_git.bb.do_compile, the basehash value changed from 17b8773b16e89f8e98ef283826a53ca5efb2dff38e51ffeca3598d23e5af9dc0 to 1b2db8f3c133b37dbcec90ce058bc9c52861a08fad3c3a34dac3eb7f013e8e0b. The metadata is not deterministic and this needs to be fixed.
ERROR: When reparsing /home/deby/poky/meta-debian/recipes-kernel/linux-libc-headers/linux-libc-headers-base_git.bb.do_install, the basehash value changed from d4ac2419d45c0023d1ee718a8edea57dfddccf152580f522fad57190a9bec121 to a63951a58c8ff551eee07805f3f1d0ff0ee1ac66d4718a0b11cf2354ddabe923. The metadata is not deterministic and this needs to be fixed.
ERROR: When reparsing /home/deby/poky/meta-debian/recipes-kernel/linux-libc-headers/linux-libc-headers-base_git.bb.do_build, the basehash value changed from 4b584a032c55d770df1209978df8dd339c66cfded1197da07d78b15d40b452a0 to 0112bb45f0a37afe145b0603171e6268f3faf6a5005d729119563f48c094da83. The metadata is not deterministic and this needs to be fixed.
ERROR: When reparsing /home/deby/poky/meta-debian/recipes-kernel/linux-libc-headers/linux-libc-headers-base_git.bb.do_package_qa, the basehash value changed from cb9e66d3cf6ae34ba6034a58ee3ff24f57ad41c42fdeee67002b31fd49f054af to d81c19ad37b8622218c1a0e61df31498b692c1aa7b8ec7c31fd57419b38adf3f. The metadata is not deterministic and this needs to be fixed.
ERROR: When reparsing /home/deby/poky/meta-debian/recipes-kernel/linux-libc-headers/linux-libc-headers-base_git.bb.do_package, the basehash value changed from 8100d816d5c883c14a019e01e5d1e1328c11b002fc72679639fe14437e7ba158 to f6185877a785f580615e856b3c1824cee83ab7761d1dfa9b71e45e5b0ab510cc. The metadata is not deterministic and this needs to be fixed.
ERROR: When reparsing /home/deby/poky/meta-debian/recipes-kernel/linux-libc-headers/linux-libc-headers-base_git.bb.do_packagedata, the basehash value changed from dea47b85056fcb5685ad368c0f7dddaa5f08afb7007df237764bdd22a8886058 to 8472d99801451c12f50d7927d85a379e9489a8eddb8249a7a0f957a4b1e64d12. The metadata is not deterministic and this needs to be fixed.
ERROR: When reparsing /home/deby/poky/meta-debian/recipes-kernel/linux-libc-headers/linux-libc-headers-base_git.bb.do_package_write_deb, the basehash value changed from 116fd3c1d9ae606c6722e9186d6c1b77564d4eb7c915198c9f89ce9d500ad72d to a4b232c196e2b8690117a37b76f520a2aaa37ab3ca552d5d8e34557e0030f4f4. The metadata is not deterministic and this needs to be fixed.
ERROR: When reparsing /home/deby/poky/meta-debian/recipes-kernel/linux-libc-headers/linux-libc-headers-base_git.bb.do_populate_lic, the basehash value changed from 6d628e7a44e739d89449056d6e1f629f3492cec369316a14d5ddad699d49c7e1 to a7a99204cf0466e0e08aa155f217265cda9edcea663bf493eafbcd9bf6e7116d. The metadata is not deterministic and this needs to be fixed.
ERROR: When reparsing /home/deby/poky/meta-debian/recipes-kernel/linux-libc-headers/linux-libc-headers-base_git.bb.do_patch, the basehash value changed from 794aba43c93b827ab8dad47165be6be0d8f92f251bd262635c22313e23128daa to ad76c34176c05413e9fb00995196d5015fc81c93587134874abe5c331acef982. The metadata is not deterministic and this needs to be fixed.
ERROR: When reparsing /home/deby/poky/meta-debian/recipes-kernel/linux-libc-headers/linux-libc-headers-base_git.bb.do_populate_sysroot, the basehash value changed from 200562396159664cf6a42475b97f810338c4576ddb88e6c3cbe3850d9c89730d to 620643e07d55b504e7dc216bd4a1d8bf07c4ffc5bf08b44aea761ddf78038285. The metadata is not deterministic and this needs to be fixed.
ERROR: When reparsing /home/deby/poky/meta-debian/recipes-kernel/linux-libc-headers/linux-libc-headers-base_git.bb.do_fetch, the basehash value changed from 5244d744bc71cb99083f3cea9838c2708f7af4208333fb02a8c2f61841c24933 to fcffecba15f047c95455f477a03c0e9d97fee02f6f76a0c862d49b2d33a69bdd. The metadata is not deterministic and this needs to be fixed.
ERROR: When reparsing /home/deby/poky/meta-debian/recipes-kernel/linux-libc-headers/linux-libc-headers-base_git.bb.do_configure, the basehash value changed from cdd27d9bf38aa46d53cc94a02b5853fada0165fe04f11f4025255f4074d6c4cb to 5063a45ad3fd8a984b6d0b90dedbe0d55ec022e5b3d1f0258e1012442cbe37a0. The metadata is not deterministic and this needs to be fixed.
ERROR: When reparsing /home/deby/poky/meta-debian/recipes-kernel/linux-libc-headers/linux-libc-headers-base_git.bb.do_compile, the basehash value changed from 17b8773b16e89f8e98ef283826a53ca5efb2dff38e51ffeca3598d23e5af9dc0 to 1b2db8f3c133b37dbcec90ce058bc9c52861a08fad3c3a34dac3eb7f013e8e0b. The metadata is not deterministic and this needs to be fixed.
ERROR: When reparsing /home/deby/poky/meta-debian/recipes-kernel/linux-libc-headers/linux-libc-headers-base_git.bb.do_install, the basehash value changed from d4ac2419d45c0023d1ee718a8edea57dfddccf152580f522fad57190a9bec121 to a63951a58c8ff551eee07805f3f1d0ff0ee1ac66d4718a0b11cf2354ddabe923. The metadata is not deterministic and this needs to be fixed.
ERROR: When reparsing /home/deby/poky/meta-debian/recipes-kernel/linux-libc-headers/linux-libc-headers-base_git.bb.do_build, the basehash value changed from 4b584a032c55d770df1209978df8dd339c66cfded1197da07d78b15d40b452a0 to 0112bb45f0a37afe145b0603171e6268f3faf6a5005d729119563f48c094da83. The metadata is not deterministic and this needs to be fixed.
ERROR: When reparsing /home/deby/poky/meta-debian/recipes-kernel/linux-libc-headers/linux-libc-headers-base_git.bb.do_package_qa, the basehash value changed from cb9e66d3cf6ae34ba6034a58ee3ff24f57ad41c42fdeee67002b31fd49f054af to d81c19ad37b8622218c1a0e61df31498b692c1aa7b8ec7c31fd57419b38adf3f. The metadata is not deterministic and this needs to be fixed.
ERROR: When reparsing /home/deby/poky/meta-debian/recipes-kernel/linux-libc-headers/linux-libc-headers-base_git.bb.do_package, the basehash value changed from 8100d816d5c883c14a019e01e5d1e1328c11b002fc72679639fe14437e7ba158 to f6185877a785f580615e856b3c1824cee83ab7761d1dfa9b71e45e5b0ab510cc. The metadata is not deterministic and this needs to be fixed.
ERROR: When reparsing /home/deby/poky/meta-debian/recipes-kernel/linux-libc-headers/linux-libc-headers-base_git.bb.do_packagedata, the basehash value changed from dea47b85056fcb5685ad368c0f7dddaa5f08afb7007df237764bdd22a8886058 to 8472d99801451c12f50d7927d85a379e9489a8eddb8249a7a0f957a4b1e64d12. The metadata is not deterministic and this needs to be fixed.
ERROR: When reparsing /home/deby/poky/meta-debian/recipes-kernel/linux-libc-headers/linux-libc-headers-base_git.bb.do_package_write_deb, the basehash value changed from 116fd3c1d9ae606c6722e9186d6c1b77564d4eb7c915198c9f89ce9d500ad72d to a4b232c196e2b8690117a37b76f520a2aaa37ab3ca552d5d8e34557e0030f4f4. The metadata is not deterministic and this needs to be fixed.
ERROR: When reparsing /home/deby/poky/meta-debian/recipes-kernel/linux-libc-headers/linux-libc-headers-base_git.bb.do_populate_lic, the basehash value changed from 6d628e7a44e739d89449056d6e1f629f3492cec369316a14d5ddad699d49c7e1 to a7a99204cf0466e0e08aa155f217265cda9edcea663bf493eafbcd9bf6e7116d. The metadata is not deterministic and this needs to be fixed.
NOTE: recipe linux-libc-headers-base-gitAUTOINC+2951eded01-r0: task do_populate_lic_setscene: Started
NOTE: recipe linux-libc-headers-base-gitAUTOINC+2951eded01-r0: task do_package_qa_setscene: Started
ERROR: linux-libc-headers-base-gitAUTOINC+2951eded01-r0 do_populate_lic_setscene: No suitable staging package found
ERROR: linux-libc-headers-base-gitAUTOINC+2951eded01-r0 do_populate_lic_setscene: 
WARNING: Logfile for failed setscene task is /home/deby/build/tmp/work/mips32r2-deby-linux/linux-libc-headers-base/gitAUTOINC+2951eded01-r0/temp/log.do_populate_lic_setscene.7665
NOTE: recipe linux-libc-headers-base-gitAUTOINC+2951eded01-r0: task do_populate_sysroot_setscene: Started
ERROR: linux-libc-headers-base-gitAUTOINC+2951eded01-r0 do_package_qa_setscene: No suitable staging package found
ERROR: linux-libc-headers-base-gitAUTOINC+2951eded01-r0 do_package_qa_setscene: 
WARNING: Logfile for failed setscene task is /home/deby/build/tmp/work/mips32r2-deby-linux/linux-libc-headers-base/gitAUTOINC+2951eded01-r0/temp/log.do_package_qa_setscene.7663
WARNING: Setscene task (/home/deby/poky/meta-debian/recipes-kernel/linux-libc-headers/linux-libc-headers-base_git.bb:do_populate_lic_setscene) failed with exit code '1' - real task will be run instead
ERROR: linux-libc-headers-base-gitAUTOINC+2951eded01-r0 do_populate_sysroot_setscene: No suitable staging package found
ERROR: linux-libc-headers-base-gitAUTOINC+2951eded01-r0 do_populate_sysroot_setscene: 
WARNING: Setscene task (/home/deby/poky/meta-debian/recipes-kernel/linux-libc-headers/linux-libc-headers-base_git.bb:do_package_qa_setscene) failed with exit code '1' - real task will be run instead
WARNING: Logfile for failed setscene task is /home/deby/build/tmp/work/mips32r2-deby-linux/linux-libc-headers-base/gitAUTOINC+2951eded01-r0/temp/log.do_populate_sysroot_setscene.7662
ERROR: When reparsing /home/deby/poky/meta-debian/recipes-kernel/linux-libc-headers/linux-libc-headers-base_git.bb.do_patch, the basehash value changed from 794aba43c93b827ab8dad47165be6be0d8f92f251bd262635c22313e23128daa to ad76c34176c05413e9fb00995196d5015fc81c93587134874abe5c331acef982. The metadata is not deterministic and this needs to be fixed.
ERROR: When reparsing /home/deby/poky/meta-debian/recipes-kernel/linux-libc-headers/linux-libc-headers-base_git.bb.do_populate_sysroot, the basehash value changed from 200562396159664cf6a42475b97f810338c4576ddb88e6c3cbe3850d9c89730d to 620643e07d55b504e7dc216bd4a1d8bf07c4ffc5bf08b44aea761ddf78038285. The metadata is not deterministic and this needs to be fixed.
ERROR: When reparsing /home/deby/poky/meta-debian/recipes-kernel/linux-libc-headers/linux-libc-headers-base_git.bb.do_fetch, the basehash value changed from 5244d744bc71cb99083f3cea9838c2708f7af4208333fb02a8c2f61841c24933 to fcffecba15f047c95455f477a03c0e9d97fee02f6f76a0c862d49b2d33a69bdd. The metadata is not deterministic and this needs to be fixed.
ERROR: When reparsing /home/deby/poky/meta-debian/recipes-kernel/linux-libc-headers/linux-libc-headers-base_git.bb.do_configure, the basehash value changed from cdd27d9bf38aa46d53cc94a02b5853fada0165fe04f11f4025255f4074d6c4cb to 5063a45ad3fd8a984b6d0b90dedbe0d55ec022e5b3d1f0258e1012442cbe37a0. The metadata is not deterministic and this needs to be fixed.
ERROR: When reparsing /home/deby/poky/meta-debian/recipes-kernel/linux-libc-headers/linux-libc-headers-base_git.bb.do_compile, the basehash value changed from 17b8773b16e89f8e98ef283826a53ca5efb2dff38e51ffeca3598d23e5af9dc0 to 1b2db8f3c133b37dbcec90ce058bc9c52861a08fad3c3a34dac3eb7f013e8e0b. The metadata is not deterministic and this needs to be fixed.
ERROR: When reparsing /home/deby/poky/meta-debian/recipes-kernel/linux-libc-headers/linux-libc-headers-base_git.bb.do_install, the basehash value changed from d4ac2419d45c0023d1ee718a8edea57dfddccf152580f522fad57190a9bec121 to a63951a58c8ff551eee07805f3f1d0ff0ee1ac66d4718a0b11cf2354ddabe923. The metadata is not deterministic and this needs to be fixed.
ERROR: When reparsing /home/deby/poky/meta-debian/recipes-kernel/linux-libc-headers/linux-libc-headers-base_git.bb.do_build, the basehash value changed from 4b584a032c55d770df1209978df8dd339c66cfded1197da07d78b15d40b452a0 to 0112bb45f0a37afe145b0603171e6268f3faf6a5005d729119563f48c094da83. The metadata is not deterministic and this needs to be fixed.
ERROR: When reparsing /home/deby/poky/meta-debian/recipes-kernel/linux-libc-headers/linux-libc-headers-base_git.bb.do_package_qa, the basehash value changed from cb9e66d3cf6ae34ba6034a58ee3ff24f57ad41c42fdeee67002b31fd49f054af to d81c19ad37b8622218c1a0e61df31498b692c1aa7b8ec7c31fd57419b38adf3f. The metadata is not deterministic and this needs to be fixed.
ERROR: When reparsing /home/deby/poky/meta-debian/recipes-kernel/linux-libc-headers/linux-libc-headers-base_git.bb.do_package, the basehash value changed from 8100d816d5c883c14a019e01e5d1e1328c11b002fc72679639fe14437e7ba158 to f6185877a785f580615e856b3c1824cee83ab7761d1dfa9b71e45e5b0ab510cc. The metadata is not deterministic and this needs to be fixed.
ERROR: When reparsing /home/deby/poky/meta-debian/recipes-kernel/linux-libc-headers/linux-libc-headers-base_git.bb.do_packagedata, the basehash value changed from dea47b85056fcb5685ad368c0f7dddaa5f08afb7007df237764bdd22a8886058 to 8472d99801451c12f50d7927d85a379e9489a8eddb8249a7a0f957a4b1e64d12. The metadata is not deterministic and this needs to be fixed.
ERROR: When reparsing /home/deby/poky/meta-debian/recipes-kernel/linux-libc-headers/linux-libc-headers-base_git.bb.do_package_write_deb, the basehash value changed from 116fd3c1d9ae606c6722e9186d6c1b77564d4eb7c915198c9f89ce9d500ad72d to a4b232c196e2b8690117a37b76f520a2aaa37ab3ca552d5d8e34557e0030f4f4. The metadata is not deterministic and this needs to be fixed.
ERROR: When reparsing /home/deby/poky/meta-debian/recipes-kernel/linux-libc-headers/linux-libc-headers-base_git.bb.do_populate_lic, the basehash value changed from 6d628e7a44e739d89449056d6e1f629f3492cec369316a14d5ddad699d49c7e1 to a7a99204cf0466e0e08aa155f217265cda9edcea663bf493eafbcd9bf6e7116d. The metadata is not deterministic and this needs to be fixed.
WARNING: Setscene task (/home/deby/poky/meta-debian/recipes-kernel/linux-libc-headers/linux-libc-headers-base_git.bb:do_populate_sysroot_setscene) failed with exit code '1' - real task will be run instead
NOTE: Running setscene task 50 of 52 (/home/deby/poky/meta-debian/recipes-debian/binutils/binutils-cross_debian.bb:do_populate_sysroot_setscene)
NOTE: recipe linux-libc-headers-base-gitAUTOINC+2951eded01-r0: task do_package_write_deb_setscene: Started
ERROR: linux-libc-headers-base-gitAUTOINC+2951eded01-r0 do_package_write_deb_setscene: No suitable staging package found
ERROR: linux-libc-headers-base-gitAUTOINC+2951eded01-r0 do_package_write_deb_setscene: 
WARNING: Logfile for failed setscene task is /home/deby/build/tmp/work/mips32r2-deby-linux/linux-libc-headers-base/gitAUTOINC+2951eded01-r0/temp/log.do_package_write_deb_setscene.7664
WARNING: Setscene task (/home/deby/poky/meta-debian/recipes-kernel/linux-libc-headers/linux-libc-headers-base_git.bb:do_package_write_deb_setscene) failed with exit code '1' - real task will be run instead
NOTE: Running setscene task 51 of 52 (/home/deby/poky/meta-debian/recipes-kernel/linux-libc-headers/linux-libc-headers-base_git.bb:do_packagedata_setscene)
ERROR: When reparsing /home/deby/poky/meta-debian/recipes-kernel/linux-libc-headers/linux-libc-headers-base_git.bb.do_patch, the basehash value changed from 794aba43c93b827ab8dad47165be6be0d8f92f251bd262635c22313e23128daa to ad76c34176c05413e9fb00995196d5015fc81c93587134874abe5c331acef982. The metadata is not deterministic and this needs to be fixed.
ERROR: When reparsing /home/deby/poky/meta-debian/recipes-kernel/linux-libc-headers/linux-libc-headers-base_git.bb.do_populate_sysroot, the basehash value changed from 200562396159664cf6a42475b97f810338c4576ddb88e6c3cbe3850d9c89730d to 620643e07d55b504e7dc216bd4a1d8bf07c4ffc5bf08b44aea761ddf78038285. The metadata is not deterministic and this needs to be fixed.
ERROR: When reparsing /home/deby/poky/meta-debian/recipes-kernel/linux-libc-headers/linux-libc-headers-base_git.bb.do_fetch, the basehash value changed from 5244d744bc71cb99083f3cea9838c2708f7af4208333fb02a8c2f61841c24933 to fcffecba15f047c95455f477a03c0e9d97fee02f6f76a0c862d49b2d33a69bdd. The metadata is not deterministic and this needs to be fixed.
ERROR: When reparsing /home/deby/poky/meta-debian/recipes-kernel/linux-libc-headers/linux-libc-headers-base_git.bb.do_configure, the basehash value changed from cdd27d9bf38aa46d53cc94a02b5853fada0165fe04f11f4025255f4074d6c4cb to 5063a45ad3fd8a984b6d0b90dedbe0d55ec022e5b3d1f0258e1012442cbe37a0. The metadata is not deterministic and this needs to be fixed.
ERROR: When reparsing /home/deby/poky/meta-debian/recipes-kernel/linux-libc-headers/linux-libc-headers-base_git.bb.do_compile, the basehash value changed from 17b8773b16e89f8e98ef283826a53ca5efb2dff38e51ffeca3598d23e5af9dc0 to 1b2db8f3c133b37dbcec90ce058bc9c52861a08fad3c3a34dac3eb7f013e8e0b. The metadata is not deterministic and this needs to be fixed.
ERROR: When reparsing /home/deby/poky/meta-debian/recipes-kernel/linux-libc-headers/linux-libc-headers-base_git.bb.do_install, the basehash value changed from d4ac2419d45c0023d1ee718a8edea57dfddccf152580f522fad57190a9bec121 to a63951a58c8ff551eee07805f3f1d0ff0ee1ac66d4718a0b11cf2354ddabe923. The metadata is not deterministic and this needs to be fixed.
ERROR: When reparsing /home/deby/poky/meta-debian/recipes-kernel/linux-libc-headers/linux-libc-headers-base_git.bb.do_build, the basehash value changed from 4b584a032c55d770df1209978df8dd339c66cfded1197da07d78b15d40b452a0 to 0112bb45f0a37afe145b0603171e6268f3faf6a5005d729119563f48c094da83. The metadata is not deterministic and this needs to be fixed.
ERROR: When reparsing /home/deby/poky/meta-debian/recipes-kernel/linux-libc-headers/linux-libc-headers-base_git.bb.do_package_qa, the basehash value changed from cb9e66d3cf6ae34ba6034a58ee3ff24f57ad41c42fdeee67002b31fd49f054af to d81c19ad37b8622218c1a0e61df31498b692c1aa7b8ec7c31fd57419b38adf3f. The metadata is not deterministic and this needs to be fixed.
ERROR: When reparsing /home/deby/poky/meta-debian/recipes-kernel/linux-libc-headers/linux-libc-headers-base_git.bb.do_package, the basehash value changed from 8100d816d5c883c14a019e01e5d1e1328c11b002fc72679639fe14437e7ba158 to f6185877a785f580615e856b3c1824cee83ab7761d1dfa9b71e45e5b0ab510cc. The metadata is not deterministic and this needs to be fixed.
ERROR: When reparsing /home/deby/poky/meta-debian/recipes-kernel/linux-libc-headers/linux-libc-headers-base_git.bb.do_packagedata, the basehash value changed from dea47b85056fcb5685ad368c0f7dddaa5f08afb7007df237764bdd22a8886058 to 8472d99801451c12f50d7927d85a379e9489a8eddb8249a7a0f957a4b1e64d12. The metadata is not deterministic and this needs to be fixed.
ERROR: When reparsing /home/deby/poky/meta-debian/recipes-kernel/linux-libc-headers/linux-libc-headers-base_git.bb.do_package_write_deb, the basehash value changed from 116fd3c1d9ae606c6722e9186d6c1b77564d4eb7c915198c9f89ce9d500ad72d to a4b232c196e2b8690117a37b76f520a2aaa37ab3ca552d5d8e34557e0030f4f4. The metadata is not deterministic and this needs to be fixed.
ERROR: When reparsing /home/deby/poky/meta-debian/recipes-kernel/linux-libc-headers/linux-libc-headers-base_git.bb.do_populate_lic, the basehash value changed from 6d628e7a44e739d89449056d6e1f629f3492cec369316a14d5ddad699d49c7e1 to a7a99204cf0466e0e08aa155f217265cda9edcea663bf493eafbcd9bf6e7116d. The metadata is not deterministic and this needs to be fixed.
NOTE: recipe linux-libc-headers-base-gitAUTOINC+2951eded01-r0: task do_packagedata_setscene: Started
ERROR: linux-libc-headers-base-gitAUTOINC+2951eded01-r0 do_packagedata_setscene: No suitable staging package found
ERROR: linux-libc-headers-base-gitAUTOINC+2951eded01-r0 do_packagedata_setscene: 
WARNING: Logfile for failed setscene task is /home/deby/build/tmp/work/mips32r2-deby-linux/linux-libc-headers-base/gitAUTOINC+2951eded01-r0/temp/log.do_packagedata_setscene.7679
WARNING: Setscene task (/home/deby/poky/meta-debian/recipes-kernel/linux-libc-headers/linux-libc-headers-base_git.bb:do_packagedata_setscene) failed with exit code '1' - real task will be run instead
NOTE: Running setscene task 52 of 52 (/home/deby/poky/meta-debian/recipes-kernel/linux-libc-headers/linux-libc-headers-base_git.bb:do_package_setscene)
NOTE: recipe binutils-cross-mips-2.31.1-r0: task do_populate_sysroot_setscene: Started
ERROR: When reparsing /home/deby/poky/meta-debian/recipes-kernel/linux-libc-headers/linux-libc-headers-base_git.bb.do_patch, the basehash value changed from 794aba43c93b827ab8dad47165be6be0d8f92f251bd262635c22313e23128daa to ad76c34176c05413e9fb00995196d5015fc81c93587134874abe5c331acef982. The metadata is not deterministic and this needs to be fixed.
ERROR: When reparsing /home/deby/poky/meta-debian/recipes-kernel/linux-libc-headers/linux-libc-headers-base_git.bb.do_populate_sysroot, the basehash value changed from 200562396159664cf6a42475b97f810338c4576ddb88e6c3cbe3850d9c89730d to 620643e07d55b504e7dc216bd4a1d8bf07c4ffc5bf08b44aea761ddf78038285. The metadata is not deterministic and this needs to be fixed.
ERROR: When reparsing /home/deby/poky/meta-debian/recipes-kernel/linux-libc-headers/linux-libc-headers-base_git.bb.do_fetch, the basehash value changed from 5244d744bc71cb99083f3cea9838c2708f7af4208333fb02a8c2f61841c24933 to fcffecba15f047c95455f477a03c0e9d97fee02f6f76a0c862d49b2d33a69bdd. The metadata is not deterministic and this needs to be fixed.
ERROR: When reparsing /home/deby/poky/meta-debian/recipes-kernel/linux-libc-headers/linux-libc-headers-base_git.bb.do_configure, the basehash value changed from cdd27d9bf38aa46d53cc94a02b5853fada0165fe04f11f4025255f4074d6c4cb to 5063a45ad3fd8a984b6d0b90dedbe0d55ec022e5b3d1f0258e1012442cbe37a0. The metadata is not deterministic and this needs to be fixed.
ERROR: When reparsing /home/deby/poky/meta-debian/recipes-kernel/linux-libc-headers/linux-libc-headers-base_git.bb.do_compile, the basehash value changed from 17b8773b16e89f8e98ef283826a53ca5efb2dff38e51ffeca3598d23e5af9dc0 to 1b2db8f3c133b37dbcec90ce058bc9c52861a08fad3c3a34dac3eb7f013e8e0b. The metadata is not deterministic and this needs to be fixed.
ERROR: When reparsing /home/deby/poky/meta-debian/recipes-kernel/linux-libc-headers/linux-libc-headers-base_git.bb.do_install, the basehash value changed from d4ac2419d45c0023d1ee718a8edea57dfddccf152580f522fad57190a9bec121 to a63951a58c8ff551eee07805f3f1d0ff0ee1ac66d4718a0b11cf2354ddabe923. The metadata is not deterministic and this needs to be fixed.
ERROR: When reparsing /home/deby/poky/meta-debian/recipes-kernel/linux-libc-headers/linux-libc-headers-base_git.bb.do_build, the basehash value changed from 4b584a032c55d770df1209978df8dd339c66cfded1197da07d78b15d40b452a0 to 0112bb45f0a37afe145b0603171e6268f3faf6a5005d729119563f48c094da83. The metadata is not deterministic and this needs to be fixed.
ERROR: When reparsing /home/deby/poky/meta-debian/recipes-kernel/linux-libc-headers/linux-libc-headers-base_git.bb.do_package_qa, the basehash value changed from cb9e66d3cf6ae34ba6034a58ee3ff24f57ad41c42fdeee67002b31fd49f054af to d81c19ad37b8622218c1a0e61df31498b692c1aa7b8ec7c31fd57419b38adf3f. The metadata is not deterministic and this needs to be fixed.
ERROR: When reparsing /home/deby/poky/meta-debian/recipes-kernel/linux-libc-headers/linux-libc-headers-base_git.bb.do_package, the basehash value changed from 8100d816d5c883c14a019e01e5d1e1328c11b002fc72679639fe14437e7ba158 to f6185877a785f580615e856b3c1824cee83ab7761d1dfa9b71e45e5b0ab510cc. The metadata is not deterministic and this needs to be fixed.
ERROR: When reparsing /home/deby/poky/meta-debian/recipes-kernel/linux-libc-headers/linux-libc-headers-base_git.bb.do_packagedata, the basehash value changed from dea47b85056fcb5685ad368c0f7dddaa5f08afb7007df237764bdd22a8886058 to 8472d99801451c12f50d7927d85a379e9489a8eddb8249a7a0f957a4b1e64d12. The metadata is not deterministic and this needs to be fixed.
ERROR: When reparsing /home/deby/poky/meta-debian/recipes-kernel/linux-libc-headers/linux-libc-headers-base_git.bb.do_package_write_deb, the basehash value changed from 116fd3c1d9ae606c6722e9186d6c1b77564d4eb7c915198c9f89ce9d500ad72d to a4b232c196e2b8690117a37b76f520a2aaa37ab3ca552d5d8e34557e0030f4f4. The metadata is not deterministic and this needs to be fixed.
ERROR: When reparsing /home/deby/poky/meta-debian/recipes-kernel/linux-libc-headers/linux-libc-headers-base_git.bb.do_populate_lic, the basehash value changed from 6d628e7a44e739d89449056d6e1f629f3492cec369316a14d5ddad699d49c7e1 to a7a99204cf0466e0e08aa155f217265cda9edcea663bf493eafbcd9bf6e7116d. The metadata is not deterministic and this needs to be fixed.
NOTE: recipe linux-libc-headers-base-gitAUTOINC+2951eded01-r0: task do_package_setscene: Started
ERROR: linux-libc-headers-base-gitAUTOINC+2951eded01-r0 do_package_setscene: No suitable staging package found
ERROR: linux-libc-headers-base-gitAUTOINC+2951eded01-r0 do_package_setscene: 
WARNING: Logfile for failed setscene task is /home/deby/build/tmp/work/mips32r2-deby-linux/linux-libc-headers-base/gitAUTOINC+2951eded01-r0/temp/log.do_package_setscene.7691
WARNING: Setscene task (/home/deby/poky/meta-debian/recipes-kernel/linux-libc-headers/linux-libc-headers-base_git.bb:do_package_setscene) failed with exit code '1' - real task will be run instead
NOTE: recipe binutils-cross-mips-2.31.1-r0: task do_populate_sysroot_setscene: Succeeded
NOTE: Executing RunQueue Tasks
NOTE: Running task 176 of 412 (/home/deby/poky/meta-debian/recipes-kernel/linux-libc-headers/linux-libc-headers-base_git.bb:do_fetch)
ERROR: When reparsing /home/deby/poky/meta-debian/recipes-kernel/linux-libc-headers/linux-libc-headers-base_git.bb.do_patch, the basehash value changed from 794aba43c93b827ab8dad47165be6be0d8f92f251bd262635c22313e23128daa to ad76c34176c05413e9fb00995196d5015fc81c93587134874abe5c331acef982. The metadata is not deterministic and this needs to be fixed.
ERROR: When reparsing /home/deby/poky/meta-debian/recipes-kernel/linux-libc-headers/linux-libc-headers-base_git.bb.do_populate_sysroot, the basehash value changed from 200562396159664cf6a42475b97f810338c4576ddb88e6c3cbe3850d9c89730d to 620643e07d55b504e7dc216bd4a1d8bf07c4ffc5bf08b44aea761ddf78038285. The metadata is not deterministic and this needs to be fixed.
ERROR: When reparsing /home/deby/poky/meta-debian/recipes-kernel/linux-libc-headers/linux-libc-headers-base_git.bb.do_fetch, the basehash value changed from 5244d744bc71cb99083f3cea9838c2708f7af4208333fb02a8c2f61841c24933 to fcffecba15f047c95455f477a03c0e9d97fee02f6f76a0c862d49b2d33a69bdd. The metadata is not deterministic and this needs to be fixed.
ERROR: When reparsing /home/deby/poky/meta-debian/recipes-kernel/linux-libc-headers/linux-libc-headers-base_git.bb.do_configure, the basehash value changed from cdd27d9bf38aa46d53cc94a02b5853fada0165fe04f11f4025255f4074d6c4cb to 5063a45ad3fd8a984b6d0b90dedbe0d55ec022e5b3d1f0258e1012442cbe37a0. The metadata is not deterministic and this needs to be fixed.
ERROR: When reparsing /home/deby/poky/meta-debian/recipes-kernel/linux-libc-headers/linux-libc-headers-base_git.bb.do_compile, the basehash value changed from 17b8773b16e89f8e98ef283826a53ca5efb2dff38e51ffeca3598d23e5af9dc0 to 1b2db8f3c133b37dbcec90ce058bc9c52861a08fad3c3a34dac3eb7f013e8e0b. The metadata is not deterministic and this needs to be fixed.
ERROR: When reparsing /home/deby/poky/meta-debian/recipes-kernel/linux-libc-headers/linux-libc-headers-base_git.bb.do_install, the basehash value changed from d4ac2419d45c0023d1ee718a8edea57dfddccf152580f522fad57190a9bec121 to a63951a58c8ff551eee07805f3f1d0ff0ee1ac66d4718a0b11cf2354ddabe923. The metadata is not deterministic and this needs to be fixed.
ERROR: When reparsing /home/deby/poky/meta-debian/recipes-kernel/linux-libc-headers/linux-libc-headers-base_git.bb.do_build, the basehash value changed from 4b584a032c55d770df1209978df8dd339c66cfded1197da07d78b15d40b452a0 to 0112bb45f0a37afe145b0603171e6268f3faf6a5005d729119563f48c094da83. The metadata is not deterministic and this needs to be fixed.
ERROR: When reparsing /home/deby/poky/meta-debian/recipes-kernel/linux-libc-headers/linux-libc-headers-base_git.bb.do_package_qa, the basehash value changed from cb9e66d3cf6ae34ba6034a58ee3ff24f57ad41c42fdeee67002b31fd49f054af to d81c19ad37b8622218c1a0e61df31498b692c1aa7b8ec7c31fd57419b38adf3f. The metadata is not deterministic and this needs to be fixed.
ERROR: When reparsing /home/deby/poky/meta-debian/recipes-kernel/linux-libc-headers/linux-libc-headers-base_git.bb.do_package, the basehash value changed from 8100d816d5c883c14a019e01e5d1e1328c11b002fc72679639fe14437e7ba158 to f6185877a785f580615e856b3c1824cee83ab7761d1dfa9b71e45e5b0ab510cc. The metadata is not deterministic and this needs to be fixed.
ERROR: When reparsing /home/deby/poky/meta-debian/recipes-kernel/linux-libc-headers/linux-libc-headers-base_git.bb.do_packagedata, the basehash value changed from dea47b85056fcb5685ad368c0f7dddaa5f08afb7007df237764bdd22a8886058 to 8472d99801451c12f50d7927d85a379e9489a8eddb8249a7a0f957a4b1e64d12. The metadata is not deterministic and this needs to be fixed.
ERROR: When reparsing /home/deby/poky/meta-debian/recipes-kernel/linux-libc-headers/linux-libc-headers-base_git.bb.do_package_write_deb, the basehash value changed from 116fd3c1d9ae606c6722e9186d6c1b77564d4eb7c915198c9f89ce9d500ad72d to a4b232c196e2b8690117a37b76f520a2aaa37ab3ca552d5d8e34557e0030f4f4. The metadata is not deterministic and this needs to be fixed.
ERROR: When reparsing /home/deby/poky/meta-debian/recipes-kernel/linux-libc-headers/linux-libc-headers-base_git.bb.do_populate_lic, the basehash value changed from 6d628e7a44e739d89449056d6e1f629f3492cec369316a14d5ddad699d49c7e1 to a7a99204cf0466e0e08aa155f217265cda9edcea663bf493eafbcd9bf6e7116d. The metadata is not deterministic and this needs to be fixed.
NOTE: recipe linux-libc-headers-base-gitAUTOINC+2951eded01-r0: task do_fetch: Started
ERROR: linux-libc-headers-base-gitAUTOINC+2951eded01-r0 do_fetch: Taskhash mismatch f4bfe66dafdd3a7ea31adc8b568db51128cb8d4019808d3db476eee4131ae78f versus fbac134209c6df8fdf2ce7bf6e0b2f3e780186e1442621dd86d7e3e01efefe13 for /home/deby/poky/meta-debian/recipes-kernel/linux-libc-headers/linux-libc-headers-base_git.bb.do_fetch
NOTE: recipe linux-libc-headers-base-gitAUTOINC+2951eded01-r0: task do_fetch: Succeeded
ERROR: Taskhash mismatch f4bfe66dafdd3a7ea31adc8b568db51128cb8d4019808d3db476eee4131ae78f versus fbac134209c6df8fdf2ce7bf6e0b2f3e780186e1442621dd86d7e3e01efefe13 for /home/deby/poky/meta-debian/recipes-kernel/linux-libc-headers/linux-libc-headers-base_git.bb.do_fetch
NOTE: Running task 400 of 412 (/home/deby/poky/meta-debian/recipes-kernel/linux-libc-headers/linux-libc-headers-base_git.bb:do_unpack)
NOTE: Running task 401 of 412 (/home/deby/poky/meta-debian/recipes-kernel/linux-libc-headers/linux-libc-headers-base_git.bb:do_prepare_recipe_sysroot)
ERROR: When reparsing /home/deby/poky/meta-debian/recipes-kernel/linux-libc-headers/linux-libc-headers-base_git.bb.do_patch, the basehash value changed from 794aba43c93b827ab8dad47165be6be0d8f92f251bd262635c22313e23128daa to ad76c34176c05413e9fb00995196d5015fc81c93587134874abe5c331acef982. The metadata is not deterministic and this needs to be fixed.
ERROR: When reparsing /home/deby/poky/meta-debian/recipes-kernel/linux-libc-headers/linux-libc-headers-base_git.bb.do_populate_sysroot, the basehash value changed from 200562396159664cf6a42475b97f810338c4576ddb88e6c3cbe3850d9c89730d to 620643e07d55b504e7dc216bd4a1d8bf07c4ffc5bf08b44aea761ddf78038285. The metadata is not deterministic and this needs to be fixed.
ERROR: When reparsing /home/deby/poky/meta-debian/recipes-kernel/linux-libc-headers/linux-libc-headers-base_git.bb.do_fetch, the basehash value changed from 5244d744bc71cb99083f3cea9838c2708f7af4208333fb02a8c2f61841c24933 to fcffecba15f047c95455f477a03c0e9d97fee02f6f76a0c862d49b2d33a69bdd. The metadata is not deterministic and this needs to be fixed.
ERROR: When reparsing /home/deby/poky/meta-debian/recipes-kernel/linux-libc-headers/linux-libc-headers-base_git.bb.do_configure, the basehash value changed from cdd27d9bf38aa46d53cc94a02b5853fada0165fe04f11f4025255f4074d6c4cb to 5063a45ad3fd8a984b6d0b90dedbe0d55ec022e5b3d1f0258e1012442cbe37a0. The metadata is not deterministic and this needs to be fixed.
ERROR: When reparsing /home/deby/poky/meta-debian/recipes-kernel/linux-libc-headers/linux-libc-headers-base_git.bb.do_compile, the basehash value changed from 17b8773b16e89f8e98ef283826a53ca5efb2dff38e51ffeca3598d23e5af9dc0 to 1b2db8f3c133b37dbcec90ce058bc9c52861a08fad3c3a34dac3eb7f013e8e0b. The metadata is not deterministic and this needs to be fixed.
ERROR: When reparsing /home/deby/poky/meta-debian/recipes-kernel/linux-libc-headers/linux-libc-headers-base_git.bb.do_install, the basehash value changed from d4ac2419d45c0023d1ee718a8edea57dfddccf152580f522fad57190a9bec121 to a63951a58c8ff551eee07805f3f1d0ff0ee1ac66d4718a0b11cf2354ddabe923. The metadata is not deterministic and this needs to be fixed.
ERROR: When reparsing /home/deby/poky/meta-debian/recipes-kernel/linux-libc-headers/linux-libc-headers-base_git.bb.do_build, the basehash value changed from 4b584a032c55d770df1209978df8dd339c66cfded1197da07d78b15d40b452a0 to 0112bb45f0a37afe145b0603171e6268f3faf6a5005d729119563f48c094da83. The metadata is not deterministic and this needs to be fixed.
ERROR: When reparsing /home/deby/poky/meta-debian/recipes-kernel/linux-libc-headers/linux-libc-headers-base_git.bb.do_package_qa, the basehash value changed from cb9e66d3cf6ae34ba6034a58ee3ff24f57ad41c42fdeee67002b31fd49f054af to d81c19ad37b8622218c1a0e61df31498b692c1aa7b8ec7c31fd57419b38adf3f. The metadata is not deterministic and this needs to be fixed.
ERROR: When reparsing /home/deby/poky/meta-debian/recipes-kernel/linux-libc-headers/linux-libc-headers-base_git.bb.do_package, the basehash value changed from 8100d816d5c883c14a019e01e5d1e1328c11b002fc72679639fe14437e7ba158 to f6185877a785f580615e856b3c1824cee83ab7761d1dfa9b71e45e5b0ab510cc. The metadata is not deterministic and this needs to be fixed.
ERROR: When reparsing /home/deby/poky/meta-debian/recipes-kernel/linux-libc-headers/linux-libc-headers-base_git.bb.do_packagedata, the basehash value changed from dea47b85056fcb5685ad368c0f7dddaa5f08afb7007df237764bdd22a8886058 to 8472d99801451c12f50d7927d85a379e9489a8eddb8249a7a0f957a4b1e64d12. The metadata is not deterministic and this needs to be fixed.
ERROR: When reparsing /home/deby/poky/meta-debian/recipes-kernel/linux-libc-headers/linux-libc-headers-base_git.bb.do_package_write_deb, the basehash value changed from 116fd3c1d9ae606c6722e9186d6c1b77564d4eb7c915198c9f89ce9d500ad72d to a4b232c196e2b8690117a37b76f520a2aaa37ab3ca552d5d8e34557e0030f4f4. The metadata is not deterministic and this needs to be fixed.
ERROR: When reparsing /home/deby/poky/meta-debian/recipes-kernel/linux-libc-headers/linux-libc-headers-base_git.bb.do_populate_lic, the basehash value changed from 6d628e7a44e739d89449056d6e1f629f3492cec369316a14d5ddad699d49c7e1 to a7a99204cf0466e0e08aa155f217265cda9edcea663bf493eafbcd9bf6e7116d. The metadata is not deterministic and this needs to be fixed.
ERROR: When reparsing /home/deby/poky/meta-debian/recipes-kernel/linux-libc-headers/linux-libc-headers-base_git.bb.do_patch, the basehash value changed from 794aba43c93b827ab8dad47165be6be0d8f92f251bd262635c22313e23128daa to ad76c34176c05413e9fb00995196d5015fc81c93587134874abe5c331acef982. The metadata is not deterministic and this needs to be fixed.
ERROR: When reparsing /home/deby/poky/meta-debian/recipes-kernel/linux-libc-headers/linux-libc-headers-base_git.bb.do_populate_sysroot, the basehash value changed from 200562396159664cf6a42475b97f810338c4576ddb88e6c3cbe3850d9c89730d to 620643e07d55b504e7dc216bd4a1d8bf07c4ffc5bf08b44aea761ddf78038285. The metadata is not deterministic and this needs to be fixed.
ERROR: When reparsing /home/deby/poky/meta-debian/recipes-kernel/linux-libc-headers/linux-libc-headers-base_git.bb.do_fetch, the basehash value changed from 5244d744bc71cb99083f3cea9838c2708f7af4208333fb02a8c2f61841c24933 to fcffecba15f047c95455f477a03c0e9d97fee02f6f76a0c862d49b2d33a69bdd. The metadata is not deterministic and this needs to be fixed.
ERROR: When reparsing /home/deby/poky/meta-debian/recipes-kernel/linux-libc-headers/linux-libc-headers-base_git.bb.do_configure, the basehash value changed from cdd27d9bf38aa46d53cc94a02b5853fada0165fe04f11f4025255f4074d6c4cb to 5063a45ad3fd8a984b6d0b90dedbe0d55ec022e5b3d1f0258e1012442cbe37a0. The metadata is not deterministic and this needs to be fixed.
ERROR: When reparsing /home/deby/poky/meta-debian/recipes-kernel/linux-libc-headers/linux-libc-headers-base_git.bb.do_compile, the basehash value changed from 17b8773b16e89f8e98ef283826a53ca5efb2dff38e51ffeca3598d23e5af9dc0 to 1b2db8f3c133b37dbcec90ce058bc9c52861a08fad3c3a34dac3eb7f013e8e0b. The metadata is not deterministic and this needs to be fixed.
ERROR: When reparsing /home/deby/poky/meta-debian/recipes-kernel/linux-libc-headers/linux-libc-headers-base_git.bb.do_install, the basehash value changed from d4ac2419d45c0023d1ee718a8edea57dfddccf152580f522fad57190a9bec121 to a63951a58c8ff551eee07805f3f1d0ff0ee1ac66d4718a0b11cf2354ddabe923. The metadata is not deterministic and this needs to be fixed.
ERROR: When reparsing /home/deby/poky/meta-debian/recipes-kernel/linux-libc-headers/linux-libc-headers-base_git.bb.do_build, the basehash value changed from 4b584a032c55d770df1209978df8dd339c66cfded1197da07d78b15d40b452a0 to 0112bb45f0a37afe145b0603171e6268f3faf6a5005d729119563f48c094da83. The metadata is not deterministic and this needs to be fixed.
ERROR: When reparsing /home/deby/poky/meta-debian/recipes-kernel/linux-libc-headers/linux-libc-headers-base_git.bb.do_package_qa, the basehash value changed from cb9e66d3cf6ae34ba6034a58ee3ff24f57ad41c42fdeee67002b31fd49f054af to d81c19ad37b8622218c1a0e61df31498b692c1aa7b8ec7c31fd57419b38adf3f. The metadata is not deterministic and this needs to be fixed.
ERROR: When reparsing /home/deby/poky/meta-debian/recipes-kernel/linux-libc-headers/linux-libc-headers-base_git.bb.do_package, the basehash value changed from 8100d816d5c883c14a019e01e5d1e1328c11b002fc72679639fe14437e7ba158 to f6185877a785f580615e856b3c1824cee83ab7761d1dfa9b71e45e5b0ab510cc. The metadata is not deterministic and this needs to be fixed.
ERROR: When reparsing /home/deby/poky/meta-debian/recipes-kernel/linux-libc-headers/linux-libc-headers-base_git.bb.do_packagedata, the basehash value changed from dea47b85056fcb5685ad368c0f7dddaa5f08afb7007df237764bdd22a8886058 to 8472d99801451c12f50d7927d85a379e9489a8eddb8249a7a0f957a4b1e64d12. The metadata is not deterministic and this needs to be fixed.
ERROR: When reparsing /home/deby/poky/meta-debian/recipes-kernel/linux-libc-headers/linux-libc-headers-base_git.bb.do_package_write_deb, the basehash value changed from 116fd3c1d9ae606c6722e9186d6c1b77564d4eb7c915198c9f89ce9d500ad72d to a4b232c196e2b8690117a37b76f520a2aaa37ab3ca552d5d8e34557e0030f4f4. The metadata is not deterministic and this needs to be fixed.
ERROR: When reparsing /home/deby/poky/meta-debian/recipes-kernel/linux-libc-headers/linux-libc-headers-base_git.bb.do_populate_lic, the basehash value changed from 6d628e7a44e739d89449056d6e1f629f3492cec369316a14d5ddad699d49c7e1 to a7a99204cf0466e0e08aa155f217265cda9edcea663bf493eafbcd9bf6e7116d. The metadata is not deterministic and this needs to be fixed.
NOTE: recipe linux-libc-headers-base-gitAUTOINC+2951eded01-r0: task do_unpack: Started
NOTE: recipe linux-libc-headers-base-gitAUTOINC+2951eded01-r0: task do_prepare_recipe_sysroot: Started
NOTE: recipe linux-libc-headers-base-gitAUTOINC+2951eded01-r0: task do_prepare_recipe_sysroot: Succeeded
NOTE: recipe linux-libc-headers-base-gitAUTOINC+2951eded01-r0: task do_unpack: Succeeded
NOTE: Running task 402 of 412 (/home/deby/poky/meta-debian/recipes-kernel/linux-libc-headers/linux-libc-headers-base_git.bb:do_patch)
ERROR: When reparsing /home/deby/poky/meta-debian/recipes-kernel/linux-libc-headers/linux-libc-headers-base_git.bb.do_patch, the basehash value changed from 794aba43c93b827ab8dad47165be6be0d8f92f251bd262635c22313e23128daa to ad76c34176c05413e9fb00995196d5015fc81c93587134874abe5c331acef982. The metadata is not deterministic and this needs to be fixed.
ERROR: When reparsing /home/deby/poky/meta-debian/recipes-kernel/linux-libc-headers/linux-libc-headers-base_git.bb.do_populate_sysroot, the basehash value changed from 200562396159664cf6a42475b97f810338c4576ddb88e6c3cbe3850d9c89730d to 620643e07d55b504e7dc216bd4a1d8bf07c4ffc5bf08b44aea761ddf78038285. The metadata is not deterministic and this needs to be fixed.
ERROR: When reparsing /home/deby/poky/meta-debian/recipes-kernel/linux-libc-headers/linux-libc-headers-base_git.bb.do_fetch, the basehash value changed from 5244d744bc71cb99083f3cea9838c2708f7af4208333fb02a8c2f61841c24933 to fcffecba15f047c95455f477a03c0e9d97fee02f6f76a0c862d49b2d33a69bdd. The metadata is not deterministic and this needs to be fixed.
ERROR: When reparsing /home/deby/poky/meta-debian/recipes-kernel/linux-libc-headers/linux-libc-headers-base_git.bb.do_configure, the basehash value changed from cdd27d9bf38aa46d53cc94a02b5853fada0165fe04f11f4025255f4074d6c4cb to 5063a45ad3fd8a984b6d0b90dedbe0d55ec022e5b3d1f0258e1012442cbe37a0. The metadata is not deterministic and this needs to be fixed.
ERROR: When reparsing /home/deby/poky/meta-debian/recipes-kernel/linux-libc-headers/linux-libc-headers-base_git.bb.do_compile, the basehash value changed from 17b8773b16e89f8e98ef283826a53ca5efb2dff38e51ffeca3598d23e5af9dc0 to 1b2db8f3c133b37dbcec90ce058bc9c52861a08fad3c3a34dac3eb7f013e8e0b. The metadata is not deterministic and this needs to be fixed.
ERROR: When reparsing /home/deby/poky/meta-debian/recipes-kernel/linux-libc-headers/linux-libc-headers-base_git.bb.do_install, the basehash value changed from d4ac2419d45c0023d1ee718a8edea57dfddccf152580f522fad57190a9bec121 to a63951a58c8ff551eee07805f3f1d0ff0ee1ac66d4718a0b11cf2354ddabe923. The metadata is not deterministic and this needs to be fixed.
ERROR: When reparsing /home/deby/poky/meta-debian/recipes-kernel/linux-libc-headers/linux-libc-headers-base_git.bb.do_build, the basehash value changed from 4b584a032c55d770df1209978df8dd339c66cfded1197da07d78b15d40b452a0 to 0112bb45f0a37afe145b0603171e6268f3faf6a5005d729119563f48c094da83. The metadata is not deterministic and this needs to be fixed.
ERROR: When reparsing /home/deby/poky/meta-debian/recipes-kernel/linux-libc-headers/linux-libc-headers-base_git.bb.do_package_qa, the basehash value changed from cb9e66d3cf6ae34ba6034a58ee3ff24f57ad41c42fdeee67002b31fd49f054af to d81c19ad37b8622218c1a0e61df31498b692c1aa7b8ec7c31fd57419b38adf3f. The metadata is not deterministic and this needs to be fixed.
ERROR: When reparsing /home/deby/poky/meta-debian/recipes-kernel/linux-libc-headers/linux-libc-headers-base_git.bb.do_package, the basehash value changed from 8100d816d5c883c14a019e01e5d1e1328c11b002fc72679639fe14437e7ba158 to f6185877a785f580615e856b3c1824cee83ab7761d1dfa9b71e45e5b0ab510cc. The metadata is not deterministic and this needs to be fixed.
ERROR: When reparsing /home/deby/poky/meta-debian/recipes-kernel/linux-libc-headers/linux-libc-headers-base_git.bb.do_packagedata, the basehash value changed from dea47b85056fcb5685ad368c0f7dddaa5f08afb7007df237764bdd22a8886058 to 8472d99801451c12f50d7927d85a379e9489a8eddb8249a7a0f957a4b1e64d12. The metadata is not deterministic and this needs to be fixed.
ERROR: When reparsing /home/deby/poky/meta-debian/recipes-kernel/linux-libc-headers/linux-libc-headers-base_git.bb.do_package_write_deb, the basehash value changed from 116fd3c1d9ae606c6722e9186d6c1b77564d4eb7c915198c9f89ce9d500ad72d to a4b232c196e2b8690117a37b76f520a2aaa37ab3ca552d5d8e34557e0030f4f4. The metadata is not deterministic and this needs to be fixed.
ERROR: When reparsing /home/deby/poky/meta-debian/recipes-kernel/linux-libc-headers/linux-libc-headers-base_git.bb.do_populate_lic, the basehash value changed from 6d628e7a44e739d89449056d6e1f629f3492cec369316a14d5ddad699d49c7e1 to a7a99204cf0466e0e08aa155f217265cda9edcea663bf493eafbcd9bf6e7116d. The metadata is not deterministic and this needs to be fixed.
NOTE: recipe linux-libc-headers-base-gitAUTOINC+2951eded01-r0: task do_patch: Started
ERROR: linux-libc-headers-base-gitAUTOINC+2951eded01-r0 do_patch: Taskhash mismatch 4a81a565f18df76704e7b84d203ee4bf9ff7711f0c656ebac8b1d1a6281c82fa versus 2356e8fc19da35cf94dfdd1091da11fc923ce217fa7d75d5197de03ef7dc666e for /home/deby/poky/meta-debian/recipes-kernel/linux-libc-headers/linux-libc-headers-base_git.bb.do_patch
NOTE: recipe linux-libc-headers-base-gitAUTOINC+2951eded01-r0: task do_patch: Succeeded
ERROR: Taskhash mismatch 4a81a565f18df76704e7b84d203ee4bf9ff7711f0c656ebac8b1d1a6281c82fa versus 2356e8fc19da35cf94dfdd1091da11fc923ce217fa7d75d5197de03ef7dc666e for /home/deby/poky/meta-debian/recipes-kernel/linux-libc-headers/linux-libc-headers-base_git.bb.do_patch
NOTE: Running noexec task 403 of 412 (/home/deby/poky/meta-debian/recipes-kernel/linux-libc-headers/linux-libc-headers-base_git.bb:do_configure)
NOTE: Running noexec task 404 of 412 (/home/deby/poky/meta-debian/recipes-kernel/linux-libc-headers/linux-libc-headers-base_git.bb:do_compile)
NOTE: Running task 405 of 412 (/home/deby/poky/meta-debian/recipes-kernel/linux-libc-headers/linux-libc-headers-base_git.bb:do_install)
NOTE: Running task 406 of 412 (/home/deby/poky/meta-debian/recipes-kernel/linux-libc-headers/linux-libc-headers-base_git.bb:do_populate_lic)
ERROR: When reparsing /home/deby/poky/meta-debian/recipes-kernel/linux-libc-headers/linux-libc-headers-base_git.bb.do_patch, the basehash value changed from 794aba43c93b827ab8dad47165be6be0d8f92f251bd262635c22313e23128daa to ad76c34176c05413e9fb00995196d5015fc81c93587134874abe5c331acef982. The metadata is not deterministic and this needs to be fixed.
ERROR: When reparsing /home/deby/poky/meta-debian/recipes-kernel/linux-libc-headers/linux-libc-headers-base_git.bb.do_populate_sysroot, the basehash value changed from 200562396159664cf6a42475b97f810338c4576ddb88e6c3cbe3850d9c89730d to 620643e07d55b504e7dc216bd4a1d8bf07c4ffc5bf08b44aea761ddf78038285. The metadata is not deterministic and this needs to be fixed.
ERROR: When reparsing /home/deby/poky/meta-debian/recipes-kernel/linux-libc-headers/linux-libc-headers-base_git.bb.do_fetch, the basehash value changed from 5244d744bc71cb99083f3cea9838c2708f7af4208333fb02a8c2f61841c24933 to fcffecba15f047c95455f477a03c0e9d97fee02f6f76a0c862d49b2d33a69bdd. The metadata is not deterministic and this needs to be fixed.
ERROR: When reparsing /home/deby/poky/meta-debian/recipes-kernel/linux-libc-headers/linux-libc-headers-base_git.bb.do_configure, the basehash value changed from cdd27d9bf38aa46d53cc94a02b5853fada0165fe04f11f4025255f4074d6c4cb to 5063a45ad3fd8a984b6d0b90dedbe0d55ec022e5b3d1f0258e1012442cbe37a0. The metadata is not deterministic and this needs to be fixed.
ERROR: When reparsing /home/deby/poky/meta-debian/recipes-kernel/linux-libc-headers/linux-libc-headers-base_git.bb.do_compile, the basehash value changed from 17b8773b16e89f8e98ef283826a53ca5efb2dff38e51ffeca3598d23e5af9dc0 to 1b2db8f3c133b37dbcec90ce058bc9c52861a08fad3c3a34dac3eb7f013e8e0b. The metadata is not deterministic and this needs to be fixed.
ERROR: When reparsing /home/deby/poky/meta-debian/recipes-kernel/linux-libc-headers/linux-libc-headers-base_git.bb.do_install, the basehash value changed from d4ac2419d45c0023d1ee718a8edea57dfddccf152580f522fad57190a9bec121 to a63951a58c8ff551eee07805f3f1d0ff0ee1ac66d4718a0b11cf2354ddabe923. The metadata is not deterministic and this needs to be fixed.
ERROR: When reparsing /home/deby/poky/meta-debian/recipes-kernel/linux-libc-headers/linux-libc-headers-base_git.bb.do_build, the basehash value changed from 4b584a032c55d770df1209978df8dd339c66cfded1197da07d78b15d40b452a0 to 0112bb45f0a37afe145b0603171e6268f3faf6a5005d729119563f48c094da83. The metadata is not deterministic and this needs to be fixed.
ERROR: When reparsing /home/deby/poky/meta-debian/recipes-kernel/linux-libc-headers/linux-libc-headers-base_git.bb.do_package_qa, the basehash value changed from cb9e66d3cf6ae34ba6034a58ee3ff24f57ad41c42fdeee67002b31fd49f054af to d81c19ad37b8622218c1a0e61df31498b692c1aa7b8ec7c31fd57419b38adf3f. The metadata is not deterministic and this needs to be fixed.
ERROR: When reparsing /home/deby/poky/meta-debian/recipes-kernel/linux-libc-headers/linux-libc-headers-base_git.bb.do_package, the basehash value changed from 8100d816d5c883c14a019e01e5d1e1328c11b002fc72679639fe14437e7ba158 to f6185877a785f580615e856b3c1824cee83ab7761d1dfa9b71e45e5b0ab510cc. The metadata is not deterministic and this needs to be fixed.
ERROR: When reparsing /home/deby/poky/meta-debian/recipes-kernel/linux-libc-headers/linux-libc-headers-base_git.bb.do_packagedata, the basehash value changed from dea47b85056fcb5685ad368c0f7dddaa5f08afb7007df237764bdd22a8886058 to 8472d99801451c12f50d7927d85a379e9489a8eddb8249a7a0f957a4b1e64d12. The metadata is not deterministic and this needs to be fixed.
ERROR: When reparsing /home/deby/poky/meta-debian/recipes-kernel/linux-libc-headers/linux-libc-headers-base_git.bb.do_package_write_deb, the basehash value changed from 116fd3c1d9ae606c6722e9186d6c1b77564d4eb7c915198c9f89ce9d500ad72d to a4b232c196e2b8690117a37b76f520a2aaa37ab3ca552d5d8e34557e0030f4f4. The metadata is not deterministic and this needs to be fixed.
ERROR: When reparsing /home/deby/poky/meta-debian/recipes-kernel/linux-libc-headers/linux-libc-headers-base_git.bb.do_populate_lic, the basehash value changed from 6d628e7a44e739d89449056d6e1f629f3492cec369316a14d5ddad699d49c7e1 to a7a99204cf0466e0e08aa155f217265cda9edcea663bf493eafbcd9bf6e7116d. The metadata is not deterministic and this needs to be fixed.
ERROR: When reparsing /home/deby/poky/meta-debian/recipes-kernel/linux-libc-headers/linux-libc-headers-base_git.bb.do_patch, the basehash value changed from 794aba43c93b827ab8dad47165be6be0d8f92f251bd262635c22313e23128daa to ad76c34176c05413e9fb00995196d5015fc81c93587134874abe5c331acef982. The metadata is not deterministic and this needs to be fixed.
ERROR: When reparsing /home/deby/poky/meta-debian/recipes-kernel/linux-libc-headers/linux-libc-headers-base_git.bb.do_populate_sysroot, the basehash value changed from 200562396159664cf6a42475b97f810338c4576ddb88e6c3cbe3850d9c89730d to 620643e07d55b504e7dc216bd4a1d8bf07c4ffc5bf08b44aea761ddf78038285. The metadata is not deterministic and this needs to be fixed.
ERROR: When reparsing /home/deby/poky/meta-debian/recipes-kernel/linux-libc-headers/linux-libc-headers-base_git.bb.do_fetch, the basehash value changed from 5244d744bc71cb99083f3cea9838c2708f7af4208333fb02a8c2f61841c24933 to fcffecba15f047c95455f477a03c0e9d97fee02f6f76a0c862d49b2d33a69bdd. The metadata is not deterministic and this needs to be fixed.
ERROR: When reparsing /home/deby/poky/meta-debian/recipes-kernel/linux-libc-headers/linux-libc-headers-base_git.bb.do_configure, the basehash value changed from cdd27d9bf38aa46d53cc94a02b5853fada0165fe04f11f4025255f4074d6c4cb to 5063a45ad3fd8a984b6d0b90dedbe0d55ec022e5b3d1f0258e1012442cbe37a0. The metadata is not deterministic and this needs to be fixed.
ERROR: When reparsing /home/deby/poky/meta-debian/recipes-kernel/linux-libc-headers/linux-libc-headers-base_git.bb.do_compile, the basehash value changed from 17b8773b16e89f8e98ef283826a53ca5efb2dff38e51ffeca3598d23e5af9dc0 to 1b2db8f3c133b37dbcec90ce058bc9c52861a08fad3c3a34dac3eb7f013e8e0b. The metadata is not deterministic and this needs to be fixed.
ERROR: When reparsing /home/deby/poky/meta-debian/recipes-kernel/linux-libc-headers/linux-libc-headers-base_git.bb.do_install, the basehash value changed from d4ac2419d45c0023d1ee718a8edea57dfddccf152580f522fad57190a9bec121 to a63951a58c8ff551eee07805f3f1d0ff0ee1ac66d4718a0b11cf2354ddabe923. The metadata is not deterministic and this needs to be fixed.
ERROR: When reparsing /home/deby/poky/meta-debian/recipes-kernel/linux-libc-headers/linux-libc-headers-base_git.bb.do_build, the basehash value changed from 4b584a032c55d770df1209978df8dd339c66cfded1197da07d78b15d40b452a0 to 0112bb45f0a37afe145b0603171e6268f3faf6a5005d729119563f48c094da83. The metadata is not deterministic and this needs to be fixed.
ERROR: When reparsing /home/deby/poky/meta-debian/recipes-kernel/linux-libc-headers/linux-libc-headers-base_git.bb.do_package_qa, the basehash value changed from cb9e66d3cf6ae34ba6034a58ee3ff24f57ad41c42fdeee67002b31fd49f054af to d81c19ad37b8622218c1a0e61df31498b692c1aa7b8ec7c31fd57419b38adf3f. The metadata is not deterministic and this needs to be fixed.
ERROR: When reparsing /home/deby/poky/meta-debian/recipes-kernel/linux-libc-headers/linux-libc-headers-base_git.bb.do_package, the basehash value changed from 8100d816d5c883c14a019e01e5d1e1328c11b002fc72679639fe14437e7ba158 to f6185877a785f580615e856b3c1824cee83ab7761d1dfa9b71e45e5b0ab510cc. The metadata is not deterministic and this needs to be fixed.
ERROR: When reparsing /home/deby/poky/meta-debian/recipes-kernel/linux-libc-headers/linux-libc-headers-base_git.bb.do_packagedata, the basehash value changed from dea47b85056fcb5685ad368c0f7dddaa5f08afb7007df237764bdd22a8886058 to 8472d99801451c12f50d7927d85a379e9489a8eddb8249a7a0f957a4b1e64d12. The metadata is not deterministic and this needs to be fixed.
ERROR: When reparsing /home/deby/poky/meta-debian/recipes-kernel/linux-libc-headers/linux-libc-headers-base_git.bb.do_package_write_deb, the basehash value changed from 116fd3c1d9ae606c6722e9186d6c1b77564d4eb7c915198c9f89ce9d500ad72d to a4b232c196e2b8690117a37b76f520a2aaa37ab3ca552d5d8e34557e0030f4f4. The metadata is not deterministic and this needs to be fixed.
ERROR: When reparsing /home/deby/poky/meta-debian/recipes-kernel/linux-libc-headers/linux-libc-headers-base_git.bb.do_populate_lic, the basehash value changed from 6d628e7a44e739d89449056d6e1f629f3492cec369316a14d5ddad699d49c7e1 to a7a99204cf0466e0e08aa155f217265cda9edcea663bf493eafbcd9bf6e7116d. The metadata is not deterministic and this needs to be fixed.
NOTE: recipe linux-libc-headers-base-gitAUTOINC+2951eded01-r0: task do_install: Started
NOTE: recipe linux-libc-headers-base-gitAUTOINC+2951eded01-r0: task do_populate_lic: Started
ERROR: linux-libc-headers-base-gitAUTOINC+2951eded01-r0 do_populate_lic: Taskhash mismatch 7036dfd5db8b4da80d971ef4ba4ac4ffb89931009901304bff7b8fc06e882c80 versus 909fba811e1d22e8df4d0b465198212cf23471b3fb214bc248d362af703286e9 for /home/deby/poky/meta-debian/recipes-kernel/linux-libc-headers/linux-libc-headers-base_git.bb.do_populate_lic
NOTE: recipe linux-libc-headers-base-gitAUTOINC+2951eded01-r0: task do_populate_lic: Succeeded
ERROR: Taskhash mismatch 7036dfd5db8b4da80d971ef4ba4ac4ffb89931009901304bff7b8fc06e882c80 versus 909fba811e1d22e8df4d0b465198212cf23471b3fb214bc248d362af703286e9 for /home/deby/poky/meta-debian/recipes-kernel/linux-libc-headers/linux-libc-headers-base_git.bb.do_populate_lic
ERROR: linux-libc-headers-base-gitAUTOINC+2951eded01-r0 do_install: Taskhash mismatch b19abdff23f1349700da108a8a7775a0502ea2d2d1c04fc61a8a64ac94a95261 versus 480dad5ec9dc2a5571a73a600ad378dd4bd7894832ef41f0390d0f5a77e54923 for /home/deby/poky/meta-debian/recipes-kernel/linux-libc-headers/linux-libc-headers-base_git.bb.do_install
NOTE: recipe linux-libc-headers-base-gitAUTOINC+2951eded01-r0: task do_install: Succeeded
ERROR: Taskhash mismatch b19abdff23f1349700da108a8a7775a0502ea2d2d1c04fc61a8a64ac94a95261 versus 480dad5ec9dc2a5571a73a600ad378dd4bd7894832ef41f0390d0f5a77e54923 for /home/deby/poky/meta-debian/recipes-kernel/linux-libc-headers/linux-libc-headers-base_git.bb.do_install
NOTE: Running task 407 of 412 (/home/deby/poky/meta-debian/recipes-kernel/linux-libc-headers/linux-libc-headers-base_git.bb:do_package)
NOTE: Running task 408 of 412 (/home/deby/poky/meta-debian/recipes-kernel/linux-libc-headers/linux-libc-headers-base_git.bb:do_populate_sysroot)
ERROR: When reparsing /home/deby/poky/meta-debian/recipes-kernel/linux-libc-headers/linux-libc-headers-base_git.bb.do_patch, the basehash value changed from 794aba43c93b827ab8dad47165be6be0d8f92f251bd262635c22313e23128daa to ad76c34176c05413e9fb00995196d5015fc81c93587134874abe5c331acef982. The metadata is not deterministic and this needs to be fixed.
ERROR: When reparsing /home/deby/poky/meta-debian/recipes-kernel/linux-libc-headers/linux-libc-headers-base_git.bb.do_populate_sysroot, the basehash value changed from 200562396159664cf6a42475b97f810338c4576ddb88e6c3cbe3850d9c89730d to 620643e07d55b504e7dc216bd4a1d8bf07c4ffc5bf08b44aea761ddf78038285. The metadata is not deterministic and this needs to be fixed.
ERROR: When reparsing /home/deby/poky/meta-debian/recipes-kernel/linux-libc-headers/linux-libc-headers-base_git.bb.do_fetch, the basehash value changed from 5244d744bc71cb99083f3cea9838c2708f7af4208333fb02a8c2f61841c24933 to fcffecba15f047c95455f477a03c0e9d97fee02f6f76a0c862d49b2d33a69bdd. The metadata is not deterministic and this needs to be fixed.
ERROR: When reparsing /home/deby/poky/meta-debian/recipes-kernel/linux-libc-headers/linux-libc-headers-base_git.bb.do_configure, the basehash value changed from cdd27d9bf38aa46d53cc94a02b5853fada0165fe04f11f4025255f4074d6c4cb to 5063a45ad3fd8a984b6d0b90dedbe0d55ec022e5b3d1f0258e1012442cbe37a0. The metadata is not deterministic and this needs to be fixed.
ERROR: When reparsing /home/deby/poky/meta-debian/recipes-kernel/linux-libc-headers/linux-libc-headers-base_git.bb.do_compile, the basehash value changed from 17b8773b16e89f8e98ef283826a53ca5efb2dff38e51ffeca3598d23e5af9dc0 to 1b2db8f3c133b37dbcec90ce058bc9c52861a08fad3c3a34dac3eb7f013e8e0b. The metadata is not deterministic and this needs to be fixed.
ERROR: When reparsing /home/deby/poky/meta-debian/recipes-kernel/linux-libc-headers/linux-libc-headers-base_git.bb.do_install, the basehash value changed from d4ac2419d45c0023d1ee718a8edea57dfddccf152580f522fad57190a9bec121 to a63951a58c8ff551eee07805f3f1d0ff0ee1ac66d4718a0b11cf2354ddabe923. The metadata is not deterministic and this needs to be fixed.
ERROR: When reparsing /home/deby/poky/meta-debian/recipes-kernel/linux-libc-headers/linux-libc-headers-base_git.bb.do_build, the basehash value changed from 4b584a032c55d770df1209978df8dd339c66cfded1197da07d78b15d40b452a0 to 0112bb45f0a37afe145b0603171e6268f3faf6a5005d729119563f48c094da83. The metadata is not deterministic and this needs to be fixed.
ERROR: When reparsing /home/deby/poky/meta-debian/recipes-kernel/linux-libc-headers/linux-libc-headers-base_git.bb.do_package_qa, the basehash value changed from cb9e66d3cf6ae34ba6034a58ee3ff24f57ad41c42fdeee67002b31fd49f054af to d81c19ad37b8622218c1a0e61df31498b692c1aa7b8ec7c31fd57419b38adf3f. The metadata is not deterministic and this needs to be fixed.
ERROR: When reparsing /home/deby/poky/meta-debian/recipes-kernel/linux-libc-headers/linux-libc-headers-base_git.bb.do_package, the basehash value changed from 8100d816d5c883c14a019e01e5d1e1328c11b002fc72679639fe14437e7ba158 to f6185877a785f580615e856b3c1824cee83ab7761d1dfa9b71e45e5b0ab510cc. The metadata is not deterministic and this needs to be fixed.
ERROR: When reparsing /home/deby/poky/meta-debian/recipes-kernel/linux-libc-headers/linux-libc-headers-base_git.bb.do_packagedata, the basehash value changed from dea47b85056fcb5685ad368c0f7dddaa5f08afb7007df237764bdd22a8886058 to 8472d99801451c12f50d7927d85a379e9489a8eddb8249a7a0f957a4b1e64d12. The metadata is not deterministic and this needs to be fixed.
ERROR: When reparsing /home/deby/poky/meta-debian/recipes-kernel/linux-libc-headers/linux-libc-headers-base_git.bb.do_package_write_deb, the basehash value changed from 116fd3c1d9ae606c6722e9186d6c1b77564d4eb7c915198c9f89ce9d500ad72d to a4b232c196e2b8690117a37b76f520a2aaa37ab3ca552d5d8e34557e0030f4f4. The metadata is not deterministic and this needs to be fixed.
ERROR: When reparsing /home/deby/poky/meta-debian/recipes-kernel/linux-libc-headers/linux-libc-headers-base_git.bb.do_populate_lic, the basehash value changed from 6d628e7a44e739d89449056d6e1f629f3492cec369316a14d5ddad699d49c7e1 to a7a99204cf0466e0e08aa155f217265cda9edcea663bf493eafbcd9bf6e7116d. The metadata is not deterministic and this needs to be fixed.
ERROR: When reparsing /home/deby/poky/meta-debian/recipes-kernel/linux-libc-headers/linux-libc-headers-base_git.bb.do_patch, the basehash value changed from 794aba43c93b827ab8dad47165be6be0d8f92f251bd262635c22313e23128daa to ad76c34176c05413e9fb00995196d5015fc81c93587134874abe5c331acef982. The metadata is not deterministic and this needs to be fixed.
ERROR: When reparsing /home/deby/poky/meta-debian/recipes-kernel/linux-libc-headers/linux-libc-headers-base_git.bb.do_populate_sysroot, the basehash value changed from 200562396159664cf6a42475b97f810338c4576ddb88e6c3cbe3850d9c89730d to 620643e07d55b504e7dc216bd4a1d8bf07c4ffc5bf08b44aea761ddf78038285. The metadata is not deterministic and this needs to be fixed.
ERROR: When reparsing /home/deby/poky/meta-debian/recipes-kernel/linux-libc-headers/linux-libc-headers-base_git.bb.do_fetch, the basehash value changed from 5244d744bc71cb99083f3cea9838c2708f7af4208333fb02a8c2f61841c24933 to fcffecba15f047c95455f477a03c0e9d97fee02f6f76a0c862d49b2d33a69bdd. The metadata is not deterministic and this needs to be fixed.
ERROR: When reparsing /home/deby/poky/meta-debian/recipes-kernel/linux-libc-headers/linux-libc-headers-base_git.bb.do_configure, the basehash value changed from cdd27d9bf38aa46d53cc94a02b5853fada0165fe04f11f4025255f4074d6c4cb to 5063a45ad3fd8a984b6d0b90dedbe0d55ec022e5b3d1f0258e1012442cbe37a0. The metadata is not deterministic and this needs to be fixed.
ERROR: When reparsing /home/deby/poky/meta-debian/recipes-kernel/linux-libc-headers/linux-libc-headers-base_git.bb.do_compile, the basehash value changed from 17b8773b16e89f8e98ef283826a53ca5efb2dff38e51ffeca3598d23e5af9dc0 to 1b2db8f3c133b37dbcec90ce058bc9c52861a08fad3c3a34dac3eb7f013e8e0b. The metadata is not deterministic and this needs to be fixed.
ERROR: When reparsing /home/deby/poky/meta-debian/recipes-kernel/linux-libc-headers/linux-libc-headers-base_git.bb.do_install, the basehash value changed from d4ac2419d45c0023d1ee718a8edea57dfddccf152580f522fad57190a9bec121 to a63951a58c8ff551eee07805f3f1d0ff0ee1ac66d4718a0b11cf2354ddabe923. The metadata is not deterministic and this needs to be fixed.
ERROR: When reparsing /home/deby/poky/meta-debian/recipes-kernel/linux-libc-headers/linux-libc-headers-base_git.bb.do_build, the basehash value changed from 4b584a032c55d770df1209978df8dd339c66cfded1197da07d78b15d40b452a0 to 0112bb45f0a37afe145b0603171e6268f3faf6a5005d729119563f48c094da83. The metadata is not deterministic and this needs to be fixed.
ERROR: When reparsing /home/deby/poky/meta-debian/recipes-kernel/linux-libc-headers/linux-libc-headers-base_git.bb.do_package_qa, the basehash value changed from cb9e66d3cf6ae34ba6034a58ee3ff24f57ad41c42fdeee67002b31fd49f054af to d81c19ad37b8622218c1a0e61df31498b692c1aa7b8ec7c31fd57419b38adf3f. The metadata is not deterministic and this needs to be fixed.
ERROR: When reparsing /home/deby/poky/meta-debian/recipes-kernel/linux-libc-headers/linux-libc-headers-base_git.bb.do_package, the basehash value changed from 8100d816d5c883c14a019e01e5d1e1328c11b002fc72679639fe14437e7ba158 to f6185877a785f580615e856b3c1824cee83ab7761d1dfa9b71e45e5b0ab510cc. The metadata is not deterministic and this needs to be fixed.
ERROR: When reparsing /home/deby/poky/meta-debian/recipes-kernel/linux-libc-headers/linux-libc-headers-base_git.bb.do_packagedata, the basehash value changed from dea47b85056fcb5685ad368c0f7dddaa5f08afb7007df237764bdd22a8886058 to 8472d99801451c12f50d7927d85a379e9489a8eddb8249a7a0f957a4b1e64d12. The metadata is not deterministic and this needs to be fixed.
ERROR: When reparsing /home/deby/poky/meta-debian/recipes-kernel/linux-libc-headers/linux-libc-headers-base_git.bb.do_package_write_deb, the basehash value changed from 116fd3c1d9ae606c6722e9186d6c1b77564d4eb7c915198c9f89ce9d500ad72d to a4b232c196e2b8690117a37b76f520a2aaa37ab3ca552d5d8e34557e0030f4f4. The metadata is not deterministic and this needs to be fixed.
ERROR: When reparsing /home/deby/poky/meta-debian/recipes-kernel/linux-libc-headers/linux-libc-headers-base_git.bb.do_populate_lic, the basehash value changed from 6d628e7a44e739d89449056d6e1f629f3492cec369316a14d5ddad699d49c7e1 to a7a99204cf0466e0e08aa155f217265cda9edcea663bf493eafbcd9bf6e7116d. The metadata is not deterministic and this needs to be fixed.
NOTE: recipe linux-libc-headers-base-gitAUTOINC+2951eded01-r0: task do_populate_sysroot: Started
NOTE: recipe linux-libc-headers-base-gitAUTOINC+2951eded01-r0: task do_package: Started
ERROR: linux-libc-headers-base-gitAUTOINC+2951eded01-r0 do_populate_sysroot: Taskhash mismatch e40ad4c4e59a50b096306bdfdeaf705787dfe17c28a197b1244f2f56fbd0361e versus 5e8cb4f80f2f40a54832ec3bd0780c3419069a960aff11e2d117f3c9944d5b40 for /home/deby/poky/meta-debian/recipes-kernel/linux-libc-headers/linux-libc-headers-base_git.bb.do_populate_sysroot
NOTE: recipe linux-libc-headers-base-gitAUTOINC+2951eded01-r0: task do_populate_sysroot: Succeeded
ERROR: Taskhash mismatch e40ad4c4e59a50b096306bdfdeaf705787dfe17c28a197b1244f2f56fbd0361e versus 5e8cb4f80f2f40a54832ec3bd0780c3419069a960aff11e2d117f3c9944d5b40 for /home/deby/poky/meta-debian/recipes-kernel/linux-libc-headers/linux-libc-headers-base_git.bb.do_populate_sysroot
ERROR: linux-libc-headers-base-gitAUTOINC+2951eded01-r0 do_package: Taskhash mismatch 5f7d3f50676684459cf15cb391e023bd7c31b7a4ee15cdf8975df076d0388ba7 versus 4d83077396f2f4f7a3c3863c365a32c5c2d65c2c3ae797fdd45e78be85a23583 for /home/deby/poky/meta-debian/recipes-kernel/linux-libc-headers/linux-libc-headers-base_git.bb.do_package
NOTE: recipe linux-libc-headers-base-gitAUTOINC+2951eded01-r0: task do_package: Succeeded
ERROR: Taskhash mismatch 5f7d3f50676684459cf15cb391e023bd7c31b7a4ee15cdf8975df076d0388ba7 versus 4d83077396f2f4f7a3c3863c365a32c5c2d65c2c3ae797fdd45e78be85a23583 for /home/deby/poky/meta-debian/recipes-kernel/linux-libc-headers/linux-libc-headers-base_git.bb.do_package
NOTE: Running task 409 of 412 (/home/deby/poky/meta-debian/recipes-kernel/linux-libc-headers/linux-libc-headers-base_git.bb:do_packagedata)
ERROR: When reparsing /home/deby/poky/meta-debian/recipes-kernel/linux-libc-headers/linux-libc-headers-base_git.bb.do_patch, the basehash value changed from 794aba43c93b827ab8dad47165be6be0d8f92f251bd262635c22313e23128daa to ad76c34176c05413e9fb00995196d5015fc81c93587134874abe5c331acef982. The metadata is not deterministic and this needs to be fixed.
ERROR: When reparsing /home/deby/poky/meta-debian/recipes-kernel/linux-libc-headers/linux-libc-headers-base_git.bb.do_populate_sysroot, the basehash value changed from 200562396159664cf6a42475b97f810338c4576ddb88e6c3cbe3850d9c89730d to 620643e07d55b504e7dc216bd4a1d8bf07c4ffc5bf08b44aea761ddf78038285. The metadata is not deterministic and this needs to be fixed.
ERROR: When reparsing /home/deby/poky/meta-debian/recipes-kernel/linux-libc-headers/linux-libc-headers-base_git.bb.do_fetch, the basehash value changed from 5244d744bc71cb99083f3cea9838c2708f7af4208333fb02a8c2f61841c24933 to fcffecba15f047c95455f477a03c0e9d97fee02f6f76a0c862d49b2d33a69bdd. The metadata is not deterministic and this needs to be fixed.
ERROR: When reparsing /home/deby/poky/meta-debian/recipes-kernel/linux-libc-headers/linux-libc-headers-base_git.bb.do_configure, the basehash value changed from cdd27d9bf38aa46d53cc94a02b5853fada0165fe04f11f4025255f4074d6c4cb to 5063a45ad3fd8a984b6d0b90dedbe0d55ec022e5b3d1f0258e1012442cbe37a0. The metadata is not deterministic and this needs to be fixed.
ERROR: When reparsing /home/deby/poky/meta-debian/recipes-kernel/linux-libc-headers/linux-libc-headers-base_git.bb.do_compile, the basehash value changed from 17b8773b16e89f8e98ef283826a53ca5efb2dff38e51ffeca3598d23e5af9dc0 to 1b2db8f3c133b37dbcec90ce058bc9c52861a08fad3c3a34dac3eb7f013e8e0b. The metadata is not deterministic and this needs to be fixed.
ERROR: When reparsing /home/deby/poky/meta-debian/recipes-kernel/linux-libc-headers/linux-libc-headers-base_git.bb.do_install, the basehash value changed from d4ac2419d45c0023d1ee718a8edea57dfddccf152580f522fad57190a9bec121 to a63951a58c8ff551eee07805f3f1d0ff0ee1ac66d4718a0b11cf2354ddabe923. The metadata is not deterministic and this needs to be fixed.
ERROR: When reparsing /home/deby/poky/meta-debian/recipes-kernel/linux-libc-headers/linux-libc-headers-base_git.bb.do_build, the basehash value changed from 4b584a032c55d770df1209978df8dd339c66cfded1197da07d78b15d40b452a0 to 0112bb45f0a37afe145b0603171e6268f3faf6a5005d729119563f48c094da83. The metadata is not deterministic and this needs to be fixed.
ERROR: When reparsing /home/deby/poky/meta-debian/recipes-kernel/linux-libc-headers/linux-libc-headers-base_git.bb.do_package_qa, the basehash value changed from cb9e66d3cf6ae34ba6034a58ee3ff24f57ad41c42fdeee67002b31fd49f054af to d81c19ad37b8622218c1a0e61df31498b692c1aa7b8ec7c31fd57419b38adf3f. The metadata is not deterministic and this needs to be fixed.
ERROR: When reparsing /home/deby/poky/meta-debian/recipes-kernel/linux-libc-headers/linux-libc-headers-base_git.bb.do_package, the basehash value changed from 8100d816d5c883c14a019e01e5d1e1328c11b002fc72679639fe14437e7ba158 to f6185877a785f580615e856b3c1824cee83ab7761d1dfa9b71e45e5b0ab510cc. The metadata is not deterministic and this needs to be fixed.
ERROR: When reparsing /home/deby/poky/meta-debian/recipes-kernel/linux-libc-headers/linux-libc-headers-base_git.bb.do_packagedata, the basehash value changed from dea47b85056fcb5685ad368c0f7dddaa5f08afb7007df237764bdd22a8886058 to 8472d99801451c12f50d7927d85a379e9489a8eddb8249a7a0f957a4b1e64d12. The metadata is not deterministic and this needs to be fixed.
ERROR: When reparsing /home/deby/poky/meta-debian/recipes-kernel/linux-libc-headers/linux-libc-headers-base_git.bb.do_package_write_deb, the basehash value changed from 116fd3c1d9ae606c6722e9186d6c1b77564d4eb7c915198c9f89ce9d500ad72d to a4b232c196e2b8690117a37b76f520a2aaa37ab3ca552d5d8e34557e0030f4f4. The metadata is not deterministic and this needs to be fixed.
ERROR: When reparsing /home/deby/poky/meta-debian/recipes-kernel/linux-libc-headers/linux-libc-headers-base_git.bb.do_populate_lic, the basehash value changed from 6d628e7a44e739d89449056d6e1f629f3492cec369316a14d5ddad699d49c7e1 to a7a99204cf0466e0e08aa155f217265cda9edcea663bf493eafbcd9bf6e7116d. The metadata is not deterministic and this needs to be fixed.
NOTE: recipe linux-libc-headers-base-gitAUTOINC+2951eded01-r0: task do_packagedata: Started
ERROR: linux-libc-headers-base-gitAUTOINC+2951eded01-r0 do_packagedata: Taskhash mismatch d3d43c24ce3ac1535c610b7d6a356db48eabe4ec98905043c7985c7cf40529f7 versus 5a0a539d907421cade439763e0906b9ef987a2c1fa6dc07d6c7ae326b0824893 for /home/deby/poky/meta-debian/recipes-kernel/linux-libc-headers/linux-libc-headers-base_git.bb.do_packagedata
NOTE: recipe linux-libc-headers-base-gitAUTOINC+2951eded01-r0: task do_packagedata: Succeeded
ERROR: Taskhash mismatch d3d43c24ce3ac1535c610b7d6a356db48eabe4ec98905043c7985c7cf40529f7 versus 5a0a539d907421cade439763e0906b9ef987a2c1fa6dc07d6c7ae326b0824893 for /home/deby/poky/meta-debian/recipes-kernel/linux-libc-headers/linux-libc-headers-base_git.bb.do_packagedata
NOTE: Running task 410 of 412 (/home/deby/poky/meta-debian/recipes-kernel/linux-libc-headers/linux-libc-headers-base_git.bb:do_package_write_deb)
NOTE: Running task 411 of 412 (/home/deby/poky/meta-debian/recipes-kernel/linux-libc-headers/linux-libc-headers-base_git.bb:do_package_qa)
ERROR: When reparsing /home/deby/poky/meta-debian/recipes-kernel/linux-libc-headers/linux-libc-headers-base_git.bb.do_patch, the basehash value changed from 794aba43c93b827ab8dad47165be6be0d8f92f251bd262635c22313e23128daa to ad76c34176c05413e9fb00995196d5015fc81c93587134874abe5c331acef982. The metadata is not deterministic and this needs to be fixed.
ERROR: When reparsing /home/deby/poky/meta-debian/recipes-kernel/linux-libc-headers/linux-libc-headers-base_git.bb.do_populate_sysroot, the basehash value changed from 200562396159664cf6a42475b97f810338c4576ddb88e6c3cbe3850d9c89730d to 620643e07d55b504e7dc216bd4a1d8bf07c4ffc5bf08b44aea761ddf78038285. The metadata is not deterministic and this needs to be fixed.
ERROR: When reparsing /home/deby/poky/meta-debian/recipes-kernel/linux-libc-headers/linux-libc-headers-base_git.bb.do_fetch, the basehash value changed from 5244d744bc71cb99083f3cea9838c2708f7af4208333fb02a8c2f61841c24933 to fcffecba15f047c95455f477a03c0e9d97fee02f6f76a0c862d49b2d33a69bdd. The metadata is not deterministic and this needs to be fixed.
ERROR: When reparsing /home/deby/poky/meta-debian/recipes-kernel/linux-libc-headers/linux-libc-headers-base_git.bb.do_configure, the basehash value changed from cdd27d9bf38aa46d53cc94a02b5853fada0165fe04f11f4025255f4074d6c4cb to 5063a45ad3fd8a984b6d0b90dedbe0d55ec022e5b3d1f0258e1012442cbe37a0. The metadata is not deterministic and this needs to be fixed.
ERROR: When reparsing /home/deby/poky/meta-debian/recipes-kernel/linux-libc-headers/linux-libc-headers-base_git.bb.do_compile, the basehash value changed from 17b8773b16e89f8e98ef283826a53ca5efb2dff38e51ffeca3598d23e5af9dc0 to 1b2db8f3c133b37dbcec90ce058bc9c52861a08fad3c3a34dac3eb7f013e8e0b. The metadata is not deterministic and this needs to be fixed.
ERROR: When reparsing /home/deby/poky/meta-debian/recipes-kernel/linux-libc-headers/linux-libc-headers-base_git.bb.do_install, the basehash value changed from d4ac2419d45c0023d1ee718a8edea57dfddccf152580f522fad57190a9bec121 to a63951a58c8ff551eee07805f3f1d0ff0ee1ac66d4718a0b11cf2354ddabe923. The metadata is not deterministic and this needs to be fixed.
ERROR: When reparsing /home/deby/poky/meta-debian/recipes-kernel/linux-libc-headers/linux-libc-headers-base_git.bb.do_build, the basehash value changed from 4b584a032c55d770df1209978df8dd339c66cfded1197da07d78b15d40b452a0 to 0112bb45f0a37afe145b0603171e6268f3faf6a5005d729119563f48c094da83. The metadata is not deterministic and this needs to be fixed.
ERROR: When reparsing /home/deby/poky/meta-debian/recipes-kernel/linux-libc-headers/linux-libc-headers-base_git.bb.do_package_qa, the basehash value changed from cb9e66d3cf6ae34ba6034a58ee3ff24f57ad41c42fdeee67002b31fd49f054af to d81c19ad37b8622218c1a0e61df31498b692c1aa7b8ec7c31fd57419b38adf3f. The metadata is not deterministic and this needs to be fixed.
ERROR: When reparsing /home/deby/poky/meta-debian/recipes-kernel/linux-libc-headers/linux-libc-headers-base_git.bb.do_package, the basehash value changed from 8100d816d5c883c14a019e01e5d1e1328c11b002fc72679639fe14437e7ba158 to f6185877a785f580615e856b3c1824cee83ab7761d1dfa9b71e45e5b0ab510cc. The metadata is not deterministic and this needs to be fixed.
ERROR: When reparsing /home/deby/poky/meta-debian/recipes-kernel/linux-libc-headers/linux-libc-headers-base_git.bb.do_packagedata, the basehash value changed from dea47b85056fcb5685ad368c0f7dddaa5f08afb7007df237764bdd22a8886058 to 8472d99801451c12f50d7927d85a379e9489a8eddb8249a7a0f957a4b1e64d12. The metadata is not deterministic and this needs to be fixed.
ERROR: When reparsing /home/deby/poky/meta-debian/recipes-kernel/linux-libc-headers/linux-libc-headers-base_git.bb.do_package_write_deb, the basehash value changed from 116fd3c1d9ae606c6722e9186d6c1b77564d4eb7c915198c9f89ce9d500ad72d to a4b232c196e2b8690117a37b76f520a2aaa37ab3ca552d5d8e34557e0030f4f4. The metadata is not deterministic and this needs to be fixed.
ERROR: When reparsing /home/deby/poky/meta-debian/recipes-kernel/linux-libc-headers/linux-libc-headers-base_git.bb.do_populate_lic, the basehash value changed from 6d628e7a44e739d89449056d6e1f629f3492cec369316a14d5ddad699d49c7e1 to a7a99204cf0466e0e08aa155f217265cda9edcea663bf493eafbcd9bf6e7116d. The metadata is not deterministic and this needs to be fixed.
ERROR: When reparsing /home/deby/poky/meta-debian/recipes-kernel/linux-libc-headers/linux-libc-headers-base_git.bb.do_patch, the basehash value changed from 794aba43c93b827ab8dad47165be6be0d8f92f251bd262635c22313e23128daa to ad76c34176c05413e9fb00995196d5015fc81c93587134874abe5c331acef982. The metadata is not deterministic and this needs to be fixed.
ERROR: When reparsing /home/deby/poky/meta-debian/recipes-kernel/linux-libc-headers/linux-libc-headers-base_git.bb.do_populate_sysroot, the basehash value changed from 200562396159664cf6a42475b97f810338c4576ddb88e6c3cbe3850d9c89730d to 620643e07d55b504e7dc216bd4a1d8bf07c4ffc5bf08b44aea761ddf78038285. The metadata is not deterministic and this needs to be fixed.
ERROR: When reparsing /home/deby/poky/meta-debian/recipes-kernel/linux-libc-headers/linux-libc-headers-base_git.bb.do_fetch, the basehash value changed from 5244d744bc71cb99083f3cea9838c2708f7af4208333fb02a8c2f61841c24933 to fcffecba15f047c95455f477a03c0e9d97fee02f6f76a0c862d49b2d33a69bdd. The metadata is not deterministic and this needs to be fixed.
ERROR: When reparsing /home/deby/poky/meta-debian/recipes-kernel/linux-libc-headers/linux-libc-headers-base_git.bb.do_configure, the basehash value changed from cdd27d9bf38aa46d53cc94a02b5853fada0165fe04f11f4025255f4074d6c4cb to 5063a45ad3fd8a984b6d0b90dedbe0d55ec022e5b3d1f0258e1012442cbe37a0. The metadata is not deterministic and this needs to be fixed.
ERROR: When reparsing /home/deby/poky/meta-debian/recipes-kernel/linux-libc-headers/linux-libc-headers-base_git.bb.do_compile, the basehash value changed from 17b8773b16e89f8e98ef283826a53ca5efb2dff38e51ffeca3598d23e5af9dc0 to 1b2db8f3c133b37dbcec90ce058bc9c52861a08fad3c3a34dac3eb7f013e8e0b. The metadata is not deterministic and this needs to be fixed.
ERROR: When reparsing /home/deby/poky/meta-debian/recipes-kernel/linux-libc-headers/linux-libc-headers-base_git.bb.do_install, the basehash value changed from d4ac2419d45c0023d1ee718a8edea57dfddccf152580f522fad57190a9bec121 to a63951a58c8ff551eee07805f3f1d0ff0ee1ac66d4718a0b11cf2354ddabe923. The metadata is not deterministic and this needs to be fixed.
ERROR: When reparsing /home/deby/poky/meta-debian/recipes-kernel/linux-libc-headers/linux-libc-headers-base_git.bb.do_build, the basehash value changed from 4b584a032c55d770df1209978df8dd339c66cfded1197da07d78b15d40b452a0 to 0112bb45f0a37afe145b0603171e6268f3faf6a5005d729119563f48c094da83. The metadata is not deterministic and this needs to be fixed.
ERROR: When reparsing /home/deby/poky/meta-debian/recipes-kernel/linux-libc-headers/linux-libc-headers-base_git.bb.do_package_qa, the basehash value changed from cb9e66d3cf6ae34ba6034a58ee3ff24f57ad41c42fdeee67002b31fd49f054af to d81c19ad37b8622218c1a0e61df31498b692c1aa7b8ec7c31fd57419b38adf3f. The metadata is not deterministic and this needs to be fixed.
ERROR: When reparsing /home/deby/poky/meta-debian/recipes-kernel/linux-libc-headers/linux-libc-headers-base_git.bb.do_package, the basehash value changed from 8100d816d5c883c14a019e01e5d1e1328c11b002fc72679639fe14437e7ba158 to f6185877a785f580615e856b3c1824cee83ab7761d1dfa9b71e45e5b0ab510cc. The metadata is not deterministic and this needs to be fixed.
ERROR: When reparsing /home/deby/poky/meta-debian/recipes-kernel/linux-libc-headers/linux-libc-headers-base_git.bb.do_packagedata, the basehash value changed from dea47b85056fcb5685ad368c0f7dddaa5f08afb7007df237764bdd22a8886058 to 8472d99801451c12f50d7927d85a379e9489a8eddb8249a7a0f957a4b1e64d12. The metadata is not deterministic and this needs to be fixed.
ERROR: When reparsing /home/deby/poky/meta-debian/recipes-kernel/linux-libc-headers/linux-libc-headers-base_git.bb.do_package_write_deb, the basehash value changed from 116fd3c1d9ae606c6722e9186d6c1b77564d4eb7c915198c9f89ce9d500ad72d to a4b232c196e2b8690117a37b76f520a2aaa37ab3ca552d5d8e34557e0030f4f4. The metadata is not deterministic and this needs to be fixed.
ERROR: When reparsing /home/deby/poky/meta-debian/recipes-kernel/linux-libc-headers/linux-libc-headers-base_git.bb.do_populate_lic, the basehash value changed from 6d628e7a44e739d89449056d6e1f629f3492cec369316a14d5ddad699d49c7e1 to a7a99204cf0466e0e08aa155f217265cda9edcea663bf493eafbcd9bf6e7116d. The metadata is not deterministic and this needs to be fixed.
NOTE: recipe linux-libc-headers-base-gitAUTOINC+2951eded01-r0: task do_package_write_deb: Started
NOTE: recipe linux-libc-headers-base-gitAUTOINC+2951eded01-r0: task do_package_qa: Started
ERROR: linux-libc-headers-base-gitAUTOINC+2951eded01-r0 do_package_qa: Taskhash mismatch 02dc5b5eb43d68acb353efc473f97fc22f657c8e9b0085fc7ff7e1a05552e22e versus 8b001fc06aa84d633401ef5e392afd3e406fc7f94fdb318544a3beade3ded7b5 for /home/deby/poky/meta-debian/recipes-kernel/linux-libc-headers/linux-libc-headers-base_git.bb.do_package_qa
NOTE: recipe linux-libc-headers-base-gitAUTOINC+2951eded01-r0: task do_package_qa: Succeeded
ERROR: Taskhash mismatch 02dc5b5eb43d68acb353efc473f97fc22f657c8e9b0085fc7ff7e1a05552e22e versus 8b001fc06aa84d633401ef5e392afd3e406fc7f94fdb318544a3beade3ded7b5 for /home/deby/poky/meta-debian/recipes-kernel/linux-libc-headers/linux-libc-headers-base_git.bb.do_package_qa
ERROR: linux-libc-headers-base-gitAUTOINC+2951eded01-r0 do_package_write_deb: Taskhash mismatch 3c5b1d0cbc0c198c0ae8b82418cea2132c88653590e49ae609e67417df34eec8 versus a18283cb6446dc9bea9f0e7beecd6f9c4e4db48f7f6407dd31ef9c98a231e238 for /home/deby/poky/meta-debian/recipes-kernel/linux-libc-headers/linux-libc-headers-base_git.bb.do_package_write_deb
NOTE: recipe linux-libc-headers-base-gitAUTOINC+2951eded01-r0: task do_package_write_deb: Succeeded
ERROR: Taskhash mismatch 3c5b1d0cbc0c198c0ae8b82418cea2132c88653590e49ae609e67417df34eec8 versus a18283cb6446dc9bea9f0e7beecd6f9c4e4db48f7f6407dd31ef9c98a231e238 for /home/deby/poky/meta-debian/recipes-kernel/linux-libc-headers/linux-libc-headers-base_git.bb.do_package_write_deb
NOTE: Running noexec task 412 of 412 (/home/deby/poky/meta-debian/recipes-kernel/linux-libc-headers/linux-libc-headers-base_git.bb:do_build)
NOTE: Tasks Summary: Attempted 412 tasks of which 398 didn't need to be rerun and all succeeded.

Summary: There was 1 WARNING message shown.
Summary: There were 234 ERROR messages shown, returning a non-zero exit code.
