Loading cache...done.
Loaded 1733 entries from dependency cache.
NOTE: Resolving any missing task queue dependencies

Build Configuration:
BB_VERSION           = "1.42.0"
BUILD_SYS            = "x86_64-linux"
NATIVELSBSTRING      = "universal"
TARGET_SYS           = "mips-deby-linux"
MACHINE              = "qemumips"
DISTRO               = "deby"
DISTRO_VERSION       = "10.0"
TUNE_FEATURES        = "o32 bigendian fpu-hard mips32r2"
TARGET_FPU           = ""
meta                 
meta-poky            = "warrior:79a850a10a4b88a6d20d607b322542f947874323"
meta-debian          = "warrior:065aa7dcd28d697d2d493e1f188deb4f78253725"

Initialising tasks...done.
Sstate summary: Wanted 5 Found 0 Missed 5 Current 428 (0% match, 98% complete)
NOTE: Executing SetScene Tasks
NOTE: Executing RunQueue Tasks
NOTE: Running task 1659 of 1994 (/home/deby/poky/meta-debian/recipes-debian/ntpsec/ntpsec_debian.bb:do_compile)
NOTE: recipe ntpsec-1.1.3-r0: task do_compile: Started
ERROR: ntpsec-1.1.3-r0 do_compile: Function failed: do_compile (log file is located at /home/deby/build/tmp/work/mips32r2-deby-linux/ntpsec/1.1.3-r0/temp/log.do_compile.25713)
ERROR: Logfile of failure stored in: /home/deby/build/tmp/work/mips32r2-deby-linux/ntpsec/1.1.3-r0/temp/log.do_compile.25713
Log data follows:
| DEBUG: Executing shell function do_compile
| --- building host ---
| Waf: Entering directory `/home/deby/build/tmp/work/mips32r2-deby-linux/ntpsec/1.1.3-r0/ntpsec-1.1.3+dfsg1/build/host'
| [5/5] Compiling build/host/ntpd/ntp_parser.tab.h
| /bin/sh: 1: /home/deby/build/tmp/work/mips32r2-deby-linux/ntpsec/1.1.3-r0/ntpsec-1.1.3+dfsg1/build/host/ntpd/keyword-gen: Exec format error
| 
| Waf: Leaving directory `/home/deby/build/tmp/work/mips32r2-deby-linux/ntpsec/1.1.3-r0/ntpsec-1.1.3+dfsg1/build/host'
| Build failed
|  -> task in 'ntp_keyword.h' failed with exit status 2 (run with -v to display more information)
| WARNING: exit code 1 from a shell command.
| ERROR: Function failed: do_compile (log file is located at /home/deby/build/tmp/work/mips32r2-deby-linux/ntpsec/1.1.3-r0/temp/log.do_compile.25713)
NOTE: recipe ntpsec-1.1.3-r0: task do_compile: Failed
ERROR: Task (/home/deby/poky/meta-debian/recipes-debian/ntpsec/ntpsec_debian.bb:do_compile) failed with exit code '1'
NOTE: Tasks Summary: Attempted 1987 tasks of which 1986 didn't need to be rerun and 1 failed.

Summary: 1 task failed:
  /home/deby/poky/meta-debian/recipes-debian/ntpsec/ntpsec_debian.bb:do_compile
Summary: There was 1 ERROR message shown, returning a non-zero exit code.
