Loading cache...done.
Loaded 1733 entries from dependency cache.
NOTE: Resolving any missing task queue dependencies

Build Configuration:
BB_VERSION           = "1.42.0"
BUILD_SYS            = "x86_64-linux"
NATIVELSBSTRING      = "universal"
TARGET_SYS           = "mips-deby-linux"
MACHINE              = "qemumips"
DISTRO               = "deby"
DISTRO_VERSION       = "10.0"
TUNE_FEATURES        = "o32 bigendian fpu-hard mips32r2"
TARGET_FPU           = ""
meta                 
meta-poky            = "warrior:79a850a10a4b88a6d20d607b322542f947874323"
meta-debian          = "warrior:065aa7dcd28d697d2d493e1f188deb4f78253725"

Initialising tasks...done.
Sstate summary: Wanted 10 Found 0 Missed 10 Current 447 (0% match, 97% complete)
NOTE: Executing SetScene Tasks
NOTE: Executing RunQueue Tasks
NOTE: Running task 1260 of 2067 (/home/deby/poky/meta-debian/recipes-debian/pcsc-lite/pcsc-lite_debian.bb:do_fetch)
NOTE: Running task 1395 of 2067 (/home/deby/poky/meta-debian/recipes-debian/pam-pkcs11/pam-pkcs11_debian.bb:do_fetch)
NOTE: recipe pcsc-lite-1.8.24-r0: task do_fetch: Started
NOTE: recipe pcsc-lite-1.8.24-r0: task do_fetch: Succeeded
NOTE: Running task 1887 of 2067 (/home/deby/poky/meta-debian/recipes-debian/pcsc-lite/pcsc-lite_debian.bb:do_unpack)
NOTE: Running task 1888 of 2067 (/home/deby/poky/meta-debian/recipes-debian/pcsc-lite/pcsc-lite_debian.bb:do_prepare_recipe_sysroot)
NOTE: recipe pam-pkcs11-0.6.9-r0: task do_fetch: Started
NOTE: recipe pam-pkcs11-0.6.9-r0: task do_fetch: Succeeded
NOTE: Running task 2043 of 2067 (/home/deby/poky/meta-debian/recipes-debian/pam-pkcs11/pam-pkcs11_debian.bb:do_unpack)
NOTE: recipe pcsc-lite-1.8.24-r0: task do_unpack: Started
NOTE: recipe pcsc-lite-1.8.24-r0: task do_prepare_recipe_sysroot: Started
NOTE: recipe pam-pkcs11-0.6.9-r0: task do_unpack: Started
NOTE: recipe pam-pkcs11-0.6.9-r0: task do_unpack: Succeeded
NOTE: Running task 2044 of 2067 (/home/deby/poky/meta-debian/recipes-debian/pam-pkcs11/pam-pkcs11_debian.bb:do_debian_unpack_extra)
NOTE: recipe pam-pkcs11-0.6.9-r0: task do_debian_unpack_extra: Started
NOTE: recipe pam-pkcs11-0.6.9-r0: task do_debian_unpack_extra: Succeeded
NOTE: Running task 2045 of 2067 (/home/deby/poky/meta-debian/recipes-debian/pam-pkcs11/pam-pkcs11_debian.bb:do_debian_patch)
NOTE: recipe pcsc-lite-1.8.24-r0: task do_unpack: Succeeded
NOTE: Running task 2046 of 2067 (/home/deby/poky/meta-debian/recipes-debian/pcsc-lite/pcsc-lite_debian.bb:do_debian_unpack_extra)
NOTE: recipe pam-pkcs11-0.6.9-r0: task do_debian_patch: Started
NOTE: recipe pcsc-lite-1.8.24-r0: task do_debian_unpack_extra: Started
NOTE: recipe pam-pkcs11-0.6.9-r0: task do_debian_patch: Succeeded
NOTE: Running task 2047 of 2067 (/home/deby/poky/meta-debian/recipes-debian/pam-pkcs11/pam-pkcs11_debian.bb:do_patch)
NOTE: recipe pcsc-lite-1.8.24-r0: task do_debian_unpack_extra: Succeeded
NOTE: Running task 2048 of 2067 (/home/deby/poky/meta-debian/recipes-debian/pcsc-lite/pcsc-lite_debian.bb:do_debian_patch)
NOTE: recipe pam-pkcs11-0.6.9-r0: task do_patch: Started
NOTE: recipe pam-pkcs11-0.6.9-r0: task do_patch: Succeeded
NOTE: Running task 2049 of 2067 (/home/deby/poky/meta-debian/recipes-debian/pam-pkcs11/pam-pkcs11_debian.bb:do_populate_lic)
NOTE: recipe pcsc-lite-1.8.24-r0: task do_debian_patch: Started
NOTE: recipe pam-pkcs11-0.6.9-r0: task do_populate_lic: Started
NOTE: recipe pam-pkcs11-0.6.9-r0: task do_populate_lic: Succeeded
NOTE: recipe pcsc-lite-1.8.24-r0: task do_prepare_recipe_sysroot: Succeeded
NOTE: recipe pcsc-lite-1.8.24-r0: task do_debian_patch: Succeeded
NOTE: Running task 2050 of 2067 (/home/deby/poky/meta-debian/recipes-debian/pcsc-lite/pcsc-lite_debian.bb:do_patch)
NOTE: recipe pcsc-lite-1.8.24-r0: task do_patch: Started
NOTE: recipe pcsc-lite-1.8.24-r0: task do_patch: Succeeded
NOTE: Running task 2051 of 2067 (/home/deby/poky/meta-debian/recipes-debian/pcsc-lite/pcsc-lite_debian.bb:do_configure)
NOTE: recipe pcsc-lite-1.8.24-r0: task do_configure: Started
NOTE: recipe pcsc-lite-1.8.24-r0: task do_configure: Succeeded
NOTE: Running task 2052 of 2067 (/home/deby/poky/meta-debian/recipes-debian/pcsc-lite/pcsc-lite_debian.bb:do_compile)
NOTE: recipe pcsc-lite-1.8.24-r0: task do_compile: Started
NOTE: recipe pcsc-lite-1.8.24-r0: task do_compile: Succeeded
NOTE: Running task 2053 of 2067 (/home/deby/poky/meta-debian/recipes-debian/pcsc-lite/pcsc-lite_debian.bb:do_install)
NOTE: recipe pcsc-lite-1.8.24-r0: task do_install: Started
NOTE: recipe pcsc-lite-1.8.24-r0: task do_install: Succeeded
NOTE: Running task 2054 of 2067 (/home/deby/poky/meta-debian/recipes-debian/pcsc-lite/pcsc-lite_debian.bb:do_package)
NOTE: Running task 2055 of 2067 (/home/deby/poky/meta-debian/recipes-debian/pcsc-lite/pcsc-lite_debian.bb:do_populate_sysroot)
NOTE: recipe pcsc-lite-1.8.24-r0: task do_package: Started
NOTE: recipe pcsc-lite-1.8.24-r0: task do_populate_sysroot: Started
NOTE: recipe pcsc-lite-1.8.24-r0: task do_populate_sysroot: Succeeded
NOTE: Running task 2056 of 2067 (/home/deby/poky/meta-debian/recipes-debian/pam-pkcs11/pam-pkcs11_debian.bb:do_prepare_recipe_sysroot)
NOTE: recipe pam-pkcs11-0.6.9-r0: task do_prepare_recipe_sysroot: Started
NOTE: recipe pam-pkcs11-0.6.9-r0: task do_prepare_recipe_sysroot: Succeeded
NOTE: Running task 2057 of 2067 (/home/deby/poky/meta-debian/recipes-debian/pam-pkcs11/pam-pkcs11_debian.bb:do_configure)
NOTE: recipe pam-pkcs11-0.6.9-r0: task do_configure: Started
NOTE: recipe pcsc-lite-1.8.24-r0: task do_package: Succeeded
NOTE: Running task 2058 of 2067 (/home/deby/poky/meta-debian/recipes-debian/pcsc-lite/pcsc-lite_debian.bb:do_packagedata)
NOTE: recipe pcsc-lite-1.8.24-r0: task do_packagedata: Started
NOTE: recipe pcsc-lite-1.8.24-r0: task do_packagedata: Succeeded
NOTE: Running task 2059 of 2067 (/home/deby/poky/meta-debian/recipes-debian/pcsc-lite/pcsc-lite_debian.bb:do_package_write_deb)
NOTE: recipe pcsc-lite-1.8.24-r0: task do_package_write_deb: Started
NOTE: recipe pcsc-lite-1.8.24-r0: task do_package_write_deb: Succeeded
NOTE: recipe pam-pkcs11-0.6.9-r0: task do_configure: Succeeded
NOTE: Running task 2060 of 2067 (/home/deby/poky/meta-debian/recipes-debian/pam-pkcs11/pam-pkcs11_debian.bb:do_compile)
NOTE: recipe pam-pkcs11-0.6.9-r0: task do_compile: Started
NOTE: recipe pam-pkcs11-0.6.9-r0: task do_compile: Succeeded
NOTE: Running task 2061 of 2067 (/home/deby/poky/meta-debian/recipes-debian/pam-pkcs11/pam-pkcs11_debian.bb:do_install)
NOTE: recipe pam-pkcs11-0.6.9-r0: task do_install: Started
NOTE: recipe pam-pkcs11-0.6.9-r0: task do_install: Succeeded
NOTE: Running task 2062 of 2067 (/home/deby/poky/meta-debian/recipes-debian/pam-pkcs11/pam-pkcs11_debian.bb:do_package)
NOTE: Running task 2063 of 2067 (/home/deby/poky/meta-debian/recipes-debian/pam-pkcs11/pam-pkcs11_debian.bb:do_populate_sysroot)
NOTE: recipe pam-pkcs11-0.6.9-r0: task do_populate_sysroot: Started
NOTE: recipe pam-pkcs11-0.6.9-r0: task do_package: Started
NOTE: recipe pam-pkcs11-0.6.9-r0: task do_populate_sysroot: Succeeded
NOTE: recipe pam-pkcs11-0.6.9-r0: task do_package: Succeeded
NOTE: Running task 2064 of 2067 (/home/deby/poky/meta-debian/recipes-debian/pam-pkcs11/pam-pkcs11_debian.bb:do_packagedata)
NOTE: recipe pam-pkcs11-0.6.9-r0: task do_packagedata: Started
NOTE: recipe pam-pkcs11-0.6.9-r0: task do_packagedata: Succeeded
NOTE: Running task 2065 of 2067 (/home/deby/poky/meta-debian/recipes-debian/pam-pkcs11/pam-pkcs11_debian.bb:do_package_write_deb)
NOTE: Running task 2066 of 2067 (/home/deby/poky/meta-debian/recipes-debian/pam-pkcs11/pam-pkcs11_debian.bb:do_package_qa)
NOTE: recipe pam-pkcs11-0.6.9-r0: task do_package_write_deb: Started
NOTE: recipe pam-pkcs11-0.6.9-r0: task do_package_qa: Started
NOTE: recipe pam-pkcs11-0.6.9-r0: task do_package_qa: Succeeded
NOTE: recipe pam-pkcs11-0.6.9-r0: task do_package_write_deb: Succeeded
NOTE: Running noexec task 2067 of 2067 (/home/deby/poky/meta-debian/recipes-debian/pam-pkcs11/pam-pkcs11_debian.bb:do_build)
NOTE: Tasks Summary: Attempted 2067 tasks of which 2038 didn't need to be rerun and all succeeded.
