WARNING: Host distribution "debian-10" has not been validated with this version of the build system; you may possibly experience unexpected failures. It is recommended that you use a tested distribution.
Loading cache...done.
Loaded 1440 entries from dependency cache.
NOTE: Resolving any missing task queue dependencies

Build Configuration:
BB_VERSION           = "1.42.0"
BUILD_SYS            = "x86_64-linux"
NATIVELSBSTRING      = "universal"
TARGET_SYS           = "mips-deby-linux"
MACHINE              = "qemumips"
DISTRO               = "deby"
DISTRO_VERSION       = "10.0"
TUNE_FEATURES        = "o32 bigendian fpu-hard mips32r2"
TARGET_FPU           = ""
meta                 
meta-poky            = "warrior:51223035e66c5b27799b15a0f8ebe75d24d3971b"
meta-debian          = "warrior-trungdt:47b755ebe41c5afc0ea94d75b55c4f0efd8983fe"

Initialising tasks...done.
Sstate summary: Wanted 84 Found 83 Missed 1 Current 308 (98% match, 99% complete)
NOTE: Executing SetScene Tasks
NOTE: Running setscene task 309 of 392 (/home/deby/poky/meta-debian/recipes-debian/pax-utils/pax-utils_debian.bb:do_populate_sysroot_setscene)
NOTE: Running setscene task 310 of 392 (/home/deby/poky/meta-debian/recipes-debian/pax-utils/pax-utils_debian.bb:do_package_qa_setscene)
NOTE: Running setscene task 311 of 392 (/home/deby/poky/meta-debian/recipes-debian/pax-utils/pax-utils_debian.bb:do_package_write_deb_setscene)
NOTE: Running setscene task 316 of 392 (/home/deby/poky/meta-debian/recipes-kernel/linux-libc-headers/linux-libc-headers-base_git.bb:do_package_write_deb_setscene)
NOTE: Running setscene task 323 of 392 (/home/deby/poky/meta-debian/recipes-kernel/linux-libc-headers/linux-libc-headers-base_git.bb:do_populate_sysroot_setscene)
NOTE: Running setscene task 348 of 392 (/home/deby/poky/meta-debian/recipes-kernel/linux/linux-base_git.bb:do_package_write_deb_setscene)
NOTE: Running setscene task 349 of 392 (/home/deby/poky/meta-debian/recipes-kernel/linux/linux-base_git.bb:do_deploy_setscene)
NOTE: recipe pax-utils-1.2.4-r0: task do_populate_sysroot_setscene: Started
NOTE: recipe pax-utils-1.2.4-r0: task do_package_qa_setscene: Started
NOTE: recipe pax-utils-1.2.4-r0: task do_package_write_deb_setscene: Started
NOTE: recipe pax-utils-1.2.4-r0: task do_package_qa_setscene: Succeeded
NOTE: recipe pax-utils-1.2.4-r0: task do_populate_sysroot_setscene: Succeeded
NOTE: recipe pax-utils-1.2.4-r0: task do_package_write_deb_setscene: Succeeded
NOTE: Running setscene task 384 of 392 (/home/deby/poky/meta-debian/recipes-debian/pax-utils/pax-utils_debian.bb:do_packagedata_setscene)
NOTE: recipe pax-utils-1.2.4-r0: task do_packagedata_setscene: Started
NOTE: recipe pax-utils-1.2.4-r0: task do_packagedata_setscene: Succeeded
ERROR: When reparsing /home/deby/poky/meta-debian/recipes-kernel/linux/linux-base_git.bb.do_patch, the basehash value changed from 794aba43c93b827ab8dad47165be6be0d8f92f251bd262635c22313e23128daa to ad76c34176c05413e9fb00995196d5015fc81c93587134874abe5c331acef982. The metadata is not deterministic and this needs to be fixed.
ERROR: When reparsing /home/deby/poky/meta-debian/recipes-kernel/linux/linux-base_git.bb.do_populate_sysroot, the basehash value changed from 96ae5989db59a4582df46584ca3325947fffbed0a000494837e2e2e2ff48ef6e to d8df6a88299855c93f0a9f93fc956afb58fc69d5d068daca022df56d1a636b25. The metadata is not deterministic and this needs to be fixed.
ERROR: When reparsing /home/deby/poky/meta-debian/recipes-kernel/linux/linux-base_git.bb.do_fetch, the basehash value changed from aad8878fe52148b38fc844e2ab512aac266b06991f6c5dbe39d11ebae18b4a6f to 956a0811412a55d150cf540334dba01ab6e9971145c6d96047321b1ee51f001c. The metadata is not deterministic and this needs to be fixed.
ERROR: When reparsing /home/deby/poky/meta-debian/recipes-kernel/linux/linux-base_git.bb.do_configure, the basehash value changed from 0f8762f12ebc8d7d74a2ba8a076d0c5e47671af5de068f7ecff2a025f068d763 to d043ab6006f06ff581a538af73508e0d72cf53ba35bd4af2f32da556055abc5f. The metadata is not deterministic and this needs to be fixed.
ERROR: When reparsing /home/deby/poky/meta-debian/recipes-kernel/linux/linux-base_git.bb.do_compile, the basehash value changed from 4d3e69fea14601c1a0bec7ede3aaafc7c0b0e9af604a14ed9773dd53c417e2da to 4ca8673fff5b6dd1a9e43d6c9f7ab78064209a5c300df13d4eabae280cf95a0e. The metadata is not deterministic and this needs to be fixed.
ERROR: When reparsing /home/deby/poky/meta-debian/recipes-kernel/linux/linux-base_git.bb.do_install, the basehash value changed from 6b894d8cb7aae480f7386876dbaa4bf04c543f42045ef08d01f92fd416e20baa to fa9a7e434f50e21faa163684a3940d41567db41e8354a506db7b98cd05c0e793. The metadata is not deterministic and this needs to be fixed.
ERROR: When reparsing /home/deby/poky/meta-debian/recipes-kernel/linux/linux-base_git.bb.do_package, the basehash value changed from 41ca29442fe1f16298b5fb6fd120622216891d9d590ec139ce49fd26de90089b to 40dc95588b0a231f4b799aa52b8810ac886844b05203b470f337c007ece26bf8. The metadata is not deterministic and this needs to be fixed.
ERROR: When reparsing /home/deby/poky/meta-debian/recipes-kernel/linux/linux-base_git.bb.do_packagedata, the basehash value changed from acf8e979d600e9c0a80cd91a4381a7da7502e3f316be68a46d38055db3d3917d to dbdf2330628839073fb631e6a8a5eec4b629aac20e814b2be0ca42011407803b. The metadata is not deterministic and this needs to be fixed.
ERROR: When reparsing /home/deby/poky/meta-debian/recipes-kernel/linux/linux-base_git.bb.do_package_write_deb, the basehash value changed from caa393d2be67b90726c65b809021065d60571a1613bba43479376b28a2b593ba to 6de24e6620985b79beb7a0ee24b21b017f94e0b1da74d7c17b14d31e3229b6e1. The metadata is not deterministic and this needs to be fixed.
ERROR: When reparsing /home/deby/poky/meta-debian/recipes-kernel/linux/linux-base_git.bb.do_bundle_initramfs, the basehash value changed from b63350460b5e557d74403cbf47bf4402bbe31aa32971a3dcd9dba61cc5196c1f to 56c45921ca247b81dedb432852a3964d8121ba91d305b0729d453f105ca786de. The metadata is not deterministic and this needs to be fixed.
ERROR: When reparsing /home/deby/poky/meta-debian/recipes-kernel/linux/linux-base_git.bb.do_compile_kernelmodules, the basehash value changed from cea38984fdd54241d9dfa4bfcb6f2ea05f736b87799d170464bdbf6125c00be3 to 6fd68cd1806e3612def097ab4e8d99a92717ffe8b76bc65b6bb217c079e8d8fa. The metadata is not deterministic and this needs to be fixed.
ERROR: When reparsing /home/deby/poky/meta-debian/recipes-kernel/linux/linux-base_git.bb.do_shared_workdir, the basehash value changed from fcf2dcdfa0f3ded92fedbd191f75020918cb3c635daa22bec52b9f62dad4d669 to 1bcc289f9bed428d5669e59ff75bf32c18df421cd5c3d767d9512a2c8e050ba5. The metadata is not deterministic and this needs to be fixed.
ERROR: When reparsing /home/deby/poky/meta-debian/recipes-kernel/linux/linux-base_git.bb.do_kernel_link_images, the basehash value changed from 24fdd493ab5fd7958c53ded1c0874f0d3161090cdace54a5d26cce53624d9de7 to fb2a5ba1beb6a8df51b59fbb33d3bb826d83d3f829d58e24d2943947ce09067e. The metadata is not deterministic and this needs to be fixed.
ERROR: When reparsing /home/deby/poky/meta-debian/recipes-kernel/linux/linux-base_git.bb.do_strip, the basehash value changed from b00984463144bb33f839480dc6024ec046614b6560fb952c92fee037df52afd2 to b33d48fbbdf123be3a52c912d81b7669f0fcd290d9592336c701f6daa6f91ee5. The metadata is not deterministic and this needs to be fixed.
ERROR: When reparsing /home/deby/poky/meta-debian/recipes-kernel/linux/linux-base_git.bb.do_sizecheck, the basehash value changed from 74b190a93f2d93b2d9e6803ed6da4a87ef9ccf24eea12327e1f105a8e6c69e1f to 66393ddfce927696c596eed36c3dc07cc8ec1e1e72d3af2a1245cc1a0e7f1cdd. The metadata is not deterministic and this needs to be fixed.
ERROR: When reparsing /home/deby/poky/meta-debian/recipes-kernel/linux/linux-base_git.bb.do_deploy, the basehash value changed from ee6ff3254c509a6dc4a586389eda347e8a79738fb25e563a770dc2b7b147bde4 to f3cafd9913b8358ec84f7b958a7ebbac3f5cc253b5a26d55865c51f0a8533a7b. The metadata is not deterministic and this needs to be fixed.
NOTE: recipe linux-base-gitAUTOINC+2951eded01-r0: task do_package_write_deb_setscene: Started
ERROR: When reparsing /home/deby/poky/meta-debian/recipes-kernel/linux/linux-base_git.bb.do_patch, the basehash value changed from 794aba43c93b827ab8dad47165be6be0d8f92f251bd262635c22313e23128daa to ad76c34176c05413e9fb00995196d5015fc81c93587134874abe5c331acef982. The metadata is not deterministic and this needs to be fixed.
ERROR: When reparsing /home/deby/poky/meta-debian/recipes-kernel/linux/linux-base_git.bb.do_populate_sysroot, the basehash value changed from 96ae5989db59a4582df46584ca3325947fffbed0a000494837e2e2e2ff48ef6e to d8df6a88299855c93f0a9f93fc956afb58fc69d5d068daca022df56d1a636b25. The metadata is not deterministic and this needs to be fixed.
ERROR: When reparsing /home/deby/poky/meta-debian/recipes-kernel/linux/linux-base_git.bb.do_fetch, the basehash value changed from aad8878fe52148b38fc844e2ab512aac266b06991f6c5dbe39d11ebae18b4a6f to 956a0811412a55d150cf540334dba01ab6e9971145c6d96047321b1ee51f001c. The metadata is not deterministic and this needs to be fixed.
ERROR: When reparsing /home/deby/poky/meta-debian/recipes-kernel/linux/linux-base_git.bb.do_configure, the basehash value changed from 0f8762f12ebc8d7d74a2ba8a076d0c5e47671af5de068f7ecff2a025f068d763 to d043ab6006f06ff581a538af73508e0d72cf53ba35bd4af2f32da556055abc5f. The metadata is not deterministic and this needs to be fixed.
ERROR: When reparsing /home/deby/poky/meta-debian/recipes-kernel/linux/linux-base_git.bb.do_compile, the basehash value changed from 4d3e69fea14601c1a0bec7ede3aaafc7c0b0e9af604a14ed9773dd53c417e2da to 4ca8673fff5b6dd1a9e43d6c9f7ab78064209a5c300df13d4eabae280cf95a0e. The metadata is not deterministic and this needs to be fixed.
ERROR: When reparsing /home/deby/poky/meta-debian/recipes-kernel/linux/linux-base_git.bb.do_install, the basehash value changed from 6b894d8cb7aae480f7386876dbaa4bf04c543f42045ef08d01f92fd416e20baa to fa9a7e434f50e21faa163684a3940d41567db41e8354a506db7b98cd05c0e793. The metadata is not deterministic and this needs to be fixed.
ERROR: When reparsing /home/deby/poky/meta-debian/recipes-kernel/linux/linux-base_git.bb.do_package, the basehash value changed from 41ca29442fe1f16298b5fb6fd120622216891d9d590ec139ce49fd26de90089b to 40dc95588b0a231f4b799aa52b8810ac886844b05203b470f337c007ece26bf8. The metadata is not deterministic and this needs to be fixed.
ERROR: When reparsing /home/deby/poky/meta-debian/recipes-kernel/linux/linux-base_git.bb.do_packagedata, the basehash value changed from acf8e979d600e9c0a80cd91a4381a7da7502e3f316be68a46d38055db3d3917d to dbdf2330628839073fb631e6a8a5eec4b629aac20e814b2be0ca42011407803b. The metadata is not deterministic and this needs to be fixed.
ERROR: When reparsing /home/deby/poky/meta-debian/recipes-kernel/linux/linux-base_git.bb.do_package_write_deb, the basehash value changed from caa393d2be67b90726c65b809021065d60571a1613bba43479376b28a2b593ba to 6de24e6620985b79beb7a0ee24b21b017f94e0b1da74d7c17b14d31e3229b6e1. The metadata is not deterministic and this needs to be fixed.
ERROR: When reparsing /home/deby/poky/meta-debian/recipes-kernel/linux/linux-base_git.bb.do_bundle_initramfs, the basehash value changed from b63350460b5e557d74403cbf47bf4402bbe31aa32971a3dcd9dba61cc5196c1f to 56c45921ca247b81dedb432852a3964d8121ba91d305b0729d453f105ca786de. The metadata is not deterministic and this needs to be fixed.
ERROR: When reparsing /home/deby/poky/meta-debian/recipes-kernel/linux/linux-base_git.bb.do_compile_kernelmodules, the basehash value changed from cea38984fdd54241d9dfa4bfcb6f2ea05f736b87799d170464bdbf6125c00be3 to 6fd68cd1806e3612def097ab4e8d99a92717ffe8b76bc65b6bb217c079e8d8fa. The metadata is not deterministic and this needs to be fixed.
ERROR: When reparsing /home/deby/poky/meta-debian/recipes-kernel/linux/linux-base_git.bb.do_shared_workdir, the basehash value changed from fcf2dcdfa0f3ded92fedbd191f75020918cb3c635daa22bec52b9f62dad4d669 to 1bcc289f9bed428d5669e59ff75bf32c18df421cd5c3d767d9512a2c8e050ba5. The metadata is not deterministic and this needs to be fixed.
ERROR: When reparsing /home/deby/poky/meta-debian/recipes-kernel/linux/linux-base_git.bb.do_kernel_link_images, the basehash value changed from 24fdd493ab5fd7958c53ded1c0874f0d3161090cdace54a5d26cce53624d9de7 to fb2a5ba1beb6a8df51b59fbb33d3bb826d83d3f829d58e24d2943947ce09067e. The metadata is not deterministic and this needs to be fixed.
ERROR: When reparsing /home/deby/poky/meta-debian/recipes-kernel/linux/linux-base_git.bb.do_strip, the basehash value changed from b00984463144bb33f839480dc6024ec046614b6560fb952c92fee037df52afd2 to b33d48fbbdf123be3a52c912d81b7669f0fcd290d9592336c701f6daa6f91ee5. The metadata is not deterministic and this needs to be fixed.
ERROR: When reparsing /home/deby/poky/meta-debian/recipes-kernel/linux/linux-base_git.bb.do_sizecheck, the basehash value changed from 74b190a93f2d93b2d9e6803ed6da4a87ef9ccf24eea12327e1f105a8e6c69e1f to 66393ddfce927696c596eed36c3dc07cc8ec1e1e72d3af2a1245cc1a0e7f1cdd. The metadata is not deterministic and this needs to be fixed.
ERROR: When reparsing /home/deby/poky/meta-debian/recipes-kernel/linux/linux-base_git.bb.do_deploy, the basehash value changed from ee6ff3254c509a6dc4a586389eda347e8a79738fb25e563a770dc2b7b147bde4 to f3cafd9913b8358ec84f7b958a7ebbac3f5cc253b5a26d55865c51f0a8533a7b. The metadata is not deterministic and this needs to be fixed.
NOTE: recipe linux-base-gitAUTOINC+2951eded01-r0: task do_deploy_setscene: Started
ERROR: When reparsing /home/deby/poky/meta-debian/recipes-kernel/linux-libc-headers/linux-libc-headers-base_git.bb.do_patch, the basehash value changed from 794aba43c93b827ab8dad47165be6be0d8f92f251bd262635c22313e23128daa to ad76c34176c05413e9fb00995196d5015fc81c93587134874abe5c331acef982. The metadata is not deterministic and this needs to be fixed.
ERROR: When reparsing /home/deby/poky/meta-debian/recipes-kernel/linux-libc-headers/linux-libc-headers-base_git.bb.do_populate_sysroot, the basehash value changed from 200562396159664cf6a42475b97f810338c4576ddb88e6c3cbe3850d9c89730d to 620643e07d55b504e7dc216bd4a1d8bf07c4ffc5bf08b44aea761ddf78038285. The metadata is not deterministic and this needs to be fixed.
ERROR: When reparsing /home/deby/poky/meta-debian/recipes-kernel/linux-libc-headers/linux-libc-headers-base_git.bb.do_fetch, the basehash value changed from 5244d744bc71cb99083f3cea9838c2708f7af4208333fb02a8c2f61841c24933 to fcffecba15f047c95455f477a03c0e9d97fee02f6f76a0c862d49b2d33a69bdd. The metadata is not deterministic and this needs to be fixed.
ERROR: When reparsing /home/deby/poky/meta-debian/recipes-kernel/linux-libc-headers/linux-libc-headers-base_git.bb.do_configure, the basehash value changed from cdd27d9bf38aa46d53cc94a02b5853fada0165fe04f11f4025255f4074d6c4cb to 5063a45ad3fd8a984b6d0b90dedbe0d55ec022e5b3d1f0258e1012442cbe37a0. The metadata is not deterministic and this needs to be fixed.
ERROR: When reparsing /home/deby/poky/meta-debian/recipes-kernel/linux-libc-headers/linux-libc-headers-base_git.bb.do_compile, the basehash value changed from 17b8773b16e89f8e98ef283826a53ca5efb2dff38e51ffeca3598d23e5af9dc0 to 1b2db8f3c133b37dbcec90ce058bc9c52861a08fad3c3a34dac3eb7f013e8e0b. The metadata is not deterministic and this needs to be fixed.
ERROR: When reparsing /home/deby/poky/meta-debian/recipes-kernel/linux-libc-headers/linux-libc-headers-base_git.bb.do_install, the basehash value changed from d4ac2419d45c0023d1ee718a8edea57dfddccf152580f522fad57190a9bec121 to a63951a58c8ff551eee07805f3f1d0ff0ee1ac66d4718a0b11cf2354ddabe923. The metadata is not deterministic and this needs to be fixed.
ERROR: When reparsing /home/deby/poky/meta-debian/recipes-kernel/linux-libc-headers/linux-libc-headers-base_git.bb.do_package, the basehash value changed from 8100d816d5c883c14a019e01e5d1e1328c11b002fc72679639fe14437e7ba158 to f6185877a785f580615e856b3c1824cee83ab7761d1dfa9b71e45e5b0ab510cc. The metadata is not deterministic and this needs to be fixed.
ERROR: When reparsing /home/deby/poky/meta-debian/recipes-kernel/linux-libc-headers/linux-libc-headers-base_git.bb.do_packagedata, the basehash value changed from dea47b85056fcb5685ad368c0f7dddaa5f08afb7007df237764bdd22a8886058 to 8472d99801451c12f50d7927d85a379e9489a8eddb8249a7a0f957a4b1e64d12. The metadata is not deterministic and this needs to be fixed.
ERROR: When reparsing /home/deby/poky/meta-debian/recipes-kernel/linux-libc-headers/linux-libc-headers-base_git.bb.do_package_write_deb, the basehash value changed from 116fd3c1d9ae606c6722e9186d6c1b77564d4eb7c915198c9f89ce9d500ad72d to a4b232c196e2b8690117a37b76f520a2aaa37ab3ca552d5d8e34557e0030f4f4. The metadata is not deterministic and this needs to be fixed.
ERROR: When reparsing /home/deby/poky/meta-debian/recipes-kernel/linux-libc-headers/linux-libc-headers-base_git.bb.do_patch, the basehash value changed from 794aba43c93b827ab8dad47165be6be0d8f92f251bd262635c22313e23128daa to ad76c34176c05413e9fb00995196d5015fc81c93587134874abe5c331acef982. The metadata is not deterministic and this needs to be fixed.
ERROR: When reparsing /home/deby/poky/meta-debian/recipes-kernel/linux-libc-headers/linux-libc-headers-base_git.bb.do_populate_sysroot, the basehash value changed from 200562396159664cf6a42475b97f810338c4576ddb88e6c3cbe3850d9c89730d to 620643e07d55b504e7dc216bd4a1d8bf07c4ffc5bf08b44aea761ddf78038285. The metadata is not deterministic and this needs to be fixed.
ERROR: When reparsing /home/deby/poky/meta-debian/recipes-kernel/linux-libc-headers/linux-libc-headers-base_git.bb.do_fetch, the basehash value changed from 5244d744bc71cb99083f3cea9838c2708f7af4208333fb02a8c2f61841c24933 to fcffecba15f047c95455f477a03c0e9d97fee02f6f76a0c862d49b2d33a69bdd. The metadata is not deterministic and this needs to be fixed.
ERROR: When reparsing /home/deby/poky/meta-debian/recipes-kernel/linux-libc-headers/linux-libc-headers-base_git.bb.do_configure, the basehash value changed from cdd27d9bf38aa46d53cc94a02b5853fada0165fe04f11f4025255f4074d6c4cb to 5063a45ad3fd8a984b6d0b90dedbe0d55ec022e5b3d1f0258e1012442cbe37a0. The metadata is not deterministic and this needs to be fixed.
ERROR: When reparsing /home/deby/poky/meta-debian/recipes-kernel/linux-libc-headers/linux-libc-headers-base_git.bb.do_compile, the basehash value changed from 17b8773b16e89f8e98ef283826a53ca5efb2dff38e51ffeca3598d23e5af9dc0 to 1b2db8f3c133b37dbcec90ce058bc9c52861a08fad3c3a34dac3eb7f013e8e0b. The metadata is not deterministic and this needs to be fixed.
ERROR: When reparsing /home/deby/poky/meta-debian/recipes-kernel/linux-libc-headers/linux-libc-headers-base_git.bb.do_install, the basehash value changed from d4ac2419d45c0023d1ee718a8edea57dfddccf152580f522fad57190a9bec121 to a63951a58c8ff551eee07805f3f1d0ff0ee1ac66d4718a0b11cf2354ddabe923. The metadata is not deterministic and this needs to be fixed.
ERROR: When reparsing /home/deby/poky/meta-debian/recipes-kernel/linux-libc-headers/linux-libc-headers-base_git.bb.do_package, the basehash value changed from 8100d816d5c883c14a019e01e5d1e1328c11b002fc72679639fe14437e7ba158 to f6185877a785f580615e856b3c1824cee83ab7761d1dfa9b71e45e5b0ab510cc. The metadata is not deterministic and this needs to be fixed.
ERROR: When reparsing /home/deby/poky/meta-debian/recipes-kernel/linux-libc-headers/linux-libc-headers-base_git.bb.do_packagedata, the basehash value changed from dea47b85056fcb5685ad368c0f7dddaa5f08afb7007df237764bdd22a8886058 to 8472d99801451c12f50d7927d85a379e9489a8eddb8249a7a0f957a4b1e64d12. The metadata is not deterministic and this needs to be fixed.
ERROR: When reparsing /home/deby/poky/meta-debian/recipes-kernel/linux-libc-headers/linux-libc-headers-base_git.bb.do_package_write_deb, the basehash value changed from 116fd3c1d9ae606c6722e9186d6c1b77564d4eb7c915198c9f89ce9d500ad72d to a4b232c196e2b8690117a37b76f520a2aaa37ab3ca552d5d8e34557e0030f4f4. The metadata is not deterministic and this needs to be fixed.
NOTE: recipe linux-libc-headers-base-gitAUTOINC+2951eded01-r0: task do_populate_sysroot_setscene: Started
NOTE: recipe linux-libc-headers-base-gitAUTOINC+2951eded01-r0: task do_package_write_deb_setscene: Started
NOTE: recipe linux-base-gitAUTOINC+2951eded01-r0: task do_package_write_deb_setscene: Succeeded
NOTE: recipe linux-libc-headers-base-gitAUTOINC+2951eded01-r0: task do_package_write_deb_setscene: Succeeded
NOTE: Running setscene task 387 of 392 (/home/deby/poky/meta-debian/recipes-kernel/linux-libc-headers/linux-libc-headers-base_git.bb:do_packagedata_setscene)
NOTE: recipe linux-libc-headers-base-gitAUTOINC+2951eded01-r0: task do_populate_sysroot_setscene: Succeeded
ERROR: When reparsing /home/deby/poky/meta-debian/recipes-kernel/linux-libc-headers/linux-libc-headers-base_git.bb.do_patch, the basehash value changed from 794aba43c93b827ab8dad47165be6be0d8f92f251bd262635c22313e23128daa to ad76c34176c05413e9fb00995196d5015fc81c93587134874abe5c331acef982. The metadata is not deterministic and this needs to be fixed.
ERROR: When reparsing /home/deby/poky/meta-debian/recipes-kernel/linux-libc-headers/linux-libc-headers-base_git.bb.do_populate_sysroot, the basehash value changed from 200562396159664cf6a42475b97f810338c4576ddb88e6c3cbe3850d9c89730d to 620643e07d55b504e7dc216bd4a1d8bf07c4ffc5bf08b44aea761ddf78038285. The metadata is not deterministic and this needs to be fixed.
ERROR: When reparsing /home/deby/poky/meta-debian/recipes-kernel/linux-libc-headers/linux-libc-headers-base_git.bb.do_fetch, the basehash value changed from 5244d744bc71cb99083f3cea9838c2708f7af4208333fb02a8c2f61841c24933 to fcffecba15f047c95455f477a03c0e9d97fee02f6f76a0c862d49b2d33a69bdd. The metadata is not deterministic and this needs to be fixed.
ERROR: When reparsing /home/deby/poky/meta-debian/recipes-kernel/linux-libc-headers/linux-libc-headers-base_git.bb.do_configure, the basehash value changed from cdd27d9bf38aa46d53cc94a02b5853fada0165fe04f11f4025255f4074d6c4cb to 5063a45ad3fd8a984b6d0b90dedbe0d55ec022e5b3d1f0258e1012442cbe37a0. The metadata is not deterministic and this needs to be fixed.
ERROR: When reparsing /home/deby/poky/meta-debian/recipes-kernel/linux-libc-headers/linux-libc-headers-base_git.bb.do_compile, the basehash value changed from 17b8773b16e89f8e98ef283826a53ca5efb2dff38e51ffeca3598d23e5af9dc0 to 1b2db8f3c133b37dbcec90ce058bc9c52861a08fad3c3a34dac3eb7f013e8e0b. The metadata is not deterministic and this needs to be fixed.
ERROR: When reparsing /home/deby/poky/meta-debian/recipes-kernel/linux-libc-headers/linux-libc-headers-base_git.bb.do_install, the basehash value changed from d4ac2419d45c0023d1ee718a8edea57dfddccf152580f522fad57190a9bec121 to a63951a58c8ff551eee07805f3f1d0ff0ee1ac66d4718a0b11cf2354ddabe923. The metadata is not deterministic and this needs to be fixed.
ERROR: When reparsing /home/deby/poky/meta-debian/recipes-kernel/linux-libc-headers/linux-libc-headers-base_git.bb.do_package, the basehash value changed from 8100d816d5c883c14a019e01e5d1e1328c11b002fc72679639fe14437e7ba158 to f6185877a785f580615e856b3c1824cee83ab7761d1dfa9b71e45e5b0ab510cc. The metadata is not deterministic and this needs to be fixed.
ERROR: When reparsing /home/deby/poky/meta-debian/recipes-kernel/linux-libc-headers/linux-libc-headers-base_git.bb.do_packagedata, the basehash value changed from dea47b85056fcb5685ad368c0f7dddaa5f08afb7007df237764bdd22a8886058 to 8472d99801451c12f50d7927d85a379e9489a8eddb8249a7a0f957a4b1e64d12. The metadata is not deterministic and this needs to be fixed.
ERROR: When reparsing /home/deby/poky/meta-debian/recipes-kernel/linux-libc-headers/linux-libc-headers-base_git.bb.do_package_write_deb, the basehash value changed from 116fd3c1d9ae606c6722e9186d6c1b77564d4eb7c915198c9f89ce9d500ad72d to a4b232c196e2b8690117a37b76f520a2aaa37ab3ca552d5d8e34557e0030f4f4. The metadata is not deterministic and this needs to be fixed.
NOTE: recipe linux-libc-headers-base-gitAUTOINC+2951eded01-r0: task do_packagedata_setscene: Started
NOTE: recipe linux-base-gitAUTOINC+2951eded01-r0: task do_deploy_setscene: Succeeded
NOTE: Running setscene task 388 of 392 (/home/deby/poky/meta-debian/recipes-kernel/linux/linux-base_git.bb:do_populate_sysroot_setscene)
NOTE: Running setscene task 389 of 392 (/home/deby/poky/meta-debian/recipes-kernel/linux/linux-base_git.bb:do_packagedata_setscene)
NOTE: recipe linux-libc-headers-base-gitAUTOINC+2951eded01-r0: task do_packagedata_setscene: Succeeded
ERROR: When reparsing /home/deby/poky/meta-debian/recipes-kernel/linux/linux-base_git.bb.do_patch, the basehash value changed from 794aba43c93b827ab8dad47165be6be0d8f92f251bd262635c22313e23128daa to ad76c34176c05413e9fb00995196d5015fc81c93587134874abe5c331acef982. The metadata is not deterministic and this needs to be fixed.
ERROR: When reparsing /home/deby/poky/meta-debian/recipes-kernel/linux/linux-base_git.bb.do_populate_sysroot, the basehash value changed from 96ae5989db59a4582df46584ca3325947fffbed0a000494837e2e2e2ff48ef6e to d8df6a88299855c93f0a9f93fc956afb58fc69d5d068daca022df56d1a636b25. The metadata is not deterministic and this needs to be fixed.
ERROR: When reparsing /home/deby/poky/meta-debian/recipes-kernel/linux/linux-base_git.bb.do_fetch, the basehash value changed from aad8878fe52148b38fc844e2ab512aac266b06991f6c5dbe39d11ebae18b4a6f to 956a0811412a55d150cf540334dba01ab6e9971145c6d96047321b1ee51f001c. The metadata is not deterministic and this needs to be fixed.
ERROR: When reparsing /home/deby/poky/meta-debian/recipes-kernel/linux/linux-base_git.bb.do_configure, the basehash value changed from 0f8762f12ebc8d7d74a2ba8a076d0c5e47671af5de068f7ecff2a025f068d763 to d043ab6006f06ff581a538af73508e0d72cf53ba35bd4af2f32da556055abc5f. The metadata is not deterministic and this needs to be fixed.
ERROR: When reparsing /home/deby/poky/meta-debian/recipes-kernel/linux/linux-base_git.bb.do_compile, the basehash value changed from 4d3e69fea14601c1a0bec7ede3aaafc7c0b0e9af604a14ed9773dd53c417e2da to 4ca8673fff5b6dd1a9e43d6c9f7ab78064209a5c300df13d4eabae280cf95a0e. The metadata is not deterministic and this needs to be fixed.
ERROR: When reparsing /home/deby/poky/meta-debian/recipes-kernel/linux/linux-base_git.bb.do_install, the basehash value changed from 6b894d8cb7aae480f7386876dbaa4bf04c543f42045ef08d01f92fd416e20baa to fa9a7e434f50e21faa163684a3940d41567db41e8354a506db7b98cd05c0e793. The metadata is not deterministic and this needs to be fixed.
ERROR: When reparsing /home/deby/poky/meta-debian/recipes-kernel/linux/linux-base_git.bb.do_package, the basehash value changed from 41ca29442fe1f16298b5fb6fd120622216891d9d590ec139ce49fd26de90089b to 40dc95588b0a231f4b799aa52b8810ac886844b05203b470f337c007ece26bf8. The metadata is not deterministic and this needs to be fixed.
ERROR: When reparsing /home/deby/poky/meta-debian/recipes-kernel/linux/linux-base_git.bb.do_packagedata, the basehash value changed from acf8e979d600e9c0a80cd91a4381a7da7502e3f316be68a46d38055db3d3917d to dbdf2330628839073fb631e6a8a5eec4b629aac20e814b2be0ca42011407803b. The metadata is not deterministic and this needs to be fixed.
ERROR: When reparsing /home/deby/poky/meta-debian/recipes-kernel/linux/linux-base_git.bb.do_package_write_deb, the basehash value changed from caa393d2be67b90726c65b809021065d60571a1613bba43479376b28a2b593ba to 6de24e6620985b79beb7a0ee24b21b017f94e0b1da74d7c17b14d31e3229b6e1. The metadata is not deterministic and this needs to be fixed.
ERROR: When reparsing /home/deby/poky/meta-debian/recipes-kernel/linux/linux-base_git.bb.do_bundle_initramfs, the basehash value changed from b63350460b5e557d74403cbf47bf4402bbe31aa32971a3dcd9dba61cc5196c1f to 56c45921ca247b81dedb432852a3964d8121ba91d305b0729d453f105ca786de. The metadata is not deterministic and this needs to be fixed.
ERROR: When reparsing /home/deby/poky/meta-debian/recipes-kernel/linux/linux-base_git.bb.do_compile_kernelmodules, the basehash value changed from cea38984fdd54241d9dfa4bfcb6f2ea05f736b87799d170464bdbf6125c00be3 to 6fd68cd1806e3612def097ab4e8d99a92717ffe8b76bc65b6bb217c079e8d8fa. The metadata is not deterministic and this needs to be fixed.
ERROR: When reparsing /home/deby/poky/meta-debian/recipes-kernel/linux/linux-base_git.bb.do_shared_workdir, the basehash value changed from fcf2dcdfa0f3ded92fedbd191f75020918cb3c635daa22bec52b9f62dad4d669 to 1bcc289f9bed428d5669e59ff75bf32c18df421cd5c3d767d9512a2c8e050ba5. The metadata is not deterministic and this needs to be fixed.
ERROR: When reparsing /home/deby/poky/meta-debian/recipes-kernel/linux/linux-base_git.bb.do_kernel_link_images, the basehash value changed from 24fdd493ab5fd7958c53ded1c0874f0d3161090cdace54a5d26cce53624d9de7 to fb2a5ba1beb6a8df51b59fbb33d3bb826d83d3f829d58e24d2943947ce09067e. The metadata is not deterministic and this needs to be fixed.
ERROR: When reparsing /home/deby/poky/meta-debian/recipes-kernel/linux/linux-base_git.bb.do_strip, the basehash value changed from b00984463144bb33f839480dc6024ec046614b6560fb952c92fee037df52afd2 to b33d48fbbdf123be3a52c912d81b7669f0fcd290d9592336c701f6daa6f91ee5. The metadata is not deterministic and this needs to be fixed.
ERROR: When reparsing /home/deby/poky/meta-debian/recipes-kernel/linux/linux-base_git.bb.do_sizecheck, the basehash value changed from 74b190a93f2d93b2d9e6803ed6da4a87ef9ccf24eea12327e1f105a8e6c69e1f to 66393ddfce927696c596eed36c3dc07cc8ec1e1e72d3af2a1245cc1a0e7f1cdd. The metadata is not deterministic and this needs to be fixed.
ERROR: When reparsing /home/deby/poky/meta-debian/recipes-kernel/linux/linux-base_git.bb.do_deploy, the basehash value changed from ee6ff3254c509a6dc4a586389eda347e8a79738fb25e563a770dc2b7b147bde4 to f3cafd9913b8358ec84f7b958a7ebbac3f5cc253b5a26d55865c51f0a8533a7b. The metadata is not deterministic and this needs to be fixed.
ERROR: When reparsing /home/deby/poky/meta-debian/recipes-kernel/linux/linux-base_git.bb.do_patch, the basehash value changed from 794aba43c93b827ab8dad47165be6be0d8f92f251bd262635c22313e23128daa to ad76c34176c05413e9fb00995196d5015fc81c93587134874abe5c331acef982. The metadata is not deterministic and this needs to be fixed.
ERROR: When reparsing /home/deby/poky/meta-debian/recipes-kernel/linux/linux-base_git.bb.do_populate_sysroot, the basehash value changed from 96ae5989db59a4582df46584ca3325947fffbed0a000494837e2e2e2ff48ef6e to d8df6a88299855c93f0a9f93fc956afb58fc69d5d068daca022df56d1a636b25. The metadata is not deterministic and this needs to be fixed.
ERROR: When reparsing /home/deby/poky/meta-debian/recipes-kernel/linux/linux-base_git.bb.do_fetch, the basehash value changed from aad8878fe52148b38fc844e2ab512aac266b06991f6c5dbe39d11ebae18b4a6f to 956a0811412a55d150cf540334dba01ab6e9971145c6d96047321b1ee51f001c. The metadata is not deterministic and this needs to be fixed.
ERROR: When reparsing /home/deby/poky/meta-debian/recipes-kernel/linux/linux-base_git.bb.do_configure, the basehash value changed from 0f8762f12ebc8d7d74a2ba8a076d0c5e47671af5de068f7ecff2a025f068d763 to d043ab6006f06ff581a538af73508e0d72cf53ba35bd4af2f32da556055abc5f. The metadata is not deterministic and this needs to be fixed.
ERROR: When reparsing /home/deby/poky/meta-debian/recipes-kernel/linux/linux-base_git.bb.do_compile, the basehash value changed from 4d3e69fea14601c1a0bec7ede3aaafc7c0b0e9af604a14ed9773dd53c417e2da to 4ca8673fff5b6dd1a9e43d6c9f7ab78064209a5c300df13d4eabae280cf95a0e. The metadata is not deterministic and this needs to be fixed.
ERROR: When reparsing /home/deby/poky/meta-debian/recipes-kernel/linux/linux-base_git.bb.do_install, the basehash value changed from 6b894d8cb7aae480f7386876dbaa4bf04c543f42045ef08d01f92fd416e20baa to fa9a7e434f50e21faa163684a3940d41567db41e8354a506db7b98cd05c0e793. The metadata is not deterministic and this needs to be fixed.
ERROR: When reparsing /home/deby/poky/meta-debian/recipes-kernel/linux/linux-base_git.bb.do_package, the basehash value changed from 41ca29442fe1f16298b5fb6fd120622216891d9d590ec139ce49fd26de90089b to 40dc95588b0a231f4b799aa52b8810ac886844b05203b470f337c007ece26bf8. The metadata is not deterministic and this needs to be fixed.
ERROR: When reparsing /home/deby/poky/meta-debian/recipes-kernel/linux/linux-base_git.bb.do_packagedata, the basehash value changed from acf8e979d600e9c0a80cd91a4381a7da7502e3f316be68a46d38055db3d3917d to dbdf2330628839073fb631e6a8a5eec4b629aac20e814b2be0ca42011407803b. The metadata is not deterministic and this needs to be fixed.
ERROR: When reparsing /home/deby/poky/meta-debian/recipes-kernel/linux/linux-base_git.bb.do_package_write_deb, the basehash value changed from caa393d2be67b90726c65b809021065d60571a1613bba43479376b28a2b593ba to 6de24e6620985b79beb7a0ee24b21b017f94e0b1da74d7c17b14d31e3229b6e1. The metadata is not deterministic and this needs to be fixed.
ERROR: When reparsing /home/deby/poky/meta-debian/recipes-kernel/linux/linux-base_git.bb.do_bundle_initramfs, the basehash value changed from b63350460b5e557d74403cbf47bf4402bbe31aa32971a3dcd9dba61cc5196c1f to 56c45921ca247b81dedb432852a3964d8121ba91d305b0729d453f105ca786de. The metadata is not deterministic and this needs to be fixed.
ERROR: When reparsing /home/deby/poky/meta-debian/recipes-kernel/linux/linux-base_git.bb.do_compile_kernelmodules, the basehash value changed from cea38984fdd54241d9dfa4bfcb6f2ea05f736b87799d170464bdbf6125c00be3 to 6fd68cd1806e3612def097ab4e8d99a92717ffe8b76bc65b6bb217c079e8d8fa. The metadata is not deterministic and this needs to be fixed.
ERROR: When reparsing /home/deby/poky/meta-debian/recipes-kernel/linux/linux-base_git.bb.do_shared_workdir, the basehash value changed from fcf2dcdfa0f3ded92fedbd191f75020918cb3c635daa22bec52b9f62dad4d669 to 1bcc289f9bed428d5669e59ff75bf32c18df421cd5c3d767d9512a2c8e050ba5. The metadata is not deterministic and this needs to be fixed.
ERROR: When reparsing /home/deby/poky/meta-debian/recipes-kernel/linux/linux-base_git.bb.do_kernel_link_images, the basehash value changed from 24fdd493ab5fd7958c53ded1c0874f0d3161090cdace54a5d26cce53624d9de7 to fb2a5ba1beb6a8df51b59fbb33d3bb826d83d3f829d58e24d2943947ce09067e. The metadata is not deterministic and this needs to be fixed.
ERROR: When reparsing /home/deby/poky/meta-debian/recipes-kernel/linux/linux-base_git.bb.do_strip, the basehash value changed from b00984463144bb33f839480dc6024ec046614b6560fb952c92fee037df52afd2 to b33d48fbbdf123be3a52c912d81b7669f0fcd290d9592336c701f6daa6f91ee5. The metadata is not deterministic and this needs to be fixed.
ERROR: When reparsing /home/deby/poky/meta-debian/recipes-kernel/linux/linux-base_git.bb.do_sizecheck, the basehash value changed from 74b190a93f2d93b2d9e6803ed6da4a87ef9ccf24eea12327e1f105a8e6c69e1f to 66393ddfce927696c596eed36c3dc07cc8ec1e1e72d3af2a1245cc1a0e7f1cdd. The metadata is not deterministic and this needs to be fixed.
ERROR: When reparsing /home/deby/poky/meta-debian/recipes-kernel/linux/linux-base_git.bb.do_deploy, the basehash value changed from ee6ff3254c509a6dc4a586389eda347e8a79738fb25e563a770dc2b7b147bde4 to f3cafd9913b8358ec84f7b958a7ebbac3f5cc253b5a26d55865c51f0a8533a7b. The metadata is not deterministic and this needs to be fixed.
NOTE: recipe linux-base-gitAUTOINC+2951eded01-r0: task do_packagedata_setscene: Started
NOTE: recipe linux-base-gitAUTOINC+2951eded01-r0: task do_populate_sysroot_setscene: Started
NOTE: recipe linux-base-gitAUTOINC+2951eded01-r0: task do_populate_sysroot_setscene: Succeeded
NOTE: recipe linux-base-gitAUTOINC+2951eded01-r0: task do_packagedata_setscene: Succeeded
NOTE: Executing RunQueue Tasks
NOTE: Running noexec task 1682 of 1682 (/home/deby/poky/meta-debian/recipes-debian/pax-utils/pax-utils_debian.bb:do_build)
NOTE: Tasks Summary: Attempted 1682 tasks of which 1681 didn't need to be rerun and all succeeded.

Summary: There was 1 WARNING message shown.
Summary: There were 91 ERROR messages shown, returning a non-zero exit code.
