Loading cache...done.
Loaded 1825 entries from dependency cache.
Parsing recipes...done.
Parsing of 1043 .bb files complete (1041 cached, 2 parsed). 1828 targets, 67 skipped, 0 masked, 0 errors.
NOTE: Resolving any missing task queue dependencies

Build Configuration:
BB_VERSION           = "1.42.0"
BUILD_SYS            = "x86_64-linux"
NATIVELSBSTRING      = "universal"
TARGET_SYS           = "mips-deby-linux"
MACHINE              = "qemumips"
DISTRO               = "deby"
DISTRO_VERSION       = "10.0"
TUNE_FEATURES        = "o32 bigendian fpu-hard mips32r2"
TARGET_FPU           = ""
meta                 
meta-poky            = "warrior:79a850a10a4b88a6d20d607b322542f947874323"
meta-debian          = "warrior:fda6a80e4cae9aa03f502551f35fe41beb7bb944"

Initialising tasks...done.
Sstate summary: Wanted 3 Found 0 Missed 3 Current 432 (0% match, 99% complete)
NOTE: Executing SetScene Tasks
NOTE: Executing RunQueue Tasks
NOTE: Running task 2013 of 2017 (/home/deby/poky/meta-debian/recipes-debian/pyasn1/python-pyasn1_debian.bb:do_populate_lic)
NOTE: Running task 2015 of 2017 (/home/deby/poky/meta-debian/recipes-debian/pyasn1/python-pyasn1_debian.bb:do_package_qa)
NOTE: recipe python-pyasn1-0.4.2-r0: task do_populate_lic: Started
NOTE: recipe python-pyasn1-0.4.2-r0: task do_populate_lic: Succeeded
NOTE: Running task 2016 of 2017 (/home/deby/poky/meta-debian/recipes-debian/pyasn1/python-pyasn1_debian.bb:do_populate_sysroot)
NOTE: recipe python-pyasn1-0.4.2-r0: task do_populate_sysroot: Started
NOTE: recipe python-pyasn1-0.4.2-r0: task do_package_qa: Started
NOTE: recipe python-pyasn1-0.4.2-r0: task do_populate_sysroot: Succeeded
NOTE: recipe python-pyasn1-0.4.2-r0: task do_package_qa: Succeeded
NOTE: Running noexec task 2017 of 2017 (/home/deby/poky/meta-debian/recipes-debian/pyasn1/python-pyasn1_debian.bb:do_build)
NOTE: Tasks Summary: Attempted 2017 tasks of which 2013 didn't need to be rerun and all succeeded.
