Loading cache...done.
Loaded 1731 entries from dependency cache.
Parsing recipes...done.
Parsing of 992 .bb files complete (990 cached, 2 parsed). 1733 targets, 68 skipped, 0 masked, 0 errors.
NOTE: Resolving any missing task queue dependencies

Build Configuration:
BB_VERSION           = "1.42.0"
BUILD_SYS            = "x86_64-linux"
NATIVELSBSTRING      = "universal"
TARGET_SYS           = "mips-deby-linux"
MACHINE              = "qemumips"
DISTRO               = "deby"
DISTRO_VERSION       = "10.0"
TUNE_FEATURES        = "o32 bigendian fpu-hard mips32r2"
TARGET_FPU           = ""
meta                 
meta-poky            = "warrior:79a850a10a4b88a6d20d607b322542f947874323"
meta-debian          = "warrior:f7512bd96372e67fe4288cb5cb61cf52d282dd4e"

Initialising tasks...done.
Sstate summary: Wanted 32 Found 0 Missed 32 Current 456 (0% match, 93% complete)
NOTE: Executing SetScene Tasks
NOTE: Executing RunQueue Tasks
NOTE: Running task 1295 of 2168 (/home/deby/poky/meta/recipes-extended/libidn/libidn_1.35.bb:do_prepare_recipe_sysroot)
NOTE: Running task 1321 of 2168 (/home/deby/poky/meta-debian/recipes-debian/rsyslog/libfastjson_debian.bb:do_prepare_recipe_sysroot)
NOTE: Running task 1325 of 2168 (/home/deby/poky/meta-debian/recipes-debian/libestr/libestr_debian.bb:do_prepare_recipe_sysroot)
NOTE: Running task 1449 of 2168 (/home/deby/poky/meta-debian/recipes-debian/gzip/gzip_debian.bb:do_prepare_recipe_sysroot)
NOTE: Running task 1631 of 2168 (/home/deby/poky/meta-debian/recipes-debian/popt/popt_debian.bb:do_prepare_recipe_sysroot)
NOTE: Running task 1820 of 2168 (/home/deby/poky/meta-debian/recipes-debian/coreutils/coreutils_debian.bb:do_populate_sysroot)
NOTE: recipe libestr-0.1.10-r0: task do_prepare_recipe_sysroot: Started
NOTE: recipe popt-1.16-r0: task do_prepare_recipe_sysroot: Started
NOTE: recipe libfastjson-0.99.8-r0: task do_prepare_recipe_sysroot: Started
NOTE: recipe libidn-1.35-r0: task do_prepare_recipe_sysroot: Started
NOTE: recipe gzip-1.9-r0: task do_prepare_recipe_sysroot: Started
NOTE: recipe coreutils-8.30-r0: task do_populate_sysroot: Started
NOTE: recipe libestr-0.1.10-r0: task do_prepare_recipe_sysroot: Succeeded
NOTE: Running task 2104 of 2168 (/home/deby/poky/meta-debian/recipes-debian/libestr/libestr_debian.bb:do_configure)
NOTE: recipe libestr-0.1.10-r0: task do_configure: Started
NOTE: recipe popt-1.16-r0: task do_prepare_recipe_sysroot: Succeeded
NOTE: Running task 2105 of 2168 (/home/deby/poky/meta-debian/recipes-debian/popt/popt_debian.bb:do_configure)
NOTE: recipe libfastjson-0.99.8-r0: task do_prepare_recipe_sysroot: Succeeded
NOTE: Running task 2106 of 2168 (/home/deby/poky/meta-debian/recipes-debian/rsyslog/libfastjson_debian.bb:do_configure)
NOTE: recipe gzip-1.9-r0: task do_prepare_recipe_sysroot: Succeeded
NOTE: Running task 2107 of 2168 (/home/deby/poky/meta-debian/recipes-debian/gzip/gzip_debian.bb:do_configure)
NOTE: recipe popt-1.16-r0: task do_configure: Started
NOTE: recipe libfastjson-0.99.8-r0: task do_configure: Started
NOTE: recipe gzip-1.9-r0: task do_configure: Started
NOTE: recipe libidn-1.35-r0: task do_prepare_recipe_sysroot: Succeeded
NOTE: Running task 2108 of 2168 (/home/deby/poky/meta/recipes-extended/libidn/libidn_1.35.bb:do_configure)
NOTE: recipe libidn-1.35-r0: task do_configure: Started
NOTE: recipe coreutils-8.30-r0: task do_populate_sysroot: Succeeded
NOTE: recipe libestr-0.1.10-r0: task do_configure: Succeeded
NOTE: Running task 2109 of 2168 (/home/deby/poky/meta-debian/recipes-debian/libestr/libestr_debian.bb:do_compile)
NOTE: recipe libestr-0.1.10-r0: task do_compile: Started
NOTE: recipe libestr-0.1.10-r0: task do_compile: Succeeded
NOTE: Running task 2110 of 2168 (/home/deby/poky/meta-debian/recipes-debian/libestr/libestr_debian.bb:do_install)
NOTE: recipe libfastjson-0.99.8-r0: task do_configure: Succeeded
NOTE: Running task 2111 of 2168 (/home/deby/poky/meta-debian/recipes-debian/rsyslog/libfastjson_debian.bb:do_compile)
NOTE: recipe libfastjson-0.99.8-r0: task do_compile: Started
NOTE: recipe libestr-0.1.10-r0: task do_install: Started
NOTE: recipe libfastjson-0.99.8-r0: task do_compile: Succeeded
NOTE: Running task 2112 of 2168 (/home/deby/poky/meta-debian/recipes-debian/rsyslog/libfastjson_debian.bb:do_install)
NOTE: recipe libestr-0.1.10-r0: task do_install: Succeeded
NOTE: Running task 2113 of 2168 (/home/deby/poky/meta-debian/recipes-debian/libestr/libestr_debian.bb:do_populate_sysroot)
NOTE: Running task 2114 of 2168 (/home/deby/poky/meta-debian/recipes-debian/libestr/libestr_debian.bb:do_package)
NOTE: recipe libestr-0.1.10-r0: task do_populate_sysroot: Started
NOTE: recipe libestr-0.1.10-r0: task do_package: Started
NOTE: recipe popt-1.16-r0: task do_configure: Succeeded
NOTE: Running task 2115 of 2168 (/home/deby/poky/meta-debian/recipes-debian/popt/popt_debian.bb:do_compile)
NOTE: recipe popt-1.16-r0: task do_compile: Started
NOTE: recipe libestr-0.1.10-r0: task do_populate_sysroot: Succeeded
NOTE: recipe libfastjson-0.99.8-r0: task do_install: Started
NOTE: recipe popt-1.16-r0: task do_compile: Succeeded
NOTE: Running task 2116 of 2168 (/home/deby/poky/meta-debian/recipes-debian/popt/popt_debian.bb:do_install)
NOTE: recipe libestr-0.1.10-r0: task do_package: Succeeded
NOTE: Running task 2117 of 2168 (/home/deby/poky/meta-debian/recipes-debian/libestr/libestr_debian.bb:do_packagedata)
NOTE: recipe libestr-0.1.10-r0: task do_packagedata: Started
NOTE: recipe libestr-0.1.10-r0: task do_packagedata: Succeeded
NOTE: Running task 2118 of 2168 (/home/deby/poky/meta-debian/recipes-debian/libestr/libestr_debian.bb:do_package_write_deb)
NOTE: recipe libfastjson-0.99.8-r0: task do_install: Succeeded
NOTE: Running task 2119 of 2168 (/home/deby/poky/meta-debian/recipes-debian/rsyslog/libfastjson_debian.bb:do_populate_sysroot)
NOTE: Running task 2120 of 2168 (/home/deby/poky/meta-debian/recipes-debian/rsyslog/libfastjson_debian.bb:do_package)
NOTE: recipe libfastjson-0.99.8-r0: task do_populate_sysroot: Started
NOTE: recipe libestr-0.1.10-r0: task do_package_write_deb: Started
NOTE: recipe libfastjson-0.99.8-r0: task do_package: Started
NOTE: recipe libfastjson-0.99.8-r0: task do_populate_sysroot: Succeeded
NOTE: recipe libestr-0.1.10-r0: task do_package_write_deb: Succeeded
NOTE: recipe popt-1.16-r0: task do_install: Started
NOTE: recipe libfastjson-0.99.8-r0: task do_package: Succeeded
NOTE: Running task 2121 of 2168 (/home/deby/poky/meta-debian/recipes-debian/rsyslog/libfastjson_debian.bb:do_packagedata)
NOTE: recipe libfastjson-0.99.8-r0: task do_packagedata: Started
NOTE: recipe libfastjson-0.99.8-r0: task do_packagedata: Succeeded
NOTE: Running task 2122 of 2168 (/home/deby/poky/meta-debian/recipes-debian/rsyslog/libfastjson_debian.bb:do_package_write_deb)
NOTE: recipe libfastjson-0.99.8-r0: task do_package_write_deb: Started
NOTE: recipe libfastjson-0.99.8-r0: task do_package_write_deb: Succeeded
NOTE: recipe gzip-1.9-r0: task do_configure: Succeeded
NOTE: Running task 2123 of 2168 (/home/deby/poky/meta-debian/recipes-debian/gzip/gzip_debian.bb:do_configure_ptest_base)
NOTE: recipe gzip-1.9-r0: task do_configure_ptest_base: Started
NOTE: recipe gzip-1.9-r0: task do_configure_ptest_base: Succeeded
NOTE: Running task 2124 of 2168 (/home/deby/poky/meta-debian/recipes-debian/gzip/gzip_debian.bb:do_compile)
NOTE: recipe gzip-1.9-r0: task do_compile: Started
NOTE: recipe popt-1.16-r0: task do_install: Succeeded
NOTE: Running task 2125 of 2168 (/home/deby/poky/meta-debian/recipes-debian/popt/popt_debian.bb:do_package)
NOTE: Running task 2126 of 2168 (/home/deby/poky/meta-debian/recipes-debian/popt/popt_debian.bb:do_populate_sysroot)
NOTE: recipe popt-1.16-r0: task do_populate_sysroot: Started
NOTE: recipe popt-1.16-r0: task do_package: Started
NOTE: recipe popt-1.16-r0: task do_populate_sysroot: Succeeded
NOTE: Running task 2127 of 2168 (/home/deby/poky/meta/recipes-extended/logrotate/logrotate_3.15.0.bb:do_prepare_recipe_sysroot)
NOTE: recipe logrotate-3.15.0-r0: task do_prepare_recipe_sysroot: Started
NOTE: recipe gzip-1.9-r0: task do_compile: Succeeded
NOTE: Running task 2128 of 2168 (/home/deby/poky/meta-debian/recipes-debian/gzip/gzip_debian.bb:do_compile_ptest_base)
NOTE: recipe popt-1.16-r0: task do_package: Succeeded
NOTE: Running task 2129 of 2168 (/home/deby/poky/meta-debian/recipes-debian/popt/popt_debian.bb:do_packagedata)
NOTE: recipe gzip-1.9-r0: task do_compile_ptest_base: Started
NOTE: recipe gzip-1.9-r0: task do_compile_ptest_base: Succeeded
NOTE: Running task 2130 of 2168 (/home/deby/poky/meta-debian/recipes-debian/gzip/gzip_debian.bb:do_install)
NOTE: recipe popt-1.16-r0: task do_packagedata: Started
NOTE: recipe popt-1.16-r0: task do_packagedata: Succeeded
NOTE: Running task 2131 of 2168 (/home/deby/poky/meta-debian/recipes-debian/popt/popt_debian.bb:do_package_write_deb)
NOTE: recipe popt-1.16-r0: task do_package_write_deb: Started
NOTE: recipe logrotate-3.15.0-r0: task do_prepare_recipe_sysroot: Succeeded
NOTE: Running task 2132 of 2168 (/home/deby/poky/meta/recipes-extended/logrotate/logrotate_3.15.0.bb:do_configure)
NOTE: recipe gzip-1.9-r0: task do_install: Started
NOTE: recipe logrotate-3.15.0-r0: task do_configure: Started
NOTE: recipe popt-1.16-r0: task do_package_write_deb: Succeeded
NOTE: recipe gzip-1.9-r0: task do_install: Succeeded
NOTE: Running task 2133 of 2168 (/home/deby/poky/meta-debian/recipes-debian/gzip/gzip_debian.bb:do_install_ptest_base)
NOTE: recipe gzip-1.9-r0: task do_install_ptest_base: Started
NOTE: recipe gzip-1.9-r0: task do_install_ptest_base: Succeeded
NOTE: Running task 2134 of 2168 (/home/deby/poky/meta-debian/recipes-debian/gzip/gzip_debian.bb:do_package)
NOTE: recipe gzip-1.9-r0: task do_package: Started
NOTE: recipe gzip-1.9-r0: task do_package: Succeeded
NOTE: Running task 2135 of 2168 (/home/deby/poky/meta-debian/recipes-debian/gzip/gzip_debian.bb:do_packagedata)
NOTE: recipe gzip-1.9-r0: task do_packagedata: Started
NOTE: recipe gzip-1.9-r0: task do_packagedata: Succeeded
NOTE: Running task 2136 of 2168 (/home/deby/poky/meta-debian/recipes-debian/gzip/gzip_debian.bb:do_package_write_deb)
NOTE: recipe gzip-1.9-r0: task do_package_write_deb: Started
NOTE: recipe gzip-1.9-r0: task do_package_write_deb: Succeeded
NOTE: recipe logrotate-3.15.0-r0: task do_configure: Succeeded
NOTE: Running task 2137 of 2168 (/home/deby/poky/meta/recipes-extended/logrotate/logrotate_3.15.0.bb:do_compile)
NOTE: recipe logrotate-3.15.0-r0: task do_compile: Started
NOTE: recipe logrotate-3.15.0-r0: task do_compile: Succeeded
NOTE: Running task 2138 of 2168 (/home/deby/poky/meta/recipes-extended/logrotate/logrotate_3.15.0.bb:do_install)
NOTE: recipe logrotate-3.15.0-r0: task do_install: Started
NOTE: recipe logrotate-3.15.0-r0: task do_install: Succeeded
NOTE: Running task 2139 of 2168 (/home/deby/poky/meta/recipes-extended/logrotate/logrotate_3.15.0.bb:do_package)
NOTE: recipe logrotate-3.15.0-r0: task do_package: Started
NOTE: recipe logrotate-3.15.0-r0: task do_package: Succeeded
NOTE: Running task 2140 of 2168 (/home/deby/poky/meta/recipes-extended/logrotate/logrotate_3.15.0.bb:do_packagedata)
NOTE: recipe logrotate-3.15.0-r0: task do_packagedata: Started
NOTE: recipe logrotate-3.15.0-r0: task do_packagedata: Succeeded
NOTE: Running task 2141 of 2168 (/home/deby/poky/meta/recipes-extended/logrotate/logrotate_3.15.0.bb:do_package_write_deb)
NOTE: recipe logrotate-3.15.0-r0: task do_package_write_deb: Started
NOTE: recipe logrotate-3.15.0-r0: task do_package_write_deb: Succeeded
NOTE: recipe libidn-1.35-r0: task do_configure: Succeeded
NOTE: Running task 2142 of 2168 (/home/deby/poky/meta/recipes-extended/libidn/libidn_1.35.bb:do_compile)
NOTE: recipe libidn-1.35-r0: task do_compile: Started
NOTE: recipe libidn-1.35-r0: task do_compile: Succeeded
NOTE: Running task 2143 of 2168 (/home/deby/poky/meta/recipes-extended/libidn/libidn_1.35.bb:do_install)
NOTE: recipe libidn-1.35-r0: task do_install: Started
NOTE: recipe libidn-1.35-r0: task do_install: Succeeded
NOTE: Running task 2144 of 2168 (/home/deby/poky/meta/recipes-extended/libidn/libidn_1.35.bb:do_populate_sysroot)
NOTE: Running task 2145 of 2168 (/home/deby/poky/meta/recipes-extended/libidn/libidn_1.35.bb:do_package)
NOTE: recipe libidn-1.35-r0: task do_populate_sysroot: Started
NOTE: recipe libidn-1.35-r0: task do_package: Started
NOTE: recipe libidn-1.35-r0: task do_populate_sysroot: Succeeded
NOTE: Running task 2146 of 2168 (/home/deby/poky/meta-debian/recipes-debian/rsyslog/librelp_debian.bb:do_prepare_recipe_sysroot)
NOTE: recipe librelp-1.3.0-r0: task do_prepare_recipe_sysroot: Started
NOTE: recipe libidn-1.35-r0: task do_package: Succeeded
NOTE: Running task 2147 of 2168 (/home/deby/poky/meta/recipes-extended/libidn/libidn_1.35.bb:do_packagedata)
NOTE: recipe libidn-1.35-r0: task do_packagedata: Started
NOTE: recipe librelp-1.3.0-r0: task do_prepare_recipe_sysroot: Succeeded
NOTE: Running task 2148 of 2168 (/home/deby/poky/meta-debian/recipes-debian/rsyslog/librelp_debian.bb:do_configure)
NOTE: recipe libidn-1.35-r0: task do_packagedata: Succeeded
NOTE: Running task 2149 of 2168 (/home/deby/poky/meta/recipes-extended/libidn/libidn_1.35.bb:do_package_write_deb)
NOTE: recipe librelp-1.3.0-r0: task do_configure: Started
NOTE: recipe libidn-1.35-r0: task do_package_write_deb: Started
NOTE: recipe libidn-1.35-r0: task do_package_write_deb: Succeeded
NOTE: recipe librelp-1.3.0-r0: task do_configure: Succeeded
NOTE: Running task 2150 of 2168 (/home/deby/poky/meta-debian/recipes-debian/rsyslog/librelp_debian.bb:do_compile)
NOTE: recipe librelp-1.3.0-r0: task do_compile: Started
NOTE: recipe librelp-1.3.0-r0: task do_compile: Succeeded
NOTE: Running task 2151 of 2168 (/home/deby/poky/meta-debian/recipes-debian/rsyslog/librelp_debian.bb:do_install)
NOTE: recipe librelp-1.3.0-r0: task do_install: Started
NOTE: recipe librelp-1.3.0-r0: task do_install: Succeeded
NOTE: Running task 2152 of 2168 (/home/deby/poky/meta-debian/recipes-debian/rsyslog/librelp_debian.bb:do_populate_sysroot)
NOTE: Running task 2153 of 2168 (/home/deby/poky/meta-debian/recipes-debian/rsyslog/librelp_debian.bb:do_package)
NOTE: recipe librelp-1.3.0-r0: task do_populate_sysroot: Started
NOTE: recipe librelp-1.3.0-r0: task do_package: Started
NOTE: recipe librelp-1.3.0-r0: task do_populate_sysroot: Succeeded
NOTE: Running task 2154 of 2168 (/home/deby/poky/meta-debian/recipes-debian/rsyslog/rsyslog_debian.bb:do_prepare_recipe_sysroot)
NOTE: recipe rsyslog-8.1901.0-r0: task do_prepare_recipe_sysroot: Started
NOTE: recipe librelp-1.3.0-r0: task do_package: Succeeded
NOTE: Running task 2155 of 2168 (/home/deby/poky/meta-debian/recipes-debian/rsyslog/librelp_debian.bb:do_packagedata)
NOTE: recipe librelp-1.3.0-r0: task do_packagedata: Started
NOTE: recipe librelp-1.3.0-r0: task do_packagedata: Succeeded
NOTE: Running task 2156 of 2168 (/home/deby/poky/meta-debian/recipes-debian/rsyslog/librelp_debian.bb:do_package_write_deb)
NOTE: recipe librelp-1.3.0-r0: task do_package_write_deb: Started
NOTE: recipe rsyslog-8.1901.0-r0: task do_prepare_recipe_sysroot: Succeeded
NOTE: Running task 2157 of 2168 (/home/deby/poky/meta-debian/recipes-debian/rsyslog/rsyslog_debian.bb:do_configure)
NOTE: recipe rsyslog-8.1901.0-r0: task do_configure: Started
NOTE: recipe librelp-1.3.0-r0: task do_package_write_deb: Succeeded
NOTE: recipe rsyslog-8.1901.0-r0: task do_configure: Succeeded
NOTE: Running task 2158 of 2168 (/home/deby/poky/meta-debian/recipes-debian/rsyslog/rsyslog_debian.bb:do_configure_ptest_base)
NOTE: recipe rsyslog-8.1901.0-r0: task do_configure_ptest_base: Started
NOTE: recipe rsyslog-8.1901.0-r0: task do_configure_ptest_base: Succeeded
NOTE: Running task 2159 of 2168 (/home/deby/poky/meta-debian/recipes-debian/rsyslog/rsyslog_debian.bb:do_compile)
NOTE: recipe rsyslog-8.1901.0-r0: task do_compile: Started
NOTE: recipe rsyslog-8.1901.0-r0: task do_compile: Succeeded
NOTE: Running task 2160 of 2168 (/home/deby/poky/meta-debian/recipes-debian/rsyslog/rsyslog_debian.bb:do_compile_ptest_base)
NOTE: recipe rsyslog-8.1901.0-r0: task do_compile_ptest_base: Started
NOTE: recipe rsyslog-8.1901.0-r0: task do_compile_ptest_base: Succeeded
NOTE: Running task 2161 of 2168 (/home/deby/poky/meta-debian/recipes-debian/rsyslog/rsyslog_debian.bb:do_install)
NOTE: recipe rsyslog-8.1901.0-r0: task do_install: Started
NOTE: recipe rsyslog-8.1901.0-r0: task do_install: Succeeded
NOTE: Running task 2162 of 2168 (/home/deby/poky/meta-debian/recipes-debian/rsyslog/rsyslog_debian.bb:do_install_ptest_base)
NOTE: recipe rsyslog-8.1901.0-r0: task do_install_ptest_base: Started
NOTE: recipe rsyslog-8.1901.0-r0: task do_install_ptest_base: Succeeded
NOTE: Running task 2163 of 2168 (/home/deby/poky/meta-debian/recipes-debian/rsyslog/rsyslog_debian.bb:do_package)
NOTE: Running task 2164 of 2168 (/home/deby/poky/meta-debian/recipes-debian/rsyslog/rsyslog_debian.bb:do_populate_sysroot)
NOTE: recipe rsyslog-8.1901.0-r0: task do_package: Started
NOTE: recipe rsyslog-8.1901.0-r0: task do_populate_sysroot: Started
NOTE: recipe rsyslog-8.1901.0-r0: task do_populate_sysroot: Succeeded
NOTE: recipe rsyslog-8.1901.0-r0: task do_package: Succeeded
NOTE: Running task 2165 of 2168 (/home/deby/poky/meta-debian/recipes-debian/rsyslog/rsyslog_debian.bb:do_packagedata)
NOTE: recipe rsyslog-8.1901.0-r0: task do_packagedata: Started
NOTE: recipe rsyslog-8.1901.0-r0: task do_packagedata: Succeeded
NOTE: Running task 2166 of 2168 (/home/deby/poky/meta-debian/recipes-debian/rsyslog/rsyslog_debian.bb:do_package_write_deb)
NOTE: Running task 2167 of 2168 (/home/deby/poky/meta-debian/recipes-debian/rsyslog/rsyslog_debian.bb:do_package_qa)
NOTE: recipe rsyslog-8.1901.0-r0: task do_package_write_deb: Started
NOTE: recipe rsyslog-8.1901.0-r0: task do_package_qa: Started
NOTE: recipe rsyslog-8.1901.0-r0: task do_package_write_deb: Succeeded
NOTE: recipe rsyslog-8.1901.0-r0: task do_package_qa: Succeeded
NOTE: Running noexec task 2168 of 2168 (/home/deby/poky/meta-debian/recipes-debian/rsyslog/rsyslog_debian.bb:do_build)
NOTE: Tasks Summary: Attempted 2168 tasks of which 2097 didn't need to be rerun and all succeeded.
