Loading cache...done.
Loaded 1731 entries from dependency cache.
Parsing recipes...done.
Parsing of 992 .bb files complete (990 cached, 2 parsed). 1733 targets, 68 skipped, 0 masked, 0 errors.
NOTE: Resolving any missing task queue dependencies

Build Configuration:
BB_VERSION           = "1.42.0"
BUILD_SYS            = "x86_64-linux"
NATIVELSBSTRING      = "universal"
TARGET_SYS           = "mips-deby-linux"
MACHINE              = "qemumips"
DISTRO               = "deby"
DISTRO_VERSION       = "10.0"
TUNE_FEATURES        = "o32 bigendian fpu-hard mips32r2"
TARGET_FPU           = ""
meta                 
meta-poky            = "warrior:79a850a10a4b88a6d20d607b322542f947874323"
meta-debian          = "warrior:f7512bd96372e67fe4288cb5cb61cf52d282dd4e"

Initialising tasks...done.
Sstate summary: Wanted 1 Found 0 Missed 1 Current 432 (0% match, 99% complete)
NOTE: Executing SetScene Tasks
NOTE: Executing RunQueue Tasks
NOTE: Running task 1980 of 1982 (/home/deby/poky/meta-debian/recipes-debian/tpm2-tss/tpm2-tss_debian.bb:do_package_qa)
NOTE: recipe tpm2-tss-2.1.0-r0: task do_package_qa: Started
NOTE: recipe tpm2-tss-2.1.0-r0: task do_package_qa: Succeeded
NOTE: Running noexec task 1982 of 1982 (/home/deby/poky/meta-debian/recipes-debian/tpm2-tss/tpm2-tss_debian.bb:do_build)
NOTE: Tasks Summary: Attempted 1982 tasks of which 1980 didn't need to be rerun and all succeeded.
