WARNING: Host distribution "debian-10" has not been validated with this version of the build system; you may possibly experience unexpected failures. It is recommended that you use a tested distribution.
Loading cache...done.
Loaded 1440 entries from dependency cache.
WARNING: Explicit target "gawk-native" is in ASSUME_PROVIDED, ignoring
NOTE: Resolving any missing task queue dependencies

Build Configuration:
BB_VERSION           = "1.42.0"
BUILD_SYS            = "x86_64-linux"
NATIVELSBSTRING      = "universal"
TARGET_SYS           = "arm-deby-linux-gnueabi"
MACHINE              = "qemuarm"
DISTRO               = "deby-tiny"
DISTRO_VERSION       = "10.0"
TUNE_FEATURES        = "arm armv7ve vfp thumb neon callconvention-hard"
TARGET_FPU           = "hard"
meta                 
meta-poky            = "warrior:51223035e66c5b27799b15a0f8ebe75d24d3971b"
meta-debian          = "warrior-trungdt:47b755ebe41c5afc0ea94d75b55c4f0efd8983fe"

Initialising tasks...NOTE: Tasks Summary: Attempted 0 tasks of which 0 didn't need to be rerun and all succeeded.

Summary: There were 2 WARNING messages shown.
