WARNING: Host distribution "debian-10" has not been validated with this version of the build system; you may possibly experience unexpected failures. It is recommended that you use a tested distribution.
Loading cache...done.
Loaded 1440 entries from dependency cache.
NOTE: Resolving any missing task queue dependencies

Build Configuration:
BB_VERSION           = "1.42.0"
BUILD_SYS            = "x86_64-linux"
NATIVELSBSTRING      = "universal"
TARGET_SYS           = "arm-deby-linux-gnueabi"
MACHINE              = "qemuarm"
DISTRO               = "deby-tiny"
DISTRO_VERSION       = "10.0"
TUNE_FEATURES        = "arm armv7ve vfp thumb neon callconvention-hard"
TARGET_FPU           = "hard"
meta                 
meta-poky            = "warrior:51223035e66c5b27799b15a0f8ebe75d24d3971b"
meta-debian          = "warrior-trungdt:47b755ebe41c5afc0ea94d75b55c4f0efd8983fe"

Initialising tasks...done.
Sstate summary: Wanted 101 Found 1 Missed 100 Current 59 (0% match, 37% complete)
NOTE: Executing SetScene Tasks
NOTE: Executing RunQueue Tasks
NOTE: Running task 255 of 782 (virtual:nativesdk:/home/deby/poky/meta-debian/recipes-debian/glibc/glibc_debian.bb:do_debian_patch)
NOTE: Running task 480 of 782 (virtual:nativesdk:/home/deby/poky/meta-debian/recipes-debian/ncurses/ncurses_debian.bb:do_debian_patch)
NOTE: Running task 487 of 782 (virtual:nativesdk:/home/deby/poky/meta-debian/recipes-debian/zlib/zlib_debian.bb:do_debian_patch)
NOTE: Running task 503 of 782 (virtual:nativesdk:/home/deby/poky/meta-debian/recipes-debian/readline/readline_debian.bb:do_debian_patch)
NOTE: Running task 513 of 782 (virtual:nativesdk:/home/deby/poky/meta-debian/recipes-debian/openssl/openssl_debian.bb:do_debian_patch)
NOTE: Running task 517 of 782 (virtual:nativesdk:/home/deby/poky/meta-debian/recipes-debian/bzip2/bzip2_debian.bb:do_debian_patch)
NOTE: Running task 542 of 782 (virtual:nativesdk:/home/deby/poky/meta-debian/recipes-debian/expat/expat_debian.bb:do_debian_patch)
NOTE: Running task 543 of 782 (virtual:nativesdk:/home/deby/poky/meta-debian/recipes-debian/gettext/gettext_debian.bb:do_debian_patch)
NOTE: Running task 555 of 782 (/home/deby/poky/meta-debian/recipes-debian/gdb/gdb-cross-canadian_debian.bb:do_debian_patch)
NOTE: recipe gdb-cross-canadian-arm-8.2.1-r0: task do_debian_patch: Started
NOTE: recipe nativesdk-readline-7.0-r0: task do_debian_patch: Started
NOTE: recipe nativesdk-gettext-0.19.8.1-r0: task do_debian_patch: Started
NOTE: recipe nativesdk-bzip2-1.0.6-r0: task do_debian_patch: Started
NOTE: recipe nativesdk-ncurses-6.1+20181013-r0: task do_debian_patch: Started
ERROR: nativesdk-readline-7.0-r0 do_debian_patch: unknown quilt patches already applied
ERROR: nativesdk-readline-7.0-r0 do_debian_patch: Function failed: do_debian_patch (log file is located at /home/deby/build/tmp/work/x86_64-nativesdk-debysdk-linux/nativesdk-readline/7.0-r0/temp/log.do_debian_patch.6874)
ERROR: Logfile of failure stored in: /home/deby/build/tmp/work/x86_64-nativesdk-debysdk-linux/nativesdk-readline/7.0-r0/temp/log.do_debian_patch.6874
NOTE: recipe nativesdk-readline-7.0-r0: task do_debian_patch: Failed
ERROR: nativesdk-bzip2-1.0.6-r0 do_debian_patch: unknown quilt patches already applied
ERROR: nativesdk-bzip2-1.0.6-r0 do_debian_patch: Function failed: do_debian_patch (log file is located at /home/deby/build/tmp/work/x86_64-nativesdk-debysdk-linux/nativesdk-bzip2/1.0.6-r0/temp/log.do_debian_patch.6876)
ERROR: Logfile of failure stored in: /home/deby/build/tmp/work/x86_64-nativesdk-debysdk-linux/nativesdk-bzip2/1.0.6-r0/temp/log.do_debian_patch.6876
NOTE: recipe nativesdk-bzip2-1.0.6-r0: task do_debian_patch: Failed
ERROR: Task (virtual:nativesdk:/home/deby/poky/meta-debian/recipes-debian/readline/readline_debian.bb:do_debian_patch) failed with exit code '1'
ERROR: nativesdk-gettext-0.19.8.1-r0 do_debian_patch: unknown quilt patches already applied
ERROR: nativesdk-gettext-0.19.8.1-r0 do_debian_patch: Function failed: do_debian_patch (log file is located at /home/deby/build/tmp/work/x86_64-nativesdk-debysdk-linux/nativesdk-gettext/0.19.8.1-r0/temp/log.do_debian_patch.6878)
ERROR: Task (virtual:nativesdk:/home/deby/poky/meta-debian/recipes-debian/bzip2/bzip2_debian.bb:do_debian_patch) failed with exit code '1'
ERROR: Logfile of failure stored in: /home/deby/build/tmp/work/x86_64-nativesdk-debysdk-linux/nativesdk-gettext/0.19.8.1-r0/temp/log.do_debian_patch.6878
NOTE: recipe nativesdk-gettext-0.19.8.1-r0: task do_debian_patch: Failed
ERROR: Task (virtual:nativesdk:/home/deby/poky/meta-debian/recipes-debian/gettext/gettext_debian.bb:do_debian_patch) failed with exit code '1'
NOTE: recipe nativesdk-glibc-2.28-r0: task do_debian_patch: Started
NOTE: recipe nativesdk-openssl-1.1.1c-r0: task do_debian_patch: Started
ERROR: nativesdk-ncurses-6.1+20181013-r0 do_debian_patch: unknown quilt patches already applied
ERROR: nativesdk-ncurses-6.1+20181013-r0 do_debian_patch: Function failed: do_debian_patch (log file is located at /home/deby/build/tmp/work/x86_64-nativesdk-debysdk-linux/nativesdk-ncurses/6.1+20181013-r0/temp/log.do_debian_patch.6872)
ERROR: Logfile of failure stored in: /home/deby/build/tmp/work/x86_64-nativesdk-debysdk-linux/nativesdk-ncurses/6.1+20181013-r0/temp/log.do_debian_patch.6872
NOTE: recipe nativesdk-ncurses-6.1+20181013-r0: task do_debian_patch: Failed
ERROR: Task (virtual:nativesdk:/home/deby/poky/meta-debian/recipes-debian/ncurses/ncurses_debian.bb:do_debian_patch) failed with exit code '1'
NOTE: recipe nativesdk-expat-2.2.6-r0: task do_debian_patch: Started
NOTE: recipe nativesdk-zlib-1.2.11-r0: task do_debian_patch: Started
ERROR: nativesdk-glibc-2.28-r0 do_debian_patch: unknown quilt patches already applied
ERROR: nativesdk-glibc-2.28-r0 do_debian_patch: Function failed: do_debian_patch (log file is located at /home/deby/build/tmp/work/x86_64-nativesdk-debysdk-linux/nativesdk-glibc/2.28-r0/temp/log.do_debian_patch.6871)
ERROR: Logfile of failure stored in: /home/deby/build/tmp/work/x86_64-nativesdk-debysdk-linux/nativesdk-glibc/2.28-r0/temp/log.do_debian_patch.6871
NOTE: recipe nativesdk-glibc-2.28-r0: task do_debian_patch: Failed
ERROR: Task (virtual:nativesdk:/home/deby/poky/meta-debian/recipes-debian/glibc/glibc_debian.bb:do_debian_patch) failed with exit code '1'
ERROR: nativesdk-openssl-1.1.1c-r0 do_debian_patch: unknown quilt patches already applied
ERROR: nativesdk-openssl-1.1.1c-r0 do_debian_patch: Function failed: do_debian_patch (log file is located at /home/deby/build/tmp/work/x86_64-nativesdk-debysdk-linux/nativesdk-openssl/1.1.1c-r0/temp/log.do_debian_patch.6875)
ERROR: Logfile of failure stored in: /home/deby/build/tmp/work/x86_64-nativesdk-debysdk-linux/nativesdk-openssl/1.1.1c-r0/temp/log.do_debian_patch.6875
NOTE: recipe nativesdk-openssl-1.1.1c-r0: task do_debian_patch: Failed
ERROR: Task (virtual:nativesdk:/home/deby/poky/meta-debian/recipes-debian/openssl/openssl_debian.bb:do_debian_patch) failed with exit code '1'
ERROR: nativesdk-zlib-1.2.11-r0 do_debian_patch: unknown quilt patches already applied
ERROR: nativesdk-zlib-1.2.11-r0 do_debian_patch: Function failed: do_debian_patch (log file is located at /home/deby/build/tmp/work/x86_64-nativesdk-debysdk-linux/nativesdk-zlib/1.2.11-r0/temp/log.do_debian_patch.6873)
ERROR: Logfile of failure stored in: /home/deby/build/tmp/work/x86_64-nativesdk-debysdk-linux/nativesdk-zlib/1.2.11-r0/temp/log.do_debian_patch.6873
NOTE: recipe nativesdk-zlib-1.2.11-r0: task do_debian_patch: Failed
ERROR: Task (virtual:nativesdk:/home/deby/poky/meta-debian/recipes-debian/zlib/zlib_debian.bb:do_debian_patch) failed with exit code '1'
ERROR: nativesdk-expat-2.2.6-r0 do_debian_patch: unknown quilt patches already applied
ERROR: nativesdk-expat-2.2.6-r0 do_debian_patch: Function failed: do_debian_patch (log file is located at /home/deby/build/tmp/work/x86_64-nativesdk-debysdk-linux/nativesdk-expat/2.2.6-r0/temp/log.do_debian_patch.6877)
ERROR: Logfile of failure stored in: /home/deby/build/tmp/work/x86_64-nativesdk-debysdk-linux/nativesdk-expat/2.2.6-r0/temp/log.do_debian_patch.6877
NOTE: recipe nativesdk-expat-2.2.6-r0: task do_debian_patch: Failed
ERROR: Task (virtual:nativesdk:/home/deby/poky/meta-debian/recipes-debian/expat/expat_debian.bb:do_debian_patch) failed with exit code '1'
ERROR: gdb-cross-canadian-arm-8.2.1-r0 do_debian_patch: unknown quilt patches already applied
ERROR: gdb-cross-canadian-arm-8.2.1-r0 do_debian_patch: Function failed: do_debian_patch (log file is located at /home/deby/build/tmp/work/x86_64-nativesdk-debysdk-linux/gdb-cross-canadian-arm/8.2.1-r0/temp/log.do_debian_patch.6879)
ERROR: Logfile of failure stored in: /home/deby/build/tmp/work/x86_64-nativesdk-debysdk-linux/gdb-cross-canadian-arm/8.2.1-r0/temp/log.do_debian_patch.6879
NOTE: recipe gdb-cross-canadian-arm-8.2.1-r0: task do_debian_patch: Failed
ERROR: Task (/home/deby/poky/meta-debian/recipes-debian/gdb/gdb-cross-canadian_debian.bb:do_debian_patch) failed with exit code '1'
NOTE: Tasks Summary: Attempted 573 tasks of which 564 didn't need to be rerun and 9 failed.

Summary: 9 tasks failed:
  virtual:nativesdk:/home/deby/poky/meta-debian/recipes-debian/readline/readline_debian.bb:do_debian_patch
  virtual:nativesdk:/home/deby/poky/meta-debian/recipes-debian/bzip2/bzip2_debian.bb:do_debian_patch
  virtual:nativesdk:/home/deby/poky/meta-debian/recipes-debian/gettext/gettext_debian.bb:do_debian_patch
  virtual:nativesdk:/home/deby/poky/meta-debian/recipes-debian/ncurses/ncurses_debian.bb:do_debian_patch
  virtual:nativesdk:/home/deby/poky/meta-debian/recipes-debian/glibc/glibc_debian.bb:do_debian_patch
  virtual:nativesdk:/home/deby/poky/meta-debian/recipes-debian/openssl/openssl_debian.bb:do_debian_patch
  virtual:nativesdk:/home/deby/poky/meta-debian/recipes-debian/zlib/zlib_debian.bb:do_debian_patch
  virtual:nativesdk:/home/deby/poky/meta-debian/recipes-debian/expat/expat_debian.bb:do_debian_patch
  /home/deby/poky/meta-debian/recipes-debian/gdb/gdb-cross-canadian_debian.bb:do_debian_patch
Summary: There was 1 WARNING message shown.
Summary: There were 18 ERROR messages shown, returning a non-zero exit code.
