WARNING: Host distribution "debian-10" has not been validated with this version of the build system; you may possibly experience unexpected failures. It is recommended that you use a tested distribution.
Loading cache...done.
Loaded 1440 entries from dependency cache.
NOTE: Resolving any missing task queue dependencies

Build Configuration:
BB_VERSION           = "1.42.0"
BUILD_SYS            = "x86_64-linux"
NATIVELSBSTRING      = "universal"
TARGET_SYS           = "arm-deby-linux-gnueabi"
MACHINE              = "qemuarm"
DISTRO               = "deby-tiny"
DISTRO_VERSION       = "10.0"
TUNE_FEATURES        = "arm armv7ve vfp thumb neon callconvention-hard"
TARGET_FPU           = "hard"
meta                 
meta-poky            = "warrior:51223035e66c5b27799b15a0f8ebe75d24d3971b"
meta-debian          = "warrior-trungdt:47b755ebe41c5afc0ea94d75b55c4f0efd8983fe"

Initialising tasks...done.
Sstate summary: Wanted 24 Found 24 Missed 0 Current 155 (100% match, 100% complete)
NOTE: Executing SetScene Tasks
NOTE: Running setscene task 156 of 179 (/home/deby/poky/meta-debian/recipes-debian/gdb/gdb_debian.bb:do_populate_sysroot_setscene)
NOTE: Running setscene task 157 of 179 (/home/deby/poky/meta-debian/recipes-debian/gdb/gdb_debian.bb:do_package_qa_setscene)
NOTE: Running setscene task 158 of 179 (/home/deby/poky/meta-debian/recipes-debian/gdb/gdb_debian.bb:do_package_write_deb_setscene)
NOTE: Running setscene task 159 of 179 (/home/deby/poky/meta/recipes-kernel/lttng/lttng-ust_2.10.3.bb:do_package_write_deb_setscene)
NOTE: Running setscene task 160 of 179 (/home/deby/poky/meta-debian/recipes-debian/expat/expat_debian.bb:do_package_write_deb_setscene)
NOTE: Running setscene task 162 of 179 (/home/deby/poky/meta/recipes-support/liburcu/liburcu_0.10.2.bb:do_package_write_deb_setscene)
NOTE: recipe liburcu-0.10.2-r0: task do_package_write_deb_setscene: Started
NOTE: recipe lttng-ust-2_2.10.3-r0: task do_package_write_deb_setscene: Started
NOTE: recipe gdb-8.2.1-r0: task do_package_write_deb_setscene: Started
NOTE: recipe gdb-8.2.1-r0: task do_populate_sysroot_setscene: Started
NOTE: recipe gdb-8.2.1-r0: task do_package_qa_setscene: Started
NOTE: recipe expat-2.2.6-r0: task do_package_write_deb_setscene: Started
NOTE: recipe gdb-8.2.1-r0: task do_package_qa_setscene: Succeeded
NOTE: recipe gdb-8.2.1-r0: task do_populate_sysroot_setscene: Succeeded
NOTE: Running setscene task 171 of 179 (/home/deby/poky/meta/recipes-kernel/lttng/lttng-ust_2.10.3.bb:do_populate_sysroot_setscene)
NOTE: Running setscene task 172 of 179 (/home/deby/poky/meta-debian/recipes-debian/expat/expat_debian.bb:do_populate_sysroot_setscene)
NOTE: Running setscene task 173 of 179 (/home/deby/poky/meta-debian/recipes-debian/readline/readline_debian.bb:do_populate_sysroot_setscene)
NOTE: recipe lttng-ust-2_2.10.3-r0: task do_package_write_deb_setscene: Succeeded
NOTE: Running setscene task 174 of 179 (/home/deby/poky/meta/recipes-kernel/lttng/lttng-ust_2.10.3.bb:do_packagedata_setscene)
NOTE: recipe liburcu-0.10.2-r0: task do_package_write_deb_setscene: Succeeded
NOTE: recipe expat-2.2.6-r0: task do_populate_sysroot_setscene: Started
NOTE: Running setscene task 175 of 179 (/home/deby/poky/meta/recipes-support/liburcu/liburcu_0.10.2.bb:do_packagedata_setscene)
NOTE: recipe readline-7.0-r0: task do_populate_sysroot_setscene: Started
NOTE: recipe lttng-ust-2_2.10.3-r0: task do_populate_sysroot_setscene: Started
NOTE: recipe expat-2.2.6-r0: task do_package_write_deb_setscene: Succeeded
NOTE: Running setscene task 176 of 179 (/home/deby/poky/meta-debian/recipes-debian/expat/expat_debian.bb:do_packagedata_setscene)
NOTE: recipe lttng-ust-2_2.10.3-r0: task do_packagedata_setscene: Started
NOTE: recipe liburcu-0.10.2-r0: task do_packagedata_setscene: Started
NOTE: recipe expat-2.2.6-r0: task do_packagedata_setscene: Started
NOTE: recipe lttng-ust-2_2.10.3-r0: task do_packagedata_setscene: Succeeded
NOTE: recipe lttng-ust-2_2.10.3-r0: task do_populate_sysroot_setscene: Succeeded
NOTE: Running setscene task 177 of 179 (/home/deby/poky/meta/recipes-support/liburcu/liburcu_0.10.2.bb:do_populate_sysroot_setscene)
NOTE: recipe liburcu-0.10.2-r0: task do_populate_sysroot_setscene: Started
NOTE: recipe readline-7.0-r0: task do_populate_sysroot_setscene: Succeeded
NOTE: recipe expat-2.2.6-r0: task do_populate_sysroot_setscene: Succeeded
NOTE: recipe expat-2.2.6-r0: task do_packagedata_setscene: Succeeded
NOTE: recipe gdb-8.2.1-r0: task do_package_write_deb_setscene: Succeeded
NOTE: Running setscene task 178 of 179 (/home/deby/poky/meta-debian/recipes-debian/gdb/gdb_debian.bb:do_packagedata_setscene)
NOTE: recipe liburcu-0.10.2-r0: task do_packagedata_setscene: Succeeded
NOTE: recipe gdb-8.2.1-r0: task do_packagedata_setscene: Started
NOTE: recipe liburcu-0.10.2-r0: task do_populate_sysroot_setscene: Succeeded
NOTE: recipe gdb-8.2.1-r0: task do_packagedata_setscene: Succeeded
NOTE: Executing RunQueue Tasks
NOTE: Running noexec task 881 of 881 (/home/deby/poky/meta-debian/recipes-debian/gdb/gdb_debian.bb:do_build)
NOTE: Tasks Summary: Attempted 881 tasks of which 880 didn't need to be rerun and all succeeded.

Summary: There was 1 WARNING message shown.
