WARNING: Host distribution "debian-10" has not been validated with this version of the build system; you may possibly experience unexpected failures. It is recommended that you use a tested distribution.
Loading cache...done.
Loaded 1440 entries from dependency cache.
NOTE: Resolving any missing task queue dependencies

Build Configuration:
BB_VERSION           = "1.42.0"
BUILD_SYS            = "x86_64-linux"
NATIVELSBSTRING      = "universal"
TARGET_SYS           = "arm-deby-linux-gnueabi"
MACHINE              = "qemuarm"
DISTRO               = "deby-tiny"
DISTRO_VERSION       = "10.0"
TUNE_FEATURES        = "arm armv7ve vfp thumb neon callconvention-hard"
TARGET_FPU           = "hard"
meta                 
meta-poky            = "warrior:51223035e66c5b27799b15a0f8ebe75d24d3971b"
meta-debian          = "warrior-trungdt:47b755ebe41c5afc0ea94d75b55c4f0efd8983fe"

Initialising tasks...done.
Sstate summary: Wanted 17 Found 17 Missed 0 Current 174 (100% match, 100% complete)
NOTE: Executing SetScene Tasks
NOTE: Running setscene task 175 of 191 (/home/deby/poky/meta-debian/recipes-debian/gettext/gettext_debian.bb:do_populate_sysroot_setscene)
NOTE: Running setscene task 176 of 191 (/home/deby/poky/meta-debian/recipes-debian/gettext/gettext_debian.bb:do_package_qa_setscene)
NOTE: Running setscene task 177 of 191 (/home/deby/poky/meta-debian/recipes-debian/gettext/gettext_debian.bb:do_package_write_deb_setscene)
NOTE: Running setscene task 179 of 191 (/home/deby/poky/meta/recipes-support/libcroco/libcroco_0.6.12.bb:do_package_write_deb_setscene)
NOTE: recipe gettext-0.19.8.1-r0: task do_package_qa_setscene: Started
NOTE: recipe gettext-0.19.8.1-r0: task do_populate_sysroot_setscene: Started
NOTE: recipe gettext-0.19.8.1-r0: task do_package_write_deb_setscene: Started
NOTE: recipe libcroco-0.6.12-r0: task do_package_write_deb_setscene: Started
NOTE: recipe gettext-0.19.8.1-r0: task do_package_qa_setscene: Succeeded
NOTE: recipe gettext-0.19.8.1-r0: task do_package_write_deb_setscene: Succeeded
NOTE: Running setscene task 181 of 191 (/home/deby/poky/meta-debian/recipes-debian/gettext/gettext_debian.bb:do_packagedata_setscene)
NOTE: recipe gettext-0.19.8.1-r0: task do_populate_sysroot_setscene: Succeeded
NOTE: recipe gettext-0.19.8.1-r0: task do_packagedata_setscene: Started
NOTE: Running setscene task 182 of 191 (/home/deby/poky/meta/recipes-support/libcroco/libcroco_0.6.12.bb:do_populate_sysroot_setscene)
NOTE: recipe libcroco-0.6.12-r0: task do_package_write_deb_setscene: Succeeded
NOTE: Running setscene task 183 of 191 (/home/deby/poky/meta/recipes-support/libcroco/libcroco_0.6.12.bb:do_packagedata_setscene)
NOTE: recipe libcroco-0.6.12-r0: task do_populate_sysroot_setscene: Started
NOTE: recipe libcroco-0.6.12-r0: task do_packagedata_setscene: Started
NOTE: recipe gettext-0.19.8.1-r0: task do_packagedata_setscene: Succeeded
NOTE: recipe libcroco-0.6.12-r0: task do_populate_sysroot_setscene: Succeeded
NOTE: Running setscene task 184 of 191 (/home/deby/poky/meta-debian/recipes-debian/libxml/libxml2_debian.bb:do_populate_sysroot_setscene)
NOTE: recipe libcroco-0.6.12-r0: task do_packagedata_setscene: Succeeded
NOTE: recipe libxml2-2.9.4-r0: task do_populate_sysroot_setscene: Started
NOTE: recipe libxml2-2.9.4-r0: task do_populate_sysroot_setscene: Succeeded
NOTE: Running setscene task 185 of 191 (/home/deby/poky/meta/recipes-devtools/python/python3_3.7.2.bb:do_populate_sysroot_setscene)
NOTE: recipe python3-3.7.2-r0: task do_populate_sysroot_setscene: Started
NOTE: recipe python3-3.7.2-r0: task do_populate_sysroot_setscene: Succeeded
NOTE: Running setscene task 186 of 191 (/home/deby/poky/meta/recipes-extended/xz/xz_5.2.4.bb:do_populate_sysroot_setscene)
NOTE: Running setscene task 187 of 191 (/home/deby/poky/meta/recipes-support/sqlite/sqlite3_3.27.2.bb:do_populate_sysroot_setscene)
NOTE: Running setscene task 188 of 191 (/home/deby/poky/meta/recipes-support/gdbm/gdbm_1.18.1.bb:do_populate_sysroot_setscene)
NOTE: Running setscene task 189 of 191 (/home/deby/poky/meta/recipes-extended/libnsl/libnsl2_git.bb:do_populate_sysroot_setscene)
NOTE: recipe gdbm-1.18.1-r0: task do_populate_sysroot_setscene: Started
NOTE: recipe sqlite3-3_3.27.2-r0: task do_populate_sysroot_setscene: Started
NOTE: recipe xz-5.2.4-r0: task do_populate_sysroot_setscene: Started
NOTE: recipe libnsl2-1.2.0+gitAUTOINC+37c5ffe303-r0: task do_populate_sysroot_setscene: Started
NOTE: recipe libnsl2-1.2.0+gitAUTOINC+37c5ffe303-r0: task do_populate_sysroot_setscene: Succeeded
NOTE: Running setscene task 190 of 191 (/home/deby/poky/meta/recipes-extended/libtirpc/libtirpc_1.0.3.bb:do_populate_sysroot_setscene)
NOTE: recipe xz-5.2.4-r0: task do_populate_sysroot_setscene: Succeeded
NOTE: recipe gdbm-1.18.1-r0: task do_populate_sysroot_setscene: Succeeded
NOTE: recipe sqlite3-3_3.27.2-r0: task do_populate_sysroot_setscene: Succeeded
NOTE: recipe libtirpc-1.0.3-r0: task do_populate_sysroot_setscene: Started
NOTE: recipe libtirpc-1.0.3-r0: task do_populate_sysroot_setscene: Succeeded
NOTE: Executing RunQueue Tasks
NOTE: Running noexec task 940 of 940 (/home/deby/poky/meta-debian/recipes-debian/gettext/gettext_debian.bb:do_build)
NOTE: Tasks Summary: Attempted 940 tasks of which 939 didn't need to be rerun and all succeeded.

Summary: There was 1 WARNING message shown.
