WARNING: Host distribution "debian-10" has not been validated with this version of the build system; you may possibly experience unexpected failures. It is recommended that you use a tested distribution.
Loading cache...done.
Loaded 1440 entries from dependency cache.
NOTE: Resolving any missing task queue dependencies

Build Configuration:
BB_VERSION           = "1.42.0"
BUILD_SYS            = "x86_64-linux"
NATIVELSBSTRING      = "universal"
TARGET_SYS           = "arm-deby-linux-gnueabi"
MACHINE              = "qemuarm"
DISTRO               = "deby-tiny"
DISTRO_VERSION       = "10.0"
TUNE_FEATURES        = "arm armv7ve vfp thumb neon callconvention-hard"
TARGET_FPU           = "hard"
meta                 
meta-poky            = "warrior:51223035e66c5b27799b15a0f8ebe75d24d3971b"
meta-debian          = "warrior-trungdt:47b755ebe41c5afc0ea94d75b55c4f0efd8983fe"

Initialising tasks...done.
Sstate summary: Wanted 4 Found 4 Missed 0 Current 64 (100% match, 100% complete)
NOTE: Executing SetScene Tasks
NOTE: Running setscene task 65 of 68 (/home/deby/poky/meta-debian/recipes-debian/glibc/glibc-locale_debian.bb:do_populate_sysroot_setscene)
NOTE: Running setscene task 66 of 68 (/home/deby/poky/meta-debian/recipes-debian/glibc/glibc-locale_debian.bb:do_package_qa_setscene)
NOTE: recipe glibc-locale-2.28-r0: task do_package_qa_setscene: Started
NOTE: recipe glibc-locale-2.28-r0: task do_populate_sysroot_setscene: Started
NOTE: recipe glibc-locale-2.28-r0: task do_package_qa_setscene: Succeeded
NOTE: recipe glibc-locale-2.28-r0: task do_populate_sysroot_setscene: Succeeded
NOTE: Executing RunQueue Tasks
NOTE: Running noexec task 501 of 501 (/home/deby/poky/meta-debian/recipes-debian/glibc/glibc-locale_debian.bb:do_build)
NOTE: Tasks Summary: Attempted 501 tasks of which 500 didn't need to be rerun and all succeeded.

Summary: There was 1 WARNING message shown.
