Loading cache...done.
Loaded 1803 entries from dependency cache.
Parsing recipes...done.
Parsing of 1030 .bb files complete (1028 cached, 2 parsed). 1806 targets, 225 skipped, 0 masked, 0 errors.
NOTE: Resolving any missing task queue dependencies

Build Configuration:
BB_VERSION           = "1.42.0"
BUILD_SYS            = "x86_64-linux"
NATIVELSBSTRING      = "universal"
TARGET_SYS           = "arm-deby-linux-gnueabi"
MACHINE              = "qemuarm"
DISTRO               = "deby-tiny"
DISTRO_VERSION       = "10.0"
TUNE_FEATURES        = "arm armv7ve vfp thumb neon callconvention-hard"
TARGET_FPU           = "hard"
meta                 
meta-poky            = "warrior:023ff85a9ae94331926e923b346fd8a349881e63"
meta-debian          = "warrior:8e157b1a7a3a3ae1224ea194f0fc9e25772d0e07"

Initialising tasks...done.
Sstate summary: Wanted 8 Found 0 Missed 8 Current 77 (0% match, 90% complete)
NOTE: Executing SetScene Tasks
NOTE: Executing RunQueue Tasks
NOTE: Running task 584 of 606 (/home/deby/poky/meta-debian/recipes-debian/libhtp/libhtp_debian.bb:do_prepare_recipe_sysroot)
NOTE: Running task 588 of 606 (/home/deby/poky/meta-debian/recipes-debian/zlib/zlib_debian.bb:do_packagedata)
NOTE: Running task 596 of 606 (/home/deby/poky/meta-debian/recipes-debian/libhtp/libhtp_debian.bb:do_populate_lic)
NOTE: recipe libhtp-0.5.30-r0: task do_prepare_recipe_sysroot: Started
NOTE: recipe zlib-1.2.11-r0: task do_packagedata: Started
NOTE: recipe libhtp-0.5.30-r0: task do_populate_lic: Started
NOTE: recipe zlib-1.2.11-r0: task do_packagedata: Succeeded
NOTE: Running task 597 of 606 (/home/deby/poky/meta-debian/recipes-debian/zlib/zlib_debian.bb:do_package_write_deb)
NOTE: recipe libhtp-0.5.30-r0: task do_populate_lic: Succeeded
NOTE: recipe libhtp-0.5.30-r0: task do_prepare_recipe_sysroot: Succeeded
NOTE: Running task 598 of 606 (/home/deby/poky/meta-debian/recipes-debian/libhtp/libhtp_debian.bb:do_configure)
NOTE: recipe libhtp-0.5.30-r0: task do_configure: Started
NOTE: recipe zlib-1.2.11-r0: task do_package_write_deb: Started
NOTE: recipe zlib-1.2.11-r0: task do_package_write_deb: Succeeded
NOTE: recipe libhtp-0.5.30-r0: task do_configure: Succeeded
NOTE: Running task 599 of 606 (/home/deby/poky/meta-debian/recipes-debian/libhtp/libhtp_debian.bb:do_compile)
NOTE: recipe libhtp-0.5.30-r0: task do_compile: Started
NOTE: recipe libhtp-0.5.30-r0: task do_compile: Succeeded
NOTE: Running task 600 of 606 (/home/deby/poky/meta-debian/recipes-debian/libhtp/libhtp_debian.bb:do_install)
NOTE: recipe libhtp-0.5.30-r0: task do_install: Started
NOTE: recipe libhtp-0.5.30-r0: task do_install: Succeeded
NOTE: Running task 601 of 606 (/home/deby/poky/meta-debian/recipes-debian/libhtp/libhtp_debian.bb:do_package)
NOTE: Running task 602 of 606 (/home/deby/poky/meta-debian/recipes-debian/libhtp/libhtp_debian.bb:do_populate_sysroot)
NOTE: recipe libhtp-0.5.30-r0: task do_populate_sysroot: Started
NOTE: recipe libhtp-0.5.30-r0: task do_package: Started
NOTE: recipe libhtp-0.5.30-r0: task do_populate_sysroot: Succeeded
NOTE: recipe libhtp-0.5.30-r0: task do_package: Succeeded
NOTE: Running task 603 of 606 (/home/deby/poky/meta-debian/recipes-debian/libhtp/libhtp_debian.bb:do_packagedata)
NOTE: recipe libhtp-0.5.30-r0: task do_packagedata: Started
NOTE: recipe libhtp-0.5.30-r0: task do_packagedata: Succeeded
NOTE: Running task 604 of 606 (/home/deby/poky/meta-debian/recipes-debian/libhtp/libhtp_debian.bb:do_package_write_deb)
NOTE: Running task 605 of 606 (/home/deby/poky/meta-debian/recipes-debian/libhtp/libhtp_debian.bb:do_package_qa)
NOTE: recipe libhtp-0.5.30-r0: task do_package_write_deb: Started
NOTE: recipe libhtp-0.5.30-r0: task do_package_qa: Started
NOTE: recipe libhtp-0.5.30-r0: task do_package_qa: Succeeded
NOTE: recipe libhtp-0.5.30-r0: task do_package_write_deb: Succeeded
NOTE: Running noexec task 606 of 606 (/home/deby/poky/meta-debian/recipes-debian/libhtp/libhtp_debian.bb:do_build)
NOTE: Tasks Summary: Attempted 606 tasks of which 593 didn't need to be rerun and all succeeded.
