Loading cache...done.
Loaded 1803 entries from dependency cache.
Parsing recipes...done.
Parsing of 1030 .bb files complete (1028 cached, 2 parsed). 1806 targets, 225 skipped, 0 masked, 0 errors.
NOTE: Resolving any missing task queue dependencies

Build Configuration:
BB_VERSION           = "1.42.0"
BUILD_SYS            = "x86_64-linux"
NATIVELSBSTRING      = "universal"
TARGET_SYS           = "arm-deby-linux-gnueabi"
MACHINE              = "qemuarm"
DISTRO               = "deby-tiny"
DISTRO_VERSION       = "10.0"
TUNE_FEATURES        = "arm armv7ve vfp thumb neon callconvention-hard"
TARGET_FPU           = "hard"
meta                 
meta-poky            = "warrior:023ff85a9ae94331926e923b346fd8a349881e63"
meta-debian          = "warrior:8e157b1a7a3a3ae1224ea194f0fc9e25772d0e07"

Initialising tasks...done.
Sstate summary: Wanted 6 Found 0 Missed 6 Current 75 (0% match, 92% complete)
NOTE: Executing SetScene Tasks
NOTE: Executing RunQueue Tasks
NOTE: Running task 553 of 593 (/home/deby/poky/meta-debian/recipes-debian/libyaml/libyaml_debian.bb:do_prepare_recipe_sysroot)
NOTE: Running task 584 of 593 (/home/deby/poky/meta-debian/recipes-debian/libyaml/libyaml_debian.bb:do_populate_lic)
NOTE: recipe libyaml-0.2.1-r0: task do_populate_lic: Started
NOTE: recipe libyaml-0.2.1-r0: task do_prepare_recipe_sysroot: Started
NOTE: recipe libyaml-0.2.1-r0: task do_populate_lic: Succeeded
NOTE: recipe libyaml-0.2.1-r0: task do_prepare_recipe_sysroot: Succeeded
NOTE: Running task 585 of 593 (/home/deby/poky/meta-debian/recipes-debian/libyaml/libyaml_debian.bb:do_configure)
NOTE: recipe libyaml-0.2.1-r0: task do_configure: Started
NOTE: recipe libyaml-0.2.1-r0: task do_configure: Succeeded
NOTE: Running task 586 of 593 (/home/deby/poky/meta-debian/recipes-debian/libyaml/libyaml_debian.bb:do_compile)
NOTE: recipe libyaml-0.2.1-r0: task do_compile: Started
NOTE: recipe libyaml-0.2.1-r0: task do_compile: Succeeded
NOTE: Running task 587 of 593 (/home/deby/poky/meta-debian/recipes-debian/libyaml/libyaml_debian.bb:do_install)
NOTE: recipe libyaml-0.2.1-r0: task do_install: Started
NOTE: recipe libyaml-0.2.1-r0: task do_install: Succeeded
NOTE: Running task 588 of 593 (/home/deby/poky/meta-debian/recipes-debian/libyaml/libyaml_debian.bb:do_package)
NOTE: Running task 589 of 593 (/home/deby/poky/meta-debian/recipes-debian/libyaml/libyaml_debian.bb:do_populate_sysroot)
NOTE: recipe libyaml-0.2.1-r0: task do_populate_sysroot: Started
NOTE: recipe libyaml-0.2.1-r0: task do_package: Started
NOTE: recipe libyaml-0.2.1-r0: task do_populate_sysroot: Succeeded
NOTE: recipe libyaml-0.2.1-r0: task do_package: Succeeded
NOTE: Running task 590 of 593 (/home/deby/poky/meta-debian/recipes-debian/libyaml/libyaml_debian.bb:do_packagedata)
NOTE: recipe libyaml-0.2.1-r0: task do_packagedata: Started
NOTE: recipe libyaml-0.2.1-r0: task do_packagedata: Succeeded
NOTE: Running task 591 of 593 (/home/deby/poky/meta-debian/recipes-debian/libyaml/libyaml_debian.bb:do_package_write_deb)
NOTE: Running task 592 of 593 (/home/deby/poky/meta-debian/recipes-debian/libyaml/libyaml_debian.bb:do_package_qa)
NOTE: recipe libyaml-0.2.1-r0: task do_package_write_deb: Started
NOTE: recipe libyaml-0.2.1-r0: task do_package_qa: Started
NOTE: recipe libyaml-0.2.1-r0: task do_package_qa: Succeeded
NOTE: recipe libyaml-0.2.1-r0: task do_package_write_deb: Succeeded
NOTE: Running noexec task 593 of 593 (/home/deby/poky/meta-debian/recipes-debian/libyaml/libyaml_debian.bb:do_build)
NOTE: Tasks Summary: Attempted 593 tasks of which 582 didn't need to be rerun and all succeeded.
