Loading cache...done.
Loaded 1723 entries from dependency cache.
NOTE: Resolving any missing task queue dependencies

Build Configuration:
BB_VERSION           = "1.42.0"
BUILD_SYS            = "x86_64-linux"
NATIVELSBSTRING      = "universal"
TARGET_SYS           = "arm-deby-linux-gnueabi"
MACHINE              = "qemuarm"
DISTRO               = "deby-tiny"
DISTRO_VERSION       = "10.0"
TUNE_FEATURES        = "arm armv7ve vfp thumb neon callconvention-hard"
TARGET_FPU           = "hard"
meta                 
meta-poky            = "warrior:79a850a10a4b88a6d20d607b322542f947874323"
meta-debian          = "warrior:79407869d1e56b8c7cb9ac0a9a48a4923ffa202b"

Initialising tasks...done.
Sstate summary: Wanted 100 Found 2 Missed 98 Current 154 (2% match, 61% complete)
NOTE: Executing SetScene Tasks
NOTE: Running setscene task 174 of 254 (/home/deby/poky/meta-debian/recipes-debian/autoconf-archive/autoconf-archive_debian.bb:do_packagedata_setscene)
NOTE: Running setscene task 195 of 254 (/home/deby/poky/meta-debian/recipes-debian/ca-certificates/ca-certificates_debian.bb:do_packagedata_setscene)
NOTE: recipe ca-certificates-20190110-r0: task do_packagedata_setscene: Started
NOTE: recipe autoconf-archive-20180313-r0: task do_packagedata_setscene: Started
NOTE: recipe autoconf-archive-20180313-r0: task do_packagedata_setscene: Succeeded
NOTE: recipe ca-certificates-20190110-r0: task do_packagedata_setscene: Succeeded
NOTE: Executing RunQueue Tasks
NOTE: Running task 628 of 1243 (/home/deby/poky/meta-debian/recipes-debian/libpcre/libpcre_debian.bb:do_fetch)
NOTE: Running task 704 of 1243 (/home/deby/poky/meta-debian/recipes-debian/glib-2.0/glib-2.0_debian.bb:do_fetch)
NOTE: Running task 717 of 1243 (/home/deby/poky/meta-debian/recipes-debian/bzip2/bzip2_debian.bb:do_prepare_recipe_sysroot)
NOTE: Running task 743 of 1243 (/home/deby/poky/meta/recipes-support/libunistring/libunistring_0.9.10.bb:do_prepare_recipe_sysroot)
NOTE: Running task 755 of 1243 (/home/deby/poky/meta-debian/recipes-debian/libffi/libffi_debian.bb:do_prepare_recipe_sysroot)
NOTE: Running task 761 of 1243 (/home/deby/poky/meta-debian/recipes-debian/libtirpc/libtirpc_debian.bb:do_prepare_recipe_sysroot)
NOTE: Running task 769 of 1243 (/home/deby/poky/meta-debian/recipes-debian/openssl/openssl_debian.bb:do_prepare_recipe_sysroot)
NOTE: Running task 778 of 1243 (/home/deby/poky/meta-debian/recipes-debian/tpm2-tss/tpm2-tss_debian.bb:do_fetch)
NOTE: Running task 779 of 1243 (/home/deby/poky/meta-debian/recipes-debian/pkgconfig/pkgconfig_debian.bb:do_fetch)
NOTE: Running task 805 of 1243 (/home/deby/poky/meta-debian/recipes-debian/util-linux/util-linux_debian.bb:do_populate_sysroot)
NOTE: Running task 837 of 1243 (/home/deby/poky/meta/recipes-support/libgpg-error/libgpg-error_1.35.bb:do_prepare_recipe_sysroot)
NOTE: recipe libpcre-8.39-r0: task do_fetch: Started
NOTE: Running task 839 of 1243 (/home/deby/poky/meta-debian/recipes-debian/libxml/libxml2_debian.bb:do_fetch)
NOTE: Running task 842 of 1243 (/home/deby/poky/meta/recipes-support/nettle/nettle_3.4.1.bb:do_prepare_recipe_sysroot)
NOTE: recipe glib-2.0-2.58.3-r0: task do_fetch: Started
NOTE: Running task 855 of 1243 (/home/deby/poky/meta-debian/recipes-debian/xz/xz_debian.bb:do_prepare_recipe_sysroot)
NOTE: Running task 858 of 1243 (/home/deby/poky/meta-debian/recipes-debian/sqlite3/sqlite3_debian.bb:do_prepare_recipe_sysroot)
NOTE: recipe bzip2-1.0.6-r0: task do_prepare_recipe_sysroot: Started
NOTE: recipe libffi-3.2.1-r0: task do_prepare_recipe_sysroot: Started
NOTE: Running task 860 of 1243 (/home/deby/poky/meta-debian/recipes-debian/gdbm/gdbm_debian.bb:do_prepare_recipe_sysroot)
NOTE: recipe pkgconfig-0.29-r0: task do_fetch: Started
NOTE: recipe libpcre-8.39-r0: task do_fetch: Succeeded
NOTE: recipe util-linux-2.33.1-r0: task do_populate_sysroot: Started
NOTE: recipe glib-2.0-2.58.3-r0: task do_fetch: Succeeded
NOTE: recipe libxml2-2.9.4-r0: task do_fetch: Started
NOTE: Running task 861 of 1243 (/home/deby/poky/meta-debian/recipes-debian/libpcre/libpcre_debian.bb:do_unpack)
NOTE: recipe tpm2-tss-2.1.0-r0: task do_fetch: Started
NOTE: Running task 862 of 1243 (/home/deby/poky/meta-debian/recipes-debian/glib-2.0/glib-2.0_debian.bb:do_unpack)
NOTE: recipe glib-2.0-2.58.3-r0: task do_unpack: Started
NOTE: recipe libunistring-0.9.10-r0: task do_prepare_recipe_sysroot: Started
NOTE: recipe libtirpc-1.1.4-r0: task do_prepare_recipe_sysroot: Started
NOTE: recipe libpcre-8.39-r0: task do_unpack: Started
NOTE: recipe xz-5.2.4-r0: task do_prepare_recipe_sysroot: Started
NOTE: recipe libxml2-2.9.4-r0: task do_fetch: Succeeded
NOTE: Running task 864 of 1243 (/home/deby/poky/meta-debian/recipes-debian/readline/readline_debian.bb:do_prepare_recipe_sysroot)
NOTE: recipe pkgconfig-0.29-r0: task do_fetch: Succeeded
NOTE: Running task 865 of 1243 (/home/deby/poky/meta-debian/recipes-debian/pkgconfig/pkgconfig_debian.bb:do_unpack)
NOTE: recipe pkgconfig-0.29-r0: task do_unpack: Started
NOTE: recipe nettle-3.4.1-r0: task do_prepare_recipe_sysroot: Started
NOTE: recipe readline-7.0-r0: task do_prepare_recipe_sysroot: Started
NOTE: recipe sqlite3-3_3.27.2-r0: task do_prepare_recipe_sysroot: Started
NOTE: recipe gdbm-1.18.1-r0: task do_prepare_recipe_sysroot: Started
NOTE: recipe openssl-1.1.1c-r0: task do_prepare_recipe_sysroot: Started
NOTE: recipe libgpg-error-1.35-r0: task do_prepare_recipe_sysroot: Started
NOTE: recipe tpm2-tss-2.1.0-r0: task do_fetch: Succeeded
NOTE: Running task 866 of 1243 (/home/deby/poky/meta-debian/recipes-debian/tpm2-tss/tpm2-tss_debian.bb:do_unpack)
NOTE: recipe tpm2-tss-2.1.0-r0: task do_unpack: Started
NOTE: recipe bzip2-1.0.6-r0: task do_prepare_recipe_sysroot: Succeeded
NOTE: recipe xz-5.2.4-r0: task do_prepare_recipe_sysroot: Succeeded
NOTE: Running task 867 of 1243 (/home/deby/poky/meta-debian/recipes-debian/bzip2/bzip2_debian.bb:do_configure)
NOTE: Running task 869 of 1243 (/home/deby/poky/meta-debian/recipes-debian/xz/xz_debian.bb:do_configure)
NOTE: recipe libtirpc-1.1.4-r0: task do_prepare_recipe_sysroot: Succeeded
NOTE: Running task 870 of 1243 (/home/deby/poky/meta-debian/recipes-debian/libtirpc/libtirpc_debian.bb:do_configure)
NOTE: recipe bzip2-1.0.6-r0: task do_configure: Started
NOTE: recipe libtirpc-1.1.4-r0: task do_configure: Started
NOTE: recipe xz-5.2.4-r0: task do_configure: Started
NOTE: recipe pkgconfig-0.29-r0: task do_unpack: Succeeded
NOTE: Running task 871 of 1243 (/home/deby/poky/meta-debian/recipes-debian/glib-2.0/glib-2.0_debian.bb:do_write_config)
NOTE: recipe tpm2-tss-2.1.0-r0: task do_unpack: Succeeded
NOTE: Running task 873 of 1243 (/home/deby/poky/meta-debian/recipes-debian/tpm2-tools/tpm2-tools_debian.bb:do_fetch)
NOTE: recipe glib-2.0-2.58.3-r0: task do_write_config: Started
NOTE: recipe tpm2-tools-3.1.3-r0: task do_fetch: Started
NOTE: recipe glib-2.0-2.58.3-r0: task do_write_config: Succeeded
NOTE: Running task 875 of 1243 (/home/deby/poky/meta-debian/recipes-debian/libxml/libxml2_debian.bb:do_unpack)
NOTE: recipe sqlite3-3_3.27.2-r0: task do_prepare_recipe_sysroot: Succeeded
NOTE: Running task 876 of 1243 (/home/deby/poky/meta-debian/recipes-debian/sqlite3/sqlite3_debian.bb:do_configure)
NOTE: recipe libxml2-2.9.4-r0: task do_unpack: Started
NOTE: recipe sqlite3-3_3.27.2-r0: task do_configure: Started
NOTE: recipe gdbm-1.18.1-r0: task do_prepare_recipe_sysroot: Succeeded
NOTE: Running task 877 of 1243 (/home/deby/poky/meta-debian/recipes-debian/gdbm/gdbm_debian.bb:do_configure)
NOTE: recipe util-linux-2.33.1-r0: task do_populate_sysroot: Succeeded
NOTE: recipe tpm2-tools-3.1.3-r0: task do_fetch: Succeeded
NOTE: Running task 896 of 1243 (/home/deby/poky/meta-debian/recipes-debian/tpm2-tools/tpm2-tools_debian.bb:do_unpack)
NOTE: Running task 915 of 1243 (/home/deby/poky/meta-debian/recipes-debian/shared-mime-info/shared-mime-info_debian.bb:do_fetch)
NOTE: recipe shared-mime-info-1.10-r0: task do_fetch: Started
NOTE: recipe tpm2-tools-3.1.3-r0: task do_unpack: Started
NOTE: recipe libpcre-8.39-r0: task do_unpack: Succeeded
NOTE: Running task 916 of 1243 (/home/deby/poky/meta-debian/recipes-debian/libpcre/libpcre_debian.bb:do_debian_unpack_extra)
NOTE: recipe gdbm-1.18.1-r0: task do_configure: Started
NOTE: recipe libpcre-8.39-r0: task do_debian_unpack_extra: Started
NOTE: recipe libffi-3.2.1-r0: task do_prepare_recipe_sysroot: Succeeded
NOTE: recipe libpcre-8.39-r0: task do_debian_unpack_extra: Succeeded
NOTE: Running task 917 of 1243 (/home/deby/poky/meta-debian/recipes-debian/libffi/libffi_debian.bb:do_configure)
NOTE: Running task 918 of 1243 (/home/deby/poky/meta-debian/recipes-debian/libpcre/libpcre_debian.bb:do_debian_patch)
NOTE: recipe libpcre-8.39-r0: task do_debian_patch: Started
NOTE: recipe libffi-3.2.1-r0: task do_configure: Started
NOTE: recipe glib-2.0-2.58.3-r0: task do_unpack: Succeeded
NOTE: recipe libpcre-8.39-r0: task do_debian_patch: Succeeded
NOTE: Running task 919 of 1243 (/home/deby/poky/meta-debian/recipes-debian/glib-2.0/glib-2.0_debian.bb:do_debian_unpack_extra)
NOTE: Running task 920 of 1243 (/home/deby/poky/meta-debian/recipes-debian/libpcre/libpcre_debian.bb:do_patch)
NOTE: recipe libpcre-8.39-r0: task do_patch: Started
NOTE: recipe glib-2.0-2.58.3-r0: task do_debian_unpack_extra: Started
NOTE: recipe shared-mime-info-1.10-r0: task do_fetch: Succeeded
NOTE: Running task 923 of 1243 (/home/deby/poky/meta-debian/recipes-debian/tpm2-tss/tpm2-tss_debian.bb:do_debian_unpack_extra)
NOTE: recipe glib-2.0-2.58.3-r0: task do_debian_unpack_extra: Succeeded
NOTE: recipe libpcre-8.39-r0: task do_patch: Succeeded
NOTE: Running task 924 of 1243 (/home/deby/poky/meta-debian/recipes-debian/pkgconfig/pkgconfig_debian.bb:do_debian_unpack_extra)
NOTE: recipe tpm2-tss-2.1.0-r0: task do_debian_unpack_extra: Started
NOTE: Running task 925 of 1243 (/home/deby/poky/meta-debian/recipes-debian/glib-2.0/glib-2.0_debian.bb:do_debian_patch)
NOTE: recipe tpm2-tss-2.1.0-r0: task do_debian_unpack_extra: Succeeded
NOTE: Running task 928 of 1243 (/home/deby/poky/meta-debian/recipes-debian/tpm2-tss/tpm2-tss_debian.bb:do_debian_patch)
NOTE: recipe pkgconfig-0.29-r0: task do_debian_unpack_extra: Started
NOTE: recipe glib-2.0-2.58.3-r0: task do_debian_patch: Started
NOTE: recipe tpm2-tss-2.1.0-r0: task do_debian_patch: Started
NOTE: recipe pkgconfig-0.29-r0: task do_debian_unpack_extra: Succeeded
NOTE: Running task 929 of 1243 (/home/deby/poky/meta-debian/recipes-debian/pkgconfig/pkgconfig_debian.bb:do_debian_patch)
NOTE: recipe pkgconfig-0.29-r0: task do_debian_patch: Started
NOTE: recipe readline-7.0-r0: task do_prepare_recipe_sysroot: Succeeded
NOTE: Running task 930 of 1243 (/home/deby/poky/meta-debian/recipes-debian/readline/readline_debian.bb:do_configure)
NOTE: recipe tpm2-tss-2.1.0-r0: task do_debian_patch: Succeeded
NOTE: Running task 934 of 1243 (/home/deby/poky/meta-debian/recipes-debian/tpm2-tss/tpm2-tss_debian.bb:do_patch)
NOTE: recipe readline-7.0-r0: task do_configure: Started
NOTE: recipe tpm2-tss-2.1.0-r0: task do_patch: Started
NOTE: recipe tpm2-tss-2.1.0-r0: task do_patch: Succeeded
NOTE: Running task 944 of 1243 (/home/deby/poky/meta-debian/recipes-debian/shared-mime-info/shared-mime-info_debian.bb:do_unpack)
NOTE: recipe shared-mime-info-1.10-r0: task do_unpack: Started
NOTE: recipe pkgconfig-0.29-r0: task do_debian_patch: Succeeded
NOTE: recipe glib-2.0-2.58.3-r0: task do_debian_patch: Succeeded
NOTE: Running task 945 of 1243 (/home/deby/poky/meta-debian/recipes-debian/glib-2.0/glib-2.0_debian.bb:do_patch)
NOTE: Running task 946 of 1243 (/home/deby/poky/meta-debian/recipes-debian/pkgconfig/pkgconfig_debian.bb:do_patch)
NOTE: recipe openssl-1.1.1c-r0: task do_prepare_recipe_sysroot: Succeeded
NOTE: Running task 947 of 1243 (/home/deby/poky/meta-debian/recipes-debian/openssl/openssl_debian.bb:do_configure)
NOTE: recipe pkgconfig-0.29-r0: task do_patch: Started
NOTE: recipe glib-2.0-2.58.3-r0: task do_patch: Started
NOTE: recipe libgpg-error-1.35-r0: task do_prepare_recipe_sysroot: Succeeded
NOTE: Running task 948 of 1243 (/home/deby/poky/meta/recipes-support/libgpg-error/libgpg-error_1.35.bb:do_configure)
NOTE: recipe tpm2-tools-3.1.3-r0: task do_unpack: Succeeded
NOTE: Running task 969 of 1243 (/home/deby/poky/meta-debian/recipes-debian/tpm2-tools/tpm2-tools_debian.bb:do_debian_unpack_extra)
NOTE: recipe libgpg-error-1.35-r0: task do_configure: Started
NOTE: recipe openssl-1.1.1c-r0: task do_configure: Started
NOTE: recipe tpm2-tools-3.1.3-r0: task do_debian_unpack_extra: Started
NOTE: recipe tpm2-tools-3.1.3-r0: task do_debian_unpack_extra: Succeeded
NOTE: Running task 970 of 1243 (/home/deby/poky/meta-debian/recipes-debian/tpm2-tools/tpm2-tools_debian.bb:do_debian_patch)
NOTE: recipe tpm2-tools-3.1.3-r0: task do_debian_patch: Started
NOTE: recipe glib-2.0-2.58.3-r0: task do_patch: Succeeded
NOTE: recipe pkgconfig-0.29-r0: task do_patch: Succeeded
NOTE: recipe tpm2-tools-3.1.3-r0: task do_debian_patch: Succeeded
NOTE: recipe libxml2-2.9.4-r0: task do_unpack: Succeeded
NOTE: Running task 1062 of 1243 (/home/deby/poky/meta-debian/recipes-debian/tpm2-tools/tpm2-tools_debian.bb:do_patch)
NOTE: Running task 1063 of 1243 (/home/deby/poky/meta-debian/recipes-debian/libxml/libxml2_debian.bb:do_debian_unpack_extra)
NOTE: recipe libxml2-2.9.4-r0: task do_debian_unpack_extra: Started
NOTE: recipe tpm2-tools-3.1.3-r0: task do_patch: Started
NOTE: recipe tpm2-tools-3.1.3-r0: task do_patch: Succeeded
NOTE: Running task 1064 of 1243 (/home/deby/poky/meta-debian/recipes-debian/tpm2-tools/tpm2-tools_debian.bb:do_populate_lic)
NOTE: recipe tpm2-tools-3.1.3-r0: task do_populate_lic: Started
NOTE: recipe libxml2-2.9.4-r0: task do_debian_unpack_extra: Succeeded
NOTE: Running task 1065 of 1243 (/home/deby/poky/meta-debian/recipes-debian/libxml/libxml2_debian.bb:do_debian_patch)
NOTE: recipe libxml2-2.9.4-r0: task do_debian_patch: Started
NOTE: recipe libunistring-0.9.10-r0: task do_prepare_recipe_sysroot: Succeeded
NOTE: Running task 1066 of 1243 (/home/deby/poky/meta/recipes-support/libunistring/libunistring_0.9.10.bb:do_configure)
NOTE: recipe tpm2-tools-3.1.3-r0: task do_populate_lic: Succeeded
NOTE: recipe libunistring-0.9.10-r0: task do_configure: Started
NOTE: recipe libxml2-2.9.4-r0: task do_debian_patch: Succeeded
NOTE: Running task 1067 of 1243 (/home/deby/poky/meta-debian/recipes-debian/libxml/libxml2_debian.bb:do_patch)
NOTE: recipe libxml2-2.9.4-r0: task do_patch: Started
NOTE: recipe shared-mime-info-1.10-r0: task do_unpack: Succeeded
NOTE: Running task 1068 of 1243 (/home/deby/poky/meta-debian/recipes-debian/shared-mime-info/shared-mime-info_debian.bb:do_debian_unpack_extra)
NOTE: recipe shared-mime-info-1.10-r0: task do_debian_unpack_extra: Started
NOTE: recipe libxml2-2.9.4-r0: task do_patch: Succeeded
NOTE: recipe shared-mime-info-1.10-r0: task do_debian_unpack_extra: Succeeded
NOTE: Running task 1069 of 1243 (/home/deby/poky/meta-debian/recipes-debian/shared-mime-info/shared-mime-info_debian.bb:do_debian_patch)
NOTE: recipe nettle-3.4.1-r0: task do_prepare_recipe_sysroot: Succeeded
NOTE: Running task 1070 of 1243 (/home/deby/poky/meta/recipes-support/nettle/nettle_3.4.1.bb:do_configure)
NOTE: recipe shared-mime-info-1.10-r0: task do_debian_patch: Started
NOTE: recipe nettle-3.4.1-r0: task do_configure: Started
NOTE: recipe shared-mime-info-1.10-r0: task do_debian_patch: Succeeded
NOTE: Running task 1071 of 1243 (/home/deby/poky/meta-debian/recipes-debian/shared-mime-info/shared-mime-info_debian.bb:do_patch)
NOTE: recipe shared-mime-info-1.10-r0: task do_patch: Started
NOTE: recipe shared-mime-info-1.10-r0: task do_patch: Succeeded
NOTE: recipe openssl-1.1.1c-r0: task do_configure: Succeeded
NOTE: Running task 1072 of 1243 (/home/deby/poky/meta-debian/recipes-debian/openssl/openssl_debian.bb:do_compile)
NOTE: recipe openssl-1.1.1c-r0: task do_compile: Started
NOTE: recipe bzip2-1.0.6-r0: task do_configure: Succeeded
NOTE: Running task 1073 of 1243 (/home/deby/poky/meta-debian/recipes-debian/bzip2/bzip2_debian.bb:do_compile)
NOTE: recipe bzip2-1.0.6-r0: task do_compile: Started
NOTE: recipe bzip2-1.0.6-r0: task do_compile: Succeeded
NOTE: Running task 1074 of 1243 (/home/deby/poky/meta-debian/recipes-debian/bzip2/bzip2_debian.bb:do_install)
NOTE: recipe libtirpc-1.1.4-r0: task do_configure: Succeeded
NOTE: Running task 1075 of 1243 (/home/deby/poky/meta-debian/recipes-debian/libtirpc/libtirpc_debian.bb:do_compile)
NOTE: recipe libtirpc-1.1.4-r0: task do_compile: Started
NOTE: recipe libffi-3.2.1-r0: task do_configure: Succeeded
NOTE: Running task 1076 of 1243 (/home/deby/poky/meta-debian/recipes-debian/libffi/libffi_debian.bb:do_compile)
NOTE: recipe libffi-3.2.1-r0: task do_compile: Started
NOTE: recipe bzip2-1.0.6-r0: task do_install: Started
NOTE: recipe libffi-3.2.1-r0: task do_compile: Succeeded
NOTE: Running task 1077 of 1243 (/home/deby/poky/meta-debian/recipes-debian/libffi/libffi_debian.bb:do_install)
NOTE: recipe bzip2-1.0.6-r0: task do_install: Succeeded
NOTE: Running task 1078 of 1243 (/home/deby/poky/meta-debian/recipes-debian/bzip2/bzip2_debian.bb:do_populate_sysroot)
NOTE: Running task 1079 of 1243 (/home/deby/poky/meta-debian/recipes-debian/bzip2/bzip2_debian.bb:do_package)
NOTE: recipe bzip2-1.0.6-r0: task do_populate_sysroot: Started
NOTE: recipe bzip2-1.0.6-r0: task do_package: Started
NOTE: recipe gdbm-1.18.1-r0: task do_configure: Succeeded
NOTE: Running task 1080 of 1243 (/home/deby/poky/meta-debian/recipes-debian/gdbm/gdbm_debian.bb:do_compile)
NOTE: recipe gdbm-1.18.1-r0: task do_compile: Started
NOTE: recipe readline-7.0-r0: task do_configure: Succeeded
NOTE: Running task 1081 of 1243 (/home/deby/poky/meta-debian/recipes-debian/readline/readline_debian.bb:do_compile)
NOTE: recipe readline-7.0-r0: task do_compile: Started
NOTE: recipe libtirpc-1.1.4-r0: task do_compile: Succeeded
NOTE: Running task 1082 of 1243 (/home/deby/poky/meta-debian/recipes-debian/libtirpc/libtirpc_debian.bb:do_install)
NOTE: recipe gdbm-1.18.1-r0: task do_compile: Succeeded
NOTE: Running task 1083 of 1243 (/home/deby/poky/meta-debian/recipes-debian/gdbm/gdbm_debian.bb:do_install)
NOTE: recipe readline-7.0-r0: task do_compile: Succeeded
NOTE: Running task 1084 of 1243 (/home/deby/poky/meta-debian/recipes-debian/readline/readline_debian.bb:do_install)
NOTE: recipe xz-5.2.4-r0: task do_configure: Succeeded
NOTE: Running task 1085 of 1243 (/home/deby/poky/meta-debian/recipes-debian/xz/xz_debian.bb:do_compile)
NOTE: recipe xz-5.2.4-r0: task do_compile: Started
NOTE: recipe bzip2-1.0.6-r0: task do_package: Succeeded
NOTE: Running task 1086 of 1243 (/home/deby/poky/meta-debian/recipes-debian/bzip2/bzip2_debian.bb:do_packagedata)
NOTE: recipe bzip2-1.0.6-r0: task do_packagedata: Started
NOTE: recipe bzip2-1.0.6-r0: task do_packagedata: Succeeded
NOTE: Running task 1087 of 1243 (/home/deby/poky/meta-debian/recipes-debian/bzip2/bzip2_debian.bb:do_package_write_deb)
NOTE: recipe bzip2-1.0.6-r0: task do_package_write_deb: Started
NOTE: recipe libtirpc-1.1.4-r0: task do_install: Started
NOTE: recipe bzip2-1.0.6-r0: task do_populate_sysroot: Succeeded
NOTE: Running task 1088 of 1243 (/home/deby/poky/meta-debian/recipes-debian/libpcre/libpcre_debian.bb:do_prepare_recipe_sysroot)
NOTE: recipe libpcre-8.39-r0: task do_prepare_recipe_sysroot: Started
NOTE: recipe libffi-3.2.1-r0: task do_install: Started
NOTE: recipe libgpg-error-1.35-r0: task do_configure: Succeeded
NOTE: Running task 1089 of 1243 (/home/deby/poky/meta/recipes-support/libgpg-error/libgpg-error_1.35.bb:do_compile)
NOTE: recipe libgpg-error-1.35-r0: task do_compile: Started
NOTE: recipe bzip2-1.0.6-r0: task do_package_write_deb: Succeeded
NOTE: recipe libpcre-8.39-r0: task do_prepare_recipe_sysroot: Succeeded
NOTE: Running task 1090 of 1243 (/home/deby/poky/meta-debian/recipes-debian/libpcre/libpcre_debian.bb:do_configure)
NOTE: recipe libpcre-8.39-r0: task do_configure: Started
NOTE: recipe gdbm-1.18.1-r0: task do_install: Started
NOTE: recipe readline-7.0-r0: task do_install: Started
NOTE: recipe libffi-3.2.1-r0: task do_install: Succeeded
NOTE: Running task 1091 of 1243 (/home/deby/poky/meta-debian/recipes-debian/libffi/libffi_debian.bb:do_populate_sysroot)
NOTE: Running task 1092 of 1243 (/home/deby/poky/meta-debian/recipes-debian/libffi/libffi_debian.bb:do_package)
NOTE: recipe libffi-3.2.1-r0: task do_populate_sysroot: Started
NOTE: recipe libffi-3.2.1-r0: task do_package: Started
NOTE: recipe sqlite3-3_3.27.2-r0: task do_configure: Succeeded
NOTE: Running task 1093 of 1243 (/home/deby/poky/meta-debian/recipes-debian/sqlite3/sqlite3_debian.bb:do_compile)
NOTE: recipe sqlite3-3_3.27.2-r0: task do_compile: Started
NOTE: recipe libtirpc-1.1.4-r0: task do_install: Succeeded
NOTE: Running task 1094 of 1243 (/home/deby/poky/meta-debian/recipes-debian/libtirpc/libtirpc_debian.bb:do_populate_sysroot)
NOTE: Running task 1095 of 1243 (/home/deby/poky/meta-debian/recipes-debian/libtirpc/libtirpc_debian.bb:do_package)
NOTE: recipe libtirpc-1.1.4-r0: task do_populate_sysroot: Started
NOTE: recipe libtirpc-1.1.4-r0: task do_package: Started
NOTE: recipe gdbm-1.18.1-r0: task do_install: Succeeded
NOTE: Running task 1096 of 1243 (/home/deby/poky/meta-debian/recipes-debian/gdbm/gdbm_debian.bb:do_populate_sysroot)
NOTE: Running task 1097 of 1243 (/home/deby/poky/meta-debian/recipes-debian/gdbm/gdbm_debian.bb:do_package)
NOTE: recipe gdbm-1.18.1-r0: task do_populate_sysroot: Started
NOTE: recipe gdbm-1.18.1-r0: task do_package: Started
NOTE: recipe libgpg-error-1.35-r0: task do_compile: Succeeded
NOTE: Running task 1098 of 1243 (/home/deby/poky/meta/recipes-support/libgpg-error/libgpg-error_1.35.bb:do_install)
NOTE: recipe readline-7.0-r0: task do_install: Succeeded
NOTE: Running task 1099 of 1243 (/home/deby/poky/meta-debian/recipes-debian/readline/readline_debian.bb:do_populate_sysroot)
NOTE: Running task 1100 of 1243 (/home/deby/poky/meta-debian/recipes-debian/readline/readline_debian.bb:do_package)
NOTE: recipe readline-7.0-r0: task do_populate_sysroot: Started
NOTE: recipe readline-7.0-r0: task do_package: Started
NOTE: recipe xz-5.2.4-r0: task do_compile: Succeeded
NOTE: Running task 1101 of 1243 (/home/deby/poky/meta-debian/recipes-debian/xz/xz_debian.bb:do_install)
NOTE: recipe nettle-3.4.1-r0: task do_configure: Succeeded
NOTE: Running task 1102 of 1243 (/home/deby/poky/meta/recipes-support/nettle/nettle_3.4.1.bb:do_compile)
NOTE: recipe nettle-3.4.1-r0: task do_compile: Started
NOTE: recipe openssl-1.1.1c-r0: task do_compile: Succeeded
NOTE: Running task 1103 of 1243 (/home/deby/poky/meta-debian/recipes-debian/openssl/openssl_debian.bb:do_install)
NOTE: recipe libgpg-error-1.35-r0: task do_install: Started
NOTE: recipe libffi-3.2.1-r0: task do_populate_sysroot: Succeeded
NOTE: recipe xz-5.2.4-r0: task do_install: Started
NOTE: recipe libgpg-error-1.35-r0: task do_install: Succeeded
NOTE: Running task 1104 of 1243 (/home/deby/poky/meta/recipes-support/libgpg-error/libgpg-error_1.35.bb:do_populate_sysroot)
NOTE: Running task 1105 of 1243 (/home/deby/poky/meta/recipes-support/libgpg-error/libgpg-error_1.35.bb:do_package)
NOTE: recipe libgpg-error-1.35-r0: task do_populate_sysroot: Started
NOTE: recipe libgpg-error-1.35-r0: task do_package: Started
NOTE: recipe libffi-3.2.1-r0: task do_package: Succeeded
NOTE: Running task 1106 of 1243 (/home/deby/poky/meta-debian/recipes-debian/libffi/libffi_debian.bb:do_packagedata)
NOTE: recipe libffi-3.2.1-r0: task do_packagedata: Started
NOTE: recipe libffi-3.2.1-r0: task do_packagedata: Succeeded
NOTE: Running task 1107 of 1243 (/home/deby/poky/meta-debian/recipes-debian/libffi/libffi_debian.bb:do_package_write_deb)
NOTE: recipe libffi-3.2.1-r0: task do_package_write_deb: Started
NOTE: recipe libpcre-8.39-r0: task do_configure: Succeeded
NOTE: Running task 1108 of 1243 (/home/deby/poky/meta-debian/recipes-debian/libpcre/libpcre_debian.bb:do_compile)
NOTE: recipe libpcre-8.39-r0: task do_compile: Started
NOTE: recipe gdbm-1.18.1-r0: task do_populate_sysroot: Succeeded
NOTE: recipe openssl-1.1.1c-r0: task do_install: Started
NOTE: recipe libtirpc-1.1.4-r0: task do_populate_sysroot: Succeeded
NOTE: Running task 1109 of 1243 (/home/deby/poky/meta/recipes-extended/libnsl/libnsl2_git.bb:do_prepare_recipe_sysroot)
NOTE: recipe libffi-3.2.1-r0: task do_package_write_deb: Succeeded
NOTE: recipe libnsl2-1.2.0+gitAUTOINC+37c5ffe303-r0: task do_prepare_recipe_sysroot: Started
NOTE: recipe xz-5.2.4-r0: task do_install: Succeeded
NOTE: Running task 1110 of 1243 (/home/deby/poky/meta-debian/recipes-debian/xz/xz_debian.bb:do_populate_sysroot)
NOTE: Running task 1111 of 1243 (/home/deby/poky/meta-debian/recipes-debian/xz/xz_debian.bb:do_package)
NOTE: recipe xz-5.2.4-r0: task do_populate_sysroot: Started
NOTE: recipe xz-5.2.4-r0: task do_package: Started
NOTE: recipe xz-5.2.4-r0: task do_populate_sysroot: Succeeded
NOTE: recipe gdbm-1.18.1-r0: task do_package: Succeeded
NOTE: Running task 1112 of 1243 (/home/deby/poky/meta-debian/recipes-debian/gdbm/gdbm_debian.bb:do_packagedata)
NOTE: recipe gdbm-1.18.1-r0: task do_packagedata: Started
NOTE: recipe gdbm-1.18.1-r0: task do_packagedata: Succeeded
NOTE: Running task 1113 of 1243 (/home/deby/poky/meta-debian/recipes-debian/gdbm/gdbm_debian.bb:do_package_write_deb)
NOTE: recipe libtirpc-1.1.4-r0: task do_package: Succeeded
NOTE: Running task 1114 of 1243 (/home/deby/poky/meta-debian/recipes-debian/libtirpc/libtirpc_debian.bb:do_packagedata)
NOTE: recipe libtirpc-1.1.4-r0: task do_packagedata: Started
NOTE: recipe gdbm-1.18.1-r0: task do_package_write_deb: Started
NOTE: recipe libtirpc-1.1.4-r0: task do_packagedata: Succeeded
NOTE: Running task 1115 of 1243 (/home/deby/poky/meta-debian/recipes-debian/libtirpc/libtirpc_debian.bb:do_package_write_deb)
NOTE: recipe libtirpc-1.1.4-r0: task do_package_write_deb: Started
NOTE: recipe gdbm-1.18.1-r0: task do_package_write_deb: Succeeded
NOTE: recipe libpcre-8.39-r0: task do_compile: Succeeded
NOTE: Running task 1116 of 1243 (/home/deby/poky/meta-debian/recipes-debian/libpcre/libpcre_debian.bb:do_install)
NOTE: recipe libpcre-8.39-r0: task do_install: Started
NOTE: recipe libpcre-8.39-r0: task do_install: Succeeded
NOTE: Running task 1117 of 1243 (/home/deby/poky/meta-debian/recipes-debian/libpcre/libpcre_debian.bb:do_populate_sysroot)
NOTE: Running task 1118 of 1243 (/home/deby/poky/meta-debian/recipes-debian/libpcre/libpcre_debian.bb:do_package)
NOTE: recipe libpcre-8.39-r0: task do_populate_sysroot: Started
NOTE: recipe libpcre-8.39-r0: task do_package: Started
NOTE: recipe libpcre-8.39-r0: task do_populate_sysroot: Succeeded
NOTE: Running task 1119 of 1243 (/home/deby/poky/meta-debian/recipes-debian/glib-2.0/glib-2.0_debian.bb:do_prepare_recipe_sysroot)
NOTE: recipe glib-2.0-2.58.3-r0: task do_prepare_recipe_sysroot: Started
NOTE: recipe readline-7.0-r0: task do_populate_sysroot: Succeeded
NOTE: recipe libtirpc-1.1.4-r0: task do_package_write_deb: Succeeded
NOTE: recipe readline-7.0-r0: task do_package: Succeeded
NOTE: Running task 1120 of 1243 (/home/deby/poky/meta-debian/recipes-debian/readline/readline_debian.bb:do_packagedata)
NOTE: recipe readline-7.0-r0: task do_packagedata: Started
NOTE: recipe libnsl2-1.2.0+gitAUTOINC+37c5ffe303-r0: task do_prepare_recipe_sysroot: Succeeded
NOTE: Running task 1121 of 1243 (/home/deby/poky/meta/recipes-extended/libnsl/libnsl2_git.bb:do_configure)
NOTE: recipe readline-7.0-r0: task do_packagedata: Succeeded
NOTE: recipe libnsl2-1.2.0+gitAUTOINC+37c5ffe303-r0: task do_configure: Started
NOTE: Running task 1122 of 1243 (/home/deby/poky/meta-debian/recipes-debian/readline/readline_debian.bb:do_package_write_deb)
NOTE: recipe readline-7.0-r0: task do_package_write_deb: Started
NOTE: recipe readline-7.0-r0: task do_package_write_deb: Succeeded
NOTE: recipe libgpg-error-1.35-r0: task do_package: Succeeded
NOTE: Running task 1123 of 1243 (/home/deby/poky/meta/recipes-support/libgpg-error/libgpg-error_1.35.bb:do_packagedata)
NOTE: recipe libgpg-error-1.35-r0: task do_packagedata: Started
NOTE: recipe libgpg-error-1.35-r0: task do_populate_sysroot: Succeeded
NOTE: Running task 1124 of 1243 (/home/deby/poky/meta/recipes-support/libgcrypt/libgcrypt_1.8.4.bb:do_prepare_recipe_sysroot)
NOTE: recipe libgpg-error-1.35-r0: task do_packagedata: Succeeded
NOTE: Running task 1125 of 1243 (/home/deby/poky/meta/recipes-support/libgpg-error/libgpg-error_1.35.bb:do_package_write_deb)
NOTE: recipe libgpg-error-1.35-r0: task do_package_write_deb: Started
NOTE: recipe libgcrypt-1.8.4-r0: task do_prepare_recipe_sysroot: Started
NOTE: recipe libgpg-error-1.35-r0: task do_package_write_deb: Succeeded
NOTE: recipe nettle-3.4.1-r0: task do_compile: Succeeded
NOTE: Running task 1126 of 1243 (/home/deby/poky/meta/recipes-support/nettle/nettle_3.4.1.bb:do_install)
NOTE: recipe glib-2.0-2.58.3-r0: task do_prepare_recipe_sysroot: Succeeded
NOTE: Running task 1127 of 1243 (/home/deby/poky/meta-debian/recipes-debian/glib-2.0/glib-2.0_debian.bb:do_configure)
NOTE: recipe xz-5.2.4-r0: task do_package: Succeeded
NOTE: Running task 1128 of 1243 (/home/deby/poky/meta-debian/recipes-debian/xz/xz_debian.bb:do_packagedata)
NOTE: recipe glib-2.0-2.58.3-r0: task do_configure: Started
NOTE: recipe xz-5.2.4-r0: task do_packagedata: Started
NOTE: recipe xz-5.2.4-r0: task do_packagedata: Succeeded
NOTE: Running task 1129 of 1243 (/home/deby/poky/meta-debian/recipes-debian/xz/xz_debian.bb:do_package_write_deb)
NOTE: recipe xz-5.2.4-r0: task do_package_write_deb: Started
NOTE: recipe libpcre-8.39-r0: task do_package: Succeeded
NOTE: Running task 1130 of 1243 (/home/deby/poky/meta-debian/recipes-debian/libpcre/libpcre_debian.bb:do_packagedata)
NOTE: recipe libpcre-8.39-r0: task do_packagedata: Started
NOTE: recipe libpcre-8.39-r0: task do_packagedata: Succeeded
NOTE: Running task 1131 of 1243 (/home/deby/poky/meta-debian/recipes-debian/libpcre/libpcre_debian.bb:do_package_write_deb)
NOTE: recipe libpcre-8.39-r0: task do_package_write_deb: Started
NOTE: recipe xz-5.2.4-r0: task do_package_write_deb: Succeeded
NOTE: recipe libpcre-8.39-r0: task do_package_write_deb: Succeeded
NOTE: recipe nettle-3.4.1-r0: task do_install: Started
NOTE: recipe nettle-3.4.1-r0: task do_install: Succeeded
NOTE: Running task 1132 of 1243 (/home/deby/poky/meta/recipes-support/nettle/nettle_3.4.1.bb:do_populate_sysroot)
NOTE: Running task 1133 of 1243 (/home/deby/poky/meta/recipes-support/nettle/nettle_3.4.1.bb:do_package)
NOTE: recipe libgcrypt-1.8.4-r0: task do_prepare_recipe_sysroot: Succeeded
NOTE: Running task 1134 of 1243 (/home/deby/poky/meta/recipes-support/libgcrypt/libgcrypt_1.8.4.bb:do_configure)
NOTE: recipe nettle-3.4.1-r0: task do_populate_sysroot: Started
NOTE: recipe nettle-3.4.1-r0: task do_package: Started
NOTE: recipe libgcrypt-1.8.4-r0: task do_configure: Started
NOTE: recipe nettle-3.4.1-r0: task do_populate_sysroot: Succeeded
NOTE: recipe libunistring-0.9.10-r0: task do_configure: Succeeded
NOTE: Running task 1135 of 1243 (/home/deby/poky/meta/recipes-support/libunistring/libunistring_0.9.10.bb:do_compile)
NOTE: recipe libunistring-0.9.10-r0: task do_compile: Started
NOTE: recipe libnsl2-1.2.0+gitAUTOINC+37c5ffe303-r0: task do_configure: Succeeded
NOTE: Running task 1136 of 1243 (/home/deby/poky/meta/recipes-extended/libnsl/libnsl2_git.bb:do_compile)
NOTE: recipe libnsl2-1.2.0+gitAUTOINC+37c5ffe303-r0: task do_compile: Started
NOTE: recipe nettle-3.4.1-r0: task do_package: Succeeded
NOTE: Running task 1137 of 1243 (/home/deby/poky/meta/recipes-support/nettle/nettle_3.4.1.bb:do_packagedata)
NOTE: recipe nettle-3.4.1-r0: task do_packagedata: Started
NOTE: recipe nettle-3.4.1-r0: task do_packagedata: Succeeded
NOTE: Running task 1138 of 1243 (/home/deby/poky/meta/recipes-support/nettle/nettle_3.4.1.bb:do_package_write_deb)
NOTE: recipe nettle-3.4.1-r0: task do_package_write_deb: Started
NOTE: recipe libnsl2-1.2.0+gitAUTOINC+37c5ffe303-r0: task do_compile: Succeeded
NOTE: Running task 1139 of 1243 (/home/deby/poky/meta/recipes-extended/libnsl/libnsl2_git.bb:do_install)
NOTE: recipe nettle-3.4.1-r0: task do_package_write_deb: Succeeded
NOTE: recipe libnsl2-1.2.0+gitAUTOINC+37c5ffe303-r0: task do_install: Started
NOTE: recipe libnsl2-1.2.0+gitAUTOINC+37c5ffe303-r0: task do_install: Succeeded
NOTE: Running task 1140 of 1243 (/home/deby/poky/meta/recipes-extended/libnsl/libnsl2_git.bb:do_populate_sysroot)
NOTE: Running task 1141 of 1243 (/home/deby/poky/meta/recipes-extended/libnsl/libnsl2_git.bb:do_package)
NOTE: recipe libnsl2-1.2.0+gitAUTOINC+37c5ffe303-r0: task do_populate_sysroot: Started
NOTE: recipe libnsl2-1.2.0+gitAUTOINC+37c5ffe303-r0: task do_package: Started
NOTE: recipe libnsl2-1.2.0+gitAUTOINC+37c5ffe303-r0: task do_populate_sysroot: Succeeded
NOTE: recipe libnsl2-1.2.0+gitAUTOINC+37c5ffe303-r0: task do_package: Succeeded
NOTE: Running task 1142 of 1243 (/home/deby/poky/meta/recipes-extended/libnsl/libnsl2_git.bb:do_packagedata)
NOTE: recipe libnsl2-1.2.0+gitAUTOINC+37c5ffe303-r0: task do_packagedata: Started
NOTE: recipe libnsl2-1.2.0+gitAUTOINC+37c5ffe303-r0: task do_packagedata: Succeeded
NOTE: Running task 1143 of 1243 (/home/deby/poky/meta/recipes-extended/libnsl/libnsl2_git.bb:do_package_write_deb)
NOTE: recipe libnsl2-1.2.0+gitAUTOINC+37c5ffe303-r0: task do_package_write_deb: Started
NOTE: recipe libnsl2-1.2.0+gitAUTOINC+37c5ffe303-r0: task do_package_write_deb: Succeeded
NOTE: recipe libgcrypt-1.8.4-r0: task do_configure: Succeeded
NOTE: Running task 1144 of 1243 (/home/deby/poky/meta/recipes-support/libgcrypt/libgcrypt_1.8.4.bb:do_compile)
NOTE: recipe libgcrypt-1.8.4-r0: task do_compile: Started
NOTE: recipe glib-2.0-2.58.3-r0: task do_configure: Succeeded
NOTE: Running task 1145 of 1243 (/home/deby/poky/meta-debian/recipes-debian/glib-2.0/glib-2.0_debian.bb:do_compile)
NOTE: recipe glib-2.0-2.58.3-r0: task do_compile: Started
NOTE: recipe libgcrypt-1.8.4-r0: task do_compile: Succeeded
NOTE: Running task 1146 of 1243 (/home/deby/poky/meta/recipes-support/libgcrypt/libgcrypt_1.8.4.bb:do_install)
NOTE: recipe libgcrypt-1.8.4-r0: task do_install: Started
NOTE: recipe libgcrypt-1.8.4-r0: task do_install: Succeeded
NOTE: Running task 1147 of 1243 (/home/deby/poky/meta/recipes-support/libgcrypt/libgcrypt_1.8.4.bb:do_populate_sysroot)
NOTE: Running task 1148 of 1243 (/home/deby/poky/meta/recipes-support/libgcrypt/libgcrypt_1.8.4.bb:do_package)
NOTE: recipe libgcrypt-1.8.4-r0: task do_package: Started
NOTE: recipe libgcrypt-1.8.4-r0: task do_populate_sysroot: Started
NOTE: recipe sqlite3-3_3.27.2-r0: task do_compile: Succeeded
NOTE: Running task 1149 of 1243 (/home/deby/poky/meta-debian/recipes-debian/sqlite3/sqlite3_debian.bb:do_install)
NOTE: recipe sqlite3-3_3.27.2-r0: task do_install: Started
NOTE: recipe sqlite3-3_3.27.2-r0: task do_install: Succeeded
NOTE: Running task 1150 of 1243 (/home/deby/poky/meta-debian/recipes-debian/sqlite3/sqlite3_debian.bb:do_populate_sysroot)
NOTE: Running task 1151 of 1243 (/home/deby/poky/meta-debian/recipes-debian/sqlite3/sqlite3_debian.bb:do_package)
NOTE: recipe sqlite3-3_3.27.2-r0: task do_populate_sysroot: Started
NOTE: recipe sqlite3-3_3.27.2-r0: task do_package: Started
NOTE: recipe glib-2.0-2.58.3-r0: task do_compile: Succeeded
NOTE: Running task 1152 of 1243 (/home/deby/poky/meta-debian/recipes-debian/glib-2.0/glib-2.0_debian.bb:do_install)
NOTE: recipe glib-2.0-2.58.3-r0: task do_install: Started
NOTE: recipe libgcrypt-1.8.4-r0: task do_populate_sysroot: Succeeded
NOTE: recipe sqlite3-3_3.27.2-r0: task do_populate_sysroot: Succeeded
NOTE: recipe libgcrypt-1.8.4-r0: task do_package: Succeeded
NOTE: Running task 1153 of 1243 (/home/deby/poky/meta/recipes-support/libgcrypt/libgcrypt_1.8.4.bb:do_packagedata)
NOTE: recipe libgcrypt-1.8.4-r0: task do_packagedata: Started
NOTE: recipe libgcrypt-1.8.4-r0: task do_packagedata: Succeeded
NOTE: Running task 1154 of 1243 (/home/deby/poky/meta/recipes-support/libgcrypt/libgcrypt_1.8.4.bb:do_package_write_deb)
NOTE: recipe libgcrypt-1.8.4-r0: task do_package_write_deb: Started
NOTE: recipe sqlite3-3_3.27.2-r0: task do_package: Succeeded
NOTE: Running task 1155 of 1243 (/home/deby/poky/meta-debian/recipes-debian/sqlite3/sqlite3_debian.bb:do_packagedata)
NOTE: recipe sqlite3-3_3.27.2-r0: task do_packagedata: Started
NOTE: recipe sqlite3-3_3.27.2-r0: task do_packagedata: Succeeded
NOTE: Running task 1156 of 1243 (/home/deby/poky/meta-debian/recipes-debian/sqlite3/sqlite3_debian.bb:do_package_write_deb)
NOTE: recipe sqlite3-3_3.27.2-r0: task do_package_write_deb: Started
NOTE: recipe libgcrypt-1.8.4-r0: task do_package_write_deb: Succeeded
NOTE: recipe glib-2.0-2.58.3-r0: task do_install: Succeeded
NOTE: Running task 1157 of 1243 (/home/deby/poky/meta-debian/recipes-debian/glib-2.0/glib-2.0_debian.bb:do_populate_sysroot)
NOTE: Running task 1158 of 1243 (/home/deby/poky/meta-debian/recipes-debian/glib-2.0/glib-2.0_debian.bb:do_package)
NOTE: recipe glib-2.0-2.58.3-r0: task do_package: Started
NOTE: recipe glib-2.0-2.58.3-r0: task do_populate_sysroot: Started
NOTE: recipe sqlite3-3_3.27.2-r0: task do_package_write_deb: Succeeded
NOTE: recipe glib-2.0-2.58.3-r0: task do_populate_sysroot: Succeeded
NOTE: Running task 1159 of 1243 (/home/deby/poky/meta-debian/recipes-debian/pkgconfig/pkgconfig_debian.bb:do_prepare_recipe_sysroot)
NOTE: recipe pkgconfig-0.29-r0: task do_prepare_recipe_sysroot: Started
NOTE: recipe pkgconfig-0.29-r0: task do_prepare_recipe_sysroot: Succeeded
NOTE: Running task 1160 of 1243 (/home/deby/poky/meta-debian/recipes-debian/pkgconfig/pkgconfig_debian.bb:do_configure)
NOTE: recipe pkgconfig-0.29-r0: task do_configure: Started
NOTE: recipe glib-2.0-2.58.3-r0: task do_package: Succeeded
NOTE: Running task 1161 of 1243 (/home/deby/poky/meta-debian/recipes-debian/glib-2.0/glib-2.0_debian.bb:do_packagedata)
NOTE: recipe glib-2.0-2.58.3-r0: task do_packagedata: Started
NOTE: recipe glib-2.0-2.58.3-r0: task do_packagedata: Succeeded
NOTE: recipe pkgconfig-0.29-r0: task do_configure: Succeeded
NOTE: Running task 1162 of 1243 (/home/deby/poky/meta-debian/recipes-debian/pkgconfig/pkgconfig_debian.bb:do_compile)
NOTE: recipe pkgconfig-0.29-r0: task do_compile: Started
NOTE: recipe pkgconfig-0.29-r0: task do_compile: Succeeded
NOTE: Running task 1163 of 1243 (/home/deby/poky/meta-debian/recipes-debian/pkgconfig/pkgconfig_debian.bb:do_install)
NOTE: recipe pkgconfig-0.29-r0: task do_install: Started
NOTE: recipe pkgconfig-0.29-r0: task do_install: Succeeded
NOTE: Running task 1164 of 1243 (/home/deby/poky/meta-debian/recipes-debian/pkgconfig/pkgconfig_debian.bb:do_package)
NOTE: Running task 1165 of 1243 (/home/deby/poky/meta-debian/recipes-debian/pkgconfig/pkgconfig_debian.bb:do_populate_sysroot)
NOTE: recipe pkgconfig-0.29-r0: task do_populate_sysroot: Started
NOTE: recipe pkgconfig-0.29-r0: task do_package: Started
NOTE: recipe pkgconfig-0.29-r0: task do_populate_sysroot: Succeeded
NOTE: recipe openssl-1.1.1c-r0: task do_install: Succeeded
NOTE: Running task 1166 of 1243 (/home/deby/poky/meta-debian/recipes-debian/openssl/openssl_debian.bb:do_populate_sysroot)
NOTE: Running task 1167 of 1243 (/home/deby/poky/meta-debian/recipes-debian/openssl/openssl_debian.bb:do_package)
NOTE: recipe openssl-1.1.1c-r0: task do_populate_sysroot: Started
NOTE: recipe openssl-1.1.1c-r0: task do_package: Started
NOTE: recipe libunistring-0.9.10-r0: task do_compile: Succeeded
NOTE: Running task 1168 of 1243 (/home/deby/poky/meta/recipes-support/libunistring/libunistring_0.9.10.bb:do_install)
NOTE: recipe libunistring-0.9.10-r0: task do_install: Started
NOTE: recipe pkgconfig-0.29-r0: task do_package: Succeeded
NOTE: Running task 1169 of 1243 (/home/deby/poky/meta-debian/recipes-debian/pkgconfig/pkgconfig_debian.bb:do_packagedata)
NOTE: recipe pkgconfig-0.29-r0: task do_packagedata: Started
NOTE: recipe pkgconfig-0.29-r0: task do_packagedata: Succeeded
NOTE: Running task 1170 of 1243 (/home/deby/poky/meta-debian/recipes-debian/pkgconfig/pkgconfig_debian.bb:do_package_write_deb)
NOTE: recipe pkgconfig-0.29-r0: task do_package_write_deb: Started
NOTE: recipe libunistring-0.9.10-r0: task do_install: Succeeded
NOTE: Running task 1171 of 1243 (/home/deby/poky/meta/recipes-support/libunistring/libunistring_0.9.10.bb:do_populate_sysroot)
NOTE: Running task 1172 of 1243 (/home/deby/poky/meta/recipes-support/libunistring/libunistring_0.9.10.bb:do_package)
NOTE: recipe libunistring-0.9.10-r0: task do_populate_sysroot: Started
NOTE: recipe libunistring-0.9.10-r0: task do_package: Started
NOTE: recipe pkgconfig-0.29-r0: task do_package_write_deb: Succeeded
NOTE: recipe openssl-1.1.1c-r0: task do_populate_sysroot: Succeeded
NOTE: Running task 1173 of 1243 (/home/deby/poky/meta-debian/recipes-debian/python/python3_debian.bb:do_prepare_recipe_sysroot)
NOTE: Running task 1174 of 1243 (/home/deby/poky/meta-debian/recipes-debian/tpm2-tss/tpm2-tss_debian.bb:do_prepare_recipe_sysroot)
NOTE: recipe tpm2-tss-2.1.0-r0: task do_prepare_recipe_sysroot: Started
NOTE: recipe python3-3.7.3-r0: task do_prepare_recipe_sysroot: Started
NOTE: recipe tpm2-tss-2.1.0-r0: task do_prepare_recipe_sysroot: Succeeded
NOTE: Running task 1175 of 1243 (/home/deby/poky/meta-debian/recipes-debian/tpm2-tss/tpm2-tss_debian.bb:do_configure)
NOTE: recipe tpm2-tss-2.1.0-r0: task do_configure: Started
NOTE: recipe libunistring-0.9.10-r0: task do_populate_sysroot: Succeeded
NOTE: Running task 1176 of 1243 (/home/deby/poky/meta/recipes-extended/libidn/libidn2_2.0.5.bb:do_prepare_recipe_sysroot)
NOTE: recipe libidn2-2.0.5-r0: task do_prepare_recipe_sysroot: Started
NOTE: recipe libunistring-0.9.10-r0: task do_package: Succeeded
NOTE: Running task 1177 of 1243 (/home/deby/poky/meta/recipes-support/libunistring/libunistring_0.9.10.bb:do_packagedata)
NOTE: recipe libunistring-0.9.10-r0: task do_packagedata: Started
NOTE: recipe libunistring-0.9.10-r0: task do_packagedata: Succeeded
NOTE: Running task 1178 of 1243 (/home/deby/poky/meta/recipes-support/libunistring/libunistring_0.9.10.bb:do_package_write_deb)
NOTE: recipe libunistring-0.9.10-r0: task do_package_write_deb: Started
NOTE: recipe libunistring-0.9.10-r0: task do_package_write_deb: Succeeded
NOTE: recipe libidn2-2.0.5-r0: task do_prepare_recipe_sysroot: Succeeded
NOTE: Running task 1179 of 1243 (/home/deby/poky/meta/recipes-extended/libidn/libidn2_2.0.5.bb:do_configure)
NOTE: recipe libidn2-2.0.5-r0: task do_configure: Started
NOTE: recipe python3-3.7.3-r0: task do_prepare_recipe_sysroot: Succeeded
NOTE: Running task 1180 of 1243 (/home/deby/poky/meta-debian/recipes-debian/python/python3_debian.bb:do_configure)
NOTE: recipe python3-3.7.3-r0: task do_configure: Started
NOTE: recipe openssl-1.1.1c-r0: task do_package: Succeeded
NOTE: Running task 1181 of 1243 (/home/deby/poky/meta-debian/recipes-debian/openssl/openssl_debian.bb:do_packagedata)
NOTE: recipe openssl-1.1.1c-r0: task do_packagedata: Started
NOTE: recipe openssl-1.1.1c-r0: task do_packagedata: Succeeded
NOTE: Running task 1183 of 1243 (/home/deby/poky/meta-debian/recipes-debian/openssl/openssl_debian.bb:do_package_write_deb)
NOTE: recipe openssl-1.1.1c-r0: task do_package_write_deb: Started
NOTE: recipe openssl-1.1.1c-r0: task do_package_write_deb: Succeeded
NOTE: recipe tpm2-tss-2.1.0-r0: task do_configure: Succeeded
NOTE: Running task 1184 of 1243 (/home/deby/poky/meta-debian/recipes-debian/tpm2-tss/tpm2-tss_debian.bb:do_compile)
NOTE: recipe tpm2-tss-2.1.0-r0: task do_compile: Started
NOTE: recipe tpm2-tss-2.1.0-r0: task do_compile: Succeeded
NOTE: Running task 1185 of 1243 (/home/deby/poky/meta-debian/recipes-debian/tpm2-tss/tpm2-tss_debian.bb:do_install)
NOTE: recipe tpm2-tss-2.1.0-r0: task do_install: Started
NOTE: recipe tpm2-tss-2.1.0-r0: task do_install: Succeeded
NOTE: Running task 1186 of 1243 (/home/deby/poky/meta-debian/recipes-debian/tpm2-tss/tpm2-tss_debian.bb:do_package)
NOTE: Running task 1187 of 1243 (/home/deby/poky/meta-debian/recipes-debian/tpm2-tss/tpm2-tss_debian.bb:do_populate_sysroot)
NOTE: recipe tpm2-tss-2.1.0-r0: task do_populate_sysroot: Started
NOTE: recipe tpm2-tss-2.1.0-r0: task do_package: Started
NOTE: recipe tpm2-tss-2.1.0-r0: task do_populate_sysroot: Succeeded
NOTE: recipe libidn2-2.0.5-r0: task do_configure: Succeeded
NOTE: Running task 1188 of 1243 (/home/deby/poky/meta/recipes-extended/libidn/libidn2_2.0.5.bb:do_compile)
NOTE: recipe libidn2-2.0.5-r0: task do_compile: Started
NOTE: recipe tpm2-tss-2.1.0-r0: task do_package: Succeeded
NOTE: Running task 1189 of 1243 (/home/deby/poky/meta-debian/recipes-debian/tpm2-tss/tpm2-tss_debian.bb:do_packagedata)
NOTE: recipe tpm2-tss-2.1.0-r0: task do_packagedata: Started
NOTE: recipe tpm2-tss-2.1.0-r0: task do_packagedata: Succeeded
NOTE: Running task 1190 of 1243 (/home/deby/poky/meta-debian/recipes-debian/tpm2-tss/tpm2-tss_debian.bb:do_package_write_deb)
NOTE: recipe tpm2-tss-2.1.0-r0: task do_package_write_deb: Started
NOTE: recipe tpm2-tss-2.1.0-r0: task do_package_write_deb: Succeeded
NOTE: recipe libidn2-2.0.5-r0: task do_compile: Succeeded
NOTE: Running task 1191 of 1243 (/home/deby/poky/meta/recipes-extended/libidn/libidn2_2.0.5.bb:do_install)
NOTE: recipe libidn2-2.0.5-r0: task do_install: Started
NOTE: recipe libidn2-2.0.5-r0: task do_install: Succeeded
NOTE: Running task 1192 of 1243 (/home/deby/poky/meta/recipes-extended/libidn/libidn2_2.0.5.bb:do_populate_sysroot)
NOTE: Running task 1193 of 1243 (/home/deby/poky/meta/recipes-extended/libidn/libidn2_2.0.5.bb:do_package)
NOTE: recipe libidn2-2.0.5-r0: task do_populate_sysroot: Started
NOTE: recipe libidn2-2.0.5-r0: task do_package: Started
NOTE: recipe libidn2-2.0.5-r0: task do_populate_sysroot: Succeeded
NOTE: Running task 1194 of 1243 (/home/deby/poky/meta/recipes-support/gnutls/gnutls_3.6.7.bb:do_prepare_recipe_sysroot)
NOTE: recipe libidn2-2.0.5-r0: task do_package: Succeeded
NOTE: Running task 1195 of 1243 (/home/deby/poky/meta/recipes-extended/libidn/libidn2_2.0.5.bb:do_packagedata)
NOTE: recipe libidn2-2.0.5-r0: task do_packagedata: Started
NOTE: recipe gnutls-3.6.7-r0: task do_prepare_recipe_sysroot: Started
NOTE: recipe libidn2-2.0.5-r0: task do_packagedata: Succeeded
NOTE: Running task 1196 of 1243 (/home/deby/poky/meta/recipes-extended/libidn/libidn2_2.0.5.bb:do_package_write_deb)
NOTE: recipe libidn2-2.0.5-r0: task do_package_write_deb: Started
NOTE: recipe libidn2-2.0.5-r0: task do_package_write_deb: Succeeded
NOTE: recipe gnutls-3.6.7-r0: task do_prepare_recipe_sysroot: Succeeded
NOTE: Running task 1197 of 1243 (/home/deby/poky/meta/recipes-support/gnutls/gnutls_3.6.7.bb:do_configure)
NOTE: recipe gnutls-3.6.7-r0: task do_configure: Started
NOTE: recipe python3-3.7.3-r0: task do_configure: Succeeded
NOTE: Running task 1198 of 1243 (/home/deby/poky/meta-debian/recipes-debian/python/python3_debian.bb:do_compile)
NOTE: recipe python3-3.7.3-r0: task do_compile: Started
NOTE: recipe gnutls-3.6.7-r0: task do_configure: Succeeded
NOTE: Running task 1199 of 1243 (/home/deby/poky/meta/recipes-support/gnutls/gnutls_3.6.7.bb:do_compile)
NOTE: recipe gnutls-3.6.7-r0: task do_compile: Started
NOTE: recipe python3-3.7.3-r0: task do_compile: Succeeded
NOTE: Running task 1200 of 1243 (/home/deby/poky/meta-debian/recipes-debian/python/python3_debian.bb:do_install)
NOTE: recipe python3-3.7.3-r0: task do_install: Started
NOTE: recipe gnutls-3.6.7-r0: task do_compile: Succeeded
NOTE: Running task 1201 of 1243 (/home/deby/poky/meta/recipes-support/gnutls/gnutls_3.6.7.bb:do_install)
NOTE: recipe gnutls-3.6.7-r0: task do_install: Started
NOTE: recipe gnutls-3.6.7-r0: task do_install: Succeeded
NOTE: Running task 1202 of 1243 (/home/deby/poky/meta/recipes-support/gnutls/gnutls_3.6.7.bb:do_populate_sysroot)
NOTE: Running task 1203 of 1243 (/home/deby/poky/meta/recipes-support/gnutls/gnutls_3.6.7.bb:do_package)
NOTE: recipe gnutls-3.6.7-r0: task do_populate_sysroot: Started
NOTE: recipe gnutls-3.6.7-r0: task do_package: Started
NOTE: recipe gnutls-3.6.7-r0: task do_populate_sysroot: Succeeded
NOTE: Running task 1204 of 1243 (/home/deby/poky/meta-debian/recipes-debian/curl/curl_debian.bb:do_prepare_recipe_sysroot)
NOTE: recipe curl-7.64.0-r1: task do_prepare_recipe_sysroot: Started
NOTE: recipe curl-7.64.0-r1: task do_prepare_recipe_sysroot: Succeeded
NOTE: Running task 1205 of 1243 (/home/deby/poky/meta-debian/recipes-debian/curl/curl_debian.bb:do_configure)
NOTE: recipe curl-7.64.0-r1: task do_configure: Started
NOTE: recipe gnutls-3.6.7-r0: task do_package: Succeeded
NOTE: Running task 1206 of 1243 (/home/deby/poky/meta/recipes-support/gnutls/gnutls_3.6.7.bb:do_packagedata)
NOTE: recipe gnutls-3.6.7-r0: task do_packagedata: Started
NOTE: recipe gnutls-3.6.7-r0: task do_packagedata: Succeeded
NOTE: Running task 1207 of 1243 (/home/deby/poky/meta/recipes-support/gnutls/gnutls_3.6.7.bb:do_package_write_deb)
NOTE: recipe gnutls-3.6.7-r0: task do_package_write_deb: Started
NOTE: recipe gnutls-3.6.7-r0: task do_package_write_deb: Succeeded
NOTE: recipe python3-3.7.3-r0: task do_install: Succeeded
NOTE: Running task 1208 of 1243 (/home/deby/poky/meta-debian/recipes-debian/python/python3_debian.bb:do_package)
NOTE: Running task 1209 of 1243 (/home/deby/poky/meta-debian/recipes-debian/python/python3_debian.bb:do_populate_sysroot)
NOTE: recipe python3-3.7.3-r0: task do_package: Started
NOTE: recipe python3-3.7.3-r0: task do_populate_sysroot: Started
NOTE: recipe python3-3.7.3-r0: task do_populate_sysroot: Succeeded
NOTE: Running task 1210 of 1243 (/home/deby/poky/meta-debian/recipes-debian/libxml/libxml2_debian.bb:do_prepare_recipe_sysroot)
NOTE: recipe libxml2-2.9.4-r0: task do_prepare_recipe_sysroot: Started
NOTE: recipe curl-7.64.0-r1: task do_configure: Succeeded
NOTE: Running task 1211 of 1243 (/home/deby/poky/meta-debian/recipes-debian/curl/curl_debian.bb:do_compile)
NOTE: recipe curl-7.64.0-r1: task do_compile: Started
NOTE: recipe libxml2-2.9.4-r0: task do_prepare_recipe_sysroot: Succeeded
NOTE: Running task 1212 of 1243 (/home/deby/poky/meta-debian/recipes-debian/libxml/libxml2_debian.bb:do_configure)
NOTE: recipe libxml2-2.9.4-r0: task do_configure: Started
NOTE: recipe curl-7.64.0-r1: task do_compile: Succeeded
NOTE: Running task 1213 of 1243 (/home/deby/poky/meta-debian/recipes-debian/curl/curl_debian.bb:do_install)
NOTE: recipe curl-7.64.0-r1: task do_install: Started
NOTE: recipe curl-7.64.0-r1: task do_install: Succeeded
NOTE: Running task 1214 of 1243 (/home/deby/poky/meta-debian/recipes-debian/curl/curl_debian.bb:do_package)
NOTE: Running task 1215 of 1243 (/home/deby/poky/meta-debian/recipes-debian/curl/curl_debian.bb:do_populate_sysroot)
NOTE: recipe curl-7.64.0-r1: task do_populate_sysroot: Started
NOTE: recipe curl-7.64.0-r1: task do_package: Started
NOTE: recipe curl-7.64.0-r1: task do_populate_sysroot: Succeeded
NOTE: Running task 1216 of 1243 (/home/deby/poky/meta-debian/recipes-debian/tpm2-tools/tpm2-tools_debian.bb:do_prepare_recipe_sysroot)
NOTE: recipe tpm2-tools-3.1.3-r0: task do_prepare_recipe_sysroot: Started
NOTE: recipe tpm2-tools-3.1.3-r0: task do_prepare_recipe_sysroot: Succeeded
NOTE: Running task 1217 of 1243 (/home/deby/poky/meta-debian/recipes-debian/tpm2-tools/tpm2-tools_debian.bb:do_configure)
NOTE: recipe tpm2-tools-3.1.3-r0: task do_configure: Started
NOTE: recipe libxml2-2.9.4-r0: task do_configure: Succeeded
NOTE: Running task 1218 of 1243 (/home/deby/poky/meta-debian/recipes-debian/libxml/libxml2_debian.bb:do_compile)
NOTE: recipe libxml2-2.9.4-r0: task do_compile: Started
NOTE: recipe curl-7.64.0-r1: task do_package: Succeeded
NOTE: Running task 1219 of 1243 (/home/deby/poky/meta-debian/recipes-debian/curl/curl_debian.bb:do_packagedata)
NOTE: recipe curl-7.64.0-r1: task do_packagedata: Started
NOTE: recipe curl-7.64.0-r1: task do_packagedata: Succeeded
NOTE: Running task 1220 of 1243 (/home/deby/poky/meta-debian/recipes-debian/curl/curl_debian.bb:do_package_write_deb)
NOTE: recipe curl-7.64.0-r1: task do_package_write_deb: Started
NOTE: recipe curl-7.64.0-r1: task do_package_write_deb: Succeeded
NOTE: recipe python3-3.7.3-r0: task do_package: Succeeded
NOTE: Running task 1221 of 1243 (/home/deby/poky/meta-debian/recipes-debian/python/python3_debian.bb:do_packagedata)
NOTE: recipe python3-3.7.3-r0: task do_packagedata: Started
NOTE: recipe python3-3.7.3-r0: task do_packagedata: Succeeded
NOTE: Running task 1222 of 1243 (/home/deby/poky/meta-debian/recipes-debian/python/python3_debian.bb:do_package_write_deb)
NOTE: recipe python3-3.7.3-r0: task do_package_write_deb: Started
NOTE: recipe python3-3.7.3-r0: task do_package_write_deb: Succeeded
NOTE: recipe tpm2-tools-3.1.3-r0: task do_configure: Succeeded
NOTE: Running task 1223 of 1243 (/home/deby/poky/meta-debian/recipes-debian/tpm2-tools/tpm2-tools_debian.bb:do_compile)
NOTE: recipe tpm2-tools-3.1.3-r0: task do_compile: Started
NOTE: recipe libxml2-2.9.4-r0: task do_compile: Succeeded
NOTE: Running task 1224 of 1243 (/home/deby/poky/meta-debian/recipes-debian/libxml/libxml2_debian.bb:do_install)
NOTE: recipe tpm2-tools-3.1.3-r0: task do_compile: Succeeded
NOTE: Running task 1225 of 1243 (/home/deby/poky/meta-debian/recipes-debian/tpm2-tools/tpm2-tools_debian.bb:do_install)
NOTE: recipe tpm2-tools-3.1.3-r0: task do_install: Started
NOTE: recipe libxml2-2.9.4-r0: task do_install: Started
NOTE: recipe tpm2-tools-3.1.3-r0: task do_install: Succeeded
NOTE: Running task 1226 of 1243 (/home/deby/poky/meta-debian/recipes-debian/tpm2-tools/tpm2-tools_debian.bb:do_package)
NOTE: Running task 1227 of 1243 (/home/deby/poky/meta-debian/recipes-debian/tpm2-tools/tpm2-tools_debian.bb:do_populate_sysroot)
NOTE: recipe tpm2-tools-3.1.3-r0: task do_populate_sysroot: Started
NOTE: recipe tpm2-tools-3.1.3-r0: task do_package: Started
NOTE: recipe tpm2-tools-3.1.3-r0: task do_populate_sysroot: Succeeded
NOTE: recipe libxml2-2.9.4-r0: task do_install: Succeeded
NOTE: Running task 1228 of 1243 (/home/deby/poky/meta-debian/recipes-debian/libxml/libxml2_debian.bb:do_package)
NOTE: Running task 1229 of 1243 (/home/deby/poky/meta-debian/recipes-debian/libxml/libxml2_debian.bb:do_populate_sysroot)
NOTE: recipe libxml2-2.9.4-r0: task do_populate_sysroot: Started
NOTE: recipe libxml2-2.9.4-r0: task do_package: Started
NOTE: recipe libxml2-2.9.4-r0: task do_populate_sysroot: Succeeded
NOTE: Running task 1230 of 1243 (/home/deby/poky/meta-debian/recipes-debian/shared-mime-info/shared-mime-info_debian.bb:do_prepare_recipe_sysroot)
NOTE: recipe shared-mime-info-1.10-r0: task do_prepare_recipe_sysroot: Started
NOTE: recipe shared-mime-info-1.10-r0: task do_prepare_recipe_sysroot: Succeeded
NOTE: Running task 1231 of 1243 (/home/deby/poky/meta-debian/recipes-debian/shared-mime-info/shared-mime-info_debian.bb:do_configure)
NOTE: recipe shared-mime-info-1.10-r0: task do_configure: Started
NOTE: recipe libxml2-2.9.4-r0: task do_package: Succeeded
NOTE: Running task 1232 of 1243 (/home/deby/poky/meta-debian/recipes-debian/libxml/libxml2_debian.bb:do_packagedata)
NOTE: recipe libxml2-2.9.4-r0: task do_packagedata: Started
NOTE: recipe libxml2-2.9.4-r0: task do_packagedata: Succeeded
NOTE: Running task 1233 of 1243 (/home/deby/poky/meta-debian/recipes-debian/libxml/libxml2_debian.bb:do_package_write_deb)
NOTE: recipe libxml2-2.9.4-r0: task do_package_write_deb: Started
NOTE: recipe libxml2-2.9.4-r0: task do_package_write_deb: Succeeded
NOTE: recipe shared-mime-info-1.10-r0: task do_configure: Succeeded
NOTE: Running task 1234 of 1243 (/home/deby/poky/meta-debian/recipes-debian/shared-mime-info/shared-mime-info_debian.bb:do_compile)
NOTE: recipe shared-mime-info-1.10-r0: task do_compile: Started
NOTE: recipe shared-mime-info-1.10-r0: task do_compile: Succeeded
NOTE: Running task 1235 of 1243 (/home/deby/poky/meta-debian/recipes-debian/shared-mime-info/shared-mime-info_debian.bb:do_install)
NOTE: recipe shared-mime-info-1.10-r0: task do_install: Started
NOTE: recipe shared-mime-info-1.10-r0: task do_install: Succeeded
NOTE: Running task 1236 of 1243 (/home/deby/poky/meta-debian/recipes-debian/shared-mime-info/shared-mime-info_debian.bb:do_package)
NOTE: recipe shared-mime-info-1.10-r0: task do_package: Started
NOTE: recipe tpm2-tools-3.1.3-r0: task do_package: Succeeded
NOTE: Running task 1237 of 1243 (/home/deby/poky/meta-debian/recipes-debian/tpm2-tools/tpm2-tools_debian.bb:do_packagedata)
NOTE: recipe tpm2-tools-3.1.3-r0: task do_packagedata: Started
NOTE: recipe tpm2-tools-3.1.3-r0: task do_packagedata: Succeeded
NOTE: Running task 1238 of 1243 (/home/deby/poky/meta-debian/recipes-debian/tpm2-tools/tpm2-tools_debian.bb:do_package_write_deb)
NOTE: Running task 1239 of 1243 (/home/deby/poky/meta-debian/recipes-debian/tpm2-tools/tpm2-tools_debian.bb:do_package_qa)
NOTE: recipe tpm2-tools-3.1.3-r0: task do_package_write_deb: Started
NOTE: recipe tpm2-tools-3.1.3-r0: task do_package_qa: Started
NOTE: recipe tpm2-tools-3.1.3-r0: task do_package_write_deb: Succeeded
NOTE: recipe tpm2-tools-3.1.3-r0: task do_package_qa: Succeeded
NOTE: recipe shared-mime-info-1.10-r0: task do_package: Succeeded
NOTE: Running task 1240 of 1243 (/home/deby/poky/meta-debian/recipes-debian/shared-mime-info/shared-mime-info_debian.bb:do_packagedata)
NOTE: recipe shared-mime-info-1.10-r0: task do_packagedata: Started
NOTE: recipe shared-mime-info-1.10-r0: task do_packagedata: Succeeded
NOTE: Running task 1241 of 1243 (/home/deby/poky/meta-debian/recipes-debian/shared-mime-info/shared-mime-info_debian.bb:do_package_write_deb)
NOTE: Running task 1242 of 1243 (/home/deby/poky/meta-debian/recipes-debian/glib-2.0/glib-2.0_debian.bb:do_package_write_deb)
NOTE: recipe shared-mime-info-1.10-r0: task do_package_write_deb: Started
NOTE: recipe glib-2.0-2.58.3-r0: task do_package_write_deb: Started
NOTE: recipe shared-mime-info-1.10-r0: task do_package_write_deb: Succeeded
NOTE: recipe glib-2.0-2.58.3-r0: task do_package_write_deb: Succeeded
NOTE: Running noexec task 1243 of 1243 (/home/deby/poky/meta-debian/recipes-debian/tpm2-tools/tpm2-tools_debian.bb:do_build)
NOTE: Tasks Summary: Attempted 1243 tasks of which 1012 didn't need to be rerun and all succeeded.
