WARNING: Host distribution "debian-10" has not been validated with this version of the build system; you may possibly experience unexpected failures. It is recommended that you use a tested distribution.
Loading cache...done.
Loaded 1440 entries from dependency cache.
NOTE: Resolving any missing task queue dependencies

Build Configuration:
BB_VERSION           = "1.42.0"
BUILD_SYS            = "x86_64-linux"
NATIVELSBSTRING      = "universal"
TARGET_SYS           = "arm-deby-linux-gnueabi"
MACHINE              = "qemuarm"
DISTRO               = "deby-tiny"
DISTRO_VERSION       = "10.0"
TUNE_FEATURES        = "arm armv7ve vfp thumb neon callconvention-hard"
TARGET_FPU           = "hard"
meta                 
meta-poky            = "warrior:51223035e66c5b27799b15a0f8ebe75d24d3971b"
meta-debian          = "warrior-trungdt:47b755ebe41c5afc0ea94d75b55c4f0efd8983fe"

Initialising tasks...done.
Sstate summary: Wanted 12 Found 12 Missed 0 Current 97 (100% match, 100% complete)
NOTE: Executing SetScene Tasks
NOTE: Running setscene task 98 of 109 (/home/deby/poky/meta-debian/recipes-debian/u-boot/u-boot-tools_debian.bb:do_populate_sysroot_setscene)
NOTE: Running setscene task 99 of 109 (/home/deby/poky/meta-debian/recipes-debian/u-boot/u-boot-tools_debian.bb:do_package_qa_setscene)
NOTE: Running setscene task 100 of 109 (/home/deby/poky/meta-debian/recipes-debian/u-boot/u-boot-tools_debian.bb:do_package_write_deb_setscene)
NOTE: Running setscene task 102 of 109 (/home/deby/poky/meta/recipes-kernel/dtc/dtc_1.4.7.bb:do_package_write_deb_setscene)
NOTE: Running setscene task 104 of 109 (/home/deby/poky/meta/recipes-extended/diffutils/diffutils_3.7.bb:do_package_write_deb_setscene)
NOTE: recipe dtc-1.4.7-r0: task do_package_write_deb_setscene: Started
NOTE: recipe u-boot-tools-2019.01-r0: task do_package_write_deb_setscene: Started
NOTE: recipe u-boot-tools-2019.01-r0: task do_package_qa_setscene: Started
NOTE: recipe u-boot-tools-2019.01-r0: task do_populate_sysroot_setscene: Started
NOTE: recipe diffutils-3.7-r0: task do_package_write_deb_setscene: Started
NOTE: recipe u-boot-tools-2019.01-r0: task do_package_qa_setscene: Succeeded
NOTE: recipe u-boot-tools-2019.01-r0: task do_package_write_deb_setscene: Succeeded
NOTE: Running setscene task 107 of 109 (/home/deby/poky/meta-debian/recipes-debian/u-boot/u-boot-tools_debian.bb:do_packagedata_setscene)
NOTE: recipe u-boot-tools-2019.01-r0: task do_populate_sysroot_setscene: Succeeded
NOTE: recipe u-boot-tools-2019.01-r0: task do_packagedata_setscene: Started
NOTE: recipe dtc-1.4.7-r0: task do_package_write_deb_setscene: Succeeded
NOTE: Running setscene task 108 of 109 (/home/deby/poky/meta/recipes-kernel/dtc/dtc_1.4.7.bb:do_packagedata_setscene)
NOTE: recipe diffutils-3.7-r0: task do_package_write_deb_setscene: Succeeded
NOTE: Running setscene task 109 of 109 (/home/deby/poky/meta/recipes-extended/diffutils/diffutils_3.7.bb:do_packagedata_setscene)
NOTE: recipe dtc-1.4.7-r0: task do_packagedata_setscene: Started
NOTE: recipe u-boot-tools-2019.01-r0: task do_packagedata_setscene: Succeeded
NOTE: recipe diffutils-3.7-r0: task do_packagedata_setscene: Started
NOTE: recipe dtc-1.4.7-r0: task do_packagedata_setscene: Succeeded
NOTE: recipe diffutils-3.7-r0: task do_packagedata_setscene: Succeeded
NOTE: Executing RunQueue Tasks
NOTE: Running noexec task 625 of 625 (/home/deby/poky/meta-debian/recipes-debian/u-boot/u-boot-tools_debian.bb:do_build)
NOTE: Tasks Summary: Attempted 625 tasks of which 624 didn't need to be rerun and all succeeded.

Summary: There was 1 WARNING message shown.
