Loading cache...done.
Loaded 1825 entries from dependency cache.
Parsing recipes...done.
Parsing of 1043 .bb files complete (1041 cached, 2 parsed). 1828 targets, 209 skipped, 0 masked, 0 errors.
Removing 1 recipes from the i586 sysroot...done.
Removing 1 recipes from the qemux86 sysroot...done.
NOTE: Resolving any missing task queue dependencies

Build Configuration:
BB_VERSION           = "1.42.0"
BUILD_SYS            = "x86_64-linux"
NATIVELSBSTRING      = "universal"
TARGET_SYS           = "i586-deby-linux"
MACHINE              = "qemux86"
DISTRO               = "deby-tiny"
DISTRO_VERSION       = "10.0"
TUNE_FEATURES        = "m32 i586"
TARGET_FPU           = ""
meta                 
meta-poky            = "warrior:79a850a10a4b88a6d20d607b322542f947874323"
meta-debian          = "warrior:2fa6d8525f0464064f8764856015185a0c4e5411"

Initialising tasks...done.
Sstate summary: Wanted 9 Found 0 Missed 9 Current 80 (0% match, 89% complete)
NOTE: Executing SetScene Tasks
NOTE: Executing RunQueue Tasks
NOTE: Running task 563 of 617 (/home/deby/poky/meta-debian/recipes-debian/attr/attr_debian.bb:do_prepare_recipe_sysroot)
NOTE: recipe attr-2.4.48-r0: task do_prepare_recipe_sysroot: Started
NOTE: recipe attr-2.4.48-r0: task do_prepare_recipe_sysroot: Succeeded
NOTE: Running task 601 of 617 (/home/deby/poky/meta-debian/recipes-debian/attr/attr_debian.bb:do_configure)
NOTE: recipe attr-2.4.48-r0: task do_configure: Started
NOTE: recipe attr-2.4.48-r0: task do_configure: Succeeded
NOTE: Running task 602 of 617 (/home/deby/poky/meta-debian/recipes-debian/attr/attr_debian.bb:do_compile)
NOTE: recipe attr-2.4.48-r0: task do_compile: Started
NOTE: recipe attr-2.4.48-r0: task do_compile: Succeeded
NOTE: Running task 603 of 617 (/home/deby/poky/meta-debian/recipes-debian/attr/attr_debian.bb:do_install)
NOTE: recipe attr-2.4.48-r0: task do_install: Started
NOTE: recipe attr-2.4.48-r0: task do_install: Succeeded
NOTE: Running task 604 of 617 (/home/deby/poky/meta-debian/recipes-debian/attr/attr_debian.bb:do_package)
NOTE: Running task 605 of 617 (/home/deby/poky/meta-debian/recipes-debian/attr/attr_debian.bb:do_populate_sysroot)
NOTE: recipe attr-2.4.48-r0: task do_populate_sysroot: Started
NOTE: recipe attr-2.4.48-r0: task do_package: Started
NOTE: recipe attr-2.4.48-r0: task do_populate_sysroot: Succeeded
NOTE: Running task 606 of 617 (/home/deby/poky/meta-debian/recipes-debian/attr/acl_debian.bb:do_prepare_recipe_sysroot)
NOTE: recipe acl-2.2.53-r0: task do_prepare_recipe_sysroot: Started
NOTE: recipe attr-2.4.48-r0: task do_package: Succeeded
NOTE: Running task 607 of 617 (/home/deby/poky/meta-debian/recipes-debian/attr/attr_debian.bb:do_packagedata)
NOTE: recipe attr-2.4.48-r0: task do_packagedata: Started
NOTE: recipe acl-2.2.53-r0: task do_prepare_recipe_sysroot: Succeeded
NOTE: Running task 608 of 617 (/home/deby/poky/meta-debian/recipes-debian/attr/acl_debian.bb:do_configure)
NOTE: recipe acl-2.2.53-r0: task do_configure: Started
NOTE: recipe attr-2.4.48-r0: task do_packagedata: Succeeded
NOTE: Running task 609 of 617 (/home/deby/poky/meta-debian/recipes-debian/attr/attr_debian.bb:do_package_write_deb)
NOTE: recipe attr-2.4.48-r0: task do_package_write_deb: Started
NOTE: recipe attr-2.4.48-r0: task do_package_write_deb: Succeeded
NOTE: recipe acl-2.2.53-r0: task do_configure: Succeeded
NOTE: Running task 610 of 617 (/home/deby/poky/meta-debian/recipes-debian/attr/acl_debian.bb:do_compile)
NOTE: recipe acl-2.2.53-r0: task do_compile: Started
NOTE: recipe acl-2.2.53-r0: task do_compile: Succeeded
NOTE: Running task 611 of 617 (/home/deby/poky/meta-debian/recipes-debian/attr/acl_debian.bb:do_install)
NOTE: recipe acl-2.2.53-r0: task do_install: Started
NOTE: recipe acl-2.2.53-r0: task do_install: Succeeded
NOTE: Running task 612 of 617 (/home/deby/poky/meta-debian/recipes-debian/attr/acl_debian.bb:do_package)
NOTE: Running task 613 of 617 (/home/deby/poky/meta-debian/recipes-debian/attr/acl_debian.bb:do_populate_sysroot)
NOTE: recipe acl-2.2.53-r0: task do_populate_sysroot: Started
NOTE: recipe acl-2.2.53-r0: task do_package: Started
NOTE: recipe acl-2.2.53-r0: task do_populate_sysroot: Succeeded
NOTE: recipe acl-2.2.53-r0: task do_package: Succeeded
NOTE: Running task 614 of 617 (/home/deby/poky/meta-debian/recipes-debian/attr/acl_debian.bb:do_packagedata)
NOTE: recipe acl-2.2.53-r0: task do_packagedata: Started
NOTE: recipe acl-2.2.53-r0: task do_packagedata: Succeeded
NOTE: Running task 615 of 617 (/home/deby/poky/meta-debian/recipes-debian/attr/acl_debian.bb:do_package_write_deb)
NOTE: Running task 616 of 617 (/home/deby/poky/meta-debian/recipes-debian/attr/acl_debian.bb:do_package_qa)
NOTE: recipe acl-2.2.53-r0: task do_package_qa: Started
NOTE: recipe acl-2.2.53-r0: task do_package_write_deb: Started
NOTE: recipe acl-2.2.53-r0: task do_package_write_deb: Succeeded
NOTE: recipe acl-2.2.53-r0: task do_package_qa: Succeeded
NOTE: Running noexec task 617 of 617 (/home/deby/poky/meta-debian/recipes-debian/attr/acl_debian.bb:do_build)
NOTE: Tasks Summary: Attempted 617 tasks of which 599 didn't need to be rerun and all succeeded.
