Loading cache...done.
Loaded 1825 entries from dependency cache.
Parsing recipes...done.
Parsing of 1043 .bb files complete (1041 cached, 2 parsed). 1828 targets, 209 skipped, 0 masked, 0 errors.
NOTE: Resolving any missing task queue dependencies

Build Configuration:
BB_VERSION           = "1.42.0"
BUILD_SYS            = "x86_64-linux"
NATIVELSBSTRING      = "universal"
TARGET_SYS           = "i586-deby-linux"
MACHINE              = "qemux86"
DISTRO               = "deby-tiny"
DISTRO_VERSION       = "10.0"
TUNE_FEATURES        = "m32 i586"
TARGET_FPU           = ""
meta                 
meta-poky            = "warrior:79a850a10a4b88a6d20d607b322542f947874323"
meta-debian          = "warrior:2fa6d8525f0464064f8764856015185a0c4e5411"

Initialising tasks...done.
Sstate summary: Wanted 21 Found 0 Missed 21 Current 166 (0% match, 88% complete)
NOTE: Executing SetScene Tasks
NOTE: Executing RunQueue Tasks
NOTE: Running task 831 of 1022 (/home/deby/poky/meta-debian/recipes-debian/db/db_debian.bb:do_prepare_recipe_sysroot)
NOTE: Running task 881 of 1022 (/home/deby/poky/meta-debian/recipes-debian/tcp-wrappers/tcp-wrappers_debian.bb:do_prepare_recipe_sysroot)
NOTE: Running task 884 of 1022 (/home/deby/poky/meta-debian/recipes-debian/libcap-ng/libcap-ng_debian.bb:do_prepare_recipe_sysroot)
NOTE: recipe db-5.3.28-r0: task do_prepare_recipe_sysroot: Started
NOTE: recipe tcp-wrappers-7.6.q-r0: task do_prepare_recipe_sysroot: Started
NOTE: recipe libcap-ng-0.7.9-r0: task do_prepare_recipe_sysroot: Started
NOTE: recipe tcp-wrappers-7.6.q-r0: task do_prepare_recipe_sysroot: Succeeded
NOTE: Running task 984 of 1022 (/home/deby/poky/meta-debian/recipes-debian/tcp-wrappers/tcp-wrappers_debian.bb:do_configure)
NOTE: recipe db-5.3.28-r0: task do_prepare_recipe_sysroot: Succeeded
NOTE: Running task 985 of 1022 (/home/deby/poky/meta-debian/recipes-debian/db/db_debian.bb:do_configure)
NOTE: recipe tcp-wrappers-7.6.q-r0: task do_configure: Started
NOTE: recipe db-5.3.28-r0: task do_configure: Started
NOTE: recipe tcp-wrappers-7.6.q-r0: task do_configure: Succeeded
NOTE: Running task 986 of 1022 (/home/deby/poky/meta-debian/recipes-debian/tcp-wrappers/tcp-wrappers_debian.bb:do_compile)
NOTE: recipe tcp-wrappers-7.6.q-r0: task do_compile: Started
NOTE: recipe tcp-wrappers-7.6.q-r0: task do_compile: Succeeded
NOTE: Running task 987 of 1022 (/home/deby/poky/meta-debian/recipes-debian/tcp-wrappers/tcp-wrappers_debian.bb:do_install)
NOTE: recipe libcap-ng-0.7.9-r0: task do_prepare_recipe_sysroot: Succeeded
NOTE: Running task 988 of 1022 (/home/deby/poky/meta-debian/recipes-debian/libcap-ng/libcap-ng_debian.bb:do_configure)
NOTE: recipe libcap-ng-0.7.9-r0: task do_configure: Started
NOTE: recipe tcp-wrappers-7.6.q-r0: task do_install: Started
NOTE: recipe tcp-wrappers-7.6.q-r0: task do_install: Succeeded
NOTE: Running task 989 of 1022 (/home/deby/poky/meta-debian/recipes-debian/tcp-wrappers/tcp-wrappers_debian.bb:do_package)
NOTE: Running task 990 of 1022 (/home/deby/poky/meta-debian/recipes-debian/tcp-wrappers/tcp-wrappers_debian.bb:do_populate_sysroot)
NOTE: recipe tcp-wrappers-7.6.q-r0: task do_populate_sysroot: Started
NOTE: recipe tcp-wrappers-7.6.q-r0: task do_package: Started
NOTE: recipe tcp-wrappers-7.6.q-r0: task do_populate_sysroot: Succeeded
NOTE: recipe tcp-wrappers-7.6.q-r0: task do_package: Succeeded
NOTE: Running task 991 of 1022 (/home/deby/poky/meta-debian/recipes-debian/tcp-wrappers/tcp-wrappers_debian.bb:do_packagedata)
NOTE: recipe tcp-wrappers-7.6.q-r0: task do_packagedata: Started
NOTE: recipe tcp-wrappers-7.6.q-r0: task do_packagedata: Succeeded
NOTE: Running task 992 of 1022 (/home/deby/poky/meta-debian/recipes-debian/tcp-wrappers/tcp-wrappers_debian.bb:do_package_write_deb)
NOTE: recipe tcp-wrappers-7.6.q-r0: task do_package_write_deb: Started
NOTE: recipe tcp-wrappers-7.6.q-r0: task do_package_write_deb: Succeeded
NOTE: recipe libcap-ng-0.7.9-r0: task do_configure: Succeeded
NOTE: Running task 993 of 1022 (/home/deby/poky/meta-debian/recipes-debian/libcap-ng/libcap-ng_debian.bb:do_compile)
NOTE: recipe libcap-ng-0.7.9-r0: task do_compile: Started
NOTE: recipe libcap-ng-0.7.9-r0: task do_compile: Succeeded
NOTE: Running task 994 of 1022 (/home/deby/poky/meta-debian/recipes-debian/libcap-ng/libcap-ng_debian.bb:do_install)
NOTE: recipe libcap-ng-0.7.9-r0: task do_install: Started
NOTE: recipe libcap-ng-0.7.9-r0: task do_install: Succeeded
NOTE: Running task 995 of 1022 (/home/deby/poky/meta-debian/recipes-debian/libcap-ng/libcap-ng_debian.bb:do_package)
NOTE: Running task 996 of 1022 (/home/deby/poky/meta-debian/recipes-debian/libcap-ng/libcap-ng_debian.bb:do_populate_sysroot)
NOTE: recipe libcap-ng-0.7.9-r0: task do_populate_sysroot: Started
NOTE: recipe libcap-ng-0.7.9-r0: task do_package: Started
NOTE: recipe libcap-ng-0.7.9-r0: task do_populate_sysroot: Succeeded
NOTE: recipe libcap-ng-0.7.9-r0: task do_package: Succeeded
NOTE: Running task 997 of 1022 (/home/deby/poky/meta-debian/recipes-debian/libcap-ng/libcap-ng_debian.bb:do_packagedata)
NOTE: recipe libcap-ng-0.7.9-r0: task do_packagedata: Started
NOTE: recipe libcap-ng-0.7.9-r0: task do_packagedata: Succeeded
NOTE: Running task 998 of 1022 (/home/deby/poky/meta-debian/recipes-debian/libcap-ng/libcap-ng_debian.bb:do_package_write_deb)
NOTE: recipe libcap-ng-0.7.9-r0: task do_package_write_deb: Started
NOTE: recipe libcap-ng-0.7.9-r0: task do_package_write_deb: Succeeded
NOTE: recipe db-5.3.28-r0: task do_configure: Succeeded
NOTE: Running task 999 of 1022 (/home/deby/poky/meta-debian/recipes-debian/db/db_debian.bb:do_compile)
NOTE: recipe db-5.3.28-r0: task do_compile: Started
NOTE: recipe db-5.3.28-r0: task do_compile: Succeeded
NOTE: Running task 1000 of 1022 (/home/deby/poky/meta-debian/recipes-debian/db/db_debian.bb:do_install)
NOTE: recipe db-5.3.28-r0: task do_install: Started
NOTE: recipe db-5.3.28-r0: task do_install: Succeeded
NOTE: Running task 1001 of 1022 (/home/deby/poky/meta-debian/recipes-debian/db/db_debian.bb:do_populate_sysroot)
NOTE: Running task 1002 of 1022 (/home/deby/poky/meta-debian/recipes-debian/db/db_debian.bb:do_package)
NOTE: recipe db-5.3.28-r0: task do_populate_sysroot: Started
NOTE: recipe db-5.3.28-r0: task do_package: Started
NOTE: recipe db-5.3.28-r0: task do_populate_sysroot: Succeeded
NOTE: Running task 1003 of 1022 (/home/deby/poky/meta-debian/recipes-debian/python/python_debian.bb:do_prepare_recipe_sysroot)
NOTE: recipe python-2.7.16-r0: task do_prepare_recipe_sysroot: Started
NOTE: recipe python-2.7.16-r0: task do_prepare_recipe_sysroot: Succeeded
NOTE: Running task 1004 of 1022 (/home/deby/poky/meta-debian/recipes-debian/python/python_debian.bb:do_configure)
NOTE: recipe python-2.7.16-r0: task do_configure: Started
NOTE: recipe db-5.3.28-r0: task do_package: Succeeded
NOTE: Running task 1005 of 1022 (/home/deby/poky/meta-debian/recipes-debian/db/db_debian.bb:do_packagedata)
NOTE: recipe db-5.3.28-r0: task do_packagedata: Started
NOTE: recipe db-5.3.28-r0: task do_packagedata: Succeeded
NOTE: Running task 1006 of 1022 (/home/deby/poky/meta-debian/recipes-debian/db/db_debian.bb:do_package_write_deb)
NOTE: recipe db-5.3.28-r0: task do_package_write_deb: Started
NOTE: recipe db-5.3.28-r0: task do_package_write_deb: Succeeded
NOTE: recipe python-2.7.16-r0: task do_configure: Succeeded
NOTE: Running task 1007 of 1022 (/home/deby/poky/meta-debian/recipes-debian/python/python_debian.bb:do_compile)
NOTE: recipe python-2.7.16-r0: task do_compile: Started
NOTE: recipe python-2.7.16-r0: task do_compile: Succeeded
NOTE: Running task 1008 of 1022 (/home/deby/poky/meta-debian/recipes-debian/python/python_debian.bb:do_install)
NOTE: recipe python-2.7.16-r0: task do_install: Started
NOTE: recipe python-2.7.16-r0: task do_install: Succeeded
NOTE: Running task 1009 of 1022 (/home/deby/poky/meta-debian/recipes-debian/python/python_debian.bb:do_package)
NOTE: Running task 1010 of 1022 (/home/deby/poky/meta-debian/recipes-debian/python/python_debian.bb:do_populate_sysroot)
NOTE: recipe python-2.7.16-r0: task do_populate_sysroot: Started
NOTE: recipe python-2.7.16-r0: task do_package: Started
NOTE: recipe python-2.7.16-r0: task do_populate_sysroot: Succeeded
NOTE: Running task 1011 of 1022 (/home/deby/poky/meta-debian/recipes-debian/audit/audit_debian.bb:do_prepare_recipe_sysroot)
NOTE: recipe audit-2.8.4-r0: task do_prepare_recipe_sysroot: Started
NOTE: recipe audit-2.8.4-r0: task do_prepare_recipe_sysroot: Succeeded
NOTE: Running task 1012 of 1022 (/home/deby/poky/meta-debian/recipes-debian/audit/audit_debian.bb:do_configure)
NOTE: recipe audit-2.8.4-r0: task do_configure: Started
NOTE: recipe audit-2.8.4-r0: task do_configure: Succeeded
NOTE: Running task 1013 of 1022 (/home/deby/poky/meta-debian/recipes-debian/audit/audit_debian.bb:do_compile)
NOTE: recipe audit-2.8.4-r0: task do_compile: Started
NOTE: recipe python-2.7.16-r0: task do_package: Succeeded
NOTE: Running task 1014 of 1022 (/home/deby/poky/meta-debian/recipes-debian/python/python_debian.bb:do_packagedata)
NOTE: recipe python-2.7.16-r0: task do_packagedata: Started
NOTE: recipe python-2.7.16-r0: task do_packagedata: Succeeded
NOTE: Running task 1015 of 1022 (/home/deby/poky/meta-debian/recipes-debian/python/python_debian.bb:do_package_write_deb)
NOTE: recipe python-2.7.16-r0: task do_package_write_deb: Started
NOTE: recipe python-2.7.16-r0: task do_package_write_deb: Succeeded
NOTE: recipe audit-2.8.4-r0: task do_compile: Succeeded
NOTE: Running task 1016 of 1022 (/home/deby/poky/meta-debian/recipes-debian/audit/audit_debian.bb:do_install)
NOTE: recipe audit-2.8.4-r0: task do_install: Started
NOTE: recipe audit-2.8.4-r0: task do_install: Succeeded
NOTE: Running task 1017 of 1022 (/home/deby/poky/meta-debian/recipes-debian/audit/audit_debian.bb:do_package)
NOTE: Running task 1018 of 1022 (/home/deby/poky/meta-debian/recipes-debian/audit/audit_debian.bb:do_populate_sysroot)
NOTE: recipe audit-2.8.4-r0: task do_populate_sysroot: Started
NOTE: recipe audit-2.8.4-r0: task do_package: Started
NOTE: recipe audit-2.8.4-r0: task do_populate_sysroot: Succeeded
NOTE: recipe audit-2.8.4-r0: task do_package: Succeeded
NOTE: Running task 1019 of 1022 (/home/deby/poky/meta-debian/recipes-debian/audit/audit_debian.bb:do_packagedata)
NOTE: recipe audit-2.8.4-r0: task do_packagedata: Started
NOTE: recipe audit-2.8.4-r0: task do_packagedata: Succeeded
NOTE: Running task 1020 of 1022 (/home/deby/poky/meta-debian/recipes-debian/audit/audit_debian.bb:do_package_write_deb)
NOTE: Running task 1021 of 1022 (/home/deby/poky/meta-debian/recipes-debian/audit/audit_debian.bb:do_package_qa)
NOTE: recipe audit-2.8.4-r0: task do_package_write_deb: Started
NOTE: recipe audit-2.8.4-r0: task do_package_qa: Started
NOTE: recipe audit-2.8.4-r0: task do_package_qa: Succeeded
NOTE: recipe audit-2.8.4-r0: task do_package_write_deb: Succeeded
NOTE: Running noexec task 1022 of 1022 (/home/deby/poky/meta-debian/recipes-debian/audit/audit_debian.bb:do_build)
NOTE: Tasks Summary: Attempted 1022 tasks of which 980 didn't need to be rerun and all succeeded.
