Loading cache...done.
Loaded 1825 entries from dependency cache.
Parsing recipes...done.
Parsing of 1043 .bb files complete (1041 cached, 2 parsed). 1828 targets, 209 skipped, 0 masked, 0 errors.
NOTE: Resolving any missing task queue dependencies

Build Configuration:
BB_VERSION           = "1.42.0"
BUILD_SYS            = "x86_64-linux"
NATIVELSBSTRING      = "universal"
TARGET_SYS           = "i586-deby-linux"
MACHINE              = "qemux86"
DISTRO               = "deby-tiny"
DISTRO_VERSION       = "10.0"
TUNE_FEATURES        = "m32 i586"
TARGET_FPU           = ""
meta                 
meta-poky            = "warrior:79a850a10a4b88a6d20d607b322542f947874323"
meta-debian          = "warrior:2fa6d8525f0464064f8764856015185a0c4e5411"

Initialising tasks...done.
Sstate summary: Wanted 11 Found 2 Missed 9 Current 163 (18% match, 94% complete)
NOTE: Executing SetScene Tasks
NOTE: Executing RunQueue Tasks
NOTE: Running task 838 of 975 (/home/deby/poky/meta-debian/recipes-debian/icu/icu_debian.bb:do_prepare_recipe_sysroot)
NOTE: recipe icu-63.1-r0: task do_prepare_recipe_sysroot: Started
NOTE: recipe icu-63.1-r0: task do_prepare_recipe_sysroot: Succeeded
NOTE: Running task 959 of 975 (/home/deby/poky/meta-debian/recipes-debian/icu/icu_debian.bb:do_configure)
NOTE: recipe icu-63.1-r0: task do_configure: Started
NOTE: recipe icu-63.1-r0: task do_configure: Succeeded
NOTE: Running task 960 of 975 (/home/deby/poky/meta-debian/recipes-debian/icu/icu_debian.bb:do_compile)
NOTE: recipe icu-63.1-r0: task do_compile: Started
NOTE: recipe icu-63.1-r0: task do_compile: Succeeded
NOTE: Running task 961 of 975 (/home/deby/poky/meta-debian/recipes-debian/icu/icu_debian.bb:do_install)
NOTE: recipe icu-63.1-r0: task do_install: Started
NOTE: recipe icu-63.1-r0: task do_install: Succeeded
NOTE: Running task 962 of 975 (/home/deby/poky/meta-debian/recipes-debian/icu/icu_debian.bb:do_package)
NOTE: Running task 963 of 975 (/home/deby/poky/meta-debian/recipes-debian/icu/icu_debian.bb:do_populate_sysroot)
NOTE: recipe icu-63.1-r0: task do_populate_sysroot: Started
NOTE: recipe icu-63.1-r0: task do_package: Started
NOTE: recipe icu-63.1-r0: task do_populate_sysroot: Succeeded
NOTE: Running task 964 of 975 (/home/deby/poky/meta-debian/recipes-debian/boost/boost_debian.bb:do_prepare_recipe_sysroot)
NOTE: recipe boost-1.67.0-r0: task do_prepare_recipe_sysroot: Started
NOTE: recipe boost-1.67.0-r0: task do_prepare_recipe_sysroot: Succeeded
NOTE: Running task 965 of 975 (/home/deby/poky/meta-debian/recipes-debian/boost/boost_debian.bb:do_configure)
NOTE: recipe boost-1.67.0-r0: task do_configure: Started
NOTE: recipe boost-1.67.0-r0: task do_configure: Succeeded
NOTE: Running task 966 of 975 (/home/deby/poky/meta-debian/recipes-debian/boost/boost_debian.bb:do_compile)
NOTE: recipe boost-1.67.0-r0: task do_compile: Started
NOTE: recipe icu-63.1-r0: task do_package: Succeeded
NOTE: Running task 967 of 975 (/home/deby/poky/meta-debian/recipes-debian/icu/icu_debian.bb:do_packagedata)
NOTE: recipe icu-63.1-r0: task do_packagedata: Started
NOTE: recipe icu-63.1-r0: task do_packagedata: Succeeded
NOTE: Running task 968 of 975 (/home/deby/poky/meta-debian/recipes-debian/icu/icu_debian.bb:do_package_write_deb)
NOTE: recipe icu-63.1-r0: task do_package_write_deb: Started
NOTE: recipe icu-63.1-r0: task do_package_write_deb: Succeeded
NOTE: recipe boost-1.67.0-r0: task do_compile: Succeeded
NOTE: Running task 969 of 975 (/home/deby/poky/meta-debian/recipes-debian/boost/boost_debian.bb:do_install)
NOTE: recipe boost-1.67.0-r0: task do_install: Started
NOTE: recipe boost-1.67.0-r0: task do_install: Succeeded
NOTE: Running task 970 of 975 (/home/deby/poky/meta-debian/recipes-debian/boost/boost_debian.bb:do_package)
NOTE: Running task 971 of 975 (/home/deby/poky/meta-debian/recipes-debian/boost/boost_debian.bb:do_populate_sysroot)
NOTE: recipe boost-1.67.0-r0: task do_package: Started
NOTE: recipe boost-1.67.0-r0: task do_populate_sysroot: Started
NOTE: recipe boost-1.67.0-r0: task do_populate_sysroot: Succeeded
NOTE: recipe boost-1.67.0-r0: task do_package: Succeeded
NOTE: Running task 972 of 975 (/home/deby/poky/meta-debian/recipes-debian/boost/boost_debian.bb:do_packagedata)
NOTE: recipe boost-1.67.0-r0: task do_packagedata: Started
NOTE: recipe boost-1.67.0-r0: task do_packagedata: Succeeded
NOTE: Running task 973 of 975 (/home/deby/poky/meta-debian/recipes-debian/boost/boost_debian.bb:do_package_write_deb)
NOTE: Running task 974 of 975 (/home/deby/poky/meta-debian/recipes-debian/boost/boost_debian.bb:do_package_qa)
NOTE: recipe boost-1.67.0-r0: task do_package_write_deb: Started
NOTE: recipe boost-1.67.0-r0: task do_package_qa: Started
NOTE: recipe boost-1.67.0-r0: task do_package_write_deb: Succeeded
NOTE: recipe boost-1.67.0-r0: task do_package_qa: Succeeded
NOTE: Running noexec task 975 of 975 (/home/deby/poky/meta-debian/recipes-debian/boost/boost_debian.bb:do_build)
NOTE: Tasks Summary: Attempted 975 tasks of which 957 didn't need to be rerun and all succeeded.
