WARNING: Host distribution "debian-10" has not been validated with this version of the build system; you may possibly experience unexpected failures. It is recommended that you use a tested distribution.
Loading cache...done.
Loaded 1440 entries from dependency cache.
NOTE: Resolving any missing task queue dependencies

Build Configuration:
BB_VERSION           = "1.42.0"
BUILD_SYS            = "x86_64-linux"
NATIVELSBSTRING      = "universal"
TARGET_SYS           = "i586-deby-linux"
MACHINE              = "qemux86"
DISTRO               = "deby-tiny"
DISTRO_VERSION       = "10.0"
TUNE_FEATURES        = "m32 i586"
TARGET_FPU           = ""
meta                 
meta-poky            = "warrior:51223035e66c5b27799b15a0f8ebe75d24d3971b"
meta-debian          = "warrior-trungdt:47b755ebe41c5afc0ea94d75b55c4f0efd8983fe"

Initialising tasks...done.
Sstate summary: Wanted 3 Found 3 Missed 0 Current 81 (100% match, 100% complete)
NOTE: Executing SetScene Tasks
NOTE: Running setscene task 82 of 84 (/home/deby/poky/meta-debian/recipes-debian/bzip2/bzip2_debian.bb:do_package_qa_setscene)
NOTE: recipe bzip2-1.0.6-r0: task do_package_qa_setscene: Started
NOTE: recipe bzip2-1.0.6-r0: task do_package_qa_setscene: Succeeded
NOTE: Executing RunQueue Tasks
NOTE: Running noexec task 543 of 543 (/home/deby/poky/meta-debian/recipes-debian/bzip2/bzip2_debian.bb:do_build)
NOTE: Tasks Summary: Attempted 543 tasks of which 542 didn't need to be rerun and all succeeded.

Summary: There was 1 WARNING message shown.
