Loading cache...done.
Loaded 1746 entries from dependency cache.
Parsing recipes...done.
Parsing of 992 .bb files complete (990 cached, 2 parsed). 1733 targets, 208 skipped, 0 masked, 0 errors.
NOTE: Resolving any missing task queue dependencies

Build Configuration:
BB_VERSION           = "1.42.0"
BUILD_SYS            = "x86_64-linux"
NATIVELSBSTRING      = "universal"
TARGET_SYS           = "i586-deby-linux"
MACHINE              = "qemux86"
DISTRO               = "deby-tiny"
DISTRO_VERSION       = "10.0"
TUNE_FEATURES        = "m32 i586"
TARGET_FPU           = ""
meta                 
meta-poky            = "warrior:79a850a10a4b88a6d20d607b322542f947874323"
meta-debian          = "warrior:f7512bd96372e67fe4288cb5cb61cf52d282dd4e"

Initialising tasks...done.
Sstate summary: Wanted 36 Found 0 Missed 36 Current 180 (0% match, 83% complete)
NOTE: Executing SetScene Tasks
NOTE: Executing RunQueue Tasks
NOTE: Running task 862 of 1050 (/home/deby/poky/meta/recipes-support/libassuan/libassuan_2.5.3.bb:do_prepare_recipe_sysroot)
NOTE: Running task 875 of 1050 (/home/deby/poky/meta-debian/recipes-debian/librsync/librsync_debian.bb:do_prepare_recipe_sysroot)
NOTE: Running task 887 of 1050 (/home/deby/poky/meta/recipes-support/libksba/libksba_1.3.5.bb:do_prepare_recipe_sysroot)
NOTE: Running task 891 of 1050 (/home/deby/poky/meta/recipes-support/npth/npth_1.6.bb:do_prepare_recipe_sysroot)
NOTE: Running task 916 of 1050 (/home/deby/poky/meta-debian/recipes-debian/python/python-six_debian.bb:do_prepare_recipe_sysroot)
NOTE: Running task 918 of 1050 (/home/deby/poky/meta-debian/recipes-debian/python/python-monotonic_debian.bb:do_prepare_recipe_sysroot)
NOTE: Running task 927 of 1050 (/home/deby/poky/meta-debian/recipes-debian/python/python-fasteners_debian.bb:do_prepare_recipe_sysroot)
NOTE: recipe librsync-0.9.7-r0: task do_prepare_recipe_sysroot: Started
NOTE: recipe python-fasteners-0.12.0-r0: task do_prepare_recipe_sysroot: Started
NOTE: recipe python-six-1.12.0-r0: task do_prepare_recipe_sysroot: Started
NOTE: recipe npth-1.6-r0: task do_prepare_recipe_sysroot: Started
NOTE: recipe libassuan-2.5.3-r0: task do_prepare_recipe_sysroot: Started
NOTE: recipe libksba-1.3.5-r0: task do_prepare_recipe_sysroot: Started
NOTE: recipe python-monotonic-1.1-r0: task do_prepare_recipe_sysroot: Started
NOTE: recipe librsync-0.9.7-r0: task do_prepare_recipe_sysroot: Succeeded
NOTE: Running task 981 of 1050 (/home/deby/poky/meta-debian/recipes-debian/librsync/librsync_debian.bb:do_configure)
NOTE: recipe npth-1.6-r0: task do_prepare_recipe_sysroot: Succeeded
NOTE: Running task 982 of 1050 (/home/deby/poky/meta/recipes-support/npth/npth_1.6.bb:do_configure)
NOTE: recipe librsync-0.9.7-r0: task do_configure: Started
NOTE: recipe npth-1.6-r0: task do_configure: Started
NOTE: recipe libassuan-2.5.3-r0: task do_prepare_recipe_sysroot: Succeeded
NOTE: Running task 983 of 1050 (/home/deby/poky/meta/recipes-support/libassuan/libassuan_2.5.3.bb:do_configure)
NOTE: recipe libksba-1.3.5-r0: task do_prepare_recipe_sysroot: Succeeded
NOTE: Running task 984 of 1050 (/home/deby/poky/meta/recipes-support/libksba/libksba_1.3.5.bb:do_configure)
NOTE: recipe libassuan-2.5.3-r0: task do_configure: Started
NOTE: recipe libksba-1.3.5-r0: task do_configure: Started
NOTE: recipe python-six-1.12.0-r0: task do_prepare_recipe_sysroot: Succeeded
NOTE: Running task 985 of 1050 (/home/deby/poky/meta-debian/recipes-debian/python/python-six_debian.bb:do_configure)
NOTE: recipe python-monotonic-1.1-r0: task do_prepare_recipe_sysroot: Succeeded
NOTE: recipe python-six-1.12.0-r0: task do_configure: Started
NOTE: Running task 986 of 1050 (/home/deby/poky/meta-debian/recipes-debian/python/python-monotonic_debian.bb:do_configure)
NOTE: recipe python-monotonic-1.1-r0: task do_configure: Started
NOTE: recipe python-fasteners-0.12.0-r0: task do_prepare_recipe_sysroot: Succeeded
NOTE: Running task 987 of 1050 (/home/deby/poky/meta-debian/recipes-debian/python/python-fasteners_debian.bb:do_configure)
NOTE: recipe python-fasteners-0.12.0-r0: task do_configure: Started
NOTE: recipe python-six-1.12.0-r0: task do_configure: Succeeded
NOTE: Running task 988 of 1050 (/home/deby/poky/meta-debian/recipes-debian/python/python-six_debian.bb:do_compile)
NOTE: recipe python-monotonic-1.1-r0: task do_configure: Succeeded
NOTE: Running task 989 of 1050 (/home/deby/poky/meta-debian/recipes-debian/python/python-monotonic_debian.bb:do_compile)
NOTE: recipe python-fasteners-0.12.0-r0: task do_configure: Succeeded
NOTE: Running task 990 of 1050 (/home/deby/poky/meta-debian/recipes-debian/python/python-fasteners_debian.bb:do_compile)
NOTE: recipe python-six-1.12.0-r0: task do_compile: Started
NOTE: recipe python-monotonic-1.1-r0: task do_compile: Started
NOTE: recipe python-fasteners-0.12.0-r0: task do_compile: Started
NOTE: recipe python-six-1.12.0-r0: task do_compile: Succeeded
NOTE: Running task 991 of 1050 (/home/deby/poky/meta-debian/recipes-debian/python/python-six_debian.bb:do_install)
NOTE: recipe python-monotonic-1.1-r0: task do_compile: Succeeded
NOTE: recipe python-fasteners-0.12.0-r0: task do_compile: Succeeded
NOTE: Running task 992 of 1050 (/home/deby/poky/meta-debian/recipes-debian/python/python-monotonic_debian.bb:do_install)
NOTE: Running task 993 of 1050 (/home/deby/poky/meta-debian/recipes-debian/python/python-fasteners_debian.bb:do_install)
NOTE: recipe python-fasteners-0.12.0-r0: task do_install: Started
NOTE: recipe python-monotonic-1.1-r0: task do_install: Started
NOTE: recipe python-six-1.12.0-r0: task do_install: Started
NOTE: recipe python-monotonic-1.1-r0: task do_install: Succeeded
NOTE: Running task 994 of 1050 (/home/deby/poky/meta-debian/recipes-debian/python/python-monotonic_debian.bb:do_package)
NOTE: recipe python-six-1.12.0-r0: task do_install: Succeeded
NOTE: Running task 995 of 1050 (/home/deby/poky/meta-debian/recipes-debian/python/python-six_debian.bb:do_package)
NOTE: recipe python-fasteners-0.12.0-r0: task do_install: Succeeded
NOTE: Running task 996 of 1050 (/home/deby/poky/meta-debian/recipes-debian/python/python-fasteners_debian.bb:do_package)
NOTE: recipe python-monotonic-1.1-r0: task do_package: Started
NOTE: recipe python-six-1.12.0-r0: task do_package: Started
NOTE: recipe python-fasteners-0.12.0-r0: task do_package: Started
NOTE: recipe python-six-1.12.0-r0: task do_package: Succeeded
NOTE: Running task 997 of 1050 (/home/deby/poky/meta-debian/recipes-debian/python/python-six_debian.bb:do_packagedata)
NOTE: recipe python-monotonic-1.1-r0: task do_package: Succeeded
NOTE: Running task 998 of 1050 (/home/deby/poky/meta-debian/recipes-debian/python/python-monotonic_debian.bb:do_packagedata)
NOTE: recipe python-six-1.12.0-r0: task do_packagedata: Started
NOTE: recipe python-monotonic-1.1-r0: task do_packagedata: Started
NOTE: recipe python-six-1.12.0-r0: task do_packagedata: Succeeded
NOTE: Running task 999 of 1050 (/home/deby/poky/meta-debian/recipes-debian/python/python-six_debian.bb:do_package_write_deb)
NOTE: recipe python-monotonic-1.1-r0: task do_packagedata: Succeeded
NOTE: Running task 1000 of 1050 (/home/deby/poky/meta-debian/recipes-debian/python/python-monotonic_debian.bb:do_package_write_deb)
NOTE: recipe python-six-1.12.0-r0: task do_package_write_deb: Started
NOTE: recipe python-fasteners-0.12.0-r0: task do_package: Succeeded
NOTE: Running task 1001 of 1050 (/home/deby/poky/meta-debian/recipes-debian/python/python-fasteners_debian.bb:do_packagedata)
NOTE: recipe python-monotonic-1.1-r0: task do_package_write_deb: Started
NOTE: recipe python-fasteners-0.12.0-r0: task do_packagedata: Started
NOTE: recipe python-fasteners-0.12.0-r0: task do_packagedata: Succeeded
NOTE: Running task 1002 of 1050 (/home/deby/poky/meta-debian/recipes-debian/python/python-fasteners_debian.bb:do_package_write_deb)
NOTE: recipe python-six-1.12.0-r0: task do_package_write_deb: Succeeded
NOTE: recipe python-fasteners-0.12.0-r0: task do_package_write_deb: Started
NOTE: recipe python-monotonic-1.1-r0: task do_package_write_deb: Succeeded
NOTE: recipe python-fasteners-0.12.0-r0: task do_package_write_deb: Succeeded
NOTE: recipe libksba-1.3.5-r0: task do_configure: Succeeded
NOTE: Running task 1003 of 1050 (/home/deby/poky/meta/recipes-support/libksba/libksba_1.3.5.bb:do_compile)
NOTE: recipe libksba-1.3.5-r0: task do_compile: Started
NOTE: recipe npth-1.6-r0: task do_configure: Succeeded
NOTE: Running task 1004 of 1050 (/home/deby/poky/meta/recipes-support/npth/npth_1.6.bb:do_compile)
NOTE: recipe npth-1.6-r0: task do_compile: Started
NOTE: recipe npth-1.6-r0: task do_compile: Succeeded
NOTE: Running task 1005 of 1050 (/home/deby/poky/meta/recipes-support/npth/npth_1.6.bb:do_install)
NOTE: recipe librsync-0.9.7-r0: task do_configure: Succeeded
NOTE: Running task 1006 of 1050 (/home/deby/poky/meta-debian/recipes-debian/librsync/librsync_debian.bb:do_compile)
NOTE: recipe librsync-0.9.7-r0: task do_compile: Started
NOTE: recipe libassuan-2.5.3-r0: task do_configure: Succeeded
NOTE: Running task 1007 of 1050 (/home/deby/poky/meta/recipes-support/libassuan/libassuan_2.5.3.bb:do_compile)
NOTE: recipe libassuan-2.5.3-r0: task do_compile: Started
NOTE: recipe npth-1.6-r0: task do_install: Started
NOTE: recipe libksba-1.3.5-r0: task do_compile: Succeeded
NOTE: Running task 1008 of 1050 (/home/deby/poky/meta/recipes-support/libksba/libksba_1.3.5.bb:do_install)
NOTE: recipe npth-1.6-r0: task do_install: Succeeded
NOTE: Running task 1009 of 1050 (/home/deby/poky/meta/recipes-support/npth/npth_1.6.bb:do_package)
NOTE: Running task 1010 of 1050 (/home/deby/poky/meta/recipes-support/npth/npth_1.6.bb:do_populate_sysroot)
NOTE: recipe librsync-0.9.7-r0: task do_compile: Succeeded
NOTE: Running task 1011 of 1050 (/home/deby/poky/meta-debian/recipes-debian/librsync/librsync_debian.bb:do_install)
NOTE: recipe npth-1.6-r0: task do_package: Started
NOTE: recipe npth-1.6-r0: task do_populate_sysroot: Started
NOTE: recipe libksba-1.3.5-r0: task do_install: Started
NOTE: recipe npth-1.6-r0: task do_populate_sysroot: Succeeded
NOTE: recipe librsync-0.9.7-r0: task do_install: Started
NOTE: recipe libassuan-2.5.3-r0: task do_compile: Succeeded
NOTE: Running task 1012 of 1050 (/home/deby/poky/meta/recipes-support/libassuan/libassuan_2.5.3.bb:do_install)
NOTE: recipe libksba-1.3.5-r0: task do_install: Succeeded
NOTE: Running task 1013 of 1050 (/home/deby/poky/meta/recipes-support/libksba/libksba_1.3.5.bb:do_package)
NOTE: Running task 1014 of 1050 (/home/deby/poky/meta/recipes-support/libksba/libksba_1.3.5.bb:do_populate_sysroot)
NOTE: recipe npth-1.6-r0: task do_package: Succeeded
NOTE: Running task 1015 of 1050 (/home/deby/poky/meta/recipes-support/npth/npth_1.6.bb:do_packagedata)
NOTE: recipe librsync-0.9.7-r0: task do_install: Succeeded
NOTE: Running task 1016 of 1050 (/home/deby/poky/meta-debian/recipes-debian/librsync/librsync_debian.bb:do_package)
NOTE: Running task 1017 of 1050 (/home/deby/poky/meta-debian/recipes-debian/librsync/librsync_debian.bb:do_populate_sysroot)
NOTE: recipe libksba-1.3.5-r0: task do_populate_sysroot: Started
NOTE: recipe libksba-1.3.5-r0: task do_package: Started
NOTE: recipe npth-1.6-r0: task do_packagedata: Started
NOTE: recipe librsync-0.9.7-r0: task do_populate_sysroot: Started
NOTE: recipe librsync-0.9.7-r0: task do_package: Started
NOTE: recipe libksba-1.3.5-r0: task do_populate_sysroot: Succeeded
NOTE: recipe libassuan-2.5.3-r0: task do_install: Started
NOTE: recipe npth-1.6-r0: task do_packagedata: Succeeded
NOTE: Running task 1018 of 1050 (/home/deby/poky/meta/recipes-support/npth/npth_1.6.bb:do_package_write_deb)
NOTE: recipe librsync-0.9.7-r0: task do_populate_sysroot: Succeeded
NOTE: Running task 1019 of 1050 (/home/deby/poky/meta-debian/recipes-debian/duplicity/duplicity_debian.bb:do_prepare_recipe_sysroot)
NOTE: recipe npth-1.6-r0: task do_package_write_deb: Started
NOTE: recipe duplicity-0.7.18.2-r0: task do_prepare_recipe_sysroot: Started
NOTE: recipe npth-1.6-r0: task do_package_write_deb: Succeeded
NOTE: recipe libksba-1.3.5-r0: task do_package: Succeeded
NOTE: Running task 1020 of 1050 (/home/deby/poky/meta/recipes-support/libksba/libksba_1.3.5.bb:do_packagedata)
NOTE: recipe libksba-1.3.5-r0: task do_packagedata: Started
NOTE: recipe libassuan-2.5.3-r0: task do_install: Succeeded
NOTE: Running task 1021 of 1050 (/home/deby/poky/meta/recipes-support/libassuan/libassuan_2.5.3.bb:do_package)
NOTE: Running task 1022 of 1050 (/home/deby/poky/meta/recipes-support/libassuan/libassuan_2.5.3.bb:do_populate_sysroot)
NOTE: recipe libassuan-2.5.3-r0: task do_populate_sysroot: Started
NOTE: recipe libassuan-2.5.3-r0: task do_package: Started
NOTE: recipe libksba-1.3.5-r0: task do_packagedata: Succeeded
NOTE: Running task 1023 of 1050 (/home/deby/poky/meta/recipes-support/libksba/libksba_1.3.5.bb:do_package_write_deb)
NOTE: recipe libksba-1.3.5-r0: task do_package_write_deb: Started
NOTE: recipe librsync-0.9.7-r0: task do_package: Succeeded
NOTE: Running task 1024 of 1050 (/home/deby/poky/meta-debian/recipes-debian/librsync/librsync_debian.bb:do_packagedata)
NOTE: recipe librsync-0.9.7-r0: task do_packagedata: Started
NOTE: recipe librsync-0.9.7-r0: task do_packagedata: Succeeded
NOTE: Running task 1025 of 1050 (/home/deby/poky/meta-debian/recipes-debian/librsync/librsync_debian.bb:do_package_write_deb)
NOTE: recipe libassuan-2.5.3-r0: task do_populate_sysroot: Succeeded
NOTE: Running task 1026 of 1050 (/home/deby/poky/meta/recipes-support/gnupg/gnupg_2.2.13.bb:do_prepare_recipe_sysroot)
NOTE: Running task 1027 of 1050 (/home/deby/poky/meta/recipes-support/pinentry/pinentry_1.1.0.bb:do_prepare_recipe_sysroot)
NOTE: recipe librsync-0.9.7-r0: task do_package_write_deb: Started
NOTE: recipe pinentry-1.1.0-r0: task do_prepare_recipe_sysroot: Started
NOTE: recipe gnupg-2.2.13-r0: task do_prepare_recipe_sysroot: Started
NOTE: recipe libksba-1.3.5-r0: task do_package_write_deb: Succeeded
NOTE: recipe librsync-0.9.7-r0: task do_package_write_deb: Succeeded
NOTE: recipe libassuan-2.5.3-r0: task do_package: Succeeded
NOTE: Running task 1028 of 1050 (/home/deby/poky/meta/recipes-support/libassuan/libassuan_2.5.3.bb:do_packagedata)
NOTE: recipe libassuan-2.5.3-r0: task do_packagedata: Started
NOTE: recipe libassuan-2.5.3-r0: task do_packagedata: Succeeded
NOTE: Running task 1029 of 1050 (/home/deby/poky/meta/recipes-support/libassuan/libassuan_2.5.3.bb:do_package_write_deb)
NOTE: recipe libassuan-2.5.3-r0: task do_package_write_deb: Started
NOTE: recipe libassuan-2.5.3-r0: task do_package_write_deb: Succeeded
NOTE: recipe duplicity-0.7.18.2-r0: task do_prepare_recipe_sysroot: Succeeded
NOTE: Running task 1030 of 1050 (/home/deby/poky/meta-debian/recipes-debian/duplicity/duplicity_debian.bb:do_configure)
NOTE: recipe duplicity-0.7.18.2-r0: task do_configure: Started
NOTE: recipe gnupg-2.2.13-r0: task do_prepare_recipe_sysroot: Succeeded
NOTE: Running task 1031 of 1050 (/home/deby/poky/meta/recipes-support/gnupg/gnupg_2.2.13.bb:do_configure)
NOTE: recipe pinentry-1.1.0-r0: task do_prepare_recipe_sysroot: Succeeded
NOTE: Running task 1032 of 1050 (/home/deby/poky/meta/recipes-support/pinentry/pinentry_1.1.0.bb:do_configure)
NOTE: recipe gnupg-2.2.13-r0: task do_configure: Started
NOTE: recipe pinentry-1.1.0-r0: task do_configure: Started
NOTE: recipe duplicity-0.7.18.2-r0: task do_configure: Succeeded
NOTE: Running task 1033 of 1050 (/home/deby/poky/meta-debian/recipes-debian/duplicity/duplicity_debian.bb:do_compile)
NOTE: recipe duplicity-0.7.18.2-r0: task do_compile: Started
NOTE: recipe duplicity-0.7.18.2-r0: task do_compile: Succeeded
NOTE: Running task 1034 of 1050 (/home/deby/poky/meta-debian/recipes-debian/duplicity/duplicity_debian.bb:do_install)
NOTE: recipe duplicity-0.7.18.2-r0: task do_install: Started
NOTE: recipe duplicity-0.7.18.2-r0: task do_install: Succeeded
NOTE: Running task 1035 of 1050 (/home/deby/poky/meta-debian/recipes-debian/duplicity/duplicity_debian.bb:do_package)
NOTE: Running task 1036 of 1050 (/home/deby/poky/meta-debian/recipes-debian/duplicity/duplicity_debian.bb:do_populate_sysroot)
NOTE: recipe duplicity-0.7.18.2-r0: task do_populate_sysroot: Started
NOTE: recipe duplicity-0.7.18.2-r0: task do_package: Started
NOTE: recipe duplicity-0.7.18.2-r0: task do_populate_sysroot: Succeeded
NOTE: recipe duplicity-0.7.18.2-r0: task do_package: Succeeded
NOTE: Running task 1037 of 1050 (/home/deby/poky/meta-debian/recipes-debian/duplicity/duplicity_debian.bb:do_packagedata)
NOTE: recipe duplicity-0.7.18.2-r0: task do_packagedata: Started
NOTE: recipe duplicity-0.7.18.2-r0: task do_packagedata: Succeeded
NOTE: recipe pinentry-1.1.0-r0: task do_configure: Succeeded
NOTE: Running task 1038 of 1050 (/home/deby/poky/meta/recipes-support/pinentry/pinentry_1.1.0.bb:do_compile)
NOTE: recipe pinentry-1.1.0-r0: task do_compile: Started
NOTE: recipe pinentry-1.1.0-r0: task do_compile: Succeeded
NOTE: Running task 1039 of 1050 (/home/deby/poky/meta/recipes-support/pinentry/pinentry_1.1.0.bb:do_install)
NOTE: recipe pinentry-1.1.0-r0: task do_install: Started
NOTE: recipe pinentry-1.1.0-r0: task do_install: Succeeded
NOTE: Running task 1040 of 1050 (/home/deby/poky/meta/recipes-support/pinentry/pinentry_1.1.0.bb:do_package)
NOTE: recipe pinentry-1.1.0-r0: task do_package: Started
NOTE: recipe pinentry-1.1.0-r0: task do_package: Succeeded
NOTE: Running task 1041 of 1050 (/home/deby/poky/meta/recipes-support/pinentry/pinentry_1.1.0.bb:do_packagedata)
NOTE: recipe pinentry-1.1.0-r0: task do_packagedata: Started
NOTE: recipe pinentry-1.1.0-r0: task do_packagedata: Succeeded
NOTE: Running task 1042 of 1050 (/home/deby/poky/meta/recipes-support/pinentry/pinentry_1.1.0.bb:do_package_write_deb)
NOTE: recipe pinentry-1.1.0-r0: task do_package_write_deb: Started
NOTE: recipe pinentry-1.1.0-r0: task do_package_write_deb: Succeeded
NOTE: recipe gnupg-2.2.13-r0: task do_configure: Succeeded
NOTE: Running task 1043 of 1050 (/home/deby/poky/meta/recipes-support/gnupg/gnupg_2.2.13.bb:do_compile)
NOTE: recipe gnupg-2.2.13-r0: task do_compile: Started
NOTE: recipe gnupg-2.2.13-r0: task do_compile: Succeeded
NOTE: Running task 1044 of 1050 (/home/deby/poky/meta/recipes-support/gnupg/gnupg_2.2.13.bb:do_install)
NOTE: recipe gnupg-2.2.13-r0: task do_install: Started
NOTE: recipe gnupg-2.2.13-r0: task do_install: Succeeded
NOTE: Running task 1045 of 1050 (/home/deby/poky/meta/recipes-support/gnupg/gnupg_2.2.13.bb:do_package)
NOTE: recipe gnupg-2.2.13-r0: task do_package: Started
NOTE: recipe gnupg-2.2.13-r0: task do_package: Succeeded
NOTE: Running task 1046 of 1050 (/home/deby/poky/meta/recipes-support/gnupg/gnupg_2.2.13.bb:do_packagedata)
NOTE: recipe gnupg-2.2.13-r0: task do_packagedata: Started
NOTE: recipe gnupg-2.2.13-r0: task do_packagedata: Succeeded
NOTE: Running task 1047 of 1050 (/home/deby/poky/meta/recipes-support/gnupg/gnupg_2.2.13.bb:do_package_write_deb)
NOTE: Running task 1048 of 1050 (/home/deby/poky/meta-debian/recipes-debian/duplicity/duplicity_debian.bb:do_package_write_deb)
NOTE: Running task 1049 of 1050 (/home/deby/poky/meta-debian/recipes-debian/duplicity/duplicity_debian.bb:do_package_qa)
NOTE: recipe gnupg-2.2.13-r0: task do_package_write_deb: Started
NOTE: recipe duplicity-0.7.18.2-r0: task do_package_qa: Started
NOTE: recipe duplicity-0.7.18.2-r0: task do_package_write_deb: Started
NOTE: recipe duplicity-0.7.18.2-r0: task do_package_qa: Succeeded
NOTE: recipe duplicity-0.7.18.2-r0: task do_package_write_deb: Succeeded
NOTE: recipe gnupg-2.2.13-r0: task do_package_write_deb: Succeeded
NOTE: Running noexec task 1050 of 1050 (/home/deby/poky/meta-debian/recipes-debian/duplicity/duplicity_debian.bb:do_build)
NOTE: Tasks Summary: Attempted 1050 tasks of which 973 didn't need to be rerun and all succeeded.
