WARNING: Host distribution "debian-10" has not been validated with this version of the build system; you may possibly experience unexpected failures. It is recommended that you use a tested distribution.
Loading cache...done.
Loaded 1440 entries from dependency cache.
NOTE: Resolving any missing task queue dependencies

Build Configuration:
BB_VERSION           = "1.42.0"
BUILD_SYS            = "x86_64-linux"
NATIVELSBSTRING      = "universal"
TARGET_SYS           = "i586-deby-linux"
MACHINE              = "qemux86"
DISTRO               = "deby-tiny"
DISTRO_VERSION       = "10.0"
TUNE_FEATURES        = "m32 i586"
TARGET_FPU           = ""
meta                 
meta-poky            = "warrior:51223035e66c5b27799b15a0f8ebe75d24d3971b"
meta-debian          = "warrior-trungdt:47b755ebe41c5afc0ea94d75b55c4f0efd8983fe"

Initialising tasks...done.
Sstate summary: Wanted 53 Found 53 Missed 0 Current 130 (100% match, 100% complete)
NOTE: Executing SetScene Tasks
NOTE: Running setscene task 131 of 183 (/home/deby/poky/meta-debian/recipes-debian/glib-2.0/glib-2.0_debian.bb:do_populate_sysroot_setscene)
NOTE: Running setscene task 132 of 183 (/home/deby/poky/meta-debian/recipes-debian/glib-2.0/glib-2.0_debian.bb:do_package_qa_setscene)
NOTE: Running setscene task 133 of 183 (/home/deby/poky/meta-debian/recipes-debian/glib-2.0/glib-2.0_debian.bb:do_package_write_deb_setscene)
NOTE: Running setscene task 134 of 183 (/home/deby/poky/meta/recipes-support/libpcre/libpcre_8.43.bb:do_package_write_deb_setscene)
NOTE: Running setscene task 135 of 183 (/home/deby/poky/meta/recipes-core/util-linux/util-linux_2.32.1.bb:do_package_write_deb_setscene)
NOTE: Running setscene task 136 of 183 (/home/deby/poky/meta/recipes-support/bash-completion/bash-completion_2.8.bb:do_package_write_deb_setscene)
NOTE: Running setscene task 137 of 183 (/home/deby/poky/meta/recipes-support/libffi/libffi_3.2.1.bb:do_package_write_deb_setscene)
NOTE: Running setscene task 138 of 183 (/home/deby/poky/meta/recipes-support/shared-mime-info/shared-mime-info_1.10.bb:do_package_write_deb_setscene)
NOTE: Running setscene task 139 of 183 (/home/deby/poky/meta/recipes-devtools/python/python3_3.7.2.bb:do_package_write_deb_setscene)
NOTE: Running setscene task 140 of 183 (/home/deby/poky/meta-debian/recipes-debian/bzip2/bzip2_debian.bb:do_package_write_deb_setscene)
NOTE: Running setscene task 144 of 183 (/home/deby/poky/meta-debian/recipes-debian/libxml/libxml2_debian.bb:do_package_write_deb_setscene)
NOTE: Running setscene task 146 of 183 (/home/deby/poky/meta-debian/recipes-debian/openssl/openssl_debian.bb:do_package_write_deb_setscene)
NOTE: Running setscene task 148 of 183 (/home/deby/poky/meta/recipes-extended/libnsl/libnsl2_git.bb:do_package_write_deb_setscene)
NOTE: Running setscene task 150 of 183 (/home/deby/poky/meta/recipes-extended/xz/xz_5.2.4.bb:do_package_write_deb_setscene)
NOTE: Running setscene task 152 of 183 (/home/deby/poky/meta/recipes-extended/libtirpc/libtirpc_1.0.3.bb:do_package_write_deb_setscene)
NOTE: Running setscene task 154 of 183 (/home/deby/poky/meta-debian/recipes-debian/readline/readline_debian.bb:do_package_write_deb_setscene)
NOTE: recipe libnsl2-1.2.0+gitAUTOINC+37c5ffe303-r0: task do_package_write_deb_setscene: Started
NOTE: recipe libpcre-8.43-r0: task do_package_write_deb_setscene: Started
NOTE: recipe openssl-1.1.1c-r0: task do_package_write_deb_setscene: Started
NOTE: recipe bash-completion-2.8-r0: task do_package_write_deb_setscene: Started
NOTE: recipe xz-5.2.4-r0: task do_package_write_deb_setscene: Started
NOTE: recipe readline-7.0-r0: task do_package_write_deb_setscene: Started
NOTE: recipe libxml2-2.9.4-r0: task do_package_write_deb_setscene: Started
NOTE: recipe libtirpc-1.0.3-r0: task do_package_write_deb_setscene: Started
NOTE: recipe shared-mime-info-1.10-r0: task do_package_write_deb_setscene: Started
NOTE: recipe python3-3.7.2-r0: task do_package_write_deb_setscene: Started
NOTE: recipe bzip2-1.0.6-r0: task do_package_write_deb_setscene: Started
NOTE: recipe util-linux-2.32.1-r0: task do_package_write_deb_setscene: Started
NOTE: recipe bash-completion-2.8-r0: task do_package_write_deb_setscene: Succeeded
NOTE: Running setscene task 156 of 183 (/home/deby/poky/meta/recipes-support/sqlite/sqlite3_3.27.2.bb:do_package_write_deb_setscene)
NOTE: recipe bzip2-1.0.6-r0: task do_package_write_deb_setscene: Succeeded
NOTE: Running setscene task 157 of 183 (/home/deby/poky/meta-debian/recipes-debian/bzip2/bzip2_debian.bb:do_packagedata_setscene)
NOTE: recipe glib-2.0-2.58.3-r0: task do_package_qa_setscene: Started
NOTE: recipe glib-2.0-2.58.3-r0: task do_populate_sysroot_setscene: Started
NOTE: recipe glib-2.0-2.58.3-r0: task do_package_write_deb_setscene: Started
NOTE: recipe libffi-3.2.1-r0: task do_package_write_deb_setscene: Started
NOTE: recipe bzip2-1.0.6-r0: task do_packagedata_setscene: Started
NOTE: recipe libnsl2-1.2.0+gitAUTOINC+37c5ffe303-r0: task do_package_write_deb_setscene: Succeeded
NOTE: Running setscene task 158 of 183 (/home/deby/poky/meta/recipes-extended/libnsl/libnsl2_git.bb:do_packagedata_setscene)
NOTE: recipe libnsl2-1.2.0+gitAUTOINC+37c5ffe303-r0: task do_packagedata_setscene: Started
NOTE: recipe sqlite3-3_3.27.2-r0: task do_package_write_deb_setscene: Started
NOTE: recipe glib-2.0-2.58.3-r0: task do_package_qa_setscene: Succeeded
NOTE: recipe xz-5.2.4-r0: task do_package_write_deb_setscene: Succeeded
NOTE: recipe readline-7.0-r0: task do_package_write_deb_setscene: Succeeded
NOTE: Running setscene task 159 of 183 (/home/deby/poky/meta/recipes-extended/xz/xz_5.2.4.bb:do_packagedata_setscene)
NOTE: Running setscene task 160 of 183 (/home/deby/poky/meta-debian/recipes-debian/readline/readline_debian.bb:do_packagedata_setscene)
NOTE: Running setscene task 162 of 183 (/home/deby/poky/meta/recipes-support/gdbm/gdbm_1.18.1.bb:do_package_write_deb_setscene)
NOTE: recipe xz-5.2.4-r0: task do_packagedata_setscene: Started
NOTE: recipe libtirpc-1.0.3-r0: task do_package_write_deb_setscene: Succeeded
NOTE: recipe shared-mime-info-1.10-r0: task do_package_write_deb_setscene: Succeeded
NOTE: Running setscene task 163 of 183 (/home/deby/poky/meta/recipes-extended/libtirpc/libtirpc_1.0.3.bb:do_packagedata_setscene)
NOTE: recipe readline-7.0-r0: task do_packagedata_setscene: Started
NOTE: recipe libtirpc-1.0.3-r0: task do_packagedata_setscene: Started
NOTE: recipe libffi-3.2.1-r0: task do_package_write_deb_setscene: Succeeded
NOTE: Running setscene task 165 of 183 (/home/deby/poky/meta/recipes-support/libffi/libffi_3.2.1.bb:do_packagedata_setscene)
NOTE: recipe libpcre-8.43-r0: task do_package_write_deb_setscene: Succeeded
NOTE: Running setscene task 166 of 183 (/home/deby/poky/meta/recipes-support/libpcre/libpcre_8.43.bb:do_packagedata_setscene)
NOTE: recipe libffi-3.2.1-r0: task do_packagedata_setscene: Started
NOTE: recipe libpcre-8.43-r0: task do_packagedata_setscene: Started
NOTE: recipe gdbm-1.18.1-r0: task do_package_write_deb_setscene: Started
NOTE: recipe libxml2-2.9.4-r0: task do_package_write_deb_setscene: Succeeded
NOTE: Running setscene task 167 of 183 (/home/deby/poky/meta-debian/recipes-debian/libxml/libxml2_debian.bb:do_packagedata_setscene)
NOTE: recipe gdbm-1.18.1-r0: task do_package_write_deb_setscene: Succeeded
NOTE: Running setscene task 168 of 183 (/home/deby/poky/meta/recipes-support/gdbm/gdbm_1.18.1.bb:do_packagedata_setscene)
NOTE: recipe libxml2-2.9.4-r0: task do_packagedata_setscene: Started
NOTE: recipe gdbm-1.18.1-r0: task do_packagedata_setscene: Started
NOTE: recipe bzip2-1.0.6-r0: task do_packagedata_setscene: Succeeded
NOTE: recipe libnsl2-1.2.0+gitAUTOINC+37c5ffe303-r0: task do_packagedata_setscene: Succeeded
NOTE: recipe libffi-3.2.1-r0: task do_packagedata_setscene: Succeeded
NOTE: recipe sqlite3-3_3.27.2-r0: task do_package_write_deb_setscene: Succeeded
NOTE: Running setscene task 169 of 183 (/home/deby/poky/meta/recipes-support/sqlite/sqlite3_3.27.2.bb:do_packagedata_setscene)
NOTE: recipe sqlite3-3_3.27.2-r0: task do_packagedata_setscene: Started
NOTE: recipe glib-2.0-2.58.3-r0: task do_populate_sysroot_setscene: Succeeded
NOTE: Running setscene task 170 of 183 (/home/deby/poky/meta/recipes-support/libpcre/libpcre_8.43.bb:do_populate_sysroot_setscene)
NOTE: Running setscene task 171 of 183 (/home/deby/poky/meta/recipes-core/util-linux/util-linux_2.32.1.bb:do_populate_sysroot_setscene)
NOTE: Running setscene task 172 of 183 (/home/deby/poky/meta/recipes-support/libffi/libffi_3.2.1.bb:do_populate_sysroot_setscene)
NOTE: recipe util-linux-2.32.1-r0: task do_package_write_deb_setscene: Succeeded
NOTE: Running setscene task 173 of 183 (/home/deby/poky/meta/recipes-core/util-linux/util-linux_2.32.1.bb:do_packagedata_setscene)
NOTE: recipe glib-2.0-2.58.3-r0: task do_package_write_deb_setscene: Succeeded
NOTE: Running setscene task 174 of 183 (/home/deby/poky/meta-debian/recipes-debian/glib-2.0/glib-2.0_debian.bb:do_packagedata_setscene)
NOTE: Running setscene task 175 of 183 (/home/deby/poky/meta/recipes-support/bash-completion/bash-completion_2.8.bb:do_packagedata_setscene)
NOTE: Running setscene task 176 of 183 (/home/deby/poky/meta/recipes-support/shared-mime-info/shared-mime-info_1.10.bb:do_packagedata_setscene)
NOTE: recipe libffi-3.2.1-r0: task do_populate_sysroot_setscene: Started
NOTE: recipe libpcre-8.43-r0: task do_populate_sysroot_setscene: Started
NOTE: recipe util-linux-2.32.1-r0: task do_populate_sysroot_setscene: Started
NOTE: recipe util-linux-2.32.1-r0: task do_packagedata_setscene: Started
NOTE: recipe bash-completion-2.8-r0: task do_packagedata_setscene: Started
NOTE: recipe shared-mime-info-1.10-r0: task do_packagedata_setscene: Started
NOTE: recipe glib-2.0-2.58.3-r0: task do_packagedata_setscene: Started
NOTE: recipe openssl-1.1.1c-r0: task do_package_write_deb_setscene: Succeeded
NOTE: recipe libffi-3.2.1-r0: task do_populate_sysroot_setscene: Succeeded
NOTE: recipe libpcre-8.43-r0: task do_populate_sysroot_setscene: Succeeded
NOTE: Running setscene task 177 of 183 (/home/deby/poky/meta-debian/recipes-debian/bzip2/bzip2_debian.bb:do_populate_sysroot_setscene)
NOTE: recipe bzip2-1.0.6-r0: task do_populate_sysroot_setscene: Started
NOTE: recipe xz-5.2.4-r0: task do_packagedata_setscene: Succeeded
NOTE: recipe readline-7.0-r0: task do_packagedata_setscene: Succeeded
NOTE: recipe libxml2-2.9.4-r0: task do_packagedata_setscene: Succeeded
NOTE: recipe util-linux-2.32.1-r0: task do_populate_sysroot_setscene: Succeeded
NOTE: Running setscene task 178 of 183 (/home/deby/poky/meta/recipes-support/bash-completion/bash-completion_2.8.bb:do_populate_sysroot_setscene)
NOTE: Running setscene task 179 of 183 (/home/deby/poky/meta-debian/recipes-debian/ncurses/ncurses_debian.bb:do_populate_sysroot_setscene)
NOTE: recipe bash-completion-2.8-r0: task do_populate_sysroot_setscene: Started
NOTE: recipe ncurses-6.1+20181013-r0: task do_populate_sysroot_setscene: Started
NOTE: recipe bzip2-1.0.6-r0: task do_populate_sysroot_setscene: Succeeded
NOTE: recipe util-linux-2.32.1-r0: task do_packagedata_setscene: Succeeded
NOTE: recipe gdbm-1.18.1-r0: task do_packagedata_setscene: Succeeded
NOTE: recipe python3-3.7.2-r0: task do_package_write_deb_setscene: Succeeded
NOTE: Running setscene task 180 of 183 (/home/deby/poky/meta/recipes-devtools/python/python3_3.7.2.bb:do_packagedata_setscene)
NOTE: Running setscene task 181 of 183 (/home/deby/poky/meta-debian/recipes-debian/openssl/openssl_debian.bb:do_packagedata_setscene)
NOTE: Running setscene task 182 of 183 (/home/deby/poky/meta/recipes-support/ca-certificates/ca-certificates_20190110.bb:do_packagedata_setscene)
NOTE: recipe openssl-1.1.1c-r0: task do_packagedata_setscene: Started
NOTE: recipe python3-3.7.2-r0: task do_packagedata_setscene: Started
NOTE: recipe ca-certificates-20190110-r0: task do_packagedata_setscene: Started
NOTE: recipe bash-completion-2.8-r0: task do_populate_sysroot_setscene: Succeeded
NOTE: recipe bash-completion-2.8-r0: task do_packagedata_setscene: Succeeded
NOTE: recipe libtirpc-1.0.3-r0: task do_packagedata_setscene: Succeeded
NOTE: recipe shared-mime-info-1.10-r0: task do_packagedata_setscene: Succeeded
NOTE: recipe ca-certificates-20190110-r0: task do_packagedata_setscene: Succeeded
NOTE: recipe ncurses-6.1+20181013-r0: task do_populate_sysroot_setscene: Succeeded
NOTE: recipe sqlite3-3_3.27.2-r0: task do_packagedata_setscene: Succeeded
NOTE: recipe libpcre-8.43-r0: task do_packagedata_setscene: Succeeded
NOTE: recipe openssl-1.1.1c-r0: task do_packagedata_setscene: Succeeded
NOTE: recipe glib-2.0-2.58.3-r0: task do_packagedata_setscene: Succeeded
NOTE: recipe python3-3.7.2-r0: task do_packagedata_setscene: Succeeded
NOTE: Executing RunQueue Tasks
NOTE: Running noexec task 916 of 916 (/home/deby/poky/meta-debian/recipes-debian/glib-2.0/glib-2.0_debian.bb:do_build)
NOTE: Tasks Summary: Attempted 916 tasks of which 915 didn't need to be rerun and all succeeded.

Summary: There was 1 WARNING message shown.
