Loading cache...done.
Loaded 1748 entries from dependency cache.
NOTE: Resolving any missing task queue dependencies

Build Configuration:
BB_VERSION           = "1.42.0"
BUILD_SYS            = "x86_64-linux"
NATIVELSBSTRING      = "universal"
TARGET_SYS           = "i586-deby-linux"
MACHINE              = "qemux86"
DISTRO               = "deby-tiny"
DISTRO_VERSION       = "10.0"
TUNE_FEATURES        = "m32 i586"
TARGET_FPU           = ""
meta                 
meta-poky            = "warrior:79a850a10a4b88a6d20d607b322542f947874323"
meta-debian          = "warrior:065aa7dcd28d697d2d493e1f188deb4f78253725"

Initialising tasks...done.
Sstate summary: Wanted 7 Found 7 Missed 0 Current 114 (100% match, 100% complete)
NOTE: Executing SetScene Tasks
NOTE: Running setscene task 115 of 121 (/home/deby/poky/meta-debian/recipes-debian/google-authenticator/google-authenticator_debian.bb:do_populate_sysroot_setscene)
NOTE: Running setscene task 116 of 121 (/home/deby/poky/meta-debian/recipes-debian/google-authenticator/google-authenticator_debian.bb:do_package_qa_setscene)
NOTE: Running setscene task 117 of 121 (/home/deby/poky/meta-debian/recipes-debian/google-authenticator/google-authenticator_debian.bb:do_package_write_deb_setscene)
NOTE: Running setscene task 118 of 121 (/home/deby/poky/meta-debian/recipes-debian/google-authenticator/google-authenticator_debian.bb:do_populate_lic_setscene)
NOTE: recipe google-authenticator-20170702-r0: task do_populate_sysroot_setscene: Started
NOTE: recipe google-authenticator-20170702-r0: task do_package_write_deb_setscene: Started
NOTE: recipe google-authenticator-20170702-r0: task do_populate_lic_setscene: Started
NOTE: recipe google-authenticator-20170702-r0: task do_package_qa_setscene: Started
NOTE: recipe google-authenticator-20170702-r0: task do_populate_sysroot_setscene: Succeeded
NOTE: recipe google-authenticator-20170702-r0: task do_package_qa_setscene: Succeeded
NOTE: recipe google-authenticator-20170702-r0: task do_populate_lic_setscene: Succeeded
NOTE: recipe google-authenticator-20170702-r0: task do_package_write_deb_setscene: Succeeded
NOTE: Running setscene task 120 of 121 (/home/deby/poky/meta-debian/recipes-debian/google-authenticator/google-authenticator_debian.bb:do_packagedata_setscene)
NOTE: recipe google-authenticator-20170702-r0: task do_packagedata_setscene: Started
NOTE: recipe google-authenticator-20170702-r0: task do_packagedata_setscene: Succeeded
NOTE: Executing RunQueue Tasks
NOTE: Running noexec task 731 of 731 (/home/deby/poky/meta-debian/recipes-debian/google-authenticator/google-authenticator_debian.bb:do_build)
NOTE: Tasks Summary: Attempted 731 tasks of which 730 didn't need to be rerun and all succeeded.
