WARNING: Host distribution "debian-10" has not been validated with this version of the build system; you may possibly experience unexpected failures. It is recommended that you use a tested distribution.
Loading cache...done.
Loaded 1440 entries from dependency cache.
NOTE: Resolving any missing task queue dependencies

Build Configuration:
BB_VERSION           = "1.42.0"
BUILD_SYS            = "x86_64-linux"
NATIVELSBSTRING      = "universal"
TARGET_SYS           = "i586-deby-linux"
MACHINE              = "qemux86"
DISTRO               = "deby-tiny"
DISTRO_VERSION       = "10.0"
TUNE_FEATURES        = "m32 i586"
TARGET_FPU           = ""
meta                 
meta-poky            = "warrior:51223035e66c5b27799b15a0f8ebe75d24d3971b"
meta-debian          = "warrior-trungdt:47b755ebe41c5afc0ea94d75b55c4f0efd8983fe"

Initialising tasks...done.
Sstate summary: Wanted 11 Found 10 Missed 1 Current 58 (90% match, 98% complete)
NOTE: Executing SetScene Tasks
NOTE: Running setscene task 59 of 69 (/home/deby/poky/meta-debian/recipes-kernel/linux/linux-base_git.bb:do_package_qa_setscene)
NOTE: Running setscene task 60 of 69 (/home/deby/poky/meta-debian/recipes-kernel/linux/linux-base_git.bb:do_package_write_deb_setscene)
NOTE: Running setscene task 61 of 69 (/home/deby/poky/meta-debian/recipes-kernel/linux/linux-base_git.bb:do_deploy_setscene)
WARNING: Exception during build_dependencies for PATH
WARNING: Error during finalise of /home/deby/poky/meta-debian/recipes-kernel/linux/linux-base_git.bb
WARNING: Setscene task (/home/deby/poky/meta-debian/recipes-kernel/linux/linux-base_git.bb:do_package_write_deb_setscene) failed with exit code '1' - real task will be run instead
WARNING: Exception during build_dependencies for PATH
WARNING: Error during finalise of /home/deby/poky/meta-debian/recipes-kernel/linux/linux-base_git.bb
WARNING: Setscene task (/home/deby/poky/meta-debian/recipes-kernel/linux/linux-base_git.bb:do_deploy_setscene) failed with exit code '1' - real task will be run instead
NOTE: Running setscene task 63 of 69 (/home/deby/poky/meta-debian/recipes-kernel/linux/linux-base_git.bb:do_populate_sysroot_setscene)
NOTE: Running setscene task 64 of 69 (/home/deby/poky/meta/recipes-kernel/kmod/depmodwrapper-cross_1.0.bb:do_populate_sysroot_setscene)
NOTE: recipe linux-base-gitAUTOINC+2951eded01-r0: task do_package_qa_setscene: Started
NOTE: recipe depmodwrapper-cross-1.0-r0: task do_populate_sysroot_setscene: Started
NOTE: recipe linux-base-gitAUTOINC+2951eded01-r0: task do_populate_sysroot_setscene: Started
NOTE: recipe linux-base-gitAUTOINC+2951eded01-r0: task do_package_qa_setscene: Succeeded
NOTE: Running setscene task 65 of 69 (/home/deby/poky/meta-debian/recipes-kernel/linux/linux-base_git.bb:do_packagedata_setscene)
NOTE: recipe linux-base-gitAUTOINC+2951eded01-r0: task do_packagedata_setscene: Started
NOTE: recipe depmodwrapper-cross-1.0-r0: task do_populate_sysroot_setscene: Succeeded
NOTE: recipe linux-base-gitAUTOINC+2951eded01-r0: task do_populate_sysroot_setscene: Succeeded
NOTE: recipe linux-base-gitAUTOINC+2951eded01-r0: task do_packagedata_setscene: Succeeded
NOTE: Running setscene task 66 of 69 (/home/deby/poky/meta-debian/recipes-kernel/linux/linux-base_git.bb:do_package_setscene)
NOTE: recipe linux-base-gitAUTOINC+2951eded01-r0: task do_package_setscene: Started
NOTE: recipe linux-base-gitAUTOINC+2951eded01-r0: task do_package_setscene: Succeeded
NOTE: Running setscene task 68 of 69 (/home/deby/poky/meta-debian/recipes-debian/gcc/gcc-cross_debian.bb:do_populate_sysroot_setscene)
NOTE: recipe gcc-cross-i586-8.3.0-r0: task do_populate_sysroot_setscene: Started
NOTE: recipe gcc-cross-i586-8.3.0-r0: task do_populate_sysroot_setscene: Succeeded
NOTE: Running setscene task 69 of 69 (/home/deby/poky/meta-debian/recipes-debian/binutils/binutils-cross_debian.bb:do_populate_sysroot_setscene)
NOTE: recipe binutils-cross-i586-2.31.1-r0: task do_populate_sysroot_setscene: Started
NOTE: recipe binutils-cross-i586-2.31.1-r0: task do_populate_sysroot_setscene: Succeeded
NOTE: Executing RunQueue Tasks
NOTE: Running task 126 of 526 (/home/deby/poky/meta-debian/recipes-kernel/linux-libc-headers/linux-libc-headers-base_git.bb:do_fetch)
NOTE: recipe linux-libc-headers-base-gitAUTOINC+2951eded01-r0: task do_fetch: Started
NOTE: recipe linux-libc-headers-base-gitAUTOINC+2951eded01-r0: task do_fetch: Succeeded
NOTE: Running task 489 of 526 (/home/deby/poky/meta-debian/recipes-kernel/linux/linux-base_git.bb:do_fetch)
NOTE: recipe linux-base-gitAUTOINC+2951eded01-r0: task do_fetch: Started
NOTE: recipe linux-base-gitAUTOINC+2951eded01-r0: task do_fetch: Succeeded
NOTE: Running task 506 of 526 (/home/deby/poky/meta-debian/recipes-kernel/linux/linux-base_git.bb:do_unpack)
NOTE: Running task 507 of 526 (/home/deby/poky/meta-debian/recipes-kernel/linux/linux-base_git.bb:do_prepare_recipe_sysroot)
NOTE: recipe linux-base-gitAUTOINC+2951eded01-r0: task do_unpack: Started
NOTE: recipe linux-base-gitAUTOINC+2951eded01-r0: task do_prepare_recipe_sysroot: Started
NOTE: recipe linux-base-gitAUTOINC+2951eded01-r0: task do_prepare_recipe_sysroot: Succeeded
NOTE: recipe linux-base-gitAUTOINC+2951eded01-r0: task do_unpack: Succeeded
NOTE: Running task 508 of 526 (/home/deby/poky/meta-debian/recipes-kernel/linux/linux-base_git.bb:do_patch)
NOTE: Running task 509 of 526 (/home/deby/poky/meta-debian/recipes-kernel/linux/linux-base_git.bb:do_symlink_kernsrc)
NOTE: recipe linux-base-gitAUTOINC+2951eded01-r0: task do_patch: Started
NOTE: recipe linux-base-gitAUTOINC+2951eded01-r0: task do_symlink_kernsrc: Started
NOTE: recipe linux-base-gitAUTOINC+2951eded01-r0: task do_patch: Succeeded
NOTE: recipe linux-base-gitAUTOINC+2951eded01-r0: task do_symlink_kernsrc: Succeeded
NOTE: Running task 511 of 526 (/home/deby/poky/meta-debian/recipes-kernel/linux/linux-base_git.bb:do_configure)
NOTE: recipe linux-base-gitAUTOINC+2951eded01-r0: task do_configure: Started
NOTE: recipe linux-base-gitAUTOINC+2951eded01-r0: task do_configure: Succeeded
NOTE: Running task 512 of 526 (/home/deby/poky/meta-debian/recipes-kernel/linux/linux-base_git.bb:do_compile)
NOTE: recipe linux-base-gitAUTOINC+2951eded01-r0: task do_compile: Started
NOTE: recipe linux-base-gitAUTOINC+2951eded01-r0: task do_compile: Succeeded
NOTE: Running task 513 of 526 (/home/deby/poky/meta-debian/recipes-kernel/linux/linux-base_git.bb:do_shared_workdir)
NOTE: Running task 514 of 526 (/home/deby/poky/meta-debian/recipes-kernel/linux/linux-base_git.bb:do_kernel_link_images)
NOTE: recipe linux-base-gitAUTOINC+2951eded01-r0: task do_shared_workdir: Started
NOTE: recipe linux-base-gitAUTOINC+2951eded01-r0: task do_kernel_link_images: Started
NOTE: recipe linux-base-gitAUTOINC+2951eded01-r0: task do_kernel_link_images: Succeeded
NOTE: recipe linux-base-gitAUTOINC+2951eded01-r0: task do_shared_workdir: Succeeded
NOTE: Running task 515 of 526 (/home/deby/poky/meta-debian/recipes-kernel/linux/linux-base_git.bb:do_compile_kernelmodules)
NOTE: recipe linux-base-gitAUTOINC+2951eded01-r0: task do_compile_kernelmodules: Started
NOTE: recipe linux-base-gitAUTOINC+2951eded01-r0: task do_compile_kernelmodules: Succeeded
NOTE: Running task 516 of 526 (/home/deby/poky/meta-debian/recipes-kernel/linux/linux-base_git.bb:do_strip)
NOTE: recipe linux-base-gitAUTOINC+2951eded01-r0: task do_strip: Started
NOTE: recipe linux-base-gitAUTOINC+2951eded01-r0: task do_strip: Succeeded
NOTE: Running task 517 of 526 (/home/deby/poky/meta-debian/recipes-kernel/linux/linux-base_git.bb:do_sizecheck)
NOTE: recipe linux-base-gitAUTOINC+2951eded01-r0: task do_sizecheck: Started
NOTE: recipe linux-base-gitAUTOINC+2951eded01-r0: task do_sizecheck: Succeeded
NOTE: Running task 518 of 526 (/home/deby/poky/meta-debian/recipes-kernel/linux/linux-base_git.bb:do_install)
NOTE: recipe linux-base-gitAUTOINC+2951eded01-r0: task do_install: Started
NOTE: recipe linux-base-gitAUTOINC+2951eded01-r0: task do_install: Succeeded
NOTE: Running task 522 of 526 (/home/deby/poky/meta-debian/recipes-kernel/linux/linux-base_git.bb:do_bundle_initramfs)
NOTE: Running task 523 of 526 (/home/deby/poky/meta-debian/recipes-kernel/linux/linux-base_git.bb:do_package_write_deb)
NOTE: recipe linux-base-gitAUTOINC+2951eded01-r0: task do_package_write_deb: Started
NOTE: recipe linux-base-gitAUTOINC+2951eded01-r0: task do_bundle_initramfs: Started
NOTE: recipe linux-base-gitAUTOINC+2951eded01-r0: task do_bundle_initramfs: Succeeded
NOTE: Running task 525 of 526 (/home/deby/poky/meta-debian/recipes-kernel/linux/linux-base_git.bb:do_deploy)
NOTE: recipe linux-base-gitAUTOINC+2951eded01-r0: task do_deploy: Started
NOTE: recipe linux-base-gitAUTOINC+2951eded01-r0: task do_deploy: Succeeded
NOTE: recipe linux-base-gitAUTOINC+2951eded01-r0: task do_package_write_deb: Succeeded
NOTE: Running noexec task 526 of 526 (/home/deby/poky/meta-debian/recipes-kernel/linux/linux-base_git.bb:do_build)
NOTE: Tasks Summary: Attempted 526 tasks of which 508 didn't need to be rerun and all succeeded.

Summary: There were 5 WARNING messages shown.
