WARNING: Host distribution "debian-10" has not been validated with this version of the build system; you may possibly experience unexpected failures. It is recommended that you use a tested distribution.
Loading cache...done.
Loaded 1440 entries from dependency cache.
NOTE: Resolving any missing task queue dependencies

Build Configuration:
BB_VERSION           = "1.42.0"
BUILD_SYS            = "x86_64-linux"
NATIVELSBSTRING      = "universal"
TARGET_SYS           = "i586-deby-linux"
MACHINE              = "qemux86"
DISTRO               = "deby-tiny"
DISTRO_VERSION       = "10.0"
TUNE_FEATURES        = "m32 i586"
TARGET_FPU           = ""
meta                 
meta-poky            = "warrior:51223035e66c5b27799b15a0f8ebe75d24d3971b"
meta-debian          = "warrior-trungdt:47b755ebe41c5afc0ea94d75b55c4f0efd8983fe"

Initialising tasks...done.
Sstate summary: Wanted 88 Found 1 Missed 87 Current 59 (1% match, 40% complete)
NOTE: Executing SetScene Tasks
NOTE: Executing RunQueue Tasks
NOTE: Running task 255 of 742 (virtual:nativesdk:/home/deby/poky/meta-debian/recipes-debian/glibc/glibc_debian.bb:do_debian_patch)
NOTE: Running task 482 of 742 (virtual:nativesdk:/home/deby/poky/meta-debian/recipes-debian/ncurses/ncurses_debian.bb:do_debian_patch)
NOTE: Running task 496 of 742 (virtual:nativesdk:/home/deby/poky/meta-debian/recipes-debian/zlib/zlib_debian.bb:do_debian_patch)
NOTE: Running task 514 of 742 (virtual:nativesdk:/home/deby/poky/meta-debian/recipes-debian/bzip2/bzip2_debian.bb:do_debian_patch)
NOTE: Running task 516 of 742 (virtual:nativesdk:/home/deby/poky/meta-debian/recipes-debian/openssl/openssl_debian.bb:do_debian_patch)
NOTE: Running task 531 of 742 (virtual:nativesdk:/home/deby/poky/meta-debian/recipes-debian/readline/readline_debian.bb:do_debian_patch)
NOTE: recipe nativesdk-openssl-1.1.1c-r0: task do_debian_patch: Started
NOTE: recipe nativesdk-zlib-1.2.11-r0: task do_debian_patch: Started
NOTE: recipe nativesdk-readline-7.0-r0: task do_debian_patch: Started
NOTE: recipe nativesdk-ncurses-6.1+20181013-r0: task do_debian_patch: Started
ERROR: nativesdk-openssl-1.1.1c-r0 do_debian_patch: unknown quilt patches already applied
ERROR: nativesdk-openssl-1.1.1c-r0 do_debian_patch: Function failed: do_debian_patch (log file is located at /home/deby/build/tmp/work/x86_64-nativesdk-debysdk-linux/nativesdk-openssl/1.1.1c-r0/temp/log.do_debian_patch.25888)
ERROR: Logfile of failure stored in: /home/deby/build/tmp/work/x86_64-nativesdk-debysdk-linux/nativesdk-openssl/1.1.1c-r0/temp/log.do_debian_patch.25888
NOTE: recipe nativesdk-openssl-1.1.1c-r0: task do_debian_patch: Failed
NOTE: recipe nativesdk-glibc-2.28-r0: task do_debian_patch: Started
ERROR: nativesdk-zlib-1.2.11-r0 do_debian_patch: unknown quilt patches already applied
ERROR: nativesdk-zlib-1.2.11-r0 do_debian_patch: Function failed: do_debian_patch (log file is located at /home/deby/build/tmp/work/x86_64-nativesdk-debysdk-linux/nativesdk-zlib/1.2.11-r0/temp/log.do_debian_patch.25886)
ERROR: Task (virtual:nativesdk:/home/deby/poky/meta-debian/recipes-debian/openssl/openssl_debian.bb:do_debian_patch) failed with exit code '1'
ERROR: Logfile of failure stored in: /home/deby/build/tmp/work/x86_64-nativesdk-debysdk-linux/nativesdk-zlib/1.2.11-r0/temp/log.do_debian_patch.25886
NOTE: recipe nativesdk-zlib-1.2.11-r0: task do_debian_patch: Failed
NOTE: recipe nativesdk-bzip2-1.0.6-r0: task do_debian_patch: Started
ERROR: Task (virtual:nativesdk:/home/deby/poky/meta-debian/recipes-debian/zlib/zlib_debian.bb:do_debian_patch) failed with exit code '1'
ERROR: nativesdk-readline-7.0-r0 do_debian_patch: unknown quilt patches already applied
ERROR: nativesdk-readline-7.0-r0 do_debian_patch: Function failed: do_debian_patch (log file is located at /home/deby/build/tmp/work/x86_64-nativesdk-debysdk-linux/nativesdk-readline/7.0-r0/temp/log.do_debian_patch.25889)
ERROR: Logfile of failure stored in: /home/deby/build/tmp/work/x86_64-nativesdk-debysdk-linux/nativesdk-readline/7.0-r0/temp/log.do_debian_patch.25889
NOTE: recipe nativesdk-readline-7.0-r0: task do_debian_patch: Failed
ERROR: Task (virtual:nativesdk:/home/deby/poky/meta-debian/recipes-debian/readline/readline_debian.bb:do_debian_patch) failed with exit code '1'
ERROR: nativesdk-ncurses-6.1+20181013-r0 do_debian_patch: unknown quilt patches already applied
ERROR: nativesdk-ncurses-6.1+20181013-r0 do_debian_patch: Function failed: do_debian_patch (log file is located at /home/deby/build/tmp/work/x86_64-nativesdk-debysdk-linux/nativesdk-ncurses/6.1+20181013-r0/temp/log.do_debian_patch.25885)
ERROR: Logfile of failure stored in: /home/deby/build/tmp/work/x86_64-nativesdk-debysdk-linux/nativesdk-ncurses/6.1+20181013-r0/temp/log.do_debian_patch.25885
NOTE: recipe nativesdk-ncurses-6.1+20181013-r0: task do_debian_patch: Failed
ERROR: Task (virtual:nativesdk:/home/deby/poky/meta-debian/recipes-debian/ncurses/ncurses_debian.bb:do_debian_patch) failed with exit code '1'
ERROR: nativesdk-glibc-2.28-r0 do_debian_patch: unknown quilt patches already applied
ERROR: nativesdk-glibc-2.28-r0 do_debian_patch: Function failed: do_debian_patch (log file is located at /home/deby/build/tmp/work/x86_64-nativesdk-debysdk-linux/nativesdk-glibc/2.28-r0/temp/log.do_debian_patch.25884)
ERROR: nativesdk-bzip2-1.0.6-r0 do_debian_patch: unknown quilt patches already applied
ERROR: nativesdk-bzip2-1.0.6-r0 do_debian_patch: Function failed: do_debian_patch (log file is located at /home/deby/build/tmp/work/x86_64-nativesdk-debysdk-linux/nativesdk-bzip2/1.0.6-r0/temp/log.do_debian_patch.25887)
ERROR: Logfile of failure stored in: /home/deby/build/tmp/work/x86_64-nativesdk-debysdk-linux/nativesdk-glibc/2.28-r0/temp/log.do_debian_patch.25884
NOTE: recipe nativesdk-glibc-2.28-r0: task do_debian_patch: Failed
ERROR: Logfile of failure stored in: /home/deby/build/tmp/work/x86_64-nativesdk-debysdk-linux/nativesdk-bzip2/1.0.6-r0/temp/log.do_debian_patch.25887
NOTE: recipe nativesdk-bzip2-1.0.6-r0: task do_debian_patch: Failed
ERROR: Task (virtual:nativesdk:/home/deby/poky/meta-debian/recipes-debian/glibc/glibc_debian.bb:do_debian_patch) failed with exit code '1'
ERROR: Task (virtual:nativesdk:/home/deby/poky/meta-debian/recipes-debian/bzip2/bzip2_debian.bb:do_debian_patch) failed with exit code '1'
NOTE: Tasks Summary: Attempted 561 tasks of which 555 didn't need to be rerun and 6 failed.

Summary: 6 tasks failed:
  virtual:nativesdk:/home/deby/poky/meta-debian/recipes-debian/openssl/openssl_debian.bb:do_debian_patch
  virtual:nativesdk:/home/deby/poky/meta-debian/recipes-debian/zlib/zlib_debian.bb:do_debian_patch
  virtual:nativesdk:/home/deby/poky/meta-debian/recipes-debian/readline/readline_debian.bb:do_debian_patch
  virtual:nativesdk:/home/deby/poky/meta-debian/recipes-debian/ncurses/ncurses_debian.bb:do_debian_patch
  virtual:nativesdk:/home/deby/poky/meta-debian/recipes-debian/glibc/glibc_debian.bb:do_debian_patch
  virtual:nativesdk:/home/deby/poky/meta-debian/recipes-debian/bzip2/bzip2_debian.bb:do_debian_patch
Summary: There was 1 WARNING message shown.
Summary: There were 12 ERROR messages shown, returning a non-zero exit code.
