Loading cache...done.
Loaded 1723 entries from dependency cache.
NOTE: Resolving any missing task queue dependencies

Build Configuration:
BB_VERSION           = "1.42.0"
BUILD_SYS            = "x86_64-linux"
NATIVELSBSTRING      = "universal"
TARGET_SYS           = "i586-deby-linux"
MACHINE              = "qemux86"
DISTRO               = "deby-tiny"
DISTRO_VERSION       = "10.0"
TUNE_FEATURES        = "m32 i586"
TARGET_FPU           = ""
meta                 
meta-poky            = "warrior:79a850a10a4b88a6d20d607b322542f947874323"
meta-debian          = "warrior:79407869d1e56b8c7cb9ac0a9a48a4923ffa202b"

Initialising tasks...done.
Sstate summary: Wanted 6 Found 0 Missed 6 Current 198 (0% match, 97% complete)
NOTE: Executing SetScene Tasks
NOTE: Executing RunQueue Tasks
NOTE: Running task 806 of 1074 (/home/deby/poky/meta-debian/recipes-debian/ntpsec/ntpsec_debian.bb:do_unpack)
NOTE: Running task 946 of 1074 (/home/deby/poky/meta-debian/recipes-debian/ntpsec/ntpsec_debian.bb:do_prepare_recipe_sysroot)
NOTE: recipe ntpsec-1.1.3-r0: task do_unpack: Started
NOTE: recipe ntpsec-1.1.3-r0: task do_prepare_recipe_sysroot: Started
NOTE: recipe ntpsec-1.1.3-r0: task do_unpack: Succeeded
NOTE: Running task 1062 of 1074 (/home/deby/poky/meta-debian/recipes-debian/ntpsec/ntpsec_debian.bb:do_debian_unpack_extra)
NOTE: recipe ntpsec-1.1.3-r0: task do_debian_unpack_extra: Started
NOTE: recipe ntpsec-1.1.3-r0: task do_debian_unpack_extra: Succeeded
NOTE: Running task 1063 of 1074 (/home/deby/poky/meta-debian/recipes-debian/ntpsec/ntpsec_debian.bb:do_debian_patch)
NOTE: recipe ntpsec-1.1.3-r0: task do_debian_patch: Started
NOTE: recipe ntpsec-1.1.3-r0: task do_prepare_recipe_sysroot: Succeeded
NOTE: recipe ntpsec-1.1.3-r0: task do_debian_patch: Succeeded
NOTE: Running task 1064 of 1074 (/home/deby/poky/meta-debian/recipes-debian/ntpsec/ntpsec_debian.bb:do_patch)
NOTE: recipe ntpsec-1.1.3-r0: task do_patch: Started
NOTE: recipe ntpsec-1.1.3-r0: task do_patch: Succeeded
NOTE: Running task 1065 of 1074 (/home/deby/poky/meta-debian/recipes-debian/ntpsec/ntpsec_debian.bb:do_configure)
NOTE: Running task 1066 of 1074 (/home/deby/poky/meta-debian/recipes-debian/ntpsec/ntpsec_debian.bb:do_populate_lic)
NOTE: recipe ntpsec-1.1.3-r0: task do_populate_lic: Started
NOTE: recipe ntpsec-1.1.3-r0: task do_configure: Started
NOTE: recipe ntpsec-1.1.3-r0: task do_populate_lic: Succeeded
NOTE: recipe ntpsec-1.1.3-r0: task do_configure: Succeeded
NOTE: Running task 1067 of 1074 (/home/deby/poky/meta-debian/recipes-debian/ntpsec/ntpsec_debian.bb:do_compile)
NOTE: recipe ntpsec-1.1.3-r0: task do_compile: Started
NOTE: recipe ntpsec-1.1.3-r0: task do_compile: Succeeded
NOTE: Running task 1068 of 1074 (/home/deby/poky/meta-debian/recipes-debian/ntpsec/ntpsec_debian.bb:do_install)
NOTE: recipe ntpsec-1.1.3-r0: task do_install: Started
NOTE: recipe ntpsec-1.1.3-r0: task do_install: Succeeded
NOTE: Running task 1069 of 1074 (/home/deby/poky/meta-debian/recipes-debian/ntpsec/ntpsec_debian.bb:do_package)
NOTE: Running task 1070 of 1074 (/home/deby/poky/meta-debian/recipes-debian/ntpsec/ntpsec_debian.bb:do_populate_sysroot)
NOTE: recipe ntpsec-1.1.3-r0: task do_populate_sysroot: Started
NOTE: recipe ntpsec-1.1.3-r0: task do_package: Started
NOTE: recipe ntpsec-1.1.3-r0: task do_populate_sysroot: Succeeded
NOTE: recipe ntpsec-1.1.3-r0: task do_package: Succeeded
NOTE: Running task 1071 of 1074 (/home/deby/poky/meta-debian/recipes-debian/ntpsec/ntpsec_debian.bb:do_packagedata)
NOTE: recipe ntpsec-1.1.3-r0: task do_packagedata: Started
NOTE: recipe ntpsec-1.1.3-r0: task do_packagedata: Succeeded
NOTE: Running task 1072 of 1074 (/home/deby/poky/meta-debian/recipes-debian/ntpsec/ntpsec_debian.bb:do_package_write_deb)
NOTE: Running task 1073 of 1074 (/home/deby/poky/meta-debian/recipes-debian/ntpsec/ntpsec_debian.bb:do_package_qa)
NOTE: recipe ntpsec-1.1.3-r0: task do_package_write_deb: Started
NOTE: recipe ntpsec-1.1.3-r0: task do_package_qa: Started
NOTE: recipe ntpsec-1.1.3-r0: task do_package_qa: Succeeded
NOTE: recipe ntpsec-1.1.3-r0: task do_package_write_deb: Succeeded
NOTE: Running noexec task 1074 of 1074 (/home/deby/poky/meta-debian/recipes-debian/ntpsec/ntpsec_debian.bb:do_build)
NOTE: Tasks Summary: Attempted 1074 tasks of which 1059 didn't need to be rerun and all succeeded.
