Loading cache...done.
Loaded 1825 entries from dependency cache.
Parsing recipes...done.
Parsing of 1043 .bb files complete (1041 cached, 2 parsed). 1828 targets, 209 skipped, 0 masked, 0 errors.
NOTE: Resolving any missing task queue dependencies

Build Configuration:
BB_VERSION           = "1.42.0"
BUILD_SYS            = "x86_64-linux"
NATIVELSBSTRING      = "universal"
TARGET_SYS           = "i586-deby-linux"
MACHINE              = "qemux86"
DISTRO               = "deby-tiny"
DISTRO_VERSION       = "10.0"
TUNE_FEATURES        = "m32 i586"
TARGET_FPU           = ""
meta                 
meta-poky            = "warrior:79a850a10a4b88a6d20d607b322542f947874323"
meta-debian          = "warrior:2fa6d8525f0464064f8764856015185a0c4e5411"

Initialising tasks...done.
Sstate summary: Wanted 9 Found 1 Missed 8 Current 131 (11% match, 94% complete)
NOTE: Executing SetScene Tasks
NOTE: Running setscene task 137 of 140 (/home/deby/poky/meta-debian/recipes-debian/openssh/openssh_debian.bb:do_populate_lic_setscene)
NOTE: recipe openssh-7.9p1-r0: task do_populate_lic_setscene: Started
NOTE: recipe openssh-7.9p1-r0: task do_populate_lic_setscene: Succeeded
NOTE: Executing RunQueue Tasks
NOTE: Running task 592 of 801 (/home/deby/poky/meta-debian/recipes-debian/openssh/openssh_debian.bb:do_fetch)
NOTE: Running task 724 of 801 (/home/deby/poky/meta-debian/recipes-debian/rng-tools/rng-tools_debian.bb:do_prepare_recipe_sysroot)
NOTE: recipe openssh-7.9p1-r0: task do_fetch: Started
NOTE: recipe rng-tools-2-unofficial-mt.14-r0: task do_prepare_recipe_sysroot: Started
NOTE: recipe openssh-7.9p1-r0: task do_fetch: Succeeded
NOTE: Running task 781 of 801 (/home/deby/poky/meta-debian/recipes-debian/openssh/openssh_debian.bb:do_unpack)
NOTE: Running task 782 of 801 (/home/deby/poky/meta-debian/recipes-debian/openssh/openssh_debian.bb:do_prepare_recipe_sysroot)
NOTE: recipe rng-tools-2-unofficial-mt.14-r0: task do_prepare_recipe_sysroot: Succeeded
NOTE: Running task 783 of 801 (/home/deby/poky/meta-debian/recipes-debian/rng-tools/rng-tools_debian.bb:do_configure)
NOTE: recipe openssh-7.9p1-r0: task do_prepare_recipe_sysroot: Started
NOTE: recipe openssh-7.9p1-r0: task do_unpack: Started
NOTE: recipe rng-tools-2-unofficial-mt.14-r0: task do_configure: Started
NOTE: recipe openssh-7.9p1-r0: task do_prepare_recipe_sysroot: Succeeded
NOTE: recipe openssh-7.9p1-r0: task do_unpack: Succeeded
NOTE: Running task 784 of 801 (/home/deby/poky/meta-debian/recipes-debian/openssh/openssh_debian.bb:do_debian_unpack_extra)
NOTE: recipe openssh-7.9p1-r0: task do_debian_unpack_extra: Started
NOTE: recipe openssh-7.9p1-r0: task do_debian_unpack_extra: Succeeded
NOTE: Running task 785 of 801 (/home/deby/poky/meta-debian/recipes-debian/openssh/openssh_debian.bb:do_debian_patch)
NOTE: recipe openssh-7.9p1-r0: task do_debian_patch: Started
NOTE: recipe openssh-7.9p1-r0: task do_debian_patch: Succeeded
NOTE: Running task 786 of 801 (/home/deby/poky/meta-debian/recipes-debian/openssh/openssh_debian.bb:do_patch)
NOTE: recipe openssh-7.9p1-r0: task do_patch: Started
NOTE: recipe openssh-7.9p1-r0: task do_patch: Succeeded
NOTE: Running task 787 of 801 (/home/deby/poky/meta-debian/recipes-debian/openssh/openssh_debian.bb:do_configure)
NOTE: recipe openssh-7.9p1-r0: task do_configure: Started
NOTE: recipe rng-tools-2-unofficial-mt.14-r0: task do_configure: Succeeded
NOTE: Running task 789 of 801 (/home/deby/poky/meta-debian/recipes-debian/rng-tools/rng-tools_debian.bb:do_compile)
NOTE: recipe rng-tools-2-unofficial-mt.14-r0: task do_compile: Started
NOTE: recipe rng-tools-2-unofficial-mt.14-r0: task do_compile: Succeeded
NOTE: Running task 790 of 801 (/home/deby/poky/meta-debian/recipes-debian/rng-tools/rng-tools_debian.bb:do_install)
NOTE: recipe rng-tools-2-unofficial-mt.14-r0: task do_install: Started
NOTE: recipe rng-tools-2-unofficial-mt.14-r0: task do_install: Succeeded
NOTE: Running task 791 of 801 (/home/deby/poky/meta-debian/recipes-debian/rng-tools/rng-tools_debian.bb:do_package)
NOTE: recipe rng-tools-2-unofficial-mt.14-r0: task do_package: Started
NOTE: recipe rng-tools-2-unofficial-mt.14-r0: task do_package: Succeeded
NOTE: Running task 792 of 801 (/home/deby/poky/meta-debian/recipes-debian/rng-tools/rng-tools_debian.bb:do_packagedata)
NOTE: recipe rng-tools-2-unofficial-mt.14-r0: task do_packagedata: Started
NOTE: recipe rng-tools-2-unofficial-mt.14-r0: task do_packagedata: Succeeded
NOTE: Running task 793 of 801 (/home/deby/poky/meta-debian/recipes-debian/rng-tools/rng-tools_debian.bb:do_package_write_deb)
NOTE: recipe rng-tools-2-unofficial-mt.14-r0: task do_package_write_deb: Started
NOTE: recipe rng-tools-2-unofficial-mt.14-r0: task do_package_write_deb: Succeeded
NOTE: recipe openssh-7.9p1-r0: task do_configure: Succeeded
NOTE: Running task 794 of 801 (/home/deby/poky/meta-debian/recipes-debian/openssh/openssh_debian.bb:do_compile)
NOTE: recipe openssh-7.9p1-r0: task do_compile: Started
NOTE: recipe openssh-7.9p1-r0: task do_compile: Succeeded
NOTE: Running task 795 of 801 (/home/deby/poky/meta-debian/recipes-debian/openssh/openssh_debian.bb:do_install)
NOTE: recipe openssh-7.9p1-r0: task do_install: Started
NOTE: recipe openssh-7.9p1-r0: task do_install: Succeeded
NOTE: Running task 796 of 801 (/home/deby/poky/meta-debian/recipes-debian/openssh/openssh_debian.bb:do_package)
NOTE: Running task 797 of 801 (/home/deby/poky/meta-debian/recipes-debian/openssh/openssh_debian.bb:do_populate_sysroot)
NOTE: recipe openssh-7.9p1-r0: task do_populate_sysroot: Started
NOTE: recipe openssh-7.9p1-r0: task do_package: Started
NOTE: recipe openssh-7.9p1-r0: task do_populate_sysroot: Succeeded
NOTE: recipe openssh-7.9p1-r0: task do_package: Succeeded
NOTE: Running task 798 of 801 (/home/deby/poky/meta-debian/recipes-debian/openssh/openssh_debian.bb:do_packagedata)
NOTE: recipe openssh-7.9p1-r0: task do_packagedata: Started
NOTE: recipe openssh-7.9p1-r0: task do_packagedata: Succeeded
NOTE: Running task 799 of 801 (/home/deby/poky/meta-debian/recipes-debian/openssh/openssh_debian.bb:do_package_write_deb)
NOTE: Running task 800 of 801 (/home/deby/poky/meta-debian/recipes-debian/openssh/openssh_debian.bb:do_package_qa)
NOTE: recipe openssh-7.9p1-r0: task do_package_qa: Started
NOTE: recipe openssh-7.9p1-r0: task do_package_write_deb: Started
NOTE: recipe openssh-7.9p1-r0: task do_package_qa: Succeeded
NOTE: recipe openssh-7.9p1-r0: task do_package_write_deb: Succeeded
NOTE: Running noexec task 801 of 801 (/home/deby/poky/meta-debian/recipes-debian/openssh/openssh_debian.bb:do_build)
NOTE: Tasks Summary: Attempted 801 tasks of which 779 didn't need to be rerun and all succeeded.
