Loading cache...done.
Loaded 1825 entries from dependency cache.
Parsing recipes...done.
Parsing of 1043 .bb files complete (1041 cached, 2 parsed). 1828 targets, 206 skipped, 0 masked, 0 errors.
NOTE: Resolving any missing task queue dependencies

Build Configuration:
BB_VERSION           = "1.42.0"
BUILD_SYS            = "x86_64-linux"
NATIVELSBSTRING      = "universal"
TARGET_SYS           = "i586-deby-linux"
MACHINE              = "qemux86"
DISTRO               = "deby-tiny"
DISTRO_VERSION       = "10.0"
TUNE_FEATURES        = "m32 i586"
TARGET_FPU           = ""
meta                 
meta-poky            = "warrior:79a850a10a4b88a6d20d607b322542f947874323"
meta-debian          = "warrior:2fa6d8525f0464064f8764856015185a0c4e5411"

Initialising tasks...done.
Sstate summary: Wanted 47 Found 11 Missed 36 Current 209 (23% match, 85% complete)
NOTE: Executing SetScene Tasks
NOTE: Running setscene task 215 of 256 (/home/deby/poky/meta-debian/recipes-debian/pam/libpam_debian.bb:do_package_write_deb_setscene)
NOTE: Running setscene task 220 of 256 (/home/deby/poky/meta-debian/recipes-debian/coreutils/coreutils_debian.bb:do_package_write_deb_setscene)
NOTE: Running setscene task 225 of 256 (/home/deby/poky/meta-debian/recipes-debian/libcap/libcap_debian.bb:do_package_write_deb_setscene)
NOTE: recipe libpam-1.3.1-r0: task do_package_write_deb_setscene: Started
NOTE: recipe coreutils-8.30-r0: task do_package_write_deb_setscene: Started
NOTE: recipe libcap-2.25-r0: task do_package_write_deb_setscene: Started
NOTE: recipe libpam-1.3.1-r0: task do_package_write_deb_setscene: Succeeded
NOTE: recipe libcap-2.25-r0: task do_package_write_deb_setscene: Succeeded
NOTE: recipe coreutils-8.30-r0: task do_package_write_deb_setscene: Succeeded
NOTE: Running setscene task 249 of 256 (/home/deby/poky/meta-debian/recipes-debian/coreutils/coreutils_debian.bb:do_packagedata_setscene)
NOTE: recipe coreutils-8.30-r0: task do_packagedata_setscene: Started
NOTE: recipe coreutils-8.30-r0: task do_packagedata_setscene: Succeeded
NOTE: Running setscene task 252 of 256 (/home/deby/poky/meta-debian/recipes-debian/libcap/libcap_debian.bb:do_packagedata_setscene)
NOTE: recipe libcap-2.25-r0: task do_packagedata_setscene: Started
NOTE: recipe libcap-2.25-r0: task do_packagedata_setscene: Succeeded
NOTE: Running setscene task 254 of 256 (/home/deby/poky/meta-debian/recipes-debian/pam/libpam_debian.bb:do_populate_sysroot_setscene)
NOTE: Running setscene task 255 of 256 (/home/deby/poky/meta-debian/recipes-debian/pam/libpam_debian.bb:do_packagedata_setscene)
NOTE: recipe libpam-1.3.1-r0: task do_populate_sysroot_setscene: Started
NOTE: recipe libpam-1.3.1-r0: task do_packagedata_setscene: Started
NOTE: recipe libpam-1.3.1-r0: task do_populate_sysroot_setscene: Succeeded
NOTE: recipe libpam-1.3.1-r0: task do_packagedata_setscene: Succeeded
NOTE: Executing RunQueue Tasks
NOTE: Running task 738 of 1288 (/home/deby/poky/meta-debian/recipes-debian/util-linux/util-linux_debian.bb:do_prepare_recipe_sysroot)
NOTE: Running task 901 of 1288 (/home/deby/poky/meta-debian/recipes-debian/kmod/kmod_debian.bb:do_prepare_recipe_sysroot)
NOTE: recipe util-linux-2.33.1-r0: task do_prepare_recipe_sysroot: Started
NOTE: recipe kmod-26-r0: task do_prepare_recipe_sysroot: Started
NOTE: recipe util-linux-2.33.1-r0: task do_prepare_recipe_sysroot: Succeeded
NOTE: Running task 1218 of 1288 (/home/deby/poky/meta-debian/recipes-debian/util-linux/util-linux_debian.bb:do_configure)
NOTE: recipe util-linux-2.33.1-r0: task do_configure: Started
NOTE: recipe kmod-26-r0: task do_prepare_recipe_sysroot: Succeeded
NOTE: Running task 1219 of 1288 (/home/deby/poky/meta-debian/recipes-debian/kmod/kmod_debian.bb:do_configure)
NOTE: recipe kmod-26-r0: task do_configure: Started
NOTE: recipe kmod-26-r0: task do_configure: Succeeded
NOTE: Running task 1220 of 1288 (/home/deby/poky/meta-debian/recipes-debian/kmod/kmod_debian.bb:do_compile)
NOTE: recipe kmod-26-r0: task do_compile: Started
NOTE: recipe kmod-26-r0: task do_compile: Succeeded
NOTE: Running task 1221 of 1288 (/home/deby/poky/meta-debian/recipes-debian/kmod/kmod_debian.bb:do_install)
NOTE: recipe kmod-26-r0: task do_install: Started
NOTE: recipe kmod-26-r0: task do_install: Succeeded
NOTE: Running task 1222 of 1288 (/home/deby/poky/meta-debian/recipes-debian/kmod/kmod_debian.bb:do_populate_sysroot)
NOTE: Running task 1223 of 1288 (/home/deby/poky/meta-debian/recipes-debian/kmod/kmod_debian.bb:do_package)
NOTE: recipe kmod-26-r0: task do_populate_sysroot: Started
NOTE: recipe kmod-26-r0: task do_package: Started
NOTE: recipe kmod-26-r0: task do_populate_sysroot: Succeeded
NOTE: recipe kmod-26-r0: task do_package: Succeeded
NOTE: Running task 1224 of 1288 (/home/deby/poky/meta-debian/recipes-debian/kmod/kmod_debian.bb:do_packagedata)
NOTE: recipe kmod-26-r0: task do_packagedata: Started
NOTE: recipe kmod-26-r0: task do_packagedata: Succeeded
NOTE: Running task 1225 of 1288 (/home/deby/poky/meta-debian/recipes-debian/kmod/kmod_debian.bb:do_package_write_deb)
NOTE: recipe kmod-26-r0: task do_package_write_deb: Started
NOTE: recipe kmod-26-r0: task do_package_write_deb: Succeeded
NOTE: recipe util-linux-2.33.1-r0: task do_configure: Succeeded
NOTE: Running task 1226 of 1288 (/home/deby/poky/meta-debian/recipes-debian/util-linux/util-linux_debian.bb:do_compile)
NOTE: recipe util-linux-2.33.1-r0: task do_compile: Started
NOTE: recipe util-linux-2.33.1-r0: task do_compile: Succeeded
NOTE: Running task 1227 of 1288 (/home/deby/poky/meta-debian/recipes-debian/util-linux/util-linux_debian.bb:do_install)
NOTE: recipe util-linux-2.33.1-r0: task do_install: Started
NOTE: recipe util-linux-2.33.1-r0: task do_install: Succeeded
NOTE: Running task 1228 of 1288 (/home/deby/poky/meta-debian/recipes-debian/util-linux/util-linux_debian.bb:do_populate_sysroot)
NOTE: Running task 1229 of 1288 (/home/deby/poky/meta-debian/recipes-debian/util-linux/util-linux_debian.bb:do_package)
NOTE: recipe util-linux-2.33.1-r0: task do_populate_sysroot: Started
NOTE: recipe util-linux-2.33.1-r0: task do_package: Started
NOTE: recipe util-linux-2.33.1-r0: task do_populate_sysroot: Succeeded
NOTE: Running task 1230 of 1288 (/home/deby/poky/meta-debian/recipes-debian/glib-2.0/glib-2.0_debian.bb:do_prepare_recipe_sysroot)
NOTE: Running task 1231 of 1288 (/home/deby/poky/meta-debian/recipes-debian/python/python3_debian.bb:do_prepare_recipe_sysroot)
NOTE: recipe glib-2.0-2.58.3-r0: task do_prepare_recipe_sysroot: Started
NOTE: recipe python3-3.7.3-r0: task do_prepare_recipe_sysroot: Started
NOTE: recipe glib-2.0-2.58.3-r0: task do_prepare_recipe_sysroot: Succeeded
NOTE: Running task 1232 of 1288 (/home/deby/poky/meta-debian/recipes-debian/glib-2.0/glib-2.0_debian.bb:do_configure)
NOTE: recipe python3-3.7.3-r0: task do_prepare_recipe_sysroot: Succeeded
NOTE: Running task 1233 of 1288 (/home/deby/poky/meta-debian/recipes-debian/python/python3_debian.bb:do_configure)
NOTE: recipe glib-2.0-2.58.3-r0: task do_configure: Started
NOTE: recipe python3-3.7.3-r0: task do_configure: Started
NOTE: recipe util-linux-2.33.1-r0: task do_package: Succeeded
NOTE: Running task 1234 of 1288 (/home/deby/poky/meta-debian/recipes-debian/util-linux/util-linux_debian.bb:do_packagedata)
NOTE: recipe util-linux-2.33.1-r0: task do_packagedata: Started
NOTE: recipe util-linux-2.33.1-r0: task do_packagedata: Succeeded
NOTE: Running task 1235 of 1288 (/home/deby/poky/meta-debian/recipes-debian/util-linux/util-linux_debian.bb:do_package_write_deb)
NOTE: recipe util-linux-2.33.1-r0: task do_package_write_deb: Started
NOTE: recipe util-linux-2.33.1-r0: task do_package_write_deb: Succeeded
NOTE: recipe glib-2.0-2.58.3-r0: task do_configure: Succeeded
NOTE: Running task 1236 of 1288 (/home/deby/poky/meta-debian/recipes-debian/glib-2.0/glib-2.0_debian.bb:do_compile)
NOTE: recipe glib-2.0-2.58.3-r0: task do_compile: Started
NOTE: recipe glib-2.0-2.58.3-r0: task do_compile: Succeeded
NOTE: Running task 1237 of 1288 (/home/deby/poky/meta-debian/recipes-debian/glib-2.0/glib-2.0_debian.bb:do_install)
NOTE: recipe glib-2.0-2.58.3-r0: task do_install: Started
NOTE: recipe glib-2.0-2.58.3-r0: task do_install: Succeeded
NOTE: Running task 1238 of 1288 (/home/deby/poky/meta-debian/recipes-debian/glib-2.0/glib-2.0_debian.bb:do_populate_sysroot)
NOTE: Running task 1239 of 1288 (/home/deby/poky/meta-debian/recipes-debian/glib-2.0/glib-2.0_debian.bb:do_package)
NOTE: recipe glib-2.0-2.58.3-r0: task do_populate_sysroot: Started
NOTE: recipe glib-2.0-2.58.3-r0: task do_package: Started
NOTE: recipe glib-2.0-2.58.3-r0: task do_populate_sysroot: Succeeded
NOTE: Running task 1240 of 1288 (/home/deby/poky/meta/recipes-core/udev/eudev_3.2.7.bb:do_prepare_recipe_sysroot)
NOTE: recipe eudev-3.2.7-r0: task do_prepare_recipe_sysroot: Started
NOTE: recipe eudev-3.2.7-r0: task do_prepare_recipe_sysroot: Succeeded
NOTE: Running task 1241 of 1288 (/home/deby/poky/meta/recipes-core/udev/eudev_3.2.7.bb:do_configure)
NOTE: recipe eudev-3.2.7-r0: task do_configure: Started
NOTE: recipe glib-2.0-2.58.3-r0: task do_package: Succeeded
NOTE: Running task 1242 of 1288 (/home/deby/poky/meta-debian/recipes-debian/glib-2.0/glib-2.0_debian.bb:do_packagedata)
NOTE: recipe glib-2.0-2.58.3-r0: task do_packagedata: Started
NOTE: recipe glib-2.0-2.58.3-r0: task do_packagedata: Succeeded
NOTE: recipe python3-3.7.3-r0: task do_configure: Succeeded
NOTE: Running task 1243 of 1288 (/home/deby/poky/meta-debian/recipes-debian/python/python3_debian.bb:do_compile)
NOTE: recipe python3-3.7.3-r0: task do_compile: Started
NOTE: recipe eudev-3.2.7-r0: task do_configure: Succeeded
NOTE: Running task 1244 of 1288 (/home/deby/poky/meta/recipes-core/udev/eudev_3.2.7.bb:do_compile)
NOTE: recipe eudev-3.2.7-r0: task do_compile: Started
NOTE: recipe eudev-3.2.7-r0: task do_compile: Succeeded
NOTE: Running task 1245 of 1288 (/home/deby/poky/meta/recipes-core/udev/eudev_3.2.7.bb:do_install)
NOTE: recipe eudev-3.2.7-r0: task do_install: Started
NOTE: recipe eudev-3.2.7-r0: task do_install: Succeeded
NOTE: Running task 1246 of 1288 (/home/deby/poky/meta/recipes-core/udev/eudev_3.2.7.bb:do_populate_sysroot)
NOTE: Running task 1247 of 1288 (/home/deby/poky/meta/recipes-core/udev/eudev_3.2.7.bb:do_package)
NOTE: recipe eudev-3.2.7-r0: task do_populate_sysroot: Started
NOTE: recipe eudev-3.2.7-r0: task do_package: Started
NOTE: recipe eudev-3.2.7-r0: task do_populate_sysroot: Succeeded
NOTE: Running task 1248 of 1288 (/home/deby/poky/meta-debian/recipes-debian/pcsc-lite/pcsc-lite_debian.bb:do_prepare_recipe_sysroot)
NOTE: recipe pcsc-lite-1.8.24-r0: task do_prepare_recipe_sysroot: Started
NOTE: recipe pcsc-lite-1.8.24-r0: task do_prepare_recipe_sysroot: Succeeded
NOTE: Running task 1249 of 1288 (/home/deby/poky/meta-debian/recipes-debian/pcsc-lite/pcsc-lite_debian.bb:do_configure)
NOTE: recipe pcsc-lite-1.8.24-r0: task do_configure: Started
NOTE: recipe eudev-3.2.7-r0: task do_package: Succeeded
NOTE: Running task 1250 of 1288 (/home/deby/poky/meta/recipes-core/udev/eudev_3.2.7.bb:do_packagedata)
NOTE: recipe eudev-3.2.7-r0: task do_packagedata: Started
NOTE: recipe eudev-3.2.7-r0: task do_packagedata: Succeeded
NOTE: Running task 1251 of 1288 (/home/deby/poky/meta/recipes-core/udev/eudev_3.2.7.bb:do_package_write_deb)
NOTE: recipe eudev-3.2.7-r0: task do_package_write_deb: Started
NOTE: recipe eudev-3.2.7-r0: task do_package_write_deb: Succeeded
NOTE: recipe pcsc-lite-1.8.24-r0: task do_configure: Succeeded
NOTE: Running task 1252 of 1288 (/home/deby/poky/meta-debian/recipes-debian/pcsc-lite/pcsc-lite_debian.bb:do_compile)
NOTE: recipe pcsc-lite-1.8.24-r0: task do_compile: Started
NOTE: recipe pcsc-lite-1.8.24-r0: task do_compile: Succeeded
NOTE: Running task 1253 of 1288 (/home/deby/poky/meta-debian/recipes-debian/pcsc-lite/pcsc-lite_debian.bb:do_install)
NOTE: recipe pcsc-lite-1.8.24-r0: task do_install: Started
NOTE: recipe pcsc-lite-1.8.24-r0: task do_install: Succeeded
NOTE: Running task 1254 of 1288 (/home/deby/poky/meta-debian/recipes-debian/pcsc-lite/pcsc-lite_debian.bb:do_package)
NOTE: Running task 1255 of 1288 (/home/deby/poky/meta-debian/recipes-debian/pcsc-lite/pcsc-lite_debian.bb:do_populate_sysroot)
NOTE: recipe pcsc-lite-1.8.24-r0: task do_package: Started
NOTE: recipe pcsc-lite-1.8.24-r0: task do_populate_sysroot: Started
NOTE: recipe pcsc-lite-1.8.24-r0: task do_populate_sysroot: Succeeded
NOTE: Running task 1256 of 1288 (/home/deby/poky/meta-debian/recipes-debian/pam-pkcs11/pam-pkcs11_debian.bb:do_prepare_recipe_sysroot)
NOTE: recipe pam-pkcs11-0.6.9-r0: task do_prepare_recipe_sysroot: Started
NOTE: recipe pcsc-lite-1.8.24-r0: task do_package: Succeeded
NOTE: Running task 1257 of 1288 (/home/deby/poky/meta-debian/recipes-debian/pcsc-lite/pcsc-lite_debian.bb:do_packagedata)
NOTE: recipe pcsc-lite-1.8.24-r0: task do_packagedata: Started
NOTE: recipe pcsc-lite-1.8.24-r0: task do_packagedata: Succeeded
NOTE: Running task 1258 of 1288 (/home/deby/poky/meta-debian/recipes-debian/pcsc-lite/pcsc-lite_debian.bb:do_package_write_deb)
NOTE: recipe pcsc-lite-1.8.24-r0: task do_package_write_deb: Started
NOTE: recipe pcsc-lite-1.8.24-r0: task do_package_write_deb: Succeeded
NOTE: recipe pam-pkcs11-0.6.9-r0: task do_prepare_recipe_sysroot: Succeeded
NOTE: Running task 1259 of 1288 (/home/deby/poky/meta-debian/recipes-debian/pam-pkcs11/pam-pkcs11_debian.bb:do_configure)
NOTE: recipe pam-pkcs11-0.6.9-r0: task do_configure: Started
NOTE: recipe pam-pkcs11-0.6.9-r0: task do_configure: Succeeded
NOTE: Running task 1260 of 1288 (/home/deby/poky/meta-debian/recipes-debian/pam-pkcs11/pam-pkcs11_debian.bb:do_compile)
NOTE: recipe pam-pkcs11-0.6.9-r0: task do_compile: Started
NOTE: recipe pam-pkcs11-0.6.9-r0: task do_compile: Succeeded
NOTE: Running task 1261 of 1288 (/home/deby/poky/meta-debian/recipes-debian/pam-pkcs11/pam-pkcs11_debian.bb:do_install)
NOTE: recipe pam-pkcs11-0.6.9-r0: task do_install: Started
NOTE: recipe pam-pkcs11-0.6.9-r0: task do_install: Succeeded
NOTE: Running task 1262 of 1288 (/home/deby/poky/meta-debian/recipes-debian/pam-pkcs11/pam-pkcs11_debian.bb:do_package)
NOTE: Running task 1263 of 1288 (/home/deby/poky/meta-debian/recipes-debian/pam-pkcs11/pam-pkcs11_debian.bb:do_populate_sysroot)
NOTE: recipe pam-pkcs11-0.6.9-r0: task do_populate_sysroot: Started
NOTE: recipe pam-pkcs11-0.6.9-r0: task do_package: Started
NOTE: recipe pam-pkcs11-0.6.9-r0: task do_populate_sysroot: Succeeded
NOTE: recipe pam-pkcs11-0.6.9-r0: task do_package: Succeeded
NOTE: Running task 1264 of 1288 (/home/deby/poky/meta-debian/recipes-debian/pam-pkcs11/pam-pkcs11_debian.bb:do_packagedata)
NOTE: recipe pam-pkcs11-0.6.9-r0: task do_packagedata: Started
NOTE: recipe pam-pkcs11-0.6.9-r0: task do_packagedata: Succeeded
NOTE: Running task 1265 of 1288 (/home/deby/poky/meta-debian/recipes-debian/pam-pkcs11/pam-pkcs11_debian.bb:do_package_write_deb)
NOTE: Running task 1266 of 1288 (/home/deby/poky/meta-debian/recipes-debian/pam-pkcs11/pam-pkcs11_debian.bb:do_package_qa)
NOTE: recipe pam-pkcs11-0.6.9-r0: task do_package_write_deb: Started
NOTE: recipe pam-pkcs11-0.6.9-r0: task do_package_qa: Started
NOTE: recipe pam-pkcs11-0.6.9-r0: task do_package_qa: Succeeded
NOTE: recipe pam-pkcs11-0.6.9-r0: task do_package_write_deb: Succeeded
NOTE: recipe python3-3.7.3-r0: task do_compile: Succeeded
NOTE: Running task 1267 of 1288 (/home/deby/poky/meta-debian/recipes-debian/python/python3_debian.bb:do_install)
NOTE: recipe python3-3.7.3-r0: task do_install: Started
NOTE: recipe python3-3.7.3-r0: task do_install: Succeeded
NOTE: Running task 1268 of 1288 (/home/deby/poky/meta-debian/recipes-debian/python/python3_debian.bb:do_package)
NOTE: Running task 1269 of 1288 (/home/deby/poky/meta-debian/recipes-debian/python/python3_debian.bb:do_populate_sysroot)
NOTE: recipe python3-3.7.3-r0: task do_populate_sysroot: Started
NOTE: recipe python3-3.7.3-r0: task do_package: Started
NOTE: recipe python3-3.7.3-r0: task do_populate_sysroot: Succeeded
NOTE: Running task 1270 of 1288 (/home/deby/poky/meta-debian/recipes-debian/libxml/libxml2_debian.bb:do_prepare_recipe_sysroot)
NOTE: recipe libxml2-2.9.4-r0: task do_prepare_recipe_sysroot: Started
NOTE: recipe libxml2-2.9.4-r0: task do_prepare_recipe_sysroot: Succeeded
NOTE: Running task 1271 of 1288 (/home/deby/poky/meta-debian/recipes-debian/libxml/libxml2_debian.bb:do_configure)
NOTE: recipe libxml2-2.9.4-r0: task do_configure: Started
NOTE: recipe libxml2-2.9.4-r0: task do_configure: Succeeded
NOTE: Running task 1272 of 1288 (/home/deby/poky/meta-debian/recipes-debian/libxml/libxml2_debian.bb:do_compile)
NOTE: recipe libxml2-2.9.4-r0: task do_compile: Started
NOTE: recipe python3-3.7.3-r0: task do_package: Succeeded
NOTE: Running task 1273 of 1288 (/home/deby/poky/meta-debian/recipes-debian/python/python3_debian.bb:do_packagedata)
NOTE: recipe python3-3.7.3-r0: task do_packagedata: Started
NOTE: recipe python3-3.7.3-r0: task do_packagedata: Succeeded
NOTE: Running task 1274 of 1288 (/home/deby/poky/meta-debian/recipes-debian/python/python3_debian.bb:do_package_write_deb)
NOTE: recipe python3-3.7.3-r0: task do_package_write_deb: Started
NOTE: recipe python3-3.7.3-r0: task do_package_write_deb: Succeeded
NOTE: recipe libxml2-2.9.4-r0: task do_compile: Succeeded
NOTE: Running task 1275 of 1288 (/home/deby/poky/meta-debian/recipes-debian/libxml/libxml2_debian.bb:do_install)
NOTE: recipe libxml2-2.9.4-r0: task do_install: Started
NOTE: recipe libxml2-2.9.4-r0: task do_install: Succeeded
NOTE: Running task 1276 of 1288 (/home/deby/poky/meta-debian/recipes-debian/libxml/libxml2_debian.bb:do_package)
NOTE: Running task 1277 of 1288 (/home/deby/poky/meta-debian/recipes-debian/libxml/libxml2_debian.bb:do_populate_sysroot)
NOTE: recipe libxml2-2.9.4-r0: task do_populate_sysroot: Started
NOTE: recipe libxml2-2.9.4-r0: task do_package: Started
NOTE: recipe libxml2-2.9.4-r0: task do_populate_sysroot: Succeeded
NOTE: Running task 1278 of 1288 (/home/deby/poky/meta-debian/recipes-debian/shared-mime-info/shared-mime-info_debian.bb:do_prepare_recipe_sysroot)
NOTE: recipe shared-mime-info-1.10-r0: task do_prepare_recipe_sysroot: Started
NOTE: recipe shared-mime-info-1.10-r0: task do_prepare_recipe_sysroot: Succeeded
NOTE: Running task 1279 of 1288 (/home/deby/poky/meta-debian/recipes-debian/shared-mime-info/shared-mime-info_debian.bb:do_configure)
NOTE: recipe shared-mime-info-1.10-r0: task do_configure: Started
NOTE: recipe libxml2-2.9.4-r0: task do_package: Succeeded
NOTE: Running task 1280 of 1288 (/home/deby/poky/meta-debian/recipes-debian/libxml/libxml2_debian.bb:do_packagedata)
NOTE: recipe libxml2-2.9.4-r0: task do_packagedata: Started
NOTE: recipe libxml2-2.9.4-r0: task do_packagedata: Succeeded
NOTE: Running task 1281 of 1288 (/home/deby/poky/meta-debian/recipes-debian/libxml/libxml2_debian.bb:do_package_write_deb)
NOTE: recipe libxml2-2.9.4-r0: task do_package_write_deb: Started
NOTE: recipe libxml2-2.9.4-r0: task do_package_write_deb: Succeeded
NOTE: recipe shared-mime-info-1.10-r0: task do_configure: Succeeded
NOTE: Running task 1282 of 1288 (/home/deby/poky/meta-debian/recipes-debian/shared-mime-info/shared-mime-info_debian.bb:do_compile)
NOTE: recipe shared-mime-info-1.10-r0: task do_compile: Started
NOTE: recipe shared-mime-info-1.10-r0: task do_compile: Succeeded
NOTE: Running task 1283 of 1288 (/home/deby/poky/meta-debian/recipes-debian/shared-mime-info/shared-mime-info_debian.bb:do_install)
NOTE: recipe shared-mime-info-1.10-r0: task do_install: Started
NOTE: recipe shared-mime-info-1.10-r0: task do_install: Succeeded
NOTE: Running task 1284 of 1288 (/home/deby/poky/meta-debian/recipes-debian/shared-mime-info/shared-mime-info_debian.bb:do_package)
NOTE: recipe shared-mime-info-1.10-r0: task do_package: Started
NOTE: recipe shared-mime-info-1.10-r0: task do_package: Succeeded
NOTE: Running task 1285 of 1288 (/home/deby/poky/meta-debian/recipes-debian/shared-mime-info/shared-mime-info_debian.bb:do_packagedata)
NOTE: recipe shared-mime-info-1.10-r0: task do_packagedata: Started
NOTE: recipe shared-mime-info-1.10-r0: task do_packagedata: Succeeded
NOTE: Running task 1286 of 1288 (/home/deby/poky/meta-debian/recipes-debian/shared-mime-info/shared-mime-info_debian.bb:do_package_write_deb)
NOTE: Running task 1287 of 1288 (/home/deby/poky/meta-debian/recipes-debian/glib-2.0/glib-2.0_debian.bb:do_package_write_deb)
NOTE: recipe shared-mime-info-1.10-r0: task do_package_write_deb: Started
NOTE: recipe glib-2.0-2.58.3-r0: task do_package_write_deb: Started
NOTE: recipe shared-mime-info-1.10-r0: task do_package_write_deb: Succeeded
NOTE: recipe glib-2.0-2.58.3-r0: task do_package_write_deb: Succeeded
NOTE: Running noexec task 1288 of 1288 (/home/deby/poky/meta-debian/recipes-debian/pam-pkcs11/pam-pkcs11_debian.bb:do_build)
NOTE: Tasks Summary: Attempted 1288 tasks of which 1215 didn't need to be rerun and all succeeded.
