Loading cache...done.
Loaded 1825 entries from dependency cache.
Parsing recipes...done.
Parsing of 1043 .bb files complete (1041 cached, 2 parsed). 1828 targets, 206 skipped, 0 masked, 0 errors.
NOTE: Resolving any missing task queue dependencies

Build Configuration:
BB_VERSION           = "1.42.0"
BUILD_SYS            = "x86_64-linux"
NATIVELSBSTRING      = "universal"
TARGET_SYS           = "i586-deby-linux"
MACHINE              = "qemux86"
DISTRO               = "deby-tiny"
DISTRO_VERSION       = "10.0"
TUNE_FEATURES        = "m32 i586"
TARGET_FPU           = ""
meta                 
meta-poky            = "warrior:79a850a10a4b88a6d20d607b322542f947874323"
meta-debian          = "warrior:2fa6d8525f0464064f8764856015185a0c4e5411"

Initialising tasks...done.
Sstate summary: Wanted 13 Found 8 Missed 5 Current 108 (61% match, 95% complete)
NOTE: Executing SetScene Tasks
NOTE: Running setscene task 114 of 121 (/home/deby/poky/meta-debian/recipes-debian/pam/libpam_debian.bb:do_package_write_deb_setscene)
NOTE: Running setscene task 116 of 121 (/home/deby/poky/meta-debian/recipes-debian/libcap/libcap_debian.bb:do_package_write_deb_setscene)
NOTE: recipe libpam-1.3.1-r0: task do_package_write_deb_setscene: Started
NOTE: recipe libcap-2.25-r0: task do_package_write_deb_setscene: Started
NOTE: recipe libpam-1.3.1-r0: task do_package_write_deb_setscene: Succeeded
NOTE: recipe libcap-2.25-r0: task do_package_write_deb_setscene: Succeeded
NOTE: Running setscene task 117 of 121 (/home/deby/poky/meta-debian/recipes-debian/libcap/libcap_debian.bb:do_packagedata_setscene)
NOTE: recipe libcap-2.25-r0: task do_packagedata_setscene: Started
NOTE: recipe libcap-2.25-r0: task do_packagedata_setscene: Succeeded
NOTE: Running setscene task 119 of 121 (/home/deby/poky/meta-debian/recipes-debian/pam/libpam_debian.bb:do_populate_sysroot_setscene)
NOTE: Running setscene task 120 of 121 (/home/deby/poky/meta-debian/recipes-debian/pam/libpam_debian.bb:do_packagedata_setscene)
NOTE: recipe libpam-1.3.1-r0: task do_packagedata_setscene: Started
NOTE: recipe libpam-1.3.1-r0: task do_populate_sysroot_setscene: Started
NOTE: recipe libpam-1.3.1-r0: task do_populate_sysroot_setscene: Succeeded
NOTE: recipe libpam-1.3.1-r0: task do_packagedata_setscene: Succeeded
NOTE: Executing RunQueue Tasks
NOTE: Running task 686 of 739 (/home/deby/poky/meta-debian/recipes-debian/pam-shield/pam-shield_debian.bb:do_prepare_recipe_sysroot)
NOTE: recipe pam-shield-0.9.6-r0: task do_prepare_recipe_sysroot: Started
NOTE: recipe pam-shield-0.9.6-r0: task do_prepare_recipe_sysroot: Succeeded
NOTE: Running task 731 of 739 (/home/deby/poky/meta-debian/recipes-debian/pam-shield/pam-shield_debian.bb:do_configure)
NOTE: recipe pam-shield-0.9.6-r0: task do_configure: Started
NOTE: recipe pam-shield-0.9.6-r0: task do_configure: Succeeded
NOTE: Running task 732 of 739 (/home/deby/poky/meta-debian/recipes-debian/pam-shield/pam-shield_debian.bb:do_compile)
NOTE: recipe pam-shield-0.9.6-r0: task do_compile: Started
NOTE: recipe pam-shield-0.9.6-r0: task do_compile: Succeeded
NOTE: Running task 733 of 739 (/home/deby/poky/meta-debian/recipes-debian/pam-shield/pam-shield_debian.bb:do_install)
NOTE: recipe pam-shield-0.9.6-r0: task do_install: Started
NOTE: recipe pam-shield-0.9.6-r0: task do_install: Succeeded
NOTE: Running task 734 of 739 (/home/deby/poky/meta-debian/recipes-debian/pam-shield/pam-shield_debian.bb:do_package)
NOTE: Running task 735 of 739 (/home/deby/poky/meta-debian/recipes-debian/pam-shield/pam-shield_debian.bb:do_populate_sysroot)
NOTE: recipe pam-shield-0.9.6-r0: task do_populate_sysroot: Started
NOTE: recipe pam-shield-0.9.6-r0: task do_package: Started
NOTE: recipe pam-shield-0.9.6-r0: task do_populate_sysroot: Succeeded
NOTE: recipe pam-shield-0.9.6-r0: task do_package: Succeeded
NOTE: Running task 736 of 739 (/home/deby/poky/meta-debian/recipes-debian/pam-shield/pam-shield_debian.bb:do_packagedata)
NOTE: recipe pam-shield-0.9.6-r0: task do_packagedata: Started
NOTE: recipe pam-shield-0.9.6-r0: task do_packagedata: Succeeded
NOTE: Running task 737 of 739 (/home/deby/poky/meta-debian/recipes-debian/pam-shield/pam-shield_debian.bb:do_package_write_deb)
NOTE: Running task 738 of 739 (/home/deby/poky/meta-debian/recipes-debian/pam-shield/pam-shield_debian.bb:do_package_qa)
NOTE: recipe pam-shield-0.9.6-r0: task do_package_write_deb: Started
NOTE: recipe pam-shield-0.9.6-r0: task do_package_qa: Started
NOTE: recipe pam-shield-0.9.6-r0: task do_package_qa: Succeeded
NOTE: recipe pam-shield-0.9.6-r0: task do_package_write_deb: Succeeded
NOTE: Running noexec task 739 of 739 (/home/deby/poky/meta-debian/recipes-debian/pam-shield/pam-shield_debian.bb:do_build)
NOTE: Tasks Summary: Attempted 739 tasks of which 729 didn't need to be rerun and all succeeded.
