Loading cache...done.
Loaded 1748 entries from dependency cache.
NOTE: Resolving any missing task queue dependencies

Build Configuration:
BB_VERSION           = "1.42.0"
BUILD_SYS            = "x86_64-linux"
NATIVELSBSTRING      = "universal"
TARGET_SYS           = "i586-deby-linux"
MACHINE              = "qemux86"
DISTRO               = "deby-tiny"
DISTRO_VERSION       = "10.0"
TUNE_FEATURES        = "m32 i586"
TARGET_FPU           = ""
meta                 
meta-poky            = "warrior:79a850a10a4b88a6d20d607b322542f947874323"
meta-debian          = "warrior:065aa7dcd28d697d2d493e1f188deb4f78253725"

Initialising tasks...done.
Sstate summary: Wanted 23 Found 0 Missed 23 Current 160 (0% match, 87% complete)
NOTE: Executing SetScene Tasks
NOTE: Executing RunQueue Tasks
NOTE: Running task 637 of 952 (virtual:native:/home/deby/poky/meta/recipes-support/libunistring/libunistring_0.9.10.bb:do_fetch)
NOTE: Running task 639 of 952 (virtual:native:/home/deby/poky/meta-debian/recipes-debian/libprelude/libprelude_debian.bb:do_fetch)
NOTE: Running task 735 of 952 (/home/deby/poky/meta-debian/recipes-debian/libtool/libtool_debian.bb:do_compile)
NOTE: Running task 736 of 952 (/home/deby/poky/meta-debian/recipes-debian/libpreludedb/libpreludedb_debian.bb:do_fetch)
NOTE: Running task 742 of 952 (virtual:native:/home/deby/poky/meta/recipes-support/nettle/nettle_3.4.1.bb:do_fetch)
NOTE: Running task 743 of 952 (virtual:native:/home/deby/poky/meta/recipes-extended/libidn/libidn2_2.0.5.bb:do_fetch)
NOTE: Running task 744 of 952 (virtual:native:/home/deby/poky/meta/recipes-support/gnutls/gnutls_3.6.7.bb:do_fetch)
NOTE: Running task 776 of 952 (/home/deby/poky/meta-debian/recipes-debian/prelude-manager/prelude-manager_debian.bb:do_fetch)
NOTE: recipe libpreludedb-4.1.0-r0: task do_fetch: Started
NOTE: recipe prelude-manager-4.1.1-r0: task do_fetch: Started
NOTE: recipe libtool-2.4.6-r0: task do_compile: Started
NOTE: recipe libprelude-native-4.1.0-r0: task do_fetch: Started
NOTE: recipe libunistring-native-0.9.10-r0: task do_fetch: Started
NOTE: recipe nettle-native-3.4.1-r0: task do_fetch: Started
NOTE: recipe gnutls-native-3.6.7-r0: task do_fetch: Started
NOTE: recipe libidn2-native-2.0.5-r0: task do_fetch: Started
NOTE: recipe libidn2-native-2.0.5-r0: task do_fetch: Succeeded
NOTE: recipe libunistring-native-0.9.10-r0: task do_fetch: Succeeded
NOTE: recipe libprelude-native-4.1.0-r0: task do_fetch: Succeeded
NOTE: Running task 876 of 952 (virtual:native:/home/deby/poky/meta/recipes-support/libunistring/libunistring_0.9.10.bb:do_unpack)
NOTE: Running task 877 of 952 (virtual:native:/home/deby/poky/meta-debian/recipes-debian/libprelude/libprelude_debian.bb:do_unpack)
NOTE: Running task 878 of 952 (virtual:native:/home/deby/poky/meta/recipes-support/libunistring/libunistring_0.9.10.bb:do_prepare_recipe_sysroot)
NOTE: Running task 879 of 952 (virtual:native:/home/deby/poky/meta/recipes-extended/libidn/libidn2_2.0.5.bb:do_unpack)
NOTE: recipe gnutls-native-3.6.7-r0: task do_fetch: Succeeded
NOTE: Running task 880 of 952 (virtual:native:/home/deby/poky/meta/recipes-support/gnutls/gnutls_3.6.7.bb:do_unpack)
NOTE: recipe nettle-native-3.4.1-r0: task do_fetch: Succeeded
NOTE: Running task 881 of 952 (virtual:native:/home/deby/poky/meta/recipes-support/nettle/nettle_3.4.1.bb:do_unpack)
NOTE: Running task 882 of 952 (virtual:native:/home/deby/poky/meta/recipes-support/nettle/nettle_3.4.1.bb:do_prepare_recipe_sysroot)
NOTE: recipe libunistring-native-0.9.10-r0: task do_prepare_recipe_sysroot: Started
NOTE: recipe libidn2-native-2.0.5-r0: task do_unpack: Started
NOTE: recipe gnutls-native-3.6.7-r0: task do_unpack: Started
NOTE: recipe nettle-native-3.4.1-r0: task do_unpack: Started
NOTE: recipe libprelude-native-4.1.0-r0: task do_unpack: Started
NOTE: recipe libunistring-native-0.9.10-r0: task do_unpack: Started
NOTE: recipe nettle-native-3.4.1-r0: task do_prepare_recipe_sysroot: Started
NOTE: recipe libunistring-native-0.9.10-r0: task do_prepare_recipe_sysroot: Succeeded
NOTE: recipe nettle-native-3.4.1-r0: task do_prepare_recipe_sysroot: Succeeded
NOTE: recipe nettle-native-3.4.1-r0: task do_unpack: Succeeded
NOTE: Running task 883 of 952 (virtual:native:/home/deby/poky/meta/recipes-support/nettle/nettle_3.4.1.bb:do_patch)
NOTE: recipe libidn2-native-2.0.5-r0: task do_unpack: Succeeded
NOTE: Running task 884 of 952 (virtual:native:/home/deby/poky/meta/recipes-extended/libidn/libidn2_2.0.5.bb:do_patch)
NOTE: recipe nettle-native-3.4.1-r0: task do_patch: Started
NOTE: recipe libprelude-native-4.1.0-r0: task do_unpack: Succeeded
NOTE: Running task 885 of 952 (virtual:native:/home/deby/poky/meta-debian/recipes-debian/libprelude/libprelude_debian.bb:do_debian_unpack_extra)
NOTE: recipe libidn2-native-2.0.5-r0: task do_patch: Started
NOTE: recipe libprelude-native-4.1.0-r0: task do_debian_unpack_extra: Started
NOTE: recipe libunistring-native-0.9.10-r0: task do_unpack: Succeeded
NOTE: recipe libpreludedb-4.1.0-r0: task do_fetch: Succeeded
NOTE: recipe nettle-native-3.4.1-r0: task do_patch: Succeeded
NOTE: recipe libidn2-native-2.0.5-r0: task do_patch: Succeeded
NOTE: Running task 886 of 952 (virtual:native:/home/deby/poky/meta/recipes-support/libunistring/libunistring_0.9.10.bb:do_patch)
NOTE: Running task 887 of 952 (/home/deby/poky/meta-debian/recipes-debian/libpreludedb/libpreludedb_debian.bb:do_unpack)
NOTE: Running task 888 of 952 (virtual:native:/home/deby/poky/meta/recipes-support/nettle/nettle_3.4.1.bb:do_configure)
NOTE: recipe libprelude-native-4.1.0-r0: task do_debian_unpack_extra: Succeeded
NOTE: Running task 889 of 952 (virtual:native:/home/deby/poky/meta-debian/recipes-debian/libprelude/libprelude_debian.bb:do_debian_patch)
NOTE: recipe prelude-manager-4.1.1-r0: task do_fetch: Succeeded
NOTE: Running task 890 of 952 (/home/deby/poky/meta-debian/recipes-debian/prelude-manager/prelude-manager_debian.bb:do_unpack)
NOTE: recipe libpreludedb-4.1.0-r0: task do_unpack: Started
NOTE: recipe prelude-manager-4.1.1-r0: task do_unpack: Started
NOTE: recipe libunistring-native-0.9.10-r0: task do_patch: Started
NOTE: recipe nettle-native-3.4.1-r0: task do_configure: Started
NOTE: recipe libprelude-native-4.1.0-r0: task do_debian_patch: Started
NOTE: recipe libpreludedb-4.1.0-r0: task do_unpack: Succeeded
NOTE: Running task 891 of 952 (/home/deby/poky/meta-debian/recipes-debian/libpreludedb/libpreludedb_debian.bb:do_debian_unpack_extra)
NOTE: recipe prelude-manager-4.1.1-r0: task do_unpack: Succeeded
NOTE: Running task 892 of 952 (/home/deby/poky/meta-debian/recipes-debian/prelude-manager/prelude-manager_debian.bb:do_debian_unpack_extra)
NOTE: recipe libunistring-native-0.9.10-r0: task do_patch: Succeeded
NOTE: Running task 893 of 952 (virtual:native:/home/deby/poky/meta/recipes-support/libunistring/libunistring_0.9.10.bb:do_configure)
NOTE: recipe libpreludedb-4.1.0-r0: task do_debian_unpack_extra: Started
NOTE: recipe libprelude-native-4.1.0-r0: task do_debian_patch: Succeeded
NOTE: recipe prelude-manager-4.1.1-r0: task do_debian_unpack_extra: Started
NOTE: Running task 894 of 952 (virtual:native:/home/deby/poky/meta-debian/recipes-debian/libprelude/libprelude_debian.bb:do_patch)
NOTE: recipe libpreludedb-4.1.0-r0: task do_debian_unpack_extra: Succeeded
NOTE: recipe prelude-manager-4.1.1-r0: task do_debian_unpack_extra: Succeeded
NOTE: Running task 895 of 952 (/home/deby/poky/meta-debian/recipes-debian/libpreludedb/libpreludedb_debian.bb:do_debian_patch)
NOTE: Running task 896 of 952 (/home/deby/poky/meta-debian/recipes-debian/prelude-manager/prelude-manager_debian.bb:do_debian_patch)
NOTE: recipe libunistring-native-0.9.10-r0: task do_configure: Started
NOTE: recipe libpreludedb-4.1.0-r0: task do_debian_patch: Started
NOTE: recipe prelude-manager-4.1.1-r0: task do_debian_patch: Started
NOTE: recipe gnutls-native-3.6.7-r0: task do_unpack: Succeeded
NOTE: Running task 897 of 952 (virtual:native:/home/deby/poky/meta/recipes-support/gnutls/gnutls_3.6.7.bb:do_patch)
NOTE: recipe libprelude-native-4.1.0-r0: task do_patch: Started
NOTE: recipe prelude-manager-4.1.1-r0: task do_debian_patch: Succeeded
NOTE: Running task 898 of 952 (/home/deby/poky/meta-debian/recipes-debian/prelude-manager/prelude-manager_debian.bb:do_patch)
NOTE: recipe libpreludedb-4.1.0-r0: task do_debian_patch: Succeeded
NOTE: Running task 899 of 952 (/home/deby/poky/meta-debian/recipes-debian/libpreludedb/libpreludedb_debian.bb:do_patch)
NOTE: recipe gnutls-native-3.6.7-r0: task do_patch: Started
NOTE: recipe libprelude-native-4.1.0-r0: task do_patch: Succeeded
NOTE: recipe gnutls-native-3.6.7-r0: task do_patch: Succeeded
NOTE: recipe prelude-manager-4.1.1-r0: task do_patch: Started
NOTE: recipe libpreludedb-4.1.0-r0: task do_patch: Started
NOTE: recipe prelude-manager-4.1.1-r0: task do_patch: Succeeded
NOTE: Running task 900 of 952 (/home/deby/poky/meta-debian/recipes-debian/prelude-manager/prelude-manager_debian.bb:do_populate_lic)
NOTE: recipe libpreludedb-4.1.0-r0: task do_patch: Succeeded
NOTE: recipe prelude-manager-4.1.1-r0: task do_populate_lic: Started
ERROR: prelude-manager-4.1.1-r0 do_populate_lic: QA Issue: prelude-manager: The LIC_FILES_CHKSUM does not match for file://config.sub;beginline=7;endline=25;md5=f92d7033ace1653856cc3084ddc33960
prelude-manager: The new md5 checksum is e443b5b496d01ee52219d5269560d697
prelude-manager: Here is the selected license text:
vvvvvvvvvvvvvvvvvvvvvvvvvvvv beginline=7 vvvvvvvvvvvvvvvvvvvvvvvvvvvvv
# This file is free software; you can redistribute it and/or modify it
# under the terms of the GNU General Public License as published by
# the Free Software Foundation; either version 3 of the License, or
# (at your option) any later version.
#
# This program is distributed in the hope that it will be useful, but
# WITHOUT ANY WARRANTY; without even the implied warranty of
# MERCHANTABILITY or FITNESS FOR A PARTICULAR PURPOSE.  See the GNU
# General Public License for more details.
#
# You should have received a copy of the GNU General Public License
# along with this program; if not, see <http://www.gnu.org/licenses/>.
#
# As a special exception to the GNU General Public License, if you
# distribute this file as part of a program that contains a
# configuration script generated by Autoconf, you may include it under
# the same distribution terms that you use for the rest of that
# program.  This Exception is an additional permission under section 7
# of the GNU General Public License, version 3 ("GPLv3").
^^^^^^^^^^^^^^^^^^^^^^^^^^^^^ endline=25 ^^^^^^^^^^^^^^^^^^^^^^^^^^^^^
prelude-manager: Check if the license information has changed in /home/deby/build-tiny/tmp/work/i586-deby-linux/prelude-manager/4.1.1-r0/prelude-manager-4.1.1/config.sub (lines 7 through to 25) to verify that the LICENSE value "GPLv2+ & LGPL-2.1+ & MIT & GPLv3+" remains valid [license-checksum]
ERROR: prelude-manager-4.1.1-r0 do_populate_lic: Fatal QA errors found, failing task.
ERROR: prelude-manager-4.1.1-r0 do_populate_lic: 
ERROR: prelude-manager-4.1.1-r0 do_populate_lic: Function failed: populate_lic_qa_checksum
ERROR: Logfile of failure stored in: /home/deby/build-tiny/tmp/work/i586-deby-linux/prelude-manager/4.1.1-r0/temp/log.do_populate_lic.676
NOTE: recipe prelude-manager-4.1.1-r0: task do_populate_lic: Failed
ERROR: Task (/home/deby/poky/meta-debian/recipes-debian/prelude-manager/prelude-manager_debian.bb:do_populate_lic) failed with exit code '1'
NOTE: recipe libtool-2.4.6-r0: task do_compile: Succeeded
NOTE: recipe nettle-native-3.4.1-r0: task do_configure: Succeeded
NOTE: recipe libunistring-native-0.9.10-r0: task do_configure: Succeeded
NOTE: Tasks Summary: Attempted 900 tasks of which 867 didn't need to be rerun and 1 failed.

Summary: 1 task failed:
  /home/deby/poky/meta-debian/recipes-debian/prelude-manager/prelude-manager_debian.bb:do_populate_lic
Summary: There were 4 ERROR messages shown, returning a non-zero exit code.
