WARNING: Host distribution "debian-10" has not been validated with this version of the build system; you may possibly experience unexpected failures. It is recommended that you use a tested distribution.
Loading cache...done.
Loaded 1440 entries from dependency cache.
NOTE: Resolving any missing task queue dependencies

Build Configuration:
BB_VERSION           = "1.42.0"
BUILD_SYS            = "x86_64-linux"
NATIVELSBSTRING      = "universal"
TARGET_SYS           = "i586-deby-linux"
MACHINE              = "qemux86"
DISTRO               = "deby-tiny"
DISTRO_VERSION       = "10.0"
TUNE_FEATURES        = "m32 i586"
TARGET_FPU           = ""
meta                 
meta-poky            = "warrior:51223035e66c5b27799b15a0f8ebe75d24d3971b"
meta-debian          = "warrior-trungdt:47b755ebe41c5afc0ea94d75b55c4f0efd8983fe"

Initialising tasks...done.
Sstate summary: Wanted 11 Found 11 Missed 0 Current 112 (100% match, 100% complete)
NOTE: Executing SetScene Tasks
NOTE: Running setscene task 113 of 123 (/home/deby/poky/meta-debian/recipes-debian/quilt/quilt_debian.bb:do_populate_sysroot_setscene)
NOTE: Running setscene task 114 of 123 (/home/deby/poky/meta-debian/recipes-debian/quilt/quilt_debian.bb:do_package_qa_setscene)
NOTE: Running setscene task 115 of 123 (/home/deby/poky/meta-debian/recipes-debian/quilt/quilt_debian.bb:do_package_write_deb_setscene)
NOTE: Running setscene task 116 of 123 (/home/deby/poky/meta/recipes-devtools/diffstat/diffstat_1.62.bb:do_package_write_deb_setscene)
NOTE: Running setscene task 117 of 123 (/home/deby/poky/meta/recipes-devtools/patch/patch_2.7.6.bb:do_package_write_deb_setscene)
NOTE: recipe diffstat-1.62-r0: task do_package_write_deb_setscene: Started
NOTE: recipe quilt-0.65-r0: task do_package_write_deb_setscene: Started
NOTE: recipe quilt-0.65-r0: task do_package_qa_setscene: Started
NOTE: recipe patch-2.7.6-r0: task do_package_write_deb_setscene: Started
NOTE: recipe quilt-0.65-r0: task do_populate_sysroot_setscene: Started
NOTE: recipe quilt-0.65-r0: task do_package_qa_setscene: Succeeded
NOTE: recipe patch-2.7.6-r0: task do_package_write_deb_setscene: Succeeded
NOTE: recipe quilt-0.65-r0: task do_package_write_deb_setscene: Succeeded
NOTE: recipe quilt-0.65-r0: task do_populate_sysroot_setscene: Succeeded
NOTE: Running setscene task 121 of 123 (/home/deby/poky/meta-debian/recipes-debian/quilt/quilt_debian.bb:do_packagedata_setscene)
NOTE: Running setscene task 122 of 123 (/home/deby/poky/meta/recipes-devtools/patch/patch_2.7.6.bb:do_packagedata_setscene)
NOTE: recipe diffstat-1.62-r0: task do_package_write_deb_setscene: Succeeded
NOTE: Running setscene task 123 of 123 (/home/deby/poky/meta/recipes-devtools/diffstat/diffstat_1.62.bb:do_packagedata_setscene)
NOTE: recipe quilt-0.65-r0: task do_packagedata_setscene: Started
NOTE: recipe patch-2.7.6-r0: task do_packagedata_setscene: Started
NOTE: recipe diffstat-1.62-r0: task do_packagedata_setscene: Started
NOTE: recipe quilt-0.65-r0: task do_packagedata_setscene: Succeeded
NOTE: recipe diffstat-1.62-r0: task do_packagedata_setscene: Succeeded
NOTE: recipe patch-2.7.6-r0: task do_packagedata_setscene: Succeeded
NOTE: Executing RunQueue Tasks
NOTE: Running noexec task 669 of 669 (/home/deby/poky/meta-debian/recipes-debian/quilt/quilt_debian.bb:do_build)
NOTE: Tasks Summary: Attempted 669 tasks of which 668 didn't need to be rerun and all succeeded.

Summary: There was 1 WARNING message shown.
