Loading cache...done.
Loaded 1825 entries from dependency cache.
Parsing recipes...done.
Parsing of 1043 .bb files complete (1040 cached, 3 parsed). 1828 targets, 209 skipped, 0 masked, 0 errors.
Removing 3 recipes from the i586 sysroot...done.
Removing 4 recipes from the qemux86 sysroot...done.
NOTE: Resolving any missing task queue dependencies

Build Configuration:
BB_VERSION           = "1.42.0"
BUILD_SYS            = "x86_64-linux"
NATIVELSBSTRING      = "universal"
TARGET_SYS           = "i586-deby-linux"
MACHINE              = "qemux86"
DISTRO               = "deby-tiny"
DISTRO_VERSION       = "10.0"
TUNE_FEATURES        = "m32 i586"
TARGET_FPU           = ""
meta                 
meta-poky            = "warrior:79a850a10a4b88a6d20d607b322542f947874323"
meta-debian          = "warrior:2fa6d8525f0464064f8764856015185a0c4e5411"

Initialising tasks...done.
Sstate summary: Wanted 64 Found 1 Missed 63 Current 59 (1% match, 48% complete)
NOTE: Executing SetScene Tasks
NOTE: Running setscene task 65 of 123 (/home/deby/poky/meta-debian/recipes-debian/shadow/shadow_debian.bb:do_populate_lic_setscene)
NOTE: recipe shadow-4.5-r0: task do_populate_lic_setscene: Started
NOTE: recipe shadow-4.5-r0: task do_populate_lic_setscene: Succeeded
NOTE: Executing RunQueue Tasks
NOTE: Running task 134 of 743 (/home/deby/poky/meta-debian/recipes-debian/gcc/gcc-source_debian.bb:do_unpack)
NOTE: Running task 153 of 743 (/home/deby/poky/meta-debian/recipes-kernel/linux-libc-headers/linux-libc-headers-base_git.bb:do_fetch)
NOTE: recipe linux-libc-headers-base-gitAUTOINC+5e85a1ff9a-r0: task do_fetch: Started
NOTE: Running task 507 of 743 (/home/deby/poky/meta-debian/recipes-debian/shadow/shadow_debian.bb:do_fetch)
NOTE: recipe shadow-4.5-r0: task do_fetch: Started
NOTE: recipe linux-libc-headers-base-gitAUTOINC+5e85a1ff9a-r0: task do_fetch: Succeeded
NOTE: Running task 600 of 743 (/home/deby/poky/meta-debian/recipes-kernel/linux-libc-headers/linux-libc-headers-base_git.bb:do_unpack)
NOTE: Running task 601 of 743 (/home/deby/poky/meta-debian/recipes-kernel/linux-libc-headers/linux-libc-headers-base_git.bb:do_prepare_recipe_sysroot)
NOTE: recipe linux-libc-headers-base-gitAUTOINC+5e85a1ff9a-r0: task do_unpack: Started
NOTE: recipe linux-libc-headers-base-gitAUTOINC+5e85a1ff9a-r0: task do_prepare_recipe_sysroot: Started
NOTE: recipe gcc-source-8.3.0-8.3.0-r0: task do_unpack: Started
NOTE: recipe linux-libc-headers-base-gitAUTOINC+5e85a1ff9a-r0: task do_prepare_recipe_sysroot: Succeeded
NOTE: recipe shadow-4.5-r0: task do_fetch: Succeeded
NOTE: Running task 602 of 743 (/home/deby/poky/meta-debian/recipes-debian/shadow/shadow_debian.bb:do_unpack)
NOTE: recipe shadow-4.5-r0: task do_unpack: Started
NOTE: recipe shadow-4.5-r0: task do_unpack: Succeeded
NOTE: Running task 603 of 743 (/home/deby/poky/meta-debian/recipes-debian/shadow/shadow_debian.bb:do_debian_unpack_extra)
NOTE: recipe shadow-4.5-r0: task do_debian_unpack_extra: Started
NOTE: recipe shadow-4.5-r0: task do_debian_unpack_extra: Succeeded
NOTE: Running task 604 of 743 (/home/deby/poky/meta-debian/recipes-debian/shadow/shadow_debian.bb:do_debian_patch)
NOTE: recipe shadow-4.5-r0: task do_debian_patch: Started
NOTE: recipe shadow-4.5-r0: task do_debian_patch: Succeeded
NOTE: Running task 605 of 743 (/home/deby/poky/meta-debian/recipes-debian/shadow/shadow_debian.bb:do_patch)
NOTE: recipe shadow-4.5-r0: task do_patch: Started
NOTE: recipe shadow-4.5-r0: task do_patch: Succeeded
NOTE: recipe gcc-source-8.3.0-8.3.0-r0: task do_unpack: Succeeded
NOTE: Running task 607 of 743 (/home/deby/poky/meta-debian/recipes-debian/gcc/gcc-source_debian.bb:do_debian_unpack_extra)
NOTE: recipe gcc-source-8.3.0-8.3.0-r0: task do_debian_unpack_extra: Started
NOTE: recipe gcc-source-8.3.0-8.3.0-r0: task do_debian_unpack_extra: Succeeded
NOTE: Running task 608 of 743 (/home/deby/poky/meta-debian/recipes-debian/gcc/gcc-source_debian.bb:do_debian_patch)
NOTE: recipe gcc-source-8.3.0-8.3.0-r0: task do_debian_patch: Started
NOTE: recipe gcc-source-8.3.0-8.3.0-r0: task do_debian_patch: Succeeded
NOTE: Running task 609 of 743 (/home/deby/poky/meta-debian/recipes-debian/gcc/gcc-source_debian.bb:do_patch)
NOTE: recipe gcc-source-8.3.0-8.3.0-r0: task do_patch: Started
NOTE: recipe gcc-source-8.3.0-8.3.0-r0: task do_patch: Succeeded
NOTE: Running task 610 of 743 (/home/deby/poky/meta-debian/recipes-debian/gcc/gcc-source_debian.bb:do_preconfigure)
NOTE: recipe gcc-source-8.3.0-8.3.0-r0: task do_preconfigure: Started
NOTE: recipe gcc-source-8.3.0-8.3.0-r0: task do_preconfigure: Succeeded
NOTE: recipe linux-libc-headers-base-gitAUTOINC+5e85a1ff9a-r0: task do_unpack: Succeeded
NOTE: Running task 611 of 743 (/home/deby/poky/meta-debian/recipes-kernel/linux-libc-headers/linux-libc-headers-base_git.bb:do_patch)
NOTE: recipe linux-libc-headers-base-gitAUTOINC+5e85a1ff9a-r0: task do_patch: Started
NOTE: recipe linux-libc-headers-base-gitAUTOINC+5e85a1ff9a-r0: task do_patch: Succeeded
NOTE: Running noexec task 612 of 743 (/home/deby/poky/meta-debian/recipes-kernel/linux-libc-headers/linux-libc-headers-base_git.bb:do_configure)
NOTE: Running noexec task 613 of 743 (/home/deby/poky/meta-debian/recipes-kernel/linux-libc-headers/linux-libc-headers-base_git.bb:do_compile)
NOTE: Running task 614 of 743 (/home/deby/poky/meta-debian/recipes-kernel/linux-libc-headers/linux-libc-headers-base_git.bb:do_install)
NOTE: recipe linux-libc-headers-base-gitAUTOINC+5e85a1ff9a-r0: task do_install: Started
NOTE: recipe linux-libc-headers-base-gitAUTOINC+5e85a1ff9a-r0: task do_install: Succeeded
NOTE: Running task 615 of 743 (/home/deby/poky/meta-debian/recipes-kernel/linux-libc-headers/linux-libc-headers-base_git.bb:do_populate_sysroot)
NOTE: Running task 616 of 743 (/home/deby/poky/meta-debian/recipes-kernel/linux-libc-headers/linux-libc-headers-base_git.bb:do_package)
NOTE: recipe linux-libc-headers-base-gitAUTOINC+5e85a1ff9a-r0: task do_populate_sysroot: Started
NOTE: recipe linux-libc-headers-base-gitAUTOINC+5e85a1ff9a-r0: task do_package: Started
NOTE: recipe linux-libc-headers-base-gitAUTOINC+5e85a1ff9a-r0: task do_populate_sysroot: Succeeded
NOTE: Running task 617 of 743 (/home/deby/poky/meta-debian/recipes-debian/gcc/gcc-cross_debian.bb:do_prepare_recipe_sysroot)
NOTE: recipe gcc-cross-i586-8.3.0-r0: task do_prepare_recipe_sysroot: Started
NOTE: recipe gcc-cross-i586-8.3.0-r0: task do_prepare_recipe_sysroot: Succeeded
NOTE: Running task 618 of 743 (/home/deby/poky/meta-debian/recipes-debian/gcc/gcc-cross_debian.bb:do_configure)
NOTE: recipe gcc-cross-i586-8.3.0-r0: task do_configure: Started
NOTE: recipe gcc-cross-i586-8.3.0-r0: task do_configure: Succeeded
NOTE: Running task 619 of 743 (/home/deby/poky/meta-debian/recipes-debian/gcc/gcc-cross_debian.bb:do_compile)
NOTE: recipe gcc-cross-i586-8.3.0-r0: task do_compile: Started
NOTE: recipe linux-libc-headers-base-gitAUTOINC+5e85a1ff9a-r0: task do_package: Succeeded
NOTE: Running task 620 of 743 (/home/deby/poky/meta-debian/recipes-kernel/linux-libc-headers/linux-libc-headers-base_git.bb:do_packagedata)
NOTE: recipe linux-libc-headers-base-gitAUTOINC+5e85a1ff9a-r0: task do_packagedata: Started
NOTE: recipe linux-libc-headers-base-gitAUTOINC+5e85a1ff9a-r0: task do_packagedata: Succeeded
NOTE: Running task 621 of 743 (/home/deby/poky/meta-debian/recipes-kernel/linux-libc-headers/linux-libc-headers-base_git.bb:do_package_write_deb)
NOTE: recipe linux-libc-headers-base-gitAUTOINC+5e85a1ff9a-r0: task do_package_write_deb: Started
NOTE: recipe linux-libc-headers-base-gitAUTOINC+5e85a1ff9a-r0: task do_package_write_deb: Succeeded
NOTE: recipe gcc-cross-i586-8.3.0-r0: task do_compile: Succeeded
NOTE: Running task 622 of 743 (/home/deby/poky/meta-debian/recipes-debian/gcc/gcc-cross_debian.bb:do_gcc_stash_builddir)
NOTE: recipe gcc-cross-i586-8.3.0-r0: task do_gcc_stash_builddir: Started
NOTE: recipe gcc-cross-i586-8.3.0-r0: task do_gcc_stash_builddir: Succeeded
NOTE: Running task 623 of 743 (/home/deby/poky/meta-debian/recipes-debian/gcc/gcc-cross_debian.bb:do_install)
NOTE: recipe gcc-cross-i586-8.3.0-r0: task do_install: Started
NOTE: recipe gcc-cross-i586-8.3.0-r0: task do_install: Succeeded
NOTE: Running task 624 of 743 (/home/deby/poky/meta-debian/recipes-debian/gcc/gcc-cross_debian.bb:do_populate_sysroot)
NOTE: recipe gcc-cross-i586-8.3.0-r0: task do_populate_sysroot: Started
NOTE: recipe gcc-cross-i586-8.3.0-r0: task do_populate_sysroot: Succeeded
NOTE: Running task 625 of 743 (/home/deby/poky/meta-debian/recipes-debian/gcc/libgcc-initial_debian.bb:do_prepare_recipe_sysroot)
NOTE: recipe libgcc-initial-8.3.0-r0: task do_prepare_recipe_sysroot: Started
NOTE: recipe libgcc-initial-8.3.0-r0: task do_prepare_recipe_sysroot: Succeeded
NOTE: Running task 626 of 743 (/home/deby/poky/meta-debian/recipes-debian/gcc/libgcc-initial_debian.bb:do_configure)
NOTE: recipe libgcc-initial-8.3.0-r0: task do_configure: Started
NOTE: recipe libgcc-initial-8.3.0-r0: task do_configure: Succeeded
NOTE: Running task 627 of 743 (/home/deby/poky/meta-debian/recipes-debian/gcc/libgcc-initial_debian.bb:do_compile)
NOTE: recipe libgcc-initial-8.3.0-r0: task do_compile: Started
NOTE: recipe libgcc-initial-8.3.0-r0: task do_compile: Succeeded
NOTE: Running task 628 of 743 (/home/deby/poky/meta-debian/recipes-debian/gcc/libgcc-initial_debian.bb:do_install)
NOTE: recipe libgcc-initial-8.3.0-r0: task do_install: Started
NOTE: recipe libgcc-initial-8.3.0-r0: task do_install: Succeeded
NOTE: Running task 629 of 743 (/home/deby/poky/meta-debian/recipes-debian/gcc/libgcc-initial_debian.bb:do_multilib_install)
NOTE: recipe libgcc-initial-8.3.0-r0: task do_multilib_install: Started
NOTE: recipe libgcc-initial-8.3.0-r0: task do_multilib_install: Succeeded
NOTE: Running task 630 of 743 (/home/deby/poky/meta-debian/recipes-debian/gcc/libgcc-initial_debian.bb:do_extra_symlinks)
NOTE: recipe libgcc-initial-8.3.0-r0: task do_extra_symlinks: Started
NOTE: recipe libgcc-initial-8.3.0-r0: task do_extra_symlinks: Succeeded
NOTE: Running task 631 of 743 (/home/deby/poky/meta-debian/recipes-debian/gcc/libgcc-initial_debian.bb:do_populate_sysroot)
NOTE: recipe libgcc-initial-8.3.0-r0: task do_populate_sysroot: Started
NOTE: recipe libgcc-initial-8.3.0-r0: task do_populate_sysroot: Succeeded
NOTE: Running task 632 of 743 (/home/deby/poky/meta-debian/recipes-debian/glibc/glibc_debian.bb:do_prepare_recipe_sysroot)
NOTE: recipe glibc-2.28-r0: task do_prepare_recipe_sysroot: Started
NOTE: recipe glibc-2.28-r0: task do_prepare_recipe_sysroot: Succeeded
NOTE: Running task 633 of 743 (/home/deby/poky/meta-debian/recipes-debian/glibc/glibc_debian.bb:do_configure)
NOTE: recipe glibc-2.28-r0: task do_configure: Started
NOTE: recipe glibc-2.28-r0: task do_configure: Succeeded
NOTE: Running task 634 of 743 (/home/deby/poky/meta-debian/recipes-debian/glibc/glibc_debian.bb:do_compile)
NOTE: recipe glibc-2.28-r0: task do_compile: Started
NOTE: recipe glibc-2.28-r0: task do_compile: Succeeded
NOTE: Running task 635 of 743 (/home/deby/poky/meta-debian/recipes-debian/glibc/glibc_debian.bb:do_install)
NOTE: recipe glibc-2.28-r0: task do_install: Started
NOTE: recipe glibc-2.28-r0: task do_install: Succeeded
NOTE: Running task 636 of 743 (/home/deby/poky/meta-debian/recipes-debian/glibc/glibc_debian.bb:do_stash_locale)
NOTE: recipe glibc-2.28-r0: task do_stash_locale: Started
NOTE: recipe glibc-2.28-r0: task do_stash_locale: Succeeded
NOTE: Running task 637 of 743 (/home/deby/poky/meta-debian/recipes-debian/glibc/glibc_debian.bb:do_populate_sysroot)
NOTE: Running task 638 of 743 (/home/deby/poky/meta-debian/recipes-debian/glibc/glibc_debian.bb:do_package)
NOTE: Running task 639 of 743 (/home/deby/poky/meta-debian/recipes-debian/glibc/glibc-locale_debian.bb:do_install)
NOTE: recipe glibc-2.28-r0: task do_populate_sysroot: Started
NOTE: recipe glibc-2.28-r0: task do_package: Started
NOTE: recipe glibc-locale-2.28-r0: task do_install: Started
NOTE: recipe glibc-2.28-r0: task do_populate_sysroot: Succeeded
NOTE: Running task 640 of 743 (/home/deby/poky/meta-debian/recipes-debian/gcc/libgcc_debian.bb:do_prepare_recipe_sysroot)
NOTE: recipe libgcc-8.3.0-r0: task do_prepare_recipe_sysroot: Started
NOTE: recipe libgcc-8.3.0-r0: task do_prepare_recipe_sysroot: Succeeded
NOTE: Running task 641 of 743 (/home/deby/poky/meta-debian/recipes-debian/gcc/libgcc_debian.bb:do_configure)
NOTE: recipe libgcc-8.3.0-r0: task do_configure: Started
NOTE: recipe glibc-locale-2.28-r0: task do_install: Succeeded
NOTE: Running task 642 of 743 (/home/deby/poky/meta-debian/recipes-debian/glibc/glibc-locale_debian.bb:do_package)
NOTE: Running task 643 of 743 (/home/deby/poky/meta-debian/recipes-debian/glibc/glibc-locale_debian.bb:do_populate_sysroot)
NOTE: recipe glibc-locale-2.28-r0: task do_populate_sysroot: Started
NOTE: recipe glibc-locale-2.28-r0: task do_package: Started
NOTE: recipe glibc-locale-2.28-r0: task do_populate_sysroot: Succeeded
NOTE: recipe glibc-2.28-r0: task do_package: Succeeded
NOTE: Running task 644 of 743 (/home/deby/poky/meta-debian/recipes-debian/glibc/glibc_debian.bb:do_packagedata)
NOTE: recipe glibc-2.28-r0: task do_packagedata: Started
NOTE: recipe libgcc-8.3.0-r0: task do_configure: Succeeded
NOTE: Running task 645 of 743 (/home/deby/poky/meta-debian/recipes-debian/gcc/libgcc_debian.bb:do_compile)
NOTE: recipe libgcc-8.3.0-r0: task do_compile: Started
NOTE: recipe glibc-2.28-r0: task do_packagedata: Succeeded
NOTE: Running task 646 of 743 (/home/deby/poky/meta-debian/recipes-debian/glibc/glibc_debian.bb:do_package_write_deb)
NOTE: recipe glibc-2.28-r0: task do_package_write_deb: Started
NOTE: recipe glibc-2.28-r0: task do_package_write_deb: Succeeded
NOTE: recipe libgcc-8.3.0-r0: task do_compile: Succeeded
NOTE: Running task 647 of 743 (/home/deby/poky/meta-debian/recipes-debian/gcc/libgcc_debian.bb:do_install)
NOTE: recipe libgcc-8.3.0-r0: task do_install: Started
NOTE: recipe libgcc-8.3.0-r0: task do_install: Succeeded
NOTE: Running task 648 of 743 (/home/deby/poky/meta-debian/recipes-debian/gcc/libgcc_debian.bb:do_multilib_install)
NOTE: recipe libgcc-8.3.0-r0: task do_multilib_install: Started
NOTE: recipe libgcc-8.3.0-r0: task do_multilib_install: Succeeded
NOTE: Running task 649 of 743 (/home/deby/poky/meta-debian/recipes-debian/gcc/libgcc_debian.bb:do_extra_symlinks)
NOTE: recipe libgcc-8.3.0-r0: task do_extra_symlinks: Started
NOTE: recipe libgcc-8.3.0-r0: task do_extra_symlinks: Succeeded
NOTE: Running task 650 of 743 (/home/deby/poky/meta-debian/recipes-debian/gcc/libgcc_debian.bb:do_populate_sysroot)
NOTE: Running task 651 of 743 (/home/deby/poky/meta-debian/recipes-debian/gcc/libgcc_debian.bb:do_package)
NOTE: recipe libgcc-8.3.0-r0: task do_populate_sysroot: Started
NOTE: recipe libgcc-8.3.0-r0: task do_package: Started
NOTE: recipe libgcc-8.3.0-r0: task do_populate_sysroot: Succeeded
NOTE: Running task 652 of 743 (/home/deby/poky/meta-debian/recipes-debian/gcc/gcc-runtime_debian.bb:do_prepare_recipe_sysroot)
NOTE: recipe gcc-runtime-8.3.0-r0: task do_prepare_recipe_sysroot: Started
NOTE: recipe libgcc-8.3.0-r0: task do_package: Succeeded
NOTE: Running task 653 of 743 (/home/deby/poky/meta-debian/recipes-debian/gcc/libgcc_debian.bb:do_packagedata)
NOTE: recipe libgcc-8.3.0-r0: task do_packagedata: Started
NOTE: recipe libgcc-8.3.0-r0: task do_packagedata: Succeeded
NOTE: Running task 654 of 743 (/home/deby/poky/meta-debian/recipes-debian/gcc/libgcc_debian.bb:do_package_write_deb)
NOTE: recipe libgcc-8.3.0-r0: task do_package_write_deb: Started
NOTE: recipe gcc-runtime-8.3.0-r0: task do_prepare_recipe_sysroot: Succeeded
NOTE: Running task 655 of 743 (/home/deby/poky/meta-debian/recipes-debian/gcc/gcc-runtime_debian.bb:do_configure)
NOTE: recipe gcc-runtime-8.3.0-r0: task do_configure: Started
NOTE: recipe libgcc-8.3.0-r0: task do_package_write_deb: Succeeded
NOTE: recipe gcc-runtime-8.3.0-r0: task do_configure: Succeeded
NOTE: Running task 656 of 743 (/home/deby/poky/meta-debian/recipes-debian/gcc/gcc-runtime_debian.bb:do_compile)
NOTE: recipe gcc-runtime-8.3.0-r0: task do_compile: Started
NOTE: recipe gcc-runtime-8.3.0-r0: task do_compile: Succeeded
NOTE: Running task 657 of 743 (/home/deby/poky/meta-debian/recipes-debian/gcc/gcc-runtime_debian.bb:do_install)
NOTE: recipe gcc-runtime-8.3.0-r0: task do_install: Started
NOTE: recipe gcc-runtime-8.3.0-r0: task do_install: Succeeded
NOTE: Running task 658 of 743 (/home/deby/poky/meta-debian/recipes-debian/gcc/gcc-runtime_debian.bb:do_populate_sysroot)
NOTE: Running task 659 of 743 (/home/deby/poky/meta-debian/recipes-debian/gcc/gcc-runtime_debian.bb:do_package)
NOTE: recipe gcc-runtime-8.3.0-r0: task do_populate_sysroot: Started
NOTE: recipe gcc-runtime-8.3.0-r0: task do_package: Started
NOTE: recipe gcc-runtime-8.3.0-r0: task do_populate_sysroot: Succeeded
NOTE: Running task 660 of 743 (/home/deby/poky/meta-debian/recipes-debian/libtool/libtool-cross_debian.bb:do_prepare_recipe_sysroot)
NOTE: Running task 661 of 743 (/home/deby/poky/meta/recipes-devtools/opkg-utils/opkg-utils_0.4.0.bb:do_prepare_recipe_sysroot)
NOTE: Running task 662 of 743 (/home/deby/poky/meta-debian/recipes-debian/zlib/zlib_debian.bb:do_prepare_recipe_sysroot)
NOTE: recipe libtool-cross-2.4.6-r0: task do_prepare_recipe_sysroot: Started
NOTE: recipe opkg-utils-0.4.0-r0: task do_prepare_recipe_sysroot: Started
NOTE: recipe zlib-1.2.11-r0: task do_prepare_recipe_sysroot: Started
NOTE: recipe zlib-1.2.11-r0: task do_prepare_recipe_sysroot: Succeeded
NOTE: Running task 663 of 743 (/home/deby/poky/meta-debian/recipes-debian/zlib/zlib_debian.bb:do_configure)
NOTE: recipe opkg-utils-0.4.0-r0: task do_prepare_recipe_sysroot: Succeeded
NOTE: recipe libtool-cross-2.4.6-r0: task do_prepare_recipe_sysroot: Succeeded
NOTE: Running task 664 of 743 (/home/deby/poky/meta/recipes-devtools/opkg-utils/opkg-utils_0.4.0.bb:do_configure)
NOTE: Running task 665 of 743 (/home/deby/poky/meta-debian/recipes-debian/libtool/libtool-cross_debian.bb:do_configure)
NOTE: recipe zlib-1.2.11-r0: task do_configure: Started
NOTE: recipe opkg-utils-0.4.0-r0: task do_configure: Started
NOTE: recipe libtool-cross-2.4.6-r0: task do_configure: Started
NOTE: recipe opkg-utils-0.4.0-r0: task do_configure: Succeeded
NOTE: Running task 666 of 743 (/home/deby/poky/meta/recipes-devtools/opkg-utils/opkg-utils_0.4.0.bb:do_compile)
NOTE: recipe opkg-utils-0.4.0-r0: task do_compile: Started
NOTE: recipe opkg-utils-0.4.0-r0: task do_compile: Succeeded
NOTE: Running task 667 of 743 (/home/deby/poky/meta/recipes-devtools/opkg-utils/opkg-utils_0.4.0.bb:do_install)
NOTE: recipe zlib-1.2.11-r0: task do_configure: Succeeded
NOTE: Running task 668 of 743 (/home/deby/poky/meta-debian/recipes-debian/zlib/zlib_debian.bb:do_compile)
NOTE: recipe zlib-1.2.11-r0: task do_compile: Started
NOTE: recipe opkg-utils-0.4.0-r0: task do_install: Started
NOTE: recipe gcc-runtime-8.3.0-r0: task do_package: Succeeded
NOTE: Running task 669 of 743 (/home/deby/poky/meta-debian/recipes-debian/gcc/gcc-runtime_debian.bb:do_packagedata)
NOTE: recipe gcc-runtime-8.3.0-r0: task do_packagedata: Started
NOTE: recipe opkg-utils-0.4.0-r0: task do_install: Succeeded
NOTE: Running task 670 of 743 (/home/deby/poky/meta/recipes-devtools/opkg-utils/opkg-utils_0.4.0.bb:do_populate_sysroot)
NOTE: recipe opkg-utils-0.4.0-r0: task do_populate_sysroot: Started
NOTE: recipe zlib-1.2.11-r0: task do_compile: Succeeded
NOTE: Running task 671 of 743 (/home/deby/poky/meta-debian/recipes-debian/zlib/zlib_debian.bb:do_install)
NOTE: recipe gcc-runtime-8.3.0-r0: task do_packagedata: Succeeded
NOTE: Running task 672 of 743 (/home/deby/poky/meta/recipes-devtools/opkg-utils/opkg-utils_0.4.0.bb:do_package)
NOTE: Running task 673 of 743 (/home/deby/poky/meta-debian/recipes-debian/gcc/gcc-runtime_debian.bb:do_package_write_deb)
NOTE: recipe opkg-utils-0.4.0-r0: task do_package: Started
NOTE: recipe gcc-runtime-8.3.0-r0: task do_package_write_deb: Started
NOTE: recipe opkg-utils-0.4.0-r0: task do_populate_sysroot: Succeeded
NOTE: recipe zlib-1.2.11-r0: task do_install: Started
NOTE: recipe zlib-1.2.11-r0: task do_install: Succeeded
NOTE: Running task 674 of 743 (/home/deby/poky/meta-debian/recipes-debian/zlib/zlib_debian.bb:do_package)
NOTE: Running task 675 of 743 (/home/deby/poky/meta-debian/recipes-debian/zlib/zlib_debian.bb:do_populate_sysroot)
NOTE: recipe zlib-1.2.11-r0: task do_package: Started
NOTE: recipe zlib-1.2.11-r0: task do_populate_sysroot: Started
NOTE: recipe zlib-1.2.11-r0: task do_populate_sysroot: Succeeded
NOTE: recipe opkg-utils-0.4.0-r0: task do_package: Succeeded
NOTE: Running task 676 of 743 (/home/deby/poky/meta/recipes-devtools/opkg-utils/opkg-utils_0.4.0.bb:do_packagedata)
NOTE: recipe opkg-utils-0.4.0-r0: task do_packagedata: Started
NOTE: recipe opkg-utils-0.4.0-r0: task do_packagedata: Succeeded
NOTE: Running task 677 of 743 (/home/deby/poky/meta/recipes-devtools/opkg-utils/opkg-utils_0.4.0.bb:do_package_write_deb)
NOTE: recipe opkg-utils-0.4.0-r0: task do_package_write_deb: Started
NOTE: recipe zlib-1.2.11-r0: task do_package: Succeeded
NOTE: Running task 678 of 743 (/home/deby/poky/meta-debian/recipes-debian/zlib/zlib_debian.bb:do_packagedata)
NOTE: recipe zlib-1.2.11-r0: task do_packagedata: Started
NOTE: recipe gcc-runtime-8.3.0-r0: task do_package_write_deb: Succeeded
NOTE: recipe zlib-1.2.11-r0: task do_packagedata: Succeeded
NOTE: Running task 679 of 743 (/home/deby/poky/meta-debian/recipes-debian/zlib/zlib_debian.bb:do_package_write_deb)
NOTE: recipe zlib-1.2.11-r0: task do_package_write_deb: Started
NOTE: recipe opkg-utils-0.4.0-r0: task do_package_write_deb: Succeeded
NOTE: recipe zlib-1.2.11-r0: task do_package_write_deb: Succeeded
NOTE: recipe libtool-cross-2.4.6-r0: task do_configure: Succeeded
NOTE: Running task 680 of 743 (/home/deby/poky/meta-debian/recipes-debian/libtool/libtool-cross_debian.bb:do_compile)
NOTE: recipe libtool-cross-2.4.6-r0: task do_compile: Started
NOTE: recipe libtool-cross-2.4.6-r0: task do_compile: Succeeded
NOTE: Running task 681 of 743 (/home/deby/poky/meta-debian/recipes-debian/libtool/libtool-cross_debian.bb:do_install)
NOTE: recipe libtool-cross-2.4.6-r0: task do_install: Started
NOTE: recipe libtool-cross-2.4.6-r0: task do_install: Succeeded
NOTE: Running task 682 of 743 (/home/deby/poky/meta-debian/recipes-debian/libtool/libtool-cross_debian.bb:do_populate_sysroot)
NOTE: Running task 683 of 743 (/home/deby/poky/meta-debian/recipes-debian/libtool/libtool-cross_debian.bb:do_package)
NOTE: recipe libtool-cross-2.4.6-r0: task do_populate_sysroot: Started
NOTE: recipe libtool-cross-2.4.6-r0: task do_package: Started
NOTE: recipe libtool-cross-2.4.6-r0: task do_populate_sysroot: Succeeded
NOTE: Running task 684 of 743 (/home/deby/poky/meta-debian/recipes-debian/libxcrypt/libxcrypt_debian.bb:do_prepare_recipe_sysroot)
NOTE: Running task 685 of 743 (/home/deby/poky/meta-debian/recipes-debian/ncurses/ncurses_debian.bb:do_prepare_recipe_sysroot)
NOTE: Running task 686 of 743 (/home/deby/poky/meta-debian/recipes-debian/bash-completion/bash-completion_debian.bb:do_prepare_recipe_sysroot)
NOTE: Running task 687 of 743 (/home/deby/poky/meta-debian/recipes-debian/base-passwd/base-passwd_debian.bb:do_prepare_recipe_sysroot)
NOTE: recipe libxcrypt-4.1.1-r0: task do_prepare_recipe_sysroot: Started
NOTE: recipe base-passwd-3.5.46-r0: task do_prepare_recipe_sysroot: Started
NOTE: recipe bash-completion-2.8-r0: task do_prepare_recipe_sysroot: Started
NOTE: recipe ncurses-6.1+20181013-r0: task do_prepare_recipe_sysroot: Started
NOTE: recipe libtool-cross-2.4.6-r0: task do_package: Succeeded
NOTE: Running task 688 of 743 (/home/deby/poky/meta-debian/recipes-debian/libtool/libtool-cross_debian.bb:do_packagedata)
NOTE: recipe libtool-cross-2.4.6-r0: task do_packagedata: Started
NOTE: recipe libtool-cross-2.4.6-r0: task do_packagedata: Succeeded
NOTE: Running task 689 of 743 (/home/deby/poky/meta-debian/recipes-debian/libtool/libtool-cross_debian.bb:do_package_write_deb)
NOTE: recipe libtool-cross-2.4.6-r0: task do_package_write_deb: Started
NOTE: recipe base-passwd-3.5.46-r0: task do_prepare_recipe_sysroot: Succeeded
NOTE: Running task 690 of 743 (/home/deby/poky/meta-debian/recipes-debian/base-passwd/base-passwd_debian.bb:do_configure)
NOTE: recipe base-passwd-3.5.46-r0: task do_configure: Started
NOTE: recipe libxcrypt-4.1.1-r0: task do_prepare_recipe_sysroot: Succeeded
NOTE: Running task 691 of 743 (/home/deby/poky/meta-debian/recipes-debian/libxcrypt/libxcrypt_debian.bb:do_configure)
NOTE: recipe libxcrypt-4.1.1-r0: task do_configure: Started
NOTE: recipe libtool-cross-2.4.6-r0: task do_package_write_deb: Succeeded
NOTE: recipe ncurses-6.1+20181013-r0: task do_prepare_recipe_sysroot: Succeeded
NOTE: Running task 692 of 743 (/home/deby/poky/meta-debian/recipes-debian/ncurses/ncurses_debian.bb:do_configure)
NOTE: recipe bash-completion-2.8-r0: task do_prepare_recipe_sysroot: Succeeded
NOTE: Running task 693 of 743 (/home/deby/poky/meta-debian/recipes-debian/bash-completion/bash-completion_debian.bb:do_configure)
NOTE: recipe ncurses-6.1+20181013-r0: task do_configure: Started
NOTE: recipe bash-completion-2.8-r0: task do_configure: Started
NOTE: recipe bash-completion-2.8-r0: task do_configure: Succeeded
NOTE: Running task 694 of 743 (/home/deby/poky/meta-debian/recipes-debian/bash-completion/bash-completion_debian.bb:do_compile)
NOTE: recipe bash-completion-2.8-r0: task do_compile: Started
NOTE: recipe bash-completion-2.8-r0: task do_compile: Succeeded
NOTE: Running task 695 of 743 (/home/deby/poky/meta-debian/recipes-debian/bash-completion/bash-completion_debian.bb:do_install)
NOTE: recipe bash-completion-2.8-r0: task do_install: Started
NOTE: recipe base-passwd-3.5.46-r0: task do_configure: Succeeded
NOTE: Running task 696 of 743 (/home/deby/poky/meta-debian/recipes-debian/base-passwd/base-passwd_debian.bb:do_compile)
NOTE: recipe base-passwd-3.5.46-r0: task do_compile: Started
NOTE: recipe base-passwd-3.5.46-r0: task do_compile: Succeeded
NOTE: Running task 697 of 743 (/home/deby/poky/meta-debian/recipes-debian/base-passwd/base-passwd_debian.bb:do_install)
NOTE: recipe base-passwd-3.5.46-r0: task do_install: Started
NOTE: recipe base-passwd-3.5.46-r0: task do_install: Succeeded
NOTE: Running task 698 of 743 (/home/deby/poky/meta-debian/recipes-debian/base-passwd/base-passwd_debian.bb:do_populate_sysroot)
NOTE: recipe base-passwd-3.5.46-r0: task do_populate_sysroot: Started
NOTE: recipe libxcrypt-4.1.1-r0: task do_configure: Succeeded
NOTE: Running task 699 of 743 (/home/deby/poky/meta-debian/recipes-debian/libxcrypt/libxcrypt_debian.bb:do_compile)
NOTE: recipe libxcrypt-4.1.1-r0: task do_compile: Started
NOTE: recipe base-passwd-3.5.46-r0: task do_populate_sysroot: Succeeded
NOTE: Running task 700 of 743 (/home/deby/poky/meta-debian/recipes-debian/base-passwd/base-passwd_debian.bb:do_package)
NOTE: recipe base-passwd-3.5.46-r0: task do_package: Started
NOTE: recipe base-passwd-3.5.46-r0: task do_package: Succeeded
NOTE: Running task 701 of 743 (/home/deby/poky/meta-debian/recipes-debian/base-passwd/base-passwd_debian.bb:do_packagedata)
NOTE: recipe base-passwd-3.5.46-r0: task do_packagedata: Started
NOTE: recipe libxcrypt-4.1.1-r0: task do_compile: Succeeded
NOTE: Running task 702 of 743 (/home/deby/poky/meta-debian/recipes-debian/libxcrypt/libxcrypt_debian.bb:do_install)
NOTE: recipe base-passwd-3.5.46-r0: task do_packagedata: Succeeded
NOTE: Running task 703 of 743 (/home/deby/poky/meta-debian/recipes-debian/base-passwd/base-passwd_debian.bb:do_package_write_deb)
NOTE: recipe base-passwd-3.5.46-r0: task do_package_write_deb: Started
NOTE: recipe base-passwd-3.5.46-r0: task do_package_write_deb: Succeeded
NOTE: recipe libxcrypt-4.1.1-r0: task do_install: Started
NOTE: recipe libxcrypt-4.1.1-r0: task do_install: Succeeded
NOTE: Running task 704 of 743 (/home/deby/poky/meta-debian/recipes-debian/libxcrypt/libxcrypt_debian.bb:do_package)
NOTE: Running task 705 of 743 (/home/deby/poky/meta-debian/recipes-debian/libxcrypt/libxcrypt_debian.bb:do_populate_sysroot)
NOTE: recipe libxcrypt-4.1.1-r0: task do_package: Started
NOTE: recipe libxcrypt-4.1.1-r0: task do_populate_sysroot: Started
NOTE: recipe libxcrypt-4.1.1-r0: task do_populate_sysroot: Succeeded
NOTE: Running task 706 of 743 (/home/deby/poky/meta-debian/recipes-debian/shadow/shadow_debian.bb:do_prepare_recipe_sysroot)
NOTE: recipe libxcrypt-4.1.1-r0: task do_package: Succeeded
NOTE: Running task 707 of 743 (/home/deby/poky/meta-debian/recipes-debian/libxcrypt/libxcrypt_debian.bb:do_packagedata)
NOTE: recipe libxcrypt-4.1.1-r0: task do_packagedata: Started
NOTE: recipe shadow-4.5-r0: task do_prepare_recipe_sysroot: Started
NOTE: recipe libxcrypt-4.1.1-r0: task do_packagedata: Succeeded
NOTE: Running task 708 of 743 (/home/deby/poky/meta-debian/recipes-debian/libxcrypt/libxcrypt_debian.bb:do_package_write_deb)
NOTE: recipe libxcrypt-4.1.1-r0: task do_package_write_deb: Started
NOTE: recipe libxcrypt-4.1.1-r0: task do_package_write_deb: Succeeded
NOTE: recipe glibc-locale-2.28-r0: task do_package: Succeeded
NOTE: Running task 709 of 743 (/home/deby/poky/meta-debian/recipes-debian/glibc/glibc-locale_debian.bb:do_packagedata)
NOTE: recipe bash-completion-2.8-r0: task do_install: Succeeded
NOTE: Running task 710 of 743 (/home/deby/poky/meta-debian/recipes-debian/bash-completion/bash-completion_debian.bb:do_package)
NOTE: Running task 711 of 743 (/home/deby/poky/meta-debian/recipes-debian/bash-completion/bash-completion_debian.bb:do_populate_sysroot)
NOTE: recipe bash-completion-2.8-r0: task do_populate_sysroot: Started
NOTE: recipe bash-completion-2.8-r0: task do_package: Started
NOTE: recipe shadow-4.5-r0: task do_prepare_recipe_sysroot: Succeeded
NOTE: Running task 712 of 743 (/home/deby/poky/meta-debian/recipes-debian/shadow/shadow_debian.bb:do_configure)
NOTE: recipe glibc-locale-2.28-r0: task do_packagedata: Started
NOTE: recipe shadow-4.5-r0: task do_configure: Started
NOTE: recipe bash-completion-2.8-r0: task do_populate_sysroot: Succeeded
NOTE: recipe ncurses-6.1+20181013-r0: task do_configure: Succeeded
NOTE: Running task 713 of 743 (/home/deby/poky/meta-debian/recipes-debian/ncurses/ncurses_debian.bb:do_compile)
NOTE: recipe ncurses-6.1+20181013-r0: task do_compile: Started
NOTE: recipe glibc-locale-2.28-r0: task do_packagedata: Succeeded
NOTE: Running task 714 of 743 (/home/deby/poky/meta-debian/recipes-debian/glibc/glibc-locale_debian.bb:do_package_write_deb)
NOTE: recipe glibc-locale-2.28-r0: task do_package_write_deb: Started
NOTE: recipe bash-completion-2.8-r0: task do_package: Succeeded
NOTE: Running task 715 of 743 (/home/deby/poky/meta-debian/recipes-debian/bash-completion/bash-completion_debian.bb:do_packagedata)
NOTE: recipe bash-completion-2.8-r0: task do_packagedata: Started
NOTE: recipe bash-completion-2.8-r0: task do_packagedata: Succeeded
NOTE: recipe ncurses-6.1+20181013-r0: task do_compile: Succeeded
NOTE: Running task 716 of 743 (/home/deby/poky/meta-debian/recipes-debian/ncurses/ncurses_debian.bb:do_install)
NOTE: recipe ncurses-6.1+20181013-r0: task do_install: Started
NOTE: recipe glibc-locale-2.28-r0: task do_package_write_deb: Succeeded
NOTE: recipe ncurses-6.1+20181013-r0: task do_install: Succeeded
NOTE: Running task 717 of 743 (/home/deby/poky/meta-debian/recipes-debian/ncurses/ncurses_debian.bb:do_package)
NOTE: Running task 718 of 743 (/home/deby/poky/meta-debian/recipes-debian/ncurses/ncurses_debian.bb:do_populate_sysroot)
NOTE: recipe ncurses-6.1+20181013-r0: task do_populate_sysroot: Started
NOTE: recipe ncurses-6.1+20181013-r0: task do_package: Started
NOTE: recipe ncurses-6.1+20181013-r0: task do_populate_sysroot: Succeeded
NOTE: Running task 719 of 743 (/home/deby/poky/meta-debian/recipes-debian/util-linux/util-linux_debian.bb:do_prepare_recipe_sysroot)
NOTE: Running task 720 of 743 (/home/deby/poky/meta-debian/recipes-debian/bash/bash_debian.bb:do_prepare_recipe_sysroot)
NOTE: recipe util-linux-2.33.1-r0: task do_prepare_recipe_sysroot: Started
NOTE: recipe shadow-4.5-r0: task do_configure: Succeeded
NOTE: Running task 721 of 743 (/home/deby/poky/meta-debian/recipes-debian/shadow/shadow_debian.bb:do_compile)
NOTE: recipe shadow-4.5-r0: task do_compile: Started
NOTE: recipe bash-5.0-r0: task do_prepare_recipe_sysroot: Started
NOTE: recipe bash-5.0-r0: task do_prepare_recipe_sysroot: Succeeded
NOTE: Running task 722 of 743 (/home/deby/poky/meta-debian/recipes-debian/bash/bash_debian.bb:do_configure)
NOTE: recipe bash-5.0-r0: task do_configure: Started
NOTE: recipe util-linux-2.33.1-r0: task do_prepare_recipe_sysroot: Succeeded
NOTE: Running task 723 of 743 (/home/deby/poky/meta-debian/recipes-debian/util-linux/util-linux_debian.bb:do_configure)
NOTE: recipe util-linux-2.33.1-r0: task do_configure: Started
NOTE: recipe shadow-4.5-r0: task do_compile: Succeeded
NOTE: Running task 724 of 743 (/home/deby/poky/meta-debian/recipes-debian/shadow/shadow_debian.bb:do_install)
NOTE: recipe shadow-4.5-r0: task do_install: Started
NOTE: recipe shadow-4.5-r0: task do_install: Succeeded
NOTE: Running task 725 of 743 (/home/deby/poky/meta-debian/recipes-debian/shadow/shadow_debian.bb:do_package)
NOTE: Running task 726 of 743 (/home/deby/poky/meta-debian/recipes-debian/shadow/shadow_debian.bb:do_populate_sysroot)
NOTE: recipe shadow-4.5-r0: task do_populate_sysroot: Started
NOTE: recipe shadow-4.5-r0: task do_package: Started
NOTE: recipe shadow-4.5-r0: task do_populate_sysroot: Succeeded
NOTE: recipe ncurses-6.1+20181013-r0: task do_package: Succeeded
NOTE: Running task 727 of 743 (/home/deby/poky/meta-debian/recipes-debian/ncurses/ncurses_debian.bb:do_packagedata)
NOTE: recipe ncurses-6.1+20181013-r0: task do_packagedata: Started
NOTE: recipe ncurses-6.1+20181013-r0: task do_packagedata: Succeeded
NOTE: Running task 728 of 743 (/home/deby/poky/meta-debian/recipes-debian/ncurses/ncurses_debian.bb:do_package_write_deb)
NOTE: recipe ncurses-6.1+20181013-r0: task do_package_write_deb: Started
NOTE: recipe ncurses-6.1+20181013-r0: task do_package_write_deb: Succeeded
NOTE: recipe shadow-4.5-r0: task do_package: Succeeded
NOTE: Running task 729 of 743 (/home/deby/poky/meta-debian/recipes-debian/shadow/shadow_debian.bb:do_packagedata)
NOTE: recipe shadow-4.5-r0: task do_packagedata: Started
NOTE: recipe shadow-4.5-r0: task do_packagedata: Succeeded
NOTE: recipe util-linux-2.33.1-r0: task do_configure: Succeeded
NOTE: Running task 730 of 743 (/home/deby/poky/meta-debian/recipes-debian/util-linux/util-linux_debian.bb:do_compile)
NOTE: recipe util-linux-2.33.1-r0: task do_compile: Started
NOTE: recipe util-linux-2.33.1-r0: task do_compile: Succeeded
NOTE: Running task 731 of 743 (/home/deby/poky/meta-debian/recipes-debian/util-linux/util-linux_debian.bb:do_install)
NOTE: recipe util-linux-2.33.1-r0: task do_install: Started
NOTE: recipe bash-5.0-r0: task do_configure: Succeeded
NOTE: Running task 732 of 743 (/home/deby/poky/meta-debian/recipes-debian/bash/bash_debian.bb:do_compile)
NOTE: recipe bash-5.0-r0: task do_compile: Started
NOTE: recipe util-linux-2.33.1-r0: task do_install: Succeeded
NOTE: Running task 733 of 743 (/home/deby/poky/meta-debian/recipes-debian/util-linux/util-linux_debian.bb:do_package)
NOTE: recipe util-linux-2.33.1-r0: task do_package: Started
NOTE: recipe bash-5.0-r0: task do_compile: Succeeded
NOTE: Running task 734 of 743 (/home/deby/poky/meta-debian/recipes-debian/bash/bash_debian.bb:do_install)
NOTE: recipe bash-5.0-r0: task do_install: Started
NOTE: recipe util-linux-2.33.1-r0: task do_package: Succeeded
NOTE: Running task 735 of 743 (/home/deby/poky/meta-debian/recipes-debian/util-linux/util-linux_debian.bb:do_packagedata)
NOTE: recipe util-linux-2.33.1-r0: task do_packagedata: Started
NOTE: recipe util-linux-2.33.1-r0: task do_packagedata: Succeeded
NOTE: Running task 736 of 743 (/home/deby/poky/meta-debian/recipes-debian/util-linux/util-linux_debian.bb:do_package_write_deb)
NOTE: Running task 737 of 743 (/home/deby/poky/meta-debian/recipes-debian/shadow/shadow_debian.bb:do_package_write_deb)
NOTE: Running task 738 of 743 (/home/deby/poky/meta-debian/recipes-debian/shadow/shadow_debian.bb:do_package_qa)
NOTE: recipe shadow-4.5-r0: task do_package_qa: Started
NOTE: recipe shadow-4.5-r0: task do_package_write_deb: Started
NOTE: recipe util-linux-2.33.1-r0: task do_package_write_deb: Started
NOTE: recipe bash-5.0-r0: task do_install: Succeeded
NOTE: Running task 739 of 743 (/home/deby/poky/meta-debian/recipes-debian/bash/bash_debian.bb:do_package)
NOTE: recipe bash-5.0-r0: task do_package: Started
NOTE: recipe shadow-4.5-r0: task do_package_qa: Succeeded
NOTE: recipe util-linux-2.33.1-r0: task do_package_write_deb: Succeeded
NOTE: recipe shadow-4.5-r0: task do_package_write_deb: Succeeded
NOTE: recipe bash-5.0-r0: task do_package: Succeeded
NOTE: Running task 740 of 743 (/home/deby/poky/meta-debian/recipes-debian/bash/bash_debian.bb:do_packagedata)
NOTE: recipe bash-5.0-r0: task do_packagedata: Started
NOTE: recipe bash-5.0-r0: task do_packagedata: Succeeded
NOTE: Running task 741 of 743 (/home/deby/poky/meta-debian/recipes-debian/bash/bash_debian.bb:do_package_write_deb)
NOTE: Running task 742 of 743 (/home/deby/poky/meta-debian/recipes-debian/bash-completion/bash-completion_debian.bb:do_package_write_deb)
NOTE: recipe bash-5.0-r0: task do_package_write_deb: Started
NOTE: recipe bash-completion-2.8-r0: task do_package_write_deb: Started
NOTE: recipe bash-5.0-r0: task do_package_write_deb: Succeeded
NOTE: recipe bash-completion-2.8-r0: task do_package_write_deb: Succeeded
NOTE: Running noexec task 743 of 743 (/home/deby/poky/meta-debian/recipes-debian/shadow/shadow_debian.bb:do_build)
NOTE: Tasks Summary: Attempted 743 tasks of which 597 didn't need to be rerun and all succeeded.
