Loading cache...done.
Loaded 1723 entries from dependency cache.
NOTE: Resolving any missing task queue dependencies

Build Configuration:
BB_VERSION           = "1.42.0"
BUILD_SYS            = "x86_64-linux"
NATIVELSBSTRING      = "universal"
TARGET_SYS           = "i586-deby-linux"
MACHINE              = "qemux86"
DISTRO               = "deby-tiny"
DISTRO_VERSION       = "10.0"
TUNE_FEATURES        = "m32 i586"
TARGET_FPU           = ""
meta                 
meta-poky            = "warrior:79a850a10a4b88a6d20d607b322542f947874323"
meta-debian          = "warrior:79407869d1e56b8c7cb9ac0a9a48a4923ffa202b"

Initialising tasks...done.
Sstate summary: Wanted 2 Found 0 Missed 2 Current 131 (0% match, 98% complete)
NOTE: Executing SetScene Tasks
NOTE: Executing RunQueue Tasks
NOTE: Running task 762 of 766 (/home/deby/poky/meta-debian/recipes-debian/tpm2-tss/tpm2-tss_debian.bb:do_populate_lic)
NOTE: Running task 764 of 766 (/home/deby/poky/meta-debian/recipes-debian/tpm2-tss/tpm2-tss_debian.bb:do_package_qa)
NOTE: recipe tpm2-tss-2.1.0-r0: task do_populate_lic: Started
NOTE: recipe tpm2-tss-2.1.0-r0: task do_populate_lic: Succeeded
NOTE: recipe tpm2-tss-2.1.0-r0: task do_package_qa: Started
NOTE: recipe tpm2-tss-2.1.0-r0: task do_package_qa: Succeeded
NOTE: Running noexec task 766 of 766 (/home/deby/poky/meta-debian/recipes-debian/tpm2-tss/tpm2-tss_debian.bb:do_build)
NOTE: Tasks Summary: Attempted 766 tasks of which 763 didn't need to be rerun and all succeeded.
