Loading cache...done.
Loaded 1825 entries from dependency cache.
Parsing recipes...done.
Parsing of 1043 .bb files complete (1041 cached, 2 parsed). 1828 targets, 209 skipped, 0 masked, 0 errors.
NOTE: Resolving any missing task queue dependencies

Build Configuration:
BB_VERSION           = "1.42.0"
BUILD_SYS            = "x86_64-linux"
NATIVELSBSTRING      = "universal"
TARGET_SYS           = "i586-deby-linux"
MACHINE              = "qemux86"
DISTRO               = "deby-tiny"
DISTRO_VERSION       = "10.0"
TUNE_FEATURES        = "m32 i586"
TARGET_FPU           = ""
meta                 
meta-poky            = "warrior:79a850a10a4b88a6d20d607b322542f947874323"
meta-debian          = "warrior:2fa6d8525f0464064f8764856015185a0c4e5411"

Initialising tasks...done.
Sstate summary: Wanted 17 Found 0 Missed 17 Current 216 (0% match, 92% complete)
NOTE: Executing SetScene Tasks
NOTE: Executing RunQueue Tasks
NOTE: Running task 834 of 1191 (/home/deby/poky/meta/recipes-extended/shadow/shadow-sysroot_4.6.bb:do_prepare_recipe_sysroot)
NOTE: Running task 902 of 1191 (/home/deby/poky/meta-debian/recipes-debian/expat/expat_debian.bb:do_prepare_recipe_sysroot)
NOTE: recipe shadow-sysroot-4.6-r3: task do_prepare_recipe_sysroot: Started
NOTE: recipe expat-2.2.6-r0: task do_prepare_recipe_sysroot: Started
NOTE: recipe expat-2.2.6-r0: task do_prepare_recipe_sysroot: Succeeded
NOTE: Running task 1160 of 1191 (/home/deby/poky/meta-debian/recipes-debian/expat/expat_debian.bb:do_configure)
NOTE: recipe expat-2.2.6-r0: task do_configure: Started
NOTE: recipe shadow-sysroot-4.6-r3: task do_prepare_recipe_sysroot: Succeeded
NOTE: Running task 1161 of 1191 (/home/deby/poky/meta/recipes-extended/shadow/shadow-sysroot_4.6.bb:do_configure)
NOTE: recipe shadow-sysroot-4.6-r3: task do_configure: Started
NOTE: recipe shadow-sysroot-4.6-r3: task do_configure: Succeeded
NOTE: Running task 1162 of 1191 (/home/deby/poky/meta/recipes-extended/shadow/shadow-sysroot_4.6.bb:do_compile)
NOTE: recipe shadow-sysroot-4.6-r3: task do_compile: Started
NOTE: recipe shadow-sysroot-4.6-r3: task do_compile: Succeeded
NOTE: Running task 1163 of 1191 (/home/deby/poky/meta/recipes-extended/shadow/shadow-sysroot_4.6.bb:do_install)
NOTE: recipe shadow-sysroot-4.6-r3: task do_install: Started
NOTE: recipe shadow-sysroot-4.6-r3: task do_install: Succeeded
NOTE: Running task 1164 of 1191 (/home/deby/poky/meta/recipes-extended/shadow/shadow-sysroot_4.6.bb:do_populate_sysroot)
NOTE: Running task 1165 of 1191 (/home/deby/poky/meta/recipes-extended/shadow/shadow-sysroot_4.6.bb:do_package)
NOTE: recipe shadow-sysroot-4.6-r3: task do_populate_sysroot: Started
NOTE: recipe shadow-sysroot-4.6-r3: task do_package: Started
NOTE: recipe shadow-sysroot-4.6-r3: task do_populate_sysroot: Succeeded
NOTE: recipe shadow-sysroot-4.6-r3: task do_package: Succeeded
NOTE: Running task 1166 of 1191 (/home/deby/poky/meta/recipes-extended/shadow/shadow-sysroot_4.6.bb:do_packagedata)
NOTE: recipe shadow-sysroot-4.6-r3: task do_packagedata: Started
NOTE: recipe shadow-sysroot-4.6-r3: task do_packagedata: Succeeded
NOTE: Running task 1167 of 1191 (/home/deby/poky/meta/recipes-extended/shadow/shadow-sysroot_4.6.bb:do_package_write_deb)
NOTE: recipe shadow-sysroot-4.6-r3: task do_package_write_deb: Started
NOTE: recipe shadow-sysroot-4.6-r3: task do_package_write_deb: Succeeded
NOTE: recipe expat-2.2.6-r0: task do_configure: Succeeded
NOTE: Running task 1168 of 1191 (/home/deby/poky/meta-debian/recipes-debian/expat/expat_debian.bb:do_compile)
NOTE: recipe expat-2.2.6-r0: task do_compile: Started
NOTE: recipe expat-2.2.6-r0: task do_compile: Succeeded
NOTE: Running task 1169 of 1191 (/home/deby/poky/meta-debian/recipes-debian/expat/expat_debian.bb:do_install)
NOTE: recipe expat-2.2.6-r0: task do_install: Started
NOTE: recipe expat-2.2.6-r0: task do_install: Succeeded
NOTE: Running task 1170 of 1191 (/home/deby/poky/meta-debian/recipes-debian/expat/expat_debian.bb:do_populate_sysroot)
NOTE: Running task 1171 of 1191 (/home/deby/poky/meta-debian/recipes-debian/expat/expat_debian.bb:do_package)
NOTE: recipe expat-2.2.6-r0: task do_populate_sysroot: Started
NOTE: recipe expat-2.2.6-r0: task do_package: Started
NOTE: recipe expat-2.2.6-r0: task do_populate_sysroot: Succeeded
NOTE: Running task 1172 of 1191 (/home/deby/poky/meta-debian/recipes-debian/dbus/dbus_debian.bb:do_prepare_recipe_sysroot)
NOTE: recipe dbus-1.12.16-r0: task do_prepare_recipe_sysroot: Started
NOTE: recipe expat-2.2.6-r0: task do_package: Succeeded
NOTE: Running task 1173 of 1191 (/home/deby/poky/meta-debian/recipes-debian/expat/expat_debian.bb:do_packagedata)
NOTE: recipe expat-2.2.6-r0: task do_packagedata: Started
NOTE: recipe expat-2.2.6-r0: task do_packagedata: Succeeded
NOTE: Running task 1174 of 1191 (/home/deby/poky/meta-debian/recipes-debian/expat/expat_debian.bb:do_package_write_deb)
NOTE: recipe expat-2.2.6-r0: task do_package_write_deb: Started
NOTE: recipe expat-2.2.6-r0: task do_package_write_deb: Succeeded
NOTE: recipe dbus-1.12.16-r0: task do_prepare_recipe_sysroot: Succeeded
NOTE: Running task 1175 of 1191 (/home/deby/poky/meta-debian/recipes-debian/dbus/dbus_debian.bb:do_configure)
NOTE: recipe dbus-1.12.16-r0: task do_configure: Started
NOTE: recipe dbus-1.12.16-r0: task do_configure: Succeeded
NOTE: Running task 1176 of 1191 (/home/deby/poky/meta-debian/recipes-debian/dbus/dbus_debian.bb:do_compile)
NOTE: recipe dbus-1.12.16-r0: task do_compile: Started
NOTE: recipe dbus-1.12.16-r0: task do_compile: Succeeded
NOTE: Running task 1177 of 1191 (/home/deby/poky/meta-debian/recipes-debian/dbus/dbus_debian.bb:do_install)
NOTE: recipe dbus-1.12.16-r0: task do_install: Started
NOTE: recipe dbus-1.12.16-r0: task do_install: Succeeded
NOTE: Running task 1178 of 1191 (/home/deby/poky/meta-debian/recipes-debian/dbus/dbus_debian.bb:do_package)
NOTE: Running task 1179 of 1191 (/home/deby/poky/meta-debian/recipes-debian/dbus/dbus_debian.bb:do_populate_sysroot)
NOTE: recipe dbus-1.12.16-r0: task do_populate_sysroot: Started
NOTE: recipe dbus-1.12.16-r0: task do_package: Started
NOTE: recipe dbus-1.12.16-r0: task do_populate_sysroot: Succeeded
NOTE: Running task 1180 of 1191 (/home/deby/poky/meta-debian/recipes-debian/tpm2-abrmd/tpm2-abrmd_debian.bb:do_prepare_recipe_sysroot)
NOTE: recipe tpm2-abrmd-2.1.0-r0: task do_prepare_recipe_sysroot: Started
NOTE: recipe dbus-1.12.16-r0: task do_package: Succeeded
NOTE: Running task 1181 of 1191 (/home/deby/poky/meta-debian/recipes-debian/dbus/dbus_debian.bb:do_packagedata)
NOTE: recipe dbus-1.12.16-r0: task do_packagedata: Started
NOTE: recipe dbus-1.12.16-r0: task do_packagedata: Succeeded
NOTE: Running task 1182 of 1191 (/home/deby/poky/meta-debian/recipes-debian/dbus/dbus_debian.bb:do_package_write_deb)
NOTE: recipe tpm2-abrmd-2.1.0-r0: task do_prepare_recipe_sysroot: Succeeded
NOTE: Running task 1183 of 1191 (/home/deby/poky/meta-debian/recipes-debian/tpm2-abrmd/tpm2-abrmd_debian.bb:do_configure)
NOTE: recipe dbus-1.12.16-r0: task do_package_write_deb: Started
NOTE: recipe tpm2-abrmd-2.1.0-r0: task do_configure: Started
NOTE: recipe dbus-1.12.16-r0: task do_package_write_deb: Succeeded
NOTE: recipe tpm2-abrmd-2.1.0-r0: task do_configure: Succeeded
NOTE: Running task 1184 of 1191 (/home/deby/poky/meta-debian/recipes-debian/tpm2-abrmd/tpm2-abrmd_debian.bb:do_compile)
NOTE: recipe tpm2-abrmd-2.1.0-r0: task do_compile: Started
NOTE: recipe tpm2-abrmd-2.1.0-r0: task do_compile: Succeeded
NOTE: Running task 1185 of 1191 (/home/deby/poky/meta-debian/recipes-debian/tpm2-abrmd/tpm2-abrmd_debian.bb:do_install)
NOTE: recipe tpm2-abrmd-2.1.0-r0: task do_install: Started
NOTE: recipe tpm2-abrmd-2.1.0-r0: task do_install: Succeeded
NOTE: Running task 1186 of 1191 (/home/deby/poky/meta-debian/recipes-debian/tpm2-abrmd/tpm2-abrmd_debian.bb:do_package)
NOTE: Running task 1187 of 1191 (/home/deby/poky/meta-debian/recipes-debian/tpm2-abrmd/tpm2-abrmd_debian.bb:do_populate_sysroot)
NOTE: recipe tpm2-abrmd-2.1.0-r0: task do_populate_sysroot: Started
NOTE: recipe tpm2-abrmd-2.1.0-r0: task do_package: Started
NOTE: recipe tpm2-abrmd-2.1.0-r0: task do_populate_sysroot: Succeeded
NOTE: recipe tpm2-abrmd-2.1.0-r0: task do_package: Succeeded
NOTE: Running task 1188 of 1191 (/home/deby/poky/meta-debian/recipes-debian/tpm2-abrmd/tpm2-abrmd_debian.bb:do_packagedata)
NOTE: recipe tpm2-abrmd-2.1.0-r0: task do_packagedata: Started
NOTE: recipe tpm2-abrmd-2.1.0-r0: task do_packagedata: Succeeded
NOTE: Running task 1189 of 1191 (/home/deby/poky/meta-debian/recipes-debian/tpm2-abrmd/tpm2-abrmd_debian.bb:do_package_write_deb)
NOTE: Running task 1190 of 1191 (/home/deby/poky/meta-debian/recipes-debian/tpm2-abrmd/tpm2-abrmd_debian.bb:do_package_qa)
NOTE: recipe tpm2-abrmd-2.1.0-r0: task do_package_write_deb: Started
NOTE: recipe tpm2-abrmd-2.1.0-r0: task do_package_qa: Started
NOTE: recipe tpm2-abrmd-2.1.0-r0: task do_package_qa: Succeeded
NOTE: recipe tpm2-abrmd-2.1.0-r0: task do_package_write_deb: Succeeded
NOTE: Running noexec task 1191 of 1191 (/home/deby/poky/meta-debian/recipes-debian/tpm2-abrmd/tpm2-abrmd_debian.bb:do_build)
NOTE: Tasks Summary: Attempted 1191 tasks of which 1157 didn't need to be rerun and all succeeded.
