Loading cache...done.
Loaded 1723 entries from dependency cache.
NOTE: Resolving any missing task queue dependencies

Build Configuration:
BB_VERSION           = "1.42.0"
BUILD_SYS            = "x86_64-linux"
NATIVELSBSTRING      = "universal"
TARGET_SYS           = "i586-deby-linux"
MACHINE              = "qemux86"
DISTRO               = "deby-tiny"
DISTRO_VERSION       = "10.0"
TUNE_FEATURES        = "m32 i586"
TARGET_FPU           = ""
meta                 
meta-poky            = "warrior:79a850a10a4b88a6d20d607b322542f947874323"
meta-debian          = "warrior:79407869d1e56b8c7cb9ac0a9a48a4923ffa202b"

Initialising tasks...done.
Sstate summary: Wanted 1 Found 0 Missed 1 Current 139 (0% match, 99% complete)
NOTE: Executing SetScene Tasks
NOTE: Executing RunQueue Tasks
NOTE: Running task 797 of 799 (/home/deby/poky/meta-debian/recipes-debian/util-linux/util-linux_debian.bb:do_package_qa)
NOTE: recipe util-linux-2.33.1-r0: task do_package_qa: Started
NOTE: recipe util-linux-2.33.1-r0: task do_package_qa: Succeeded
NOTE: Running noexec task 799 of 799 (/home/deby/poky/meta-debian/recipes-debian/util-linux/util-linux_debian.bb:do_build)
NOTE: Tasks Summary: Attempted 799 tasks of which 797 didn't need to be rerun and all succeeded.
