Loading cache...done.
Loaded 1761 entries from dependency cache.
Parsing recipes...done.
Parsing of 1022 .bb files complete (1020 cached, 2 parsed). 1763 targets, 69 skipped, 0 masked, 0 errors.
WARNING: No bb files matched BBFILE_PATTERN_debian-raspberrypi '^/home/deby/poky/meta-debian/tests/../../meta-debian/bsp/meta-raspberrypi/'
NOTE: Resolving any missing task queue dependencies

Build Configuration:
BB_VERSION           = "1.42.0"
BUILD_SYS            = "x86_64-linux"
NATIVELSBSTRING      = "universal"
TARGET_SYS           = "arm-deby-linux-gnueabi"
MACHINE              = "raspberrypi3"
DISTRO               = "deby"
DISTRO_VERSION       = "10.0"
TUNE_FEATURES        = "arm vfp cortexa7 neon vfpv4 thumb callconvention-hard"
TARGET_FPU           = "hard"
meta                 
meta-poky            = "warrior:79a850a10a4b88a6d20d607b322542f947874323"
meta-debian          = "warrior:f7512bd96372e67fe4288cb5cb61cf52d282dd4e"
meta-raspberrypi     = "warrior:0750d5d2bc9596f35d5d61bb0ff657be4b02bfdc"
meta-raspberrypi     = "warrior:f7512bd96372e67fe4288cb5cb61cf52d282dd4e"

Initialising tasks...done.
Sstate summary: Wanted 17 Found 0 Missed 17 Current 439 (0% match, 96% complete)
NOTE: Executing SetScene Tasks
NOTE: Executing RunQueue Tasks
NOTE: Running task 1241 of 2083 (/home/deby/poky/meta-debian/recipes-debian/libmhash/libmhash_debian.bb:do_prepare_recipe_sysroot)
NOTE: Running task 1455 of 2083 (/home/deby/poky/meta-debian/recipes-debian/selinux/libsepol_debian.bb:do_prepare_recipe_sysroot)
NOTE: recipe libsepol-2.8-r0: task do_prepare_recipe_sysroot: Started
NOTE: recipe libmhash-0.9.9.9-r0: task do_prepare_recipe_sysroot: Started
NOTE: recipe libsepol-2.8-r0: task do_prepare_recipe_sysroot: Succeeded
NOTE: Running task 2049 of 2083 (/home/deby/poky/meta-debian/recipes-debian/selinux/libsepol_debian.bb:do_configure)
NOTE: recipe libsepol-2.8-r0: task do_configure: Started
NOTE: recipe libmhash-0.9.9.9-r0: task do_prepare_recipe_sysroot: Succeeded
NOTE: Running task 2050 of 2083 (/home/deby/poky/meta-debian/recipes-debian/libmhash/libmhash_debian.bb:do_configure)
NOTE: recipe libsepol-2.8-r0: task do_configure: Succeeded
NOTE: Running task 2051 of 2083 (/home/deby/poky/meta-debian/recipes-debian/selinux/libsepol_debian.bb:do_compile)
NOTE: recipe libmhash-0.9.9.9-r0: task do_configure: Started
NOTE: recipe libsepol-2.8-r0: task do_compile: Started
NOTE: recipe libsepol-2.8-r0: task do_compile: Succeeded
NOTE: Running task 2052 of 2083 (/home/deby/poky/meta-debian/recipes-debian/selinux/libsepol_debian.bb:do_install)
NOTE: recipe libsepol-2.8-r0: task do_install: Started
NOTE: recipe libsepol-2.8-r0: task do_install: Succeeded
NOTE: Running task 2053 of 2083 (/home/deby/poky/meta-debian/recipes-debian/selinux/libsepol_debian.bb:do_populate_sysroot)
NOTE: Running task 2054 of 2083 (/home/deby/poky/meta-debian/recipes-debian/selinux/libsepol_debian.bb:do_package)
NOTE: recipe libsepol-2.8-r0: task do_populate_sysroot: Started
NOTE: recipe libsepol-2.8-r0: task do_package: Started
NOTE: recipe libsepol-2.8-r0: task do_populate_sysroot: Succeeded
NOTE: Running task 2055 of 2083 (/home/deby/poky/meta-debian/recipes-debian/selinux/libselinux_debian.bb:do_prepare_recipe_sysroot)
NOTE: recipe libselinux-2.8-r0: task do_prepare_recipe_sysroot: Started
NOTE: recipe libsepol-2.8-r0: task do_package: Succeeded
NOTE: Running task 2056 of 2083 (/home/deby/poky/meta-debian/recipes-debian/selinux/libsepol_debian.bb:do_packagedata)
NOTE: recipe libselinux-2.8-r0: task do_prepare_recipe_sysroot: Succeeded
NOTE: Running task 2057 of 2083 (/home/deby/poky/meta-debian/recipes-debian/selinux/libselinux_debian.bb:do_configure)
NOTE: recipe libsepol-2.8-r0: task do_packagedata: Started
NOTE: recipe libselinux-2.8-r0: task do_configure: Started
NOTE: recipe libselinux-2.8-r0: task do_configure: Succeeded
NOTE: Running task 2058 of 2083 (/home/deby/poky/meta-debian/recipes-debian/selinux/libselinux_debian.bb:do_compile)
NOTE: recipe libsepol-2.8-r0: task do_packagedata: Succeeded
NOTE: Running task 2059 of 2083 (/home/deby/poky/meta-debian/recipes-debian/selinux/libsepol_debian.bb:do_package_write_deb)
NOTE: recipe libselinux-2.8-r0: task do_compile: Started
NOTE: recipe libsepol-2.8-r0: task do_package_write_deb: Started
NOTE: recipe libsepol-2.8-r0: task do_package_write_deb: Succeeded
NOTE: recipe libselinux-2.8-r0: task do_compile: Succeeded
NOTE: Running task 2060 of 2083 (/home/deby/poky/meta-debian/recipes-debian/selinux/libselinux_debian.bb:do_install)
NOTE: recipe libselinux-2.8-r0: task do_install: Started
NOTE: recipe libmhash-0.9.9.9-r0: task do_configure: Succeeded
NOTE: Running task 2061 of 2083 (/home/deby/poky/meta-debian/recipes-debian/libmhash/libmhash_debian.bb:do_configure_ptest_base)
NOTE: recipe libmhash-0.9.9.9-r0: task do_configure_ptest_base: Started
NOTE: recipe libmhash-0.9.9.9-r0: task do_configure_ptest_base: Succeeded
NOTE: Running task 2062 of 2083 (/home/deby/poky/meta-debian/recipes-debian/libmhash/libmhash_debian.bb:do_compile)
NOTE: recipe libmhash-0.9.9.9-r0: task do_compile: Started
NOTE: recipe libselinux-2.8-r0: task do_install: Succeeded
NOTE: Running task 2063 of 2083 (/home/deby/poky/meta-debian/recipes-debian/selinux/libselinux_debian.bb:do_package)
NOTE: Running task 2064 of 2083 (/home/deby/poky/meta-debian/recipes-debian/selinux/libselinux_debian.bb:do_populate_sysroot)
NOTE: recipe libselinux-2.8-r0: task do_populate_sysroot: Started
NOTE: recipe libselinux-2.8-r0: task do_package: Started
NOTE: recipe libselinux-2.8-r0: task do_populate_sysroot: Succeeded
NOTE: recipe libmhash-0.9.9.9-r0: task do_compile: Succeeded
NOTE: Running task 2065 of 2083 (/home/deby/poky/meta-debian/recipes-debian/libmhash/libmhash_debian.bb:do_compile_ptest_base)
NOTE: recipe libmhash-0.9.9.9-r0: task do_compile_ptest_base: Started
NOTE: recipe libmhash-0.9.9.9-r0: task do_compile_ptest_base: Succeeded
NOTE: Running task 2066 of 2083 (/home/deby/poky/meta-debian/recipes-debian/libmhash/libmhash_debian.bb:do_install)
NOTE: recipe libmhash-0.9.9.9-r0: task do_install: Started
NOTE: recipe libmhash-0.9.9.9-r0: task do_install: Succeeded
NOTE: Running task 2067 of 2083 (/home/deby/poky/meta-debian/recipes-debian/libmhash/libmhash_debian.bb:do_install_ptest_base)
NOTE: recipe libmhash-0.9.9.9-r0: task do_install_ptest_base: Started
NOTE: recipe libmhash-0.9.9.9-r0: task do_install_ptest_base: Succeeded
NOTE: Running task 2068 of 2083 (/home/deby/poky/meta-debian/recipes-debian/libmhash/libmhash_debian.bb:do_package)
NOTE: Running task 2069 of 2083 (/home/deby/poky/meta-debian/recipes-debian/libmhash/libmhash_debian.bb:do_populate_sysroot)
NOTE: recipe libmhash-0.9.9.9-r0: task do_populate_sysroot: Started
NOTE: recipe libmhash-0.9.9.9-r0: task do_package: Started
NOTE: recipe libselinux-2.8-r0: task do_package: Succeeded
NOTE: Running task 2070 of 2083 (/home/deby/poky/meta-debian/recipes-debian/selinux/libselinux_debian.bb:do_packagedata)
NOTE: recipe libselinux-2.8-r0: task do_packagedata: Started
NOTE: recipe libmhash-0.9.9.9-r0: task do_populate_sysroot: Succeeded
NOTE: Running task 2071 of 2083 (/home/deby/poky/meta-debian/recipes-debian/aide/aide_debian.bb:do_prepare_recipe_sysroot)
NOTE: recipe libselinux-2.8-r0: task do_packagedata: Succeeded
NOTE: Running task 2072 of 2083 (/home/deby/poky/meta-debian/recipes-debian/selinux/libselinux_debian.bb:do_package_write_deb)
NOTE: recipe aide-0.16.1-r0: task do_prepare_recipe_sysroot: Started
NOTE: recipe libselinux-2.8-r0: task do_package_write_deb: Started
NOTE: recipe libmhash-0.9.9.9-r0: task do_package: Succeeded
NOTE: Running task 2073 of 2083 (/home/deby/poky/meta-debian/recipes-debian/libmhash/libmhash_debian.bb:do_packagedata)
NOTE: recipe libmhash-0.9.9.9-r0: task do_packagedata: Started
NOTE: recipe libmhash-0.9.9.9-r0: task do_packagedata: Succeeded
NOTE: Running task 2074 of 2083 (/home/deby/poky/meta-debian/recipes-debian/libmhash/libmhash_debian.bb:do_package_write_deb)
NOTE: recipe libmhash-0.9.9.9-r0: task do_package_write_deb: Started
NOTE: recipe libmhash-0.9.9.9-r0: task do_package_write_deb: Succeeded
NOTE: recipe libselinux-2.8-r0: task do_package_write_deb: Succeeded
NOTE: recipe aide-0.16.1-r0: task do_prepare_recipe_sysroot: Succeeded
NOTE: Running task 2075 of 2083 (/home/deby/poky/meta-debian/recipes-debian/aide/aide_debian.bb:do_configure)
NOTE: recipe aide-0.16.1-r0: task do_configure: Started
NOTE: recipe aide-0.16.1-r0: task do_configure: Succeeded
NOTE: Running task 2076 of 2083 (/home/deby/poky/meta-debian/recipes-debian/aide/aide_debian.bb:do_compile)
NOTE: recipe aide-0.16.1-r0: task do_compile: Started
NOTE: recipe aide-0.16.1-r0: task do_compile: Succeeded
NOTE: Running task 2077 of 2083 (/home/deby/poky/meta-debian/recipes-debian/aide/aide_debian.bb:do_install)
NOTE: recipe aide-0.16.1-r0: task do_install: Started
NOTE: recipe aide-0.16.1-r0: task do_install: Succeeded
NOTE: Running task 2078 of 2083 (/home/deby/poky/meta-debian/recipes-debian/aide/aide_debian.bb:do_package)
NOTE: Running task 2079 of 2083 (/home/deby/poky/meta-debian/recipes-debian/aide/aide_debian.bb:do_populate_sysroot)
NOTE: recipe aide-0.16.1-r0: task do_package: Started
NOTE: recipe aide-0.16.1-r0: task do_populate_sysroot: Started
NOTE: recipe aide-0.16.1-r0: task do_populate_sysroot: Succeeded
NOTE: recipe aide-0.16.1-r0: task do_package: Succeeded
NOTE: Running task 2080 of 2083 (/home/deby/poky/meta-debian/recipes-debian/aide/aide_debian.bb:do_packagedata)
NOTE: recipe aide-0.16.1-r0: task do_packagedata: Started
NOTE: recipe aide-0.16.1-r0: task do_packagedata: Succeeded
NOTE: Running task 2081 of 2083 (/home/deby/poky/meta-debian/recipes-debian/aide/aide_debian.bb:do_package_write_deb)
NOTE: Running task 2082 of 2083 (/home/deby/poky/meta-debian/recipes-debian/aide/aide_debian.bb:do_package_qa)
NOTE: recipe aide-0.16.1-r0: task do_package_write_deb: Started
NOTE: recipe aide-0.16.1-r0: task do_package_qa: Started
NOTE: recipe aide-0.16.1-r0: task do_package_qa: Succeeded
NOTE: recipe aide-0.16.1-r0: task do_package_write_deb: Succeeded
NOTE: Running noexec task 2083 of 2083 (/home/deby/poky/meta-debian/recipes-debian/aide/aide_debian.bb:do_build)
NOTE: Tasks Summary: Attempted 2083 tasks of which 2046 didn't need to be rerun and all succeeded.

Summary: There was 1 WARNING message shown.
