Loading cache...done.
Loaded 1833 entries from dependency cache.
Parsing recipes...done.
Parsing of 1060 .bb files complete (1058 cached, 2 parsed). 1836 targets, 76 skipped, 0 masked, 0 errors.
WARNING: No bb files matched BBFILE_PATTERN_debian-raspberrypi '^/home/deby/poky/meta-debian/tests/../../meta-debian/bsp/meta-raspberrypi/'
NOTE: Resolving any missing task queue dependencies

Build Configuration:
BB_VERSION           = "1.42.0"
BUILD_SYS            = "x86_64-linux"
NATIVELSBSTRING      = "universal"
TARGET_SYS           = "arm-deby-linux-gnueabi"
MACHINE              = "raspberrypi3"
DISTRO               = "deby"
DISTRO_VERSION       = "10.0"
TUNE_FEATURES        = "arm vfp cortexa7 neon vfpv4 thumb callconvention-hard"
TARGET_FPU           = "hard"
meta                 
meta-poky            = "warrior:023ff85a9ae94331926e923b346fd8a349881e63"
meta-debian          = "warrior:8e157b1a7a3a3ae1224ea194f0fc9e25772d0e07"
meta-raspberrypi     = "warrior:2f0fa9a087b9ded28797d3087ccfa8f48bf5dd13"
meta-raspberrypi     = "warrior:8e157b1a7a3a3ae1224ea194f0fc9e25772d0e07"

Initialising tasks...done.
Sstate summary: Wanted 22 Found 0 Missed 22 Current 412 (0% match, 94% complete)
NOTE: Executing SetScene Tasks
NOTE: Executing RunQueue Tasks
NOTE: Running task 1163 of 2006 (/home/deby/poky/meta-debian/recipes-debian/groff/groff_debian.bb:do_fetch)
NOTE: Running task 1238 of 2006 (/home/deby/poky/meta-debian/recipes-debian/libedit/libedit_debian.bb:do_fetch)
NOTE: Running task 1239 of 2006 (/home/deby/poky/meta-debian/recipes-debian/pps-tools/pps-tools_debian.bb:do_fetch)
NOTE: Running task 1252 of 2006 (/home/deby/poky/meta/recipes-support/libbsd/libbsd_0.9.1.bb:do_fetch)
NOTE: Running task 1295 of 2006 (/home/deby/poky/meta-debian/recipes-debian/chrony/chrony_debian.bb:do_fetch)
NOTE: recipe libbsd-0.9.1-r0: task do_fetch: Started
NOTE: recipe chrony-3.4-r0: task do_fetch: Started
NOTE: recipe groff-1.22.4-r0: task do_fetch: Started
NOTE: recipe libedit-3.1-20181209-r0: task do_fetch: Started
NOTE: recipe pps-tools-1.0.2-r0: task do_fetch: Started
NOTE: recipe libbsd-0.9.1-r0: task do_fetch: Succeeded
NOTE: Running task 1946 of 2006 (/home/deby/poky/meta/recipes-support/libbsd/libbsd_0.9.1.bb:do_unpack)
NOTE: Running task 1947 of 2006 (/home/deby/poky/meta/recipes-support/libbsd/libbsd_0.9.1.bb:do_prepare_recipe_sysroot)
NOTE: recipe libbsd-0.9.1-r0: task do_prepare_recipe_sysroot: Started
NOTE: recipe libbsd-0.9.1-r0: task do_unpack: Started
NOTE: recipe chrony-3.4-r0: task do_fetch: Succeeded
NOTE: Running task 1948 of 2006 (/home/deby/poky/meta-debian/recipes-debian/chrony/chrony_debian.bb:do_unpack)
NOTE: recipe groff-1.22.4-r0: task do_fetch: Succeeded
NOTE: Running task 1949 of 2006 (/home/deby/poky/meta-debian/recipes-debian/groff/groff_debian.bb:do_unpack)
NOTE: Running task 1950 of 2006 (/home/deby/poky/meta-debian/recipes-debian/groff/groff_debian.bb:do_prepare_recipe_sysroot)
NOTE: recipe pps-tools-1.0.2-r0: task do_fetch: Succeeded
NOTE: Running task 1951 of 2006 (/home/deby/poky/meta-debian/recipes-debian/pps-tools/pps-tools_debian.bb:do_unpack)
NOTE: Running task 1952 of 2006 (/home/deby/poky/meta-debian/recipes-debian/pps-tools/pps-tools_debian.bb:do_prepare_recipe_sysroot)
NOTE: recipe libedit-3.1-20181209-r0: task do_fetch: Succeeded
NOTE: Running task 1953 of 2006 (/home/deby/poky/meta-debian/recipes-debian/libedit/libedit_debian.bb:do_unpack)
NOTE: recipe chrony-3.4-r0: task do_unpack: Started
NOTE: recipe pps-tools-1.0.2-r0: task do_unpack: Started
NOTE: recipe groff-1.22.4-r0: task do_unpack: Started
NOTE: recipe libbsd-0.9.1-r0: task do_prepare_recipe_sysroot: Succeeded
NOTE: recipe pps-tools-1.0.2-r0: task do_prepare_recipe_sysroot: Started
NOTE: recipe groff-1.22.4-r0: task do_prepare_recipe_sysroot: Started
NOTE: recipe libedit-3.1-20181209-r0: task do_unpack: Started
NOTE: recipe libbsd-0.9.1-r0: task do_unpack: Succeeded
NOTE: Running task 1954 of 2006 (/home/deby/poky/meta/recipes-support/libbsd/libbsd_0.9.1.bb:do_patch)
NOTE: recipe pps-tools-1.0.2-r0: task do_prepare_recipe_sysroot: Succeeded
NOTE: recipe libbsd-0.9.1-r0: task do_patch: Started
NOTE: recipe libedit-3.1-20181209-r0: task do_unpack: Succeeded
NOTE: Running task 1955 of 2006 (/home/deby/poky/meta-debian/recipes-debian/libedit/libedit_debian.bb:do_debian_unpack_extra)
NOTE: recipe chrony-3.4-r0: task do_unpack: Succeeded
NOTE: Running task 1956 of 2006 (/home/deby/poky/meta-debian/recipes-debian/chrony/chrony_debian.bb:do_debian_unpack_extra)
NOTE: recipe libedit-3.1-20181209-r0: task do_debian_unpack_extra: Started
NOTE: recipe pps-tools-1.0.2-r0: task do_unpack: Succeeded
NOTE: Running task 1957 of 2006 (/home/deby/poky/meta-debian/recipes-debian/pps-tools/pps-tools_debian.bb:do_debian_unpack_extra)
NOTE: recipe libedit-3.1-20181209-r0: task do_debian_unpack_extra: Succeeded
NOTE: Running task 1958 of 2006 (/home/deby/poky/meta-debian/recipes-debian/libedit/libedit_debian.bb:do_debian_patch)
NOTE: recipe chrony-3.4-r0: task do_debian_unpack_extra: Started
NOTE: recipe pps-tools-1.0.2-r0: task do_debian_unpack_extra: Started
NOTE: recipe chrony-3.4-r0: task do_debian_unpack_extra: Succeeded
NOTE: Running task 1959 of 2006 (/home/deby/poky/meta-debian/recipes-debian/chrony/chrony_debian.bb:do_debian_patch)
NOTE: recipe libedit-3.1-20181209-r0: task do_debian_patch: Started
NOTE: recipe libbsd-0.9.1-r0: task do_patch: Succeeded
NOTE: recipe chrony-3.4-r0: task do_debian_patch: Started
NOTE: Running task 1960 of 2006 (/home/deby/poky/meta/recipes-support/libbsd/libbsd_0.9.1.bb:do_configure)
NOTE: recipe pps-tools-1.0.2-r0: task do_debian_unpack_extra: Succeeded
NOTE: Running task 1961 of 2006 (/home/deby/poky/meta-debian/recipes-debian/pps-tools/pps-tools_debian.bb:do_debian_patch)
NOTE: recipe libbsd-0.9.1-r0: task do_configure: Started
NOTE: recipe pps-tools-1.0.2-r0: task do_debian_patch: Started
NOTE: recipe chrony-3.4-r0: task do_debian_patch: Succeeded
NOTE: recipe groff-1.22.4-r0: task do_unpack: Succeeded
NOTE: Running task 1962 of 2006 (/home/deby/poky/meta-debian/recipes-debian/groff/groff_debian.bb:do_debian_unpack_extra)
NOTE: Running task 1963 of 2006 (/home/deby/poky/meta-debian/recipes-debian/chrony/chrony_debian.bb:do_patch)
NOTE: recipe libedit-3.1-20181209-r0: task do_debian_patch: Succeeded
NOTE: Running task 1964 of 2006 (/home/deby/poky/meta-debian/recipes-debian/libedit/libedit_debian.bb:do_patch)
NOTE: recipe pps-tools-1.0.2-r0: task do_debian_patch: Succeeded
NOTE: Running task 1965 of 2006 (/home/deby/poky/meta-debian/recipes-debian/pps-tools/pps-tools_debian.bb:do_patch)
NOTE: recipe libedit-3.1-20181209-r0: task do_patch: Started
NOTE: recipe groff-1.22.4-r0: task do_debian_unpack_extra: Started
NOTE: recipe chrony-3.4-r0: task do_patch: Started
NOTE: recipe libedit-3.1-20181209-r0: task do_patch: Succeeded
NOTE: recipe chrony-3.4-r0: task do_patch: Succeeded
NOTE: Running task 1966 of 2006 (/home/deby/poky/meta-debian/recipes-debian/chrony/chrony_debian.bb:do_populate_lic)
NOTE: recipe pps-tools-1.0.2-r0: task do_patch: Started
NOTE: recipe chrony-3.4-r0: task do_populate_lic: Started
NOTE: recipe groff-1.22.4-r0: task do_debian_unpack_extra: Succeeded
NOTE: Running task 1967 of 2006 (/home/deby/poky/meta-debian/recipes-debian/groff/groff_debian.bb:do_debian_patch)
NOTE: recipe pps-tools-1.0.2-r0: task do_patch: Succeeded
NOTE: Running task 1968 of 2006 (/home/deby/poky/meta-debian/recipes-debian/pps-tools/pps-tools_debian.bb:do_configure)
NOTE: recipe groff-1.22.4-r0: task do_prepare_recipe_sysroot: Succeeded
NOTE: recipe groff-1.22.4-r0: task do_debian_patch: Started
NOTE: recipe pps-tools-1.0.2-r0: task do_configure: Started
NOTE: recipe chrony-3.4-r0: task do_populate_lic: Succeeded
NOTE: recipe pps-tools-1.0.2-r0: task do_configure: Succeeded
NOTE: Running task 1969 of 2006 (/home/deby/poky/meta-debian/recipes-debian/pps-tools/pps-tools_debian.bb:do_compile)
NOTE: recipe groff-1.22.4-r0: task do_debian_patch: Succeeded
NOTE: recipe pps-tools-1.0.2-r0: task do_compile: Started
NOTE: Running task 1970 of 2006 (/home/deby/poky/meta-debian/recipes-debian/groff/groff_debian.bb:do_patch)
NOTE: recipe groff-1.22.4-r0: task do_patch: Started
NOTE: recipe groff-1.22.4-r0: task do_patch: Succeeded
NOTE: Running task 1971 of 2006 (/home/deby/poky/meta-debian/recipes-debian/groff/groff_debian.bb:do_configure)
NOTE: recipe pps-tools-1.0.2-r0: task do_compile: Succeeded
NOTE: recipe groff-1.22.4-r0: task do_configure: Started
NOTE: Running task 1972 of 2006 (/home/deby/poky/meta-debian/recipes-debian/pps-tools/pps-tools_debian.bb:do_install)
NOTE: recipe pps-tools-1.0.2-r0: task do_install: Started
NOTE: recipe pps-tools-1.0.2-r0: task do_install: Succeeded
NOTE: Running task 1973 of 2006 (/home/deby/poky/meta-debian/recipes-debian/pps-tools/pps-tools_debian.bb:do_package)
NOTE: Running task 1974 of 2006 (/home/deby/poky/meta-debian/recipes-debian/pps-tools/pps-tools_debian.bb:do_populate_sysroot)
NOTE: recipe pps-tools-1.0.2-r0: task do_package: Started
NOTE: recipe pps-tools-1.0.2-r0: task do_populate_sysroot: Started
NOTE: recipe pps-tools-1.0.2-r0: task do_populate_sysroot: Succeeded
NOTE: recipe pps-tools-1.0.2-r0: task do_package: Succeeded
NOTE: Running task 1975 of 2006 (/home/deby/poky/meta-debian/recipes-debian/pps-tools/pps-tools_debian.bb:do_packagedata)
NOTE: recipe pps-tools-1.0.2-r0: task do_packagedata: Started
NOTE: recipe pps-tools-1.0.2-r0: task do_packagedata: Succeeded
NOTE: Running task 1976 of 2006 (/home/deby/poky/meta-debian/recipes-debian/pps-tools/pps-tools_debian.bb:do_package_write_deb)
NOTE: recipe pps-tools-1.0.2-r0: task do_package_write_deb: Started
NOTE: recipe pps-tools-1.0.2-r0: task do_package_write_deb: Succeeded
NOTE: recipe libbsd-0.9.1-r0: task do_configure: Succeeded
NOTE: Running task 1977 of 2006 (/home/deby/poky/meta/recipes-support/libbsd/libbsd_0.9.1.bb:do_compile)
NOTE: recipe libbsd-0.9.1-r0: task do_compile: Started
NOTE: recipe libbsd-0.9.1-r0: task do_compile: Succeeded
NOTE: Running task 1978 of 2006 (/home/deby/poky/meta/recipes-support/libbsd/libbsd_0.9.1.bb:do_install)
NOTE: recipe libbsd-0.9.1-r0: task do_install: Started
NOTE: recipe libbsd-0.9.1-r0: task do_install: Succeeded
NOTE: Running task 1979 of 2006 (/home/deby/poky/meta/recipes-support/libbsd/libbsd_0.9.1.bb:do_populate_sysroot)
NOTE: Running task 1980 of 2006 (/home/deby/poky/meta/recipes-support/libbsd/libbsd_0.9.1.bb:do_package)
NOTE: recipe libbsd-0.9.1-r0: task do_populate_sysroot: Started
NOTE: recipe libbsd-0.9.1-r0: task do_package: Started
NOTE: recipe libbsd-0.9.1-r0: task do_populate_sysroot: Succeeded
NOTE: recipe groff-1.22.4-r0: task do_configure: Succeeded
NOTE: Running task 1981 of 2006 (/home/deby/poky/meta-debian/recipes-debian/groff/groff_debian.bb:do_compile)
NOTE: recipe groff-1.22.4-r0: task do_compile: Started
NOTE: recipe libbsd-0.9.1-r0: task do_package: Succeeded
NOTE: Running task 1982 of 2006 (/home/deby/poky/meta/recipes-support/libbsd/libbsd_0.9.1.bb:do_packagedata)
NOTE: recipe libbsd-0.9.1-r0: task do_packagedata: Started
NOTE: recipe libbsd-0.9.1-r0: task do_packagedata: Succeeded
NOTE: Running task 1983 of 2006 (/home/deby/poky/meta/recipes-support/libbsd/libbsd_0.9.1.bb:do_package_write_deb)
NOTE: recipe libbsd-0.9.1-r0: task do_package_write_deb: Started
NOTE: recipe libbsd-0.9.1-r0: task do_package_write_deb: Succeeded
NOTE: recipe groff-1.22.4-r0: task do_compile: Succeeded
NOTE: Running task 1984 of 2006 (/home/deby/poky/meta-debian/recipes-debian/groff/groff_debian.bb:do_install)
NOTE: recipe groff-1.22.4-r0: task do_install: Started
NOTE: recipe groff-1.22.4-r0: task do_install: Succeeded
NOTE: Running task 1985 of 2006 (/home/deby/poky/meta-debian/recipes-debian/groff/groff_debian.bb:do_populate_sysroot)
NOTE: Running task 1986 of 2006 (/home/deby/poky/meta-debian/recipes-debian/groff/groff_debian.bb:do_package)
NOTE: recipe groff-1.22.4-r0: task do_populate_sysroot: Started
NOTE: recipe groff-1.22.4-r0: task do_package: Started
NOTE: recipe groff-1.22.4-r0: task do_populate_sysroot: Succeeded
NOTE: Running task 1987 of 2006 (/home/deby/poky/meta-debian/recipes-debian/libedit/libedit_debian.bb:do_prepare_recipe_sysroot)
NOTE: recipe libedit-3.1-20181209-r0: task do_prepare_recipe_sysroot: Started
NOTE: recipe libedit-3.1-20181209-r0: task do_prepare_recipe_sysroot: Succeeded
NOTE: Running task 1988 of 2006 (/home/deby/poky/meta-debian/recipes-debian/libedit/libedit_debian.bb:do_configure)
NOTE: recipe libedit-3.1-20181209-r0: task do_configure: Started
NOTE: recipe groff-1.22.4-r0: task do_package: Succeeded
NOTE: Running task 1989 of 2006 (/home/deby/poky/meta-debian/recipes-debian/groff/groff_debian.bb:do_packagedata)
NOTE: recipe groff-1.22.4-r0: task do_packagedata: Started
NOTE: recipe groff-1.22.4-r0: task do_packagedata: Succeeded
NOTE: Running task 1990 of 2006 (/home/deby/poky/meta-debian/recipes-debian/groff/groff_debian.bb:do_package_write_deb)
NOTE: recipe groff-1.22.4-r0: task do_package_write_deb: Started
NOTE: recipe groff-1.22.4-r0: task do_package_write_deb: Succeeded
NOTE: recipe libedit-3.1-20181209-r0: task do_configure: Succeeded
NOTE: Running task 1991 of 2006 (/home/deby/poky/meta-debian/recipes-debian/libedit/libedit_debian.bb:do_compile)
NOTE: recipe libedit-3.1-20181209-r0: task do_compile: Started
NOTE: recipe libedit-3.1-20181209-r0: task do_compile: Succeeded
NOTE: Running task 1992 of 2006 (/home/deby/poky/meta-debian/recipes-debian/libedit/libedit_debian.bb:do_install)
NOTE: recipe libedit-3.1-20181209-r0: task do_install: Started
NOTE: recipe libedit-3.1-20181209-r0: task do_install: Succeeded
NOTE: Running task 1993 of 2006 (/home/deby/poky/meta-debian/recipes-debian/libedit/libedit_debian.bb:do_package)
NOTE: Running task 1994 of 2006 (/home/deby/poky/meta-debian/recipes-debian/libedit/libedit_debian.bb:do_populate_sysroot)
NOTE: recipe libedit-3.1-20181209-r0: task do_populate_sysroot: Started
NOTE: recipe libedit-3.1-20181209-r0: task do_package: Started
NOTE: recipe libedit-3.1-20181209-r0: task do_populate_sysroot: Succeeded
NOTE: Running task 1995 of 2006 (/home/deby/poky/meta-debian/recipes-debian/chrony/chrony_debian.bb:do_prepare_recipe_sysroot)
NOTE: recipe chrony-3.4-r0: task do_prepare_recipe_sysroot: Started
NOTE: recipe chrony-3.4-r0: task do_prepare_recipe_sysroot: Succeeded
NOTE: Running task 1996 of 2006 (/home/deby/poky/meta-debian/recipes-debian/chrony/chrony_debian.bb:do_configure)
NOTE: recipe chrony-3.4-r0: task do_configure: Started
NOTE: recipe chrony-3.4-r0: task do_configure: Succeeded
NOTE: Running task 1997 of 2006 (/home/deby/poky/meta-debian/recipes-debian/chrony/chrony_debian.bb:do_compile)
NOTE: recipe chrony-3.4-r0: task do_compile: Started
NOTE: recipe chrony-3.4-r0: task do_compile: Succeeded
NOTE: Running task 1998 of 2006 (/home/deby/poky/meta-debian/recipes-debian/chrony/chrony_debian.bb:do_install)
NOTE: recipe chrony-3.4-r0: task do_install: Started
NOTE: recipe chrony-3.4-r0: task do_install: Succeeded
NOTE: Running task 1999 of 2006 (/home/deby/poky/meta-debian/recipes-debian/chrony/chrony_debian.bb:do_populate_sysroot)
NOTE: recipe chrony-3.4-r0: task do_populate_sysroot: Started
NOTE: recipe chrony-3.4-r0: task do_populate_sysroot: Succeeded
NOTE: recipe libedit-3.1-20181209-r0: task do_package: Succeeded
NOTE: Running task 2000 of 2006 (/home/deby/poky/meta-debian/recipes-debian/libedit/libedit_debian.bb:do_packagedata)
NOTE: recipe libedit-3.1-20181209-r0: task do_packagedata: Started
NOTE: recipe libedit-3.1-20181209-r0: task do_packagedata: Succeeded
NOTE: Running task 2001 of 2006 (/home/deby/poky/meta-debian/recipes-debian/chrony/chrony_debian.bb:do_package)
NOTE: Running task 2002 of 2006 (/home/deby/poky/meta-debian/recipes-debian/libedit/libedit_debian.bb:do_package_write_deb)
NOTE: recipe chrony-3.4-r0: task do_package: Started
NOTE: recipe libedit-3.1-20181209-r0: task do_package_write_deb: Started
NOTE: recipe libedit-3.1-20181209-r0: task do_package_write_deb: Succeeded
NOTE: recipe chrony-3.4-r0: task do_package: Succeeded
NOTE: Running task 2003 of 2006 (/home/deby/poky/meta-debian/recipes-debian/chrony/chrony_debian.bb:do_packagedata)
NOTE: recipe chrony-3.4-r0: task do_packagedata: Started
NOTE: recipe chrony-3.4-r0: task do_packagedata: Succeeded
NOTE: Running task 2004 of 2006 (/home/deby/poky/meta-debian/recipes-debian/chrony/chrony_debian.bb:do_package_write_deb)
NOTE: Running task 2005 of 2006 (/home/deby/poky/meta-debian/recipes-debian/chrony/chrony_debian.bb:do_package_qa)
NOTE: recipe chrony-3.4-r0: task do_package_write_deb: Started
NOTE: recipe chrony-3.4-r0: task do_package_qa: Started
NOTE: recipe chrony-3.4-r0: task do_package_qa: Succeeded
NOTE: recipe chrony-3.4-r0: task do_package_write_deb: Succeeded
NOTE: Running noexec task 2006 of 2006 (/home/deby/poky/meta-debian/recipes-debian/chrony/chrony_debian.bb:do_build)
NOTE: Tasks Summary: Attempted 2006 tasks of which 1940 didn't need to be rerun and all succeeded.

Summary: There was 1 WARNING message shown.
