Loading cache...done.
Loaded 1758 entries from dependency cache.
WARNING: No bb files matched BBFILE_PATTERN_debian-raspberrypi '^/home/deby/poky/meta-debian/tests/../../meta-debian/bsp/meta-raspberrypi/'
NOTE: Resolving any missing task queue dependencies

Build Configuration:
BB_VERSION           = "1.42.0"
BUILD_SYS            = "x86_64-linux"
NATIVELSBSTRING      = "universal"
TARGET_SYS           = "arm-deby-linux-gnueabi"
MACHINE              = "raspberrypi3"
DISTRO               = "deby"
DISTRO_VERSION       = "10.0"
TUNE_FEATURES        = "arm vfp cortexa7 neon vfpv4 thumb callconvention-hard"
TARGET_FPU           = "hard"
meta                 
meta-poky            = "warrior:79a850a10a4b88a6d20d607b322542f947874323"
meta-debian          = "warrior:79407869d1e56b8c7cb9ac0a9a48a4923ffa202b"
meta-raspberrypi     = "warrior:0750d5d2bc9596f35d5d61bb0ff657be4b02bfdc"
meta-raspberrypi     = "warrior:79407869d1e56b8c7cb9ac0a9a48a4923ffa202b"

Initialising tasks...done.
Sstate summary: Wanted 37 Found 0 Missed 37 Current 455 (0% match, 92% complete)
NOTE: Executing SetScene Tasks
NOTE: Executing RunQueue Tasks
NOTE: Running task 1327 of 2198 (/home/deby/poky/meta-debian/recipes-debian/librsync/librsync_debian.bb:do_fetch)
NOTE: Running task 1389 of 2198 (/home/deby/poky/meta/recipes-support/libassuan/libassuan_2.5.3.bb:do_fetch)
NOTE: Running task 1403 of 2198 (/home/deby/poky/meta-debian/recipes-debian/duplicity/duplicity_debian.bb:do_fetch)
NOTE: Running task 1465 of 2198 (/home/deby/poky/meta/recipes-support/libksba/libksba_1.3.5.bb:do_fetch)
NOTE: Running task 1466 of 2198 (/home/deby/poky/meta/recipes-support/npth/npth_1.6.bb:do_fetch)
NOTE: Running task 1471 of 2198 (/home/deby/poky/meta-debian/recipes-debian/python/python-six_debian.bb:do_fetch)
NOTE: Running task 1472 of 2198 (/home/deby/poky/meta-debian/recipes-debian/python/python-monotonic_debian.bb:do_fetch)
NOTE: Running task 1526 of 2198 (/home/deby/poky/meta-debian/recipes-debian/python/python-fasteners_debian.bb:do_fetch)
NOTE: Running task 1688 of 2198 (/home/deby/poky/meta/recipes-support/gnupg/gnupg_2.2.13.bb:do_fetch)
NOTE: recipe librsync-0.9.7-r0: task do_fetch: Started
NOTE: Running task 1734 of 2198 (/home/deby/poky/meta/recipes-support/pinentry/pinentry_1.1.0.bb:do_fetch)
NOTE: recipe duplicity-0.7.18.2-r0: task do_fetch: Started
NOTE: recipe libassuan-2.5.3-r0: task do_fetch: Started
NOTE: recipe librsync-0.9.7-r0: task do_fetch: Succeeded
NOTE: Running task 1880 of 2198 (/home/deby/poky/meta-debian/recipes-debian/librsync/librsync_debian.bb:do_unpack)
NOTE: Running task 1881 of 2198 (/home/deby/poky/meta-debian/recipes-debian/librsync/librsync_debian.bb:do_prepare_recipe_sysroot)
NOTE: recipe libksba-1.3.5-r0: task do_fetch: Started
NOTE: recipe duplicity-0.7.18.2-r0: task do_fetch: Succeeded
NOTE: recipe libassuan-2.5.3-r0: task do_fetch: Succeeded
NOTE: Running task 1910 of 2198 (/home/deby/poky/meta-debian/recipes-debian/duplicity/duplicity_debian.bb:do_unpack)
NOTE: recipe python-six-1.12.0-r0: task do_fetch: Started
NOTE: Running task 1962 of 2198 (/home/deby/poky/meta/recipes-support/libassuan/libassuan_2.5.3.bb:do_unpack)
NOTE: recipe npth-1.6-r0: task do_fetch: Started
NOTE: Running task 1963 of 2198 (/home/deby/poky/meta/recipes-support/libassuan/libassuan_2.5.3.bb:do_prepare_recipe_sysroot)
NOTE: recipe python-fasteners-0.12.0-r0: task do_fetch: Started
NOTE: recipe libksba-1.3.5-r0: task do_fetch: Succeeded
NOTE: recipe python-monotonic-1.1-r0: task do_fetch: Started
NOTE: Running task 1979 of 2198 (/home/deby/poky/meta/recipes-support/libksba/libksba_1.3.5.bb:do_unpack)
NOTE: Running task 1980 of 2198 (/home/deby/poky/meta/recipes-support/libksba/libksba_1.3.5.bb:do_prepare_recipe_sysroot)
NOTE: recipe npth-1.6-r0: task do_fetch: Succeeded
NOTE: recipe pinentry-1.1.0-r0: task do_fetch: Started
NOTE: Running task 2016 of 2198 (/home/deby/poky/meta/recipes-support/npth/npth_1.6.bb:do_unpack)
NOTE: Running task 2017 of 2198 (/home/deby/poky/meta/recipes-support/npth/npth_1.6.bb:do_prepare_recipe_sysroot)
NOTE: recipe gnupg-2.2.13-r0: task do_fetch: Started
NOTE: recipe python-fasteners-0.12.0-r0: task do_fetch: Succeeded
NOTE: recipe python-monotonic-1.1-r0: task do_fetch: Succeeded
NOTE: Running task 2041 of 2198 (/home/deby/poky/meta-debian/recipes-debian/python/python-monotonic_debian.bb:do_unpack)
NOTE: Running task 2042 of 2198 (/home/deby/poky/meta-debian/recipes-debian/python/python-monotonic_debian.bb:do_prepare_recipe_sysroot)
NOTE: recipe python-six-1.12.0-r0: task do_fetch: Succeeded
NOTE: recipe pinentry-1.1.0-r0: task do_fetch: Succeeded
NOTE: Running task 2043 of 2198 (/home/deby/poky/meta-debian/recipes-debian/python/python-six_debian.bb:do_unpack)
NOTE: Running task 2044 of 2198 (/home/deby/poky/meta-debian/recipes-debian/python/python-fasteners_debian.bb:do_unpack)
NOTE: Running task 2045 of 2198 (/home/deby/poky/meta-debian/recipes-debian/python/python-six_debian.bb:do_prepare_recipe_sysroot)
NOTE: recipe librsync-0.9.7-r0: task do_unpack: Started
NOTE: recipe gnupg-2.2.13-r0: task do_fetch: Succeeded
NOTE: recipe librsync-0.9.7-r0: task do_prepare_recipe_sysroot: Started
NOTE: Running task 2046 of 2198 (/home/deby/poky/meta/recipes-support/gnupg/gnupg_2.2.13.bb:do_unpack)
NOTE: recipe libassuan-2.5.3-r0: task do_unpack: Started
NOTE: recipe libksba-1.3.5-r0: task do_unpack: Started
NOTE: recipe libassuan-2.5.3-r0: task do_prepare_recipe_sysroot: Started
NOTE: recipe duplicity-0.7.18.2-r0: task do_unpack: Started
NOTE: Running task 2047 of 2198 (/home/deby/poky/meta-debian/recipes-debian/python/python-fasteners_debian.bb:do_prepare_recipe_sysroot)
NOTE: recipe npth-1.6-r0: task do_unpack: Started
NOTE: recipe libksba-1.3.5-r0: task do_prepare_recipe_sysroot: Started
NOTE: recipe python-fasteners-0.12.0-r0: task do_unpack: Started
NOTE: recipe python-six-1.12.0-r0: task do_unpack: Started
NOTE: recipe npth-1.6-r0: task do_prepare_recipe_sysroot: Started
NOTE: recipe python-monotonic-1.1-r0: task do_unpack: Started
NOTE: recipe python-monotonic-1.1-r0: task do_prepare_recipe_sysroot: Started
NOTE: recipe gnupg-2.2.13-r0: task do_unpack: Started
NOTE: recipe python-fasteners-0.12.0-r0: task do_prepare_recipe_sysroot: Started
NOTE: recipe python-six-1.12.0-r0: task do_prepare_recipe_sysroot: Started
NOTE: recipe npth-1.6-r0: task do_unpack: Succeeded
NOTE: recipe libksba-1.3.5-r0: task do_unpack: Succeeded
NOTE: recipe python-six-1.12.0-r0: task do_unpack: Succeeded
NOTE: recipe python-monotonic-1.1-r0: task do_unpack: Succeeded
NOTE: recipe duplicity-0.7.18.2-r0: task do_unpack: Succeeded
NOTE: recipe python-fasteners-0.12.0-r0: task do_unpack: Succeeded
NOTE: recipe libassuan-2.5.3-r0: task do_unpack: Succeeded
NOTE: recipe librsync-0.9.7-r0: task do_prepare_recipe_sysroot: Succeeded
NOTE: recipe librsync-0.9.7-r0: task do_unpack: Succeeded
NOTE: Running task 2048 of 2198 (/home/deby/poky/meta/recipes-support/libassuan/libassuan_2.5.3.bb:do_patch)
NOTE: Running task 2049 of 2198 (/home/deby/poky/meta-debian/recipes-debian/librsync/librsync_debian.bb:do_debian_unpack_extra)
NOTE: Running task 2050 of 2198 (/home/deby/poky/meta/recipes-support/libksba/libksba_1.3.5.bb:do_patch)
NOTE: Running task 2051 of 2198 (/home/deby/poky/meta/recipes-support/npth/npth_1.6.bb:do_patch)
NOTE: Running task 2052 of 2198 (/home/deby/poky/meta-debian/recipes-debian/duplicity/duplicity_debian.bb:do_debian_unpack_extra)
NOTE: Running task 2053 of 2198 (/home/deby/poky/meta-debian/recipes-debian/python/python-six_debian.bb:do_debian_unpack_extra)
NOTE: Running task 2054 of 2198 (/home/deby/poky/meta-debian/recipes-debian/python/python-monotonic_debian.bb:do_debian_unpack_extra)
NOTE: Running task 2055 of 2198 (/home/deby/poky/meta-debian/recipes-debian/python/python-fasteners_debian.bb:do_debian_unpack_extra)
NOTE: Running task 2056 of 2198 (/home/deby/poky/meta/recipes-support/pinentry/pinentry_1.1.0.bb:do_unpack)
NOTE: recipe libassuan-2.5.3-r0: task do_prepare_recipe_sysroot: Succeeded
NOTE: recipe python-monotonic-1.1-r0: task do_debian_unpack_extra: Started
NOTE: recipe libksba-1.3.5-r0: task do_patch: Started
NOTE: recipe libassuan-2.5.3-r0: task do_patch: Started
NOTE: recipe python-six-1.12.0-r0: task do_debian_unpack_extra: Started
NOTE: recipe duplicity-0.7.18.2-r0: task do_debian_unpack_extra: Started
NOTE: recipe librsync-0.9.7-r0: task do_debian_unpack_extra: Started
NOTE: recipe npth-1.6-r0: task do_patch: Started
NOTE: recipe python-fasteners-0.12.0-r0: task do_debian_unpack_extra: Started
NOTE: recipe pinentry-1.1.0-r0: task do_unpack: Started
NOTE: recipe npth-1.6-r0: task do_prepare_recipe_sysroot: Succeeded
NOTE: recipe libksba-1.3.5-r0: task do_prepare_recipe_sysroot: Succeeded
NOTE: recipe python-six-1.12.0-r0: task do_debian_unpack_extra: Succeeded
NOTE: recipe librsync-0.9.7-r0: task do_debian_unpack_extra: Succeeded
NOTE: recipe duplicity-0.7.18.2-r0: task do_debian_unpack_extra: Succeeded
NOTE: Running task 2116 of 2198 (/home/deby/poky/meta-debian/recipes-debian/python/python-six_debian.bb:do_debian_patch)
NOTE: Running task 2117 of 2198 (/home/deby/poky/meta-debian/recipes-debian/librsync/librsync_debian.bb:do_debian_patch)
NOTE: Running task 2118 of 2198 (/home/deby/poky/meta-debian/recipes-debian/duplicity/duplicity_debian.bb:do_debian_patch)
NOTE: recipe python-monotonic-1.1-r0: task do_debian_unpack_extra: Succeeded
NOTE: Running task 2119 of 2198 (/home/deby/poky/meta-debian/recipes-debian/python/python-monotonic_debian.bb:do_debian_patch)
NOTE: recipe libassuan-2.5.3-r0: task do_patch: Succeeded
NOTE: Running task 2120 of 2198 (/home/deby/poky/meta/recipes-support/libassuan/libassuan_2.5.3.bb:do_configure)
NOTE: recipe python-six-1.12.0-r0: task do_debian_patch: Started
NOTE: recipe npth-1.6-r0: task do_patch: Succeeded
NOTE: Running task 2121 of 2198 (/home/deby/poky/meta/recipes-support/npth/npth_1.6.bb:do_configure)
NOTE: recipe python-monotonic-1.1-r0: task do_debian_patch: Started
NOTE: recipe librsync-0.9.7-r0: task do_debian_patch: Started
NOTE: recipe duplicity-0.7.18.2-r0: task do_debian_patch: Started
NOTE: recipe python-fasteners-0.12.0-r0: task do_debian_unpack_extra: Succeeded
NOTE: Running task 2122 of 2198 (/home/deby/poky/meta-debian/recipes-debian/python/python-fasteners_debian.bb:do_debian_patch)
NOTE: recipe libksba-1.3.5-r0: task do_patch: Succeeded
NOTE: Running task 2123 of 2198 (/home/deby/poky/meta/recipes-support/libksba/libksba_1.3.5.bb:do_configure)
NOTE: recipe libassuan-2.5.3-r0: task do_configure: Started
NOTE: recipe npth-1.6-r0: task do_configure: Started
NOTE: recipe librsync-0.9.7-r0: task do_debian_patch: Succeeded
NOTE: Running task 2124 of 2198 (/home/deby/poky/meta-debian/recipes-debian/librsync/librsync_debian.bb:do_patch)
NOTE: recipe python-fasteners-0.12.0-r0: task do_debian_patch: Started
NOTE: recipe duplicity-0.7.18.2-r0: task do_debian_patch: Succeeded
NOTE: Running task 2125 of 2198 (/home/deby/poky/meta-debian/recipes-debian/duplicity/duplicity_debian.bb:do_patch)
NOTE: recipe libksba-1.3.5-r0: task do_configure: Started
NOTE: recipe librsync-0.9.7-r0: task do_patch: Started
NOTE: recipe pinentry-1.1.0-r0: task do_unpack: Succeeded
NOTE: Running task 2126 of 2198 (/home/deby/poky/meta/recipes-support/pinentry/pinentry_1.1.0.bb:do_patch)
NOTE: recipe duplicity-0.7.18.2-r0: task do_patch: Started
NOTE: recipe librsync-0.9.7-r0: task do_patch: Succeeded
NOTE: Running task 2127 of 2198 (/home/deby/poky/meta-debian/recipes-debian/librsync/librsync_debian.bb:do_configure)
NOTE: recipe duplicity-0.7.18.2-r0: task do_patch: Succeeded
NOTE: Running task 2128 of 2198 (/home/deby/poky/meta-debian/recipes-debian/duplicity/duplicity_debian.bb:do_populate_lic)
NOTE: recipe pinentry-1.1.0-r0: task do_patch: Started
NOTE: recipe librsync-0.9.7-r0: task do_configure: Started
NOTE: recipe duplicity-0.7.18.2-r0: task do_populate_lic: Started
NOTE: recipe pinentry-1.1.0-r0: task do_patch: Succeeded
NOTE: recipe duplicity-0.7.18.2-r0: task do_populate_lic: Succeeded
NOTE: recipe gnupg-2.2.13-r0: task do_unpack: Succeeded
NOTE: Running task 2129 of 2198 (/home/deby/poky/meta/recipes-support/gnupg/gnupg_2.2.13.bb:do_patch)
NOTE: recipe gnupg-2.2.13-r0: task do_patch: Started
NOTE: recipe python-monotonic-1.1-r0: task do_prepare_recipe_sysroot: Succeeded
NOTE: recipe python-six-1.12.0-r0: task do_prepare_recipe_sysroot: Succeeded
NOTE: recipe python-fasteners-0.12.0-r0: task do_prepare_recipe_sysroot: Succeeded
NOTE: recipe python-fasteners-0.12.0-r0: task do_debian_patch: Succeeded
NOTE: Running task 2130 of 2198 (/home/deby/poky/meta-debian/recipes-debian/python/python-fasteners_debian.bb:do_patch)
NOTE: recipe python-monotonic-1.1-r0: task do_debian_patch: Succeeded
NOTE: Running task 2131 of 2198 (/home/deby/poky/meta-debian/recipes-debian/python/python-monotonic_debian.bb:do_patch)
NOTE: recipe python-six-1.12.0-r0: task do_debian_patch: Succeeded
NOTE: Running task 2132 of 2198 (/home/deby/poky/meta-debian/recipes-debian/python/python-six_debian.bb:do_patch)
NOTE: recipe python-fasteners-0.12.0-r0: task do_patch: Started
NOTE: recipe python-monotonic-1.1-r0: task do_patch: Started
NOTE: recipe python-six-1.12.0-r0: task do_patch: Started
NOTE: recipe python-fasteners-0.12.0-r0: task do_patch: Succeeded
NOTE: Running task 2133 of 2198 (/home/deby/poky/meta-debian/recipes-debian/python/python-fasteners_debian.bb:do_configure)
NOTE: recipe gnupg-2.2.13-r0: task do_patch: Succeeded
NOTE: recipe python-monotonic-1.1-r0: task do_patch: Succeeded
NOTE: Running task 2134 of 2198 (/home/deby/poky/meta-debian/recipes-debian/python/python-monotonic_debian.bb:do_configure)
NOTE: recipe python-fasteners-0.12.0-r0: task do_configure: Started
NOTE: recipe python-six-1.12.0-r0: task do_patch: Succeeded
NOTE: Running task 2135 of 2198 (/home/deby/poky/meta-debian/recipes-debian/python/python-six_debian.bb:do_configure)
NOTE: recipe python-monotonic-1.1-r0: task do_configure: Started
NOTE: recipe python-six-1.12.0-r0: task do_configure: Started
NOTE: recipe python-monotonic-1.1-r0: task do_configure: Succeeded
NOTE: recipe python-fasteners-0.12.0-r0: task do_configure: Succeeded
NOTE: Running task 2136 of 2198 (/home/deby/poky/meta-debian/recipes-debian/python/python-monotonic_debian.bb:do_compile)
NOTE: Running task 2137 of 2198 (/home/deby/poky/meta-debian/recipes-debian/python/python-fasteners_debian.bb:do_compile)
NOTE: recipe python-six-1.12.0-r0: task do_configure: Succeeded
NOTE: Running task 2138 of 2198 (/home/deby/poky/meta-debian/recipes-debian/python/python-six_debian.bb:do_compile)
NOTE: recipe python-monotonic-1.1-r0: task do_compile: Started
NOTE: recipe python-fasteners-0.12.0-r0: task do_compile: Started
NOTE: recipe python-six-1.12.0-r0: task do_compile: Started
NOTE: recipe python-monotonic-1.1-r0: task do_compile: Succeeded
NOTE: Running task 2139 of 2198 (/home/deby/poky/meta-debian/recipes-debian/python/python-monotonic_debian.bb:do_install)
NOTE: recipe python-fasteners-0.12.0-r0: task do_compile: Succeeded
NOTE: recipe python-six-1.12.0-r0: task do_compile: Succeeded
NOTE: Running task 2140 of 2198 (/home/deby/poky/meta-debian/recipes-debian/python/python-six_debian.bb:do_install)
NOTE: Running task 2141 of 2198 (/home/deby/poky/meta-debian/recipes-debian/python/python-fasteners_debian.bb:do_install)
NOTE: recipe python-six-1.12.0-r0: task do_install: Started
NOTE: recipe python-monotonic-1.1-r0: task do_install: Started
NOTE: recipe python-fasteners-0.12.0-r0: task do_install: Started
NOTE: recipe python-fasteners-0.12.0-r0: task do_install: Succeeded
NOTE: Running task 2142 of 2198 (/home/deby/poky/meta-debian/recipes-debian/python/python-fasteners_debian.bb:do_package)
NOTE: recipe python-monotonic-1.1-r0: task do_install: Succeeded
NOTE: Running task 2143 of 2198 (/home/deby/poky/meta-debian/recipes-debian/python/python-monotonic_debian.bb:do_package)
NOTE: recipe python-six-1.12.0-r0: task do_install: Succeeded
NOTE: Running task 2144 of 2198 (/home/deby/poky/meta-debian/recipes-debian/python/python-six_debian.bb:do_package)
NOTE: recipe python-monotonic-1.1-r0: task do_package: Started
NOTE: recipe python-fasteners-0.12.0-r0: task do_package: Started
NOTE: recipe python-six-1.12.0-r0: task do_package: Started
NOTE: recipe libksba-1.3.5-r0: task do_configure: Succeeded
NOTE: Running task 2145 of 2198 (/home/deby/poky/meta/recipes-support/libksba/libksba_1.3.5.bb:do_compile)
NOTE: recipe libksba-1.3.5-r0: task do_compile: Started
NOTE: recipe librsync-0.9.7-r0: task do_configure: Succeeded
NOTE: Running task 2146 of 2198 (/home/deby/poky/meta-debian/recipes-debian/librsync/librsync_debian.bb:do_compile)
NOTE: recipe librsync-0.9.7-r0: task do_compile: Started
NOTE: recipe npth-1.6-r0: task do_configure: Succeeded
NOTE: Running task 2147 of 2198 (/home/deby/poky/meta/recipes-support/npth/npth_1.6.bb:do_compile)
NOTE: recipe npth-1.6-r0: task do_compile: Started
NOTE: recipe libksba-1.3.5-r0: task do_compile: Succeeded
NOTE: Running task 2148 of 2198 (/home/deby/poky/meta/recipes-support/libksba/libksba_1.3.5.bb:do_install)
NOTE: recipe libksba-1.3.5-r0: task do_install: Started
NOTE: recipe librsync-0.9.7-r0: task do_compile: Succeeded
NOTE: Running task 2149 of 2198 (/home/deby/poky/meta-debian/recipes-debian/librsync/librsync_debian.bb:do_install)
NOTE: recipe librsync-0.9.7-r0: task do_install: Started
NOTE: recipe libksba-1.3.5-r0: task do_install: Succeeded
NOTE: Running task 2150 of 2198 (/home/deby/poky/meta/recipes-support/libksba/libksba_1.3.5.bb:do_package)
NOTE: Running task 2151 of 2198 (/home/deby/poky/meta/recipes-support/libksba/libksba_1.3.5.bb:do_populate_sysroot)
NOTE: recipe npth-1.6-r0: task do_compile: Succeeded
NOTE: Running task 2152 of 2198 (/home/deby/poky/meta/recipes-support/npth/npth_1.6.bb:do_install)
NOTE: recipe libksba-1.3.5-r0: task do_populate_sysroot: Started
NOTE: recipe libksba-1.3.5-r0: task do_package: Started
NOTE: recipe npth-1.6-r0: task do_install: Started
NOTE: recipe librsync-0.9.7-r0: task do_install: Succeeded
NOTE: Running task 2153 of 2198 (/home/deby/poky/meta-debian/recipes-debian/librsync/librsync_debian.bb:do_package)
NOTE: Running task 2154 of 2198 (/home/deby/poky/meta-debian/recipes-debian/librsync/librsync_debian.bb:do_populate_sysroot)
NOTE: recipe libksba-1.3.5-r0: task do_populate_sysroot: Succeeded
NOTE: recipe librsync-0.9.7-r0: task do_populate_sysroot: Started
NOTE: recipe libassuan-2.5.3-r0: task do_configure: Succeeded
NOTE: Running task 2155 of 2198 (/home/deby/poky/meta/recipes-support/libassuan/libassuan_2.5.3.bb:do_compile)
NOTE: recipe librsync-0.9.7-r0: task do_package: Started
NOTE: recipe libassuan-2.5.3-r0: task do_compile: Started
NOTE: recipe npth-1.6-r0: task do_install: Succeeded
NOTE: Running task 2156 of 2198 (/home/deby/poky/meta/recipes-support/npth/npth_1.6.bb:do_package)
NOTE: Running task 2157 of 2198 (/home/deby/poky/meta/recipes-support/npth/npth_1.6.bb:do_populate_sysroot)
NOTE: recipe python-six-1.12.0-r0: task do_package: Succeeded
NOTE: Running task 2158 of 2198 (/home/deby/poky/meta-debian/recipes-debian/python/python-six_debian.bb:do_packagedata)
NOTE: recipe librsync-0.9.7-r0: task do_populate_sysroot: Succeeded
NOTE: Running task 2159 of 2198 (/home/deby/poky/meta-debian/recipes-debian/duplicity/duplicity_debian.bb:do_prepare_recipe_sysroot)
NOTE: recipe npth-1.6-r0: task do_populate_sysroot: Started
NOTE: recipe python-monotonic-1.1-r0: task do_package: Succeeded
NOTE: Running task 2160 of 2198 (/home/deby/poky/meta-debian/recipes-debian/python/python-monotonic_debian.bb:do_packagedata)
NOTE: recipe python-six-1.12.0-r0: task do_packagedata: Started
NOTE: recipe duplicity-0.7.18.2-r0: task do_prepare_recipe_sysroot: Started
NOTE: recipe npth-1.6-r0: task do_package: Started
NOTE: recipe python-monotonic-1.1-r0: task do_packagedata: Started
NOTE: recipe python-six-1.12.0-r0: task do_packagedata: Succeeded
NOTE: Running task 2161 of 2198 (/home/deby/poky/meta-debian/recipes-debian/python/python-six_debian.bb:do_package_write_deb)
NOTE: recipe python-monotonic-1.1-r0: task do_packagedata: Succeeded
NOTE: Running task 2162 of 2198 (/home/deby/poky/meta-debian/recipes-debian/python/python-monotonic_debian.bb:do_package_write_deb)
NOTE: recipe npth-1.6-r0: task do_populate_sysroot: Succeeded
NOTE: recipe python-six-1.12.0-r0: task do_package_write_deb: Started
NOTE: recipe python-monotonic-1.1-r0: task do_package_write_deb: Started
NOTE: recipe python-fasteners-0.12.0-r0: task do_package: Succeeded
NOTE: Running task 2163 of 2198 (/home/deby/poky/meta-debian/recipes-debian/python/python-fasteners_debian.bb:do_packagedata)
NOTE: recipe python-fasteners-0.12.0-r0: task do_packagedata: Started
NOTE: recipe python-fasteners-0.12.0-r0: task do_packagedata: Succeeded
NOTE: Running task 2164 of 2198 (/home/deby/poky/meta-debian/recipes-debian/python/python-fasteners_debian.bb:do_package_write_deb)
NOTE: recipe python-fasteners-0.12.0-r0: task do_package_write_deb: Started
NOTE: recipe duplicity-0.7.18.2-r0: task do_prepare_recipe_sysroot: Succeeded
NOTE: recipe python-six-1.12.0-r0: task do_package_write_deb: Succeeded
NOTE: Running task 2165 of 2198 (/home/deby/poky/meta-debian/recipes-debian/duplicity/duplicity_debian.bb:do_configure)
NOTE: recipe python-monotonic-1.1-r0: task do_package_write_deb: Succeeded
NOTE: recipe duplicity-0.7.18.2-r0: task do_configure: Started
NOTE: recipe libassuan-2.5.3-r0: task do_compile: Succeeded
NOTE: Running task 2166 of 2198 (/home/deby/poky/meta/recipes-support/libassuan/libassuan_2.5.3.bb:do_install)
NOTE: recipe duplicity-0.7.18.2-r0: task do_configure: Succeeded
NOTE: Running task 2167 of 2198 (/home/deby/poky/meta-debian/recipes-debian/duplicity/duplicity_debian.bb:do_compile)
NOTE: recipe libassuan-2.5.3-r0: task do_install: Started
NOTE: recipe duplicity-0.7.18.2-r0: task do_compile: Started
NOTE: recipe python-fasteners-0.12.0-r0: task do_package_write_deb: Succeeded
NOTE: recipe libassuan-2.5.3-r0: task do_install: Succeeded
NOTE: Running task 2168 of 2198 (/home/deby/poky/meta/recipes-support/libassuan/libassuan_2.5.3.bb:do_package)
NOTE: Running task 2169 of 2198 (/home/deby/poky/meta/recipes-support/libassuan/libassuan_2.5.3.bb:do_populate_sysroot)
NOTE: recipe libassuan-2.5.3-r0: task do_package: Started
NOTE: recipe libassuan-2.5.3-r0: task do_populate_sysroot: Started
NOTE: recipe duplicity-0.7.18.2-r0: task do_compile: Succeeded
NOTE: Running task 2170 of 2198 (/home/deby/poky/meta-debian/recipes-debian/duplicity/duplicity_debian.bb:do_install)
NOTE: recipe duplicity-0.7.18.2-r0: task do_install: Started
NOTE: recipe libassuan-2.5.3-r0: task do_populate_sysroot: Succeeded
NOTE: Running task 2171 of 2198 (/home/deby/poky/meta/recipes-support/gnupg/gnupg_2.2.13.bb:do_prepare_recipe_sysroot)
NOTE: Running task 2172 of 2198 (/home/deby/poky/meta/recipes-support/pinentry/pinentry_1.1.0.bb:do_prepare_recipe_sysroot)
NOTE: recipe gnupg-2.2.13-r0: task do_prepare_recipe_sysroot: Started
NOTE: recipe pinentry-1.1.0-r0: task do_prepare_recipe_sysroot: Started
NOTE: recipe pinentry-1.1.0-r0: task do_prepare_recipe_sysroot: Succeeded
NOTE: Running task 2173 of 2198 (/home/deby/poky/meta/recipes-support/pinentry/pinentry_1.1.0.bb:do_configure)
NOTE: recipe pinentry-1.1.0-r0: task do_configure: Started
NOTE: recipe gnupg-2.2.13-r0: task do_prepare_recipe_sysroot: Succeeded
NOTE: Running task 2174 of 2198 (/home/deby/poky/meta/recipes-support/gnupg/gnupg_2.2.13.bb:do_configure)
NOTE: recipe gnupg-2.2.13-r0: task do_configure: Started
NOTE: recipe duplicity-0.7.18.2-r0: task do_install: Succeeded
NOTE: Running task 2175 of 2198 (/home/deby/poky/meta-debian/recipes-debian/duplicity/duplicity_debian.bb:do_populate_sysroot)
NOTE: recipe duplicity-0.7.18.2-r0: task do_populate_sysroot: Started
NOTE: recipe duplicity-0.7.18.2-r0: task do_populate_sysroot: Succeeded
NOTE: recipe libksba-1.3.5-r0: task do_package: Succeeded
NOTE: Running task 2176 of 2198 (/home/deby/poky/meta/recipes-support/libksba/libksba_1.3.5.bb:do_packagedata)
NOTE: recipe libksba-1.3.5-r0: task do_packagedata: Started
NOTE: recipe libksba-1.3.5-r0: task do_packagedata: Succeeded
NOTE: Running task 2177 of 2198 (/home/deby/poky/meta/recipes-support/libksba/libksba_1.3.5.bb:do_package_write_deb)
NOTE: recipe libksba-1.3.5-r0: task do_package_write_deb: Started
NOTE: recipe npth-1.6-r0: task do_package: Succeeded
NOTE: Running task 2178 of 2198 (/home/deby/poky/meta/recipes-support/npth/npth_1.6.bb:do_packagedata)
NOTE: recipe librsync-0.9.7-r0: task do_package: Succeeded
NOTE: Running task 2179 of 2198 (/home/deby/poky/meta-debian/recipes-debian/librsync/librsync_debian.bb:do_packagedata)
NOTE: recipe npth-1.6-r0: task do_packagedata: Started
NOTE: recipe librsync-0.9.7-r0: task do_packagedata: Started
NOTE: recipe npth-1.6-r0: task do_packagedata: Succeeded
NOTE: Running task 2180 of 2198 (/home/deby/poky/meta/recipes-support/npth/npth_1.6.bb:do_package_write_deb)
NOTE: recipe librsync-0.9.7-r0: task do_packagedata: Succeeded
NOTE: Running task 2181 of 2198 (/home/deby/poky/meta-debian/recipes-debian/duplicity/duplicity_debian.bb:do_package)
NOTE: Running task 2182 of 2198 (/home/deby/poky/meta-debian/recipes-debian/librsync/librsync_debian.bb:do_package_write_deb)
NOTE: recipe npth-1.6-r0: task do_package_write_deb: Started
NOTE: recipe duplicity-0.7.18.2-r0: task do_package: Started
NOTE: recipe librsync-0.9.7-r0: task do_package_write_deb: Started
NOTE: recipe libksba-1.3.5-r0: task do_package_write_deb: Succeeded
NOTE: recipe libassuan-2.5.3-r0: task do_package: Succeeded
NOTE: Running task 2183 of 2198 (/home/deby/poky/meta/recipes-support/libassuan/libassuan_2.5.3.bb:do_packagedata)
NOTE: recipe npth-1.6-r0: task do_package_write_deb: Succeeded
NOTE: recipe librsync-0.9.7-r0: task do_package_write_deb: Succeeded
NOTE: recipe libassuan-2.5.3-r0: task do_packagedata: Started
NOTE: recipe libassuan-2.5.3-r0: task do_packagedata: Succeeded
NOTE: Running task 2184 of 2198 (/home/deby/poky/meta/recipes-support/libassuan/libassuan_2.5.3.bb:do_package_write_deb)
NOTE: recipe libassuan-2.5.3-r0: task do_package_write_deb: Started
NOTE: recipe libassuan-2.5.3-r0: task do_package_write_deb: Succeeded
NOTE: recipe pinentry-1.1.0-r0: task do_configure: Succeeded
NOTE: Running task 2185 of 2198 (/home/deby/poky/meta/recipes-support/pinentry/pinentry_1.1.0.bb:do_compile)
NOTE: recipe pinentry-1.1.0-r0: task do_compile: Started
NOTE: recipe pinentry-1.1.0-r0: task do_compile: Succeeded
NOTE: Running task 2186 of 2198 (/home/deby/poky/meta/recipes-support/pinentry/pinentry_1.1.0.bb:do_install)
NOTE: recipe pinentry-1.1.0-r0: task do_install: Started
NOTE: recipe pinentry-1.1.0-r0: task do_install: Succeeded
NOTE: Running task 2187 of 2198 (/home/deby/poky/meta/recipes-support/pinentry/pinentry_1.1.0.bb:do_package)
NOTE: recipe pinentry-1.1.0-r0: task do_package: Started
NOTE: recipe duplicity-0.7.18.2-r0: task do_package: Succeeded
NOTE: Running task 2188 of 2198 (/home/deby/poky/meta-debian/recipes-debian/duplicity/duplicity_debian.bb:do_packagedata)
NOTE: recipe duplicity-0.7.18.2-r0: task do_packagedata: Started
NOTE: recipe duplicity-0.7.18.2-r0: task do_packagedata: Succeeded
NOTE: recipe pinentry-1.1.0-r0: task do_package: Succeeded
NOTE: Running task 2189 of 2198 (/home/deby/poky/meta/recipes-support/pinentry/pinentry_1.1.0.bb:do_packagedata)
NOTE: recipe pinentry-1.1.0-r0: task do_packagedata: Started
NOTE: recipe pinentry-1.1.0-r0: task do_packagedata: Succeeded
NOTE: Running task 2190 of 2198 (/home/deby/poky/meta/recipes-support/pinentry/pinentry_1.1.0.bb:do_package_write_deb)
NOTE: recipe pinentry-1.1.0-r0: task do_package_write_deb: Started
NOTE: recipe pinentry-1.1.0-r0: task do_package_write_deb: Succeeded
NOTE: recipe gnupg-2.2.13-r0: task do_configure: Succeeded
NOTE: Running task 2191 of 2198 (/home/deby/poky/meta/recipes-support/gnupg/gnupg_2.2.13.bb:do_compile)
NOTE: recipe gnupg-2.2.13-r0: task do_compile: Started
NOTE: recipe gnupg-2.2.13-r0: task do_compile: Succeeded
NOTE: Running task 2192 of 2198 (/home/deby/poky/meta/recipes-support/gnupg/gnupg_2.2.13.bb:do_install)
NOTE: recipe gnupg-2.2.13-r0: task do_install: Started
NOTE: recipe gnupg-2.2.13-r0: task do_install: Succeeded
NOTE: Running task 2193 of 2198 (/home/deby/poky/meta/recipes-support/gnupg/gnupg_2.2.13.bb:do_package)
NOTE: recipe gnupg-2.2.13-r0: task do_package: Started
NOTE: recipe gnupg-2.2.13-r0: task do_package: Succeeded
NOTE: Running task 2194 of 2198 (/home/deby/poky/meta/recipes-support/gnupg/gnupg_2.2.13.bb:do_packagedata)
NOTE: recipe gnupg-2.2.13-r0: task do_packagedata: Started
NOTE: recipe gnupg-2.2.13-r0: task do_packagedata: Succeeded
NOTE: Running task 2195 of 2198 (/home/deby/poky/meta/recipes-support/gnupg/gnupg_2.2.13.bb:do_package_write_deb)
NOTE: Running task 2196 of 2198 (/home/deby/poky/meta-debian/recipes-debian/duplicity/duplicity_debian.bb:do_package_write_deb)
NOTE: Running task 2197 of 2198 (/home/deby/poky/meta-debian/recipes-debian/duplicity/duplicity_debian.bb:do_package_qa)
NOTE: recipe gnupg-2.2.13-r0: task do_package_write_deb: Started
NOTE: recipe duplicity-0.7.18.2-r0: task do_package_qa: Started
NOTE: recipe duplicity-0.7.18.2-r0: task do_package_write_deb: Started
NOTE: recipe duplicity-0.7.18.2-r0: task do_package_qa: Succeeded
NOTE: recipe duplicity-0.7.18.2-r0: task do_package_write_deb: Succeeded
NOTE: recipe gnupg-2.2.13-r0: task do_package_write_deb: Succeeded
NOTE: Running noexec task 2198 of 2198 (/home/deby/poky/meta-debian/recipes-debian/duplicity/duplicity_debian.bb:do_build)
NOTE: Tasks Summary: Attempted 2198 tasks of which 2080 didn't need to be rerun and all succeeded.

Summary: There was 1 WARNING message shown.
