WARNING: Host distribution "debian-10" has not been validated with this version of the build system; you may possibly experience unexpected failures. It is recommended that you use a tested distribution.
Loading cache...done.
Loaded 1469 entries from dependency cache.
WARNING: No bb files matched BBFILE_PATTERN_debian-raspberrypi '^/home/deby/poky/meta-debian/tests/../../meta-debian/bsp/meta-raspberrypi/'
NOTE: Resolving any missing task queue dependencies

Build Configuration:
BB_VERSION           = "1.42.0"
BUILD_SYS            = "x86_64-linux"
NATIVELSBSTRING      = "universal"
TARGET_SYS           = "arm-deby-linux-gnueabi"
MACHINE              = "raspberrypi3"
DISTRO               = "deby"
DISTRO_VERSION       = "10.0"
TUNE_FEATURES        = "arm vfp cortexa7 neon vfpv4 thumb callconvention-hard"
TARGET_FPU           = "hard"
meta                 
meta-poky            = "warrior:51223035e66c5b27799b15a0f8ebe75d24d3971b"
meta-debian          = "warrior-trungdt:47b755ebe41c5afc0ea94d75b55c4f0efd8983fe"
meta-raspberrypi     = "warrior:e9e3ad1920e1a6f4a05210c2ec4b77530871a886"
meta-raspberrypi     = "warrior-trungdt:47b755ebe41c5afc0ea94d75b55c4f0efd8983fe"

Initialising tasks...done.
Sstate summary: Wanted 81 Found 81 Missed 0 Current 316 (100% match, 100% complete)
NOTE: Executing SetScene Tasks
NOTE: Running setscene task 317 of 397 (/home/deby/poky/meta-debian/recipes-debian/gdb/gdb_debian.bb:do_populate_sysroot_setscene)
NOTE: Running setscene task 318 of 397 (/home/deby/poky/meta-debian/recipes-debian/gdb/gdb_debian.bb:do_package_qa_setscene)
NOTE: Running setscene task 319 of 397 (/home/deby/poky/meta-debian/recipes-debian/gdb/gdb_debian.bb:do_package_write_deb_setscene)
NOTE: Running setscene task 324 of 397 (/home/deby/poky/meta/recipes-kernel/lttng/lttng-ust_2.10.3.bb:do_package_write_deb_setscene)
NOTE: Running setscene task 333 of 397 (/home/deby/poky/meta/recipes-support/liburcu/liburcu_0.10.2.bb:do_package_write_deb_setscene)
NOTE: recipe liburcu-0.10.2-r0: task do_package_write_deb_setscene: Started
NOTE: recipe gdb-8.2.1-r0: task do_package_qa_setscene: Started
NOTE: recipe gdb-8.2.1-r0: task do_populate_sysroot_setscene: Started
NOTE: recipe gdb-8.2.1-r0: task do_package_write_deb_setscene: Started
NOTE: recipe lttng-ust-2_2.10.3-r0: task do_package_write_deb_setscene: Started
NOTE: recipe lttng-ust-2_2.10.3-r0: task do_package_write_deb_setscene: Succeeded
NOTE: recipe gdb-8.2.1-r0: task do_package_qa_setscene: Succeeded
NOTE: recipe gdb-8.2.1-r0: task do_populate_sysroot_setscene: Succeeded
NOTE: recipe liburcu-0.10.2-r0: task do_package_write_deb_setscene: Succeeded
NOTE: recipe gdb-8.2.1-r0: task do_package_write_deb_setscene: Succeeded
NOTE: Running setscene task 388 of 397 (/home/deby/poky/meta-debian/recipes-debian/gdb/gdb_debian.bb:do_packagedata_setscene)
NOTE: recipe gdb-8.2.1-r0: task do_packagedata_setscene: Started
NOTE: recipe gdb-8.2.1-r0: task do_packagedata_setscene: Succeeded
NOTE: Running setscene task 390 of 397 (/home/deby/poky/meta-debian/recipes-debian/readline/readline_debian.bb:do_populate_sysroot_setscene)
NOTE: Running setscene task 391 of 397 (/home/deby/poky/meta/recipes-kernel/lttng/lttng-ust_2.10.3.bb:do_populate_sysroot_setscene)
NOTE: Running setscene task 392 of 397 (/home/deby/poky/meta/recipes-kernel/lttng/lttng-ust_2.10.3.bb:do_packagedata_setscene)
NOTE: recipe lttng-ust-2_2.10.3-r0: task do_populate_sysroot_setscene: Started
NOTE: recipe lttng-ust-2_2.10.3-r0: task do_packagedata_setscene: Started
NOTE: recipe readline-7.0-r0: task do_populate_sysroot_setscene: Started
NOTE: recipe lttng-ust-2_2.10.3-r0: task do_packagedata_setscene: Succeeded
NOTE: Running setscene task 394 of 397 (/home/deby/poky/meta/recipes-support/liburcu/liburcu_0.10.2.bb:do_packagedata_setscene)
NOTE: recipe readline-7.0-r0: task do_populate_sysroot_setscene: Succeeded
NOTE: recipe liburcu-0.10.2-r0: task do_packagedata_setscene: Started
NOTE: recipe lttng-ust-2_2.10.3-r0: task do_populate_sysroot_setscene: Succeeded
NOTE: Running setscene task 395 of 397 (/home/deby/poky/meta/recipes-support/liburcu/liburcu_0.10.2.bb:do_populate_sysroot_setscene)
NOTE: recipe liburcu-0.10.2-r0: task do_populate_sysroot_setscene: Started
NOTE: recipe liburcu-0.10.2-r0: task do_packagedata_setscene: Succeeded
NOTE: recipe liburcu-0.10.2-r0: task do_populate_sysroot_setscene: Succeeded
NOTE: Executing RunQueue Tasks
NOTE: Running noexec task 1684 of 1684 (/home/deby/poky/meta-debian/recipes-debian/gdb/gdb_debian.bb:do_build)
NOTE: Tasks Summary: Attempted 1684 tasks of which 1683 didn't need to be rerun and all succeeded.

Summary: There were 2 WARNING messages shown.
