WARNING: Host distribution "debian-10" has not been validated with this version of the build system; you may possibly experience unexpected failures. It is recommended that you use a tested distribution.
Loading cache...done.
Loaded 1469 entries from dependency cache.
WARNING: No bb files matched BBFILE_PATTERN_debian-raspberrypi '^/home/deby/poky/meta-debian/tests/../../meta-debian/bsp/meta-raspberrypi/'
NOTE: Resolving any missing task queue dependencies

Build Configuration:
BB_VERSION           = "1.42.0"
BUILD_SYS            = "x86_64-linux"
NATIVELSBSTRING      = "universal"
TARGET_SYS           = "arm-deby-linux-gnueabi"
MACHINE              = "raspberrypi3"
DISTRO               = "deby"
DISTRO_VERSION       = "10.0"
TUNE_FEATURES        = "arm vfp cortexa7 neon vfpv4 thumb callconvention-hard"
TARGET_FPU           = "hard"
meta                 
meta-poky            = "warrior:51223035e66c5b27799b15a0f8ebe75d24d3971b"
meta-debian          = "warrior-trungdt:47b755ebe41c5afc0ea94d75b55c4f0efd8983fe"
meta-raspberrypi     = "warrior:e9e3ad1920e1a6f4a05210c2ec4b77530871a886"
meta-raspberrypi     = "warrior-trungdt:47b755ebe41c5afc0ea94d75b55c4f0efd8983fe"

Initialising tasks...done.
Sstate summary: Wanted 72 Found 72 Missed 0 Current 321 (100% match, 100% complete)
NOTE: Executing SetScene Tasks
NOTE: Running setscene task 322 of 393 (/home/deby/poky/meta-debian/recipes-debian/gettext/gettext_debian.bb:do_populate_sysroot_setscene)
NOTE: Running setscene task 323 of 393 (/home/deby/poky/meta-debian/recipes-debian/gettext/gettext_debian.bb:do_package_qa_setscene)
NOTE: Running setscene task 324 of 393 (/home/deby/poky/meta-debian/recipes-debian/gettext/gettext_debian.bb:do_package_write_deb_setscene)
NOTE: Running setscene task 328 of 393 (/home/deby/poky/meta/recipes-support/libcroco/libcroco_0.6.12.bb:do_package_write_deb_setscene)
NOTE: recipe libcroco-0.6.12-r0: task do_package_write_deb_setscene: Started
NOTE: recipe gettext-0.19.8.1-r0: task do_populate_sysroot_setscene: Started
NOTE: recipe gettext-0.19.8.1-r0: task do_package_qa_setscene: Started
NOTE: recipe gettext-0.19.8.1-r0: task do_package_write_deb_setscene: Started
NOTE: recipe gettext-0.19.8.1-r0: task do_package_qa_setscene: Succeeded
NOTE: recipe gettext-0.19.8.1-r0: task do_package_write_deb_setscene: Succeeded
NOTE: Running setscene task 383 of 393 (/home/deby/poky/meta-debian/recipes-debian/gettext/gettext_debian.bb:do_packagedata_setscene)
NOTE: recipe libcroco-0.6.12-r0: task do_package_write_deb_setscene: Succeeded
NOTE: recipe gettext-0.19.8.1-r0: task do_packagedata_setscene: Started
NOTE: recipe gettext-0.19.8.1-r0: task do_populate_sysroot_setscene: Succeeded
NOTE: recipe gettext-0.19.8.1-r0: task do_packagedata_setscene: Succeeded
NOTE: Running setscene task 385 of 393 (/home/deby/poky/meta/recipes-support/libcroco/libcroco_0.6.12.bb:do_populate_sysroot_setscene)
NOTE: Running setscene task 386 of 393 (/home/deby/poky/meta/recipes-support/libcroco/libcroco_0.6.12.bb:do_packagedata_setscene)
NOTE: recipe libcroco-0.6.12-r0: task do_packagedata_setscene: Started
NOTE: recipe libcroco-0.6.12-r0: task do_populate_sysroot_setscene: Started
NOTE: recipe libcroco-0.6.12-r0: task do_packagedata_setscene: Succeeded
NOTE: recipe libcroco-0.6.12-r0: task do_populate_sysroot_setscene: Succeeded
NOTE: Running setscene task 388 of 393 (/home/deby/poky/meta-debian/recipes-debian/libxml/libxml2_debian.bb:do_populate_sysroot_setscene)
NOTE: recipe libxml2-2.9.4-r0: task do_populate_sysroot_setscene: Started
NOTE: recipe libxml2-2.9.4-r0: task do_populate_sysroot_setscene: Succeeded
NOTE: Running setscene task 389 of 393 (/home/deby/poky/meta/recipes-devtools/python/python3_3.7.2.bb:do_populate_sysroot_setscene)
NOTE: recipe python3-3.7.2-r0: task do_populate_sysroot_setscene: Started
NOTE: recipe python3-3.7.2-r0: task do_populate_sysroot_setscene: Succeeded
NOTE: Running setscene task 390 of 393 (/home/deby/poky/meta/recipes-support/sqlite/sqlite3_3.27.2.bb:do_populate_sysroot_setscene)
NOTE: Running setscene task 391 of 393 (/home/deby/poky/meta/recipes-support/gdbm/gdbm_1.18.1.bb:do_populate_sysroot_setscene)
NOTE: Running setscene task 392 of 393 (/home/deby/poky/meta/recipes-extended/xz/xz_5.2.4.bb:do_populate_sysroot_setscene)
NOTE: recipe sqlite3-3_3.27.2-r0: task do_populate_sysroot_setscene: Started
NOTE: recipe xz-5.2.4-r0: task do_populate_sysroot_setscene: Started
NOTE: recipe gdbm-1.18.1-r0: task do_populate_sysroot_setscene: Started
NOTE: recipe gdbm-1.18.1-r0: task do_populate_sysroot_setscene: Succeeded
NOTE: recipe xz-5.2.4-r0: task do_populate_sysroot_setscene: Succeeded
NOTE: recipe sqlite3-3_3.27.2-r0: task do_populate_sysroot_setscene: Succeeded
NOTE: Executing RunQueue Tasks
NOTE: Running noexec task 1673 of 1673 (/home/deby/poky/meta-debian/recipes-debian/gettext/gettext_debian.bb:do_build)
NOTE: Tasks Summary: Attempted 1673 tasks of which 1672 didn't need to be rerun and all succeeded.

Summary: There were 2 WARNING messages shown.
