Loading cache...done.
Loaded 1833 entries from dependency cache.
Parsing recipes...done.
Parsing of 1060 .bb files complete (1058 cached, 2 parsed). 1836 targets, 76 skipped, 0 masked, 0 errors.
WARNING: No bb files matched BBFILE_PATTERN_debian-raspberrypi '^/home/deby/poky/meta-debian/tests/../../meta-debian/bsp/meta-raspberrypi/'
NOTE: Resolving any missing task queue dependencies

Build Configuration:
BB_VERSION           = "1.42.0"
BUILD_SYS            = "x86_64-linux"
NATIVELSBSTRING      = "universal"
TARGET_SYS           = "arm-deby-linux-gnueabi"
MACHINE              = "raspberrypi3"
DISTRO               = "deby"
DISTRO_VERSION       = "10.0"
TUNE_FEATURES        = "arm vfp cortexa7 neon vfpv4 thumb callconvention-hard"
TARGET_FPU           = "hard"
meta                 
meta-poky            = "warrior:023ff85a9ae94331926e923b346fd8a349881e63"
meta-debian          = "warrior:0fba4d92162a85a330d2d88ebd73ee0819f920fc"
meta-raspberrypi     = "warrior:2f0fa9a087b9ded28797d3087ccfa8f48bf5dd13"
meta-raspberrypi     = "warrior:0fba4d92162a85a330d2d88ebd73ee0819f920fc"

Initialising tasks...done.
Sstate summary: Wanted 6 Found 0 Missed 6 Current 533 (0% match, 98% complete)
NOTE: Executing SetScene Tasks
NOTE: Executing RunQueue Tasks
NOTE: Running task 1641 of 2368 (/home/deby/poky/meta-debian/recipes-debian/libnet/libnet_debian.bb:do_fetch)
NOTE: recipe libnet-1.1.6-r0: task do_fetch: Started
NOTE: recipe libnet-1.1.6-r0: task do_fetch: Succeeded
NOTE: Running task 2354 of 2368 (/home/deby/poky/meta-debian/recipes-debian/libnet/libnet_debian.bb:do_unpack)
NOTE: Running task 2355 of 2368 (/home/deby/poky/meta-debian/recipes-debian/libnet/libnet_debian.bb:do_prepare_recipe_sysroot)
NOTE: recipe libnet-1.1.6-r0: task do_unpack: Started
NOTE: recipe libnet-1.1.6-r0: task do_prepare_recipe_sysroot: Started
NOTE: recipe libnet-1.1.6-r0: task do_unpack: Succeeded
NOTE: Running task 2356 of 2368 (/home/deby/poky/meta-debian/recipes-debian/libnet/libnet_debian.bb:do_debian_unpack_extra)
NOTE: recipe libnet-1.1.6-r0: task do_debian_unpack_extra: Started
NOTE: recipe libnet-1.1.6-r0: task do_debian_unpack_extra: Succeeded
NOTE: Running task 2357 of 2368 (/home/deby/poky/meta-debian/recipes-debian/libnet/libnet_debian.bb:do_debian_patch)
NOTE: recipe libnet-1.1.6-r0: task do_debian_patch: Started
NOTE: recipe libnet-1.1.6-r0: task do_prepare_recipe_sysroot: Succeeded
NOTE: recipe libnet-1.1.6-r0: task do_debian_patch: Succeeded
NOTE: Running task 2358 of 2368 (/home/deby/poky/meta-debian/recipes-debian/libnet/libnet_debian.bb:do_patch)
NOTE: recipe libnet-1.1.6-r0: task do_patch: Started
NOTE: recipe libnet-1.1.6-r0: task do_patch: Succeeded
NOTE: Running task 2359 of 2368 (/home/deby/poky/meta-debian/recipes-debian/libnet/libnet_debian.bb:do_configure)
NOTE: Running task 2360 of 2368 (/home/deby/poky/meta-debian/recipes-debian/libnet/libnet_debian.bb:do_populate_lic)
NOTE: recipe libnet-1.1.6-r0: task do_populate_lic: Started
NOTE: recipe libnet-1.1.6-r0: task do_configure: Started
NOTE: recipe libnet-1.1.6-r0: task do_populate_lic: Succeeded
NOTE: recipe libnet-1.1.6-r0: task do_configure: Succeeded
NOTE: Running task 2361 of 2368 (/home/deby/poky/meta-debian/recipes-debian/libnet/libnet_debian.bb:do_compile)
NOTE: recipe libnet-1.1.6-r0: task do_compile: Started
NOTE: recipe libnet-1.1.6-r0: task do_compile: Succeeded
NOTE: Running task 2362 of 2368 (/home/deby/poky/meta-debian/recipes-debian/libnet/libnet_debian.bb:do_install)
NOTE: recipe libnet-1.1.6-r0: task do_install: Started
NOTE: recipe libnet-1.1.6-r0: task do_install: Succeeded
NOTE: Running task 2363 of 2368 (/home/deby/poky/meta-debian/recipes-debian/libnet/libnet_debian.bb:do_package)
NOTE: Running task 2364 of 2368 (/home/deby/poky/meta-debian/recipes-debian/libnet/libnet_debian.bb:do_populate_sysroot)
NOTE: recipe libnet-1.1.6-r0: task do_package: Started
NOTE: recipe libnet-1.1.6-r0: task do_populate_sysroot: Started
NOTE: recipe libnet-1.1.6-r0: task do_populate_sysroot: Succeeded
NOTE: recipe libnet-1.1.6-r0: task do_package: Succeeded
NOTE: Running task 2365 of 2368 (/home/deby/poky/meta-debian/recipes-debian/libnet/libnet_debian.bb:do_packagedata)
NOTE: recipe libnet-1.1.6-r0: task do_packagedata: Started
NOTE: recipe libnet-1.1.6-r0: task do_packagedata: Succeeded
NOTE: Running task 2366 of 2368 (/home/deby/poky/meta-debian/recipes-debian/libnet/libnet_debian.bb:do_package_write_deb)
NOTE: Running task 2367 of 2368 (/home/deby/poky/meta-debian/recipes-debian/libnet/libnet_debian.bb:do_package_qa)
NOTE: recipe libnet-1.1.6-r0: task do_package_write_deb: Started
NOTE: recipe libnet-1.1.6-r0: task do_package_qa: Started
NOTE: recipe libnet-1.1.6-r0: task do_package_qa: Succeeded
NOTE: recipe libnet-1.1.6-r0: task do_package_write_deb: Succeeded
NOTE: Running noexec task 2368 of 2368 (/home/deby/poky/meta-debian/recipes-debian/libnet/libnet_debian.bb:do_build)
NOTE: Tasks Summary: Attempted 2368 tasks of which 2352 didn't need to be rerun and all succeeded.

Summary: There was 1 WARNING message shown.
