Loading cache...done.
Loaded 1761 entries from dependency cache.
Parsing recipes...done.
Parsing of 1022 .bb files complete (1020 cached, 2 parsed). 1763 targets, 69 skipped, 0 masked, 0 errors.
WARNING: No bb files matched BBFILE_PATTERN_debian-raspberrypi '^/home/deby/poky/meta-debian/tests/../../meta-debian/bsp/meta-raspberrypi/'
NOTE: Resolving any missing task queue dependencies

Build Configuration:
BB_VERSION           = "1.42.0"
BUILD_SYS            = "x86_64-linux"
NATIVELSBSTRING      = "universal"
TARGET_SYS           = "arm-deby-linux-gnueabi"
MACHINE              = "raspberrypi3"
DISTRO               = "deby"
DISTRO_VERSION       = "10.0"
TUNE_FEATURES        = "arm vfp cortexa7 neon vfpv4 thumb callconvention-hard"
TARGET_FPU           = "hard"
meta                 
meta-poky            = "warrior:79a850a10a4b88a6d20d607b322542f947874323"
meta-debian          = "warrior:f7512bd96372e67fe4288cb5cb61cf52d282dd4e"
meta-raspberrypi     = "warrior:0750d5d2bc9596f35d5d61bb0ff657be4b02bfdc"
meta-raspberrypi     = "warrior:f7512bd96372e67fe4288cb5cb61cf52d282dd4e"

Initialising tasks...done.
Sstate summary: Wanted 6 Found 0 Missed 6 Current 446 (0% match, 98% complete)
NOTE: Executing SetScene Tasks
NOTE: Executing RunQueue Tasks
NOTE: Running task 1716 of 2057 (/home/deby/poky/meta-debian/recipes-debian/libprelude/libprelude_debian.bb:do_prepare_recipe_sysroot)
NOTE: Running task 2048 of 2057 (/home/deby/poky/meta-debian/recipes-debian/libprelude/libprelude_debian.bb:do_populate_lic)
NOTE: recipe libprelude-4.1.0-r0: task do_prepare_recipe_sysroot: Started
NOTE: recipe libprelude-4.1.0-r0: task do_populate_lic: Started
NOTE: recipe libprelude-4.1.0-r0: task do_populate_lic: Succeeded
NOTE: recipe libprelude-4.1.0-r0: task do_prepare_recipe_sysroot: Succeeded
NOTE: Running task 2049 of 2057 (/home/deby/poky/meta-debian/recipes-debian/libprelude/libprelude_debian.bb:do_configure)
NOTE: recipe libprelude-4.1.0-r0: task do_configure: Started
NOTE: recipe libprelude-4.1.0-r0: task do_configure: Succeeded
NOTE: Running task 2050 of 2057 (/home/deby/poky/meta-debian/recipes-debian/libprelude/libprelude_debian.bb:do_compile)
NOTE: recipe libprelude-4.1.0-r0: task do_compile: Started
NOTE: recipe libprelude-4.1.0-r0: task do_compile: Succeeded
NOTE: Running task 2051 of 2057 (/home/deby/poky/meta-debian/recipes-debian/libprelude/libprelude_debian.bb:do_install)
NOTE: recipe libprelude-4.1.0-r0: task do_install: Started
NOTE: recipe libprelude-4.1.0-r0: task do_install: Succeeded
NOTE: Running task 2052 of 2057 (/home/deby/poky/meta-debian/recipes-debian/libprelude/libprelude_debian.bb:do_package)
NOTE: Running task 2053 of 2057 (/home/deby/poky/meta-debian/recipes-debian/libprelude/libprelude_debian.bb:do_populate_sysroot)
NOTE: recipe libprelude-4.1.0-r0: task do_package: Started
NOTE: recipe libprelude-4.1.0-r0: task do_populate_sysroot: Started
NOTE: recipe libprelude-4.1.0-r0: task do_populate_sysroot: Succeeded
NOTE: recipe libprelude-4.1.0-r0: task do_package: Succeeded
NOTE: Running task 2054 of 2057 (/home/deby/poky/meta-debian/recipes-debian/libprelude/libprelude_debian.bb:do_packagedata)
NOTE: recipe libprelude-4.1.0-r0: task do_packagedata: Started
NOTE: recipe libprelude-4.1.0-r0: task do_packagedata: Succeeded
NOTE: Running task 2055 of 2057 (/home/deby/poky/meta-debian/recipes-debian/libprelude/libprelude_debian.bb:do_package_write_deb)
NOTE: Running task 2056 of 2057 (/home/deby/poky/meta-debian/recipes-debian/libprelude/libprelude_debian.bb:do_package_qa)
NOTE: recipe libprelude-4.1.0-r0: task do_package_qa: Started
NOTE: recipe libprelude-4.1.0-r0: task do_package_write_deb: Started
NOTE: recipe libprelude-4.1.0-r0: task do_package_qa: Succeeded
NOTE: recipe libprelude-4.1.0-r0: task do_package_write_deb: Succeeded
NOTE: Running noexec task 2057 of 2057 (/home/deby/poky/meta-debian/recipes-debian/libprelude/libprelude_debian.bb:do_build)
NOTE: Tasks Summary: Attempted 2057 tasks of which 2046 didn't need to be rerun and all succeeded.

Summary: There was 1 WARNING message shown.
