Loading cache...done.
Loaded 1758 entries from dependency cache.
WARNING: No bb files matched BBFILE_PATTERN_debian-raspberrypi '^/home/deby/poky/meta-debian/tests/../../meta-debian/bsp/meta-raspberrypi/'
NOTE: Resolving any missing task queue dependencies

Build Configuration:
BB_VERSION           = "1.42.0"
BUILD_SYS            = "x86_64-linux"
NATIVELSBSTRING      = "universal"
TARGET_SYS           = "arm-deby-linux-gnueabi"
MACHINE              = "raspberrypi3"
DISTRO               = "deby"
DISTRO_VERSION       = "10.0"
TUNE_FEATURES        = "arm vfp cortexa7 neon vfpv4 thumb callconvention-hard"
TARGET_FPU           = "hard"
meta                 
meta-poky            = "warrior:79a850a10a4b88a6d20d607b322542f947874323"
meta-debian          = "warrior:79407869d1e56b8c7cb9ac0a9a48a4923ffa202b"
meta-raspberrypi     = "warrior:0750d5d2bc9596f35d5d61bb0ff657be4b02bfdc"
meta-raspberrypi     = "warrior:79407869d1e56b8c7cb9ac0a9a48a4923ffa202b"

Initialising tasks...done.
Sstate summary: Wanted 6 Found 0 Missed 6 Current 428 (0% match, 98% complete)
NOTE: Executing SetScene Tasks
NOTE: Executing RunQueue Tasks
NOTE: Running task 1358 of 2008 (/home/deby/poky/meta-debian/recipes-debian/ntpsec/ntpsec_debian.bb:do_fetch)
NOTE: recipe ntpsec-1.1.3-r0: task do_fetch: Started
NOTE: recipe ntpsec-1.1.3-r0: task do_fetch: Succeeded
NOTE: Running task 1994 of 2008 (/home/deby/poky/meta-debian/recipes-debian/ntpsec/ntpsec_debian.bb:do_unpack)
NOTE: Running task 1995 of 2008 (/home/deby/poky/meta-debian/recipes-debian/ntpsec/ntpsec_debian.bb:do_prepare_recipe_sysroot)
NOTE: recipe ntpsec-1.1.3-r0: task do_unpack: Started
NOTE: recipe ntpsec-1.1.3-r0: task do_prepare_recipe_sysroot: Started
NOTE: recipe ntpsec-1.1.3-r0: task do_unpack: Succeeded
NOTE: Running task 1996 of 2008 (/home/deby/poky/meta-debian/recipes-debian/ntpsec/ntpsec_debian.bb:do_debian_unpack_extra)
NOTE: recipe ntpsec-1.1.3-r0: task do_debian_unpack_extra: Started
NOTE: recipe ntpsec-1.1.3-r0: task do_debian_unpack_extra: Succeeded
NOTE: Running task 1997 of 2008 (/home/deby/poky/meta-debian/recipes-debian/ntpsec/ntpsec_debian.bb:do_debian_patch)
NOTE: recipe ntpsec-1.1.3-r0: task do_debian_patch: Started
NOTE: recipe ntpsec-1.1.3-r0: task do_prepare_recipe_sysroot: Succeeded
NOTE: recipe ntpsec-1.1.3-r0: task do_debian_patch: Succeeded
NOTE: Running task 1998 of 2008 (/home/deby/poky/meta-debian/recipes-debian/ntpsec/ntpsec_debian.bb:do_patch)
NOTE: recipe ntpsec-1.1.3-r0: task do_patch: Started
NOTE: recipe ntpsec-1.1.3-r0: task do_patch: Succeeded
NOTE: Running task 1999 of 2008 (/home/deby/poky/meta-debian/recipes-debian/ntpsec/ntpsec_debian.bb:do_configure)
NOTE: Running task 2000 of 2008 (/home/deby/poky/meta-debian/recipes-debian/ntpsec/ntpsec_debian.bb:do_populate_lic)
NOTE: recipe ntpsec-1.1.3-r0: task do_configure: Started
NOTE: recipe ntpsec-1.1.3-r0: task do_populate_lic: Started
NOTE: recipe ntpsec-1.1.3-r0: task do_populate_lic: Succeeded
NOTE: recipe ntpsec-1.1.3-r0: task do_configure: Succeeded
NOTE: Running task 2001 of 2008 (/home/deby/poky/meta-debian/recipes-debian/ntpsec/ntpsec_debian.bb:do_compile)
NOTE: recipe ntpsec-1.1.3-r0: task do_compile: Started
ERROR: ntpsec-1.1.3-r0 do_compile: Function failed: do_compile (log file is located at /home/deby/build/tmp/work/cortexa7t2hf-neon-vfpv4-deby-linux-gnueabi/ntpsec/1.1.3-r0/temp/log.do_compile.13739)
ERROR: Logfile of failure stored in: /home/deby/build/tmp/work/cortexa7t2hf-neon-vfpv4-deby-linux-gnueabi/ntpsec/1.1.3-r0/temp/log.do_compile.13739
Log data follows:
| DEBUG: Executing shell function do_compile
| --- building host ---
| Waf: Entering directory `/home/deby/build/tmp/work/cortexa7t2hf-neon-vfpv4-deby-linux-gnueabi/ntpsec/1.1.3-r0/ntpsec-1.1.3+dfsg1/build/host'
| [1/2] Processing ntpd/ntp_parser.y
| [2/2] Compiling build/host/ntpd/ntp_parser.tab.c
| [3/4] Compiling ntpd/keyword-gen.c
| [4/4] Linking build/host/ntpd/keyword-gen
| [5/5] Compiling build/host/ntpd/ntp_parser.tab.h
| /bin/sh: 1: /home/deby/build/tmp/work/cortexa7t2hf-neon-vfpv4-deby-linux-gnueabi/ntpsec/1.1.3-r0/ntpsec-1.1.3+dfsg1/build/host/ntpd/keyword-gen: Exec format error
| 
| Waf: Leaving directory `/home/deby/build/tmp/work/cortexa7t2hf-neon-vfpv4-deby-linux-gnueabi/ntpsec/1.1.3-r0/ntpsec-1.1.3+dfsg1/build/host'
| Build failed
|  -> task in 'ntp_keyword.h' failed with exit status 2 (run with -v to display more information)
| WARNING: exit code 1 from a shell command.
| ERROR: Function failed: do_compile (log file is located at /home/deby/build/tmp/work/cortexa7t2hf-neon-vfpv4-deby-linux-gnueabi/ntpsec/1.1.3-r0/temp/log.do_compile.13739)
NOTE: recipe ntpsec-1.1.3-r0: task do_compile: Failed
ERROR: Task (/home/deby/poky/meta-debian/recipes-debian/ntpsec/ntpsec_debian.bb:do_compile) failed with exit code '1'
NOTE: Tasks Summary: Attempted 2001 tasks of which 1992 didn't need to be rerun and 1 failed.

Summary: 1 task failed:
  /home/deby/poky/meta-debian/recipes-debian/ntpsec/ntpsec_debian.bb:do_compile
Summary: There was 1 WARNING message shown.
Summary: There was 1 ERROR message shown, returning a non-zero exit code.
