Loading cache...done.
Loaded 1855 entries from dependency cache.
Parsing recipes...done.
Parsing of 1073 .bb files complete (1071 cached, 2 parsed). 1858 targets, 68 skipped, 0 masked, 0 errors.
WARNING: No bb files matched BBFILE_PATTERN_debian-raspberrypi '^/home/deby/poky/meta-debian/tests/../../meta-debian/bsp/meta-raspberrypi/'
NOTE: Resolving any missing task queue dependencies

Build Configuration:
BB_VERSION           = "1.42.0"
BUILD_SYS            = "x86_64-linux"
NATIVELSBSTRING      = "universal"
TARGET_SYS           = "arm-deby-linux-gnueabi"
MACHINE              = "raspberrypi3"
DISTRO               = "deby"
DISTRO_VERSION       = "10.0"
TUNE_FEATURES        = "arm vfp cortexa7 neon vfpv4 thumb callconvention-hard"
TARGET_FPU           = "hard"
meta                 
meta-poky            = "warrior:79a850a10a4b88a6d20d607b322542f947874323"
meta-debian          = "warrior:fda6a80e4cae9aa03f502551f35fe41beb7bb944"
meta-raspberrypi     = "warrior:0750d5d2bc9596f35d5d61bb0ff657be4b02bfdc"
meta-raspberrypi     = "warrior:fda6a80e4cae9aa03f502551f35fe41beb7bb944"

Initialising tasks...done.
Sstate summary: Wanted 10 Found 0 Missed 10 Current 448 (0% match, 97% complete)
NOTE: Executing SetScene Tasks
NOTE: Executing RunQueue Tasks
NOTE: Running task 1327 of 2101 (/home/deby/poky/meta-debian/recipes-debian/pcsc-lite/pcsc-lite_debian.bb:do_fetch)
NOTE: Running task 1426 of 2101 (/home/deby/poky/meta-debian/recipes-debian/pam-pkcs11/pam-pkcs11_debian.bb:do_fetch)
NOTE: recipe pcsc-lite-1.8.24-r0: task do_fetch: Started
NOTE: recipe pam-pkcs11-0.6.9-r0: task do_fetch: Started
NOTE: recipe pcsc-lite-1.8.24-r0: task do_fetch: Succeeded
NOTE: recipe pam-pkcs11-0.6.9-r0: task do_fetch: Succeeded
NOTE: Running task 2075 of 2101 (/home/deby/poky/meta-debian/recipes-debian/pcsc-lite/pcsc-lite_debian.bb:do_unpack)
NOTE: Running task 2076 of 2101 (/home/deby/poky/meta-debian/recipes-debian/pcsc-lite/pcsc-lite_debian.bb:do_prepare_recipe_sysroot)
NOTE: Running task 2077 of 2101 (/home/deby/poky/meta-debian/recipes-debian/pam-pkcs11/pam-pkcs11_debian.bb:do_unpack)
NOTE: recipe pcsc-lite-1.8.24-r0: task do_unpack: Started
NOTE: recipe pcsc-lite-1.8.24-r0: task do_prepare_recipe_sysroot: Started
NOTE: recipe pam-pkcs11-0.6.9-r0: task do_unpack: Started
NOTE: recipe pam-pkcs11-0.6.9-r0: task do_unpack: Succeeded
NOTE: Running task 2078 of 2101 (/home/deby/poky/meta-debian/recipes-debian/pam-pkcs11/pam-pkcs11_debian.bb:do_debian_unpack_extra)
NOTE: recipe pcsc-lite-1.8.24-r0: task do_unpack: Succeeded
NOTE: Running task 2079 of 2101 (/home/deby/poky/meta-debian/recipes-debian/pcsc-lite/pcsc-lite_debian.bb:do_debian_unpack_extra)
NOTE: recipe pam-pkcs11-0.6.9-r0: task do_debian_unpack_extra: Started
NOTE: recipe pam-pkcs11-0.6.9-r0: task do_debian_unpack_extra: Succeeded
NOTE: Running task 2080 of 2101 (/home/deby/poky/meta-debian/recipes-debian/pam-pkcs11/pam-pkcs11_debian.bb:do_debian_patch)
NOTE: recipe pcsc-lite-1.8.24-r0: task do_debian_unpack_extra: Started
NOTE: recipe pcsc-lite-1.8.24-r0: task do_debian_unpack_extra: Succeeded
NOTE: Running task 2081 of 2101 (/home/deby/poky/meta-debian/recipes-debian/pcsc-lite/pcsc-lite_debian.bb:do_debian_patch)
NOTE: recipe pam-pkcs11-0.6.9-r0: task do_debian_patch: Started
NOTE: recipe pcsc-lite-1.8.24-r0: task do_debian_patch: Started
NOTE: recipe pam-pkcs11-0.6.9-r0: task do_debian_patch: Succeeded
NOTE: Running task 2082 of 2101 (/home/deby/poky/meta-debian/recipes-debian/pam-pkcs11/pam-pkcs11_debian.bb:do_patch)
NOTE: recipe pam-pkcs11-0.6.9-r0: task do_patch: Started
NOTE: recipe pam-pkcs11-0.6.9-r0: task do_patch: Succeeded
NOTE: Running task 2083 of 2101 (/home/deby/poky/meta-debian/recipes-debian/pam-pkcs11/pam-pkcs11_debian.bb:do_populate_lic)
NOTE: recipe pcsc-lite-1.8.24-r0: task do_prepare_recipe_sysroot: Succeeded
NOTE: recipe pcsc-lite-1.8.24-r0: task do_debian_patch: Succeeded
NOTE: Running task 2084 of 2101 (/home/deby/poky/meta-debian/recipes-debian/pcsc-lite/pcsc-lite_debian.bb:do_patch)
NOTE: recipe pam-pkcs11-0.6.9-r0: task do_populate_lic: Started
NOTE: recipe pcsc-lite-1.8.24-r0: task do_patch: Started
NOTE: recipe pcsc-lite-1.8.24-r0: task do_patch: Succeeded
NOTE: Running task 2085 of 2101 (/home/deby/poky/meta-debian/recipes-debian/pcsc-lite/pcsc-lite_debian.bb:do_configure)
NOTE: recipe pcsc-lite-1.8.24-r0: task do_configure: Started
NOTE: recipe pam-pkcs11-0.6.9-r0: task do_populate_lic: Succeeded
NOTE: recipe pcsc-lite-1.8.24-r0: task do_configure: Succeeded
NOTE: Running task 2086 of 2101 (/home/deby/poky/meta-debian/recipes-debian/pcsc-lite/pcsc-lite_debian.bb:do_compile)
NOTE: recipe pcsc-lite-1.8.24-r0: task do_compile: Started
NOTE: recipe pcsc-lite-1.8.24-r0: task do_compile: Succeeded
NOTE: Running task 2087 of 2101 (/home/deby/poky/meta-debian/recipes-debian/pcsc-lite/pcsc-lite_debian.bb:do_install)
NOTE: recipe pcsc-lite-1.8.24-r0: task do_install: Started
NOTE: recipe pcsc-lite-1.8.24-r0: task do_install: Succeeded
NOTE: Running task 2088 of 2101 (/home/deby/poky/meta-debian/recipes-debian/pcsc-lite/pcsc-lite_debian.bb:do_package)
NOTE: Running task 2089 of 2101 (/home/deby/poky/meta-debian/recipes-debian/pcsc-lite/pcsc-lite_debian.bb:do_populate_sysroot)
NOTE: recipe pcsc-lite-1.8.24-r0: task do_populate_sysroot: Started
NOTE: recipe pcsc-lite-1.8.24-r0: task do_package: Started
NOTE: recipe pcsc-lite-1.8.24-r0: task do_populate_sysroot: Succeeded
NOTE: Running task 2090 of 2101 (/home/deby/poky/meta-debian/recipes-debian/pam-pkcs11/pam-pkcs11_debian.bb:do_prepare_recipe_sysroot)
NOTE: recipe pam-pkcs11-0.6.9-r0: task do_prepare_recipe_sysroot: Started
NOTE: recipe pam-pkcs11-0.6.9-r0: task do_prepare_recipe_sysroot: Succeeded
NOTE: Running task 2091 of 2101 (/home/deby/poky/meta-debian/recipes-debian/pam-pkcs11/pam-pkcs11_debian.bb:do_configure)
NOTE: recipe pam-pkcs11-0.6.9-r0: task do_configure: Started
NOTE: recipe pcsc-lite-1.8.24-r0: task do_package: Succeeded
NOTE: Running task 2092 of 2101 (/home/deby/poky/meta-debian/recipes-debian/pcsc-lite/pcsc-lite_debian.bb:do_packagedata)
NOTE: recipe pcsc-lite-1.8.24-r0: task do_packagedata: Started
NOTE: recipe pcsc-lite-1.8.24-r0: task do_packagedata: Succeeded
NOTE: Running task 2093 of 2101 (/home/deby/poky/meta-debian/recipes-debian/pcsc-lite/pcsc-lite_debian.bb:do_package_write_deb)
NOTE: recipe pcsc-lite-1.8.24-r0: task do_package_write_deb: Started
NOTE: recipe pcsc-lite-1.8.24-r0: task do_package_write_deb: Succeeded
NOTE: recipe pam-pkcs11-0.6.9-r0: task do_configure: Succeeded
NOTE: Running task 2094 of 2101 (/home/deby/poky/meta-debian/recipes-debian/pam-pkcs11/pam-pkcs11_debian.bb:do_compile)
NOTE: recipe pam-pkcs11-0.6.9-r0: task do_compile: Started
NOTE: recipe pam-pkcs11-0.6.9-r0: task do_compile: Succeeded
NOTE: Running task 2095 of 2101 (/home/deby/poky/meta-debian/recipes-debian/pam-pkcs11/pam-pkcs11_debian.bb:do_install)
NOTE: recipe pam-pkcs11-0.6.9-r0: task do_install: Started
NOTE: recipe pam-pkcs11-0.6.9-r0: task do_install: Succeeded
NOTE: Running task 2096 of 2101 (/home/deby/poky/meta-debian/recipes-debian/pam-pkcs11/pam-pkcs11_debian.bb:do_package)
NOTE: Running task 2097 of 2101 (/home/deby/poky/meta-debian/recipes-debian/pam-pkcs11/pam-pkcs11_debian.bb:do_populate_sysroot)
NOTE: recipe pam-pkcs11-0.6.9-r0: task do_package: Started
NOTE: recipe pam-pkcs11-0.6.9-r0: task do_populate_sysroot: Started
NOTE: recipe pam-pkcs11-0.6.9-r0: task do_populate_sysroot: Succeeded
NOTE: recipe pam-pkcs11-0.6.9-r0: task do_package: Succeeded
NOTE: Running task 2098 of 2101 (/home/deby/poky/meta-debian/recipes-debian/pam-pkcs11/pam-pkcs11_debian.bb:do_packagedata)
NOTE: recipe pam-pkcs11-0.6.9-r0: task do_packagedata: Started
NOTE: recipe pam-pkcs11-0.6.9-r0: task do_packagedata: Succeeded
NOTE: Running task 2099 of 2101 (/home/deby/poky/meta-debian/recipes-debian/pam-pkcs11/pam-pkcs11_debian.bb:do_package_write_deb)
NOTE: Running task 2100 of 2101 (/home/deby/poky/meta-debian/recipes-debian/pam-pkcs11/pam-pkcs11_debian.bb:do_package_qa)
NOTE: recipe pam-pkcs11-0.6.9-r0: task do_package_write_deb: Started
NOTE: recipe pam-pkcs11-0.6.9-r0: task do_package_qa: Started
NOTE: recipe pam-pkcs11-0.6.9-r0: task do_package_qa: Succeeded
NOTE: recipe pam-pkcs11-0.6.9-r0: task do_package_write_deb: Succeeded
NOTE: Running noexec task 2101 of 2101 (/home/deby/poky/meta-debian/recipes-debian/pam-pkcs11/pam-pkcs11_debian.bb:do_build)
NOTE: Tasks Summary: Attempted 2101 tasks of which 2072 didn't need to be rerun and all succeeded.

Summary: There was 1 WARNING message shown.
