WARNING: Host distribution "debian-10" has not been validated with this version of the build system; you may possibly experience unexpected failures. It is recommended that you use a tested distribution.
Loading cache...done.
Loaded 1469 entries from dependency cache.
WARNING: No bb files matched BBFILE_PATTERN_debian-raspberrypi '^/home/deby/poky/meta-debian/tests/../../meta-debian/bsp/meta-raspberrypi/'
NOTE: Resolving any missing task queue dependencies

Build Configuration:
BB_VERSION           = "1.42.0"
BUILD_SYS            = "x86_64-linux"
NATIVELSBSTRING      = "universal"
TARGET_SYS           = "arm-deby-linux-gnueabi"
MACHINE              = "raspberrypi3"
DISTRO               = "deby"
DISTRO_VERSION       = "10.0"
TUNE_FEATURES        = "arm vfp cortexa7 neon vfpv4 thumb callconvention-hard"
TARGET_FPU           = "hard"
meta                 
meta-poky            = "warrior:51223035e66c5b27799b15a0f8ebe75d24d3971b"
meta-debian          = "warrior-trungdt:47b755ebe41c5afc0ea94d75b55c4f0efd8983fe"
meta-raspberrypi     = "warrior:e9e3ad1920e1a6f4a05210c2ec4b77530871a886"
meta-raspberrypi     = "warrior-trungdt:47b755ebe41c5afc0ea94d75b55c4f0efd8983fe"

Initialising tasks...done.
Sstate summary: Wanted 86 Found 86 Missed 0 Current 321 (100% match, 100% complete)
NOTE: Executing SetScene Tasks
NOTE: Running setscene task 322 of 407 (/home/deby/poky/meta-debian/recipes-debian/quilt/quilt_debian.bb:do_populate_sysroot_setscene)
NOTE: Running setscene task 323 of 407 (/home/deby/poky/meta-debian/recipes-debian/quilt/quilt_debian.bb:do_package_qa_setscene)
NOTE: Running setscene task 324 of 407 (/home/deby/poky/meta-debian/recipes-debian/quilt/quilt_debian.bb:do_package_write_deb_setscene)
NOTE: Running setscene task 328 of 407 (/home/deby/poky/meta/recipes-devtools/diffstat/diffstat_1.62.bb:do_package_write_deb_setscene)
NOTE: Running setscene task 331 of 407 (/home/deby/poky/meta/recipes-devtools/patch/patch_2.7.6.bb:do_package_write_deb_setscene)
NOTE: Running setscene task 332 of 407 (/home/deby/poky/meta-debian/recipes-debian/ed/ed_debian.bb:do_package_write_deb_setscene)
NOTE: Running setscene task 334 of 407 (/home/deby/poky/meta/recipes-extended/findutils/findutils_4.6.0.bb:do_package_write_deb_setscene)
NOTE: recipe diffstat-1.62-r0: task do_package_write_deb_setscene: Started
NOTE: recipe patch-2.7.6-r0: task do_package_write_deb_setscene: Started
NOTE: recipe quilt-0.65-r0: task do_populate_sysroot_setscene: Started
NOTE: recipe quilt-0.65-r0: task do_package_qa_setscene: Started
NOTE: recipe quilt-0.65-r0: task do_package_write_deb_setscene: Started
NOTE: recipe ed-1.15-r0: task do_package_write_deb_setscene: Started
NOTE: recipe findutils-4.6.0-r0: task do_package_write_deb_setscene: Started
NOTE: recipe quilt-0.65-r0: task do_package_qa_setscene: Succeeded
NOTE: recipe quilt-0.65-r0: task do_package_write_deb_setscene: Succeeded
NOTE: Running setscene task 397 of 407 (/home/deby/poky/meta-debian/recipes-debian/quilt/quilt_debian.bb:do_packagedata_setscene)
NOTE: recipe diffstat-1.62-r0: task do_package_write_deb_setscene: Succeeded
NOTE: Running setscene task 398 of 407 (/home/deby/poky/meta/recipes-devtools/diffstat/diffstat_1.62.bb:do_packagedata_setscene)
NOTE: recipe quilt-0.65-r0: task do_populate_sysroot_setscene: Succeeded
NOTE: recipe quilt-0.65-r0: task do_packagedata_setscene: Started
NOTE: recipe patch-2.7.6-r0: task do_package_write_deb_setscene: Succeeded
NOTE: Running setscene task 399 of 407 (/home/deby/poky/meta/recipes-devtools/patch/patch_2.7.6.bb:do_packagedata_setscene)
NOTE: recipe ed-1.15-r0: task do_package_write_deb_setscene: Succeeded
NOTE: Running setscene task 400 of 407 (/home/deby/poky/meta-debian/recipes-debian/ed/ed_debian.bb:do_packagedata_setscene)
NOTE: recipe diffstat-1.62-r0: task do_packagedata_setscene: Started
NOTE: recipe findutils-4.6.0-r0: task do_package_write_deb_setscene: Succeeded
NOTE: Running setscene task 401 of 407 (/home/deby/poky/meta/recipes-extended/findutils/findutils_4.6.0.bb:do_packagedata_setscene)
NOTE: recipe patch-2.7.6-r0: task do_packagedata_setscene: Started
NOTE: recipe ed-1.15-r0: task do_packagedata_setscene: Started
NOTE: recipe findutils-4.6.0-r0: task do_packagedata_setscene: Started
NOTE: recipe quilt-0.65-r0: task do_packagedata_setscene: Succeeded
NOTE: recipe diffstat-1.62-r0: task do_packagedata_setscene: Succeeded
NOTE: recipe patch-2.7.6-r0: task do_packagedata_setscene: Succeeded
NOTE: recipe ed-1.15-r0: task do_packagedata_setscene: Succeeded
NOTE: recipe findutils-4.6.0-r0: task do_packagedata_setscene: Succeeded
NOTE: Executing RunQueue Tasks
NOTE: Running noexec task 1735 of 1735 (/home/deby/poky/meta-debian/recipes-debian/quilt/quilt_debian.bb:do_build)
NOTE: Tasks Summary: Attempted 1735 tasks of which 1734 didn't need to be rerun and all succeeded.

Summary: There were 2 WARNING messages shown.
