Loading cache...done.
Loaded 1758 entries from dependency cache.
WARNING: No bb files matched BBFILE_PATTERN_debian-raspberrypi '^/home/deby/poky/meta-debian/tests/../../meta-debian/bsp/meta-raspberrypi/'
NOTE: Resolving any missing task queue dependencies

Build Configuration:
BB_VERSION           = "1.42.0"
BUILD_SYS            = "x86_64-linux"
NATIVELSBSTRING      = "universal"
TARGET_SYS           = "arm-deby-linux-gnueabi"
MACHINE              = "raspberrypi3"
DISTRO               = "deby"
DISTRO_VERSION       = "10.0"
TUNE_FEATURES        = "arm vfp cortexa7 neon vfpv4 thumb callconvention-hard"
TARGET_FPU           = "hard"
meta                 
meta-poky            = "warrior:79a850a10a4b88a6d20d607b322542f947874323"
meta-debian          = "warrior:79407869d1e56b8c7cb9ac0a9a48a4923ffa202b"
meta-raspberrypi     = "warrior:0750d5d2bc9596f35d5d61bb0ff657be4b02bfdc"
meta-raspberrypi     = "warrior:79407869d1e56b8c7cb9ac0a9a48a4923ffa202b"

Initialising tasks...done.
Sstate summary: Wanted 6 Found 0 Missed 6 Current 420 (0% match, 98% complete)
NOTE: Executing SetScene Tasks
NOTE: Executing RunQueue Tasks
NOTE: Running task 1328 of 1974 (/home/deby/poky/meta-debian/recipes-debian/sudo/sudo_debian.bb:do_fetch)
NOTE: recipe sudo-1.8.27-r0: task do_fetch: Started
NOTE: recipe sudo-1.8.27-r0: task do_fetch: Succeeded
NOTE: Running task 1960 of 1974 (/home/deby/poky/meta-debian/recipes-debian/sudo/sudo_debian.bb:do_unpack)
NOTE: Running task 1961 of 1974 (/home/deby/poky/meta-debian/recipes-debian/sudo/sudo_debian.bb:do_prepare_recipe_sysroot)
NOTE: recipe sudo-1.8.27-r0: task do_unpack: Started
NOTE: recipe sudo-1.8.27-r0: task do_prepare_recipe_sysroot: Started
NOTE: recipe sudo-1.8.27-r0: task do_prepare_recipe_sysroot: Succeeded
NOTE: recipe sudo-1.8.27-r0: task do_unpack: Succeeded
NOTE: Running task 1962 of 1974 (/home/deby/poky/meta-debian/recipes-debian/sudo/sudo_debian.bb:do_debian_unpack_extra)
NOTE: recipe sudo-1.8.27-r0: task do_debian_unpack_extra: Started
NOTE: recipe sudo-1.8.27-r0: task do_debian_unpack_extra: Succeeded
NOTE: Running task 1963 of 1974 (/home/deby/poky/meta-debian/recipes-debian/sudo/sudo_debian.bb:do_debian_patch)
NOTE: recipe sudo-1.8.27-r0: task do_debian_patch: Started
NOTE: recipe sudo-1.8.27-r0: task do_debian_patch: Succeeded
NOTE: Running task 1964 of 1974 (/home/deby/poky/meta-debian/recipes-debian/sudo/sudo_debian.bb:do_patch)
NOTE: recipe sudo-1.8.27-r0: task do_patch: Started
NOTE: recipe sudo-1.8.27-r0: task do_patch: Succeeded
NOTE: Running task 1965 of 1974 (/home/deby/poky/meta-debian/recipes-debian/sudo/sudo_debian.bb:do_configure)
NOTE: Running task 1966 of 1974 (/home/deby/poky/meta-debian/recipes-debian/sudo/sudo_debian.bb:do_populate_lic)
NOTE: recipe sudo-1.8.27-r0: task do_populate_lic: Started
NOTE: recipe sudo-1.8.27-r0: task do_configure: Started
NOTE: recipe sudo-1.8.27-r0: task do_populate_lic: Succeeded
NOTE: recipe sudo-1.8.27-r0: task do_configure: Succeeded
NOTE: Running task 1967 of 1974 (/home/deby/poky/meta-debian/recipes-debian/sudo/sudo_debian.bb:do_compile)
NOTE: recipe sudo-1.8.27-r0: task do_compile: Started
NOTE: recipe sudo-1.8.27-r0: task do_compile: Succeeded
NOTE: Running task 1968 of 1974 (/home/deby/poky/meta-debian/recipes-debian/sudo/sudo_debian.bb:do_install)
NOTE: recipe sudo-1.8.27-r0: task do_install: Started
NOTE: recipe sudo-1.8.27-r0: task do_install: Succeeded
NOTE: Running task 1969 of 1974 (/home/deby/poky/meta-debian/recipes-debian/sudo/sudo_debian.bb:do_package)
NOTE: Running task 1970 of 1974 (/home/deby/poky/meta-debian/recipes-debian/sudo/sudo_debian.bb:do_populate_sysroot)
NOTE: recipe sudo-1.8.27-r0: task do_populate_sysroot: Started
NOTE: recipe sudo-1.8.27-r0: task do_package: Started
NOTE: recipe sudo-1.8.27-r0: task do_populate_sysroot: Succeeded
NOTE: recipe sudo-1.8.27-r0: task do_package: Succeeded
NOTE: Running task 1971 of 1974 (/home/deby/poky/meta-debian/recipes-debian/sudo/sudo_debian.bb:do_packagedata)
NOTE: recipe sudo-1.8.27-r0: task do_packagedata: Started
NOTE: recipe sudo-1.8.27-r0: task do_packagedata: Succeeded
NOTE: Running task 1972 of 1974 (/home/deby/poky/meta-debian/recipes-debian/sudo/sudo_debian.bb:do_package_write_deb)
NOTE: Running task 1973 of 1974 (/home/deby/poky/meta-debian/recipes-debian/sudo/sudo_debian.bb:do_package_qa)
NOTE: recipe sudo-1.8.27-r0: task do_package_write_deb: Started
NOTE: recipe sudo-1.8.27-r0: task do_package_qa: Started
NOTE: recipe sudo-1.8.27-r0: task do_package_qa: Succeeded
NOTE: recipe sudo-1.8.27-r0: task do_package_write_deb: Succeeded
NOTE: Running noexec task 1974 of 1974 (/home/deby/poky/meta-debian/recipes-debian/sudo/sudo_debian.bb:do_build)
NOTE: Tasks Summary: Attempted 1974 tasks of which 1958 didn't need to be rerun and all succeeded.

Summary: There was 1 WARNING message shown.
