WARNING: Host distribution "debian-10" has not been validated with this version of the build system; you may possibly experience unexpected failures. It is recommended that you use a tested distribution.
Loading cache...done.
Loaded 1469 entries from dependency cache.
WARNING: No bb files matched BBFILE_PATTERN_debian-raspberrypi '^/home/deby/poky/meta-debian/tests/../../meta-debian/bsp/meta-raspberrypi/'
NOTE: Resolving any missing task queue dependencies

Build Configuration:
BB_VERSION           = "1.42.0"
BUILD_SYS            = "x86_64-linux"
NATIVELSBSTRING      = "universal"
TARGET_SYS           = "arm-deby-linux-gnueabi"
MACHINE              = "raspberrypi3"
DISTRO               = "deby"
DISTRO_VERSION       = "10.0"
TUNE_FEATURES        = "arm vfp cortexa7 neon vfpv4 thumb callconvention-hard"
TARGET_FPU           = "hard"
meta                 
meta-poky            = "warrior:51223035e66c5b27799b15a0f8ebe75d24d3971b"
meta-debian          = "warrior-trungdt:47b755ebe41c5afc0ea94d75b55c4f0efd8983fe"
meta-raspberrypi     = "warrior:e9e3ad1920e1a6f4a05210c2ec4b77530871a886"
meta-raspberrypi     = "warrior-trungdt:47b755ebe41c5afc0ea94d75b55c4f0efd8983fe"

Initialising tasks...done.
Sstate summary: Wanted 66 Found 65 Missed 1 Current 323 (98% match, 99% complete)
NOTE: Executing SetScene Tasks
NOTE: Executing RunQueue Tasks
NOTE: Running task 1548 of 1669 (virtual:cross:/home/deby/poky/meta-debian/recipes-debian/u-boot/u-boot-fw-utils_debian.bb:do_debian_unpack_extra)
NOTE: Running task 1573 of 1669 (virtual:cross:/home/deby/poky/meta-debian/recipes-debian/u-boot/u-boot-fw-utils_debian.bb:do_prepare_recipe_sysroot)
NOTE: recipe u-boot-fw-utils-cross-2019.01-r0: task do_debian_unpack_extra: Started
NOTE: recipe u-boot-fw-utils-cross-2019.01-r0: task do_prepare_recipe_sysroot: Started
NOTE: recipe u-boot-fw-utils-cross-2019.01-r0: task do_debian_unpack_extra: Succeeded
NOTE: Running task 1662 of 1669 (virtual:cross:/home/deby/poky/meta-debian/recipes-debian/u-boot/u-boot-fw-utils_debian.bb:do_debian_patch)
NOTE: recipe u-boot-fw-utils-cross-2019.01-r0: task do_debian_patch: Started
NOTE: recipe u-boot-fw-utils-cross-2019.01-r0: task do_prepare_recipe_sysroot: Succeeded
ERROR: u-boot-fw-utils-cross-2019.01-r0 do_debian_patch: unknown quilt patches already applied
ERROR: u-boot-fw-utils-cross-2019.01-r0 do_debian_patch: Function failed: do_debian_patch (log file is located at /home/deby/build/tmp/work/x86_64-linux/u-boot-fw-utils-cross/2019.01-r0/temp/log.do_debian_patch.11034)
ERROR: Logfile of failure stored in: /home/deby/build/tmp/work/x86_64-linux/u-boot-fw-utils-cross/2019.01-r0/temp/log.do_debian_patch.11034
NOTE: recipe u-boot-fw-utils-cross-2019.01-r0: task do_debian_patch: Failed
ERROR: Task (virtual:cross:/home/deby/poky/meta-debian/recipes-debian/u-boot/u-boot-fw-utils_debian.bb:do_debian_patch) failed with exit code '1'
NOTE: Tasks Summary: Attempted 1662 tasks of which 1659 didn't need to be rerun and 1 failed.

Summary: 1 task failed:
  virtual:cross:/home/deby/poky/meta-debian/recipes-debian/u-boot/u-boot-fw-utils_debian.bb:do_debian_patch
Summary: There were 2 WARNING messages shown.
Summary: There were 2 ERROR messages shown, returning a non-zero exit code.
