WARNING: Host distribution "debian-10" has not been validated with this version of the build system; you may possibly experience unexpected failures. It is recommended that you use a tested distribution.
Loading cache...done.
Loaded 1469 entries from dependency cache.
WARNING: No bb files matched BBFILE_PATTERN_debian-raspberrypi '^/home/deby/poky/meta-debian/tests/../../meta-debian/bsp/meta-raspberrypi/'
NOTE: Resolving any missing task queue dependencies

Build Configuration:
BB_VERSION           = "1.42.0"
BUILD_SYS            = "x86_64-linux"
NATIVELSBSTRING      = "universal"
TARGET_SYS           = "arm-deby-linux-gnueabi"
MACHINE              = "raspberrypi3"
DISTRO               = "deby"
DISTRO_VERSION       = "10.0"
TUNE_FEATURES        = "arm vfp cortexa7 neon vfpv4 thumb callconvention-hard"
TARGET_FPU           = "hard"
meta                 
meta-poky            = "warrior:51223035e66c5b27799b15a0f8ebe75d24d3971b"
meta-debian          = "warrior-trungdt:47b755ebe41c5afc0ea94d75b55c4f0efd8983fe"
meta-raspberrypi     = "warrior:e9e3ad1920e1a6f4a05210c2ec4b77530871a886"
meta-raspberrypi     = "warrior-trungdt:47b755ebe41c5afc0ea94d75b55c4f0efd8983fe"

Initialising tasks...done.
Sstate summary: Wanted 14 Found 14 Missed 0 Current 70 (100% match, 100% complete)
NOTE: Executing SetScene Tasks
NOTE: Running setscene task 71 of 84 (/home/deby/poky/meta-debian/recipes-debian/u-boot/u-boot_debian.bb:do_populate_sysroot_setscene)
NOTE: Running setscene task 72 of 84 (/home/deby/poky/meta-debian/recipes-debian/u-boot/u-boot_debian.bb:do_package_qa_setscene)
NOTE: Running setscene task 73 of 84 (/home/deby/poky/meta-debian/recipes-debian/u-boot/u-boot_debian.bb:do_package_write_deb_setscene)
NOTE: Running setscene task 74 of 84 (/home/deby/poky/meta-debian/recipes-debian/u-boot/u-boot_debian.bb:do_deploy_setscene)
NOTE: recipe u-boot-2019.01-r0: task do_deploy_setscene: Started
NOTE: recipe u-boot-2019.01-r0: task do_package_qa_setscene: Started
NOTE: recipe u-boot-2019.01-r0: task do_populate_sysroot_setscene: Started
NOTE: recipe u-boot-2019.01-r0: task do_package_write_deb_setscene: Started
NOTE: recipe u-boot-2019.01-r0: task do_package_qa_setscene: Succeeded
NOTE: recipe u-boot-2019.01-r0: task do_package_write_deb_setscene: Succeeded
NOTE: recipe u-boot-2019.01-r0: task do_populate_sysroot_setscene: Succeeded
NOTE: Running setscene task 82 of 84 (/home/deby/poky/meta-debian/recipes-debian/u-boot/u-boot_debian.bb:do_packagedata_setscene)
NOTE: recipe u-boot-2019.01-r0: task do_deploy_setscene: Succeeded
NOTE: recipe u-boot-2019.01-r0: task do_packagedata_setscene: Started
NOTE: recipe u-boot-2019.01-r0: task do_packagedata_setscene: Succeeded
NOTE: Running setscene task 84 of 84 (/home/deby/poky/meta-debian/tests/../../meta-raspberrypi/recipes-bsp/rpi-u-boot-scr/rpi-u-boot-scr.bb:do_populate_sysroot_setscene)
NOTE: recipe rpi-u-boot-scr-1.0-r0: task do_populate_sysroot_setscene: Started
NOTE: recipe rpi-u-boot-scr-1.0-r0: task do_populate_sysroot_setscene: Succeeded
NOTE: Executing RunQueue Tasks
NOTE: Running noexec task 572 of 572 (/home/deby/poky/meta-debian/recipes-debian/u-boot/u-boot_debian.bb:do_build)
NOTE: Tasks Summary: Attempted 572 tasks of which 571 didn't need to be rerun and all succeeded.

Summary: There were 2 WARNING messages shown.
