Loading cache...done.
Loaded 1855 entries from dependency cache.
Parsing recipes...done.
Parsing of 1073 .bb files complete (1071 cached, 2 parsed). 1858 targets, 68 skipped, 0 masked, 0 errors.
WARNING: No bb files matched BBFILE_PATTERN_debian-raspberrypi '^/home/deby/poky/meta-debian/tests/../../meta-debian/bsp/meta-raspberrypi/'
NOTE: Resolving any missing task queue dependencies

Build Configuration:
BB_VERSION           = "1.42.0"
BUILD_SYS            = "x86_64-linux"
NATIVELSBSTRING      = "universal"
TARGET_SYS           = "arm-deby-linux-gnueabi"
MACHINE              = "raspberrypi3"
DISTRO               = "deby"
DISTRO_VERSION       = "10.0"
TUNE_FEATURES        = "arm vfp cortexa7 neon vfpv4 thumb callconvention-hard"
TARGET_FPU           = "hard"
meta                 
meta-poky            = "warrior:79a850a10a4b88a6d20d607b322542f947874323"
meta-debian          = "warrior:fda6a80e4cae9aa03f502551f35fe41beb7bb944"
meta-raspberrypi     = "warrior:0750d5d2bc9596f35d5d61bb0ff657be4b02bfdc"
meta-raspberrypi     = "warrior:fda6a80e4cae9aa03f502551f35fe41beb7bb944"

Initialising tasks...done.
Sstate summary: Wanted 6 Found 0 Missed 6 Current 430 (0% match, 98% complete)
NOTE: Executing SetScene Tasks
NOTE: Executing RunQueue Tasks
NOTE: Running task 1165 of 2031 (/home/deby/poky/meta-debian/recipes-debian/valgrind/valgrind_debian.bb:do_fetch)
NOTE: recipe valgrind-3.14.0-r0: task do_fetch: Started
NOTE: recipe valgrind-3.14.0-r0: task do_fetch: Succeeded
NOTE: Running task 2014 of 2031 (/home/deby/poky/meta-debian/recipes-debian/valgrind/valgrind_debian.bb:do_unpack)
NOTE: Running task 2015 of 2031 (/home/deby/poky/meta-debian/recipes-debian/valgrind/valgrind_debian.bb:do_prepare_recipe_sysroot)
NOTE: recipe valgrind-3.14.0-r0: task do_unpack: Started
NOTE: recipe valgrind-3.14.0-r0: task do_prepare_recipe_sysroot: Started
NOTE: recipe valgrind-3.14.0-r0: task do_prepare_recipe_sysroot: Succeeded
NOTE: recipe valgrind-3.14.0-r0: task do_unpack: Succeeded
NOTE: Running task 2016 of 2031 (/home/deby/poky/meta-debian/recipes-debian/valgrind/valgrind_debian.bb:do_debian_unpack_extra)
NOTE: recipe valgrind-3.14.0-r0: task do_debian_unpack_extra: Started
NOTE: recipe valgrind-3.14.0-r0: task do_debian_unpack_extra: Succeeded
NOTE: Running task 2017 of 2031 (/home/deby/poky/meta-debian/recipes-debian/valgrind/valgrind_debian.bb:do_debian_patch)
NOTE: recipe valgrind-3.14.0-r0: task do_debian_patch: Started
NOTE: recipe valgrind-3.14.0-r0: task do_debian_patch: Succeeded
NOTE: Running task 2018 of 2031 (/home/deby/poky/meta-debian/recipes-debian/valgrind/valgrind_debian.bb:do_patch)
NOTE: recipe valgrind-3.14.0-r0: task do_patch: Started
NOTE: recipe valgrind-3.14.0-r0: task do_patch: Succeeded
NOTE: Running task 2019 of 2031 (/home/deby/poky/meta-debian/recipes-debian/valgrind/valgrind_debian.bb:do_configure)
NOTE: Running task 2020 of 2031 (/home/deby/poky/meta-debian/recipes-debian/valgrind/valgrind_debian.bb:do_populate_lic)
NOTE: recipe valgrind-3.14.0-r0: task do_configure: Started
NOTE: recipe valgrind-3.14.0-r0: task do_populate_lic: Started
NOTE: recipe valgrind-3.14.0-r0: task do_populate_lic: Succeeded
NOTE: recipe valgrind-3.14.0-r0: task do_configure: Succeeded
NOTE: Running task 2021 of 2031 (/home/deby/poky/meta-debian/recipes-debian/valgrind/valgrind_debian.bb:do_configure_ptest_base)
NOTE: recipe valgrind-3.14.0-r0: task do_configure_ptest_base: Started
NOTE: recipe valgrind-3.14.0-r0: task do_configure_ptest_base: Succeeded
NOTE: Running task 2022 of 2031 (/home/deby/poky/meta-debian/recipes-debian/valgrind/valgrind_debian.bb:do_compile)
NOTE: recipe valgrind-3.14.0-r0: task do_compile: Started
NOTE: recipe valgrind-3.14.0-r0: task do_compile: Succeeded
NOTE: Running task 2023 of 2031 (/home/deby/poky/meta-debian/recipes-debian/valgrind/valgrind_debian.bb:do_compile_ptest_base)
NOTE: recipe valgrind-3.14.0-r0: task do_compile_ptest_base: Started
NOTE: recipe valgrind-3.14.0-r0: task do_compile_ptest_base: Succeeded
NOTE: Running task 2024 of 2031 (/home/deby/poky/meta-debian/recipes-debian/valgrind/valgrind_debian.bb:do_install)
NOTE: recipe valgrind-3.14.0-r0: task do_install: Started
NOTE: recipe valgrind-3.14.0-r0: task do_install: Succeeded
NOTE: Running task 2025 of 2031 (/home/deby/poky/meta-debian/recipes-debian/valgrind/valgrind_debian.bb:do_install_ptest_base)
NOTE: recipe valgrind-3.14.0-r0: task do_install_ptest_base: Started
NOTE: recipe valgrind-3.14.0-r0: task do_install_ptest_base: Succeeded
NOTE: Running task 2026 of 2031 (/home/deby/poky/meta-debian/recipes-debian/valgrind/valgrind_debian.bb:do_package)
NOTE: Running task 2027 of 2031 (/home/deby/poky/meta-debian/recipes-debian/valgrind/valgrind_debian.bb:do_populate_sysroot)
NOTE: recipe valgrind-3.14.0-r0: task do_package: Started
NOTE: recipe valgrind-3.14.0-r0: task do_populate_sysroot: Started
NOTE: recipe valgrind-3.14.0-r0: task do_populate_sysroot: Succeeded
NOTE: recipe valgrind-3.14.0-r0: task do_package: Succeeded
NOTE: Running task 2028 of 2031 (/home/deby/poky/meta-debian/recipes-debian/valgrind/valgrind_debian.bb:do_packagedata)
NOTE: recipe valgrind-3.14.0-r0: task do_packagedata: Started
NOTE: recipe valgrind-3.14.0-r0: task do_packagedata: Succeeded
NOTE: Running task 2029 of 2031 (/home/deby/poky/meta-debian/recipes-debian/valgrind/valgrind_debian.bb:do_package_write_deb)
NOTE: Running task 2030 of 2031 (/home/deby/poky/meta-debian/recipes-debian/valgrind/valgrind_debian.bb:do_package_qa)
NOTE: recipe valgrind-3.14.0-r0: task do_package_write_deb: Started
NOTE: recipe valgrind-3.14.0-r0: task do_package_qa: Started
NOTE: recipe valgrind-3.14.0-r0: task do_package_write_deb: Succeeded
NOTE: recipe valgrind-3.14.0-r0: task do_package_qa: Succeeded
NOTE: Running noexec task 2031 of 2031 (/home/deby/poky/meta-debian/recipes-debian/valgrind/valgrind_debian.bb:do_build)
NOTE: Tasks Summary: Attempted 2031 tasks of which 2012 didn't need to be rerun and all succeeded.

Summary: There was 1 WARNING message shown.
