WARNING: Host distribution "debian-10" has not been validated with this version of the build system; you may possibly experience unexpected failures. It is recommended that you use a tested distribution.
Loading cache...done.
Loaded 1440 entries from dependency cache.
Removing 1 recipes from the x86_64_linux sysroot...done.
NOTE: Resolving any missing task queue dependencies

Build Configuration:
BB_VERSION           = "1.42.0"
BUILD_SYS            = "x86_64-linux"
NATIVELSBSTRING      = "universal"
TARGET_SYS           = "aarch64-deby-linux"
MACHINE              = "qemuarm64"
DISTRO               = "deby"
DISTRO_VERSION       = "10.0"
TUNE_FEATURES        = "aarch64 armv8a crc"
TARGET_FPU           = ""
meta                 
meta-poky            = "warrior:51223035e66c5b27799b15a0f8ebe75d24d3971b"
meta-debian          = "warrior-trungdt:47b755ebe41c5afc0ea94d75b55c4f0efd8983fe"

Initialising tasks...done.
Sstate summary: Wanted 90 Found 89 Missed 1 Current 307 (98% match, 99% complete)
NOTE: Executing SetScene Tasks
NOTE: Running setscene task 308 of 397 (/home/deby/poky/meta-debian/recipes-debian/automake/automake_debian.bb:do_populate_sysroot_setscene)
NOTE: Running setscene task 309 of 397 (/home/deby/poky/meta-debian/recipes-debian/automake/automake_debian.bb:do_package_qa_setscene)
NOTE: Running setscene task 310 of 397 (/home/deby/poky/meta-debian/recipes-debian/automake/automake_debian.bb:do_package_write_deb_setscene)
NOTE: Running setscene task 314 of 397 (/home/deby/poky/meta-debian/recipes-debian/autoconf/autoconf_debian.bb:do_package_write_deb_setscene)
NOTE: Running setscene task 316 of 397 (/home/deby/poky/meta-debian/recipes-kernel/linux-libc-headers/linux-libc-headers-base_git.bb:do_package_write_deb_setscene)
NOTE: Running setscene task 319 of 397 (/home/deby/poky/meta/recipes-devtools/gnu-config/gnu-config_git.bb:do_package_write_deb_setscene)
NOTE: Running setscene task 344 of 397 (/home/deby/poky/meta-debian/recipes-kernel/linux-libc-headers/linux-libc-headers-base_git.bb:do_populate_sysroot_setscene)
NOTE: Running setscene task 347 of 397 (/home/deby/poky/meta-debian/recipes-kernel/linux/linux-base_git.bb:do_package_write_deb_setscene)
NOTE: Running setscene task 348 of 397 (/home/deby/poky/meta-debian/recipes-kernel/linux/linux-base_git.bb:do_deploy_setscene)
NOTE: recipe gnu-config-20181128+gitAUTOINC+058639be22-r0: task do_package_write_deb_setscene: Started
NOTE: recipe automake-1.16.1-r0: task do_package_qa_setscene: Started
NOTE: recipe automake-1.16.1-r0: task do_package_write_deb_setscene: Started
NOTE: recipe automake-1.16.1-r0: task do_populate_sysroot_setscene: Started
NOTE: recipe autoconf-2.69-r0: task do_package_write_deb_setscene: Started
NOTE: recipe automake-1.16.1-r0: task do_package_qa_setscene: Succeeded
NOTE: recipe gnu-config-20181128+gitAUTOINC+058639be22-r0: task do_package_write_deb_setscene: Succeeded
NOTE: recipe automake-1.16.1-r0: task do_package_write_deb_setscene: Succeeded
NOTE: recipe autoconf-2.69-r0: task do_package_write_deb_setscene: Succeeded
NOTE: Running setscene task 385 of 397 (/home/deby/poky/meta-debian/recipes-debian/automake/automake_debian.bb:do_packagedata_setscene)
NOTE: Running setscene task 386 of 397 (/home/deby/poky/meta-debian/recipes-debian/autoconf/autoconf_debian.bb:do_packagedata_setscene)
NOTE: Running setscene task 387 of 397 (/home/deby/poky/meta/recipes-devtools/gnu-config/gnu-config_git.bb:do_packagedata_setscene)
ERROR: When reparsing /home/deby/poky/meta-debian/recipes-kernel/linux-libc-headers/linux-libc-headers-base_git.bb.do_patch, the basehash value changed from 794aba43c93b827ab8dad47165be6be0d8f92f251bd262635c22313e23128daa to ad76c34176c05413e9fb00995196d5015fc81c93587134874abe5c331acef982. The metadata is not deterministic and this needs to be fixed.
ERROR: When reparsing /home/deby/poky/meta-debian/recipes-kernel/linux-libc-headers/linux-libc-headers-base_git.bb.do_populate_sysroot, the basehash value changed from 2e4dc7b6b48187aee33b8bb419c42da1f20a801d4f648cc07024f0dafb119116 to 2ea4052a4244ba6488e96928a52bc979977bf82d44ef7527088e63c468d98c1b. The metadata is not deterministic and this needs to be fixed.
ERROR: When reparsing /home/deby/poky/meta-debian/recipes-kernel/linux-libc-headers/linux-libc-headers-base_git.bb.do_fetch, the basehash value changed from b620eac0fae73e0df82e6b6781635aa9e224831670575af75328ee2bba5f373b to 180fd178ee7c6318a87b561b33796bca27ce8331b06402ad1a3756cc717a6903. The metadata is not deterministic and this needs to be fixed.
ERROR: When reparsing /home/deby/poky/meta-debian/recipes-kernel/linux-libc-headers/linux-libc-headers-base_git.bb.do_configure, the basehash value changed from 24a1aa70340faf5d0559f5f5c25df83a33339b064c601fa41de74e845831d8f5 to 952b835cf441f72424d80c5bdfec130d3bc2c69cc0e286dad4eda8101e5fb7e5. The metadata is not deterministic and this needs to be fixed.
ERROR: When reparsing /home/deby/poky/meta-debian/recipes-kernel/linux-libc-headers/linux-libc-headers-base_git.bb.do_compile, the basehash value changed from ca9cdc48ef3a81abce6553ad84b2bebd2e31576b46390bac2d2d1174ae4ed2fc to ea8147624c7b40427ff6fe42830ff8b09757ba68efa3fb425ea5a217f2666e4e. The metadata is not deterministic and this needs to be fixed.
ERROR: When reparsing /home/deby/poky/meta-debian/recipes-kernel/linux-libc-headers/linux-libc-headers-base_git.bb.do_install, the basehash value changed from 2422ef8528c52c7ac46a82b5a3d8d777260c0df1f0e70c8bf82ec15f02d81090 to 772b96e073102d917eb5a8d3c7a4919bb7c2f2f7acad1b999659dd25fcbb3ccf. The metadata is not deterministic and this needs to be fixed.
ERROR: When reparsing /home/deby/poky/meta-debian/recipes-kernel/linux-libc-headers/linux-libc-headers-base_git.bb.do_package, the basehash value changed from ce6b7142dd12a39ae9043e5ef18d407ea8302882cd98b79229cbb54edae8626d to 60427f83c05adb79d5790b6a7ec66c9fd3aebf1391ff9f00e1129a744b1f0fb8. The metadata is not deterministic and this needs to be fixed.
ERROR: When reparsing /home/deby/poky/meta-debian/recipes-kernel/linux-libc-headers/linux-libc-headers-base_git.bb.do_packagedata, the basehash value changed from 69732875306abecdabfe20e644badb22fb144a81bb1abc7d4a3d31533d897a4a to 36dd68813de8371bdeedaf523277867f4960468059216b409414713c43d1c32d. The metadata is not deterministic and this needs to be fixed.
ERROR: When reparsing /home/deby/poky/meta-debian/recipes-kernel/linux-libc-headers/linux-libc-headers-base_git.bb.do_package_write_deb, the basehash value changed from 34eb07143181baf3911ccfd6b33a41c4c8d001567321232e16606d3dafee40ca to 9efbdf860fcc2b4a7d86058a0dd93000813bab43bb848691b116ff2a010be035. The metadata is not deterministic and this needs to be fixed.
ERROR: When reparsing /home/deby/poky/meta-debian/recipes-kernel/linux/linux-base_git.bb.do_patch, the basehash value changed from 794aba43c93b827ab8dad47165be6be0d8f92f251bd262635c22313e23128daa to ad76c34176c05413e9fb00995196d5015fc81c93587134874abe5c331acef982. The metadata is not deterministic and this needs to be fixed.
ERROR: When reparsing /home/deby/poky/meta-debian/recipes-kernel/linux/linux-base_git.bb.do_populate_sysroot, the basehash value changed from be869e59339f587ba9b01faa847252721e4fc97a6678e52ae3fb3cb334f07f98 to 4b90741311ebcb8240c5f71cb7f1d1e85f322b584938fe09765bf6f7e08ea830. The metadata is not deterministic and this needs to be fixed.
ERROR: When reparsing /home/deby/poky/meta-debian/recipes-kernel/linux/linux-base_git.bb.do_fetch, the basehash value changed from e7d746c70926dcc04fa84f1cef27f469595a9fca21523ed62a69aa647c6ab643 to 7e6b3e50d8414a012842532653be06d355fde0374f22b4866c8c7bdf4eceac8c. The metadata is not deterministic and this needs to be fixed.
ERROR: When reparsing /home/deby/poky/meta-debian/recipes-kernel/linux/linux-base_git.bb.do_configure, the basehash value changed from d653696c2319be02c002dbcf181bbcc4f9f7b2d28c53863032905acc09111ff5 to 8b3603413139ceb6f828384f635b07e7c74683d666f4add61665fe26677c72b8. The metadata is not deterministic and this needs to be fixed.
ERROR: When reparsing /home/deby/poky/meta-debian/recipes-kernel/linux/linux-base_git.bb.do_compile, the basehash value changed from 1a397f5109ca4b79b49a53e43624256f539cfc6ead812751f9f84c29f70534a4 to 9e124331a26094bdbee85aaa3f29ec348c043b4459ab7b1efe222eae98a86ccf. The metadata is not deterministic and this needs to be fixed.
ERROR: When reparsing /home/deby/poky/meta-debian/recipes-kernel/linux/linux-base_git.bb.do_install, the basehash value changed from 0addcf000039738cdc46f6afdf25282cfa56d0ff4561c28797a9796c47ef8c01 to 71ee95df3b57cd205f150603069b21e19523601de28d1ac6f00a9ec974071084. The metadata is not deterministic and this needs to be fixed.
ERROR: When reparsing /home/deby/poky/meta-debian/recipes-kernel/linux/linux-base_git.bb.do_package, the basehash value changed from 8963693988736e0d4cb0af320446fc397837b18841b01c5ce71db7acdcd87082 to 00cf7d0ab79c6ab3b57e1fb6c59156e653c63f187c9caf74f0223e5e5bf13b19. The metadata is not deterministic and this needs to be fixed.
ERROR: When reparsing /home/deby/poky/meta-debian/recipes-kernel/linux/linux-base_git.bb.do_packagedata, the basehash value changed from f10212c2521a8816d78a0c3b091a7b761ed9dc2fba3051e117d1ea7f38ebf869 to f041237f1c626a0e4f421628d0c791bfb9e1c62a7b149e5fac7cbd92a11fb69e. The metadata is not deterministic and this needs to be fixed.
ERROR: When reparsing /home/deby/poky/meta-debian/recipes-kernel/linux/linux-base_git.bb.do_package_write_deb, the basehash value changed from d0924c228d58debd0b96c29c83e68db9784973d11494b1a7703ea0bdf32ea0ec to 5c2b29df40ed732915ad57765f1c5e94e184351a5ee34fadb66285a4e78d6c67. The metadata is not deterministic and this needs to be fixed.
ERROR: When reparsing /home/deby/poky/meta-debian/recipes-kernel/linux/linux-base_git.bb.do_bundle_initramfs, the basehash value changed from e999da9319eed1eab8f0e442393ec81e254757256f83c7de5a7fccd76236385c to 1408b3010d154ca108451d0b344c6962b8f64a854afee41deb700f413e84f315. The metadata is not deterministic and this needs to be fixed.
ERROR: When reparsing /home/deby/poky/meta-debian/recipes-kernel/linux/linux-base_git.bb.do_compile_kernelmodules, the basehash value changed from 1f5286b6be1e72ee9ed2907660551a0a05fa7e35606589ea3fd924942c50317b to ca2c1d0643d105f9e62f620cb1df39570a634dfd6b74724a32b7c8365cfd981c. The metadata is not deterministic and this needs to be fixed.
ERROR: When reparsing /home/deby/poky/meta-debian/recipes-kernel/linux/linux-base_git.bb.do_shared_workdir, the basehash value changed from 17a7d709030012dd675ff2bbc2aa3da1954714bd7bfda9c3e70fb0ba11cd35a3 to 1a835efd377a850d73856dcd3e97e00abeb874f89d2689059e6c3c3feda66c95. The metadata is not deterministic and this needs to be fixed.
ERROR: When reparsing /home/deby/poky/meta-debian/recipes-kernel/linux/linux-base_git.bb.do_kernel_link_images, the basehash value changed from 46f3b8ff21d6324cb0d5b095fd0ef1fad7be3679565544a7d6c78924b8c9b3e4 to e49d05ce42bca9d16a46b41e9dd8ddd71acdf13742cdce8aea7992ce3fff1461. The metadata is not deterministic and this needs to be fixed.
ERROR: When reparsing /home/deby/poky/meta-debian/recipes-kernel/linux/linux-base_git.bb.do_strip, the basehash value changed from d43727d8b0112a13ec3b7123305a05cdcdcb32d55b35dda4770a6f726761e417 to 5bc1dd0bd58485c04c13178462a222dd3db689da1b1b6642184bb5a786375a44. The metadata is not deterministic and this needs to be fixed.
ERROR: When reparsing /home/deby/poky/meta-debian/recipes-kernel/linux/linux-base_git.bb.do_sizecheck, the basehash value changed from ddfa25aa383742d5361dc7ec4d1850efcae1abebf1755ef31f72af67fb478a11 to 8ba94ff3fcc469d9f0aadce954fbe1ddffbbb3e517e44e593b9e778fecb9dd08. The metadata is not deterministic and this needs to be fixed.
ERROR: When reparsing /home/deby/poky/meta-debian/recipes-kernel/linux/linux-base_git.bb.do_deploy, the basehash value changed from 8162f282ad3f5f233179f1ecb63e2242fafd1dcb014a4c86f54b2733441a64ab to 991d4374acee6d1ca0d6d37ec0587276eac777fb257698328528712f018ecae4. The metadata is not deterministic and this needs to be fixed.
NOTE: recipe linux-libc-headers-base-gitAUTOINC+2951eded01-r0: task do_package_write_deb_setscene: Started
NOTE: recipe linux-base-gitAUTOINC+2951eded01-r0: task do_deploy_setscene: Started
ERROR: When reparsing /home/deby/poky/meta-debian/recipes-kernel/linux-libc-headers/linux-libc-headers-base_git.bb.do_patch, the basehash value changed from 794aba43c93b827ab8dad47165be6be0d8f92f251bd262635c22313e23128daa to ad76c34176c05413e9fb00995196d5015fc81c93587134874abe5c331acef982. The metadata is not deterministic and this needs to be fixed.
ERROR: When reparsing /home/deby/poky/meta-debian/recipes-kernel/linux-libc-headers/linux-libc-headers-base_git.bb.do_populate_sysroot, the basehash value changed from 2e4dc7b6b48187aee33b8bb419c42da1f20a801d4f648cc07024f0dafb119116 to 2ea4052a4244ba6488e96928a52bc979977bf82d44ef7527088e63c468d98c1b. The metadata is not deterministic and this needs to be fixed.
ERROR: When reparsing /home/deby/poky/meta-debian/recipes-kernel/linux-libc-headers/linux-libc-headers-base_git.bb.do_fetch, the basehash value changed from b620eac0fae73e0df82e6b6781635aa9e224831670575af75328ee2bba5f373b to 180fd178ee7c6318a87b561b33796bca27ce8331b06402ad1a3756cc717a6903. The metadata is not deterministic and this needs to be fixed.
ERROR: When reparsing /home/deby/poky/meta-debian/recipes-kernel/linux-libc-headers/linux-libc-headers-base_git.bb.do_configure, the basehash value changed from 24a1aa70340faf5d0559f5f5c25df83a33339b064c601fa41de74e845831d8f5 to 952b835cf441f72424d80c5bdfec130d3bc2c69cc0e286dad4eda8101e5fb7e5. The metadata is not deterministic and this needs to be fixed.
ERROR: When reparsing /home/deby/poky/meta-debian/recipes-kernel/linux-libc-headers/linux-libc-headers-base_git.bb.do_compile, the basehash value changed from ca9cdc48ef3a81abce6553ad84b2bebd2e31576b46390bac2d2d1174ae4ed2fc to ea8147624c7b40427ff6fe42830ff8b09757ba68efa3fb425ea5a217f2666e4e. The metadata is not deterministic and this needs to be fixed.
ERROR: When reparsing /home/deby/poky/meta-debian/recipes-kernel/linux-libc-headers/linux-libc-headers-base_git.bb.do_install, the basehash value changed from 2422ef8528c52c7ac46a82b5a3d8d777260c0df1f0e70c8bf82ec15f02d81090 to 772b96e073102d917eb5a8d3c7a4919bb7c2f2f7acad1b999659dd25fcbb3ccf. The metadata is not deterministic and this needs to be fixed.
ERROR: When reparsing /home/deby/poky/meta-debian/recipes-kernel/linux-libc-headers/linux-libc-headers-base_git.bb.do_package, the basehash value changed from ce6b7142dd12a39ae9043e5ef18d407ea8302882cd98b79229cbb54edae8626d to 60427f83c05adb79d5790b6a7ec66c9fd3aebf1391ff9f00e1129a744b1f0fb8. The metadata is not deterministic and this needs to be fixed.
ERROR: When reparsing /home/deby/poky/meta-debian/recipes-kernel/linux-libc-headers/linux-libc-headers-base_git.bb.do_packagedata, the basehash value changed from 69732875306abecdabfe20e644badb22fb144a81bb1abc7d4a3d31533d897a4a to 36dd68813de8371bdeedaf523277867f4960468059216b409414713c43d1c32d. The metadata is not deterministic and this needs to be fixed.
ERROR: When reparsing /home/deby/poky/meta-debian/recipes-kernel/linux-libc-headers/linux-libc-headers-base_git.bb.do_package_write_deb, the basehash value changed from 34eb07143181baf3911ccfd6b33a41c4c8d001567321232e16606d3dafee40ca to 9efbdf860fcc2b4a7d86058a0dd93000813bab43bb848691b116ff2a010be035. The metadata is not deterministic and this needs to be fixed.
NOTE: recipe gnu-config-20181128+gitAUTOINC+058639be22-r0: task do_packagedata_setscene: Started
NOTE: recipe automake-1.16.1-r0: task do_packagedata_setscene: Started
NOTE: recipe autoconf-2.69-r0: task do_packagedata_setscene: Started
NOTE: recipe linux-libc-headers-base-gitAUTOINC+2951eded01-r0: task do_populate_sysroot_setscene: Started
NOTE: recipe linux-libc-headers-base-gitAUTOINC+2951eded01-r0: task do_package_write_deb_setscene: Succeeded
NOTE: Running setscene task 388 of 397 (/home/deby/poky/meta-debian/recipes-kernel/linux-libc-headers/linux-libc-headers-base_git.bb:do_packagedata_setscene)
ERROR: When reparsing /home/deby/poky/meta-debian/recipes-kernel/linux/linux-base_git.bb.do_patch, the basehash value changed from 794aba43c93b827ab8dad47165be6be0d8f92f251bd262635c22313e23128daa to ad76c34176c05413e9fb00995196d5015fc81c93587134874abe5c331acef982. The metadata is not deterministic and this needs to be fixed.
ERROR: When reparsing /home/deby/poky/meta-debian/recipes-kernel/linux/linux-base_git.bb.do_populate_sysroot, the basehash value changed from be869e59339f587ba9b01faa847252721e4fc97a6678e52ae3fb3cb334f07f98 to 4b90741311ebcb8240c5f71cb7f1d1e85f322b584938fe09765bf6f7e08ea830. The metadata is not deterministic and this needs to be fixed.
ERROR: When reparsing /home/deby/poky/meta-debian/recipes-kernel/linux/linux-base_git.bb.do_fetch, the basehash value changed from e7d746c70926dcc04fa84f1cef27f469595a9fca21523ed62a69aa647c6ab643 to 7e6b3e50d8414a012842532653be06d355fde0374f22b4866c8c7bdf4eceac8c. The metadata is not deterministic and this needs to be fixed.
ERROR: When reparsing /home/deby/poky/meta-debian/recipes-kernel/linux/linux-base_git.bb.do_configure, the basehash value changed from d653696c2319be02c002dbcf181bbcc4f9f7b2d28c53863032905acc09111ff5 to 8b3603413139ceb6f828384f635b07e7c74683d666f4add61665fe26677c72b8. The metadata is not deterministic and this needs to be fixed.
ERROR: When reparsing /home/deby/poky/meta-debian/recipes-kernel/linux/linux-base_git.bb.do_compile, the basehash value changed from 1a397f5109ca4b79b49a53e43624256f539cfc6ead812751f9f84c29f70534a4 to 9e124331a26094bdbee85aaa3f29ec348c043b4459ab7b1efe222eae98a86ccf. The metadata is not deterministic and this needs to be fixed.
ERROR: When reparsing /home/deby/poky/meta-debian/recipes-kernel/linux/linux-base_git.bb.do_install, the basehash value changed from 0addcf000039738cdc46f6afdf25282cfa56d0ff4561c28797a9796c47ef8c01 to 71ee95df3b57cd205f150603069b21e19523601de28d1ac6f00a9ec974071084. The metadata is not deterministic and this needs to be fixed.
ERROR: When reparsing /home/deby/poky/meta-debian/recipes-kernel/linux/linux-base_git.bb.do_package, the basehash value changed from 8963693988736e0d4cb0af320446fc397837b18841b01c5ce71db7acdcd87082 to 00cf7d0ab79c6ab3b57e1fb6c59156e653c63f187c9caf74f0223e5e5bf13b19. The metadata is not deterministic and this needs to be fixed.
ERROR: When reparsing /home/deby/poky/meta-debian/recipes-kernel/linux/linux-base_git.bb.do_packagedata, the basehash value changed from f10212c2521a8816d78a0c3b091a7b761ed9dc2fba3051e117d1ea7f38ebf869 to f041237f1c626a0e4f421628d0c791bfb9e1c62a7b149e5fac7cbd92a11fb69e. The metadata is not deterministic and this needs to be fixed.
ERROR: When reparsing /home/deby/poky/meta-debian/recipes-kernel/linux/linux-base_git.bb.do_package_write_deb, the basehash value changed from d0924c228d58debd0b96c29c83e68db9784973d11494b1a7703ea0bdf32ea0ec to 5c2b29df40ed732915ad57765f1c5e94e184351a5ee34fadb66285a4e78d6c67. The metadata is not deterministic and this needs to be fixed.
ERROR: When reparsing /home/deby/poky/meta-debian/recipes-kernel/linux/linux-base_git.bb.do_bundle_initramfs, the basehash value changed from e999da9319eed1eab8f0e442393ec81e254757256f83c7de5a7fccd76236385c to 1408b3010d154ca108451d0b344c6962b8f64a854afee41deb700f413e84f315. The metadata is not deterministic and this needs to be fixed.
ERROR: When reparsing /home/deby/poky/meta-debian/recipes-kernel/linux/linux-base_git.bb.do_compile_kernelmodules, the basehash value changed from 1f5286b6be1e72ee9ed2907660551a0a05fa7e35606589ea3fd924942c50317b to ca2c1d0643d105f9e62f620cb1df39570a634dfd6b74724a32b7c8365cfd981c. The metadata is not deterministic and this needs to be fixed.
ERROR: When reparsing /home/deby/poky/meta-debian/recipes-kernel/linux/linux-base_git.bb.do_shared_workdir, the basehash value changed from 17a7d709030012dd675ff2bbc2aa3da1954714bd7bfda9c3e70fb0ba11cd35a3 to 1a835efd377a850d73856dcd3e97e00abeb874f89d2689059e6c3c3feda66c95. The metadata is not deterministic and this needs to be fixed.
ERROR: When reparsing /home/deby/poky/meta-debian/recipes-kernel/linux/linux-base_git.bb.do_kernel_link_images, the basehash value changed from 46f3b8ff21d6324cb0d5b095fd0ef1fad7be3679565544a7d6c78924b8c9b3e4 to e49d05ce42bca9d16a46b41e9dd8ddd71acdf13742cdce8aea7992ce3fff1461. The metadata is not deterministic and this needs to be fixed.
ERROR: When reparsing /home/deby/poky/meta-debian/recipes-kernel/linux/linux-base_git.bb.do_strip, the basehash value changed from d43727d8b0112a13ec3b7123305a05cdcdcb32d55b35dda4770a6f726761e417 to 5bc1dd0bd58485c04c13178462a222dd3db689da1b1b6642184bb5a786375a44. The metadata is not deterministic and this needs to be fixed.
ERROR: When reparsing /home/deby/poky/meta-debian/recipes-kernel/linux/linux-base_git.bb.do_sizecheck, the basehash value changed from ddfa25aa383742d5361dc7ec4d1850efcae1abebf1755ef31f72af67fb478a11 to 8ba94ff3fcc469d9f0aadce954fbe1ddffbbb3e517e44e593b9e778fecb9dd08. The metadata is not deterministic and this needs to be fixed.
ERROR: When reparsing /home/deby/poky/meta-debian/recipes-kernel/linux/linux-base_git.bb.do_deploy, the basehash value changed from 8162f282ad3f5f233179f1ecb63e2242fafd1dcb014a4c86f54b2733441a64ab to 991d4374acee6d1ca0d6d37ec0587276eac777fb257698328528712f018ecae4. The metadata is not deterministic and this needs to be fixed.
NOTE: recipe linux-base-gitAUTOINC+2951eded01-r0: task do_package_write_deb_setscene: Started
NOTE: recipe automake-1.16.1-r0: task do_populate_sysroot_setscene: Succeeded
ERROR: When reparsing /home/deby/poky/meta-debian/recipes-kernel/linux-libc-headers/linux-libc-headers-base_git.bb.do_patch, the basehash value changed from 794aba43c93b827ab8dad47165be6be0d8f92f251bd262635c22313e23128daa to ad76c34176c05413e9fb00995196d5015fc81c93587134874abe5c331acef982. The metadata is not deterministic and this needs to be fixed.
ERROR: When reparsing /home/deby/poky/meta-debian/recipes-kernel/linux-libc-headers/linux-libc-headers-base_git.bb.do_populate_sysroot, the basehash value changed from 2e4dc7b6b48187aee33b8bb419c42da1f20a801d4f648cc07024f0dafb119116 to 2ea4052a4244ba6488e96928a52bc979977bf82d44ef7527088e63c468d98c1b. The metadata is not deterministic and this needs to be fixed.
ERROR: When reparsing /home/deby/poky/meta-debian/recipes-kernel/linux-libc-headers/linux-libc-headers-base_git.bb.do_fetch, the basehash value changed from b620eac0fae73e0df82e6b6781635aa9e224831670575af75328ee2bba5f373b to 180fd178ee7c6318a87b561b33796bca27ce8331b06402ad1a3756cc717a6903. The metadata is not deterministic and this needs to be fixed.
ERROR: When reparsing /home/deby/poky/meta-debian/recipes-kernel/linux-libc-headers/linux-libc-headers-base_git.bb.do_configure, the basehash value changed from 24a1aa70340faf5d0559f5f5c25df83a33339b064c601fa41de74e845831d8f5 to 952b835cf441f72424d80c5bdfec130d3bc2c69cc0e286dad4eda8101e5fb7e5. The metadata is not deterministic and this needs to be fixed.
ERROR: When reparsing /home/deby/poky/meta-debian/recipes-kernel/linux-libc-headers/linux-libc-headers-base_git.bb.do_compile, the basehash value changed from ca9cdc48ef3a81abce6553ad84b2bebd2e31576b46390bac2d2d1174ae4ed2fc to ea8147624c7b40427ff6fe42830ff8b09757ba68efa3fb425ea5a217f2666e4e. The metadata is not deterministic and this needs to be fixed.
ERROR: When reparsing /home/deby/poky/meta-debian/recipes-kernel/linux-libc-headers/linux-libc-headers-base_git.bb.do_install, the basehash value changed from 2422ef8528c52c7ac46a82b5a3d8d777260c0df1f0e70c8bf82ec15f02d81090 to 772b96e073102d917eb5a8d3c7a4919bb7c2f2f7acad1b999659dd25fcbb3ccf. The metadata is not deterministic and this needs to be fixed.
ERROR: When reparsing /home/deby/poky/meta-debian/recipes-kernel/linux-libc-headers/linux-libc-headers-base_git.bb.do_package, the basehash value changed from ce6b7142dd12a39ae9043e5ef18d407ea8302882cd98b79229cbb54edae8626d to 60427f83c05adb79d5790b6a7ec66c9fd3aebf1391ff9f00e1129a744b1f0fb8. The metadata is not deterministic and this needs to be fixed.
ERROR: When reparsing /home/deby/poky/meta-debian/recipes-kernel/linux-libc-headers/linux-libc-headers-base_git.bb.do_packagedata, the basehash value changed from 69732875306abecdabfe20e644badb22fb144a81bb1abc7d4a3d31533d897a4a to 36dd68813de8371bdeedaf523277867f4960468059216b409414713c43d1c32d. The metadata is not deterministic and this needs to be fixed.
ERROR: When reparsing /home/deby/poky/meta-debian/recipes-kernel/linux-libc-headers/linux-libc-headers-base_git.bb.do_package_write_deb, the basehash value changed from 34eb07143181baf3911ccfd6b33a41c4c8d001567321232e16606d3dafee40ca to 9efbdf860fcc2b4a7d86058a0dd93000813bab43bb848691b116ff2a010be035. The metadata is not deterministic and this needs to be fixed.
NOTE: recipe linux-libc-headers-base-gitAUTOINC+2951eded01-r0: task do_packagedata_setscene: Started
NOTE: recipe linux-libc-headers-base-gitAUTOINC+2951eded01-r0: task do_populate_sysroot_setscene: Succeeded
NOTE: recipe linux-libc-headers-base-gitAUTOINC+2951eded01-r0: task do_packagedata_setscene: Succeeded
NOTE: recipe linux-base-gitAUTOINC+2951eded01-r0: task do_package_write_deb_setscene: Succeeded
NOTE: recipe gnu-config-20181128+gitAUTOINC+058639be22-r0: task do_packagedata_setscene: Succeeded
NOTE: recipe autoconf-2.69-r0: task do_packagedata_setscene: Succeeded
NOTE: recipe automake-1.16.1-r0: task do_packagedata_setscene: Succeeded
NOTE: recipe linux-base-gitAUTOINC+2951eded01-r0: task do_deploy_setscene: Succeeded
NOTE: Running setscene task 394 of 397 (/home/deby/poky/meta-debian/recipes-kernel/linux/linux-base_git.bb:do_populate_sysroot_setscene)
NOTE: Running setscene task 395 of 397 (/home/deby/poky/meta-debian/recipes-kernel/linux/linux-base_git.bb:do_packagedata_setscene)
ERROR: When reparsing /home/deby/poky/meta-debian/recipes-kernel/linux/linux-base_git.bb.do_patch, the basehash value changed from 794aba43c93b827ab8dad47165be6be0d8f92f251bd262635c22313e23128daa to ad76c34176c05413e9fb00995196d5015fc81c93587134874abe5c331acef982. The metadata is not deterministic and this needs to be fixed.
ERROR: When reparsing /home/deby/poky/meta-debian/recipes-kernel/linux/linux-base_git.bb.do_populate_sysroot, the basehash value changed from be869e59339f587ba9b01faa847252721e4fc97a6678e52ae3fb3cb334f07f98 to 4b90741311ebcb8240c5f71cb7f1d1e85f322b584938fe09765bf6f7e08ea830. The metadata is not deterministic and this needs to be fixed.
ERROR: When reparsing /home/deby/poky/meta-debian/recipes-kernel/linux/linux-base_git.bb.do_fetch, the basehash value changed from e7d746c70926dcc04fa84f1cef27f469595a9fca21523ed62a69aa647c6ab643 to 7e6b3e50d8414a012842532653be06d355fde0374f22b4866c8c7bdf4eceac8c. The metadata is not deterministic and this needs to be fixed.
ERROR: When reparsing /home/deby/poky/meta-debian/recipes-kernel/linux/linux-base_git.bb.do_configure, the basehash value changed from d653696c2319be02c002dbcf181bbcc4f9f7b2d28c53863032905acc09111ff5 to 8b3603413139ceb6f828384f635b07e7c74683d666f4add61665fe26677c72b8. The metadata is not deterministic and this needs to be fixed.
ERROR: When reparsing /home/deby/poky/meta-debian/recipes-kernel/linux/linux-base_git.bb.do_compile, the basehash value changed from 1a397f5109ca4b79b49a53e43624256f539cfc6ead812751f9f84c29f70534a4 to 9e124331a26094bdbee85aaa3f29ec348c043b4459ab7b1efe222eae98a86ccf. The metadata is not deterministic and this needs to be fixed.
ERROR: When reparsing /home/deby/poky/meta-debian/recipes-kernel/linux/linux-base_git.bb.do_install, the basehash value changed from 0addcf000039738cdc46f6afdf25282cfa56d0ff4561c28797a9796c47ef8c01 to 71ee95df3b57cd205f150603069b21e19523601de28d1ac6f00a9ec974071084. The metadata is not deterministic and this needs to be fixed.
ERROR: When reparsing /home/deby/poky/meta-debian/recipes-kernel/linux/linux-base_git.bb.do_package, the basehash value changed from 8963693988736e0d4cb0af320446fc397837b18841b01c5ce71db7acdcd87082 to 00cf7d0ab79c6ab3b57e1fb6c59156e653c63f187c9caf74f0223e5e5bf13b19. The metadata is not deterministic and this needs to be fixed.
ERROR: When reparsing /home/deby/poky/meta-debian/recipes-kernel/linux/linux-base_git.bb.do_packagedata, the basehash value changed from f10212c2521a8816d78a0c3b091a7b761ed9dc2fba3051e117d1ea7f38ebf869 to f041237f1c626a0e4f421628d0c791bfb9e1c62a7b149e5fac7cbd92a11fb69e. The metadata is not deterministic and this needs to be fixed.
ERROR: When reparsing /home/deby/poky/meta-debian/recipes-kernel/linux/linux-base_git.bb.do_package_write_deb, the basehash value changed from d0924c228d58debd0b96c29c83e68db9784973d11494b1a7703ea0bdf32ea0ec to 5c2b29df40ed732915ad57765f1c5e94e184351a5ee34fadb66285a4e78d6c67. The metadata is not deterministic and this needs to be fixed.
ERROR: When reparsing /home/deby/poky/meta-debian/recipes-kernel/linux/linux-base_git.bb.do_bundle_initramfs, the basehash value changed from e999da9319eed1eab8f0e442393ec81e254757256f83c7de5a7fccd76236385c to 1408b3010d154ca108451d0b344c6962b8f64a854afee41deb700f413e84f315. The metadata is not deterministic and this needs to be fixed.
ERROR: When reparsing /home/deby/poky/meta-debian/recipes-kernel/linux/linux-base_git.bb.do_compile_kernelmodules, the basehash value changed from 1f5286b6be1e72ee9ed2907660551a0a05fa7e35606589ea3fd924942c50317b to ca2c1d0643d105f9e62f620cb1df39570a634dfd6b74724a32b7c8365cfd981c. The metadata is not deterministic and this needs to be fixed.
ERROR: When reparsing /home/deby/poky/meta-debian/recipes-kernel/linux/linux-base_git.bb.do_shared_workdir, the basehash value changed from 17a7d709030012dd675ff2bbc2aa3da1954714bd7bfda9c3e70fb0ba11cd35a3 to 1a835efd377a850d73856dcd3e97e00abeb874f89d2689059e6c3c3feda66c95. The metadata is not deterministic and this needs to be fixed.
ERROR: When reparsing /home/deby/poky/meta-debian/recipes-kernel/linux/linux-base_git.bb.do_kernel_link_images, the basehash value changed from 46f3b8ff21d6324cb0d5b095fd0ef1fad7be3679565544a7d6c78924b8c9b3e4 to e49d05ce42bca9d16a46b41e9dd8ddd71acdf13742cdce8aea7992ce3fff1461. The metadata is not deterministic and this needs to be fixed.
ERROR: When reparsing /home/deby/poky/meta-debian/recipes-kernel/linux/linux-base_git.bb.do_strip, the basehash value changed from d43727d8b0112a13ec3b7123305a05cdcdcb32d55b35dda4770a6f726761e417 to 5bc1dd0bd58485c04c13178462a222dd3db689da1b1b6642184bb5a786375a44. The metadata is not deterministic and this needs to be fixed.
ERROR: When reparsing /home/deby/poky/meta-debian/recipes-kernel/linux/linux-base_git.bb.do_sizecheck, the basehash value changed from ddfa25aa383742d5361dc7ec4d1850efcae1abebf1755ef31f72af67fb478a11 to 8ba94ff3fcc469d9f0aadce954fbe1ddffbbb3e517e44e593b9e778fecb9dd08. The metadata is not deterministic and this needs to be fixed.
ERROR: When reparsing /home/deby/poky/meta-debian/recipes-kernel/linux/linux-base_git.bb.do_deploy, the basehash value changed from 8162f282ad3f5f233179f1ecb63e2242fafd1dcb014a4c86f54b2733441a64ab to 991d4374acee6d1ca0d6d37ec0587276eac777fb257698328528712f018ecae4. The metadata is not deterministic and this needs to be fixed.
ERROR: When reparsing /home/deby/poky/meta-debian/recipes-kernel/linux/linux-base_git.bb.do_patch, the basehash value changed from 794aba43c93b827ab8dad47165be6be0d8f92f251bd262635c22313e23128daa to ad76c34176c05413e9fb00995196d5015fc81c93587134874abe5c331acef982. The metadata is not deterministic and this needs to be fixed.
ERROR: When reparsing /home/deby/poky/meta-debian/recipes-kernel/linux/linux-base_git.bb.do_populate_sysroot, the basehash value changed from be869e59339f587ba9b01faa847252721e4fc97a6678e52ae3fb3cb334f07f98 to 4b90741311ebcb8240c5f71cb7f1d1e85f322b584938fe09765bf6f7e08ea830. The metadata is not deterministic and this needs to be fixed.
ERROR: When reparsing /home/deby/poky/meta-debian/recipes-kernel/linux/linux-base_git.bb.do_fetch, the basehash value changed from e7d746c70926dcc04fa84f1cef27f469595a9fca21523ed62a69aa647c6ab643 to 7e6b3e50d8414a012842532653be06d355fde0374f22b4866c8c7bdf4eceac8c. The metadata is not deterministic and this needs to be fixed.
ERROR: When reparsing /home/deby/poky/meta-debian/recipes-kernel/linux/linux-base_git.bb.do_configure, the basehash value changed from d653696c2319be02c002dbcf181bbcc4f9f7b2d28c53863032905acc09111ff5 to 8b3603413139ceb6f828384f635b07e7c74683d666f4add61665fe26677c72b8. The metadata is not deterministic and this needs to be fixed.
ERROR: When reparsing /home/deby/poky/meta-debian/recipes-kernel/linux/linux-base_git.bb.do_compile, the basehash value changed from 1a397f5109ca4b79b49a53e43624256f539cfc6ead812751f9f84c29f70534a4 to 9e124331a26094bdbee85aaa3f29ec348c043b4459ab7b1efe222eae98a86ccf. The metadata is not deterministic and this needs to be fixed.
ERROR: When reparsing /home/deby/poky/meta-debian/recipes-kernel/linux/linux-base_git.bb.do_install, the basehash value changed from 0addcf000039738cdc46f6afdf25282cfa56d0ff4561c28797a9796c47ef8c01 to 71ee95df3b57cd205f150603069b21e19523601de28d1ac6f00a9ec974071084. The metadata is not deterministic and this needs to be fixed.
ERROR: When reparsing /home/deby/poky/meta-debian/recipes-kernel/linux/linux-base_git.bb.do_package, the basehash value changed from 8963693988736e0d4cb0af320446fc397837b18841b01c5ce71db7acdcd87082 to 00cf7d0ab79c6ab3b57e1fb6c59156e653c63f187c9caf74f0223e5e5bf13b19. The metadata is not deterministic and this needs to be fixed.
ERROR: When reparsing /home/deby/poky/meta-debian/recipes-kernel/linux/linux-base_git.bb.do_packagedata, the basehash value changed from f10212c2521a8816d78a0c3b091a7b761ed9dc2fba3051e117d1ea7f38ebf869 to f041237f1c626a0e4f421628d0c791bfb9e1c62a7b149e5fac7cbd92a11fb69e. The metadata is not deterministic and this needs to be fixed.
ERROR: When reparsing /home/deby/poky/meta-debian/recipes-kernel/linux/linux-base_git.bb.do_package_write_deb, the basehash value changed from d0924c228d58debd0b96c29c83e68db9784973d11494b1a7703ea0bdf32ea0ec to 5c2b29df40ed732915ad57765f1c5e94e184351a5ee34fadb66285a4e78d6c67. The metadata is not deterministic and this needs to be fixed.
ERROR: When reparsing /home/deby/poky/meta-debian/recipes-kernel/linux/linux-base_git.bb.do_bundle_initramfs, the basehash value changed from e999da9319eed1eab8f0e442393ec81e254757256f83c7de5a7fccd76236385c to 1408b3010d154ca108451d0b344c6962b8f64a854afee41deb700f413e84f315. The metadata is not deterministic and this needs to be fixed.
ERROR: When reparsing /home/deby/poky/meta-debian/recipes-kernel/linux/linux-base_git.bb.do_compile_kernelmodules, the basehash value changed from 1f5286b6be1e72ee9ed2907660551a0a05fa7e35606589ea3fd924942c50317b to ca2c1d0643d105f9e62f620cb1df39570a634dfd6b74724a32b7c8365cfd981c. The metadata is not deterministic and this needs to be fixed.
ERROR: When reparsing /home/deby/poky/meta-debian/recipes-kernel/linux/linux-base_git.bb.do_shared_workdir, the basehash value changed from 17a7d709030012dd675ff2bbc2aa3da1954714bd7bfda9c3e70fb0ba11cd35a3 to 1a835efd377a850d73856dcd3e97e00abeb874f89d2689059e6c3c3feda66c95. The metadata is not deterministic and this needs to be fixed.
ERROR: When reparsing /home/deby/poky/meta-debian/recipes-kernel/linux/linux-base_git.bb.do_kernel_link_images, the basehash value changed from 46f3b8ff21d6324cb0d5b095fd0ef1fad7be3679565544a7d6c78924b8c9b3e4 to e49d05ce42bca9d16a46b41e9dd8ddd71acdf13742cdce8aea7992ce3fff1461. The metadata is not deterministic and this needs to be fixed.
ERROR: When reparsing /home/deby/poky/meta-debian/recipes-kernel/linux/linux-base_git.bb.do_strip, the basehash value changed from d43727d8b0112a13ec3b7123305a05cdcdcb32d55b35dda4770a6f726761e417 to 5bc1dd0bd58485c04c13178462a222dd3db689da1b1b6642184bb5a786375a44. The metadata is not deterministic and this needs to be fixed.
ERROR: When reparsing /home/deby/poky/meta-debian/recipes-kernel/linux/linux-base_git.bb.do_sizecheck, the basehash value changed from ddfa25aa383742d5361dc7ec4d1850efcae1abebf1755ef31f72af67fb478a11 to 8ba94ff3fcc469d9f0aadce954fbe1ddffbbb3e517e44e593b9e778fecb9dd08. The metadata is not deterministic and this needs to be fixed.
ERROR: When reparsing /home/deby/poky/meta-debian/recipes-kernel/linux/linux-base_git.bb.do_deploy, the basehash value changed from 8162f282ad3f5f233179f1ecb63e2242fafd1dcb014a4c86f54b2733441a64ab to 991d4374acee6d1ca0d6d37ec0587276eac777fb257698328528712f018ecae4. The metadata is not deterministic and this needs to be fixed.
NOTE: recipe linux-base-gitAUTOINC+2951eded01-r0: task do_populate_sysroot_setscene: Started
NOTE: recipe linux-base-gitAUTOINC+2951eded01-r0: task do_packagedata_setscene: Started
NOTE: recipe linux-base-gitAUTOINC+2951eded01-r0: task do_populate_sysroot_setscene: Succeeded
NOTE: recipe linux-base-gitAUTOINC+2951eded01-r0: task do_packagedata_setscene: Succeeded
NOTE: Executing RunQueue Tasks
NOTE: Running noexec task 1682 of 1682 (/home/deby/poky/meta-debian/recipes-debian/automake/automake_debian.bb:do_build)
NOTE: Tasks Summary: Attempted 1682 tasks of which 1681 didn't need to be rerun and all succeeded.

Summary: There was 1 WARNING message shown.
Summary: There were 91 ERROR messages shown, returning a non-zero exit code.
