WARNING: Host distribution "debian-10" has not been validated with this version of the build system; you may possibly experience unexpected failures. It is recommended that you use a tested distribution.
Loading cache...done.
Loaded 1440 entries from dependency cache.
NOTE: Resolving any missing task queue dependencies

Build Configuration:
BB_VERSION           = "1.42.0"
BUILD_SYS            = "x86_64-linux"
NATIVELSBSTRING      = "universal"
TARGET_SYS           = "aarch64-deby-linux"
MACHINE              = "qemuarm64"
DISTRO               = "deby"
DISTRO_VERSION       = "10.0"
TUNE_FEATURES        = "aarch64 armv8a crc"
TARGET_FPU           = ""
meta                 
meta-poky            = "warrior:51223035e66c5b27799b15a0f8ebe75d24d3971b"
meta-debian          = "warrior-trungdt:47b755ebe41c5afc0ea94d75b55c4f0efd8983fe"

Initialising tasks...done.
Sstate summary: Wanted 1 Found 0 Missed 1 Current 13 (0% match, 92% complete)
NOTE: Executing SetScene Tasks
NOTE: Executing RunQueue Tasks
NOTE: Running task 112 of 114 (/home/deby/poky/meta-debian/recipes-debian/binutils/binutils-cross_debian.bb:do_populate_lic)
NOTE: recipe binutils-cross-aarch64-2.31.1-r0: task do_populate_lic: Started
NOTE: recipe binutils-cross-aarch64-2.31.1-r0: task do_populate_lic: Succeeded
NOTE: Running noexec task 114 of 114 (/home/deby/poky/meta-debian/recipes-debian/binutils/binutils-cross_debian.bb:do_build)
NOTE: Tasks Summary: Attempted 114 tasks of which 112 didn't need to be rerun and all succeeded.

Summary: There was 1 WARNING message shown.
