Loading cache...done.
Loaded 1803 entries from dependency cache.
Parsing recipes...done.
Parsing of 1030 .bb files complete (1028 cached, 2 parsed). 1806 targets, 64 skipped, 0 masked, 0 errors.
NOTE: Resolving any missing task queue dependencies

Build Configuration:
BB_VERSION           = "1.42.0"
BUILD_SYS            = "x86_64-linux"
NATIVELSBSTRING      = "universal"
TARGET_SYS           = "aarch64-deby-linux"
MACHINE              = "qemuarm64"
DISTRO               = "deby"
DISTRO_VERSION       = "10.0"
TUNE_FEATURES        = "aarch64 armv8a crc"
TARGET_FPU           = ""
meta                 
meta-poky            = "warrior:023ff85a9ae94331926e923b346fd8a349881e63"
meta-debian          = "warrior:8e157b1a7a3a3ae1224ea194f0fc9e25772d0e07"

Initialising tasks...done.
Sstate summary: Wanted 22 Found 0 Missed 22 Current 411 (0% match, 94% complete)
NOTE: Executing SetScene Tasks
NOTE: Executing RunQueue Tasks
NOTE: Running task 1135 of 1992 (/home/deby/poky/meta-debian/recipes-debian/groff/groff_debian.bb:do_fetch)
NOTE: Running task 1190 of 1992 (/home/deby/poky/meta-debian/recipes-debian/libedit/libedit_debian.bb:do_fetch)
NOTE: Running task 1191 of 1992 (/home/deby/poky/meta-debian/recipes-debian/pps-tools/pps-tools_debian.bb:do_fetch)
NOTE: Running task 1204 of 1992 (/home/deby/poky/meta/recipes-support/libbsd/libbsd_0.9.1.bb:do_fetch)
NOTE: Running task 1281 of 1992 (/home/deby/poky/meta-debian/recipes-debian/chrony/chrony_debian.bb:do_fetch)
NOTE: recipe groff-1.22.4-r0: task do_fetch: Started
NOTE: recipe libedit-3.1-20181209-r0: task do_fetch: Started
NOTE: recipe pps-tools-1.0.2-r0: task do_fetch: Started
NOTE: recipe chrony-3.4-r0: task do_fetch: Started
NOTE: recipe libbsd-0.9.1-r0: task do_fetch: Started
NOTE: recipe groff-1.22.4-r0: task do_fetch: Succeeded
NOTE: recipe libbsd-0.9.1-r0: task do_fetch: Succeeded
NOTE: recipe pps-tools-1.0.2-r0: task do_fetch: Succeeded
NOTE: Running task 1932 of 1992 (/home/deby/poky/meta/recipes-support/libbsd/libbsd_0.9.1.bb:do_unpack)
NOTE: Running task 1933 of 1992 (/home/deby/poky/meta-debian/recipes-debian/groff/groff_debian.bb:do_unpack)
NOTE: Running task 1934 of 1992 (/home/deby/poky/meta-debian/recipes-debian/pps-tools/pps-tools_debian.bb:do_unpack)
NOTE: Running task 1935 of 1992 (/home/deby/poky/meta-debian/recipes-debian/groff/groff_debian.bb:do_prepare_recipe_sysroot)
NOTE: recipe chrony-3.4-r0: task do_fetch: Succeeded
NOTE: Running task 1936 of 1992 (/home/deby/poky/meta/recipes-support/libbsd/libbsd_0.9.1.bb:do_prepare_recipe_sysroot)
NOTE: Running task 1937 of 1992 (/home/deby/poky/meta-debian/recipes-debian/chrony/chrony_debian.bb:do_unpack)
NOTE: Running task 1938 of 1992 (/home/deby/poky/meta-debian/recipes-debian/pps-tools/pps-tools_debian.bb:do_prepare_recipe_sysroot)
NOTE: recipe pps-tools-1.0.2-r0: task do_unpack: Started
NOTE: recipe groff-1.22.4-r0: task do_unpack: Started
NOTE: recipe libedit-3.1-20181209-r0: task do_fetch: Succeeded
NOTE: Running task 1939 of 1992 (/home/deby/poky/meta-debian/recipes-debian/libedit/libedit_debian.bb:do_unpack)
NOTE: recipe chrony-3.4-r0: task do_unpack: Started
NOTE: recipe pps-tools-1.0.2-r0: task do_prepare_recipe_sysroot: Started
NOTE: recipe libbsd-0.9.1-r0: task do_unpack: Started
NOTE: recipe libbsd-0.9.1-r0: task do_prepare_recipe_sysroot: Started
NOTE: recipe groff-1.22.4-r0: task do_prepare_recipe_sysroot: Started
NOTE: recipe libedit-3.1-20181209-r0: task do_unpack: Started
NOTE: recipe pps-tools-1.0.2-r0: task do_unpack: Succeeded
NOTE: Running task 1940 of 1992 (/home/deby/poky/meta-debian/recipes-debian/pps-tools/pps-tools_debian.bb:do_debian_unpack_extra)
NOTE: recipe libedit-3.1-20181209-r0: task do_unpack: Succeeded
NOTE: Running task 1941 of 1992 (/home/deby/poky/meta-debian/recipes-debian/libedit/libedit_debian.bb:do_debian_unpack_extra)
NOTE: recipe chrony-3.4-r0: task do_unpack: Succeeded
NOTE: Running task 1942 of 1992 (/home/deby/poky/meta-debian/recipes-debian/chrony/chrony_debian.bb:do_debian_unpack_extra)
NOTE: recipe pps-tools-1.0.2-r0: task do_debian_unpack_extra: Started
NOTE: recipe libedit-3.1-20181209-r0: task do_debian_unpack_extra: Started
NOTE: recipe libedit-3.1-20181209-r0: task do_debian_unpack_extra: Succeeded
NOTE: Running task 1943 of 1992 (/home/deby/poky/meta-debian/recipes-debian/libedit/libedit_debian.bb:do_debian_patch)
NOTE: recipe pps-tools-1.0.2-r0: task do_debian_unpack_extra: Succeeded
NOTE: Running task 1944 of 1992 (/home/deby/poky/meta-debian/recipes-debian/pps-tools/pps-tools_debian.bb:do_debian_patch)
NOTE: recipe groff-1.22.4-r0: task do_unpack: Succeeded
NOTE: Running task 1945 of 1992 (/home/deby/poky/meta-debian/recipes-debian/groff/groff_debian.bb:do_debian_unpack_extra)
NOTE: recipe libbsd-0.9.1-r0: task do_unpack: Succeeded
NOTE: Running task 1946 of 1992 (/home/deby/poky/meta/recipes-support/libbsd/libbsd_0.9.1.bb:do_patch)
NOTE: recipe chrony-3.4-r0: task do_debian_unpack_extra: Started
NOTE: recipe libedit-3.1-20181209-r0: task do_debian_patch: Started
NOTE: recipe groff-1.22.4-r0: task do_debian_unpack_extra: Started
NOTE: recipe libbsd-0.9.1-r0: task do_patch: Started
NOTE: recipe pps-tools-1.0.2-r0: task do_debian_patch: Started
NOTE: recipe chrony-3.4-r0: task do_debian_unpack_extra: Succeeded
NOTE: Running task 1947 of 1992 (/home/deby/poky/meta-debian/recipes-debian/chrony/chrony_debian.bb:do_debian_patch)
NOTE: recipe libbsd-0.9.1-r0: task do_prepare_recipe_sysroot: Succeeded
NOTE: recipe groff-1.22.4-r0: task do_debian_unpack_extra: Succeeded
NOTE: Running task 1948 of 1992 (/home/deby/poky/meta-debian/recipes-debian/groff/groff_debian.bb:do_debian_patch)
NOTE: recipe chrony-3.4-r0: task do_debian_patch: Started
NOTE: recipe groff-1.22.4-r0: task do_debian_patch: Started
NOTE: recipe libedit-3.1-20181209-r0: task do_debian_patch: Succeeded
NOTE: recipe pps-tools-1.0.2-r0: task do_debian_patch: Succeeded
NOTE: Running task 1949 of 1992 (/home/deby/poky/meta-debian/recipes-debian/libedit/libedit_debian.bb:do_patch)
NOTE: Running task 1950 of 1992 (/home/deby/poky/meta-debian/recipes-debian/pps-tools/pps-tools_debian.bb:do_patch)
NOTE: recipe libbsd-0.9.1-r0: task do_patch: Succeeded
NOTE: Running task 1951 of 1992 (/home/deby/poky/meta/recipes-support/libbsd/libbsd_0.9.1.bb:do_configure)
NOTE: recipe pps-tools-1.0.2-r0: task do_prepare_recipe_sysroot: Succeeded
NOTE: recipe chrony-3.4-r0: task do_debian_patch: Succeeded
NOTE: Running task 1952 of 1992 (/home/deby/poky/meta-debian/recipes-debian/chrony/chrony_debian.bb:do_patch)
NOTE: recipe pps-tools-1.0.2-r0: task do_patch: Started
NOTE: recipe libedit-3.1-20181209-r0: task do_patch: Started
NOTE: recipe pps-tools-1.0.2-r0: task do_patch: Succeeded
NOTE: Running task 1953 of 1992 (/home/deby/poky/meta-debian/recipes-debian/pps-tools/pps-tools_debian.bb:do_configure)
NOTE: recipe libbsd-0.9.1-r0: task do_configure: Started
NOTE: recipe libedit-3.1-20181209-r0: task do_patch: Succeeded
NOTE: recipe chrony-3.4-r0: task do_patch: Started
NOTE: recipe pps-tools-1.0.2-r0: task do_configure: Started
NOTE: recipe chrony-3.4-r0: task do_patch: Succeeded
NOTE: Running task 1954 of 1992 (/home/deby/poky/meta-debian/recipes-debian/chrony/chrony_debian.bb:do_populate_lic)
NOTE: recipe pps-tools-1.0.2-r0: task do_configure: Succeeded
NOTE: Running task 1955 of 1992 (/home/deby/poky/meta-debian/recipes-debian/pps-tools/pps-tools_debian.bb:do_compile)
NOTE: recipe chrony-3.4-r0: task do_populate_lic: Started
NOTE: recipe pps-tools-1.0.2-r0: task do_compile: Started
NOTE: recipe chrony-3.4-r0: task do_populate_lic: Succeeded
NOTE: recipe pps-tools-1.0.2-r0: task do_compile: Succeeded
NOTE: Running task 1956 of 1992 (/home/deby/poky/meta-debian/recipes-debian/pps-tools/pps-tools_debian.bb:do_install)
NOTE: recipe pps-tools-1.0.2-r0: task do_install: Started
NOTE: recipe pps-tools-1.0.2-r0: task do_install: Succeeded
NOTE: Running task 1957 of 1992 (/home/deby/poky/meta-debian/recipes-debian/pps-tools/pps-tools_debian.bb:do_package)
NOTE: Running task 1958 of 1992 (/home/deby/poky/meta-debian/recipes-debian/pps-tools/pps-tools_debian.bb:do_populate_sysroot)
NOTE: recipe pps-tools-1.0.2-r0: task do_package: Started
NOTE: recipe pps-tools-1.0.2-r0: task do_populate_sysroot: Started
NOTE: recipe groff-1.22.4-r0: task do_prepare_recipe_sysroot: Succeeded
NOTE: recipe pps-tools-1.0.2-r0: task do_populate_sysroot: Succeeded
NOTE: recipe groff-1.22.4-r0: task do_debian_patch: Succeeded
NOTE: Running task 1959 of 1992 (/home/deby/poky/meta-debian/recipes-debian/groff/groff_debian.bb:do_patch)
NOTE: recipe groff-1.22.4-r0: task do_patch: Started
NOTE: recipe groff-1.22.4-r0: task do_patch: Succeeded
NOTE: Running task 1960 of 1992 (/home/deby/poky/meta-debian/recipes-debian/groff/groff_debian.bb:do_configure)
NOTE: recipe groff-1.22.4-r0: task do_configure: Started
NOTE: recipe pps-tools-1.0.2-r0: task do_package: Succeeded
NOTE: Running task 1961 of 1992 (/home/deby/poky/meta-debian/recipes-debian/pps-tools/pps-tools_debian.bb:do_packagedata)
NOTE: recipe pps-tools-1.0.2-r0: task do_packagedata: Started
NOTE: recipe pps-tools-1.0.2-r0: task do_packagedata: Succeeded
NOTE: Running task 1962 of 1992 (/home/deby/poky/meta-debian/recipes-debian/pps-tools/pps-tools_debian.bb:do_package_write_deb)
NOTE: recipe pps-tools-1.0.2-r0: task do_package_write_deb: Started
NOTE: recipe pps-tools-1.0.2-r0: task do_package_write_deb: Succeeded
NOTE: recipe libbsd-0.9.1-r0: task do_configure: Succeeded
NOTE: Running task 1963 of 1992 (/home/deby/poky/meta/recipes-support/libbsd/libbsd_0.9.1.bb:do_compile)
NOTE: recipe libbsd-0.9.1-r0: task do_compile: Started
NOTE: recipe libbsd-0.9.1-r0: task do_compile: Succeeded
NOTE: Running task 1964 of 1992 (/home/deby/poky/meta/recipes-support/libbsd/libbsd_0.9.1.bb:do_install)
NOTE: recipe libbsd-0.9.1-r0: task do_install: Started
NOTE: recipe libbsd-0.9.1-r0: task do_install: Succeeded
NOTE: Running task 1965 of 1992 (/home/deby/poky/meta/recipes-support/libbsd/libbsd_0.9.1.bb:do_populate_sysroot)
NOTE: Running task 1966 of 1992 (/home/deby/poky/meta/recipes-support/libbsd/libbsd_0.9.1.bb:do_package)
NOTE: recipe libbsd-0.9.1-r0: task do_populate_sysroot: Started
NOTE: recipe libbsd-0.9.1-r0: task do_package: Started
NOTE: recipe libbsd-0.9.1-r0: task do_populate_sysroot: Succeeded
NOTE: recipe groff-1.22.4-r0: task do_configure: Succeeded
NOTE: Running task 1967 of 1992 (/home/deby/poky/meta-debian/recipes-debian/groff/groff_debian.bb:do_compile)
NOTE: recipe libbsd-0.9.1-r0: task do_package: Succeeded
NOTE: Running task 1968 of 1992 (/home/deby/poky/meta/recipes-support/libbsd/libbsd_0.9.1.bb:do_packagedata)
NOTE: recipe groff-1.22.4-r0: task do_compile: Started
NOTE: recipe libbsd-0.9.1-r0: task do_packagedata: Started
NOTE: recipe libbsd-0.9.1-r0: task do_packagedata: Succeeded
NOTE: Running task 1969 of 1992 (/home/deby/poky/meta/recipes-support/libbsd/libbsd_0.9.1.bb:do_package_write_deb)
NOTE: recipe libbsd-0.9.1-r0: task do_package_write_deb: Started
NOTE: recipe libbsd-0.9.1-r0: task do_package_write_deb: Succeeded
NOTE: recipe groff-1.22.4-r0: task do_compile: Succeeded
NOTE: Running task 1970 of 1992 (/home/deby/poky/meta-debian/recipes-debian/groff/groff_debian.bb:do_install)
NOTE: recipe groff-1.22.4-r0: task do_install: Started
NOTE: recipe groff-1.22.4-r0: task do_install: Succeeded
NOTE: Running task 1971 of 1992 (/home/deby/poky/meta-debian/recipes-debian/groff/groff_debian.bb:do_populate_sysroot)
NOTE: Running task 1972 of 1992 (/home/deby/poky/meta-debian/recipes-debian/groff/groff_debian.bb:do_package)
NOTE: recipe groff-1.22.4-r0: task do_populate_sysroot: Started
NOTE: recipe groff-1.22.4-r0: task do_package: Started
NOTE: recipe groff-1.22.4-r0: task do_populate_sysroot: Succeeded
NOTE: Running task 1973 of 1992 (/home/deby/poky/meta-debian/recipes-debian/libedit/libedit_debian.bb:do_prepare_recipe_sysroot)
NOTE: recipe libedit-3.1-20181209-r0: task do_prepare_recipe_sysroot: Started
NOTE: recipe libedit-3.1-20181209-r0: task do_prepare_recipe_sysroot: Succeeded
NOTE: Running task 1974 of 1992 (/home/deby/poky/meta-debian/recipes-debian/libedit/libedit_debian.bb:do_configure)
NOTE: recipe libedit-3.1-20181209-r0: task do_configure: Started
NOTE: recipe groff-1.22.4-r0: task do_package: Succeeded
NOTE: Running task 1975 of 1992 (/home/deby/poky/meta-debian/recipes-debian/groff/groff_debian.bb:do_packagedata)
NOTE: recipe groff-1.22.4-r0: task do_packagedata: Started
NOTE: recipe groff-1.22.4-r0: task do_packagedata: Succeeded
NOTE: Running task 1976 of 1992 (/home/deby/poky/meta-debian/recipes-debian/groff/groff_debian.bb:do_package_write_deb)
NOTE: recipe groff-1.22.4-r0: task do_package_write_deb: Started
NOTE: recipe groff-1.22.4-r0: task do_package_write_deb: Succeeded
NOTE: recipe libedit-3.1-20181209-r0: task do_configure: Succeeded
NOTE: Running task 1977 of 1992 (/home/deby/poky/meta-debian/recipes-debian/libedit/libedit_debian.bb:do_compile)
NOTE: recipe libedit-3.1-20181209-r0: task do_compile: Started
NOTE: recipe libedit-3.1-20181209-r0: task do_compile: Succeeded
NOTE: Running task 1978 of 1992 (/home/deby/poky/meta-debian/recipes-debian/libedit/libedit_debian.bb:do_install)
NOTE: recipe libedit-3.1-20181209-r0: task do_install: Started
NOTE: recipe libedit-3.1-20181209-r0: task do_install: Succeeded
NOTE: Running task 1979 of 1992 (/home/deby/poky/meta-debian/recipes-debian/libedit/libedit_debian.bb:do_package)
NOTE: Running task 1980 of 1992 (/home/deby/poky/meta-debian/recipes-debian/libedit/libedit_debian.bb:do_populate_sysroot)
NOTE: recipe libedit-3.1-20181209-r0: task do_populate_sysroot: Started
NOTE: recipe libedit-3.1-20181209-r0: task do_package: Started
NOTE: recipe libedit-3.1-20181209-r0: task do_populate_sysroot: Succeeded
NOTE: Running task 1981 of 1992 (/home/deby/poky/meta-debian/recipes-debian/chrony/chrony_debian.bb:do_prepare_recipe_sysroot)
NOTE: recipe chrony-3.4-r0: task do_prepare_recipe_sysroot: Started
NOTE: recipe chrony-3.4-r0: task do_prepare_recipe_sysroot: Succeeded
NOTE: Running task 1982 of 1992 (/home/deby/poky/meta-debian/recipes-debian/chrony/chrony_debian.bb:do_configure)
NOTE: recipe chrony-3.4-r0: task do_configure: Started
NOTE: recipe chrony-3.4-r0: task do_configure: Succeeded
NOTE: Running task 1983 of 1992 (/home/deby/poky/meta-debian/recipes-debian/chrony/chrony_debian.bb:do_compile)
NOTE: recipe chrony-3.4-r0: task do_compile: Started
NOTE: recipe chrony-3.4-r0: task do_compile: Succeeded
NOTE: Running task 1984 of 1992 (/home/deby/poky/meta-debian/recipes-debian/chrony/chrony_debian.bb:do_install)
NOTE: recipe chrony-3.4-r0: task do_install: Started
NOTE: recipe chrony-3.4-r0: task do_install: Succeeded
NOTE: Running task 1985 of 1992 (/home/deby/poky/meta-debian/recipes-debian/chrony/chrony_debian.bb:do_populate_sysroot)
NOTE: recipe chrony-3.4-r0: task do_populate_sysroot: Started
NOTE: recipe chrony-3.4-r0: task do_populate_sysroot: Succeeded
NOTE: recipe libedit-3.1-20181209-r0: task do_package: Succeeded
NOTE: Running task 1986 of 1992 (/home/deby/poky/meta-debian/recipes-debian/libedit/libedit_debian.bb:do_packagedata)
NOTE: recipe libedit-3.1-20181209-r0: task do_packagedata: Started
NOTE: recipe libedit-3.1-20181209-r0: task do_packagedata: Succeeded
NOTE: Running task 1987 of 1992 (/home/deby/poky/meta-debian/recipes-debian/chrony/chrony_debian.bb:do_package)
NOTE: Running task 1988 of 1992 (/home/deby/poky/meta-debian/recipes-debian/libedit/libedit_debian.bb:do_package_write_deb)
NOTE: recipe chrony-3.4-r0: task do_package: Started
NOTE: recipe libedit-3.1-20181209-r0: task do_package_write_deb: Started
NOTE: recipe libedit-3.1-20181209-r0: task do_package_write_deb: Succeeded
NOTE: recipe chrony-3.4-r0: task do_package: Succeeded
NOTE: Running task 1989 of 1992 (/home/deby/poky/meta-debian/recipes-debian/chrony/chrony_debian.bb:do_packagedata)
NOTE: recipe chrony-3.4-r0: task do_packagedata: Started
NOTE: recipe chrony-3.4-r0: task do_packagedata: Succeeded
NOTE: Running task 1990 of 1992 (/home/deby/poky/meta-debian/recipes-debian/chrony/chrony_debian.bb:do_package_write_deb)
NOTE: Running task 1991 of 1992 (/home/deby/poky/meta-debian/recipes-debian/chrony/chrony_debian.bb:do_package_qa)
NOTE: recipe chrony-3.4-r0: task do_package_write_deb: Started
NOTE: recipe chrony-3.4-r0: task do_package_qa: Started
NOTE: recipe chrony-3.4-r0: task do_package_qa: Succeeded
NOTE: recipe chrony-3.4-r0: task do_package_write_deb: Succeeded
NOTE: Running noexec task 1992 of 1992 (/home/deby/poky/meta-debian/recipes-debian/chrony/chrony_debian.bb:do_build)
NOTE: Tasks Summary: Attempted 1992 tasks of which 1926 didn't need to be rerun and all succeeded.
