WARNING: Host distribution "debian-10" has not been validated with this version of the build system; you may possibly experience unexpected failures. It is recommended that you use a tested distribution.
Loading cache...done.
Loaded 1440 entries from dependency cache.
Removing 1 recipes from the aarch64 sysroot...done.
Removing 2 recipes from the qemuarm64 sysroot...done.
NOTE: Resolving any missing task queue dependencies

Build Configuration:
BB_VERSION           = "1.42.0"
BUILD_SYS            = "x86_64-linux"
NATIVELSBSTRING      = "universal"
TARGET_SYS           = "aarch64-deby-linux"
MACHINE              = "qemuarm64"
DISTRO               = "deby"
DISTRO_VERSION       = "10.0"
TUNE_FEATURES        = "aarch64 armv8a crc"
TARGET_FPU           = ""
meta                 
meta-poky            = "warrior:51223035e66c5b27799b15a0f8ebe75d24d3971b"
meta-debian          = "warrior-trungdt:cc9dbb7e719dbf74fa3c56a03f2bfd38a6eeffd9"

Initialising tasks...done.
Sstate summary: Wanted 7 Found 7 Missed 0 Current 45 (100% match, 100% complete)
NOTE: Executing SetScene Tasks
NOTE: Running setscene task 46 of 52 (/home/deby/poky/meta-debian/recipes-kernel/linux-libc-headers/linux-libc-headers-base_git.bb:do_populate_sysroot_setscene)
NOTE: Running setscene task 47 of 52 (/home/deby/poky/meta-debian/recipes-kernel/linux-libc-headers/linux-libc-headers-base_git.bb:do_package_qa_setscene)
NOTE: Running setscene task 48 of 52 (/home/deby/poky/meta-debian/recipes-kernel/linux-libc-headers/linux-libc-headers-base_git.bb:do_package_write_deb_setscene)
NOTE: Running setscene task 49 of 52 (/home/deby/poky/meta-debian/recipes-kernel/linux-libc-headers/linux-libc-headers-base_git.bb:do_populate_lic_setscene)
ERROR: When reparsing /home/deby/poky/meta-debian/recipes-kernel/linux-libc-headers/linux-libc-headers-base_git.bb.do_patch, the basehash value changed from 794aba43c93b827ab8dad47165be6be0d8f92f251bd262635c22313e23128daa to ad76c34176c05413e9fb00995196d5015fc81c93587134874abe5c331acef982. The metadata is not deterministic and this needs to be fixed.
ERROR: When reparsing /home/deby/poky/meta-debian/recipes-kernel/linux-libc-headers/linux-libc-headers-base_git.bb.do_populate_sysroot, the basehash value changed from 2e4dc7b6b48187aee33b8bb419c42da1f20a801d4f648cc07024f0dafb119116 to 2ea4052a4244ba6488e96928a52bc979977bf82d44ef7527088e63c468d98c1b. The metadata is not deterministic and this needs to be fixed.
ERROR: When reparsing /home/deby/poky/meta-debian/recipes-kernel/linux-libc-headers/linux-libc-headers-base_git.bb.do_fetch, the basehash value changed from b620eac0fae73e0df82e6b6781635aa9e224831670575af75328ee2bba5f373b to 180fd178ee7c6318a87b561b33796bca27ce8331b06402ad1a3756cc717a6903. The metadata is not deterministic and this needs to be fixed.
ERROR: When reparsing /home/deby/poky/meta-debian/recipes-kernel/linux-libc-headers/linux-libc-headers-base_git.bb.do_configure, the basehash value changed from 24a1aa70340faf5d0559f5f5c25df83a33339b064c601fa41de74e845831d8f5 to 952b835cf441f72424d80c5bdfec130d3bc2c69cc0e286dad4eda8101e5fb7e5. The metadata is not deterministic and this needs to be fixed.
ERROR: When reparsing /home/deby/poky/meta-debian/recipes-kernel/linux-libc-headers/linux-libc-headers-base_git.bb.do_compile, the basehash value changed from ca9cdc48ef3a81abce6553ad84b2bebd2e31576b46390bac2d2d1174ae4ed2fc to ea8147624c7b40427ff6fe42830ff8b09757ba68efa3fb425ea5a217f2666e4e. The metadata is not deterministic and this needs to be fixed.
ERROR: When reparsing /home/deby/poky/meta-debian/recipes-kernel/linux-libc-headers/linux-libc-headers-base_git.bb.do_install, the basehash value changed from 2422ef8528c52c7ac46a82b5a3d8d777260c0df1f0e70c8bf82ec15f02d81090 to 772b96e073102d917eb5a8d3c7a4919bb7c2f2f7acad1b999659dd25fcbb3ccf. The metadata is not deterministic and this needs to be fixed.
ERROR: When reparsing /home/deby/poky/meta-debian/recipes-kernel/linux-libc-headers/linux-libc-headers-base_git.bb.do_build, the basehash value changed from f611f7309a0db683c05fc2f92b243346746e8efc4e4b5bcd21daef00e758d928 to 6e13c20f7b295b2b9e6490a5b9a06a33639c401e762ea930cfbf6a01d64819e0. The metadata is not deterministic and this needs to be fixed.
ERROR: When reparsing /home/deby/poky/meta-debian/recipes-kernel/linux-libc-headers/linux-libc-headers-base_git.bb.do_package_qa, the basehash value changed from 115236204d8e30c933c49fb379124b994b3ceb30ed1067d3bb701b0dbbc42fb8 to 69de24cebe3f035260e92316e5b81040be7294bc3d5fe9e40d38c1491ef5a59d. The metadata is not deterministic and this needs to be fixed.
ERROR: When reparsing /home/deby/poky/meta-debian/recipes-kernel/linux-libc-headers/linux-libc-headers-base_git.bb.do_package, the basehash value changed from ce6b7142dd12a39ae9043e5ef18d407ea8302882cd98b79229cbb54edae8626d to 60427f83c05adb79d5790b6a7ec66c9fd3aebf1391ff9f00e1129a744b1f0fb8. The metadata is not deterministic and this needs to be fixed.
ERROR: When reparsing /home/deby/poky/meta-debian/recipes-kernel/linux-libc-headers/linux-libc-headers-base_git.bb.do_packagedata, the basehash value changed from 69732875306abecdabfe20e644badb22fb144a81bb1abc7d4a3d31533d897a4a to 36dd68813de8371bdeedaf523277867f4960468059216b409414713c43d1c32d. The metadata is not deterministic and this needs to be fixed.
ERROR: When reparsing /home/deby/poky/meta-debian/recipes-kernel/linux-libc-headers/linux-libc-headers-base_git.bb.do_package_write_deb, the basehash value changed from 34eb07143181baf3911ccfd6b33a41c4c8d001567321232e16606d3dafee40ca to 9efbdf860fcc2b4a7d86058a0dd93000813bab43bb848691b116ff2a010be035. The metadata is not deterministic and this needs to be fixed.
ERROR: When reparsing /home/deby/poky/meta-debian/recipes-kernel/linux-libc-headers/linux-libc-headers-base_git.bb.do_populate_lic, the basehash value changed from ff27fdffddb9a74ea33bb978edadd231ae34bb1b90631fff33e4e0b4e4ead893 to 1ac0514dc790b3b7ceef263f40d2b0826be0ea4ed589ccb369480e94f9140264. The metadata is not deterministic and this needs to be fixed.
ERROR: When reparsing /home/deby/poky/meta-debian/recipes-kernel/linux-libc-headers/linux-libc-headers-base_git.bb.do_patch, the basehash value changed from 794aba43c93b827ab8dad47165be6be0d8f92f251bd262635c22313e23128daa to ad76c34176c05413e9fb00995196d5015fc81c93587134874abe5c331acef982. The metadata is not deterministic and this needs to be fixed.
ERROR: When reparsing /home/deby/poky/meta-debian/recipes-kernel/linux-libc-headers/linux-libc-headers-base_git.bb.do_populate_sysroot, the basehash value changed from 2e4dc7b6b48187aee33b8bb419c42da1f20a801d4f648cc07024f0dafb119116 to 2ea4052a4244ba6488e96928a52bc979977bf82d44ef7527088e63c468d98c1b. The metadata is not deterministic and this needs to be fixed.
ERROR: When reparsing /home/deby/poky/meta-debian/recipes-kernel/linux-libc-headers/linux-libc-headers-base_git.bb.do_fetch, the basehash value changed from b620eac0fae73e0df82e6b6781635aa9e224831670575af75328ee2bba5f373b to 180fd178ee7c6318a87b561b33796bca27ce8331b06402ad1a3756cc717a6903. The metadata is not deterministic and this needs to be fixed.
ERROR: When reparsing /home/deby/poky/meta-debian/recipes-kernel/linux-libc-headers/linux-libc-headers-base_git.bb.do_configure, the basehash value changed from 24a1aa70340faf5d0559f5f5c25df83a33339b064c601fa41de74e845831d8f5 to 952b835cf441f72424d80c5bdfec130d3bc2c69cc0e286dad4eda8101e5fb7e5. The metadata is not deterministic and this needs to be fixed.
ERROR: When reparsing /home/deby/poky/meta-debian/recipes-kernel/linux-libc-headers/linux-libc-headers-base_git.bb.do_compile, the basehash value changed from ca9cdc48ef3a81abce6553ad84b2bebd2e31576b46390bac2d2d1174ae4ed2fc to ea8147624c7b40427ff6fe42830ff8b09757ba68efa3fb425ea5a217f2666e4e. The metadata is not deterministic and this needs to be fixed.
ERROR: When reparsing /home/deby/poky/meta-debian/recipes-kernel/linux-libc-headers/linux-libc-headers-base_git.bb.do_install, the basehash value changed from 2422ef8528c52c7ac46a82b5a3d8d777260c0df1f0e70c8bf82ec15f02d81090 to 772b96e073102d917eb5a8d3c7a4919bb7c2f2f7acad1b999659dd25fcbb3ccf. The metadata is not deterministic and this needs to be fixed.
ERROR: When reparsing /home/deby/poky/meta-debian/recipes-kernel/linux-libc-headers/linux-libc-headers-base_git.bb.do_build, the basehash value changed from f611f7309a0db683c05fc2f92b243346746e8efc4e4b5bcd21daef00e758d928 to 6e13c20f7b295b2b9e6490a5b9a06a33639c401e762ea930cfbf6a01d64819e0. The metadata is not deterministic and this needs to be fixed.
ERROR: When reparsing /home/deby/poky/meta-debian/recipes-kernel/linux-libc-headers/linux-libc-headers-base_git.bb.do_package_qa, the basehash value changed from 115236204d8e30c933c49fb379124b994b3ceb30ed1067d3bb701b0dbbc42fb8 to 69de24cebe3f035260e92316e5b81040be7294bc3d5fe9e40d38c1491ef5a59d. The metadata is not deterministic and this needs to be fixed.
ERROR: When reparsing /home/deby/poky/meta-debian/recipes-kernel/linux-libc-headers/linux-libc-headers-base_git.bb.do_package, the basehash value changed from ce6b7142dd12a39ae9043e5ef18d407ea8302882cd98b79229cbb54edae8626d to 60427f83c05adb79d5790b6a7ec66c9fd3aebf1391ff9f00e1129a744b1f0fb8. The metadata is not deterministic and this needs to be fixed.
ERROR: When reparsing /home/deby/poky/meta-debian/recipes-kernel/linux-libc-headers/linux-libc-headers-base_git.bb.do_packagedata, the basehash value changed from 69732875306abecdabfe20e644badb22fb144a81bb1abc7d4a3d31533d897a4a to 36dd68813de8371bdeedaf523277867f4960468059216b409414713c43d1c32d. The metadata is not deterministic and this needs to be fixed.
ERROR: When reparsing /home/deby/poky/meta-debian/recipes-kernel/linux-libc-headers/linux-libc-headers-base_git.bb.do_package_write_deb, the basehash value changed from 34eb07143181baf3911ccfd6b33a41c4c8d001567321232e16606d3dafee40ca to 9efbdf860fcc2b4a7d86058a0dd93000813bab43bb848691b116ff2a010be035. The metadata is not deterministic and this needs to be fixed.
ERROR: When reparsing /home/deby/poky/meta-debian/recipes-kernel/linux-libc-headers/linux-libc-headers-base_git.bb.do_populate_lic, the basehash value changed from ff27fdffddb9a74ea33bb978edadd231ae34bb1b90631fff33e4e0b4e4ead893 to 1ac0514dc790b3b7ceef263f40d2b0826be0ea4ed589ccb369480e94f9140264. The metadata is not deterministic and this needs to be fixed.
NOTE: recipe linux-libc-headers-base-gitAUTOINC+2951eded01-r0: task do_package_write_deb_setscene: Started
ERROR: linux-libc-headers-base-gitAUTOINC+2951eded01-r0 do_package_write_deb_setscene: No suitable staging package found
ERROR: linux-libc-headers-base-gitAUTOINC+2951eded01-r0 do_package_write_deb_setscene: 
WARNING: Logfile for failed setscene task is /home/deby/build/tmp/work/aarch64-deby-linux/linux-libc-headers-base/gitAUTOINC+2951eded01-r0/temp/log.do_package_write_deb_setscene.26661
NOTE: recipe linux-libc-headers-base-gitAUTOINC+2951eded01-r0: task do_package_qa_setscene: Started
WARNING: Setscene task (/home/deby/poky/meta-debian/recipes-kernel/linux-libc-headers/linux-libc-headers-base_git.bb:do_package_write_deb_setscene) failed with exit code '1' - real task will be run instead
ERROR: linux-libc-headers-base-gitAUTOINC+2951eded01-r0 do_package_qa_setscene: No suitable staging package found
ERROR: linux-libc-headers-base-gitAUTOINC+2951eded01-r0 do_package_qa_setscene: 
WARNING: Logfile for failed setscene task is /home/deby/build/tmp/work/aarch64-deby-linux/linux-libc-headers-base/gitAUTOINC+2951eded01-r0/temp/log.do_package_qa_setscene.26660
WARNING: Setscene task (/home/deby/poky/meta-debian/recipes-kernel/linux-libc-headers/linux-libc-headers-base_git.bb:do_package_qa_setscene) failed with exit code '1' - real task will be run instead
NOTE: Running setscene task 50 of 52 (/home/deby/poky/meta-debian/recipes-kernel/linux-libc-headers/linux-libc-headers-base_git.bb:do_packagedata_setscene)
ERROR: When reparsing /home/deby/poky/meta-debian/recipes-kernel/linux-libc-headers/linux-libc-headers-base_git.bb.do_patch, the basehash value changed from 794aba43c93b827ab8dad47165be6be0d8f92f251bd262635c22313e23128daa to ad76c34176c05413e9fb00995196d5015fc81c93587134874abe5c331acef982. The metadata is not deterministic and this needs to be fixed.
ERROR: When reparsing /home/deby/poky/meta-debian/recipes-kernel/linux-libc-headers/linux-libc-headers-base_git.bb.do_populate_sysroot, the basehash value changed from 2e4dc7b6b48187aee33b8bb419c42da1f20a801d4f648cc07024f0dafb119116 to 2ea4052a4244ba6488e96928a52bc979977bf82d44ef7527088e63c468d98c1b. The metadata is not deterministic and this needs to be fixed.
ERROR: When reparsing /home/deby/poky/meta-debian/recipes-kernel/linux-libc-headers/linux-libc-headers-base_git.bb.do_fetch, the basehash value changed from b620eac0fae73e0df82e6b6781635aa9e224831670575af75328ee2bba5f373b to 180fd178ee7c6318a87b561b33796bca27ce8331b06402ad1a3756cc717a6903. The metadata is not deterministic and this needs to be fixed.
ERROR: When reparsing /home/deby/poky/meta-debian/recipes-kernel/linux-libc-headers/linux-libc-headers-base_git.bb.do_configure, the basehash value changed from 24a1aa70340faf5d0559f5f5c25df83a33339b064c601fa41de74e845831d8f5 to 952b835cf441f72424d80c5bdfec130d3bc2c69cc0e286dad4eda8101e5fb7e5. The metadata is not deterministic and this needs to be fixed.
ERROR: When reparsing /home/deby/poky/meta-debian/recipes-kernel/linux-libc-headers/linux-libc-headers-base_git.bb.do_compile, the basehash value changed from ca9cdc48ef3a81abce6553ad84b2bebd2e31576b46390bac2d2d1174ae4ed2fc to ea8147624c7b40427ff6fe42830ff8b09757ba68efa3fb425ea5a217f2666e4e. The metadata is not deterministic and this needs to be fixed.
ERROR: When reparsing /home/deby/poky/meta-debian/recipes-kernel/linux-libc-headers/linux-libc-headers-base_git.bb.do_install, the basehash value changed from 2422ef8528c52c7ac46a82b5a3d8d777260c0df1f0e70c8bf82ec15f02d81090 to 772b96e073102d917eb5a8d3c7a4919bb7c2f2f7acad1b999659dd25fcbb3ccf. The metadata is not deterministic and this needs to be fixed.
ERROR: When reparsing /home/deby/poky/meta-debian/recipes-kernel/linux-libc-headers/linux-libc-headers-base_git.bb.do_build, the basehash value changed from f611f7309a0db683c05fc2f92b243346746e8efc4e4b5bcd21daef00e758d928 to 6e13c20f7b295b2b9e6490a5b9a06a33639c401e762ea930cfbf6a01d64819e0. The metadata is not deterministic and this needs to be fixed.
ERROR: When reparsing /home/deby/poky/meta-debian/recipes-kernel/linux-libc-headers/linux-libc-headers-base_git.bb.do_package_qa, the basehash value changed from 115236204d8e30c933c49fb379124b994b3ceb30ed1067d3bb701b0dbbc42fb8 to 69de24cebe3f035260e92316e5b81040be7294bc3d5fe9e40d38c1491ef5a59d. The metadata is not deterministic and this needs to be fixed.
ERROR: When reparsing /home/deby/poky/meta-debian/recipes-kernel/linux-libc-headers/linux-libc-headers-base_git.bb.do_package, the basehash value changed from ce6b7142dd12a39ae9043e5ef18d407ea8302882cd98b79229cbb54edae8626d to 60427f83c05adb79d5790b6a7ec66c9fd3aebf1391ff9f00e1129a744b1f0fb8. The metadata is not deterministic and this needs to be fixed.
ERROR: When reparsing /home/deby/poky/meta-debian/recipes-kernel/linux-libc-headers/linux-libc-headers-base_git.bb.do_packagedata, the basehash value changed from 69732875306abecdabfe20e644badb22fb144a81bb1abc7d4a3d31533d897a4a to 36dd68813de8371bdeedaf523277867f4960468059216b409414713c43d1c32d. The metadata is not deterministic and this needs to be fixed.
ERROR: When reparsing /home/deby/poky/meta-debian/recipes-kernel/linux-libc-headers/linux-libc-headers-base_git.bb.do_package_write_deb, the basehash value changed from 34eb07143181baf3911ccfd6b33a41c4c8d001567321232e16606d3dafee40ca to 9efbdf860fcc2b4a7d86058a0dd93000813bab43bb848691b116ff2a010be035. The metadata is not deterministic and this needs to be fixed.
ERROR: When reparsing /home/deby/poky/meta-debian/recipes-kernel/linux-libc-headers/linux-libc-headers-base_git.bb.do_populate_lic, the basehash value changed from ff27fdffddb9a74ea33bb978edadd231ae34bb1b90631fff33e4e0b4e4ead893 to 1ac0514dc790b3b7ceef263f40d2b0826be0ea4ed589ccb369480e94f9140264. The metadata is not deterministic and this needs to be fixed.
NOTE: recipe linux-libc-headers-base-gitAUTOINC+2951eded01-r0: task do_populate_lic_setscene: Started
ERROR: linux-libc-headers-base-gitAUTOINC+2951eded01-r0 do_populate_lic_setscene: No suitable staging package found
ERROR: linux-libc-headers-base-gitAUTOINC+2951eded01-r0 do_populate_lic_setscene: 
WARNING: Logfile for failed setscene task is /home/deby/build/tmp/work/aarch64-deby-linux/linux-libc-headers-base/gitAUTOINC+2951eded01-r0/temp/log.do_populate_lic_setscene.26662
WARNING: Setscene task (/home/deby/poky/meta-debian/recipes-kernel/linux-libc-headers/linux-libc-headers-base_git.bb:do_populate_lic_setscene) failed with exit code '1' - real task will be run instead
ERROR: When reparsing /home/deby/poky/meta-debian/recipes-kernel/linux-libc-headers/linux-libc-headers-base_git.bb.do_patch, the basehash value changed from 794aba43c93b827ab8dad47165be6be0d8f92f251bd262635c22313e23128daa to ad76c34176c05413e9fb00995196d5015fc81c93587134874abe5c331acef982. The metadata is not deterministic and this needs to be fixed.
ERROR: When reparsing /home/deby/poky/meta-debian/recipes-kernel/linux-libc-headers/linux-libc-headers-base_git.bb.do_populate_sysroot, the basehash value changed from 2e4dc7b6b48187aee33b8bb419c42da1f20a801d4f648cc07024f0dafb119116 to 2ea4052a4244ba6488e96928a52bc979977bf82d44ef7527088e63c468d98c1b. The metadata is not deterministic and this needs to be fixed.
ERROR: When reparsing /home/deby/poky/meta-debian/recipes-kernel/linux-libc-headers/linux-libc-headers-base_git.bb.do_fetch, the basehash value changed from b620eac0fae73e0df82e6b6781635aa9e224831670575af75328ee2bba5f373b to 180fd178ee7c6318a87b561b33796bca27ce8331b06402ad1a3756cc717a6903. The metadata is not deterministic and this needs to be fixed.
ERROR: When reparsing /home/deby/poky/meta-debian/recipes-kernel/linux-libc-headers/linux-libc-headers-base_git.bb.do_configure, the basehash value changed from 24a1aa70340faf5d0559f5f5c25df83a33339b064c601fa41de74e845831d8f5 to 952b835cf441f72424d80c5bdfec130d3bc2c69cc0e286dad4eda8101e5fb7e5. The metadata is not deterministic and this needs to be fixed.
ERROR: When reparsing /home/deby/poky/meta-debian/recipes-kernel/linux-libc-headers/linux-libc-headers-base_git.bb.do_compile, the basehash value changed from ca9cdc48ef3a81abce6553ad84b2bebd2e31576b46390bac2d2d1174ae4ed2fc to ea8147624c7b40427ff6fe42830ff8b09757ba68efa3fb425ea5a217f2666e4e. The metadata is not deterministic and this needs to be fixed.
ERROR: When reparsing /home/deby/poky/meta-debian/recipes-kernel/linux-libc-headers/linux-libc-headers-base_git.bb.do_install, the basehash value changed from 2422ef8528c52c7ac46a82b5a3d8d777260c0df1f0e70c8bf82ec15f02d81090 to 772b96e073102d917eb5a8d3c7a4919bb7c2f2f7acad1b999659dd25fcbb3ccf. The metadata is not deterministic and this needs to be fixed.
ERROR: When reparsing /home/deby/poky/meta-debian/recipes-kernel/linux-libc-headers/linux-libc-headers-base_git.bb.do_build, the basehash value changed from f611f7309a0db683c05fc2f92b243346746e8efc4e4b5bcd21daef00e758d928 to 6e13c20f7b295b2b9e6490a5b9a06a33639c401e762ea930cfbf6a01d64819e0. The metadata is not deterministic and this needs to be fixed.
ERROR: When reparsing /home/deby/poky/meta-debian/recipes-kernel/linux-libc-headers/linux-libc-headers-base_git.bb.do_package_qa, the basehash value changed from 115236204d8e30c933c49fb379124b994b3ceb30ed1067d3bb701b0dbbc42fb8 to 69de24cebe3f035260e92316e5b81040be7294bc3d5fe9e40d38c1491ef5a59d. The metadata is not deterministic and this needs to be fixed.
ERROR: When reparsing /home/deby/poky/meta-debian/recipes-kernel/linux-libc-headers/linux-libc-headers-base_git.bb.do_package, the basehash value changed from ce6b7142dd12a39ae9043e5ef18d407ea8302882cd98b79229cbb54edae8626d to 60427f83c05adb79d5790b6a7ec66c9fd3aebf1391ff9f00e1129a744b1f0fb8. The metadata is not deterministic and this needs to be fixed.
ERROR: When reparsing /home/deby/poky/meta-debian/recipes-kernel/linux-libc-headers/linux-libc-headers-base_git.bb.do_packagedata, the basehash value changed from 69732875306abecdabfe20e644badb22fb144a81bb1abc7d4a3d31533d897a4a to 36dd68813de8371bdeedaf523277867f4960468059216b409414713c43d1c32d. The metadata is not deterministic and this needs to be fixed.
ERROR: When reparsing /home/deby/poky/meta-debian/recipes-kernel/linux-libc-headers/linux-libc-headers-base_git.bb.do_package_write_deb, the basehash value changed from 34eb07143181baf3911ccfd6b33a41c4c8d001567321232e16606d3dafee40ca to 9efbdf860fcc2b4a7d86058a0dd93000813bab43bb848691b116ff2a010be035. The metadata is not deterministic and this needs to be fixed.
ERROR: When reparsing /home/deby/poky/meta-debian/recipes-kernel/linux-libc-headers/linux-libc-headers-base_git.bb.do_populate_lic, the basehash value changed from ff27fdffddb9a74ea33bb978edadd231ae34bb1b90631fff33e4e0b4e4ead893 to 1ac0514dc790b3b7ceef263f40d2b0826be0ea4ed589ccb369480e94f9140264. The metadata is not deterministic and this needs to be fixed.
NOTE: recipe linux-libc-headers-base-gitAUTOINC+2951eded01-r0: task do_packagedata_setscene: Started
ERROR: linux-libc-headers-base-gitAUTOINC+2951eded01-r0 do_packagedata_setscene: No suitable staging package found
ERROR: linux-libc-headers-base-gitAUTOINC+2951eded01-r0 do_packagedata_setscene: 
WARNING: Logfile for failed setscene task is /home/deby/build/tmp/work/aarch64-deby-linux/linux-libc-headers-base/gitAUTOINC+2951eded01-r0/temp/log.do_packagedata_setscene.26675
WARNING: Setscene task (/home/deby/poky/meta-debian/recipes-kernel/linux-libc-headers/linux-libc-headers-base_git.bb:do_packagedata_setscene) failed with exit code '1' - real task will be run instead
NOTE: Running setscene task 51 of 52 (/home/deby/poky/meta-debian/recipes-kernel/linux-libc-headers/linux-libc-headers-base_git.bb:do_package_setscene)
ERROR: When reparsing /home/deby/poky/meta-debian/recipes-kernel/linux-libc-headers/linux-libc-headers-base_git.bb.do_patch, the basehash value changed from 794aba43c93b827ab8dad47165be6be0d8f92f251bd262635c22313e23128daa to ad76c34176c05413e9fb00995196d5015fc81c93587134874abe5c331acef982. The metadata is not deterministic and this needs to be fixed.
ERROR: When reparsing /home/deby/poky/meta-debian/recipes-kernel/linux-libc-headers/linux-libc-headers-base_git.bb.do_populate_sysroot, the basehash value changed from 2e4dc7b6b48187aee33b8bb419c42da1f20a801d4f648cc07024f0dafb119116 to 2ea4052a4244ba6488e96928a52bc979977bf82d44ef7527088e63c468d98c1b. The metadata is not deterministic and this needs to be fixed.
ERROR: When reparsing /home/deby/poky/meta-debian/recipes-kernel/linux-libc-headers/linux-libc-headers-base_git.bb.do_fetch, the basehash value changed from b620eac0fae73e0df82e6b6781635aa9e224831670575af75328ee2bba5f373b to 180fd178ee7c6318a87b561b33796bca27ce8331b06402ad1a3756cc717a6903. The metadata is not deterministic and this needs to be fixed.
ERROR: When reparsing /home/deby/poky/meta-debian/recipes-kernel/linux-libc-headers/linux-libc-headers-base_git.bb.do_configure, the basehash value changed from 24a1aa70340faf5d0559f5f5c25df83a33339b064c601fa41de74e845831d8f5 to 952b835cf441f72424d80c5bdfec130d3bc2c69cc0e286dad4eda8101e5fb7e5. The metadata is not deterministic and this needs to be fixed.
ERROR: When reparsing /home/deby/poky/meta-debian/recipes-kernel/linux-libc-headers/linux-libc-headers-base_git.bb.do_compile, the basehash value changed from ca9cdc48ef3a81abce6553ad84b2bebd2e31576b46390bac2d2d1174ae4ed2fc to ea8147624c7b40427ff6fe42830ff8b09757ba68efa3fb425ea5a217f2666e4e. The metadata is not deterministic and this needs to be fixed.
ERROR: When reparsing /home/deby/poky/meta-debian/recipes-kernel/linux-libc-headers/linux-libc-headers-base_git.bb.do_install, the basehash value changed from 2422ef8528c52c7ac46a82b5a3d8d777260c0df1f0e70c8bf82ec15f02d81090 to 772b96e073102d917eb5a8d3c7a4919bb7c2f2f7acad1b999659dd25fcbb3ccf. The metadata is not deterministic and this needs to be fixed.
ERROR: When reparsing /home/deby/poky/meta-debian/recipes-kernel/linux-libc-headers/linux-libc-headers-base_git.bb.do_build, the basehash value changed from f611f7309a0db683c05fc2f92b243346746e8efc4e4b5bcd21daef00e758d928 to 6e13c20f7b295b2b9e6490a5b9a06a33639c401e762ea930cfbf6a01d64819e0. The metadata is not deterministic and this needs to be fixed.
ERROR: When reparsing /home/deby/poky/meta-debian/recipes-kernel/linux-libc-headers/linux-libc-headers-base_git.bb.do_package_qa, the basehash value changed from 115236204d8e30c933c49fb379124b994b3ceb30ed1067d3bb701b0dbbc42fb8 to 69de24cebe3f035260e92316e5b81040be7294bc3d5fe9e40d38c1491ef5a59d. The metadata is not deterministic and this needs to be fixed.
ERROR: When reparsing /home/deby/poky/meta-debian/recipes-kernel/linux-libc-headers/linux-libc-headers-base_git.bb.do_package, the basehash value changed from ce6b7142dd12a39ae9043e5ef18d407ea8302882cd98b79229cbb54edae8626d to 60427f83c05adb79d5790b6a7ec66c9fd3aebf1391ff9f00e1129a744b1f0fb8. The metadata is not deterministic and this needs to be fixed.
ERROR: When reparsing /home/deby/poky/meta-debian/recipes-kernel/linux-libc-headers/linux-libc-headers-base_git.bb.do_packagedata, the basehash value changed from 69732875306abecdabfe20e644badb22fb144a81bb1abc7d4a3d31533d897a4a to 36dd68813de8371bdeedaf523277867f4960468059216b409414713c43d1c32d. The metadata is not deterministic and this needs to be fixed.
ERROR: When reparsing /home/deby/poky/meta-debian/recipes-kernel/linux-libc-headers/linux-libc-headers-base_git.bb.do_package_write_deb, the basehash value changed from 34eb07143181baf3911ccfd6b33a41c4c8d001567321232e16606d3dafee40ca to 9efbdf860fcc2b4a7d86058a0dd93000813bab43bb848691b116ff2a010be035. The metadata is not deterministic and this needs to be fixed.
ERROR: When reparsing /home/deby/poky/meta-debian/recipes-kernel/linux-libc-headers/linux-libc-headers-base_git.bb.do_populate_lic, the basehash value changed from ff27fdffddb9a74ea33bb978edadd231ae34bb1b90631fff33e4e0b4e4ead893 to 1ac0514dc790b3b7ceef263f40d2b0826be0ea4ed589ccb369480e94f9140264. The metadata is not deterministic and this needs to be fixed.
NOTE: recipe linux-libc-headers-base-gitAUTOINC+2951eded01-r0: task do_populate_sysroot_setscene: Started
ERROR: linux-libc-headers-base-gitAUTOINC+2951eded01-r0 do_populate_sysroot_setscene: No suitable staging package found
ERROR: linux-libc-headers-base-gitAUTOINC+2951eded01-r0 do_populate_sysroot_setscene: 
WARNING: Logfile for failed setscene task is /home/deby/build/tmp/work/aarch64-deby-linux/linux-libc-headers-base/gitAUTOINC+2951eded01-r0/temp/log.do_populate_sysroot_setscene.26659
WARNING: Setscene task (/home/deby/poky/meta-debian/recipes-kernel/linux-libc-headers/linux-libc-headers-base_git.bb:do_populate_sysroot_setscene) failed with exit code '1' - real task will be run instead
NOTE: Running setscene task 52 of 52 (/home/deby/poky/meta-debian/recipes-debian/binutils/binutils-cross_debian.bb:do_populate_sysroot_setscene)
NOTE: recipe binutils-cross-aarch64-2.31.1-r0: task do_populate_sysroot_setscene: Started
ERROR: When reparsing /home/deby/poky/meta-debian/recipes-kernel/linux-libc-headers/linux-libc-headers-base_git.bb.do_patch, the basehash value changed from 794aba43c93b827ab8dad47165be6be0d8f92f251bd262635c22313e23128daa to ad76c34176c05413e9fb00995196d5015fc81c93587134874abe5c331acef982. The metadata is not deterministic and this needs to be fixed.
ERROR: When reparsing /home/deby/poky/meta-debian/recipes-kernel/linux-libc-headers/linux-libc-headers-base_git.bb.do_populate_sysroot, the basehash value changed from 2e4dc7b6b48187aee33b8bb419c42da1f20a801d4f648cc07024f0dafb119116 to 2ea4052a4244ba6488e96928a52bc979977bf82d44ef7527088e63c468d98c1b. The metadata is not deterministic and this needs to be fixed.
ERROR: When reparsing /home/deby/poky/meta-debian/recipes-kernel/linux-libc-headers/linux-libc-headers-base_git.bb.do_fetch, the basehash value changed from b620eac0fae73e0df82e6b6781635aa9e224831670575af75328ee2bba5f373b to 180fd178ee7c6318a87b561b33796bca27ce8331b06402ad1a3756cc717a6903. The metadata is not deterministic and this needs to be fixed.
ERROR: When reparsing /home/deby/poky/meta-debian/recipes-kernel/linux-libc-headers/linux-libc-headers-base_git.bb.do_configure, the basehash value changed from 24a1aa70340faf5d0559f5f5c25df83a33339b064c601fa41de74e845831d8f5 to 952b835cf441f72424d80c5bdfec130d3bc2c69cc0e286dad4eda8101e5fb7e5. The metadata is not deterministic and this needs to be fixed.
ERROR: When reparsing /home/deby/poky/meta-debian/recipes-kernel/linux-libc-headers/linux-libc-headers-base_git.bb.do_compile, the basehash value changed from ca9cdc48ef3a81abce6553ad84b2bebd2e31576b46390bac2d2d1174ae4ed2fc to ea8147624c7b40427ff6fe42830ff8b09757ba68efa3fb425ea5a217f2666e4e. The metadata is not deterministic and this needs to be fixed.
ERROR: When reparsing /home/deby/poky/meta-debian/recipes-kernel/linux-libc-headers/linux-libc-headers-base_git.bb.do_install, the basehash value changed from 2422ef8528c52c7ac46a82b5a3d8d777260c0df1f0e70c8bf82ec15f02d81090 to 772b96e073102d917eb5a8d3c7a4919bb7c2f2f7acad1b999659dd25fcbb3ccf. The metadata is not deterministic and this needs to be fixed.
ERROR: When reparsing /home/deby/poky/meta-debian/recipes-kernel/linux-libc-headers/linux-libc-headers-base_git.bb.do_build, the basehash value changed from f611f7309a0db683c05fc2f92b243346746e8efc4e4b5bcd21daef00e758d928 to 6e13c20f7b295b2b9e6490a5b9a06a33639c401e762ea930cfbf6a01d64819e0. The metadata is not deterministic and this needs to be fixed.
ERROR: When reparsing /home/deby/poky/meta-debian/recipes-kernel/linux-libc-headers/linux-libc-headers-base_git.bb.do_package_qa, the basehash value changed from 115236204d8e30c933c49fb379124b994b3ceb30ed1067d3bb701b0dbbc42fb8 to 69de24cebe3f035260e92316e5b81040be7294bc3d5fe9e40d38c1491ef5a59d. The metadata is not deterministic and this needs to be fixed.
ERROR: When reparsing /home/deby/poky/meta-debian/recipes-kernel/linux-libc-headers/linux-libc-headers-base_git.bb.do_package, the basehash value changed from ce6b7142dd12a39ae9043e5ef18d407ea8302882cd98b79229cbb54edae8626d to 60427f83c05adb79d5790b6a7ec66c9fd3aebf1391ff9f00e1129a744b1f0fb8. The metadata is not deterministic and this needs to be fixed.
ERROR: When reparsing /home/deby/poky/meta-debian/recipes-kernel/linux-libc-headers/linux-libc-headers-base_git.bb.do_packagedata, the basehash value changed from 69732875306abecdabfe20e644badb22fb144a81bb1abc7d4a3d31533d897a4a to 36dd68813de8371bdeedaf523277867f4960468059216b409414713c43d1c32d. The metadata is not deterministic and this needs to be fixed.
ERROR: When reparsing /home/deby/poky/meta-debian/recipes-kernel/linux-libc-headers/linux-libc-headers-base_git.bb.do_package_write_deb, the basehash value changed from 34eb07143181baf3911ccfd6b33a41c4c8d001567321232e16606d3dafee40ca to 9efbdf860fcc2b4a7d86058a0dd93000813bab43bb848691b116ff2a010be035. The metadata is not deterministic and this needs to be fixed.
ERROR: When reparsing /home/deby/poky/meta-debian/recipes-kernel/linux-libc-headers/linux-libc-headers-base_git.bb.do_populate_lic, the basehash value changed from ff27fdffddb9a74ea33bb978edadd231ae34bb1b90631fff33e4e0b4e4ead893 to 1ac0514dc790b3b7ceef263f40d2b0826be0ea4ed589ccb369480e94f9140264. The metadata is not deterministic and this needs to be fixed.
NOTE: recipe linux-libc-headers-base-gitAUTOINC+2951eded01-r0: task do_package_setscene: Started
ERROR: linux-libc-headers-base-gitAUTOINC+2951eded01-r0 do_package_setscene: No suitable staging package found
ERROR: linux-libc-headers-base-gitAUTOINC+2951eded01-r0 do_package_setscene: 
WARNING: Logfile for failed setscene task is /home/deby/build/tmp/work/aarch64-deby-linux/linux-libc-headers-base/gitAUTOINC+2951eded01-r0/temp/log.do_package_setscene.26685
WARNING: Setscene task (/home/deby/poky/meta-debian/recipes-kernel/linux-libc-headers/linux-libc-headers-base_git.bb:do_package_setscene) failed with exit code '1' - real task will be run instead
NOTE: recipe binutils-cross-aarch64-2.31.1-r0: task do_populate_sysroot_setscene: Succeeded
NOTE: Executing RunQueue Tasks
NOTE: Running task 176 of 412 (/home/deby/poky/meta-debian/recipes-kernel/linux-libc-headers/linux-libc-headers-base_git.bb:do_fetch)
ERROR: When reparsing /home/deby/poky/meta-debian/recipes-kernel/linux-libc-headers/linux-libc-headers-base_git.bb.do_patch, the basehash value changed from 794aba43c93b827ab8dad47165be6be0d8f92f251bd262635c22313e23128daa to ad76c34176c05413e9fb00995196d5015fc81c93587134874abe5c331acef982. The metadata is not deterministic and this needs to be fixed.
ERROR: When reparsing /home/deby/poky/meta-debian/recipes-kernel/linux-libc-headers/linux-libc-headers-base_git.bb.do_populate_sysroot, the basehash value changed from 2e4dc7b6b48187aee33b8bb419c42da1f20a801d4f648cc07024f0dafb119116 to 2ea4052a4244ba6488e96928a52bc979977bf82d44ef7527088e63c468d98c1b. The metadata is not deterministic and this needs to be fixed.
ERROR: When reparsing /home/deby/poky/meta-debian/recipes-kernel/linux-libc-headers/linux-libc-headers-base_git.bb.do_fetch, the basehash value changed from b620eac0fae73e0df82e6b6781635aa9e224831670575af75328ee2bba5f373b to 180fd178ee7c6318a87b561b33796bca27ce8331b06402ad1a3756cc717a6903. The metadata is not deterministic and this needs to be fixed.
ERROR: When reparsing /home/deby/poky/meta-debian/recipes-kernel/linux-libc-headers/linux-libc-headers-base_git.bb.do_configure, the basehash value changed from 24a1aa70340faf5d0559f5f5c25df83a33339b064c601fa41de74e845831d8f5 to 952b835cf441f72424d80c5bdfec130d3bc2c69cc0e286dad4eda8101e5fb7e5. The metadata is not deterministic and this needs to be fixed.
ERROR: When reparsing /home/deby/poky/meta-debian/recipes-kernel/linux-libc-headers/linux-libc-headers-base_git.bb.do_compile, the basehash value changed from ca9cdc48ef3a81abce6553ad84b2bebd2e31576b46390bac2d2d1174ae4ed2fc to ea8147624c7b40427ff6fe42830ff8b09757ba68efa3fb425ea5a217f2666e4e. The metadata is not deterministic and this needs to be fixed.
ERROR: When reparsing /home/deby/poky/meta-debian/recipes-kernel/linux-libc-headers/linux-libc-headers-base_git.bb.do_install, the basehash value changed from 2422ef8528c52c7ac46a82b5a3d8d777260c0df1f0e70c8bf82ec15f02d81090 to 772b96e073102d917eb5a8d3c7a4919bb7c2f2f7acad1b999659dd25fcbb3ccf. The metadata is not deterministic and this needs to be fixed.
ERROR: When reparsing /home/deby/poky/meta-debian/recipes-kernel/linux-libc-headers/linux-libc-headers-base_git.bb.do_build, the basehash value changed from f611f7309a0db683c05fc2f92b243346746e8efc4e4b5bcd21daef00e758d928 to 6e13c20f7b295b2b9e6490a5b9a06a33639c401e762ea930cfbf6a01d64819e0. The metadata is not deterministic and this needs to be fixed.
ERROR: When reparsing /home/deby/poky/meta-debian/recipes-kernel/linux-libc-headers/linux-libc-headers-base_git.bb.do_package_qa, the basehash value changed from 115236204d8e30c933c49fb379124b994b3ceb30ed1067d3bb701b0dbbc42fb8 to 69de24cebe3f035260e92316e5b81040be7294bc3d5fe9e40d38c1491ef5a59d. The metadata is not deterministic and this needs to be fixed.
ERROR: When reparsing /home/deby/poky/meta-debian/recipes-kernel/linux-libc-headers/linux-libc-headers-base_git.bb.do_package, the basehash value changed from ce6b7142dd12a39ae9043e5ef18d407ea8302882cd98b79229cbb54edae8626d to 60427f83c05adb79d5790b6a7ec66c9fd3aebf1391ff9f00e1129a744b1f0fb8. The metadata is not deterministic and this needs to be fixed.
ERROR: When reparsing /home/deby/poky/meta-debian/recipes-kernel/linux-libc-headers/linux-libc-headers-base_git.bb.do_packagedata, the basehash value changed from 69732875306abecdabfe20e644badb22fb144a81bb1abc7d4a3d31533d897a4a to 36dd68813de8371bdeedaf523277867f4960468059216b409414713c43d1c32d. The metadata is not deterministic and this needs to be fixed.
ERROR: When reparsing /home/deby/poky/meta-debian/recipes-kernel/linux-libc-headers/linux-libc-headers-base_git.bb.do_package_write_deb, the basehash value changed from 34eb07143181baf3911ccfd6b33a41c4c8d001567321232e16606d3dafee40ca to 9efbdf860fcc2b4a7d86058a0dd93000813bab43bb848691b116ff2a010be035. The metadata is not deterministic and this needs to be fixed.
ERROR: When reparsing /home/deby/poky/meta-debian/recipes-kernel/linux-libc-headers/linux-libc-headers-base_git.bb.do_populate_lic, the basehash value changed from ff27fdffddb9a74ea33bb978edadd231ae34bb1b90631fff33e4e0b4e4ead893 to 1ac0514dc790b3b7ceef263f40d2b0826be0ea4ed589ccb369480e94f9140264. The metadata is not deterministic and this needs to be fixed.
NOTE: recipe linux-libc-headers-base-gitAUTOINC+2951eded01-r0: task do_fetch: Started
ERROR: linux-libc-headers-base-gitAUTOINC+2951eded01-r0 do_fetch: Taskhash mismatch 126cc07e3ece62f1718feabca688d766e41c8e8d5d13a9e1768f1ff35ae0f6b2 versus 0a8843a7a396ad032b461934a6f55965c04b367b0f015de38b260c8dec2ae6e6 for /home/deby/poky/meta-debian/recipes-kernel/linux-libc-headers/linux-libc-headers-base_git.bb.do_fetch
NOTE: recipe linux-libc-headers-base-gitAUTOINC+2951eded01-r0: task do_fetch: Succeeded
ERROR: Taskhash mismatch 126cc07e3ece62f1718feabca688d766e41c8e8d5d13a9e1768f1ff35ae0f6b2 versus 0a8843a7a396ad032b461934a6f55965c04b367b0f015de38b260c8dec2ae6e6 for /home/deby/poky/meta-debian/recipes-kernel/linux-libc-headers/linux-libc-headers-base_git.bb.do_fetch
NOTE: Running task 400 of 412 (/home/deby/poky/meta-debian/recipes-kernel/linux-libc-headers/linux-libc-headers-base_git.bb:do_unpack)
NOTE: Running task 401 of 412 (/home/deby/poky/meta-debian/recipes-kernel/linux-libc-headers/linux-libc-headers-base_git.bb:do_prepare_recipe_sysroot)
ERROR: When reparsing /home/deby/poky/meta-debian/recipes-kernel/linux-libc-headers/linux-libc-headers-base_git.bb.do_patch, the basehash value changed from 794aba43c93b827ab8dad47165be6be0d8f92f251bd262635c22313e23128daa to ad76c34176c05413e9fb00995196d5015fc81c93587134874abe5c331acef982. The metadata is not deterministic and this needs to be fixed.
ERROR: When reparsing /home/deby/poky/meta-debian/recipes-kernel/linux-libc-headers/linux-libc-headers-base_git.bb.do_populate_sysroot, the basehash value changed from 2e4dc7b6b48187aee33b8bb419c42da1f20a801d4f648cc07024f0dafb119116 to 2ea4052a4244ba6488e96928a52bc979977bf82d44ef7527088e63c468d98c1b. The metadata is not deterministic and this needs to be fixed.
ERROR: When reparsing /home/deby/poky/meta-debian/recipes-kernel/linux-libc-headers/linux-libc-headers-base_git.bb.do_fetch, the basehash value changed from b620eac0fae73e0df82e6b6781635aa9e224831670575af75328ee2bba5f373b to 180fd178ee7c6318a87b561b33796bca27ce8331b06402ad1a3756cc717a6903. The metadata is not deterministic and this needs to be fixed.
ERROR: When reparsing /home/deby/poky/meta-debian/recipes-kernel/linux-libc-headers/linux-libc-headers-base_git.bb.do_configure, the basehash value changed from 24a1aa70340faf5d0559f5f5c25df83a33339b064c601fa41de74e845831d8f5 to 952b835cf441f72424d80c5bdfec130d3bc2c69cc0e286dad4eda8101e5fb7e5. The metadata is not deterministic and this needs to be fixed.
ERROR: When reparsing /home/deby/poky/meta-debian/recipes-kernel/linux-libc-headers/linux-libc-headers-base_git.bb.do_compile, the basehash value changed from ca9cdc48ef3a81abce6553ad84b2bebd2e31576b46390bac2d2d1174ae4ed2fc to ea8147624c7b40427ff6fe42830ff8b09757ba68efa3fb425ea5a217f2666e4e. The metadata is not deterministic and this needs to be fixed.
ERROR: When reparsing /home/deby/poky/meta-debian/recipes-kernel/linux-libc-headers/linux-libc-headers-base_git.bb.do_install, the basehash value changed from 2422ef8528c52c7ac46a82b5a3d8d777260c0df1f0e70c8bf82ec15f02d81090 to 772b96e073102d917eb5a8d3c7a4919bb7c2f2f7acad1b999659dd25fcbb3ccf. The metadata is not deterministic and this needs to be fixed.
ERROR: When reparsing /home/deby/poky/meta-debian/recipes-kernel/linux-libc-headers/linux-libc-headers-base_git.bb.do_build, the basehash value changed from f611f7309a0db683c05fc2f92b243346746e8efc4e4b5bcd21daef00e758d928 to 6e13c20f7b295b2b9e6490a5b9a06a33639c401e762ea930cfbf6a01d64819e0. The metadata is not deterministic and this needs to be fixed.
ERROR: When reparsing /home/deby/poky/meta-debian/recipes-kernel/linux-libc-headers/linux-libc-headers-base_git.bb.do_package_qa, the basehash value changed from 115236204d8e30c933c49fb379124b994b3ceb30ed1067d3bb701b0dbbc42fb8 to 69de24cebe3f035260e92316e5b81040be7294bc3d5fe9e40d38c1491ef5a59d. The metadata is not deterministic and this needs to be fixed.
ERROR: When reparsing /home/deby/poky/meta-debian/recipes-kernel/linux-libc-headers/linux-libc-headers-base_git.bb.do_package, the basehash value changed from ce6b7142dd12a39ae9043e5ef18d407ea8302882cd98b79229cbb54edae8626d to 60427f83c05adb79d5790b6a7ec66c9fd3aebf1391ff9f00e1129a744b1f0fb8. The metadata is not deterministic and this needs to be fixed.
ERROR: When reparsing /home/deby/poky/meta-debian/recipes-kernel/linux-libc-headers/linux-libc-headers-base_git.bb.do_packagedata, the basehash value changed from 69732875306abecdabfe20e644badb22fb144a81bb1abc7d4a3d31533d897a4a to 36dd68813de8371bdeedaf523277867f4960468059216b409414713c43d1c32d. The metadata is not deterministic and this needs to be fixed.
ERROR: When reparsing /home/deby/poky/meta-debian/recipes-kernel/linux-libc-headers/linux-libc-headers-base_git.bb.do_package_write_deb, the basehash value changed from 34eb07143181baf3911ccfd6b33a41c4c8d001567321232e16606d3dafee40ca to 9efbdf860fcc2b4a7d86058a0dd93000813bab43bb848691b116ff2a010be035. The metadata is not deterministic and this needs to be fixed.
ERROR: When reparsing /home/deby/poky/meta-debian/recipes-kernel/linux-libc-headers/linux-libc-headers-base_git.bb.do_populate_lic, the basehash value changed from ff27fdffddb9a74ea33bb978edadd231ae34bb1b90631fff33e4e0b4e4ead893 to 1ac0514dc790b3b7ceef263f40d2b0826be0ea4ed589ccb369480e94f9140264. The metadata is not deterministic and this needs to be fixed.
ERROR: When reparsing /home/deby/poky/meta-debian/recipes-kernel/linux-libc-headers/linux-libc-headers-base_git.bb.do_patch, the basehash value changed from 794aba43c93b827ab8dad47165be6be0d8f92f251bd262635c22313e23128daa to ad76c34176c05413e9fb00995196d5015fc81c93587134874abe5c331acef982. The metadata is not deterministic and this needs to be fixed.
ERROR: When reparsing /home/deby/poky/meta-debian/recipes-kernel/linux-libc-headers/linux-libc-headers-base_git.bb.do_populate_sysroot, the basehash value changed from 2e4dc7b6b48187aee33b8bb419c42da1f20a801d4f648cc07024f0dafb119116 to 2ea4052a4244ba6488e96928a52bc979977bf82d44ef7527088e63c468d98c1b. The metadata is not deterministic and this needs to be fixed.
ERROR: When reparsing /home/deby/poky/meta-debian/recipes-kernel/linux-libc-headers/linux-libc-headers-base_git.bb.do_fetch, the basehash value changed from b620eac0fae73e0df82e6b6781635aa9e224831670575af75328ee2bba5f373b to 180fd178ee7c6318a87b561b33796bca27ce8331b06402ad1a3756cc717a6903. The metadata is not deterministic and this needs to be fixed.
ERROR: When reparsing /home/deby/poky/meta-debian/recipes-kernel/linux-libc-headers/linux-libc-headers-base_git.bb.do_configure, the basehash value changed from 24a1aa70340faf5d0559f5f5c25df83a33339b064c601fa41de74e845831d8f5 to 952b835cf441f72424d80c5bdfec130d3bc2c69cc0e286dad4eda8101e5fb7e5. The metadata is not deterministic and this needs to be fixed.
ERROR: When reparsing /home/deby/poky/meta-debian/recipes-kernel/linux-libc-headers/linux-libc-headers-base_git.bb.do_compile, the basehash value changed from ca9cdc48ef3a81abce6553ad84b2bebd2e31576b46390bac2d2d1174ae4ed2fc to ea8147624c7b40427ff6fe42830ff8b09757ba68efa3fb425ea5a217f2666e4e. The metadata is not deterministic and this needs to be fixed.
ERROR: When reparsing /home/deby/poky/meta-debian/recipes-kernel/linux-libc-headers/linux-libc-headers-base_git.bb.do_install, the basehash value changed from 2422ef8528c52c7ac46a82b5a3d8d777260c0df1f0e70c8bf82ec15f02d81090 to 772b96e073102d917eb5a8d3c7a4919bb7c2f2f7acad1b999659dd25fcbb3ccf. The metadata is not deterministic and this needs to be fixed.
ERROR: When reparsing /home/deby/poky/meta-debian/recipes-kernel/linux-libc-headers/linux-libc-headers-base_git.bb.do_build, the basehash value changed from f611f7309a0db683c05fc2f92b243346746e8efc4e4b5bcd21daef00e758d928 to 6e13c20f7b295b2b9e6490a5b9a06a33639c401e762ea930cfbf6a01d64819e0. The metadata is not deterministic and this needs to be fixed.
ERROR: When reparsing /home/deby/poky/meta-debian/recipes-kernel/linux-libc-headers/linux-libc-headers-base_git.bb.do_package_qa, the basehash value changed from 115236204d8e30c933c49fb379124b994b3ceb30ed1067d3bb701b0dbbc42fb8 to 69de24cebe3f035260e92316e5b81040be7294bc3d5fe9e40d38c1491ef5a59d. The metadata is not deterministic and this needs to be fixed.
ERROR: When reparsing /home/deby/poky/meta-debian/recipes-kernel/linux-libc-headers/linux-libc-headers-base_git.bb.do_package, the basehash value changed from ce6b7142dd12a39ae9043e5ef18d407ea8302882cd98b79229cbb54edae8626d to 60427f83c05adb79d5790b6a7ec66c9fd3aebf1391ff9f00e1129a744b1f0fb8. The metadata is not deterministic and this needs to be fixed.
ERROR: When reparsing /home/deby/poky/meta-debian/recipes-kernel/linux-libc-headers/linux-libc-headers-base_git.bb.do_packagedata, the basehash value changed from 69732875306abecdabfe20e644badb22fb144a81bb1abc7d4a3d31533d897a4a to 36dd68813de8371bdeedaf523277867f4960468059216b409414713c43d1c32d. The metadata is not deterministic and this needs to be fixed.
ERROR: When reparsing /home/deby/poky/meta-debian/recipes-kernel/linux-libc-headers/linux-libc-headers-base_git.bb.do_package_write_deb, the basehash value changed from 34eb07143181baf3911ccfd6b33a41c4c8d001567321232e16606d3dafee40ca to 9efbdf860fcc2b4a7d86058a0dd93000813bab43bb848691b116ff2a010be035. The metadata is not deterministic and this needs to be fixed.
ERROR: When reparsing /home/deby/poky/meta-debian/recipes-kernel/linux-libc-headers/linux-libc-headers-base_git.bb.do_populate_lic, the basehash value changed from ff27fdffddb9a74ea33bb978edadd231ae34bb1b90631fff33e4e0b4e4ead893 to 1ac0514dc790b3b7ceef263f40d2b0826be0ea4ed589ccb369480e94f9140264. The metadata is not deterministic and this needs to be fixed.
NOTE: recipe linux-libc-headers-base-gitAUTOINC+2951eded01-r0: task do_prepare_recipe_sysroot: Started
NOTE: recipe linux-libc-headers-base-gitAUTOINC+2951eded01-r0: task do_unpack: Started
NOTE: recipe linux-libc-headers-base-gitAUTOINC+2951eded01-r0: task do_prepare_recipe_sysroot: Succeeded
NOTE: recipe linux-libc-headers-base-gitAUTOINC+2951eded01-r0: task do_unpack: Succeeded
NOTE: Running task 402 of 412 (/home/deby/poky/meta-debian/recipes-kernel/linux-libc-headers/linux-libc-headers-base_git.bb:do_patch)
ERROR: When reparsing /home/deby/poky/meta-debian/recipes-kernel/linux-libc-headers/linux-libc-headers-base_git.bb.do_patch, the basehash value changed from 794aba43c93b827ab8dad47165be6be0d8f92f251bd262635c22313e23128daa to ad76c34176c05413e9fb00995196d5015fc81c93587134874abe5c331acef982. The metadata is not deterministic and this needs to be fixed.
ERROR: When reparsing /home/deby/poky/meta-debian/recipes-kernel/linux-libc-headers/linux-libc-headers-base_git.bb.do_populate_sysroot, the basehash value changed from 2e4dc7b6b48187aee33b8bb419c42da1f20a801d4f648cc07024f0dafb119116 to 2ea4052a4244ba6488e96928a52bc979977bf82d44ef7527088e63c468d98c1b. The metadata is not deterministic and this needs to be fixed.
ERROR: When reparsing /home/deby/poky/meta-debian/recipes-kernel/linux-libc-headers/linux-libc-headers-base_git.bb.do_fetch, the basehash value changed from b620eac0fae73e0df82e6b6781635aa9e224831670575af75328ee2bba5f373b to 180fd178ee7c6318a87b561b33796bca27ce8331b06402ad1a3756cc717a6903. The metadata is not deterministic and this needs to be fixed.
ERROR: When reparsing /home/deby/poky/meta-debian/recipes-kernel/linux-libc-headers/linux-libc-headers-base_git.bb.do_configure, the basehash value changed from 24a1aa70340faf5d0559f5f5c25df83a33339b064c601fa41de74e845831d8f5 to 952b835cf441f72424d80c5bdfec130d3bc2c69cc0e286dad4eda8101e5fb7e5. The metadata is not deterministic and this needs to be fixed.
ERROR: When reparsing /home/deby/poky/meta-debian/recipes-kernel/linux-libc-headers/linux-libc-headers-base_git.bb.do_compile, the basehash value changed from ca9cdc48ef3a81abce6553ad84b2bebd2e31576b46390bac2d2d1174ae4ed2fc to ea8147624c7b40427ff6fe42830ff8b09757ba68efa3fb425ea5a217f2666e4e. The metadata is not deterministic and this needs to be fixed.
ERROR: When reparsing /home/deby/poky/meta-debian/recipes-kernel/linux-libc-headers/linux-libc-headers-base_git.bb.do_install, the basehash value changed from 2422ef8528c52c7ac46a82b5a3d8d777260c0df1f0e70c8bf82ec15f02d81090 to 772b96e073102d917eb5a8d3c7a4919bb7c2f2f7acad1b999659dd25fcbb3ccf. The metadata is not deterministic and this needs to be fixed.
ERROR: When reparsing /home/deby/poky/meta-debian/recipes-kernel/linux-libc-headers/linux-libc-headers-base_git.bb.do_build, the basehash value changed from f611f7309a0db683c05fc2f92b243346746e8efc4e4b5bcd21daef00e758d928 to 6e13c20f7b295b2b9e6490a5b9a06a33639c401e762ea930cfbf6a01d64819e0. The metadata is not deterministic and this needs to be fixed.
ERROR: When reparsing /home/deby/poky/meta-debian/recipes-kernel/linux-libc-headers/linux-libc-headers-base_git.bb.do_package_qa, the basehash value changed from 115236204d8e30c933c49fb379124b994b3ceb30ed1067d3bb701b0dbbc42fb8 to 69de24cebe3f035260e92316e5b81040be7294bc3d5fe9e40d38c1491ef5a59d. The metadata is not deterministic and this needs to be fixed.
ERROR: When reparsing /home/deby/poky/meta-debian/recipes-kernel/linux-libc-headers/linux-libc-headers-base_git.bb.do_package, the basehash value changed from ce6b7142dd12a39ae9043e5ef18d407ea8302882cd98b79229cbb54edae8626d to 60427f83c05adb79d5790b6a7ec66c9fd3aebf1391ff9f00e1129a744b1f0fb8. The metadata is not deterministic and this needs to be fixed.
ERROR: When reparsing /home/deby/poky/meta-debian/recipes-kernel/linux-libc-headers/linux-libc-headers-base_git.bb.do_packagedata, the basehash value changed from 69732875306abecdabfe20e644badb22fb144a81bb1abc7d4a3d31533d897a4a to 36dd68813de8371bdeedaf523277867f4960468059216b409414713c43d1c32d. The metadata is not deterministic and this needs to be fixed.
ERROR: When reparsing /home/deby/poky/meta-debian/recipes-kernel/linux-libc-headers/linux-libc-headers-base_git.bb.do_package_write_deb, the basehash value changed from 34eb07143181baf3911ccfd6b33a41c4c8d001567321232e16606d3dafee40ca to 9efbdf860fcc2b4a7d86058a0dd93000813bab43bb848691b116ff2a010be035. The metadata is not deterministic and this needs to be fixed.
ERROR: When reparsing /home/deby/poky/meta-debian/recipes-kernel/linux-libc-headers/linux-libc-headers-base_git.bb.do_populate_lic, the basehash value changed from ff27fdffddb9a74ea33bb978edadd231ae34bb1b90631fff33e4e0b4e4ead893 to 1ac0514dc790b3b7ceef263f40d2b0826be0ea4ed589ccb369480e94f9140264. The metadata is not deterministic and this needs to be fixed.
NOTE: recipe linux-libc-headers-base-gitAUTOINC+2951eded01-r0: task do_patch: Started
ERROR: linux-libc-headers-base-gitAUTOINC+2951eded01-r0 do_patch: Taskhash mismatch 248d12166322b836e2e023bb1dbaa7960b2a19ffb6b3d1fc27cc499d215ba148 versus 84f12ac5d8602f245bae406c48ac246da0cc94c0e895e80e9b0aca195becd972 for /home/deby/poky/meta-debian/recipes-kernel/linux-libc-headers/linux-libc-headers-base_git.bb.do_patch
NOTE: recipe linux-libc-headers-base-gitAUTOINC+2951eded01-r0: task do_patch: Succeeded
ERROR: Taskhash mismatch 248d12166322b836e2e023bb1dbaa7960b2a19ffb6b3d1fc27cc499d215ba148 versus 84f12ac5d8602f245bae406c48ac246da0cc94c0e895e80e9b0aca195becd972 for /home/deby/poky/meta-debian/recipes-kernel/linux-libc-headers/linux-libc-headers-base_git.bb.do_patch
NOTE: Running noexec task 403 of 412 (/home/deby/poky/meta-debian/recipes-kernel/linux-libc-headers/linux-libc-headers-base_git.bb:do_configure)
NOTE: Running noexec task 404 of 412 (/home/deby/poky/meta-debian/recipes-kernel/linux-libc-headers/linux-libc-headers-base_git.bb:do_compile)
NOTE: Running task 405 of 412 (/home/deby/poky/meta-debian/recipes-kernel/linux-libc-headers/linux-libc-headers-base_git.bb:do_install)
NOTE: Running task 406 of 412 (/home/deby/poky/meta-debian/recipes-kernel/linux-libc-headers/linux-libc-headers-base_git.bb:do_populate_lic)
ERROR: When reparsing /home/deby/poky/meta-debian/recipes-kernel/linux-libc-headers/linux-libc-headers-base_git.bb.do_patch, the basehash value changed from 794aba43c93b827ab8dad47165be6be0d8f92f251bd262635c22313e23128daa to ad76c34176c05413e9fb00995196d5015fc81c93587134874abe5c331acef982. The metadata is not deterministic and this needs to be fixed.
ERROR: When reparsing /home/deby/poky/meta-debian/recipes-kernel/linux-libc-headers/linux-libc-headers-base_git.bb.do_populate_sysroot, the basehash value changed from 2e4dc7b6b48187aee33b8bb419c42da1f20a801d4f648cc07024f0dafb119116 to 2ea4052a4244ba6488e96928a52bc979977bf82d44ef7527088e63c468d98c1b. The metadata is not deterministic and this needs to be fixed.
ERROR: When reparsing /home/deby/poky/meta-debian/recipes-kernel/linux-libc-headers/linux-libc-headers-base_git.bb.do_fetch, the basehash value changed from b620eac0fae73e0df82e6b6781635aa9e224831670575af75328ee2bba5f373b to 180fd178ee7c6318a87b561b33796bca27ce8331b06402ad1a3756cc717a6903. The metadata is not deterministic and this needs to be fixed.
ERROR: When reparsing /home/deby/poky/meta-debian/recipes-kernel/linux-libc-headers/linux-libc-headers-base_git.bb.do_configure, the basehash value changed from 24a1aa70340faf5d0559f5f5c25df83a33339b064c601fa41de74e845831d8f5 to 952b835cf441f72424d80c5bdfec130d3bc2c69cc0e286dad4eda8101e5fb7e5. The metadata is not deterministic and this needs to be fixed.
ERROR: When reparsing /home/deby/poky/meta-debian/recipes-kernel/linux-libc-headers/linux-libc-headers-base_git.bb.do_compile, the basehash value changed from ca9cdc48ef3a81abce6553ad84b2bebd2e31576b46390bac2d2d1174ae4ed2fc to ea8147624c7b40427ff6fe42830ff8b09757ba68efa3fb425ea5a217f2666e4e. The metadata is not deterministic and this needs to be fixed.
ERROR: When reparsing /home/deby/poky/meta-debian/recipes-kernel/linux-libc-headers/linux-libc-headers-base_git.bb.do_install, the basehash value changed from 2422ef8528c52c7ac46a82b5a3d8d777260c0df1f0e70c8bf82ec15f02d81090 to 772b96e073102d917eb5a8d3c7a4919bb7c2f2f7acad1b999659dd25fcbb3ccf. The metadata is not deterministic and this needs to be fixed.
ERROR: When reparsing /home/deby/poky/meta-debian/recipes-kernel/linux-libc-headers/linux-libc-headers-base_git.bb.do_build, the basehash value changed from f611f7309a0db683c05fc2f92b243346746e8efc4e4b5bcd21daef00e758d928 to 6e13c20f7b295b2b9e6490a5b9a06a33639c401e762ea930cfbf6a01d64819e0. The metadata is not deterministic and this needs to be fixed.
ERROR: When reparsing /home/deby/poky/meta-debian/recipes-kernel/linux-libc-headers/linux-libc-headers-base_git.bb.do_package_qa, the basehash value changed from 115236204d8e30c933c49fb379124b994b3ceb30ed1067d3bb701b0dbbc42fb8 to 69de24cebe3f035260e92316e5b81040be7294bc3d5fe9e40d38c1491ef5a59d. The metadata is not deterministic and this needs to be fixed.
ERROR: When reparsing /home/deby/poky/meta-debian/recipes-kernel/linux-libc-headers/linux-libc-headers-base_git.bb.do_package, the basehash value changed from ce6b7142dd12a39ae9043e5ef18d407ea8302882cd98b79229cbb54edae8626d to 60427f83c05adb79d5790b6a7ec66c9fd3aebf1391ff9f00e1129a744b1f0fb8. The metadata is not deterministic and this needs to be fixed.
ERROR: When reparsing /home/deby/poky/meta-debian/recipes-kernel/linux-libc-headers/linux-libc-headers-base_git.bb.do_packagedata, the basehash value changed from 69732875306abecdabfe20e644badb22fb144a81bb1abc7d4a3d31533d897a4a to 36dd68813de8371bdeedaf523277867f4960468059216b409414713c43d1c32d. The metadata is not deterministic and this needs to be fixed.
ERROR: When reparsing /home/deby/poky/meta-debian/recipes-kernel/linux-libc-headers/linux-libc-headers-base_git.bb.do_package_write_deb, the basehash value changed from 34eb07143181baf3911ccfd6b33a41c4c8d001567321232e16606d3dafee40ca to 9efbdf860fcc2b4a7d86058a0dd93000813bab43bb848691b116ff2a010be035. The metadata is not deterministic and this needs to be fixed.
ERROR: When reparsing /home/deby/poky/meta-debian/recipes-kernel/linux-libc-headers/linux-libc-headers-base_git.bb.do_populate_lic, the basehash value changed from ff27fdffddb9a74ea33bb978edadd231ae34bb1b90631fff33e4e0b4e4ead893 to 1ac0514dc790b3b7ceef263f40d2b0826be0ea4ed589ccb369480e94f9140264. The metadata is not deterministic and this needs to be fixed.
ERROR: When reparsing /home/deby/poky/meta-debian/recipes-kernel/linux-libc-headers/linux-libc-headers-base_git.bb.do_patch, the basehash value changed from 794aba43c93b827ab8dad47165be6be0d8f92f251bd262635c22313e23128daa to ad76c34176c05413e9fb00995196d5015fc81c93587134874abe5c331acef982. The metadata is not deterministic and this needs to be fixed.
ERROR: When reparsing /home/deby/poky/meta-debian/recipes-kernel/linux-libc-headers/linux-libc-headers-base_git.bb.do_populate_sysroot, the basehash value changed from 2e4dc7b6b48187aee33b8bb419c42da1f20a801d4f648cc07024f0dafb119116 to 2ea4052a4244ba6488e96928a52bc979977bf82d44ef7527088e63c468d98c1b. The metadata is not deterministic and this needs to be fixed.
ERROR: When reparsing /home/deby/poky/meta-debian/recipes-kernel/linux-libc-headers/linux-libc-headers-base_git.bb.do_fetch, the basehash value changed from b620eac0fae73e0df82e6b6781635aa9e224831670575af75328ee2bba5f373b to 180fd178ee7c6318a87b561b33796bca27ce8331b06402ad1a3756cc717a6903. The metadata is not deterministic and this needs to be fixed.
ERROR: When reparsing /home/deby/poky/meta-debian/recipes-kernel/linux-libc-headers/linux-libc-headers-base_git.bb.do_configure, the basehash value changed from 24a1aa70340faf5d0559f5f5c25df83a33339b064c601fa41de74e845831d8f5 to 952b835cf441f72424d80c5bdfec130d3bc2c69cc0e286dad4eda8101e5fb7e5. The metadata is not deterministic and this needs to be fixed.
ERROR: When reparsing /home/deby/poky/meta-debian/recipes-kernel/linux-libc-headers/linux-libc-headers-base_git.bb.do_compile, the basehash value changed from ca9cdc48ef3a81abce6553ad84b2bebd2e31576b46390bac2d2d1174ae4ed2fc to ea8147624c7b40427ff6fe42830ff8b09757ba68efa3fb425ea5a217f2666e4e. The metadata is not deterministic and this needs to be fixed.
ERROR: When reparsing /home/deby/poky/meta-debian/recipes-kernel/linux-libc-headers/linux-libc-headers-base_git.bb.do_install, the basehash value changed from 2422ef8528c52c7ac46a82b5a3d8d777260c0df1f0e70c8bf82ec15f02d81090 to 772b96e073102d917eb5a8d3c7a4919bb7c2f2f7acad1b999659dd25fcbb3ccf. The metadata is not deterministic and this needs to be fixed.
ERROR: When reparsing /home/deby/poky/meta-debian/recipes-kernel/linux-libc-headers/linux-libc-headers-base_git.bb.do_build, the basehash value changed from f611f7309a0db683c05fc2f92b243346746e8efc4e4b5bcd21daef00e758d928 to 6e13c20f7b295b2b9e6490a5b9a06a33639c401e762ea930cfbf6a01d64819e0. The metadata is not deterministic and this needs to be fixed.
ERROR: When reparsing /home/deby/poky/meta-debian/recipes-kernel/linux-libc-headers/linux-libc-headers-base_git.bb.do_package_qa, the basehash value changed from 115236204d8e30c933c49fb379124b994b3ceb30ed1067d3bb701b0dbbc42fb8 to 69de24cebe3f035260e92316e5b81040be7294bc3d5fe9e40d38c1491ef5a59d. The metadata is not deterministic and this needs to be fixed.
ERROR: When reparsing /home/deby/poky/meta-debian/recipes-kernel/linux-libc-headers/linux-libc-headers-base_git.bb.do_package, the basehash value changed from ce6b7142dd12a39ae9043e5ef18d407ea8302882cd98b79229cbb54edae8626d to 60427f83c05adb79d5790b6a7ec66c9fd3aebf1391ff9f00e1129a744b1f0fb8. The metadata is not deterministic and this needs to be fixed.
ERROR: When reparsing /home/deby/poky/meta-debian/recipes-kernel/linux-libc-headers/linux-libc-headers-base_git.bb.do_packagedata, the basehash value changed from 69732875306abecdabfe20e644badb22fb144a81bb1abc7d4a3d31533d897a4a to 36dd68813de8371bdeedaf523277867f4960468059216b409414713c43d1c32d. The metadata is not deterministic and this needs to be fixed.
ERROR: When reparsing /home/deby/poky/meta-debian/recipes-kernel/linux-libc-headers/linux-libc-headers-base_git.bb.do_package_write_deb, the basehash value changed from 34eb07143181baf3911ccfd6b33a41c4c8d001567321232e16606d3dafee40ca to 9efbdf860fcc2b4a7d86058a0dd93000813bab43bb848691b116ff2a010be035. The metadata is not deterministic and this needs to be fixed.
ERROR: When reparsing /home/deby/poky/meta-debian/recipes-kernel/linux-libc-headers/linux-libc-headers-base_git.bb.do_populate_lic, the basehash value changed from ff27fdffddb9a74ea33bb978edadd231ae34bb1b90631fff33e4e0b4e4ead893 to 1ac0514dc790b3b7ceef263f40d2b0826be0ea4ed589ccb369480e94f9140264. The metadata is not deterministic and this needs to be fixed.
NOTE: recipe linux-libc-headers-base-gitAUTOINC+2951eded01-r0: task do_install: Started
NOTE: recipe linux-libc-headers-base-gitAUTOINC+2951eded01-r0: task do_populate_lic: Started
ERROR: linux-libc-headers-base-gitAUTOINC+2951eded01-r0 do_populate_lic: Taskhash mismatch c36dd61fef9fbf82c474d13c7024563ddf763cc60483a38347b08a4a19a2cb5a versus cba7fb70424e076e46ebbaab1e978fdc0581510c81ddf046f807e5c9d268d2c5 for /home/deby/poky/meta-debian/recipes-kernel/linux-libc-headers/linux-libc-headers-base_git.bb.do_populate_lic
NOTE: recipe linux-libc-headers-base-gitAUTOINC+2951eded01-r0: task do_populate_lic: Succeeded
ERROR: Taskhash mismatch c36dd61fef9fbf82c474d13c7024563ddf763cc60483a38347b08a4a19a2cb5a versus cba7fb70424e076e46ebbaab1e978fdc0581510c81ddf046f807e5c9d268d2c5 for /home/deby/poky/meta-debian/recipes-kernel/linux-libc-headers/linux-libc-headers-base_git.bb.do_populate_lic
ERROR: linux-libc-headers-base-gitAUTOINC+2951eded01-r0 do_install: Taskhash mismatch a2089304b0d9dd770fddd9765edc85480706541bfc73e2a999c923a946a9201d versus 7c562e3d3ddadcf1ef737aedbcc3bbc9325d14d3a19b1a27308deb960a9cd281 for /home/deby/poky/meta-debian/recipes-kernel/linux-libc-headers/linux-libc-headers-base_git.bb.do_install
NOTE: recipe linux-libc-headers-base-gitAUTOINC+2951eded01-r0: task do_install: Succeeded
ERROR: Taskhash mismatch a2089304b0d9dd770fddd9765edc85480706541bfc73e2a999c923a946a9201d versus 7c562e3d3ddadcf1ef737aedbcc3bbc9325d14d3a19b1a27308deb960a9cd281 for /home/deby/poky/meta-debian/recipes-kernel/linux-libc-headers/linux-libc-headers-base_git.bb.do_install
NOTE: Running task 407 of 412 (/home/deby/poky/meta-debian/recipes-kernel/linux-libc-headers/linux-libc-headers-base_git.bb:do_package)
NOTE: Running task 408 of 412 (/home/deby/poky/meta-debian/recipes-kernel/linux-libc-headers/linux-libc-headers-base_git.bb:do_populate_sysroot)
ERROR: When reparsing /home/deby/poky/meta-debian/recipes-kernel/linux-libc-headers/linux-libc-headers-base_git.bb.do_patch, the basehash value changed from 794aba43c93b827ab8dad47165be6be0d8f92f251bd262635c22313e23128daa to ad76c34176c05413e9fb00995196d5015fc81c93587134874abe5c331acef982. The metadata is not deterministic and this needs to be fixed.
ERROR: When reparsing /home/deby/poky/meta-debian/recipes-kernel/linux-libc-headers/linux-libc-headers-base_git.bb.do_populate_sysroot, the basehash value changed from 2e4dc7b6b48187aee33b8bb419c42da1f20a801d4f648cc07024f0dafb119116 to 2ea4052a4244ba6488e96928a52bc979977bf82d44ef7527088e63c468d98c1b. The metadata is not deterministic and this needs to be fixed.
ERROR: When reparsing /home/deby/poky/meta-debian/recipes-kernel/linux-libc-headers/linux-libc-headers-base_git.bb.do_fetch, the basehash value changed from b620eac0fae73e0df82e6b6781635aa9e224831670575af75328ee2bba5f373b to 180fd178ee7c6318a87b561b33796bca27ce8331b06402ad1a3756cc717a6903. The metadata is not deterministic and this needs to be fixed.
ERROR: When reparsing /home/deby/poky/meta-debian/recipes-kernel/linux-libc-headers/linux-libc-headers-base_git.bb.do_configure, the basehash value changed from 24a1aa70340faf5d0559f5f5c25df83a33339b064c601fa41de74e845831d8f5 to 952b835cf441f72424d80c5bdfec130d3bc2c69cc0e286dad4eda8101e5fb7e5. The metadata is not deterministic and this needs to be fixed.
ERROR: When reparsing /home/deby/poky/meta-debian/recipes-kernel/linux-libc-headers/linux-libc-headers-base_git.bb.do_compile, the basehash value changed from ca9cdc48ef3a81abce6553ad84b2bebd2e31576b46390bac2d2d1174ae4ed2fc to ea8147624c7b40427ff6fe42830ff8b09757ba68efa3fb425ea5a217f2666e4e. The metadata is not deterministic and this needs to be fixed.
ERROR: When reparsing /home/deby/poky/meta-debian/recipes-kernel/linux-libc-headers/linux-libc-headers-base_git.bb.do_install, the basehash value changed from 2422ef8528c52c7ac46a82b5a3d8d777260c0df1f0e70c8bf82ec15f02d81090 to 772b96e073102d917eb5a8d3c7a4919bb7c2f2f7acad1b999659dd25fcbb3ccf. The metadata is not deterministic and this needs to be fixed.
ERROR: When reparsing /home/deby/poky/meta-debian/recipes-kernel/linux-libc-headers/linux-libc-headers-base_git.bb.do_build, the basehash value changed from f611f7309a0db683c05fc2f92b243346746e8efc4e4b5bcd21daef00e758d928 to 6e13c20f7b295b2b9e6490a5b9a06a33639c401e762ea930cfbf6a01d64819e0. The metadata is not deterministic and this needs to be fixed.
ERROR: When reparsing /home/deby/poky/meta-debian/recipes-kernel/linux-libc-headers/linux-libc-headers-base_git.bb.do_package_qa, the basehash value changed from 115236204d8e30c933c49fb379124b994b3ceb30ed1067d3bb701b0dbbc42fb8 to 69de24cebe3f035260e92316e5b81040be7294bc3d5fe9e40d38c1491ef5a59d. The metadata is not deterministic and this needs to be fixed.
ERROR: When reparsing /home/deby/poky/meta-debian/recipes-kernel/linux-libc-headers/linux-libc-headers-base_git.bb.do_package, the basehash value changed from ce6b7142dd12a39ae9043e5ef18d407ea8302882cd98b79229cbb54edae8626d to 60427f83c05adb79d5790b6a7ec66c9fd3aebf1391ff9f00e1129a744b1f0fb8. The metadata is not deterministic and this needs to be fixed.
ERROR: When reparsing /home/deby/poky/meta-debian/recipes-kernel/linux-libc-headers/linux-libc-headers-base_git.bb.do_packagedata, the basehash value changed from 69732875306abecdabfe20e644badb22fb144a81bb1abc7d4a3d31533d897a4a to 36dd68813de8371bdeedaf523277867f4960468059216b409414713c43d1c32d. The metadata is not deterministic and this needs to be fixed.
ERROR: When reparsing /home/deby/poky/meta-debian/recipes-kernel/linux-libc-headers/linux-libc-headers-base_git.bb.do_package_write_deb, the basehash value changed from 34eb07143181baf3911ccfd6b33a41c4c8d001567321232e16606d3dafee40ca to 9efbdf860fcc2b4a7d86058a0dd93000813bab43bb848691b116ff2a010be035. The metadata is not deterministic and this needs to be fixed.
ERROR: When reparsing /home/deby/poky/meta-debian/recipes-kernel/linux-libc-headers/linux-libc-headers-base_git.bb.do_populate_lic, the basehash value changed from ff27fdffddb9a74ea33bb978edadd231ae34bb1b90631fff33e4e0b4e4ead893 to 1ac0514dc790b3b7ceef263f40d2b0826be0ea4ed589ccb369480e94f9140264. The metadata is not deterministic and this needs to be fixed.
ERROR: When reparsing /home/deby/poky/meta-debian/recipes-kernel/linux-libc-headers/linux-libc-headers-base_git.bb.do_patch, the basehash value changed from 794aba43c93b827ab8dad47165be6be0d8f92f251bd262635c22313e23128daa to ad76c34176c05413e9fb00995196d5015fc81c93587134874abe5c331acef982. The metadata is not deterministic and this needs to be fixed.
ERROR: When reparsing /home/deby/poky/meta-debian/recipes-kernel/linux-libc-headers/linux-libc-headers-base_git.bb.do_populate_sysroot, the basehash value changed from 2e4dc7b6b48187aee33b8bb419c42da1f20a801d4f648cc07024f0dafb119116 to 2ea4052a4244ba6488e96928a52bc979977bf82d44ef7527088e63c468d98c1b. The metadata is not deterministic and this needs to be fixed.
ERROR: When reparsing /home/deby/poky/meta-debian/recipes-kernel/linux-libc-headers/linux-libc-headers-base_git.bb.do_fetch, the basehash value changed from b620eac0fae73e0df82e6b6781635aa9e224831670575af75328ee2bba5f373b to 180fd178ee7c6318a87b561b33796bca27ce8331b06402ad1a3756cc717a6903. The metadata is not deterministic and this needs to be fixed.
ERROR: When reparsing /home/deby/poky/meta-debian/recipes-kernel/linux-libc-headers/linux-libc-headers-base_git.bb.do_configure, the basehash value changed from 24a1aa70340faf5d0559f5f5c25df83a33339b064c601fa41de74e845831d8f5 to 952b835cf441f72424d80c5bdfec130d3bc2c69cc0e286dad4eda8101e5fb7e5. The metadata is not deterministic and this needs to be fixed.
ERROR: When reparsing /home/deby/poky/meta-debian/recipes-kernel/linux-libc-headers/linux-libc-headers-base_git.bb.do_compile, the basehash value changed from ca9cdc48ef3a81abce6553ad84b2bebd2e31576b46390bac2d2d1174ae4ed2fc to ea8147624c7b40427ff6fe42830ff8b09757ba68efa3fb425ea5a217f2666e4e. The metadata is not deterministic and this needs to be fixed.
ERROR: When reparsing /home/deby/poky/meta-debian/recipes-kernel/linux-libc-headers/linux-libc-headers-base_git.bb.do_install, the basehash value changed from 2422ef8528c52c7ac46a82b5a3d8d777260c0df1f0e70c8bf82ec15f02d81090 to 772b96e073102d917eb5a8d3c7a4919bb7c2f2f7acad1b999659dd25fcbb3ccf. The metadata is not deterministic and this needs to be fixed.
ERROR: When reparsing /home/deby/poky/meta-debian/recipes-kernel/linux-libc-headers/linux-libc-headers-base_git.bb.do_build, the basehash value changed from f611f7309a0db683c05fc2f92b243346746e8efc4e4b5bcd21daef00e758d928 to 6e13c20f7b295b2b9e6490a5b9a06a33639c401e762ea930cfbf6a01d64819e0. The metadata is not deterministic and this needs to be fixed.
ERROR: When reparsing /home/deby/poky/meta-debian/recipes-kernel/linux-libc-headers/linux-libc-headers-base_git.bb.do_package_qa, the basehash value changed from 115236204d8e30c933c49fb379124b994b3ceb30ed1067d3bb701b0dbbc42fb8 to 69de24cebe3f035260e92316e5b81040be7294bc3d5fe9e40d38c1491ef5a59d. The metadata is not deterministic and this needs to be fixed.
ERROR: When reparsing /home/deby/poky/meta-debian/recipes-kernel/linux-libc-headers/linux-libc-headers-base_git.bb.do_package, the basehash value changed from ce6b7142dd12a39ae9043e5ef18d407ea8302882cd98b79229cbb54edae8626d to 60427f83c05adb79d5790b6a7ec66c9fd3aebf1391ff9f00e1129a744b1f0fb8. The metadata is not deterministic and this needs to be fixed.
ERROR: When reparsing /home/deby/poky/meta-debian/recipes-kernel/linux-libc-headers/linux-libc-headers-base_git.bb.do_packagedata, the basehash value changed from 69732875306abecdabfe20e644badb22fb144a81bb1abc7d4a3d31533d897a4a to 36dd68813de8371bdeedaf523277867f4960468059216b409414713c43d1c32d. The metadata is not deterministic and this needs to be fixed.
ERROR: When reparsing /home/deby/poky/meta-debian/recipes-kernel/linux-libc-headers/linux-libc-headers-base_git.bb.do_package_write_deb, the basehash value changed from 34eb07143181baf3911ccfd6b33a41c4c8d001567321232e16606d3dafee40ca to 9efbdf860fcc2b4a7d86058a0dd93000813bab43bb848691b116ff2a010be035. The metadata is not deterministic and this needs to be fixed.
NOTE: recipe linux-libc-headers-base-gitAUTOINC+2951eded01-r0: task do_populate_sysroot: Started
ERROR: When reparsing /home/deby/poky/meta-debian/recipes-kernel/linux-libc-headers/linux-libc-headers-base_git.bb.do_populate_lic, the basehash value changed from ff27fdffddb9a74ea33bb978edadd231ae34bb1b90631fff33e4e0b4e4ead893 to 1ac0514dc790b3b7ceef263f40d2b0826be0ea4ed589ccb369480e94f9140264. The metadata is not deterministic and this needs to be fixed.
NOTE: recipe linux-libc-headers-base-gitAUTOINC+2951eded01-r0: task do_package: Started
ERROR: linux-libc-headers-base-gitAUTOINC+2951eded01-r0 do_populate_sysroot: Taskhash mismatch 36afbdb3af664d5327414f92602ed6972c547d4d081207b4d543a03bcb40ffd1 versus 4eb23eb8a8b48e25b14935b615d490dbb3fc1fc5f94e788a82221300ceea73d6 for /home/deby/poky/meta-debian/recipes-kernel/linux-libc-headers/linux-libc-headers-base_git.bb.do_populate_sysroot
NOTE: recipe linux-libc-headers-base-gitAUTOINC+2951eded01-r0: task do_populate_sysroot: Succeeded
ERROR: Taskhash mismatch 36afbdb3af664d5327414f92602ed6972c547d4d081207b4d543a03bcb40ffd1 versus 4eb23eb8a8b48e25b14935b615d490dbb3fc1fc5f94e788a82221300ceea73d6 for /home/deby/poky/meta-debian/recipes-kernel/linux-libc-headers/linux-libc-headers-base_git.bb.do_populate_sysroot
ERROR: linux-libc-headers-base-gitAUTOINC+2951eded01-r0 do_package: Taskhash mismatch cb717ac7cdc80b09c96633f600ca583e2f3e3fbbbfb8321e537344cfe3e94b8d versus 3b0ebbc8137b50164345653c33752c26fafab83df76108e3c6887519f40dc910 for /home/deby/poky/meta-debian/recipes-kernel/linux-libc-headers/linux-libc-headers-base_git.bb.do_package
NOTE: recipe linux-libc-headers-base-gitAUTOINC+2951eded01-r0: task do_package: Succeeded
ERROR: Taskhash mismatch cb717ac7cdc80b09c96633f600ca583e2f3e3fbbbfb8321e537344cfe3e94b8d versus 3b0ebbc8137b50164345653c33752c26fafab83df76108e3c6887519f40dc910 for /home/deby/poky/meta-debian/recipes-kernel/linux-libc-headers/linux-libc-headers-base_git.bb.do_package
NOTE: Running task 409 of 412 (/home/deby/poky/meta-debian/recipes-kernel/linux-libc-headers/linux-libc-headers-base_git.bb:do_packagedata)
ERROR: When reparsing /home/deby/poky/meta-debian/recipes-kernel/linux-libc-headers/linux-libc-headers-base_git.bb.do_patch, the basehash value changed from 794aba43c93b827ab8dad47165be6be0d8f92f251bd262635c22313e23128daa to ad76c34176c05413e9fb00995196d5015fc81c93587134874abe5c331acef982. The metadata is not deterministic and this needs to be fixed.
ERROR: When reparsing /home/deby/poky/meta-debian/recipes-kernel/linux-libc-headers/linux-libc-headers-base_git.bb.do_populate_sysroot, the basehash value changed from 2e4dc7b6b48187aee33b8bb419c42da1f20a801d4f648cc07024f0dafb119116 to 2ea4052a4244ba6488e96928a52bc979977bf82d44ef7527088e63c468d98c1b. The metadata is not deterministic and this needs to be fixed.
ERROR: When reparsing /home/deby/poky/meta-debian/recipes-kernel/linux-libc-headers/linux-libc-headers-base_git.bb.do_fetch, the basehash value changed from b620eac0fae73e0df82e6b6781635aa9e224831670575af75328ee2bba5f373b to 180fd178ee7c6318a87b561b33796bca27ce8331b06402ad1a3756cc717a6903. The metadata is not deterministic and this needs to be fixed.
ERROR: When reparsing /home/deby/poky/meta-debian/recipes-kernel/linux-libc-headers/linux-libc-headers-base_git.bb.do_configure, the basehash value changed from 24a1aa70340faf5d0559f5f5c25df83a33339b064c601fa41de74e845831d8f5 to 952b835cf441f72424d80c5bdfec130d3bc2c69cc0e286dad4eda8101e5fb7e5. The metadata is not deterministic and this needs to be fixed.
ERROR: When reparsing /home/deby/poky/meta-debian/recipes-kernel/linux-libc-headers/linux-libc-headers-base_git.bb.do_compile, the basehash value changed from ca9cdc48ef3a81abce6553ad84b2bebd2e31576b46390bac2d2d1174ae4ed2fc to ea8147624c7b40427ff6fe42830ff8b09757ba68efa3fb425ea5a217f2666e4e. The metadata is not deterministic and this needs to be fixed.
ERROR: When reparsing /home/deby/poky/meta-debian/recipes-kernel/linux-libc-headers/linux-libc-headers-base_git.bb.do_install, the basehash value changed from 2422ef8528c52c7ac46a82b5a3d8d777260c0df1f0e70c8bf82ec15f02d81090 to 772b96e073102d917eb5a8d3c7a4919bb7c2f2f7acad1b999659dd25fcbb3ccf. The metadata is not deterministic and this needs to be fixed.
ERROR: When reparsing /home/deby/poky/meta-debian/recipes-kernel/linux-libc-headers/linux-libc-headers-base_git.bb.do_build, the basehash value changed from f611f7309a0db683c05fc2f92b243346746e8efc4e4b5bcd21daef00e758d928 to 6e13c20f7b295b2b9e6490a5b9a06a33639c401e762ea930cfbf6a01d64819e0. The metadata is not deterministic and this needs to be fixed.
ERROR: When reparsing /home/deby/poky/meta-debian/recipes-kernel/linux-libc-headers/linux-libc-headers-base_git.bb.do_package_qa, the basehash value changed from 115236204d8e30c933c49fb379124b994b3ceb30ed1067d3bb701b0dbbc42fb8 to 69de24cebe3f035260e92316e5b81040be7294bc3d5fe9e40d38c1491ef5a59d. The metadata is not deterministic and this needs to be fixed.
ERROR: When reparsing /home/deby/poky/meta-debian/recipes-kernel/linux-libc-headers/linux-libc-headers-base_git.bb.do_package, the basehash value changed from ce6b7142dd12a39ae9043e5ef18d407ea8302882cd98b79229cbb54edae8626d to 60427f83c05adb79d5790b6a7ec66c9fd3aebf1391ff9f00e1129a744b1f0fb8. The metadata is not deterministic and this needs to be fixed.
ERROR: When reparsing /home/deby/poky/meta-debian/recipes-kernel/linux-libc-headers/linux-libc-headers-base_git.bb.do_packagedata, the basehash value changed from 69732875306abecdabfe20e644badb22fb144a81bb1abc7d4a3d31533d897a4a to 36dd68813de8371bdeedaf523277867f4960468059216b409414713c43d1c32d. The metadata is not deterministic and this needs to be fixed.
ERROR: When reparsing /home/deby/poky/meta-debian/recipes-kernel/linux-libc-headers/linux-libc-headers-base_git.bb.do_package_write_deb, the basehash value changed from 34eb07143181baf3911ccfd6b33a41c4c8d001567321232e16606d3dafee40ca to 9efbdf860fcc2b4a7d86058a0dd93000813bab43bb848691b116ff2a010be035. The metadata is not deterministic and this needs to be fixed.
ERROR: When reparsing /home/deby/poky/meta-debian/recipes-kernel/linux-libc-headers/linux-libc-headers-base_git.bb.do_populate_lic, the basehash value changed from ff27fdffddb9a74ea33bb978edadd231ae34bb1b90631fff33e4e0b4e4ead893 to 1ac0514dc790b3b7ceef263f40d2b0826be0ea4ed589ccb369480e94f9140264. The metadata is not deterministic and this needs to be fixed.
NOTE: recipe linux-libc-headers-base-gitAUTOINC+2951eded01-r0: task do_packagedata: Started
ERROR: linux-libc-headers-base-gitAUTOINC+2951eded01-r0 do_packagedata: Taskhash mismatch 0790f5ed7d68ad5b30a409c4134c4199955d48db9ec6abf8e3e18afe57019833 versus 31186cbb834eda657b8ca2e432432b4fa2aa8aebabd90852322a4a859103ff87 for /home/deby/poky/meta-debian/recipes-kernel/linux-libc-headers/linux-libc-headers-base_git.bb.do_packagedata
NOTE: recipe linux-libc-headers-base-gitAUTOINC+2951eded01-r0: task do_packagedata: Succeeded
ERROR: Taskhash mismatch 0790f5ed7d68ad5b30a409c4134c4199955d48db9ec6abf8e3e18afe57019833 versus 31186cbb834eda657b8ca2e432432b4fa2aa8aebabd90852322a4a859103ff87 for /home/deby/poky/meta-debian/recipes-kernel/linux-libc-headers/linux-libc-headers-base_git.bb.do_packagedata
NOTE: Running task 410 of 412 (/home/deby/poky/meta-debian/recipes-kernel/linux-libc-headers/linux-libc-headers-base_git.bb:do_package_write_deb)
NOTE: Running task 411 of 412 (/home/deby/poky/meta-debian/recipes-kernel/linux-libc-headers/linux-libc-headers-base_git.bb:do_package_qa)
ERROR: When reparsing /home/deby/poky/meta-debian/recipes-kernel/linux-libc-headers/linux-libc-headers-base_git.bb.do_patch, the basehash value changed from 794aba43c93b827ab8dad47165be6be0d8f92f251bd262635c22313e23128daa to ad76c34176c05413e9fb00995196d5015fc81c93587134874abe5c331acef982. The metadata is not deterministic and this needs to be fixed.
ERROR: When reparsing /home/deby/poky/meta-debian/recipes-kernel/linux-libc-headers/linux-libc-headers-base_git.bb.do_patch, the basehash value changed from 794aba43c93b827ab8dad47165be6be0d8f92f251bd262635c22313e23128daa to ad76c34176c05413e9fb00995196d5015fc81c93587134874abe5c331acef982. The metadata is not deterministic and this needs to be fixed.
ERROR: When reparsing /home/deby/poky/meta-debian/recipes-kernel/linux-libc-headers/linux-libc-headers-base_git.bb.do_populate_sysroot, the basehash value changed from 2e4dc7b6b48187aee33b8bb419c42da1f20a801d4f648cc07024f0dafb119116 to 2ea4052a4244ba6488e96928a52bc979977bf82d44ef7527088e63c468d98c1b. The metadata is not deterministic and this needs to be fixed.
ERROR: When reparsing /home/deby/poky/meta-debian/recipes-kernel/linux-libc-headers/linux-libc-headers-base_git.bb.do_fetch, the basehash value changed from b620eac0fae73e0df82e6b6781635aa9e224831670575af75328ee2bba5f373b to 180fd178ee7c6318a87b561b33796bca27ce8331b06402ad1a3756cc717a6903. The metadata is not deterministic and this needs to be fixed.
ERROR: When reparsing /home/deby/poky/meta-debian/recipes-kernel/linux-libc-headers/linux-libc-headers-base_git.bb.do_configure, the basehash value changed from 24a1aa70340faf5d0559f5f5c25df83a33339b064c601fa41de74e845831d8f5 to 952b835cf441f72424d80c5bdfec130d3bc2c69cc0e286dad4eda8101e5fb7e5. The metadata is not deterministic and this needs to be fixed.
ERROR: When reparsing /home/deby/poky/meta-debian/recipes-kernel/linux-libc-headers/linux-libc-headers-base_git.bb.do_compile, the basehash value changed from ca9cdc48ef3a81abce6553ad84b2bebd2e31576b46390bac2d2d1174ae4ed2fc to ea8147624c7b40427ff6fe42830ff8b09757ba68efa3fb425ea5a217f2666e4e. The metadata is not deterministic and this needs to be fixed.
ERROR: When reparsing /home/deby/poky/meta-debian/recipes-kernel/linux-libc-headers/linux-libc-headers-base_git.bb.do_install, the basehash value changed from 2422ef8528c52c7ac46a82b5a3d8d777260c0df1f0e70c8bf82ec15f02d81090 to 772b96e073102d917eb5a8d3c7a4919bb7c2f2f7acad1b999659dd25fcbb3ccf. The metadata is not deterministic and this needs to be fixed.
ERROR: When reparsing /home/deby/poky/meta-debian/recipes-kernel/linux-libc-headers/linux-libc-headers-base_git.bb.do_build, the basehash value changed from f611f7309a0db683c05fc2f92b243346746e8efc4e4b5bcd21daef00e758d928 to 6e13c20f7b295b2b9e6490a5b9a06a33639c401e762ea930cfbf6a01d64819e0. The metadata is not deterministic and this needs to be fixed.
ERROR: When reparsing /home/deby/poky/meta-debian/recipes-kernel/linux-libc-headers/linux-libc-headers-base_git.bb.do_package_qa, the basehash value changed from 115236204d8e30c933c49fb379124b994b3ceb30ed1067d3bb701b0dbbc42fb8 to 69de24cebe3f035260e92316e5b81040be7294bc3d5fe9e40d38c1491ef5a59d. The metadata is not deterministic and this needs to be fixed.
ERROR: When reparsing /home/deby/poky/meta-debian/recipes-kernel/linux-libc-headers/linux-libc-headers-base_git.bb.do_package, the basehash value changed from ce6b7142dd12a39ae9043e5ef18d407ea8302882cd98b79229cbb54edae8626d to 60427f83c05adb79d5790b6a7ec66c9fd3aebf1391ff9f00e1129a744b1f0fb8. The metadata is not deterministic and this needs to be fixed.
ERROR: When reparsing /home/deby/poky/meta-debian/recipes-kernel/linux-libc-headers/linux-libc-headers-base_git.bb.do_packagedata, the basehash value changed from 69732875306abecdabfe20e644badb22fb144a81bb1abc7d4a3d31533d897a4a to 36dd68813de8371bdeedaf523277867f4960468059216b409414713c43d1c32d. The metadata is not deterministic and this needs to be fixed.
ERROR: When reparsing /home/deby/poky/meta-debian/recipes-kernel/linux-libc-headers/linux-libc-headers-base_git.bb.do_package_write_deb, the basehash value changed from 34eb07143181baf3911ccfd6b33a41c4c8d001567321232e16606d3dafee40ca to 9efbdf860fcc2b4a7d86058a0dd93000813bab43bb848691b116ff2a010be035. The metadata is not deterministic and this needs to be fixed.
ERROR: When reparsing /home/deby/poky/meta-debian/recipes-kernel/linux-libc-headers/linux-libc-headers-base_git.bb.do_populate_lic, the basehash value changed from ff27fdffddb9a74ea33bb978edadd231ae34bb1b90631fff33e4e0b4e4ead893 to 1ac0514dc790b3b7ceef263f40d2b0826be0ea4ed589ccb369480e94f9140264. The metadata is not deterministic and this needs to be fixed.
ERROR: When reparsing /home/deby/poky/meta-debian/recipes-kernel/linux-libc-headers/linux-libc-headers-base_git.bb.do_populate_sysroot, the basehash value changed from 2e4dc7b6b48187aee33b8bb419c42da1f20a801d4f648cc07024f0dafb119116 to 2ea4052a4244ba6488e96928a52bc979977bf82d44ef7527088e63c468d98c1b. The metadata is not deterministic and this needs to be fixed.
ERROR: When reparsing /home/deby/poky/meta-debian/recipes-kernel/linux-libc-headers/linux-libc-headers-base_git.bb.do_fetch, the basehash value changed from b620eac0fae73e0df82e6b6781635aa9e224831670575af75328ee2bba5f373b to 180fd178ee7c6318a87b561b33796bca27ce8331b06402ad1a3756cc717a6903. The metadata is not deterministic and this needs to be fixed.
ERROR: When reparsing /home/deby/poky/meta-debian/recipes-kernel/linux-libc-headers/linux-libc-headers-base_git.bb.do_configure, the basehash value changed from 24a1aa70340faf5d0559f5f5c25df83a33339b064c601fa41de74e845831d8f5 to 952b835cf441f72424d80c5bdfec130d3bc2c69cc0e286dad4eda8101e5fb7e5. The metadata is not deterministic and this needs to be fixed.
ERROR: When reparsing /home/deby/poky/meta-debian/recipes-kernel/linux-libc-headers/linux-libc-headers-base_git.bb.do_compile, the basehash value changed from ca9cdc48ef3a81abce6553ad84b2bebd2e31576b46390bac2d2d1174ae4ed2fc to ea8147624c7b40427ff6fe42830ff8b09757ba68efa3fb425ea5a217f2666e4e. The metadata is not deterministic and this needs to be fixed.
ERROR: When reparsing /home/deby/poky/meta-debian/recipes-kernel/linux-libc-headers/linux-libc-headers-base_git.bb.do_install, the basehash value changed from 2422ef8528c52c7ac46a82b5a3d8d777260c0df1f0e70c8bf82ec15f02d81090 to 772b96e073102d917eb5a8d3c7a4919bb7c2f2f7acad1b999659dd25fcbb3ccf. The metadata is not deterministic and this needs to be fixed.
ERROR: When reparsing /home/deby/poky/meta-debian/recipes-kernel/linux-libc-headers/linux-libc-headers-base_git.bb.do_build, the basehash value changed from f611f7309a0db683c05fc2f92b243346746e8efc4e4b5bcd21daef00e758d928 to 6e13c20f7b295b2b9e6490a5b9a06a33639c401e762ea930cfbf6a01d64819e0. The metadata is not deterministic and this needs to be fixed.
ERROR: When reparsing /home/deby/poky/meta-debian/recipes-kernel/linux-libc-headers/linux-libc-headers-base_git.bb.do_package_qa, the basehash value changed from 115236204d8e30c933c49fb379124b994b3ceb30ed1067d3bb701b0dbbc42fb8 to 69de24cebe3f035260e92316e5b81040be7294bc3d5fe9e40d38c1491ef5a59d. The metadata is not deterministic and this needs to be fixed.
ERROR: When reparsing /home/deby/poky/meta-debian/recipes-kernel/linux-libc-headers/linux-libc-headers-base_git.bb.do_package, the basehash value changed from ce6b7142dd12a39ae9043e5ef18d407ea8302882cd98b79229cbb54edae8626d to 60427f83c05adb79d5790b6a7ec66c9fd3aebf1391ff9f00e1129a744b1f0fb8. The metadata is not deterministic and this needs to be fixed.
ERROR: When reparsing /home/deby/poky/meta-debian/recipes-kernel/linux-libc-headers/linux-libc-headers-base_git.bb.do_packagedata, the basehash value changed from 69732875306abecdabfe20e644badb22fb144a81bb1abc7d4a3d31533d897a4a to 36dd68813de8371bdeedaf523277867f4960468059216b409414713c43d1c32d. The metadata is not deterministic and this needs to be fixed.
ERROR: When reparsing /home/deby/poky/meta-debian/recipes-kernel/linux-libc-headers/linux-libc-headers-base_git.bb.do_package_write_deb, the basehash value changed from 34eb07143181baf3911ccfd6b33a41c4c8d001567321232e16606d3dafee40ca to 9efbdf860fcc2b4a7d86058a0dd93000813bab43bb848691b116ff2a010be035. The metadata is not deterministic and this needs to be fixed.
ERROR: When reparsing /home/deby/poky/meta-debian/recipes-kernel/linux-libc-headers/linux-libc-headers-base_git.bb.do_populate_lic, the basehash value changed from ff27fdffddb9a74ea33bb978edadd231ae34bb1b90631fff33e4e0b4e4ead893 to 1ac0514dc790b3b7ceef263f40d2b0826be0ea4ed589ccb369480e94f9140264. The metadata is not deterministic and this needs to be fixed.
NOTE: recipe linux-libc-headers-base-gitAUTOINC+2951eded01-r0: task do_package_qa: Started
NOTE: recipe linux-libc-headers-base-gitAUTOINC+2951eded01-r0: task do_package_write_deb: Started
ERROR: linux-libc-headers-base-gitAUTOINC+2951eded01-r0 do_package_qa: Taskhash mismatch 6dbe73461542a6703477da1efa6177c0b17368eb6f30e9dbf661c59eabaa0ad9 versus aa123e58851d9faa1a2e568730e69348cb13a646bf10094f0d7671b2fa3e2415 for /home/deby/poky/meta-debian/recipes-kernel/linux-libc-headers/linux-libc-headers-base_git.bb.do_package_qa
NOTE: recipe linux-libc-headers-base-gitAUTOINC+2951eded01-r0: task do_package_qa: Succeeded
ERROR: Taskhash mismatch 6dbe73461542a6703477da1efa6177c0b17368eb6f30e9dbf661c59eabaa0ad9 versus aa123e58851d9faa1a2e568730e69348cb13a646bf10094f0d7671b2fa3e2415 for /home/deby/poky/meta-debian/recipes-kernel/linux-libc-headers/linux-libc-headers-base_git.bb.do_package_qa
ERROR: linux-libc-headers-base-gitAUTOINC+2951eded01-r0 do_package_write_deb: Taskhash mismatch 0f2bba3fd7da6959752c1fc7edaab3df3d41a9d80578f24a7d23d8a882a641b3 versus b6c5d63ad8d2f63f64609492d065228346a7e18146f9d7ebbb7de61058afb332 for /home/deby/poky/meta-debian/recipes-kernel/linux-libc-headers/linux-libc-headers-base_git.bb.do_package_write_deb
NOTE: recipe linux-libc-headers-base-gitAUTOINC+2951eded01-r0: task do_package_write_deb: Succeeded
ERROR: Taskhash mismatch 0f2bba3fd7da6959752c1fc7edaab3df3d41a9d80578f24a7d23d8a882a641b3 versus b6c5d63ad8d2f63f64609492d065228346a7e18146f9d7ebbb7de61058afb332 for /home/deby/poky/meta-debian/recipes-kernel/linux-libc-headers/linux-libc-headers-base_git.bb.do_package_write_deb
NOTE: Running noexec task 412 of 412 (/home/deby/poky/meta-debian/recipes-kernel/linux-libc-headers/linux-libc-headers-base_git.bb:do_build)
NOTE: Tasks Summary: Attempted 412 tasks of which 398 didn't need to be rerun and all succeeded.

Summary: There was 1 WARNING message shown.
Summary: There were 234 ERROR messages shown, returning a non-zero exit code.
