Loading cache...done.
Loaded 1825 entries from dependency cache.
Parsing recipes...done.
Parsing of 1043 .bb files complete (1041 cached, 2 parsed). 1828 targets, 56 skipped, 0 masked, 0 errors.
NOTE: Resolving any missing task queue dependencies

Build Configuration:
BB_VERSION           = "1.42.0"
BUILD_SYS            = "x86_64-linux"
NATIVELSBSTRING      = "universal"
TARGET_SYS           = "aarch64-deby-linux"
MACHINE              = "qemuarm64"
DISTRO               = "deby"
DISTRO_VERSION       = "10.0"
TUNE_FEATURES        = "aarch64 armv8a crc"
TARGET_FPU           = ""
meta                 
meta-poky            = "warrior:79a850a10a4b88a6d20d607b322542f947874323"
meta-debian          = "warrior:fda6a80e4cae9aa03f502551f35fe41beb7bb944"

Initialising tasks...done.
Sstate summary: Wanted 3 Found 0 Missed 3 Current 465 (0% match, 99% complete)
NOTE: Executing SetScene Tasks
NOTE: Executing RunQueue Tasks
NOTE: Running task 2163 of 2167 (/home/deby/poky/meta-debian/recipes-debian/paramiko/python-paramiko_debian.bb:do_populate_lic)
NOTE: Running task 2165 of 2167 (/home/deby/poky/meta-debian/recipes-debian/paramiko/python-paramiko_debian.bb:do_package_qa)
NOTE: recipe python-paramiko-2.4.2-r0: task do_populate_lic: Started
NOTE: recipe python-paramiko-2.4.2-r0: task do_populate_lic: Succeeded
NOTE: Running task 2166 of 2167 (/home/deby/poky/meta-debian/recipes-debian/paramiko/python-paramiko_debian.bb:do_populate_sysroot)
NOTE: recipe python-paramiko-2.4.2-r0: task do_populate_sysroot: Started
NOTE: recipe python-paramiko-2.4.2-r0: task do_package_qa: Started
NOTE: recipe python-paramiko-2.4.2-r0: task do_populate_sysroot: Succeeded
NOTE: recipe python-paramiko-2.4.2-r0: task do_package_qa: Succeeded
NOTE: Running noexec task 2167 of 2167 (/home/deby/poky/meta-debian/recipes-debian/paramiko/python-paramiko_debian.bb:do_build)
NOTE: Tasks Summary: Attempted 2167 tasks of which 2163 didn't need to be rerun and all succeeded.
