Loading cache...done.
Loaded 1723 entries from dependency cache.
NOTE: Resolving any missing task queue dependencies

Build Configuration:
BB_VERSION           = "1.42.0"
BUILD_SYS            = "x86_64-linux"
NATIVELSBSTRING      = "universal"
TARGET_SYS           = "aarch64-deby-linux"
MACHINE              = "qemuarm64"
DISTRO               = "deby"
DISTRO_VERSION       = "10.0"
TUNE_FEATURES        = "aarch64 armv8a crc"
TARGET_FPU           = ""
meta                 
meta-poky            = "warrior:79a850a10a4b88a6d20d607b322542f947874323"
meta-debian          = "warrior:79407869d1e56b8c7cb9ac0a9a48a4923ffa202b"

Initialising tasks...done.
Sstate summary: Wanted 33 Found 0 Missed 33 Current 455 (0% match, 93% complete)
NOTE: Executing SetScene Tasks
NOTE: Executing RunQueue Tasks
NOTE: Running task 1147 of 2168 (/home/deby/poky/meta-debian/recipes-debian/rsyslog/libfastjson_debian.bb:do_fetch)
NOTE: Running task 1149 of 2168 (/home/deby/poky/meta-debian/recipes-debian/rsyslog/librelp_debian.bb:do_fetch)
NOTE: Running task 1150 of 2168 (/home/deby/poky/meta-debian/recipes-debian/libestr/libestr_debian.bb:do_fetch)
NOTE: Running task 1173 of 2168 (/home/deby/poky/meta-debian/recipes-debian/rsyslog/rsyslog_debian.bb:do_fetch)
NOTE: Running task 1196 of 2168 (/home/deby/poky/meta-debian/recipes-debian/gzip/gzip_debian.bb:do_fetch)
NOTE: Running task 1198 of 2168 (/home/deby/poky/meta/recipes-extended/libidn/libidn_1.35.bb:do_fetch)
NOTE: Running task 1340 of 2168 (/home/deby/poky/meta-debian/recipes-debian/popt/popt_debian.bb:do_fetch)
NOTE: Running task 1672 of 2168 (/home/deby/poky/meta/recipes-extended/logrotate/logrotate_3.15.0.bb:do_fetch)
NOTE: Running task 1789 of 2168 (/home/deby/poky/meta-debian/recipes-debian/coreutils/coreutils_debian.bb:do_populate_sysroot)
NOTE: recipe libfastjson-0.99.8-r0: task do_fetch: Started
NOTE: recipe librelp-1.3.0-r0: task do_fetch: Started
NOTE: recipe libestr-0.1.10-r0: task do_fetch: Started
NOTE: recipe popt-1.16-r0: task do_fetch: Started
NOTE: recipe gzip-1.9-r0: task do_fetch: Started
NOTE: recipe rsyslog-8.1901.0-r0: task do_fetch: Started
NOTE: recipe libidn-1.35-r0: task do_fetch: Started
NOTE: recipe libestr-0.1.10-r0: task do_fetch: Succeeded
NOTE: Running task 2070 of 2168 (/home/deby/poky/meta-debian/recipes-debian/libestr/libestr_debian.bb:do_unpack)
NOTE: Running task 2071 of 2168 (/home/deby/poky/meta-debian/recipes-debian/libestr/libestr_debian.bb:do_prepare_recipe_sysroot)
NOTE: recipe libfastjson-0.99.8-r0: task do_fetch: Succeeded
NOTE: Running task 2072 of 2168 (/home/deby/poky/meta-debian/recipes-debian/rsyslog/libfastjson_debian.bb:do_unpack)
NOTE: Running task 2073 of 2168 (/home/deby/poky/meta-debian/recipes-debian/rsyslog/libfastjson_debian.bb:do_prepare_recipe_sysroot)
NOTE: recipe popt-1.16-r0: task do_fetch: Succeeded
NOTE: Running task 2074 of 2168 (/home/deby/poky/meta-debian/recipes-debian/popt/popt_debian.bb:do_unpack)
NOTE: Running task 2075 of 2168 (/home/deby/poky/meta-debian/recipes-debian/popt/popt_debian.bb:do_prepare_recipe_sysroot)
NOTE: recipe libidn-1.35-r0: task do_fetch: Succeeded
NOTE: recipe logrotate-3.15.0-r0: task do_fetch: Started
NOTE: Running task 2076 of 2168 (/home/deby/poky/meta/recipes-extended/libidn/libidn_1.35.bb:do_unpack)
NOTE: Running task 2077 of 2168 (/home/deby/poky/meta/recipes-extended/libidn/libidn_1.35.bb:do_prepare_recipe_sysroot)
NOTE: recipe coreutils-8.30-r0: task do_populate_sysroot: Started
NOTE: recipe gzip-1.9-r0: task do_fetch: Succeeded
NOTE: Running task 2078 of 2168 (/home/deby/poky/meta-debian/recipes-debian/gzip/gzip_debian.bb:do_unpack)
NOTE: Running task 2079 of 2168 (/home/deby/poky/meta-debian/recipes-debian/gzip/gzip_debian.bb:do_prepare_recipe_sysroot)
NOTE: recipe librelp-1.3.0-r0: task do_fetch: Succeeded
NOTE: Running task 2080 of 2168 (/home/deby/poky/meta-debian/recipes-debian/rsyslog/librelp_debian.bb:do_unpack)
NOTE: recipe logrotate-3.15.0-r0: task do_fetch: Succeeded
NOTE: Running task 2081 of 2168 (/home/deby/poky/meta/recipes-extended/logrotate/logrotate_3.15.0.bb:do_unpack)
NOTE: recipe rsyslog-8.1901.0-r0: task do_fetch: Succeeded
NOTE: recipe libfastjson-0.99.8-r0: task do_unpack: Started
NOTE: recipe libestr-0.1.10-r0: task do_unpack: Started
NOTE: recipe libestr-0.1.10-r0: task do_prepare_recipe_sysroot: Started
NOTE: Running task 2082 of 2168 (/home/deby/poky/meta-debian/recipes-debian/rsyslog/rsyslog_debian.bb:do_unpack)
NOTE: recipe popt-1.16-r0: task do_unpack: Started
NOTE: recipe libfastjson-0.99.8-r0: task do_prepare_recipe_sysroot: Started
NOTE: recipe popt-1.16-r0: task do_prepare_recipe_sysroot: Started
NOTE: recipe libidn-1.35-r0: task do_prepare_recipe_sysroot: Started
NOTE: recipe libidn-1.35-r0: task do_unpack: Started
NOTE: recipe librelp-1.3.0-r0: task do_unpack: Started
NOTE: recipe gzip-1.9-r0: task do_unpack: Started
NOTE: recipe logrotate-3.15.0-r0: task do_unpack: Started
NOTE: recipe libestr-0.1.10-r0: task do_unpack: Succeeded
NOTE: Running task 2083 of 2168 (/home/deby/poky/meta-debian/recipes-debian/libestr/libestr_debian.bb:do_debian_unpack_extra)
NOTE: recipe libfastjson-0.99.8-r0: task do_unpack: Succeeded
NOTE: Running task 2084 of 2168 (/home/deby/poky/meta-debian/recipes-debian/rsyslog/libfastjson_debian.bb:do_debian_unpack_extra)
NOTE: recipe gzip-1.9-r0: task do_prepare_recipe_sysroot: Started
NOTE: recipe popt-1.16-r0: task do_unpack: Succeeded
NOTE: Running task 2085 of 2168 (/home/deby/poky/meta-debian/recipes-debian/popt/popt_debian.bb:do_debian_unpack_extra)
NOTE: recipe rsyslog-8.1901.0-r0: task do_unpack: Started
NOTE: recipe libestr-0.1.10-r0: task do_debian_unpack_extra: Started
NOTE: recipe libfastjson-0.99.8-r0: task do_debian_unpack_extra: Started
NOTE: recipe popt-1.16-r0: task do_debian_unpack_extra: Started
NOTE: recipe libestr-0.1.10-r0: task do_debian_unpack_extra: Succeeded
NOTE: Running task 2086 of 2168 (/home/deby/poky/meta-debian/recipes-debian/libestr/libestr_debian.bb:do_debian_patch)
NOTE: recipe popt-1.16-r0: task do_debian_unpack_extra: Succeeded
NOTE: Running task 2087 of 2168 (/home/deby/poky/meta-debian/recipes-debian/popt/popt_debian.bb:do_debian_patch)
NOTE: recipe libestr-0.1.10-r0: task do_debian_patch: Started
NOTE: recipe popt-1.16-r0: task do_debian_patch: Started
NOTE: recipe libfastjson-0.99.8-r0: task do_debian_unpack_extra: Succeeded
NOTE: Running task 2088 of 2168 (/home/deby/poky/meta-debian/recipes-debian/rsyslog/libfastjson_debian.bb:do_debian_patch)
NOTE: recipe libfastjson-0.99.8-r0: task do_debian_patch: Started
NOTE: recipe librelp-1.3.0-r0: task do_unpack: Succeeded
NOTE: Running task 2089 of 2168 (/home/deby/poky/meta-debian/recipes-debian/rsyslog/librelp_debian.bb:do_debian_unpack_extra)
NOTE: recipe gzip-1.9-r0: task do_unpack: Succeeded
NOTE: Running task 2090 of 2168 (/home/deby/poky/meta-debian/recipes-debian/gzip/gzip_debian.bb:do_debian_unpack_extra)
NOTE: recipe librelp-1.3.0-r0: task do_debian_unpack_extra: Started
NOTE: recipe gzip-1.9-r0: task do_debian_unpack_extra: Started
NOTE: recipe librelp-1.3.0-r0: task do_debian_unpack_extra: Succeeded
NOTE: Running task 2091 of 2168 (/home/deby/poky/meta-debian/recipes-debian/rsyslog/librelp_debian.bb:do_debian_patch)
NOTE: recipe gzip-1.9-r0: task do_debian_unpack_extra: Succeeded
NOTE: Running task 2092 of 2168 (/home/deby/poky/meta-debian/recipes-debian/gzip/gzip_debian.bb:do_debian_patch)
NOTE: recipe librelp-1.3.0-r0: task do_debian_patch: Started
NOTE: recipe gzip-1.9-r0: task do_debian_patch: Started
NOTE: recipe librelp-1.3.0-r0: task do_debian_patch: Succeeded
NOTE: Running task 2093 of 2168 (/home/deby/poky/meta-debian/recipes-debian/rsyslog/librelp_debian.bb:do_patch)
NOTE: recipe librelp-1.3.0-r0: task do_patch: Started
NOTE: recipe librelp-1.3.0-r0: task do_patch: Succeeded
NOTE: recipe libestr-0.1.10-r0: task do_prepare_recipe_sysroot: Succeeded
NOTE: recipe libfastjson-0.99.8-r0: task do_prepare_recipe_sysroot: Succeeded
NOTE: recipe libestr-0.1.10-r0: task do_debian_patch: Succeeded
NOTE: Running task 2094 of 2168 (/home/deby/poky/meta-debian/recipes-debian/libestr/libestr_debian.bb:do_patch)
NOTE: recipe libfastjson-0.99.8-r0: task do_debian_patch: Succeeded
NOTE: recipe libestr-0.1.10-r0: task do_patch: Started
NOTE: Running task 2095 of 2168 (/home/deby/poky/meta-debian/recipes-debian/rsyslog/libfastjson_debian.bb:do_patch)
NOTE: recipe libestr-0.1.10-r0: task do_patch: Succeeded
NOTE: recipe logrotate-3.15.0-r0: task do_unpack: Succeeded
NOTE: Running task 2096 of 2168 (/home/deby/poky/meta-debian/recipes-debian/libestr/libestr_debian.bb:do_configure)
NOTE: Running task 2097 of 2168 (/home/deby/poky/meta/recipes-extended/logrotate/logrotate_3.15.0.bb:do_patch)
NOTE: recipe libfastjson-0.99.8-r0: task do_patch: Started
NOTE: recipe libestr-0.1.10-r0: task do_configure: Started
NOTE: recipe logrotate-3.15.0-r0: task do_patch: Started
NOTE: recipe gzip-1.9-r0: task do_prepare_recipe_sysroot: Succeeded
NOTE: recipe popt-1.16-r0: task do_prepare_recipe_sysroot: Succeeded
NOTE: recipe libidn-1.35-r0: task do_unpack: Succeeded
NOTE: Running task 2098 of 2168 (/home/deby/poky/meta/recipes-extended/libidn/libidn_1.35.bb:do_patch)
NOTE: recipe rsyslog-8.1901.0-r0: task do_unpack: Succeeded
NOTE: Running task 2099 of 2168 (/home/deby/poky/meta-debian/recipes-debian/rsyslog/rsyslog_debian.bb:do_debian_unpack_extra)
NOTE: recipe libfastjson-0.99.8-r0: task do_patch: Succeeded
NOTE: Running task 2100 of 2168 (/home/deby/poky/meta-debian/recipes-debian/rsyslog/libfastjson_debian.bb:do_configure)
NOTE: recipe libidn-1.35-r0: task do_patch: Started
NOTE: recipe gzip-1.9-r0: task do_debian_patch: Succeeded
NOTE: recipe coreutils-8.30-r0: task do_populate_sysroot: Succeeded
NOTE: Running task 2101 of 2168 (/home/deby/poky/meta-debian/recipes-debian/gzip/gzip_debian.bb:do_patch)
NOTE: recipe rsyslog-8.1901.0-r0: task do_debian_unpack_extra: Started
NOTE: recipe logrotate-3.15.0-r0: task do_patch: Succeeded
NOTE: recipe rsyslog-8.1901.0-r0: task do_debian_unpack_extra: Succeeded
NOTE: Running task 2102 of 2168 (/home/deby/poky/meta-debian/recipes-debian/rsyslog/rsyslog_debian.bb:do_debian_patch)
NOTE: recipe libfastjson-0.99.8-r0: task do_configure: Started
NOTE: recipe popt-1.16-r0: task do_debian_patch: Succeeded
NOTE: Running task 2103 of 2168 (/home/deby/poky/meta-debian/recipes-debian/popt/popt_debian.bb:do_patch)
NOTE: recipe gzip-1.9-r0: task do_patch: Started
NOTE: recipe gzip-1.9-r0: task do_patch: Succeeded
NOTE: Running task 2104 of 2168 (/home/deby/poky/meta-debian/recipes-debian/gzip/gzip_debian.bb:do_configure)
NOTE: recipe rsyslog-8.1901.0-r0: task do_debian_patch: Started
NOTE: recipe popt-1.16-r0: task do_patch: Started
NOTE: recipe popt-1.16-r0: task do_patch: Succeeded
NOTE: Running task 2105 of 2168 (/home/deby/poky/meta-debian/recipes-debian/popt/popt_debian.bb:do_configure)
NOTE: recipe gzip-1.9-r0: task do_configure: Started
NOTE: recipe rsyslog-8.1901.0-r0: task do_debian_patch: Succeeded
NOTE: Running task 2106 of 2168 (/home/deby/poky/meta-debian/recipes-debian/rsyslog/rsyslog_debian.bb:do_patch)
NOTE: recipe libidn-1.35-r0: task do_prepare_recipe_sysroot: Succeeded
NOTE: recipe popt-1.16-r0: task do_configure: Started
NOTE: recipe rsyslog-8.1901.0-r0: task do_patch: Started
NOTE: recipe rsyslog-8.1901.0-r0: task do_patch: Succeeded
NOTE: Running task 2107 of 2168 (/home/deby/poky/meta-debian/recipes-debian/rsyslog/rsyslog_debian.bb:do_populate_lic)
NOTE: recipe rsyslog-8.1901.0-r0: task do_populate_lic: Started
NOTE: recipe libidn-1.35-r0: task do_patch: Succeeded
NOTE: Running task 2108 of 2168 (/home/deby/poky/meta/recipes-extended/libidn/libidn_1.35.bb:do_configure)
NOTE: recipe libidn-1.35-r0: task do_configure: Started
NOTE: recipe rsyslog-8.1901.0-r0: task do_populate_lic: Succeeded
NOTE: recipe libestr-0.1.10-r0: task do_configure: Succeeded
NOTE: Running task 2109 of 2168 (/home/deby/poky/meta-debian/recipes-debian/libestr/libestr_debian.bb:do_compile)
NOTE: recipe libestr-0.1.10-r0: task do_compile: Started
NOTE: recipe libestr-0.1.10-r0: task do_compile: Succeeded
NOTE: Running task 2110 of 2168 (/home/deby/poky/meta-debian/recipes-debian/libestr/libestr_debian.bb:do_install)
NOTE: recipe libestr-0.1.10-r0: task do_install: Started
NOTE: recipe libestr-0.1.10-r0: task do_install: Succeeded
NOTE: Running task 2111 of 2168 (/home/deby/poky/meta-debian/recipes-debian/libestr/libestr_debian.bb:do_populate_sysroot)
NOTE: Running task 2112 of 2168 (/home/deby/poky/meta-debian/recipes-debian/libestr/libestr_debian.bb:do_package)
NOTE: recipe libestr-0.1.10-r0: task do_populate_sysroot: Started
NOTE: recipe libestr-0.1.10-r0: task do_package: Started
NOTE: recipe libestr-0.1.10-r0: task do_populate_sysroot: Succeeded
NOTE: recipe popt-1.16-r0: task do_configure: Succeeded
NOTE: Running task 2113 of 2168 (/home/deby/poky/meta-debian/recipes-debian/popt/popt_debian.bb:do_compile)
NOTE: recipe popt-1.16-r0: task do_compile: Started
NOTE: recipe libfastjson-0.99.8-r0: task do_configure: Succeeded
NOTE: Running task 2114 of 2168 (/home/deby/poky/meta-debian/recipes-debian/rsyslog/libfastjson_debian.bb:do_compile)
NOTE: recipe libfastjson-0.99.8-r0: task do_compile: Started
NOTE: recipe popt-1.16-r0: task do_compile: Succeeded
NOTE: Running task 2115 of 2168 (/home/deby/poky/meta-debian/recipes-debian/popt/popt_debian.bb:do_install)
NOTE: recipe libfastjson-0.99.8-r0: task do_compile: Succeeded
NOTE: Running task 2116 of 2168 (/home/deby/poky/meta-debian/recipes-debian/rsyslog/libfastjson_debian.bb:do_install)
NOTE: recipe popt-1.16-r0: task do_install: Started
NOTE: recipe libfastjson-0.99.8-r0: task do_install: Started
NOTE: recipe libfastjson-0.99.8-r0: task do_install: Succeeded
NOTE: Running task 2117 of 2168 (/home/deby/poky/meta-debian/recipes-debian/rsyslog/libfastjson_debian.bb:do_populate_sysroot)
NOTE: Running task 2118 of 2168 (/home/deby/poky/meta-debian/recipes-debian/rsyslog/libfastjson_debian.bb:do_package)
NOTE: recipe libfastjson-0.99.8-r0: task do_populate_sysroot: Started
NOTE: recipe libfastjson-0.99.8-r0: task do_package: Started
NOTE: recipe libfastjson-0.99.8-r0: task do_populate_sysroot: Succeeded
NOTE: recipe popt-1.16-r0: task do_install: Succeeded
NOTE: Running task 2119 of 2168 (/home/deby/poky/meta-debian/recipes-debian/popt/popt_debian.bb:do_package)
NOTE: Running task 2120 of 2168 (/home/deby/poky/meta-debian/recipes-debian/popt/popt_debian.bb:do_populate_sysroot)
NOTE: recipe popt-1.16-r0: task do_populate_sysroot: Started
NOTE: recipe popt-1.16-r0: task do_package: Started
NOTE: recipe popt-1.16-r0: task do_populate_sysroot: Succeeded
NOTE: Running task 2121 of 2168 (/home/deby/poky/meta/recipes-extended/logrotate/logrotate_3.15.0.bb:do_prepare_recipe_sysroot)
NOTE: recipe logrotate-3.15.0-r0: task do_prepare_recipe_sysroot: Started
NOTE: recipe logrotate-3.15.0-r0: task do_prepare_recipe_sysroot: Succeeded
NOTE: Running task 2122 of 2168 (/home/deby/poky/meta/recipes-extended/logrotate/logrotate_3.15.0.bb:do_configure)
NOTE: recipe logrotate-3.15.0-r0: task do_configure: Started
NOTE: recipe libestr-0.1.10-r0: task do_package: Succeeded
NOTE: Running task 2123 of 2168 (/home/deby/poky/meta-debian/recipes-debian/libestr/libestr_debian.bb:do_packagedata)
NOTE: recipe libestr-0.1.10-r0: task do_packagedata: Started
NOTE: recipe libestr-0.1.10-r0: task do_packagedata: Succeeded
NOTE: Running task 2124 of 2168 (/home/deby/poky/meta-debian/recipes-debian/libestr/libestr_debian.bb:do_package_write_deb)
NOTE: recipe libestr-0.1.10-r0: task do_package_write_deb: Started
NOTE: recipe libestr-0.1.10-r0: task do_package_write_deb: Succeeded
NOTE: recipe logrotate-3.15.0-r0: task do_configure: Succeeded
NOTE: Running task 2125 of 2168 (/home/deby/poky/meta/recipes-extended/logrotate/logrotate_3.15.0.bb:do_compile)
NOTE: recipe logrotate-3.15.0-r0: task do_compile: Started
NOTE: recipe logrotate-3.15.0-r0: task do_compile: Succeeded
NOTE: Running task 2126 of 2168 (/home/deby/poky/meta/recipes-extended/logrotate/logrotate_3.15.0.bb:do_install)
NOTE: recipe logrotate-3.15.0-r0: task do_install: Started
NOTE: recipe logrotate-3.15.0-r0: task do_install: Succeeded
NOTE: recipe libfastjson-0.99.8-r0: task do_package: Succeeded
NOTE: Running task 2127 of 2168 (/home/deby/poky/meta-debian/recipes-debian/rsyslog/libfastjson_debian.bb:do_packagedata)
NOTE: recipe libfastjson-0.99.8-r0: task do_packagedata: Started
NOTE: recipe libfastjson-0.99.8-r0: task do_packagedata: Succeeded
NOTE: Running task 2128 of 2168 (/home/deby/poky/meta-debian/recipes-debian/rsyslog/libfastjson_debian.bb:do_package_write_deb)
NOTE: recipe libfastjson-0.99.8-r0: task do_package_write_deb: Started
NOTE: recipe popt-1.16-r0: task do_package: Succeeded
NOTE: Running task 2129 of 2168 (/home/deby/poky/meta-debian/recipes-debian/popt/popt_debian.bb:do_packagedata)
NOTE: recipe popt-1.16-r0: task do_packagedata: Started
NOTE: recipe popt-1.16-r0: task do_packagedata: Succeeded
NOTE: Running task 2130 of 2168 (/home/deby/poky/meta/recipes-extended/logrotate/logrotate_3.15.0.bb:do_package)
NOTE: Running task 2131 of 2168 (/home/deby/poky/meta-debian/recipes-debian/popt/popt_debian.bb:do_package_write_deb)
NOTE: recipe logrotate-3.15.0-r0: task do_package: Started
NOTE: recipe popt-1.16-r0: task do_package_write_deb: Started
NOTE: recipe libfastjson-0.99.8-r0: task do_package_write_deb: Succeeded
NOTE: recipe gzip-1.9-r0: task do_configure: Succeeded
NOTE: Running task 2132 of 2168 (/home/deby/poky/meta-debian/recipes-debian/gzip/gzip_debian.bb:do_configure_ptest_base)
NOTE: recipe gzip-1.9-r0: task do_configure_ptest_base: Started
NOTE: recipe gzip-1.9-r0: task do_configure_ptest_base: Succeeded
NOTE: Running task 2133 of 2168 (/home/deby/poky/meta-debian/recipes-debian/gzip/gzip_debian.bb:do_compile)
NOTE: recipe popt-1.16-r0: task do_package_write_deb: Succeeded
NOTE: recipe gzip-1.9-r0: task do_compile: Started
NOTE: recipe gzip-1.9-r0: task do_compile: Succeeded
NOTE: Running task 2134 of 2168 (/home/deby/poky/meta-debian/recipes-debian/gzip/gzip_debian.bb:do_compile_ptest_base)
NOTE: recipe gzip-1.9-r0: task do_compile_ptest_base: Started
NOTE: recipe gzip-1.9-r0: task do_compile_ptest_base: Succeeded
NOTE: Running task 2135 of 2168 (/home/deby/poky/meta-debian/recipes-debian/gzip/gzip_debian.bb:do_install)
NOTE: recipe gzip-1.9-r0: task do_install: Started
NOTE: recipe gzip-1.9-r0: task do_install: Succeeded
NOTE: Running task 2136 of 2168 (/home/deby/poky/meta-debian/recipes-debian/gzip/gzip_debian.bb:do_install_ptest_base)
NOTE: recipe gzip-1.9-r0: task do_install_ptest_base: Started
NOTE: recipe gzip-1.9-r0: task do_install_ptest_base: Succeeded
NOTE: Running task 2137 of 2168 (/home/deby/poky/meta-debian/recipes-debian/gzip/gzip_debian.bb:do_package)
NOTE: recipe gzip-1.9-r0: task do_package: Started
NOTE: recipe logrotate-3.15.0-r0: task do_package: Succeeded
NOTE: Running task 2138 of 2168 (/home/deby/poky/meta/recipes-extended/logrotate/logrotate_3.15.0.bb:do_packagedata)
NOTE: recipe logrotate-3.15.0-r0: task do_packagedata: Started
NOTE: recipe logrotate-3.15.0-r0: task do_packagedata: Succeeded
NOTE: Running task 2139 of 2168 (/home/deby/poky/meta/recipes-extended/logrotate/logrotate_3.15.0.bb:do_package_write_deb)
NOTE: recipe logrotate-3.15.0-r0: task do_package_write_deb: Started
NOTE: recipe logrotate-3.15.0-r0: task do_package_write_deb: Succeeded
NOTE: recipe gzip-1.9-r0: task do_package: Succeeded
NOTE: Running task 2140 of 2168 (/home/deby/poky/meta-debian/recipes-debian/gzip/gzip_debian.bb:do_packagedata)
NOTE: recipe gzip-1.9-r0: task do_packagedata: Started
NOTE: recipe gzip-1.9-r0: task do_packagedata: Succeeded
NOTE: Running task 2141 of 2168 (/home/deby/poky/meta-debian/recipes-debian/gzip/gzip_debian.bb:do_package_write_deb)
NOTE: recipe gzip-1.9-r0: task do_package_write_deb: Started
NOTE: recipe gzip-1.9-r0: task do_package_write_deb: Succeeded
NOTE: recipe libidn-1.35-r0: task do_configure: Succeeded
NOTE: Running task 2142 of 2168 (/home/deby/poky/meta/recipes-extended/libidn/libidn_1.35.bb:do_compile)
NOTE: recipe libidn-1.35-r0: task do_compile: Started
NOTE: recipe libidn-1.35-r0: task do_compile: Succeeded
NOTE: Running task 2143 of 2168 (/home/deby/poky/meta/recipes-extended/libidn/libidn_1.35.bb:do_install)
NOTE: recipe libidn-1.35-r0: task do_install: Started
NOTE: recipe libidn-1.35-r0: task do_install: Succeeded
NOTE: Running task 2144 of 2168 (/home/deby/poky/meta/recipes-extended/libidn/libidn_1.35.bb:do_populate_sysroot)
NOTE: Running task 2145 of 2168 (/home/deby/poky/meta/recipes-extended/libidn/libidn_1.35.bb:do_package)
NOTE: recipe libidn-1.35-r0: task do_populate_sysroot: Started
NOTE: recipe libidn-1.35-r0: task do_package: Started
NOTE: recipe libidn-1.35-r0: task do_populate_sysroot: Succeeded
NOTE: Running task 2146 of 2168 (/home/deby/poky/meta-debian/recipes-debian/rsyslog/librelp_debian.bb:do_prepare_recipe_sysroot)
NOTE: recipe librelp-1.3.0-r0: task do_prepare_recipe_sysroot: Started
NOTE: recipe librelp-1.3.0-r0: task do_prepare_recipe_sysroot: Succeeded
NOTE: Running task 2147 of 2168 (/home/deby/poky/meta-debian/recipes-debian/rsyslog/librelp_debian.bb:do_configure)
NOTE: recipe librelp-1.3.0-r0: task do_configure: Started
NOTE: recipe libidn-1.35-r0: task do_package: Succeeded
NOTE: Running task 2148 of 2168 (/home/deby/poky/meta/recipes-extended/libidn/libidn_1.35.bb:do_packagedata)
NOTE: recipe libidn-1.35-r0: task do_packagedata: Started
NOTE: recipe libidn-1.35-r0: task do_packagedata: Succeeded
NOTE: Running task 2149 of 2168 (/home/deby/poky/meta/recipes-extended/libidn/libidn_1.35.bb:do_package_write_deb)
NOTE: recipe libidn-1.35-r0: task do_package_write_deb: Started
NOTE: recipe libidn-1.35-r0: task do_package_write_deb: Succeeded
NOTE: recipe librelp-1.3.0-r0: task do_configure: Succeeded
NOTE: Running task 2150 of 2168 (/home/deby/poky/meta-debian/recipes-debian/rsyslog/librelp_debian.bb:do_compile)
NOTE: recipe librelp-1.3.0-r0: task do_compile: Started
NOTE: recipe librelp-1.3.0-r0: task do_compile: Succeeded
NOTE: Running task 2151 of 2168 (/home/deby/poky/meta-debian/recipes-debian/rsyslog/librelp_debian.bb:do_install)
NOTE: recipe librelp-1.3.0-r0: task do_install: Started
NOTE: recipe librelp-1.3.0-r0: task do_install: Succeeded
NOTE: Running task 2152 of 2168 (/home/deby/poky/meta-debian/recipes-debian/rsyslog/librelp_debian.bb:do_populate_sysroot)
NOTE: Running task 2153 of 2168 (/home/deby/poky/meta-debian/recipes-debian/rsyslog/librelp_debian.bb:do_package)
NOTE: recipe librelp-1.3.0-r0: task do_populate_sysroot: Started
NOTE: recipe librelp-1.3.0-r0: task do_package: Started
NOTE: recipe librelp-1.3.0-r0: task do_populate_sysroot: Succeeded
NOTE: Running task 2154 of 2168 (/home/deby/poky/meta-debian/recipes-debian/rsyslog/rsyslog_debian.bb:do_prepare_recipe_sysroot)
NOTE: recipe rsyslog-8.1901.0-r0: task do_prepare_recipe_sysroot: Started
NOTE: recipe rsyslog-8.1901.0-r0: task do_prepare_recipe_sysroot: Succeeded
NOTE: Running task 2155 of 2168 (/home/deby/poky/meta-debian/recipes-debian/rsyslog/rsyslog_debian.bb:do_configure)
NOTE: recipe rsyslog-8.1901.0-r0: task do_configure: Started
NOTE: recipe librelp-1.3.0-r0: task do_package: Succeeded
NOTE: Running task 2156 of 2168 (/home/deby/poky/meta-debian/recipes-debian/rsyslog/librelp_debian.bb:do_packagedata)
NOTE: recipe librelp-1.3.0-r0: task do_packagedata: Started
NOTE: recipe librelp-1.3.0-r0: task do_packagedata: Succeeded
NOTE: Running task 2157 of 2168 (/home/deby/poky/meta-debian/recipes-debian/rsyslog/librelp_debian.bb:do_package_write_deb)
NOTE: recipe librelp-1.3.0-r0: task do_package_write_deb: Started
NOTE: recipe librelp-1.3.0-r0: task do_package_write_deb: Succeeded
NOTE: recipe rsyslog-8.1901.0-r0: task do_configure: Succeeded
NOTE: Running task 2158 of 2168 (/home/deby/poky/meta-debian/recipes-debian/rsyslog/rsyslog_debian.bb:do_configure_ptest_base)
NOTE: recipe rsyslog-8.1901.0-r0: task do_configure_ptest_base: Started
NOTE: recipe rsyslog-8.1901.0-r0: task do_configure_ptest_base: Succeeded
NOTE: Running task 2159 of 2168 (/home/deby/poky/meta-debian/recipes-debian/rsyslog/rsyslog_debian.bb:do_compile)
NOTE: recipe rsyslog-8.1901.0-r0: task do_compile: Started
NOTE: recipe rsyslog-8.1901.0-r0: task do_compile: Succeeded
NOTE: Running task 2160 of 2168 (/home/deby/poky/meta-debian/recipes-debian/rsyslog/rsyslog_debian.bb:do_compile_ptest_base)
NOTE: recipe rsyslog-8.1901.0-r0: task do_compile_ptest_base: Started
NOTE: recipe rsyslog-8.1901.0-r0: task do_compile_ptest_base: Succeeded
NOTE: Running task 2161 of 2168 (/home/deby/poky/meta-debian/recipes-debian/rsyslog/rsyslog_debian.bb:do_install)
NOTE: recipe rsyslog-8.1901.0-r0: task do_install: Started
NOTE: recipe rsyslog-8.1901.0-r0: task do_install: Succeeded
NOTE: Running task 2162 of 2168 (/home/deby/poky/meta-debian/recipes-debian/rsyslog/rsyslog_debian.bb:do_install_ptest_base)
NOTE: recipe rsyslog-8.1901.0-r0: task do_install_ptest_base: Started
NOTE: recipe rsyslog-8.1901.0-r0: task do_install_ptest_base: Succeeded
NOTE: Running task 2163 of 2168 (/home/deby/poky/meta-debian/recipes-debian/rsyslog/rsyslog_debian.bb:do_package)
NOTE: Running task 2164 of 2168 (/home/deby/poky/meta-debian/recipes-debian/rsyslog/rsyslog_debian.bb:do_populate_sysroot)
NOTE: recipe rsyslog-8.1901.0-r0: task do_populate_sysroot: Started
NOTE: recipe rsyslog-8.1901.0-r0: task do_package: Started
NOTE: recipe rsyslog-8.1901.0-r0: task do_populate_sysroot: Succeeded
NOTE: recipe rsyslog-8.1901.0-r0: task do_package: Succeeded
NOTE: Running task 2165 of 2168 (/home/deby/poky/meta-debian/recipes-debian/rsyslog/rsyslog_debian.bb:do_packagedata)
NOTE: recipe rsyslog-8.1901.0-r0: task do_packagedata: Started
NOTE: recipe rsyslog-8.1901.0-r0: task do_packagedata: Succeeded
NOTE: Running task 2166 of 2168 (/home/deby/poky/meta-debian/recipes-debian/rsyslog/rsyslog_debian.bb:do_package_write_deb)
NOTE: Running task 2167 of 2168 (/home/deby/poky/meta-debian/recipes-debian/rsyslog/rsyslog_debian.bb:do_package_qa)
NOTE: recipe rsyslog-8.1901.0-r0: task do_package_write_deb: Started
NOTE: recipe rsyslog-8.1901.0-r0: task do_package_qa: Started
NOTE: recipe rsyslog-8.1901.0-r0: task do_package_write_deb: Succeeded
NOTE: recipe rsyslog-8.1901.0-r0: task do_package_qa: Succeeded
NOTE: Running noexec task 2168 of 2168 (/home/deby/poky/meta-debian/recipes-debian/rsyslog/rsyslog_debian.bb:do_build)
NOTE: Tasks Summary: Attempted 2168 tasks of which 2060 didn't need to be rerun and all succeeded.
