WARNING: Host distribution "debian-10" has not been validated with this version of the build system; you may possibly experience unexpected failures. It is recommended that you use a tested distribution.
Loading cache...done.
Loaded 1440 entries from dependency cache.
NOTE: Resolving any missing task queue dependencies

Build Configuration:
BB_VERSION           = "1.42.0"
BUILD_SYS            = "x86_64-linux"
NATIVELSBSTRING      = "universal"
TARGET_SYS           = "x86_64-deby-linux"
MACHINE              = "qemux86-64"
DISTRO               = "deby"
DISTRO_VERSION       = "10.0"
TUNE_FEATURES        = "m64 core2"
TARGET_FPU           = ""
meta                 
meta-poky            = "warrior:51223035e66c5b27799b15a0f8ebe75d24d3971b"
meta-debian          = "warrior-trungdt:47b755ebe41c5afc0ea94d75b55c4f0efd8983fe"

Initialising tasks...done.
Sstate summary: Wanted 64 Found 63 Missed 1 Current 330 (98% match, 99% complete)
NOTE: Executing SetScene Tasks
NOTE: Running setscene task 331 of 394 (/home/deby/poky/meta-debian/recipes-debian/autoconf/autoconf_debian.bb:do_populate_sysroot_setscene)
NOTE: Running setscene task 332 of 394 (/home/deby/poky/meta-debian/recipes-debian/autoconf/autoconf_debian.bb:do_package_qa_setscene)
NOTE: recipe autoconf-2.69-r0: task do_package_qa_setscene: Started
NOTE: recipe autoconf-2.69-r0: task do_populate_sysroot_setscene: Started
NOTE: recipe autoconf-2.69-r0: task do_package_qa_setscene: Succeeded
NOTE: recipe autoconf-2.69-r0: task do_populate_sysroot_setscene: Succeeded
NOTE: Executing RunQueue Tasks
NOTE: Running noexec task 1670 of 1670 (/home/deby/poky/meta-debian/recipes-debian/autoconf/autoconf_debian.bb:do_build)
NOTE: Tasks Summary: Attempted 1670 tasks of which 1669 didn't need to be rerun and all succeeded.

Summary: There was 1 WARNING message shown.
