WARNING: Host distribution "debian-10" has not been validated with this version of the build system; you may possibly experience unexpected failures. It is recommended that you use a tested distribution.
Loading cache...done.
Loaded 1440 entries from dependency cache.
NOTE: Resolving any missing task queue dependencies

Build Configuration:
BB_VERSION           = "1.42.0"
BUILD_SYS            = "x86_64-linux"
NATIVELSBSTRING      = "universal"
TARGET_SYS           = "x86_64-deby-linux"
MACHINE              = "qemux86-64"
DISTRO               = "deby"
DISTRO_VERSION       = "10.0"
TUNE_FEATURES        = "m64 core2"
TARGET_FPU           = ""
meta                 
meta-poky            = "warrior:51223035e66c5b27799b15a0f8ebe75d24d3971b"
meta-debian          = "warrior-trungdt:47b755ebe41c5afc0ea94d75b55c4f0efd8983fe"

Initialising tasks...done.
Sstate summary: Wanted 90 Found 89 Missed 1 Current 314 (98% match, 99% complete)
NOTE: Executing SetScene Tasks
NOTE: Running setscene task 315 of 404 (/home/deby/poky/meta-debian/recipes-debian/curl/curl_debian.bb:do_populate_sysroot_setscene)
NOTE: Running setscene task 316 of 404 (/home/deby/poky/meta-debian/recipes-debian/curl/curl_debian.bb:do_package_qa_setscene)
NOTE: Running setscene task 317 of 404 (/home/deby/poky/meta-debian/recipes-debian/curl/curl_debian.bb:do_package_write_deb_setscene)
NOTE: Running setscene task 322 of 404 (/home/deby/poky/meta/recipes-support/gnutls/gnutls_3.6.7.bb:do_package_write_deb_setscene)
NOTE: Running setscene task 327 of 404 (/home/deby/poky/meta/recipes-extended/libidn/libidn2_2.0.5.bb:do_package_write_deb_setscene)
NOTE: Running setscene task 328 of 404 (/home/deby/poky/meta/recipes-support/nettle/nettle_3.4.1.bb:do_package_write_deb_setscene)
NOTE: Running setscene task 330 of 404 (/home/deby/poky/meta/recipes-support/libunistring/libunistring_0.9.10.bb:do_package_write_deb_setscene)
NOTE: recipe libidn2-2.0.5-r0: task do_package_write_deb_setscene: Started
NOTE: recipe gnutls-3.6.7-r0: task do_package_write_deb_setscene: Started
NOTE: recipe curl-7.64.0-r1: task do_package_qa_setscene: Started
NOTE: recipe curl-7.64.0-r1: task do_package_write_deb_setscene: Started
NOTE: recipe curl-7.64.0-r1: task do_populate_sysroot_setscene: Started
NOTE: recipe nettle-3.4.1-r0: task do_package_write_deb_setscene: Started
NOTE: recipe libunistring-0.9.10-r0: task do_package_write_deb_setscene: Started
NOTE: recipe nettle-3.4.1-r0: task do_package_write_deb_setscene: Succeeded
NOTE: recipe curl-7.64.0-r1: task do_package_qa_setscene: Succeeded
NOTE: recipe libunistring-0.9.10-r0: task do_package_write_deb_setscene: Succeeded
NOTE: recipe libidn2-2.0.5-r0: task do_package_write_deb_setscene: Succeeded
NOTE: recipe gnutls-3.6.7-r0: task do_package_write_deb_setscene: Succeeded
NOTE: recipe curl-7.64.0-r1: task do_populate_sysroot_setscene: Succeeded
NOTE: recipe curl-7.64.0-r1: task do_package_write_deb_setscene: Succeeded
NOTE: Running setscene task 390 of 404 (/home/deby/poky/meta-debian/recipes-debian/curl/curl_debian.bb:do_packagedata_setscene)
NOTE: recipe curl-7.64.0-r1: task do_packagedata_setscene: Started
NOTE: recipe curl-7.64.0-r1: task do_packagedata_setscene: Succeeded
NOTE: Running setscene task 392 of 404 (/home/deby/poky/meta/recipes-support/gnutls/gnutls_3.6.7.bb:do_populate_sysroot_setscene)
NOTE: Running setscene task 393 of 404 (/home/deby/poky/meta/recipes-support/gnutls/gnutls_3.6.7.bb:do_packagedata_setscene)
NOTE: recipe gnutls-3.6.7-r0: task do_populate_sysroot_setscene: Started
NOTE: recipe gnutls-3.6.7-r0: task do_packagedata_setscene: Started
NOTE: recipe gnutls-3.6.7-r0: task do_populate_sysroot_setscene: Succeeded
NOTE: recipe gnutls-3.6.7-r0: task do_packagedata_setscene: Succeeded
NOTE: Running setscene task 395 of 404 (/home/deby/poky/meta/recipes-extended/libidn/libidn2_2.0.5.bb:do_populate_sysroot_setscene)
NOTE: Running setscene task 396 of 404 (/home/deby/poky/meta/recipes-extended/libidn/libidn2_2.0.5.bb:do_packagedata_setscene)
NOTE: Running setscene task 397 of 404 (/home/deby/poky/meta/recipes-support/nettle/nettle_3.4.1.bb:do_populate_sysroot_setscene)
NOTE: Running setscene task 398 of 404 (/home/deby/poky/meta/recipes-support/nettle/nettle_3.4.1.bb:do_packagedata_setscene)
NOTE: recipe nettle-3.4.1-r0: task do_populate_sysroot_setscene: Started
NOTE: recipe libidn2-2.0.5-r0: task do_packagedata_setscene: Started
NOTE: recipe libidn2-2.0.5-r0: task do_populate_sysroot_setscene: Started
NOTE: recipe nettle-3.4.1-r0: task do_packagedata_setscene: Started
NOTE: recipe libidn2-2.0.5-r0: task do_populate_sysroot_setscene: Succeeded
NOTE: recipe libidn2-2.0.5-r0: task do_packagedata_setscene: Succeeded
NOTE: recipe nettle-3.4.1-r0: task do_populate_sysroot_setscene: Succeeded
NOTE: Running setscene task 400 of 404 (/home/deby/poky/meta/recipes-support/libunistring/libunistring_0.9.10.bb:do_populate_sysroot_setscene)
NOTE: Running setscene task 401 of 404 (/home/deby/poky/meta/recipes-support/libunistring/libunistring_0.9.10.bb:do_packagedata_setscene)
NOTE: recipe nettle-3.4.1-r0: task do_packagedata_setscene: Succeeded
NOTE: recipe libunistring-0.9.10-r0: task do_populate_sysroot_setscene: Started
NOTE: recipe libunistring-0.9.10-r0: task do_packagedata_setscene: Started
NOTE: recipe libunistring-0.9.10-r0: task do_populate_sysroot_setscene: Succeeded
NOTE: recipe libunistring-0.9.10-r0: task do_packagedata_setscene: Succeeded
NOTE: Executing RunQueue Tasks
NOTE: Running noexec task 1695 of 1695 (/home/deby/poky/meta-debian/recipes-debian/curl/curl_debian.bb:do_build)
NOTE: Tasks Summary: Attempted 1695 tasks of which 1694 didn't need to be rerun and all succeeded.

Summary: There was 1 WARNING message shown.
