Loading cache...done.
Loaded 1746 entries from dependency cache.
Parsing recipes...done.
Parsing of 992 .bb files complete (990 cached, 2 parsed). 1733 targets, 43 skipped, 0 masked, 0 errors.
NOTE: Resolving any missing task queue dependencies

Build Configuration:
BB_VERSION           = "1.42.0"
BUILD_SYS            = "x86_64-linux"
NATIVELSBSTRING      = "universal"
TARGET_SYS           = "x86_64-deby-linux"
MACHINE              = "qemux86-64"
DISTRO               = "deby"
DISTRO_VERSION       = "10.0"
TUNE_FEATURES        = "m64 core2"
TARGET_FPU           = ""
meta                 
meta-poky            = "warrior:79a850a10a4b88a6d20d607b322542f947874323"
meta-debian          = "warrior:f7512bd96372e67fe4288cb5cb61cf52d282dd4e"

Initialising tasks...done.
Sstate summary: Wanted 36 Found 0 Missed 36 Current 455 (0% match, 92% complete)
NOTE: Executing SetScene Tasks
NOTE: Executing RunQueue Tasks
NOTE: Running task 1532 of 2184 (/home/deby/poky/meta/recipes-support/libassuan/libassuan_2.5.3.bb:do_prepare_recipe_sysroot)
NOTE: Running task 1579 of 2184 (/home/deby/poky/meta-debian/recipes-debian/librsync/librsync_debian.bb:do_prepare_recipe_sysroot)
NOTE: Running task 1609 of 2184 (/home/deby/poky/meta/recipes-support/libksba/libksba_1.3.5.bb:do_prepare_recipe_sysroot)
NOTE: Running task 1611 of 2184 (/home/deby/poky/meta/recipes-support/npth/npth_1.6.bb:do_prepare_recipe_sysroot)
NOTE: Running task 1783 of 2184 (/home/deby/poky/meta-debian/recipes-debian/python/python-six_debian.bb:do_prepare_recipe_sysroot)
NOTE: Running task 1785 of 2184 (/home/deby/poky/meta-debian/recipes-debian/python/python-monotonic_debian.bb:do_prepare_recipe_sysroot)
NOTE: Running task 1824 of 2184 (/home/deby/poky/meta-debian/recipes-debian/python/python-fasteners_debian.bb:do_prepare_recipe_sysroot)
NOTE: recipe libassuan-2.5.3-r0: task do_prepare_recipe_sysroot: Started
NOTE: recipe librsync-0.9.7-r0: task do_prepare_recipe_sysroot: Started
NOTE: recipe npth-1.6-r0: task do_prepare_recipe_sysroot: Started
NOTE: recipe libksba-1.3.5-r0: task do_prepare_recipe_sysroot: Started
NOTE: recipe python-six-1.12.0-r0: task do_prepare_recipe_sysroot: Started
NOTE: recipe python-fasteners-0.12.0-r0: task do_prepare_recipe_sysroot: Started
NOTE: recipe python-monotonic-1.1-r0: task do_prepare_recipe_sysroot: Started
NOTE: recipe libassuan-2.5.3-r0: task do_prepare_recipe_sysroot: Succeeded
NOTE: Running task 2115 of 2184 (/home/deby/poky/meta/recipes-support/libassuan/libassuan_2.5.3.bb:do_configure)
NOTE: recipe npth-1.6-r0: task do_prepare_recipe_sysroot: Succeeded
NOTE: Running task 2116 of 2184 (/home/deby/poky/meta/recipes-support/npth/npth_1.6.bb:do_configure)
NOTE: recipe libassuan-2.5.3-r0: task do_configure: Started
NOTE: recipe librsync-0.9.7-r0: task do_prepare_recipe_sysroot: Succeeded
NOTE: Running task 2117 of 2184 (/home/deby/poky/meta-debian/recipes-debian/librsync/librsync_debian.bb:do_configure)
NOTE: recipe npth-1.6-r0: task do_configure: Started
NOTE: recipe librsync-0.9.7-r0: task do_configure: Started
NOTE: recipe libksba-1.3.5-r0: task do_prepare_recipe_sysroot: Succeeded
NOTE: Running task 2118 of 2184 (/home/deby/poky/meta/recipes-support/libksba/libksba_1.3.5.bb:do_configure)
NOTE: recipe libksba-1.3.5-r0: task do_configure: Started
NOTE: recipe python-six-1.12.0-r0: task do_prepare_recipe_sysroot: Succeeded
NOTE: Running task 2119 of 2184 (/home/deby/poky/meta-debian/recipes-debian/python/python-six_debian.bb:do_configure)
NOTE: recipe python-fasteners-0.12.0-r0: task do_prepare_recipe_sysroot: Succeeded
NOTE: Running task 2120 of 2184 (/home/deby/poky/meta-debian/recipes-debian/python/python-fasteners_debian.bb:do_configure)
NOTE: recipe python-monotonic-1.1-r0: task do_prepare_recipe_sysroot: Succeeded
NOTE: Running task 2121 of 2184 (/home/deby/poky/meta-debian/recipes-debian/python/python-monotonic_debian.bb:do_configure)
NOTE: recipe python-six-1.12.0-r0: task do_configure: Started
NOTE: recipe python-fasteners-0.12.0-r0: task do_configure: Started
NOTE: recipe python-monotonic-1.1-r0: task do_configure: Started
NOTE: recipe python-six-1.12.0-r0: task do_configure: Succeeded
NOTE: Running task 2122 of 2184 (/home/deby/poky/meta-debian/recipes-debian/python/python-six_debian.bb:do_compile)
NOTE: recipe python-monotonic-1.1-r0: task do_configure: Succeeded
NOTE: Running task 2123 of 2184 (/home/deby/poky/meta-debian/recipes-debian/python/python-monotonic_debian.bb:do_compile)
NOTE: recipe python-fasteners-0.12.0-r0: task do_configure: Succeeded
NOTE: Running task 2124 of 2184 (/home/deby/poky/meta-debian/recipes-debian/python/python-fasteners_debian.bb:do_compile)
NOTE: recipe python-six-1.12.0-r0: task do_compile: Started
NOTE: recipe python-fasteners-0.12.0-r0: task do_compile: Started
NOTE: recipe python-monotonic-1.1-r0: task do_compile: Started
NOTE: recipe python-monotonic-1.1-r0: task do_compile: Succeeded
NOTE: Running task 2125 of 2184 (/home/deby/poky/meta-debian/recipes-debian/python/python-monotonic_debian.bb:do_install)
NOTE: recipe python-six-1.12.0-r0: task do_compile: Succeeded
NOTE: recipe python-fasteners-0.12.0-r0: task do_compile: Succeeded
NOTE: Running task 2126 of 2184 (/home/deby/poky/meta-debian/recipes-debian/python/python-six_debian.bb:do_install)
NOTE: Running task 2127 of 2184 (/home/deby/poky/meta-debian/recipes-debian/python/python-fasteners_debian.bb:do_install)
NOTE: recipe python-monotonic-1.1-r0: task do_install: Started
NOTE: recipe python-six-1.12.0-r0: task do_install: Started
NOTE: recipe python-fasteners-0.12.0-r0: task do_install: Started
NOTE: recipe python-monotonic-1.1-r0: task do_install: Succeeded
NOTE: Running task 2128 of 2184 (/home/deby/poky/meta-debian/recipes-debian/python/python-monotonic_debian.bb:do_package)
NOTE: recipe python-six-1.12.0-r0: task do_install: Succeeded
NOTE: Running task 2129 of 2184 (/home/deby/poky/meta-debian/recipes-debian/python/python-six_debian.bb:do_package)
NOTE: recipe python-fasteners-0.12.0-r0: task do_install: Succeeded
NOTE: Running task 2130 of 2184 (/home/deby/poky/meta-debian/recipes-debian/python/python-fasteners_debian.bb:do_package)
NOTE: recipe python-monotonic-1.1-r0: task do_package: Started
NOTE: recipe python-six-1.12.0-r0: task do_package: Started
NOTE: recipe python-fasteners-0.12.0-r0: task do_package: Started
NOTE: recipe python-monotonic-1.1-r0: task do_package: Succeeded
NOTE: recipe python-six-1.12.0-r0: task do_package: Succeeded
NOTE: Running task 2131 of 2184 (/home/deby/poky/meta-debian/recipes-debian/python/python-monotonic_debian.bb:do_packagedata)
NOTE: Running task 2132 of 2184 (/home/deby/poky/meta-debian/recipes-debian/python/python-six_debian.bb:do_packagedata)
NOTE: recipe python-monotonic-1.1-r0: task do_packagedata: Started
NOTE: recipe python-six-1.12.0-r0: task do_packagedata: Started
NOTE: recipe python-monotonic-1.1-r0: task do_packagedata: Succeeded
NOTE: Running task 2133 of 2184 (/home/deby/poky/meta-debian/recipes-debian/python/python-monotonic_debian.bb:do_package_write_deb)
NOTE: recipe python-six-1.12.0-r0: task do_packagedata: Succeeded
NOTE: Running task 2134 of 2184 (/home/deby/poky/meta-debian/recipes-debian/python/python-six_debian.bb:do_package_write_deb)
NOTE: recipe python-monotonic-1.1-r0: task do_package_write_deb: Started
NOTE: recipe python-six-1.12.0-r0: task do_package_write_deb: Started
NOTE: recipe python-monotonic-1.1-r0: task do_package_write_deb: Succeeded
NOTE: recipe python-fasteners-0.12.0-r0: task do_package: Succeeded
NOTE: Running task 2135 of 2184 (/home/deby/poky/meta-debian/recipes-debian/python/python-fasteners_debian.bb:do_packagedata)
NOTE: recipe python-fasteners-0.12.0-r0: task do_packagedata: Started
NOTE: recipe python-six-1.12.0-r0: task do_package_write_deb: Succeeded
NOTE: recipe python-fasteners-0.12.0-r0: task do_packagedata: Succeeded
NOTE: Running task 2136 of 2184 (/home/deby/poky/meta-debian/recipes-debian/python/python-fasteners_debian.bb:do_package_write_deb)
NOTE: recipe python-fasteners-0.12.0-r0: task do_package_write_deb: Started
NOTE: recipe python-fasteners-0.12.0-r0: task do_package_write_deb: Succeeded
NOTE: recipe libksba-1.3.5-r0: task do_configure: Succeeded
NOTE: Running task 2137 of 2184 (/home/deby/poky/meta/recipes-support/libksba/libksba_1.3.5.bb:do_compile)
NOTE: recipe libksba-1.3.5-r0: task do_compile: Started
NOTE: recipe libassuan-2.5.3-r0: task do_configure: Succeeded
NOTE: Running task 2138 of 2184 (/home/deby/poky/meta/recipes-support/libassuan/libassuan_2.5.3.bb:do_compile)
NOTE: recipe libassuan-2.5.3-r0: task do_compile: Started
NOTE: recipe npth-1.6-r0: task do_configure: Succeeded
NOTE: Running task 2139 of 2184 (/home/deby/poky/meta/recipes-support/npth/npth_1.6.bb:do_compile)
NOTE: recipe npth-1.6-r0: task do_compile: Started
NOTE: recipe librsync-0.9.7-r0: task do_configure: Succeeded
NOTE: Running task 2140 of 2184 (/home/deby/poky/meta-debian/recipes-debian/librsync/librsync_debian.bb:do_compile)
NOTE: recipe librsync-0.9.7-r0: task do_compile: Started
NOTE: recipe libksba-1.3.5-r0: task do_compile: Succeeded
NOTE: Running task 2141 of 2184 (/home/deby/poky/meta/recipes-support/libksba/libksba_1.3.5.bb:do_install)
NOTE: recipe npth-1.6-r0: task do_compile: Succeeded
NOTE: Running task 2142 of 2184 (/home/deby/poky/meta/recipes-support/npth/npth_1.6.bb:do_install)
NOTE: recipe librsync-0.9.7-r0: task do_compile: Succeeded
NOTE: Running task 2143 of 2184 (/home/deby/poky/meta-debian/recipes-debian/librsync/librsync_debian.bb:do_install)
NOTE: recipe libassuan-2.5.3-r0: task do_compile: Succeeded
NOTE: Running task 2144 of 2184 (/home/deby/poky/meta/recipes-support/libassuan/libassuan_2.5.3.bb:do_install)
NOTE: recipe libksba-1.3.5-r0: task do_install: Started
NOTE: recipe npth-1.6-r0: task do_install: Started
NOTE: recipe libassuan-2.5.3-r0: task do_install: Started
NOTE: recipe librsync-0.9.7-r0: task do_install: Started
NOTE: recipe libksba-1.3.5-r0: task do_install: Succeeded
NOTE: Running task 2145 of 2184 (/home/deby/poky/meta/recipes-support/libksba/libksba_1.3.5.bb:do_package)
NOTE: Running task 2146 of 2184 (/home/deby/poky/meta/recipes-support/libksba/libksba_1.3.5.bb:do_populate_sysroot)
NOTE: recipe libksba-1.3.5-r0: task do_package: Started
NOTE: recipe libksba-1.3.5-r0: task do_populate_sysroot: Started
NOTE: recipe libassuan-2.5.3-r0: task do_install: Succeeded
NOTE: Running task 2147 of 2184 (/home/deby/poky/meta/recipes-support/libassuan/libassuan_2.5.3.bb:do_package)
NOTE: Running task 2148 of 2184 (/home/deby/poky/meta/recipes-support/libassuan/libassuan_2.5.3.bb:do_populate_sysroot)
NOTE: recipe npth-1.6-r0: task do_install: Succeeded
NOTE: Running task 2149 of 2184 (/home/deby/poky/meta/recipes-support/npth/npth_1.6.bb:do_package)
NOTE: recipe librsync-0.9.7-r0: task do_install: Succeeded
NOTE: Running task 2150 of 2184 (/home/deby/poky/meta/recipes-support/npth/npth_1.6.bb:do_populate_sysroot)
NOTE: Running task 2151 of 2184 (/home/deby/poky/meta-debian/recipes-debian/librsync/librsync_debian.bb:do_package)
NOTE: Running task 2152 of 2184 (/home/deby/poky/meta-debian/recipes-debian/librsync/librsync_debian.bb:do_populate_sysroot)
NOTE: recipe libassuan-2.5.3-r0: task do_populate_sysroot: Started
NOTE: recipe libassuan-2.5.3-r0: task do_package: Started
NOTE: recipe npth-1.6-r0: task do_populate_sysroot: Started
NOTE: recipe npth-1.6-r0: task do_package: Started
NOTE: recipe librsync-0.9.7-r0: task do_package: Started
NOTE: recipe librsync-0.9.7-r0: task do_populate_sysroot: Started
NOTE: recipe libksba-1.3.5-r0: task do_populate_sysroot: Succeeded
NOTE: recipe libassuan-2.5.3-r0: task do_populate_sysroot: Succeeded
NOTE: Running task 2153 of 2184 (/home/deby/poky/meta/recipes-support/pinentry/pinentry_1.1.0.bb:do_prepare_recipe_sysroot)
NOTE: recipe npth-1.6-r0: task do_populate_sysroot: Succeeded
NOTE: Running task 2154 of 2184 (/home/deby/poky/meta/recipes-support/gnupg/gnupg_2.2.13.bb:do_prepare_recipe_sysroot)
NOTE: recipe pinentry-1.1.0-r0: task do_prepare_recipe_sysroot: Started
NOTE: recipe librsync-0.9.7-r0: task do_populate_sysroot: Succeeded
NOTE: Running task 2155 of 2184 (/home/deby/poky/meta-debian/recipes-debian/duplicity/duplicity_debian.bb:do_prepare_recipe_sysroot)
NOTE: recipe gnupg-2.2.13-r0: task do_prepare_recipe_sysroot: Started
NOTE: recipe duplicity-0.7.18.2-r0: task do_prepare_recipe_sysroot: Started
NOTE: recipe libksba-1.3.5-r0: task do_package: Succeeded
NOTE: Running task 2156 of 2184 (/home/deby/poky/meta/recipes-support/libksba/libksba_1.3.5.bb:do_packagedata)
NOTE: recipe libksba-1.3.5-r0: task do_packagedata: Started
NOTE: recipe npth-1.6-r0: task do_package: Succeeded
NOTE: Running task 2157 of 2184 (/home/deby/poky/meta/recipes-support/npth/npth_1.6.bb:do_packagedata)
NOTE: recipe npth-1.6-r0: task do_packagedata: Started
NOTE: recipe libksba-1.3.5-r0: task do_packagedata: Succeeded
NOTE: Running task 2158 of 2184 (/home/deby/poky/meta/recipes-support/libksba/libksba_1.3.5.bb:do_package_write_deb)
NOTE: recipe libksba-1.3.5-r0: task do_package_write_deb: Started
NOTE: recipe npth-1.6-r0: task do_packagedata: Succeeded
NOTE: Running task 2159 of 2184 (/home/deby/poky/meta/recipes-support/npth/npth_1.6.bb:do_package_write_deb)
NOTE: recipe npth-1.6-r0: task do_package_write_deb: Started
NOTE: recipe librsync-0.9.7-r0: task do_package: Succeeded
NOTE: Running task 2160 of 2184 (/home/deby/poky/meta-debian/recipes-debian/librsync/librsync_debian.bb:do_packagedata)
NOTE: recipe librsync-0.9.7-r0: task do_packagedata: Started
NOTE: recipe libassuan-2.5.3-r0: task do_package: Succeeded
NOTE: Running task 2161 of 2184 (/home/deby/poky/meta/recipes-support/libassuan/libassuan_2.5.3.bb:do_packagedata)
NOTE: recipe libassuan-2.5.3-r0: task do_packagedata: Started
NOTE: recipe librsync-0.9.7-r0: task do_packagedata: Succeeded
NOTE: recipe libassuan-2.5.3-r0: task do_packagedata: Succeeded
NOTE: recipe npth-1.6-r0: task do_package_write_deb: Succeeded
NOTE: Running task 2162 of 2184 (/home/deby/poky/meta-debian/recipes-debian/librsync/librsync_debian.bb:do_package_write_deb)
NOTE: Running task 2163 of 2184 (/home/deby/poky/meta/recipes-support/libassuan/libassuan_2.5.3.bb:do_package_write_deb)
NOTE: recipe libassuan-2.5.3-r0: task do_package_write_deb: Started
NOTE: recipe librsync-0.9.7-r0: task do_package_write_deb: Started
NOTE: recipe libassuan-2.5.3-r0: task do_package_write_deb: Succeeded
NOTE: recipe librsync-0.9.7-r0: task do_package_write_deb: Succeeded
NOTE: recipe libksba-1.3.5-r0: task do_package_write_deb: Succeeded
NOTE: recipe pinentry-1.1.0-r0: task do_prepare_recipe_sysroot: Succeeded
NOTE: Running task 2164 of 2184 (/home/deby/poky/meta/recipes-support/pinentry/pinentry_1.1.0.bb:do_configure)
NOTE: recipe gnupg-2.2.13-r0: task do_prepare_recipe_sysroot: Succeeded
NOTE: Running task 2165 of 2184 (/home/deby/poky/meta/recipes-support/gnupg/gnupg_2.2.13.bb:do_configure)
NOTE: recipe pinentry-1.1.0-r0: task do_configure: Started
NOTE: recipe gnupg-2.2.13-r0: task do_configure: Started
NOTE: recipe duplicity-0.7.18.2-r0: task do_prepare_recipe_sysroot: Succeeded
NOTE: Running task 2166 of 2184 (/home/deby/poky/meta-debian/recipes-debian/duplicity/duplicity_debian.bb:do_configure)
NOTE: recipe duplicity-0.7.18.2-r0: task do_configure: Started
NOTE: recipe duplicity-0.7.18.2-r0: task do_configure: Succeeded
NOTE: Running task 2167 of 2184 (/home/deby/poky/meta-debian/recipes-debian/duplicity/duplicity_debian.bb:do_compile)
NOTE: recipe duplicity-0.7.18.2-r0: task do_compile: Started
NOTE: recipe duplicity-0.7.18.2-r0: task do_compile: Succeeded
NOTE: Running task 2168 of 2184 (/home/deby/poky/meta-debian/recipes-debian/duplicity/duplicity_debian.bb:do_install)
NOTE: recipe duplicity-0.7.18.2-r0: task do_install: Started
NOTE: recipe duplicity-0.7.18.2-r0: task do_install: Succeeded
NOTE: Running task 2169 of 2184 (/home/deby/poky/meta-debian/recipes-debian/duplicity/duplicity_debian.bb:do_package)
NOTE: Running task 2170 of 2184 (/home/deby/poky/meta-debian/recipes-debian/duplicity/duplicity_debian.bb:do_populate_sysroot)
NOTE: recipe duplicity-0.7.18.2-r0: task do_populate_sysroot: Started
NOTE: recipe duplicity-0.7.18.2-r0: task do_package: Started
NOTE: recipe duplicity-0.7.18.2-r0: task do_populate_sysroot: Succeeded
NOTE: recipe pinentry-1.1.0-r0: task do_configure: Succeeded
NOTE: Running task 2171 of 2184 (/home/deby/poky/meta/recipes-support/pinentry/pinentry_1.1.0.bb:do_compile)
NOTE: recipe pinentry-1.1.0-r0: task do_compile: Started
NOTE: recipe duplicity-0.7.18.2-r0: task do_package: Succeeded
NOTE: Running task 2172 of 2184 (/home/deby/poky/meta-debian/recipes-debian/duplicity/duplicity_debian.bb:do_packagedata)
NOTE: recipe duplicity-0.7.18.2-r0: task do_packagedata: Started
NOTE: recipe pinentry-1.1.0-r0: task do_compile: Succeeded
NOTE: Running task 2173 of 2184 (/home/deby/poky/meta/recipes-support/pinentry/pinentry_1.1.0.bb:do_install)
NOTE: recipe pinentry-1.1.0-r0: task do_install: Started
NOTE: recipe duplicity-0.7.18.2-r0: task do_packagedata: Succeeded
NOTE: recipe pinentry-1.1.0-r0: task do_install: Succeeded
NOTE: Running task 2174 of 2184 (/home/deby/poky/meta/recipes-support/pinentry/pinentry_1.1.0.bb:do_package)
NOTE: recipe pinentry-1.1.0-r0: task do_package: Started
NOTE: recipe pinentry-1.1.0-r0: task do_package: Succeeded
NOTE: Running task 2175 of 2184 (/home/deby/poky/meta/recipes-support/pinentry/pinentry_1.1.0.bb:do_packagedata)
NOTE: recipe pinentry-1.1.0-r0: task do_packagedata: Started
NOTE: recipe pinentry-1.1.0-r0: task do_packagedata: Succeeded
NOTE: Running task 2176 of 2184 (/home/deby/poky/meta/recipes-support/pinentry/pinentry_1.1.0.bb:do_package_write_deb)
NOTE: recipe pinentry-1.1.0-r0: task do_package_write_deb: Started
NOTE: recipe pinentry-1.1.0-r0: task do_package_write_deb: Succeeded
NOTE: recipe gnupg-2.2.13-r0: task do_configure: Succeeded
NOTE: Running task 2177 of 2184 (/home/deby/poky/meta/recipes-support/gnupg/gnupg_2.2.13.bb:do_compile)
NOTE: recipe gnupg-2.2.13-r0: task do_compile: Started
NOTE: recipe gnupg-2.2.13-r0: task do_compile: Succeeded
NOTE: Running task 2178 of 2184 (/home/deby/poky/meta/recipes-support/gnupg/gnupg_2.2.13.bb:do_install)
NOTE: recipe gnupg-2.2.13-r0: task do_install: Started
NOTE: recipe gnupg-2.2.13-r0: task do_install: Succeeded
NOTE: Running task 2179 of 2184 (/home/deby/poky/meta/recipes-support/gnupg/gnupg_2.2.13.bb:do_package)
NOTE: recipe gnupg-2.2.13-r0: task do_package: Started
NOTE: recipe gnupg-2.2.13-r0: task do_package: Succeeded
NOTE: Running task 2180 of 2184 (/home/deby/poky/meta/recipes-support/gnupg/gnupg_2.2.13.bb:do_packagedata)
NOTE: recipe gnupg-2.2.13-r0: task do_packagedata: Started
NOTE: recipe gnupg-2.2.13-r0: task do_packagedata: Succeeded
NOTE: Running task 2181 of 2184 (/home/deby/poky/meta/recipes-support/gnupg/gnupg_2.2.13.bb:do_package_write_deb)
NOTE: Running task 2182 of 2184 (/home/deby/poky/meta-debian/recipes-debian/duplicity/duplicity_debian.bb:do_package_write_deb)
NOTE: Running task 2183 of 2184 (/home/deby/poky/meta-debian/recipes-debian/duplicity/duplicity_debian.bb:do_package_qa)
NOTE: recipe gnupg-2.2.13-r0: task do_package_write_deb: Started
NOTE: recipe duplicity-0.7.18.2-r0: task do_package_qa: Started
NOTE: recipe duplicity-0.7.18.2-r0: task do_package_write_deb: Started
NOTE: recipe duplicity-0.7.18.2-r0: task do_package_qa: Succeeded
NOTE: recipe duplicity-0.7.18.2-r0: task do_package_write_deb: Succeeded
NOTE: recipe gnupg-2.2.13-r0: task do_package_write_deb: Succeeded
NOTE: Running noexec task 2184 of 2184 (/home/deby/poky/meta-debian/recipes-debian/duplicity/duplicity_debian.bb:do_build)
NOTE: Tasks Summary: Attempted 2184 tasks of which 2107 didn't need to be rerun and all succeeded.
