WARNING: Host distribution "debian-10" has not been validated with this version of the build system; you may possibly experience unexpected failures. It is recommended that you use a tested distribution.
Loading cache...done.
Loaded 1440 entries from dependency cache.
NOTE: Resolving any missing task queue dependencies

Build Configuration:
BB_VERSION           = "1.42.0"
BUILD_SYS            = "x86_64-linux"
NATIVELSBSTRING      = "universal"
TARGET_SYS           = "x86_64-deby-linux"
MACHINE              = "qemux86-64"
DISTRO               = "deby"
DISTRO_VERSION       = "10.0"
TUNE_FEATURES        = "m64 core2"
TARGET_FPU           = ""
meta                 
meta-poky            = "warrior:51223035e66c5b27799b15a0f8ebe75d24d3971b"
meta-debian          = "warrior-trungdt:47b755ebe41c5afc0ea94d75b55c4f0efd8983fe"

Initialising tasks...done.
Sstate summary: Wanted 102 Found 1 Missed 101 Current 60 (0% match, 37% complete)
NOTE: Executing SetScene Tasks
NOTE: Executing RunQueue Tasks
NOTE: Running task 148 of 793 (/home/deby/poky/meta-debian/recipes-debian/gcc/gcc-source_debian.bb:do_debian_unpack_extra)
NOTE: Running task 240 of 793 (virtual:nativesdk:/home/deby/poky/meta-debian/recipes-debian/glibc/glibc_debian.bb:do_debian_patch)
NOTE: Running task 468 of 793 (virtual:nativesdk:/home/deby/poky/meta-debian/recipes-debian/ncurses/ncurses_debian.bb:do_debian_patch)
NOTE: Running task 472 of 793 (virtual:nativesdk:/home/deby/poky/meta-debian/recipes-debian/zlib/zlib_debian.bb:do_debian_patch)
NOTE: Running task 506 of 793 (virtual:nativesdk:/home/deby/poky/meta-debian/recipes-debian/bison/bison_debian.bb:do_debian_patch)
NOTE: Running task 510 of 793 (virtual:nativesdk:/home/deby/poky/meta-debian/recipes-debian/openssl/openssl_debian.bb:do_debian_patch)
NOTE: Running task 521 of 793 (virtual:nativesdk:/home/deby/poky/meta-debian/recipes-debian/readline/readline_debian.bb:do_debian_patch)
NOTE: Running task 527 of 793 (virtual:nativesdk:/home/deby/poky/meta-debian/recipes-debian/bzip2/bzip2_debian.bb:do_debian_patch)
NOTE: Running task 539 of 793 (virtual:nativesdk:/home/deby/poky/meta-debian/recipes-debian/binutils/binutils_debian.bb:do_debian_patch)
NOTE: Running task 549 of 793 (virtual:nativesdk:/home/deby/poky/meta-debian/recipes-debian/m4/m4_debian.bb:do_debian_patch)
NOTE: recipe gcc-source-8.3.0-8.3.0-r0: task do_debian_unpack_extra: Started
NOTE: recipe nativesdk-ncurses-6.1+20181013-r0: task do_debian_patch: Started
NOTE: recipe nativesdk-bison-3.3.2-r0: task do_debian_patch: Started
NOTE: recipe nativesdk-bzip2-1.0.6-r0: task do_debian_patch: Started
NOTE: recipe nativesdk-glibc-2.28-r0: task do_debian_patch: Started
NOTE: recipe nativesdk-zlib-1.2.11-r0: task do_debian_patch: Started
NOTE: recipe nativesdk-binutils-2.31.1-r0: task do_debian_patch: Started
NOTE: recipe nativesdk-readline-7.0-r0: task do_debian_patch: Started
NOTE: recipe nativesdk-openssl-1.1.1c-r0: task do_debian_patch: Started
ERROR: nativesdk-ncurses-6.1+20181013-r0 do_debian_patch: unknown quilt patches already applied
ERROR: nativesdk-ncurses-6.1+20181013-r0 do_debian_patch: Function failed: do_debian_patch (log file is located at /home/deby/build/tmp/work/x86_64-nativesdk-debysdk-linux/nativesdk-ncurses/6.1+20181013-r0/temp/log.do_debian_patch.17580)
ERROR: Logfile of failure stored in: /home/deby/build/tmp/work/x86_64-nativesdk-debysdk-linux/nativesdk-ncurses/6.1+20181013-r0/temp/log.do_debian_patch.17580
NOTE: recipe nativesdk-ncurses-6.1+20181013-r0: task do_debian_patch: Failed
ERROR: nativesdk-bzip2-1.0.6-r0 do_debian_patch: unknown quilt patches already applied
ERROR: nativesdk-bzip2-1.0.6-r0 do_debian_patch: Function failed: do_debian_patch (log file is located at /home/deby/build/tmp/work/x86_64-nativesdk-debysdk-linux/nativesdk-bzip2/1.0.6-r0/temp/log.do_debian_patch.17585)
ERROR: Logfile of failure stored in: /home/deby/build/tmp/work/x86_64-nativesdk-debysdk-linux/nativesdk-bzip2/1.0.6-r0/temp/log.do_debian_patch.17585
NOTE: recipe nativesdk-bzip2-1.0.6-r0: task do_debian_patch: Failed
ERROR: Task (virtual:nativesdk:/home/deby/poky/meta-debian/recipes-debian/ncurses/ncurses_debian.bb:do_debian_patch) failed with exit code '1'
ERROR: Task (virtual:nativesdk:/home/deby/poky/meta-debian/recipes-debian/bzip2/bzip2_debian.bb:do_debian_patch) failed with exit code '1'
ERROR: nativesdk-bison-3.3.2-r0 do_debian_patch: unknown quilt patches already applied
ERROR: nativesdk-bison-3.3.2-r0 do_debian_patch: Function failed: do_debian_patch (log file is located at /home/deby/build/tmp/work/x86_64-nativesdk-debysdk-linux/nativesdk-bison/3.3.2-r0/temp/log.do_debian_patch.17582)
ERROR: Logfile of failure stored in: /home/deby/build/tmp/work/x86_64-nativesdk-debysdk-linux/nativesdk-bison/3.3.2-r0/temp/log.do_debian_patch.17582
NOTE: recipe nativesdk-bison-3.3.2-r0: task do_debian_patch: Failed
ERROR: Task (virtual:nativesdk:/home/deby/poky/meta-debian/recipes-debian/bison/bison_debian.bb:do_debian_patch) failed with exit code '1'
ERROR: nativesdk-glibc-2.28-r0 do_debian_patch: unknown quilt patches already applied
ERROR: nativesdk-glibc-2.28-r0 do_debian_patch: Function failed: do_debian_patch (log file is located at /home/deby/build/tmp/work/x86_64-nativesdk-debysdk-linux/nativesdk-glibc/2.28-r0/temp/log.do_debian_patch.17579)
ERROR: Logfile of failure stored in: /home/deby/build/tmp/work/x86_64-nativesdk-debysdk-linux/nativesdk-glibc/2.28-r0/temp/log.do_debian_patch.17579
NOTE: recipe nativesdk-glibc-2.28-r0: task do_debian_patch: Failed
ERROR: Task (virtual:nativesdk:/home/deby/poky/meta-debian/recipes-debian/glibc/glibc_debian.bb:do_debian_patch) failed with exit code '1'
ERROR: nativesdk-openssl-1.1.1c-r0 do_debian_patch: unknown quilt patches already applied
ERROR: nativesdk-openssl-1.1.1c-r0 do_debian_patch: Function failed: do_debian_patch (log file is located at /home/deby/build/tmp/work/x86_64-nativesdk-debysdk-linux/nativesdk-openssl/1.1.1c-r0/temp/log.do_debian_patch.17583)
ERROR: Logfile of failure stored in: /home/deby/build/tmp/work/x86_64-nativesdk-debysdk-linux/nativesdk-openssl/1.1.1c-r0/temp/log.do_debian_patch.17583
NOTE: recipe nativesdk-openssl-1.1.1c-r0: task do_debian_patch: Failed
ERROR: Task (virtual:nativesdk:/home/deby/poky/meta-debian/recipes-debian/openssl/openssl_debian.bb:do_debian_patch) failed with exit code '1'
ERROR: nativesdk-readline-7.0-r0 do_debian_patch: unknown quilt patches already applied
ERROR: nativesdk-zlib-1.2.11-r0 do_debian_patch: unknown quilt patches already applied
ERROR: nativesdk-readline-7.0-r0 do_debian_patch: Function failed: do_debian_patch (log file is located at /home/deby/build/tmp/work/x86_64-nativesdk-debysdk-linux/nativesdk-readline/7.0-r0/temp/log.do_debian_patch.17584)
ERROR: nativesdk-zlib-1.2.11-r0 do_debian_patch: Function failed: do_debian_patch (log file is located at /home/deby/build/tmp/work/x86_64-nativesdk-debysdk-linux/nativesdk-zlib/1.2.11-r0/temp/log.do_debian_patch.17581)
ERROR: Logfile of failure stored in: /home/deby/build/tmp/work/x86_64-nativesdk-debysdk-linux/nativesdk-zlib/1.2.11-r0/temp/log.do_debian_patch.17581
NOTE: recipe nativesdk-zlib-1.2.11-r0: task do_debian_patch: Failed
ERROR: Logfile of failure stored in: /home/deby/build/tmp/work/x86_64-nativesdk-debysdk-linux/nativesdk-readline/7.0-r0/temp/log.do_debian_patch.17584
NOTE: recipe nativesdk-readline-7.0-r0: task do_debian_patch: Failed
ERROR: Task (virtual:nativesdk:/home/deby/poky/meta-debian/recipes-debian/zlib/zlib_debian.bb:do_debian_patch) failed with exit code '1'
ERROR: Task (virtual:nativesdk:/home/deby/poky/meta-debian/recipes-debian/readline/readline_debian.bb:do_debian_patch) failed with exit code '1'
NOTE: recipe nativesdk-m4-1.4.18-r0: task do_debian_patch: Started
NOTE: recipe gcc-source-8.3.0-8.3.0-r0: task do_debian_unpack_extra: Succeeded
ERROR: nativesdk-m4-1.4.18-r0 do_debian_patch: unknown quilt patches already applied
ERROR: nativesdk-m4-1.4.18-r0 do_debian_patch: Function failed: do_debian_patch (log file is located at /home/deby/build/tmp/work/x86_64-nativesdk-debysdk-linux/nativesdk-m4/1.4.18-r0/temp/log.do_debian_patch.17587)
ERROR: Logfile of failure stored in: /home/deby/build/tmp/work/x86_64-nativesdk-debysdk-linux/nativesdk-m4/1.4.18-r0/temp/log.do_debian_patch.17587
NOTE: recipe nativesdk-m4-1.4.18-r0: task do_debian_patch: Failed
ERROR: Task (virtual:nativesdk:/home/deby/poky/meta-debian/recipes-debian/m4/m4_debian.bb:do_debian_patch) failed with exit code '1'
ERROR: nativesdk-binutils-2.31.1-r0 do_debian_patch: unknown quilt patches already applied
ERROR: nativesdk-binutils-2.31.1-r0 do_debian_patch: Function failed: do_debian_patch (log file is located at /home/deby/build/tmp/work/x86_64-nativesdk-debysdk-linux/nativesdk-binutils/2.31.1-r0/temp/log.do_debian_patch.17586)
ERROR: Logfile of failure stored in: /home/deby/build/tmp/work/x86_64-nativesdk-debysdk-linux/nativesdk-binutils/2.31.1-r0/temp/log.do_debian_patch.17586
NOTE: recipe nativesdk-binutils-2.31.1-r0: task do_debian_patch: Failed
ERROR: Task (virtual:nativesdk:/home/deby/poky/meta-debian/recipes-debian/binutils/binutils_debian.bb:do_debian_patch) failed with exit code '1'
NOTE: Tasks Summary: Attempted 562 tasks of which 552 didn't need to be rerun and 9 failed.

Summary: 9 tasks failed:
  virtual:nativesdk:/home/deby/poky/meta-debian/recipes-debian/ncurses/ncurses_debian.bb:do_debian_patch
  virtual:nativesdk:/home/deby/poky/meta-debian/recipes-debian/bzip2/bzip2_debian.bb:do_debian_patch
  virtual:nativesdk:/home/deby/poky/meta-debian/recipes-debian/bison/bison_debian.bb:do_debian_patch
  virtual:nativesdk:/home/deby/poky/meta-debian/recipes-debian/glibc/glibc_debian.bb:do_debian_patch
  virtual:nativesdk:/home/deby/poky/meta-debian/recipes-debian/openssl/openssl_debian.bb:do_debian_patch
  virtual:nativesdk:/home/deby/poky/meta-debian/recipes-debian/zlib/zlib_debian.bb:do_debian_patch
  virtual:nativesdk:/home/deby/poky/meta-debian/recipes-debian/readline/readline_debian.bb:do_debian_patch
  virtual:nativesdk:/home/deby/poky/meta-debian/recipes-debian/m4/m4_debian.bb:do_debian_patch
  virtual:nativesdk:/home/deby/poky/meta-debian/recipes-debian/binutils/binutils_debian.bb:do_debian_patch
Summary: There was 1 WARNING message shown.
Summary: There were 18 ERROR messages shown, returning a non-zero exit code.
