Loading cache...done.
Loaded 1825 entries from dependency cache.
Parsing recipes...done.
Parsing of 1043 .bb files complete (1041 cached, 2 parsed). 1828 targets, 41 skipped, 0 masked, 0 errors.
NOTE: Resolving any missing task queue dependencies

Build Configuration:
BB_VERSION           = "1.42.0"
BUILD_SYS            = "x86_64-linux"
NATIVELSBSTRING      = "universal"
TARGET_SYS           = "x86_64-deby-linux"
MACHINE              = "qemux86-64"
DISTRO               = "deby"
DISTRO_VERSION       = "10.0"
TUNE_FEATURES        = "m64 core2"
TARGET_FPU           = ""
meta                 
meta-poky            = "warrior:79a850a10a4b88a6d20d607b322542f947874323"
meta-debian          = "warrior:fda6a80e4cae9aa03f502551f35fe41beb7bb944"

Initialising tasks...done.
Sstate summary: Wanted 3 Found 0 Missed 3 Current 426 (0% match, 99% complete)
NOTE: Executing SetScene Tasks
NOTE: Executing RunQueue Tasks
NOTE: Running task 1986 of 1990 (/home/deby/poky/meta-debian/recipes-debian/pycparser/python3-pycparser_debian.bb:do_populate_lic)
NOTE: Running task 1988 of 1990 (/home/deby/poky/meta-debian/recipes-debian/pycparser/python3-pycparser_debian.bb:do_package_qa)
NOTE: recipe python3-pycparser-2.19-r0: task do_populate_lic: Started
NOTE: Running task 1989 of 1990 (/home/deby/poky/meta-debian/recipes-debian/pycparser/python3-pycparser_debian.bb:do_populate_sysroot)
NOTE: recipe python3-pycparser-2.19-r0: task do_populate_lic: Succeeded
NOTE: recipe python3-pycparser-2.19-r0: task do_package_qa: Started
NOTE: recipe python3-pycparser-2.19-r0: task do_populate_sysroot: Started
NOTE: recipe python3-pycparser-2.19-r0: task do_package_qa: Succeeded
NOTE: recipe python3-pycparser-2.19-r0: task do_populate_sysroot: Succeeded
NOTE: Running noexec task 1990 of 1990 (/home/deby/poky/meta-debian/recipes-debian/pycparser/python3-pycparser_debian.bb:do_build)
NOTE: Tasks Summary: Attempted 1990 tasks of which 1986 didn't need to be rerun and all succeeded.
