Loading cache...done.
Loaded 1825 entries from dependency cache.
Parsing recipes...done.
Parsing of 1043 .bb files complete (1041 cached, 2 parsed). 1828 targets, 228 skipped, 0 masked, 0 errors.
NOTE: Resolving any missing task queue dependencies

Build Configuration:
BB_VERSION           = "1.42.0"
BUILD_SYS            = "x86_64-linux"
NATIVELSBSTRING      = "universal"
TARGET_SYS           = "mips-deby-linux"
MACHINE              = "qemumips"
DISTRO               = "deby-tiny"
DISTRO_VERSION       = "10.0"
TUNE_FEATURES        = "o32 bigendian fpu-hard mips32r2"
TARGET_FPU           = ""
meta                 
meta-poky            = "warrior:79a850a10a4b88a6d20d607b322542f947874323"
meta-debian          = "warrior:fda6a80e4cae9aa03f502551f35fe41beb7bb944"

Initialising tasks...done.
Sstate summary: Wanted 35 Found 0 Missed 35 Current 123 (0% match, 77% complete)
NOTE: Executing SetScene Tasks
NOTE: Executing RunQueue Tasks
NOTE: Running task 636 of 877 (/home/deby/poky/meta-debian/recipes-debian/adduser/adduser_debian.bb:do_fetch)
NOTE: Running task 673 of 877 (/home/deby/poky/meta-debian/recipes-debian/ncurses/ncurses_debian.bb:do_prepare_recipe_sysroot)
NOTE: Running task 693 of 877 (/home/deby/poky/meta-debian/recipes-debian/bash-completion/bash-completion_debian.bb:do_prepare_recipe_sysroot)
NOTE: Running task 714 of 877 (/home/deby/poky/meta-debian/recipes-debian/zlib/zlib_debian.bb:do_prepare_recipe_sysroot)
NOTE: Running task 723 of 877 (/home/deby/poky/meta-debian/recipes-debian/glibc/glibc-locale_debian.bb:do_install)
NOTE: recipe adduser-3.118-r0: task do_fetch: Started
NOTE: recipe zlib-1.2.11-r0: task do_prepare_recipe_sysroot: Started
NOTE: recipe bash-completion-2.8-r0: task do_prepare_recipe_sysroot: Started
NOTE: Running task 730 of 877 (/home/deby/poky/meta-debian/recipes-debian/base-passwd/base-passwd_debian.bb:do_prepare_recipe_sysroot)
NOTE: Running task 739 of 877 (/home/deby/poky/meta-debian/recipes-debian/shadow/shadow_debian.bb:do_prepare_recipe_sysroot)
NOTE: recipe adduser-3.118-r0: task do_fetch: Succeeded
NOTE: Running task 740 of 877 (/home/deby/poky/meta-debian/recipes-debian/adduser/adduser_debian.bb:do_unpack)
NOTE: Running task 741 of 877 (/home/deby/poky/meta-debian/recipes-debian/adduser/adduser_debian.bb:do_prepare_recipe_sysroot)
NOTE: recipe ncurses-6.1+20181013-r0: task do_prepare_recipe_sysroot: Started
NOTE: recipe adduser-3.118-r0: task do_unpack: Started
NOTE: recipe adduser-3.118-r0: task do_prepare_recipe_sysroot: Started
NOTE: recipe base-passwd-3.5.46-r0: task do_prepare_recipe_sysroot: Started
NOTE: recipe shadow-4.5-r0: task do_prepare_recipe_sysroot: Started
NOTE: recipe adduser-3.118-r0: task do_unpack: Succeeded
NOTE: Running task 813 of 877 (/home/deby/poky/meta-debian/recipes-debian/adduser/adduser_debian.bb:do_debian_unpack_extra)
NOTE: recipe adduser-3.118-r0: task do_debian_unpack_extra: Started
NOTE: recipe adduser-3.118-r0: task do_debian_unpack_extra: Succeeded
NOTE: Running task 814 of 877 (/home/deby/poky/meta-debian/recipes-debian/adduser/adduser_debian.bb:do_debian_patch)
NOTE: recipe adduser-3.118-r0: task do_prepare_recipe_sysroot: Succeeded
NOTE: recipe adduser-3.118-r0: task do_debian_patch: Started
NOTE: recipe adduser-3.118-r0: task do_debian_patch: Succeeded
NOTE: Running task 815 of 877 (/home/deby/poky/meta-debian/recipes-debian/adduser/adduser_debian.bb:do_patch)
NOTE: recipe adduser-3.118-r0: task do_patch: Started
NOTE: recipe adduser-3.118-r0: task do_patch: Succeeded
NOTE: Running task 816 of 877 (/home/deby/poky/meta-debian/recipes-debian/adduser/adduser_debian.bb:do_configure)
NOTE: Running task 817 of 877 (/home/deby/poky/meta-debian/recipes-debian/adduser/adduser_debian.bb:do_populate_lic)
NOTE: recipe adduser-3.118-r0: task do_populate_lic: Started
NOTE: recipe adduser-3.118-r0: task do_configure: Started
NOTE: recipe adduser-3.118-r0: task do_configure: Succeeded
NOTE: Running task 818 of 877 (/home/deby/poky/meta-debian/recipes-debian/adduser/adduser_debian.bb:do_compile)
NOTE: recipe adduser-3.118-r0: task do_populate_lic: Succeeded
NOTE: recipe adduser-3.118-r0: task do_compile: Started
NOTE: recipe adduser-3.118-r0: task do_compile: Succeeded
NOTE: Running task 819 of 877 (/home/deby/poky/meta-debian/recipes-debian/adduser/adduser_debian.bb:do_install)
NOTE: recipe adduser-3.118-r0: task do_install: Started
NOTE: recipe adduser-3.118-r0: task do_install: Succeeded
NOTE: Running task 820 of 877 (/home/deby/poky/meta-debian/recipes-debian/adduser/adduser_debian.bb:do_package)
NOTE: Running task 821 of 877 (/home/deby/poky/meta-debian/recipes-debian/adduser/adduser_debian.bb:do_populate_sysroot)
NOTE: recipe adduser-3.118-r0: task do_package: Started
NOTE: recipe adduser-3.118-r0: task do_populate_sysroot: Started
NOTE: recipe adduser-3.118-r0: task do_populate_sysroot: Succeeded
NOTE: recipe ncurses-6.1+20181013-r0: task do_prepare_recipe_sysroot: Succeeded
NOTE: Running task 822 of 877 (/home/deby/poky/meta-debian/recipes-debian/ncurses/ncurses_debian.bb:do_configure)
NOTE: recipe zlib-1.2.11-r0: task do_prepare_recipe_sysroot: Succeeded
NOTE: Running task 823 of 877 (/home/deby/poky/meta-debian/recipes-debian/zlib/zlib_debian.bb:do_configure)
NOTE: recipe ncurses-6.1+20181013-r0: task do_configure: Started
NOTE: recipe zlib-1.2.11-r0: task do_configure: Started
NOTE: recipe bash-completion-2.8-r0: task do_prepare_recipe_sysroot: Succeeded
NOTE: Running task 824 of 877 (/home/deby/poky/meta-debian/recipes-debian/bash-completion/bash-completion_debian.bb:do_configure)
NOTE: recipe base-passwd-3.5.46-r0: task do_prepare_recipe_sysroot: Succeeded
NOTE: Running task 825 of 877 (/home/deby/poky/meta-debian/recipes-debian/base-passwd/base-passwd_debian.bb:do_configure)
NOTE: recipe bash-completion-2.8-r0: task do_configure: Started
NOTE: recipe base-passwd-3.5.46-r0: task do_configure: Started
NOTE: recipe shadow-4.5-r0: task do_prepare_recipe_sysroot: Succeeded
NOTE: Running task 826 of 877 (/home/deby/poky/meta-debian/recipes-debian/shadow/shadow_debian.bb:do_configure)
NOTE: recipe shadow-4.5-r0: task do_configure: Started
NOTE: recipe glibc-locale-2.28-r0: task do_install: Started
NOTE: recipe adduser-3.118-r0: task do_package: Succeeded
NOTE: Running task 827 of 877 (/home/deby/poky/meta-debian/recipes-debian/adduser/adduser_debian.bb:do_packagedata)
NOTE: recipe adduser-3.118-r0: task do_packagedata: Started
NOTE: recipe adduser-3.118-r0: task do_packagedata: Succeeded
NOTE: recipe zlib-1.2.11-r0: task do_configure: Succeeded
NOTE: Running task 828 of 877 (/home/deby/poky/meta-debian/recipes-debian/zlib/zlib_debian.bb:do_compile)
NOTE: recipe zlib-1.2.11-r0: task do_compile: Started
NOTE: recipe zlib-1.2.11-r0: task do_compile: Succeeded
NOTE: Running task 829 of 877 (/home/deby/poky/meta-debian/recipes-debian/zlib/zlib_debian.bb:do_install)
NOTE: recipe base-passwd-3.5.46-r0: task do_configure: Succeeded
NOTE: Running task 830 of 877 (/home/deby/poky/meta-debian/recipes-debian/base-passwd/base-passwd_debian.bb:do_compile)
NOTE: recipe base-passwd-3.5.46-r0: task do_compile: Started
NOTE: recipe base-passwd-3.5.46-r0: task do_compile: Succeeded
NOTE: Running task 831 of 877 (/home/deby/poky/meta-debian/recipes-debian/base-passwd/base-passwd_debian.bb:do_install)
NOTE: recipe zlib-1.2.11-r0: task do_install: Started
NOTE: recipe zlib-1.2.11-r0: task do_install: Succeeded
NOTE: Running task 832 of 877 (/home/deby/poky/meta-debian/recipes-debian/zlib/zlib_debian.bb:do_package)
NOTE: Running task 833 of 877 (/home/deby/poky/meta-debian/recipes-debian/zlib/zlib_debian.bb:do_populate_sysroot)
NOTE: recipe zlib-1.2.11-r0: task do_populate_sysroot: Started
NOTE: recipe zlib-1.2.11-r0: task do_package: Started
NOTE: recipe bash-completion-2.8-r0: task do_configure: Succeeded
NOTE: Running task 834 of 877 (/home/deby/poky/meta-debian/recipes-debian/bash-completion/bash-completion_debian.bb:do_compile)
NOTE: recipe bash-completion-2.8-r0: task do_compile: Started
NOTE: recipe bash-completion-2.8-r0: task do_compile: Succeeded
NOTE: Running task 835 of 877 (/home/deby/poky/meta-debian/recipes-debian/bash-completion/bash-completion_debian.bb:do_install)
NOTE: recipe base-passwd-3.5.46-r0: task do_install: Started
NOTE: recipe zlib-1.2.11-r0: task do_populate_sysroot: Succeeded
NOTE: recipe bash-completion-2.8-r0: task do_install: Started
NOTE: recipe base-passwd-3.5.46-r0: task do_install: Succeeded
NOTE: Running task 836 of 877 (/home/deby/poky/meta-debian/recipes-debian/base-passwd/base-passwd_debian.bb:do_populate_sysroot)
NOTE: recipe base-passwd-3.5.46-r0: task do_populate_sysroot: Started
NOTE: recipe base-passwd-3.5.46-r0: task do_populate_sysroot: Succeeded
NOTE: Running task 837 of 877 (/home/deby/poky/meta-debian/recipes-debian/base-passwd/base-passwd_debian.bb:do_package)
NOTE: recipe base-passwd-3.5.46-r0: task do_package: Started
NOTE: recipe zlib-1.2.11-r0: task do_package: Succeeded
NOTE: Running task 838 of 877 (/home/deby/poky/meta-debian/recipes-debian/zlib/zlib_debian.bb:do_packagedata)
NOTE: recipe zlib-1.2.11-r0: task do_packagedata: Started
NOTE: recipe zlib-1.2.11-r0: task do_packagedata: Succeeded
NOTE: Running task 839 of 877 (/home/deby/poky/meta-debian/recipes-debian/zlib/zlib_debian.bb:do_package_write_deb)
NOTE: recipe zlib-1.2.11-r0: task do_package_write_deb: Started
NOTE: recipe zlib-1.2.11-r0: task do_package_write_deb: Succeeded
NOTE: recipe base-passwd-3.5.46-r0: task do_package: Succeeded
NOTE: Running task 840 of 877 (/home/deby/poky/meta-debian/recipes-debian/base-passwd/base-passwd_debian.bb:do_packagedata)
NOTE: recipe base-passwd-3.5.46-r0: task do_packagedata: Started
NOTE: recipe base-passwd-3.5.46-r0: task do_packagedata: Succeeded
NOTE: Running task 841 of 877 (/home/deby/poky/meta-debian/recipes-debian/base-passwd/base-passwd_debian.bb:do_package_write_deb)
NOTE: recipe base-passwd-3.5.46-r0: task do_package_write_deb: Started
NOTE: recipe base-passwd-3.5.46-r0: task do_package_write_deb: Succeeded
NOTE: recipe ncurses-6.1+20181013-r0: task do_configure: Succeeded
NOTE: Running task 842 of 877 (/home/deby/poky/meta-debian/recipes-debian/ncurses/ncurses_debian.bb:do_compile)
NOTE: recipe ncurses-6.1+20181013-r0: task do_compile: Started
NOTE: recipe bash-completion-2.8-r0: task do_install: Succeeded
NOTE: Running task 843 of 877 (/home/deby/poky/meta-debian/recipes-debian/bash-completion/bash-completion_debian.bb:do_package)
NOTE: Running task 844 of 877 (/home/deby/poky/meta-debian/recipes-debian/bash-completion/bash-completion_debian.bb:do_populate_sysroot)
NOTE: recipe bash-completion-2.8-r0: task do_populate_sysroot: Started
NOTE: recipe bash-completion-2.8-r0: task do_package: Started
NOTE: recipe bash-completion-2.8-r0: task do_populate_sysroot: Succeeded
NOTE: recipe bash-completion-2.8-r0: task do_package: Succeeded
NOTE: Running task 845 of 877 (/home/deby/poky/meta-debian/recipes-debian/bash-completion/bash-completion_debian.bb:do_packagedata)
NOTE: recipe bash-completion-2.8-r0: task do_packagedata: Started
NOTE: recipe bash-completion-2.8-r0: task do_packagedata: Succeeded
NOTE: recipe ncurses-6.1+20181013-r0: task do_compile: Succeeded
NOTE: Running task 846 of 877 (/home/deby/poky/meta-debian/recipes-debian/ncurses/ncurses_debian.bb:do_install)
NOTE: recipe ncurses-6.1+20181013-r0: task do_install: Started
NOTE: recipe shadow-4.5-r0: task do_configure: Succeeded
NOTE: Running task 847 of 877 (/home/deby/poky/meta-debian/recipes-debian/shadow/shadow_debian.bb:do_compile)
NOTE: recipe shadow-4.5-r0: task do_compile: Started
NOTE: recipe glibc-locale-2.28-r0: task do_install: Succeeded
NOTE: Running task 848 of 877 (/home/deby/poky/meta-debian/recipes-debian/glibc/glibc-locale_debian.bb:do_package)
NOTE: Running task 849 of 877 (/home/deby/poky/meta-debian/recipes-debian/glibc/glibc-locale_debian.bb:do_populate_sysroot)
NOTE: recipe glibc-locale-2.28-r0: task do_package: Started
NOTE: recipe glibc-locale-2.28-r0: task do_populate_sysroot: Started
NOTE: recipe glibc-locale-2.28-r0: task do_populate_sysroot: Succeeded
NOTE: recipe shadow-4.5-r0: task do_compile: Succeeded
NOTE: Running task 850 of 877 (/home/deby/poky/meta-debian/recipes-debian/shadow/shadow_debian.bb:do_install)
NOTE: recipe shadow-4.5-r0: task do_install: Started
NOTE: recipe shadow-4.5-r0: task do_install: Succeeded
NOTE: Running task 851 of 877 (/home/deby/poky/meta-debian/recipes-debian/shadow/shadow_debian.bb:do_package)
NOTE: recipe shadow-4.5-r0: task do_package: Started
NOTE: recipe shadow-4.5-r0: task do_package: Succeeded
NOTE: Running task 852 of 877 (/home/deby/poky/meta-debian/recipes-debian/shadow/shadow_debian.bb:do_packagedata)
NOTE: recipe shadow-4.5-r0: task do_packagedata: Started
NOTE: recipe shadow-4.5-r0: task do_packagedata: Succeeded
NOTE: Running task 853 of 877 (/home/deby/poky/meta-debian/recipes-debian/adduser/adduser_debian.bb:do_package_write_deb)
NOTE: Running task 854 of 877 (/home/deby/poky/meta-debian/recipes-debian/adduser/adduser_debian.bb:do_package_qa)
NOTE: recipe adduser-3.118-r0: task do_package_write_deb: Started
NOTE: recipe adduser-3.118-r0: task do_package_qa: Started
NOTE: recipe adduser-3.118-r0: task do_package_write_deb: Succeeded
NOTE: recipe ncurses-6.1+20181013-r0: task do_install: Succeeded
NOTE: Running task 855 of 877 (/home/deby/poky/meta-debian/recipes-debian/ncurses/ncurses_debian.bb:do_package)
NOTE: Running task 856 of 877 (/home/deby/poky/meta-debian/recipes-debian/ncurses/ncurses_debian.bb:do_populate_sysroot)
NOTE: recipe adduser-3.118-r0: task do_package_qa: Succeeded
NOTE: recipe ncurses-6.1+20181013-r0: task do_populate_sysroot: Started
NOTE: recipe ncurses-6.1+20181013-r0: task do_package: Started
NOTE: recipe ncurses-6.1+20181013-r0: task do_populate_sysroot: Succeeded
NOTE: Running task 857 of 877 (/home/deby/poky/meta-debian/recipes-debian/bash/bash_debian.bb:do_prepare_recipe_sysroot)
NOTE: Running task 858 of 877 (/home/deby/poky/meta-debian/recipes-debian/util-linux/util-linux_debian.bb:do_prepare_recipe_sysroot)
NOTE: recipe util-linux-2.33.1-r0: task do_prepare_recipe_sysroot: Started
NOTE: recipe bash-5.0-r0: task do_prepare_recipe_sysroot: Started
NOTE: recipe bash-5.0-r0: task do_prepare_recipe_sysroot: Succeeded
NOTE: Running task 859 of 877 (/home/deby/poky/meta-debian/recipes-debian/bash/bash_debian.bb:do_configure)
NOTE: recipe bash-5.0-r0: task do_configure: Started
NOTE: recipe util-linux-2.33.1-r0: task do_prepare_recipe_sysroot: Succeeded
NOTE: Running task 860 of 877 (/home/deby/poky/meta-debian/recipes-debian/util-linux/util-linux_debian.bb:do_configure)
NOTE: recipe util-linux-2.33.1-r0: task do_configure: Started
NOTE: recipe ncurses-6.1+20181013-r0: task do_package: Succeeded
NOTE: Running task 861 of 877 (/home/deby/poky/meta-debian/recipes-debian/ncurses/ncurses_debian.bb:do_packagedata)
NOTE: recipe ncurses-6.1+20181013-r0: task do_packagedata: Started
NOTE: recipe ncurses-6.1+20181013-r0: task do_packagedata: Succeeded
NOTE: Running task 862 of 877 (/home/deby/poky/meta-debian/recipes-debian/ncurses/ncurses_debian.bb:do_package_write_deb)
NOTE: recipe ncurses-6.1+20181013-r0: task do_package_write_deb: Started
NOTE: recipe ncurses-6.1+20181013-r0: task do_package_write_deb: Succeeded
NOTE: recipe util-linux-2.33.1-r0: task do_configure: Succeeded
NOTE: Running task 863 of 877 (/home/deby/poky/meta-debian/recipes-debian/util-linux/util-linux_debian.bb:do_compile)
NOTE: recipe util-linux-2.33.1-r0: task do_compile: Started
NOTE: recipe bash-5.0-r0: task do_configure: Succeeded
NOTE: Running task 864 of 877 (/home/deby/poky/meta-debian/recipes-debian/bash/bash_debian.bb:do_compile)
NOTE: recipe bash-5.0-r0: task do_compile: Started
NOTE: recipe util-linux-2.33.1-r0: task do_compile: Succeeded
NOTE: Running task 865 of 877 (/home/deby/poky/meta-debian/recipes-debian/util-linux/util-linux_debian.bb:do_install)
NOTE: recipe util-linux-2.33.1-r0: task do_install: Started
NOTE: recipe bash-5.0-r0: task do_compile: Succeeded
NOTE: Running task 866 of 877 (/home/deby/poky/meta-debian/recipes-debian/bash/bash_debian.bb:do_install)
NOTE: recipe bash-5.0-r0: task do_install: Started
NOTE: recipe util-linux-2.33.1-r0: task do_install: Succeeded
NOTE: Running task 867 of 877 (/home/deby/poky/meta-debian/recipes-debian/util-linux/util-linux_debian.bb:do_package)
NOTE: recipe util-linux-2.33.1-r0: task do_package: Started
NOTE: recipe bash-5.0-r0: task do_install: Succeeded
NOTE: recipe util-linux-2.33.1-r0: task do_package: Succeeded
NOTE: Running task 868 of 877 (/home/deby/poky/meta-debian/recipes-debian/util-linux/util-linux_debian.bb:do_packagedata)
NOTE: recipe util-linux-2.33.1-r0: task do_packagedata: Started
NOTE: recipe util-linux-2.33.1-r0: task do_packagedata: Succeeded
NOTE: Running task 869 of 877 (/home/deby/poky/meta-debian/recipes-debian/util-linux/util-linux_debian.bb:do_package_write_deb)
NOTE: Running task 870 of 877 (/home/deby/poky/meta-debian/recipes-debian/shadow/shadow_debian.bb:do_package_write_deb)
NOTE: recipe util-linux-2.33.1-r0: task do_package_write_deb: Started
NOTE: recipe shadow-4.5-r0: task do_package_write_deb: Started
NOTE: recipe shadow-4.5-r0: task do_package_write_deb: Succeeded
NOTE: recipe util-linux-2.33.1-r0: task do_package_write_deb: Succeeded
NOTE: recipe glibc-locale-2.28-r0: task do_package: Succeeded
NOTE: Running task 871 of 877 (/home/deby/poky/meta-debian/recipes-debian/glibc/glibc-locale_debian.bb:do_packagedata)
NOTE: recipe glibc-locale-2.28-r0: task do_packagedata: Started
NOTE: recipe glibc-locale-2.28-r0: task do_packagedata: Succeeded
NOTE: Running task 872 of 877 (/home/deby/poky/meta-debian/recipes-debian/bash/bash_debian.bb:do_package)
NOTE: Running task 873 of 877 (/home/deby/poky/meta-debian/recipes-debian/glibc/glibc-locale_debian.bb:do_package_write_deb)
NOTE: recipe glibc-locale-2.28-r0: task do_package_write_deb: Started
NOTE: recipe bash-5.0-r0: task do_package: Started
NOTE: recipe bash-5.0-r0: task do_package: Succeeded
NOTE: Running task 874 of 877 (/home/deby/poky/meta-debian/recipes-debian/bash/bash_debian.bb:do_packagedata)
NOTE: recipe bash-5.0-r0: task do_packagedata: Started
NOTE: recipe bash-5.0-r0: task do_packagedata: Succeeded
NOTE: Running task 875 of 877 (/home/deby/poky/meta-debian/recipes-debian/bash/bash_debian.bb:do_package_write_deb)
NOTE: Running task 876 of 877 (/home/deby/poky/meta-debian/recipes-debian/bash-completion/bash-completion_debian.bb:do_package_write_deb)
NOTE: recipe bash-completion-2.8-r0: task do_package_write_deb: Started
NOTE: recipe bash-5.0-r0: task do_package_write_deb: Started
NOTE: recipe bash-completion-2.8-r0: task do_package_write_deb: Succeeded
NOTE: recipe bash-5.0-r0: task do_package_write_deb: Succeeded
NOTE: recipe glibc-locale-2.28-r0: task do_package_write_deb: Succeeded
NOTE: Running noexec task 877 of 877 (/home/deby/poky/meta-debian/recipes-debian/adduser/adduser_debian.bb:do_build)
NOTE: Tasks Summary: Attempted 877 tasks of which 803 didn't need to be rerun and all succeeded.
