WARNING: Host distribution "debian-10" has not been validated with this version of the build system; you may possibly experience unexpected failures. It is recommended that you use a tested distribution.
Loading cache...done.
Loaded 1440 entries from dependency cache.
NOTE: Resolving any missing task queue dependencies

Build Configuration:
BB_VERSION           = "1.42.0"
BUILD_SYS            = "x86_64-linux"
NATIVELSBSTRING      = "universal"
TARGET_SYS           = "mips-deby-linux"
MACHINE              = "qemumips"
DISTRO               = "deby-tiny"
DISTRO_VERSION       = "10.0"
TUNE_FEATURES        = "o32 bigendian fpu-hard mips32r2"
TARGET_FPU           = ""
meta                 
meta-poky            = "warrior:51223035e66c5b27799b15a0f8ebe75d24d3971b"
meta-debian          = "warrior-trungdt:47b755ebe41c5afc0ea94d75b55c4f0efd8983fe"

Initialising tasks...done.
Sstate summary: Wanted 10 Found 10 Missed 0 Current 90 (100% match, 100% complete)
NOTE: Executing SetScene Tasks
NOTE: Running setscene task 91 of 100 (/home/deby/poky/meta-debian/recipes-debian/gdb/gdb_debian.bb:do_populate_sysroot_setscene)
NOTE: Running setscene task 92 of 100 (/home/deby/poky/meta-debian/recipes-debian/gdb/gdb_debian.bb:do_package_qa_setscene)
NOTE: Running setscene task 93 of 100 (/home/deby/poky/meta-debian/recipes-debian/gdb/gdb_debian.bb:do_package_write_deb_setscene)
NOTE: Running setscene task 94 of 100 (/home/deby/poky/meta-debian/recipes-debian/expat/expat_debian.bb:do_package_write_deb_setscene)
NOTE: recipe gdb-8.2.1-r0: task do_package_qa_setscene: Started
NOTE: recipe gdb-8.2.1-r0: task do_package_write_deb_setscene: Started
NOTE: recipe expat-2.2.6-r0: task do_package_write_deb_setscene: Started
NOTE: recipe gdb-8.2.1-r0: task do_populate_sysroot_setscene: Started
NOTE: recipe gdb-8.2.1-r0: task do_package_qa_setscene: Succeeded
NOTE: recipe expat-2.2.6-r0: task do_package_write_deb_setscene: Succeeded
NOTE: Running setscene task 96 of 100 (/home/deby/poky/meta-debian/recipes-debian/expat/expat_debian.bb:do_packagedata_setscene)
NOTE: recipe gdb-8.2.1-r0: task do_populate_sysroot_setscene: Succeeded
NOTE: recipe expat-2.2.6-r0: task do_packagedata_setscene: Started
NOTE: Running setscene task 97 of 100 (/home/deby/poky/meta-debian/recipes-debian/expat/expat_debian.bb:do_populate_sysroot_setscene)
NOTE: Running setscene task 98 of 100 (/home/deby/poky/meta-debian/recipes-debian/readline/readline_debian.bb:do_populate_sysroot_setscene)
NOTE: recipe readline-7.0-r0: task do_populate_sysroot_setscene: Started
NOTE: recipe expat-2.2.6-r0: task do_populate_sysroot_setscene: Started
NOTE: recipe gdb-8.2.1-r0: task do_package_write_deb_setscene: Succeeded
NOTE: Running setscene task 99 of 100 (/home/deby/poky/meta-debian/recipes-debian/gdb/gdb_debian.bb:do_packagedata_setscene)
NOTE: recipe readline-7.0-r0: task do_populate_sysroot_setscene: Succeeded
NOTE: recipe expat-2.2.6-r0: task do_packagedata_setscene: Succeeded
NOTE: recipe expat-2.2.6-r0: task do_populate_sysroot_setscene: Succeeded
NOTE: recipe gdb-8.2.1-r0: task do_packagedata_setscene: Started
NOTE: recipe gdb-8.2.1-r0: task do_packagedata_setscene: Succeeded
NOTE: Executing RunQueue Tasks
NOTE: Running noexec task 595 of 595 (/home/deby/poky/meta-debian/recipes-debian/gdb/gdb_debian.bb:do_build)
NOTE: Tasks Summary: Attempted 595 tasks of which 594 didn't need to be rerun and all succeeded.

Summary: There was 1 WARNING message shown.
