Loading cache...done.
Loaded 1825 entries from dependency cache.
Parsing recipes...done.
Parsing of 1043 .bb files complete (1041 cached, 2 parsed). 1828 targets, 228 skipped, 0 masked, 0 errors.
NOTE: Resolving any missing task queue dependencies

Build Configuration:
BB_VERSION           = "1.42.0"
BUILD_SYS            = "x86_64-linux"
NATIVELSBSTRING      = "universal"
TARGET_SYS           = "mips-deby-linux"
MACHINE              = "qemumips"
DISTRO               = "deby-tiny"
DISTRO_VERSION       = "10.0"
TUNE_FEATURES        = "o32 bigendian fpu-hard mips32r2"
TARGET_FPU           = ""
meta                 
meta-poky            = "warrior:79a850a10a4b88a6d20d607b322542f947874323"
meta-debian          = "warrior:fda6a80e4cae9aa03f502551f35fe41beb7bb944"

Initialising tasks...done.
Sstate summary: Wanted 13 Found 0 Missed 13 Current 80 (0% match, 86% complete)
NOTE: Executing SetScene Tasks
NOTE: Executing RunQueue Tasks
NOTE: Running task 413 of 670 (/home/deby/poky/meta-debian/recipes-kernel/linux/linux-base_git.bb:do_fetch)
NOTE: Running task 571 of 670 (/home/deby/poky/meta-debian/recipes-debian/iptables/iptables_debian.bb:do_fetch)
NOTE: Running task 625 of 670 (/home/deby/poky/meta/recipes-kernel/kmod/depmodwrapper-cross_1.0.bb:do_fetch)
NOTE: recipe linux-base-gitAUTOINC+5e85a1ff9a-r0: task do_fetch: Started
NOTE: recipe depmodwrapper-cross-1.0-r0: task do_fetch: Started
NOTE: recipe depmodwrapper-cross-1.0-r0: task do_fetch: Succeeded
NOTE: Running task 631 of 670 (/home/deby/poky/meta/recipes-kernel/kmod/depmodwrapper-cross_1.0.bb:do_unpack)
NOTE: Running task 632 of 670 (/home/deby/poky/meta/recipes-kernel/kmod/depmodwrapper-cross_1.0.bb:do_prepare_recipe_sysroot)
NOTE: recipe depmodwrapper-cross-1.0-r0: task do_prepare_recipe_sysroot: Started
NOTE: recipe iptables-1.8.2-r0: task do_fetch: Started
NOTE: recipe depmodwrapper-cross-1.0-r0: task do_unpack: Started
NOTE: recipe depmodwrapper-cross-1.0-r0: task do_unpack: Succeeded
NOTE: Running task 633 of 670 (/home/deby/poky/meta/recipes-kernel/kmod/depmodwrapper-cross_1.0.bb:do_patch)
NOTE: recipe depmodwrapper-cross-1.0-r0: task do_patch: Started
NOTE: recipe iptables-1.8.2-r0: task do_fetch: Succeeded
NOTE: Running task 634 of 670 (/home/deby/poky/meta-debian/recipes-debian/iptables/iptables_debian.bb:do_unpack)
NOTE: Running task 635 of 670 (/home/deby/poky/meta-debian/recipes-debian/iptables/iptables_debian.bb:do_prepare_recipe_sysroot)
NOTE: recipe linux-base-gitAUTOINC+5e85a1ff9a-r0: task do_fetch: Succeeded
NOTE: Running task 636 of 670 (/home/deby/poky/meta-debian/recipes-kernel/linux/linux-base_git.bb:do_unpack)
NOTE: Running task 637 of 670 (/home/deby/poky/meta-debian/recipes-kernel/linux/linux-base_git.bb:do_prepare_recipe_sysroot)
NOTE: recipe iptables-1.8.2-r0: task do_prepare_recipe_sysroot: Started
NOTE: recipe iptables-1.8.2-r0: task do_unpack: Started
NOTE: recipe linux-base-gitAUTOINC+5e85a1ff9a-r0: task do_unpack: Started
NOTE: recipe linux-base-gitAUTOINC+5e85a1ff9a-r0: task do_prepare_recipe_sysroot: Started
NOTE: recipe iptables-1.8.2-r0: task do_prepare_recipe_sysroot: Succeeded
NOTE: recipe iptables-1.8.2-r0: task do_unpack: Succeeded
NOTE: Running task 638 of 670 (/home/deby/poky/meta-debian/recipes-debian/iptables/iptables_debian.bb:do_debian_unpack_extra)
NOTE: recipe depmodwrapper-cross-1.0-r0: task do_prepare_recipe_sysroot: Succeeded
NOTE: recipe iptables-1.8.2-r0: task do_debian_unpack_extra: Started
NOTE: recipe depmodwrapper-cross-1.0-r0: task do_patch: Succeeded
NOTE: Running task 639 of 670 (/home/deby/poky/meta/recipes-kernel/kmod/depmodwrapper-cross_1.0.bb:do_configure)
NOTE: recipe iptables-1.8.2-r0: task do_debian_unpack_extra: Succeeded
NOTE: Running task 640 of 670 (/home/deby/poky/meta-debian/recipes-debian/iptables/iptables_debian.bb:do_debian_patch)
NOTE: recipe depmodwrapper-cross-1.0-r0: task do_configure: Started
NOTE: recipe iptables-1.8.2-r0: task do_debian_patch: Started
NOTE: recipe depmodwrapper-cross-1.0-r0: task do_configure: Succeeded
NOTE: Running task 641 of 670 (/home/deby/poky/meta/recipes-kernel/kmod/depmodwrapper-cross_1.0.bb:do_compile)
NOTE: recipe depmodwrapper-cross-1.0-r0: task do_compile: Started
NOTE: recipe linux-base-gitAUTOINC+5e85a1ff9a-r0: task do_prepare_recipe_sysroot: Succeeded
NOTE: recipe iptables-1.8.2-r0: task do_debian_patch: Succeeded
NOTE: Running task 642 of 670 (/home/deby/poky/meta-debian/recipes-debian/iptables/iptables_debian.bb:do_patch)
NOTE: recipe depmodwrapper-cross-1.0-r0: task do_compile: Succeeded
NOTE: Running task 643 of 670 (/home/deby/poky/meta/recipes-kernel/kmod/depmodwrapper-cross_1.0.bb:do_install)
NOTE: recipe iptables-1.8.2-r0: task do_patch: Started
NOTE: recipe iptables-1.8.2-r0: task do_patch: Succeeded
NOTE: Running task 644 of 670 (/home/deby/poky/meta-debian/recipes-debian/iptables/iptables_debian.bb:do_configure)
NOTE: Running task 645 of 670 (/home/deby/poky/meta-debian/recipes-debian/iptables/iptables_debian.bb:do_populate_lic)
NOTE: recipe depmodwrapper-cross-1.0-r0: task do_install: Started
NOTE: recipe iptables-1.8.2-r0: task do_populate_lic: Started
NOTE: recipe iptables-1.8.2-r0: task do_configure: Started
NOTE: recipe depmodwrapper-cross-1.0-r0: task do_install: Succeeded
NOTE: Running task 646 of 670 (/home/deby/poky/meta/recipes-kernel/kmod/depmodwrapper-cross_1.0.bb:do_populate_sysroot)
NOTE: recipe iptables-1.8.2-r0: task do_populate_lic: Succeeded
NOTE: recipe depmodwrapper-cross-1.0-r0: task do_populate_sysroot: Started
NOTE: recipe depmodwrapper-cross-1.0-r0: task do_populate_sysroot: Succeeded
NOTE: recipe iptables-1.8.2-r0: task do_configure: Succeeded
NOTE: Running task 647 of 670 (/home/deby/poky/meta-debian/recipes-debian/iptables/iptables_debian.bb:do_compile)
NOTE: recipe iptables-1.8.2-r0: task do_compile: Started
NOTE: recipe iptables-1.8.2-r0: task do_compile: Succeeded
NOTE: Running task 648 of 670 (/home/deby/poky/meta-debian/recipes-debian/iptables/iptables_debian.bb:do_install)
NOTE: recipe iptables-1.8.2-r0: task do_install: Started
NOTE: recipe iptables-1.8.2-r0: task do_install: Succeeded
NOTE: Running task 649 of 670 (/home/deby/poky/meta-debian/recipes-debian/iptables/iptables_debian.bb:do_package)
NOTE: Running task 650 of 670 (/home/deby/poky/meta-debian/recipes-debian/iptables/iptables_debian.bb:do_populate_sysroot)
NOTE: recipe iptables-1.8.2-r0: task do_package: Started
NOTE: recipe iptables-1.8.2-r0: task do_populate_sysroot: Started
NOTE: recipe iptables-1.8.2-r0: task do_populate_sysroot: Succeeded
NOTE: recipe linux-base-gitAUTOINC+5e85a1ff9a-r0: task do_unpack: Succeeded
NOTE: Running task 651 of 670 (/home/deby/poky/meta-debian/recipes-kernel/linux/linux-base_git.bb:do_symlink_kernsrc)
NOTE: Running task 652 of 670 (/home/deby/poky/meta-debian/recipes-kernel/linux/linux-base_git.bb:do_patch)
NOTE: recipe linux-base-gitAUTOINC+5e85a1ff9a-r0: task do_patch: Started
NOTE: recipe linux-base-gitAUTOINC+5e85a1ff9a-r0: task do_symlink_kernsrc: Started
NOTE: recipe linux-base-gitAUTOINC+5e85a1ff9a-r0: task do_symlink_kernsrc: Succeeded
NOTE: recipe iptables-1.8.2-r0: task do_package: Succeeded
NOTE: Running task 653 of 670 (/home/deby/poky/meta-debian/recipes-debian/iptables/iptables_debian.bb:do_packagedata)
NOTE: recipe linux-base-gitAUTOINC+5e85a1ff9a-r0: task do_patch: Succeeded
NOTE: Running task 654 of 670 (/home/deby/poky/meta-debian/recipes-kernel/linux/linux-base_git.bb:do_configure)
NOTE: recipe iptables-1.8.2-r0: task do_packagedata: Started
NOTE: recipe linux-base-gitAUTOINC+5e85a1ff9a-r0: task do_configure: Started
NOTE: recipe iptables-1.8.2-r0: task do_packagedata: Succeeded
NOTE: recipe linux-base-gitAUTOINC+5e85a1ff9a-r0: task do_configure: Succeeded
NOTE: Running task 655 of 670 (/home/deby/poky/meta-debian/recipes-kernel/linux/linux-base_git.bb:do_compile)
NOTE: recipe linux-base-gitAUTOINC+5e85a1ff9a-r0: task do_compile: Started
NOTE: recipe linux-base-gitAUTOINC+5e85a1ff9a-r0: task do_compile: Succeeded
NOTE: Running task 656 of 670 (/home/deby/poky/meta-debian/recipes-kernel/linux/linux-base_git.bb:do_shared_workdir)
NOTE: Running task 657 of 670 (/home/deby/poky/meta-debian/recipes-kernel/linux/linux-base_git.bb:do_kernel_link_images)
NOTE: recipe linux-base-gitAUTOINC+5e85a1ff9a-r0: task do_kernel_link_images: Started
NOTE: recipe linux-base-gitAUTOINC+5e85a1ff9a-r0: task do_shared_workdir: Started
NOTE: recipe linux-base-gitAUTOINC+5e85a1ff9a-r0: task do_kernel_link_images: Succeeded
NOTE: recipe linux-base-gitAUTOINC+5e85a1ff9a-r0: task do_shared_workdir: Succeeded
NOTE: Running task 658 of 670 (/home/deby/poky/meta-debian/recipes-kernel/linux/linux-base_git.bb:do_compile_kernelmodules)
NOTE: recipe linux-base-gitAUTOINC+5e85a1ff9a-r0: task do_compile_kernelmodules: Started
NOTE: recipe linux-base-gitAUTOINC+5e85a1ff9a-r0: task do_compile_kernelmodules: Succeeded
NOTE: Running task 659 of 670 (/home/deby/poky/meta-debian/recipes-kernel/linux/linux-base_git.bb:do_strip)
NOTE: recipe linux-base-gitAUTOINC+5e85a1ff9a-r0: task do_strip: Started
NOTE: recipe linux-base-gitAUTOINC+5e85a1ff9a-r0: task do_strip: Succeeded
NOTE: Running task 660 of 670 (/home/deby/poky/meta-debian/recipes-kernel/linux/linux-base_git.bb:do_sizecheck)
NOTE: recipe linux-base-gitAUTOINC+5e85a1ff9a-r0: task do_sizecheck: Started
NOTE: recipe linux-base-gitAUTOINC+5e85a1ff9a-r0: task do_sizecheck: Succeeded
NOTE: Running task 661 of 670 (/home/deby/poky/meta-debian/recipes-kernel/linux/linux-base_git.bb:do_install)
NOTE: recipe linux-base-gitAUTOINC+5e85a1ff9a-r0: task do_install: Started
NOTE: recipe linux-base-gitAUTOINC+5e85a1ff9a-r0: task do_install: Succeeded
NOTE: Running task 662 of 670 (/home/deby/poky/meta-debian/recipes-kernel/linux/linux-base_git.bb:do_package)
NOTE: Running task 663 of 670 (/home/deby/poky/meta-debian/recipes-kernel/linux/linux-base_git.bb:do_bundle_initramfs)
NOTE: Running task 664 of 670 (/home/deby/poky/meta-debian/recipes-kernel/linux/linux-base_git.bb:do_populate_sysroot)
NOTE: recipe linux-base-gitAUTOINC+5e85a1ff9a-r0: task do_bundle_initramfs: Started
NOTE: recipe linux-base-gitAUTOINC+5e85a1ff9a-r0: task do_bundle_initramfs: Succeeded
NOTE: recipe linux-base-gitAUTOINC+5e85a1ff9a-r0: task do_populate_sysroot: Started
NOTE: recipe linux-base-gitAUTOINC+5e85a1ff9a-r0: task do_package: Started
NOTE: recipe linux-base-gitAUTOINC+5e85a1ff9a-r0: task do_populate_sysroot: Succeeded
NOTE: recipe linux-base-gitAUTOINC+5e85a1ff9a-r0: task do_package: Succeeded
NOTE: Running task 665 of 670 (/home/deby/poky/meta-debian/recipes-kernel/linux/linux-base_git.bb:do_packagedata)
NOTE: recipe linux-base-gitAUTOINC+5e85a1ff9a-r0: task do_packagedata: Started
NOTE: recipe linux-base-gitAUTOINC+5e85a1ff9a-r0: task do_packagedata: Succeeded
NOTE: Running task 666 of 670 (/home/deby/poky/meta-debian/recipes-kernel/linux/linux-base_git.bb:do_deploy)
NOTE: Running task 667 of 670 (/home/deby/poky/meta-debian/recipes-kernel/linux/linux-base_git.bb:do_package_write_deb)
NOTE: Running task 668 of 670 (/home/deby/poky/meta-debian/recipes-debian/iptables/iptables_debian.bb:do_package_write_deb)
NOTE: Running task 669 of 670 (/home/deby/poky/meta-debian/recipes-debian/iptables/iptables_debian.bb:do_package_qa)
NOTE: recipe linux-base-gitAUTOINC+5e85a1ff9a-r0: task do_deploy: Started
NOTE: recipe iptables-1.8.2-r0: task do_package_qa: Started
NOTE: recipe iptables-1.8.2-r0: task do_package_write_deb: Started
NOTE: recipe linux-base-gitAUTOINC+5e85a1ff9a-r0: task do_package_write_deb: Started
NOTE: recipe linux-base-gitAUTOINC+5e85a1ff9a-r0: task do_deploy: Succeeded
NOTE: recipe iptables-1.8.2-r0: task do_package_write_deb: Succeeded
NOTE: recipe iptables-1.8.2-r0: task do_package_qa: Succeeded
NOTE: recipe linux-base-gitAUTOINC+5e85a1ff9a-r0: task do_package_write_deb: Succeeded
NOTE: Running noexec task 670 of 670 (/home/deby/poky/meta-debian/recipes-debian/iptables/iptables_debian.bb:do_build)
NOTE: Tasks Summary: Attempted 670 tasks of which 627 didn't need to be rerun and all succeeded.
