Loading cache...done.
Loaded 1803 entries from dependency cache.
Parsing recipes...done.
Parsing of 1030 .bb files complete (1028 cached, 2 parsed). 1806 targets, 231 skipped, 0 masked, 0 errors.
NOTE: Resolving any missing task queue dependencies

Build Configuration:
BB_VERSION           = "1.42.0"
BUILD_SYS            = "x86_64-linux"
NATIVELSBSTRING      = "universal"
TARGET_SYS           = "mips-deby-linux"
MACHINE              = "qemumips"
DISTRO               = "deby-tiny"
DISTRO_VERSION       = "10.0"
TUNE_FEATURES        = "o32 bigendian fpu-hard mips32r2"
TARGET_FPU           = ""
meta                 
meta-poky            = "warrior:023ff85a9ae94331926e923b346fd8a349881e63"
meta-debian          = "warrior:8e157b1a7a3a3ae1224ea194f0fc9e25772d0e07"

Initialising tasks...done.
Sstate summary: Wanted 2 Found 0 Missed 2 Current 79 (0% match, 97% complete)
NOTE: Executing SetScene Tasks
NOTE: Executing RunQueue Tasks
NOTE: Running task 589 of 593 (/home/deby/poky/meta-debian/recipes-debian/ivykis/ivykis_debian.bb:do_populate_lic)
NOTE: Running task 591 of 593 (/home/deby/poky/meta-debian/recipes-debian/ivykis/ivykis_debian.bb:do_package_qa)
NOTE: recipe ivykis-0.42.3-r0: task do_populate_lic: Started
NOTE: recipe ivykis-0.42.3-r0: task do_populate_lic: Succeeded
NOTE: recipe ivykis-0.42.3-r0: task do_package_qa: Started
NOTE: recipe ivykis-0.42.3-r0: task do_package_qa: Succeeded
NOTE: Running noexec task 593 of 593 (/home/deby/poky/meta-debian/recipes-debian/ivykis/ivykis_debian.bb:do_build)
NOTE: Tasks Summary: Attempted 593 tasks of which 590 didn't need to be rerun and all succeeded.
