NOTE: Bitbake server didn't start within 5 seconds, waiting for 90
Loading cache...done.
Loaded 1803 entries from dependency cache.
Parsing recipes...done.
Parsing of 1030 .bb files complete (1028 cached, 2 parsed). 1806 targets, 231 skipped, 0 masked, 0 errors.
NOTE: Resolving any missing task queue dependencies

Build Configuration:
BB_VERSION           = "1.42.0"
BUILD_SYS            = "x86_64-linux"
NATIVELSBSTRING      = "universal"
TARGET_SYS           = "mips-deby-linux"
MACHINE              = "qemumips"
DISTRO               = "deby-tiny"
DISTRO_VERSION       = "10.0"
TUNE_FEATURES        = "o32 bigendian fpu-hard mips32r2"
TARGET_FPU           = ""
meta                 
meta-poky            = "warrior:023ff85a9ae94331926e923b346fd8a349881e63"
meta-debian          = "warrior:0fba4d92162a85a330d2d88ebd73ee0819f920fc"

Initialising tasks...done.
Sstate summary: Wanted 6 Found 0 Missed 6 Current 79 (0% match, 92% complete)
NOTE: Executing SetScene Tasks
NOTE: Executing RunQueue Tasks
NOTE: Running task 540 of 606 (/home/deby/poky/meta-debian/recipes-debian/libnet/libnet_debian.bb:do_fetch)
NOTE: recipe libnet-1.1.6-r0: task do_fetch: Started
NOTE: recipe libnet-1.1.6-r0: task do_fetch: Succeeded
NOTE: Running task 592 of 606 (/home/deby/poky/meta-debian/recipes-debian/libnet/libnet_debian.bb:do_unpack)
NOTE: Running task 593 of 606 (/home/deby/poky/meta-debian/recipes-debian/libnet/libnet_debian.bb:do_prepare_recipe_sysroot)
NOTE: recipe libnet-1.1.6-r0: task do_unpack: Started
NOTE: recipe libnet-1.1.6-r0: task do_prepare_recipe_sysroot: Started
NOTE: recipe libnet-1.1.6-r0: task do_unpack: Succeeded
NOTE: Running task 594 of 606 (/home/deby/poky/meta-debian/recipes-debian/libnet/libnet_debian.bb:do_debian_unpack_extra)
NOTE: recipe libnet-1.1.6-r0: task do_debian_unpack_extra: Started
NOTE: recipe libnet-1.1.6-r0: task do_debian_unpack_extra: Succeeded
NOTE: Running task 595 of 606 (/home/deby/poky/meta-debian/recipes-debian/libnet/libnet_debian.bb:do_debian_patch)
NOTE: recipe libnet-1.1.6-r0: task do_debian_patch: Started
NOTE: recipe libnet-1.1.6-r0: task do_prepare_recipe_sysroot: Succeeded
NOTE: recipe libnet-1.1.6-r0: task do_debian_patch: Succeeded
NOTE: Running task 596 of 606 (/home/deby/poky/meta-debian/recipes-debian/libnet/libnet_debian.bb:do_patch)
NOTE: recipe libnet-1.1.6-r0: task do_patch: Started
NOTE: recipe libnet-1.1.6-r0: task do_patch: Succeeded
NOTE: Running task 597 of 606 (/home/deby/poky/meta-debian/recipes-debian/libnet/libnet_debian.bb:do_configure)
NOTE: Running task 598 of 606 (/home/deby/poky/meta-debian/recipes-debian/libnet/libnet_debian.bb:do_populate_lic)
NOTE: recipe libnet-1.1.6-r0: task do_populate_lic: Started
NOTE: recipe libnet-1.1.6-r0: task do_configure: Started
NOTE: recipe libnet-1.1.6-r0: task do_populate_lic: Succeeded
NOTE: recipe libnet-1.1.6-r0: task do_configure: Succeeded
NOTE: Running task 599 of 606 (/home/deby/poky/meta-debian/recipes-debian/libnet/libnet_debian.bb:do_compile)
NOTE: recipe libnet-1.1.6-r0: task do_compile: Started
NOTE: recipe libnet-1.1.6-r0: task do_compile: Succeeded
NOTE: Running task 600 of 606 (/home/deby/poky/meta-debian/recipes-debian/libnet/libnet_debian.bb:do_install)
NOTE: recipe libnet-1.1.6-r0: task do_install: Started
NOTE: recipe libnet-1.1.6-r0: task do_install: Succeeded
NOTE: Running task 601 of 606 (/home/deby/poky/meta-debian/recipes-debian/libnet/libnet_debian.bb:do_package)
NOTE: Running task 602 of 606 (/home/deby/poky/meta-debian/recipes-debian/libnet/libnet_debian.bb:do_populate_sysroot)
NOTE: recipe libnet-1.1.6-r0: task do_populate_sysroot: Started
NOTE: recipe libnet-1.1.6-r0: task do_package: Started
NOTE: recipe libnet-1.1.6-r0: task do_populate_sysroot: Succeeded
NOTE: recipe libnet-1.1.6-r0: task do_package: Succeeded
NOTE: Running task 603 of 606 (/home/deby/poky/meta-debian/recipes-debian/libnet/libnet_debian.bb:do_packagedata)
NOTE: recipe libnet-1.1.6-r0: task do_packagedata: Started
NOTE: recipe libnet-1.1.6-r0: task do_packagedata: Succeeded
NOTE: Running task 604 of 606 (/home/deby/poky/meta-debian/recipes-debian/libnet/libnet_debian.bb:do_package_write_deb)
NOTE: Running task 605 of 606 (/home/deby/poky/meta-debian/recipes-debian/libnet/libnet_debian.bb:do_package_qa)
NOTE: recipe libnet-1.1.6-r0: task do_package_qa: Started
NOTE: recipe libnet-1.1.6-r0: task do_package_write_deb: Started
NOTE: recipe libnet-1.1.6-r0: task do_package_qa: Succeeded
NOTE: recipe libnet-1.1.6-r0: task do_package_write_deb: Succeeded
NOTE: Running noexec task 606 of 606 (/home/deby/poky/meta-debian/recipes-debian/libnet/libnet_debian.bb:do_build)
NOTE: Tasks Summary: Attempted 606 tasks of which 590 didn't need to be rerun and all succeeded.
