Loading cache...done.
Loaded 1825 entries from dependency cache.
Parsing recipes...done.
Parsing of 1043 .bb files complete (1041 cached, 2 parsed). 1828 targets, 228 skipped, 0 masked, 0 errors.
NOTE: Resolving any missing task queue dependencies

Build Configuration:
BB_VERSION           = "1.42.0"
BUILD_SYS            = "x86_64-linux"
NATIVELSBSTRING      = "universal"
TARGET_SYS           = "mips-deby-linux"
MACHINE              = "qemumips"
DISTRO               = "deby-tiny"
DISTRO_VERSION       = "10.0"
TUNE_FEATURES        = "o32 bigendian fpu-hard mips32r2"
TARGET_FPU           = ""
meta                 
meta-poky            = "warrior:79a850a10a4b88a6d20d607b322542f947874323"
meta-debian          = "warrior:fda6a80e4cae9aa03f502551f35fe41beb7bb944"

Initialising tasks...done.
Sstate summary: Wanted 10 Found 0 Missed 10 Current 160 (0% match, 94% complete)
NOTE: Executing SetScene Tasks
NOTE: Executing RunQueue Tasks
NOTE: Running task 607 of 900 (/home/deby/poky/meta-debian/recipes-debian/libtool/libtool_debian.bb:do_fetch)
NOTE: Running task 641 of 900 (/home/deby/poky/meta-debian/recipes-debian/libprelude/libprelude_debian.bb:do_fetch)
NOTE: recipe libtool-2.4.6-r0: task do_fetch: Started
NOTE: recipe libprelude-4.1.0-r0: task do_fetch: Started
NOTE: recipe libprelude-4.1.0-r0: task do_fetch: Succeeded
NOTE: Running task 874 of 900 (/home/deby/poky/meta-debian/recipes-debian/libprelude/libprelude_debian.bb:do_unpack)
NOTE: recipe libtool-2.4.6-r0: task do_fetch: Succeeded
NOTE: Running task 875 of 900 (/home/deby/poky/meta-debian/recipes-debian/libtool/libtool_debian.bb:do_unpack)
NOTE: Running task 876 of 900 (/home/deby/poky/meta-debian/recipes-debian/libtool/libtool_debian.bb:do_prepare_recipe_sysroot)
NOTE: recipe libtool-2.4.6-r0: task do_unpack: Started
NOTE: recipe libprelude-4.1.0-r0: task do_unpack: Started
NOTE: recipe libtool-2.4.6-r0: task do_prepare_recipe_sysroot: Started
NOTE: recipe libtool-2.4.6-r0: task do_prepare_recipe_sysroot: Succeeded
NOTE: recipe libprelude-4.1.0-r0: task do_unpack: Succeeded
NOTE: Running task 877 of 900 (/home/deby/poky/meta-debian/recipes-debian/libprelude/libprelude_debian.bb:do_debian_unpack_extra)
NOTE: recipe libtool-2.4.6-r0: task do_unpack: Succeeded
NOTE: Running task 878 of 900 (/home/deby/poky/meta-debian/recipes-debian/libtool/libtool_debian.bb:do_debian_unpack_extra)
NOTE: recipe libprelude-4.1.0-r0: task do_debian_unpack_extra: Started
NOTE: recipe libprelude-4.1.0-r0: task do_debian_unpack_extra: Succeeded
NOTE: recipe libtool-2.4.6-r0: task do_debian_unpack_extra: Started
NOTE: Running task 879 of 900 (/home/deby/poky/meta-debian/recipes-debian/libprelude/libprelude_debian.bb:do_debian_patch)
NOTE: recipe libtool-2.4.6-r0: task do_debian_unpack_extra: Succeeded
NOTE: Running task 880 of 900 (/home/deby/poky/meta-debian/recipes-debian/libtool/libtool_debian.bb:do_debian_patch)
NOTE: recipe libprelude-4.1.0-r0: task do_debian_patch: Started
NOTE: recipe libtool-2.4.6-r0: task do_debian_patch: Started
NOTE: recipe libprelude-4.1.0-r0: task do_debian_patch: Succeeded
NOTE: Running task 881 of 900 (/home/deby/poky/meta-debian/recipes-debian/libprelude/libprelude_debian.bb:do_patch)
NOTE: recipe libtool-2.4.6-r0: task do_debian_patch: Succeeded
NOTE: Running task 882 of 900 (/home/deby/poky/meta-debian/recipes-debian/libtool/libtool_debian.bb:do_patch)
NOTE: recipe libprelude-4.1.0-r0: task do_patch: Started
NOTE: recipe libtool-2.4.6-r0: task do_patch: Started
NOTE: recipe libprelude-4.1.0-r0: task do_patch: Succeeded
NOTE: Running task 883 of 900 (/home/deby/poky/meta-debian/recipes-debian/libprelude/libprelude_debian.bb:do_populate_lic)
NOTE: recipe libprelude-4.1.0-r0: task do_populate_lic: Started
NOTE: recipe libprelude-4.1.0-r0: task do_populate_lic: Succeeded
NOTE: recipe libtool-2.4.6-r0: task do_patch: Succeeded
NOTE: Running task 884 of 900 (/home/deby/poky/meta-debian/recipes-debian/libtool/libtool_debian.bb:do_configure)
NOTE: recipe libtool-2.4.6-r0: task do_configure: Started
NOTE: recipe libtool-2.4.6-r0: task do_configure: Succeeded
NOTE: Running task 885 of 900 (/home/deby/poky/meta-debian/recipes-debian/libtool/libtool_debian.bb:do_compile)
NOTE: recipe libtool-2.4.6-r0: task do_compile: Started
NOTE: recipe libtool-2.4.6-r0: task do_compile: Succeeded
NOTE: Running task 886 of 900 (/home/deby/poky/meta-debian/recipes-debian/libtool/libtool_debian.bb:do_install)
NOTE: recipe libtool-2.4.6-r0: task do_install: Started
NOTE: recipe libtool-2.4.6-r0: task do_install: Succeeded
NOTE: Running task 887 of 900 (/home/deby/poky/meta-debian/recipes-debian/libtool/libtool_debian.bb:do_package)
NOTE: Running task 888 of 900 (/home/deby/poky/meta-debian/recipes-debian/libtool/libtool_debian.bb:do_populate_sysroot)
NOTE: recipe libtool-2.4.6-r0: task do_package: Started
NOTE: recipe libtool-2.4.6-r0: task do_populate_sysroot: Started
NOTE: recipe libtool-2.4.6-r0: task do_populate_sysroot: Succeeded
NOTE: Running task 889 of 900 (/home/deby/poky/meta-debian/recipes-debian/libprelude/libprelude_debian.bb:do_prepare_recipe_sysroot)
NOTE: recipe libprelude-4.1.0-r0: task do_prepare_recipe_sysroot: Started
NOTE: recipe libprelude-4.1.0-r0: task do_prepare_recipe_sysroot: Succeeded
NOTE: Running task 890 of 900 (/home/deby/poky/meta-debian/recipes-debian/libprelude/libprelude_debian.bb:do_configure)
NOTE: recipe libprelude-4.1.0-r0: task do_configure: Started
NOTE: recipe libtool-2.4.6-r0: task do_package: Succeeded
NOTE: Running task 891 of 900 (/home/deby/poky/meta-debian/recipes-debian/libtool/libtool_debian.bb:do_packagedata)
NOTE: recipe libtool-2.4.6-r0: task do_packagedata: Started
NOTE: recipe libtool-2.4.6-r0: task do_packagedata: Succeeded
NOTE: Running task 892 of 900 (/home/deby/poky/meta-debian/recipes-debian/libtool/libtool_debian.bb:do_package_write_deb)
NOTE: recipe libtool-2.4.6-r0: task do_package_write_deb: Started
NOTE: recipe libtool-2.4.6-r0: task do_package_write_deb: Succeeded
NOTE: recipe libprelude-4.1.0-r0: task do_configure: Succeeded
NOTE: Running task 893 of 900 (/home/deby/poky/meta-debian/recipes-debian/libprelude/libprelude_debian.bb:do_compile)
NOTE: recipe libprelude-4.1.0-r0: task do_compile: Started
NOTE: recipe libprelude-4.1.0-r0: task do_compile: Succeeded
NOTE: Running task 894 of 900 (/home/deby/poky/meta-debian/recipes-debian/libprelude/libprelude_debian.bb:do_install)
NOTE: recipe libprelude-4.1.0-r0: task do_install: Started
NOTE: recipe libprelude-4.1.0-r0: task do_install: Succeeded
NOTE: Running task 895 of 900 (/home/deby/poky/meta-debian/recipes-debian/libprelude/libprelude_debian.bb:do_package)
NOTE: Running task 896 of 900 (/home/deby/poky/meta-debian/recipes-debian/libprelude/libprelude_debian.bb:do_populate_sysroot)
NOTE: recipe libprelude-4.1.0-r0: task do_populate_sysroot: Started
NOTE: recipe libprelude-4.1.0-r0: task do_package: Started
NOTE: recipe libprelude-4.1.0-r0: task do_populate_sysroot: Succeeded
NOTE: recipe libprelude-4.1.0-r0: task do_package: Succeeded
NOTE: Running task 897 of 900 (/home/deby/poky/meta-debian/recipes-debian/libprelude/libprelude_debian.bb:do_packagedata)
NOTE: recipe libprelude-4.1.0-r0: task do_packagedata: Started
NOTE: recipe libprelude-4.1.0-r0: task do_packagedata: Succeeded
NOTE: Running task 898 of 900 (/home/deby/poky/meta-debian/recipes-debian/libprelude/libprelude_debian.bb:do_package_write_deb)
NOTE: Running task 899 of 900 (/home/deby/poky/meta-debian/recipes-debian/libprelude/libprelude_debian.bb:do_package_qa)
NOTE: recipe libprelude-4.1.0-r0: task do_package_write_deb: Started
NOTE: recipe libprelude-4.1.0-r0: task do_package_qa: Started
NOTE: recipe libprelude-4.1.0-r0: task do_package_qa: Succeeded
NOTE: recipe libprelude-4.1.0-r0: task do_package_write_deb: Succeeded
NOTE: Running noexec task 900 of 900 (/home/deby/poky/meta-debian/recipes-debian/libprelude/libprelude_debian.bb:do_build)
NOTE: Tasks Summary: Attempted 900 tasks of which 871 didn't need to be rerun and all succeeded.
