WARNING: Host distribution "debian-10" has not been validated with this version of the build system; you may possibly experience unexpected failures. It is recommended that you use a tested distribution.
Loading cache...done.
Loaded 1440 entries from dependency cache.
NOTE: Resolving any missing task queue dependencies

Build Configuration:
BB_VERSION           = "1.42.0"
BUILD_SYS            = "x86_64-linux"
NATIVELSBSTRING      = "universal"
TARGET_SYS           = "mips-deby-linux"
MACHINE              = "qemumips"
DISTRO               = "deby-tiny"
DISTRO_VERSION       = "10.0"
TUNE_FEATURES        = "o32 bigendian fpu-hard mips32r2"
TARGET_FPU           = ""
meta                 
meta-poky            = "warrior:51223035e66c5b27799b15a0f8ebe75d24d3971b"
meta-debian          = "warrior-trungdt:47b755ebe41c5afc0ea94d75b55c4f0efd8983fe"

Initialising tasks...done.
Sstate summary: Wanted 6 Found 6 Missed 0 Current 78 (100% match, 100% complete)
NOTE: Executing SetScene Tasks
NOTE: Running setscene task 79 of 84 (/home/deby/poky/meta-debian/recipes-debian/tar/tar_debian.bb:do_populate_sysroot_setscene)
NOTE: Running setscene task 80 of 84 (/home/deby/poky/meta-debian/recipes-debian/tar/tar_debian.bb:do_package_qa_setscene)
NOTE: Running setscene task 81 of 84 (/home/deby/poky/meta-debian/recipes-debian/tar/tar_debian.bb:do_package_write_deb_setscene)
NOTE: recipe tar-1.30-r0: task do_populate_sysroot_setscene: Started
NOTE: recipe tar-1.30-r0: task do_package_qa_setscene: Started
NOTE: recipe tar-1.30-r0: task do_package_write_deb_setscene: Started
NOTE: recipe tar-1.30-r0: task do_package_qa_setscene: Succeeded
NOTE: recipe tar-1.30-r0: task do_populate_sysroot_setscene: Succeeded
NOTE: recipe tar-1.30-r0: task do_package_write_deb_setscene: Succeeded
NOTE: Running setscene task 84 of 84 (/home/deby/poky/meta-debian/recipes-debian/tar/tar_debian.bb:do_packagedata_setscene)
NOTE: recipe tar-1.30-r0: task do_packagedata_setscene: Started
NOTE: recipe tar-1.30-r0: task do_packagedata_setscene: Succeeded
NOTE: Executing RunQueue Tasks
NOTE: Running noexec task 543 of 543 (/home/deby/poky/meta-debian/recipes-debian/tar/tar_debian.bb:do_build)
NOTE: Tasks Summary: Attempted 543 tasks of which 542 didn't need to be rerun and all succeeded.

Summary: There was 1 WARNING message shown.
