Loading cache...done.
Loaded 1723 entries from dependency cache.
NOTE: Resolving any missing task queue dependencies

Build Configuration:
BB_VERSION           = "1.42.0"
BUILD_SYS            = "x86_64-linux"
NATIVELSBSTRING      = "universal"
TARGET_SYS           = "x86_64-deby-linux"
MACHINE              = "qemux86-64"
DISTRO               = "deby-tiny"
DISTRO_VERSION       = "10.0"
TUNE_FEATURES        = "m64 core2"
TARGET_FPU           = ""
meta                 
meta-poky            = "warrior:79a850a10a4b88a6d20d607b322542f947874323"
meta-debian          = "warrior:79407869d1e56b8c7cb9ac0a9a48a4923ffa202b"

Initialising tasks...done.
Sstate summary: Wanted 21 Found 0 Missed 21 Current 194 (0% match, 90% complete)
NOTE: Executing SetScene Tasks
NOTE: Executing RunQueue Tasks
NOTE: Running task 875 of 1115 (/home/deby/poky/meta-debian/recipes-debian/db/db_debian.bb:do_prepare_recipe_sysroot)
NOTE: Running task 927 of 1115 (/home/deby/poky/meta/recipes-support/libcap-ng/libcap-ng_0.7.9.bb:do_prepare_recipe_sysroot)
NOTE: Running task 929 of 1115 (/home/deby/poky/meta-debian/recipes-debian/tcp-wrappers/tcp-wrappers_debian.bb:do_prepare_recipe_sysroot)
NOTE: recipe db-5.3.28-r0: task do_prepare_recipe_sysroot: Started
NOTE: recipe libcap-ng-0.7.9-r0: task do_prepare_recipe_sysroot: Started
NOTE: recipe tcp-wrappers-7.6.q-r0: task do_prepare_recipe_sysroot: Started
NOTE: recipe tcp-wrappers-7.6.q-r0: task do_prepare_recipe_sysroot: Succeeded
NOTE: Running task 1077 of 1115 (/home/deby/poky/meta-debian/recipes-debian/tcp-wrappers/tcp-wrappers_debian.bb:do_configure)
NOTE: recipe tcp-wrappers-7.6.q-r0: task do_configure: Started
NOTE: recipe db-5.3.28-r0: task do_prepare_recipe_sysroot: Succeeded
NOTE: Running task 1078 of 1115 (/home/deby/poky/meta-debian/recipes-debian/db/db_debian.bb:do_configure)
NOTE: recipe db-5.3.28-r0: task do_configure: Started
NOTE: recipe tcp-wrappers-7.6.q-r0: task do_configure: Succeeded
NOTE: Running task 1079 of 1115 (/home/deby/poky/meta-debian/recipes-debian/tcp-wrappers/tcp-wrappers_debian.bb:do_compile)
NOTE: recipe tcp-wrappers-7.6.q-r0: task do_compile: Started
NOTE: recipe tcp-wrappers-7.6.q-r0: task do_compile: Succeeded
NOTE: Running task 1080 of 1115 (/home/deby/poky/meta-debian/recipes-debian/tcp-wrappers/tcp-wrappers_debian.bb:do_install)
NOTE: recipe tcp-wrappers-7.6.q-r0: task do_install: Started
NOTE: recipe tcp-wrappers-7.6.q-r0: task do_install: Succeeded
NOTE: Running task 1081 of 1115 (/home/deby/poky/meta-debian/recipes-debian/tcp-wrappers/tcp-wrappers_debian.bb:do_package)
NOTE: Running task 1082 of 1115 (/home/deby/poky/meta-debian/recipes-debian/tcp-wrappers/tcp-wrappers_debian.bb:do_populate_sysroot)
NOTE: recipe tcp-wrappers-7.6.q-r0: task do_package: Started
NOTE: recipe tcp-wrappers-7.6.q-r0: task do_populate_sysroot: Started
NOTE: recipe libcap-ng-0.7.9-r0: task do_prepare_recipe_sysroot: Succeeded
NOTE: Running task 1083 of 1115 (/home/deby/poky/meta/recipes-support/libcap-ng/libcap-ng_0.7.9.bb:do_configure)
NOTE: recipe libcap-ng-0.7.9-r0: task do_configure: Started
NOTE: recipe tcp-wrappers-7.6.q-r0: task do_populate_sysroot: Succeeded
NOTE: recipe tcp-wrappers-7.6.q-r0: task do_package: Succeeded
NOTE: Running task 1084 of 1115 (/home/deby/poky/meta-debian/recipes-debian/tcp-wrappers/tcp-wrappers_debian.bb:do_packagedata)
NOTE: recipe tcp-wrappers-7.6.q-r0: task do_packagedata: Started
NOTE: recipe tcp-wrappers-7.6.q-r0: task do_packagedata: Succeeded
NOTE: Running task 1085 of 1115 (/home/deby/poky/meta-debian/recipes-debian/tcp-wrappers/tcp-wrappers_debian.bb:do_package_write_deb)
NOTE: recipe tcp-wrappers-7.6.q-r0: task do_package_write_deb: Started
NOTE: recipe tcp-wrappers-7.6.q-r0: task do_package_write_deb: Succeeded
NOTE: recipe libcap-ng-0.7.9-r0: task do_configure: Succeeded
NOTE: Running task 1086 of 1115 (/home/deby/poky/meta/recipes-support/libcap-ng/libcap-ng_0.7.9.bb:do_compile)
NOTE: recipe libcap-ng-0.7.9-r0: task do_compile: Started
NOTE: recipe libcap-ng-0.7.9-r0: task do_compile: Succeeded
NOTE: Running task 1087 of 1115 (/home/deby/poky/meta/recipes-support/libcap-ng/libcap-ng_0.7.9.bb:do_install)
NOTE: recipe libcap-ng-0.7.9-r0: task do_install: Started
NOTE: recipe libcap-ng-0.7.9-r0: task do_install: Succeeded
NOTE: Running task 1088 of 1115 (/home/deby/poky/meta/recipes-support/libcap-ng/libcap-ng_0.7.9.bb:do_package)
NOTE: Running task 1089 of 1115 (/home/deby/poky/meta/recipes-support/libcap-ng/libcap-ng_0.7.9.bb:do_populate_sysroot)
NOTE: recipe libcap-ng-0.7.9-r0: task do_populate_sysroot: Started
NOTE: recipe libcap-ng-0.7.9-r0: task do_package: Started
NOTE: recipe libcap-ng-0.7.9-r0: task do_populate_sysroot: Succeeded
NOTE: recipe libcap-ng-0.7.9-r0: task do_package: Succeeded
NOTE: Running task 1090 of 1115 (/home/deby/poky/meta/recipes-support/libcap-ng/libcap-ng_0.7.9.bb:do_packagedata)
NOTE: recipe libcap-ng-0.7.9-r0: task do_packagedata: Started
NOTE: recipe libcap-ng-0.7.9-r0: task do_packagedata: Succeeded
NOTE: Running task 1091 of 1115 (/home/deby/poky/meta/recipes-support/libcap-ng/libcap-ng_0.7.9.bb:do_package_write_deb)
NOTE: recipe libcap-ng-0.7.9-r0: task do_package_write_deb: Started
NOTE: recipe db-5.3.28-r0: task do_configure: Succeeded
NOTE: Running task 1092 of 1115 (/home/deby/poky/meta-debian/recipes-debian/db/db_debian.bb:do_compile)
NOTE: recipe db-5.3.28-r0: task do_compile: Started
NOTE: recipe libcap-ng-0.7.9-r0: task do_package_write_deb: Succeeded
NOTE: recipe db-5.3.28-r0: task do_compile: Succeeded
NOTE: Running task 1093 of 1115 (/home/deby/poky/meta-debian/recipes-debian/db/db_debian.bb:do_install)
NOTE: recipe db-5.3.28-r0: task do_install: Started
NOTE: recipe db-5.3.28-r0: task do_install: Succeeded
NOTE: Running task 1094 of 1115 (/home/deby/poky/meta-debian/recipes-debian/db/db_debian.bb:do_populate_sysroot)
NOTE: Running task 1095 of 1115 (/home/deby/poky/meta-debian/recipes-debian/db/db_debian.bb:do_package)
NOTE: recipe db-5.3.28-r0: task do_package: Started
NOTE: recipe db-5.3.28-r0: task do_populate_sysroot: Started
NOTE: recipe db-5.3.28-r0: task do_populate_sysroot: Succeeded
NOTE: Running task 1096 of 1115 (/home/deby/poky/meta/recipes-devtools/python/python_2.7.16.bb:do_prepare_recipe_sysroot)
NOTE: recipe python-2.7.16-r0: task do_prepare_recipe_sysroot: Started
NOTE: recipe python-2.7.16-r0: task do_prepare_recipe_sysroot: Succeeded
NOTE: Running task 1097 of 1115 (/home/deby/poky/meta/recipes-devtools/python/python_2.7.16.bb:do_configure)
NOTE: recipe python-2.7.16-r0: task do_configure: Started
NOTE: recipe db-5.3.28-r0: task do_package: Succeeded
NOTE: Running task 1098 of 1115 (/home/deby/poky/meta-debian/recipes-debian/db/db_debian.bb:do_packagedata)
NOTE: recipe db-5.3.28-r0: task do_packagedata: Started
NOTE: recipe db-5.3.28-r0: task do_packagedata: Succeeded
NOTE: Running task 1099 of 1115 (/home/deby/poky/meta-debian/recipes-debian/db/db_debian.bb:do_package_write_deb)
NOTE: recipe db-5.3.28-r0: task do_package_write_deb: Started
NOTE: recipe db-5.3.28-r0: task do_package_write_deb: Succeeded
NOTE: recipe python-2.7.16-r0: task do_configure: Succeeded
NOTE: Running task 1100 of 1115 (/home/deby/poky/meta/recipes-devtools/python/python_2.7.16.bb:do_compile)
NOTE: recipe python-2.7.16-r0: task do_compile: Started
NOTE: recipe python-2.7.16-r0: task do_compile: Succeeded
NOTE: Running task 1101 of 1115 (/home/deby/poky/meta/recipes-devtools/python/python_2.7.16.bb:do_install)
NOTE: recipe python-2.7.16-r0: task do_install: Started
NOTE: recipe python-2.7.16-r0: task do_install: Succeeded
NOTE: Running task 1102 of 1115 (/home/deby/poky/meta/recipes-devtools/python/python_2.7.16.bb:do_package)
NOTE: Running task 1103 of 1115 (/home/deby/poky/meta/recipes-devtools/python/python_2.7.16.bb:do_populate_sysroot)
NOTE: recipe python-2.7.16-r0: task do_populate_sysroot: Started
NOTE: recipe python-2.7.16-r0: task do_package: Started
NOTE: recipe python-2.7.16-r0: task do_populate_sysroot: Succeeded
NOTE: Running task 1104 of 1115 (/home/deby/poky/meta-debian/recipes-debian/audit/audit_debian.bb:do_prepare_recipe_sysroot)
NOTE: recipe audit-2.8.4-r0: task do_prepare_recipe_sysroot: Started
NOTE: recipe audit-2.8.4-r0: task do_prepare_recipe_sysroot: Succeeded
NOTE: Running task 1105 of 1115 (/home/deby/poky/meta-debian/recipes-debian/audit/audit_debian.bb:do_configure)
NOTE: recipe audit-2.8.4-r0: task do_configure: Started
NOTE: recipe audit-2.8.4-r0: task do_configure: Succeeded
NOTE: Running task 1106 of 1115 (/home/deby/poky/meta-debian/recipes-debian/audit/audit_debian.bb:do_compile)
NOTE: recipe audit-2.8.4-r0: task do_compile: Started
NOTE: recipe python-2.7.16-r0: task do_package: Succeeded
NOTE: Running task 1107 of 1115 (/home/deby/poky/meta/recipes-devtools/python/python_2.7.16.bb:do_packagedata)
NOTE: recipe python-2.7.16-r0: task do_packagedata: Started
NOTE: recipe python-2.7.16-r0: task do_packagedata: Succeeded
NOTE: Running task 1108 of 1115 (/home/deby/poky/meta/recipes-devtools/python/python_2.7.16.bb:do_package_write_deb)
NOTE: recipe python-2.7.16-r0: task do_package_write_deb: Started
NOTE: recipe python-2.7.16-r0: task do_package_write_deb: Succeeded
NOTE: recipe audit-2.8.4-r0: task do_compile: Succeeded
NOTE: Running task 1109 of 1115 (/home/deby/poky/meta-debian/recipes-debian/audit/audit_debian.bb:do_install)
NOTE: recipe audit-2.8.4-r0: task do_install: Started
NOTE: recipe audit-2.8.4-r0: task do_install: Succeeded
NOTE: Running task 1110 of 1115 (/home/deby/poky/meta-debian/recipes-debian/audit/audit_debian.bb:do_package)
NOTE: Running task 1111 of 1115 (/home/deby/poky/meta-debian/recipes-debian/audit/audit_debian.bb:do_populate_sysroot)
NOTE: recipe audit-2.8.4-r0: task do_populate_sysroot: Started
NOTE: recipe audit-2.8.4-r0: task do_package: Started
NOTE: recipe audit-2.8.4-r0: task do_populate_sysroot: Succeeded
NOTE: recipe audit-2.8.4-r0: task do_package: Succeeded
NOTE: Running task 1112 of 1115 (/home/deby/poky/meta-debian/recipes-debian/audit/audit_debian.bb:do_packagedata)
NOTE: recipe audit-2.8.4-r0: task do_packagedata: Started
NOTE: recipe audit-2.8.4-r0: task do_packagedata: Succeeded
NOTE: Running task 1113 of 1115 (/home/deby/poky/meta-debian/recipes-debian/audit/audit_debian.bb:do_package_write_deb)
NOTE: Running task 1114 of 1115 (/home/deby/poky/meta-debian/recipes-debian/audit/audit_debian.bb:do_package_qa)
NOTE: recipe audit-2.8.4-r0: task do_package_write_deb: Started
NOTE: recipe audit-2.8.4-r0: task do_package_qa: Started
NOTE: recipe audit-2.8.4-r0: task do_package_qa: Succeeded
NOTE: recipe audit-2.8.4-r0: task do_package_write_deb: Succeeded
NOTE: Running noexec task 1115 of 1115 (/home/deby/poky/meta-debian/recipes-debian/audit/audit_debian.bb:do_build)
NOTE: Tasks Summary: Attempted 1115 tasks of which 1073 didn't need to be rerun and all succeeded.
