Loading cache...done.
Loaded 1825 entries from dependency cache.
Parsing recipes...done.
Parsing of 1043 .bb files complete (1041 cached, 2 parsed). 1828 targets, 206 skipped, 0 masked, 0 errors.
NOTE: Resolving any missing task queue dependencies

Build Configuration:
BB_VERSION           = "1.42.0"
BUILD_SYS            = "x86_64-linux"
NATIVELSBSTRING      = "universal"
TARGET_SYS           = "x86_64-deby-linux"
MACHINE              = "qemux86-64"
DISTRO               = "deby-tiny"
DISTRO_VERSION       = "10.0"
TUNE_FEATURES        = "m64 core2"
TARGET_FPU           = ""
meta                 
meta-poky            = "warrior:79a850a10a4b88a6d20d607b322542f947874323"
meta-debian          = "warrior:fda6a80e4cae9aa03f502551f35fe41beb7bb944"

Initialising tasks...done.
Sstate summary: Wanted 2 Found 0 Missed 2 Current 83 (0% match, 97% complete)
NOTE: Executing SetScene Tasks
NOTE: Executing RunQueue Tasks
NOTE: Running task 600 of 604 (/home/deby/poky/meta-debian/recipes-debian/libgpg-error/libgpg-error_debian.bb:do_populate_lic)
NOTE: Running task 602 of 604 (/home/deby/poky/meta-debian/recipes-debian/libgpg-error/libgpg-error_debian.bb:do_package_qa)
NOTE: recipe libgpg-error-1.35-r0: task do_populate_lic: Started
NOTE: recipe libgpg-error-1.35-r0: task do_populate_lic: Succeeded
NOTE: recipe libgpg-error-1.35-r0: task do_package_qa: Started
NOTE: recipe libgpg-error-1.35-r0: task do_package_qa: Succeeded
NOTE: Running noexec task 604 of 604 (/home/deby/poky/meta-debian/recipes-debian/libgpg-error/libgpg-error_debian.bb:do_build)
NOTE: Tasks Summary: Attempted 604 tasks of which 601 didn't need to be rerun and all succeeded.
