Loading cache...done.
Loaded 1748 entries from dependency cache.
NOTE: Resolving any missing task queue dependencies

Build Configuration:
BB_VERSION           = "1.42.0"
BUILD_SYS            = "x86_64-linux"
NATIVELSBSTRING      = "universal"
TARGET_SYS           = "x86_64-deby-linux"
MACHINE              = "qemux86-64"
DISTRO               = "deby-tiny"
DISTRO_VERSION       = "10.0"
TUNE_FEATURES        = "m64 core2"
TARGET_FPU           = ""
meta                 
meta-poky            = "warrior:79a850a10a4b88a6d20d607b322542f947874323"
meta-debian          = "warrior:065aa7dcd28d697d2d493e1f188deb4f78253725"

Initialising tasks...done.
Sstate summary: Wanted 10 Found 0 Missed 10 Current 160 (0% match, 94% complete)
NOTE: Executing SetScene Tasks
NOTE: Executing RunQueue Tasks
NOTE: Running task 769 of 884 (/home/deby/poky/meta-debian/recipes-debian/libtool/libtool_debian.bb:do_configure)
NOTE: Running task 868 of 884 (/home/deby/poky/meta-debian/recipes-debian/libprelude/libprelude_debian.bb:do_populate_lic)
NOTE: recipe libtool-2.4.6-r0: task do_configure: Started
NOTE: recipe libprelude-4.1.0-r0: task do_populate_lic: Started
ERROR: libprelude-4.1.0-r0 do_populate_lic: QA Issue: libprelude: The LIC_FILES_CHKSUM does not match for file://config.sub;beginline=7;endline=25;md5=f92d7033ace1653856cc3084ddc33960
libprelude: The new md5 checksum is e443b5b496d01ee52219d5269560d697
libprelude: Here is the selected license text:
vvvvvvvvvvvvvvvvvvvvvvvvvvvv beginline=7 vvvvvvvvvvvvvvvvvvvvvvvvvvvvv
# This file is free software; you can redistribute it and/or modify it
# under the terms of the GNU General Public License as published by
# the Free Software Foundation; either version 3 of the License, or
# (at your option) any later version.
#
# This program is distributed in the hope that it will be useful, but
# WITHOUT ANY WARRANTY; without even the implied warranty of
# MERCHANTABILITY or FITNESS FOR A PARTICULAR PURPOSE.  See the GNU
# General Public License for more details.
#
# You should have received a copy of the GNU General Public License
# along with this program; if not, see <http://www.gnu.org/licenses/>.
#
# As a special exception to the GNU General Public License, if you
# distribute this file as part of a program that contains a
# configuration script generated by Autoconf, you may include it under
# the same distribution terms that you use for the rest of that
# program.  This Exception is an additional permission under section 7
# of the GNU General Public License, version 3 ("GPLv3").
^^^^^^^^^^^^^^^^^^^^^^^^^^^^^ endline=25 ^^^^^^^^^^^^^^^^^^^^^^^^^^^^^
libprelude: Check if the license information has changed in /home/deby/build-tiny/tmp/work/core2-64-deby-linux/libprelude/4.1.0-r0/libprelude-4.1.0/config.sub (lines 7 through to 25) to verify that the LICENSE value "GPLv2+ & LGPL-2.1+ & MIT & GPLv3+" remains valid [license-checksum]
ERROR: libprelude-4.1.0-r0 do_populate_lic: Fatal QA errors found, failing task.
ERROR: libprelude-4.1.0-r0 do_populate_lic: 
ERROR: libprelude-4.1.0-r0 do_populate_lic: Function failed: populate_lic_qa_checksum
ERROR: Logfile of failure stored in: /home/deby/build-tiny/tmp/work/core2-64-deby-linux/libprelude/4.1.0-r0/temp/log.do_populate_lic.27680
NOTE: recipe libprelude-4.1.0-r0: task do_populate_lic: Failed
ERROR: Task (/home/deby/poky/meta-debian/recipes-debian/libprelude/libprelude_debian.bb:do_populate_lic) failed with exit code '1'
NOTE: recipe libtool-2.4.6-r0: task do_configure: Succeeded
NOTE: Tasks Summary: Attempted 868 tasks of which 866 didn't need to be rerun and 1 failed.

Summary: 1 task failed:
  /home/deby/poky/meta-debian/recipes-debian/libprelude/libprelude_debian.bb:do_populate_lic
Summary: There were 4 ERROR messages shown, returning a non-zero exit code.
