WARNING: Host distribution "debian-10" has not been validated with this version of the build system; you may possibly experience unexpected failures. It is recommended that you use a tested distribution.
Loading cache...done.
Loaded 1440 entries from dependency cache.
NOTE: Resolving any missing task queue dependencies

Build Configuration:
BB_VERSION           = "1.42.0"
BUILD_SYS            = "x86_64-linux"
NATIVELSBSTRING      = "universal"
TARGET_SYS           = "x86_64-deby-linux"
MACHINE              = "qemux86-64"
DISTRO               = "deby-tiny"
DISTRO_VERSION       = "10.0"
TUNE_FEATURES        = "m64 core2"
TARGET_FPU           = ""
meta                 
meta-poky            = "warrior:51223035e66c5b27799b15a0f8ebe75d24d3971b"
meta-debian          = "warrior-trungdt:47b755ebe41c5afc0ea94d75b55c4f0efd8983fe"

Initialising tasks...done.
Sstate summary: Wanted 23 Found 1 Missed 22 Current 57 (4% match, 72% complete)
NOTE: Executing SetScene Tasks
NOTE: Executing RunQueue Tasks
NOTE: Running task 258 of 539 (virtual:nativesdk:/home/deby/poky/meta-debian/recipes-debian/glibc/glibc_debian.bb:do_debian_patch)
NOTE: Running task 473 of 539 (virtual:nativesdk:/home/deby/poky/meta-debian/recipes-debian/flex/flex_debian.bb:do_debian_unpack_extra)
NOTE: Running task 489 of 539 (virtual:nativesdk:/home/deby/poky/meta-debian/recipes-debian/m4/m4_debian.bb:do_debian_patch)
NOTE: recipe nativesdk-m4-1.4.18-r0: task do_debian_patch: Started
ERROR: nativesdk-m4-1.4.18-r0 do_debian_patch: unknown quilt patches already applied
ERROR: nativesdk-m4-1.4.18-r0 do_debian_patch: Function failed: do_debian_patch (log file is located at /home/deby/build/tmp/work/x86_64-nativesdk-debysdk-linux/nativesdk-m4/1.4.18-r0/temp/log.do_debian_patch.9442)
ERROR: Logfile of failure stored in: /home/deby/build/tmp/work/x86_64-nativesdk-debysdk-linux/nativesdk-m4/1.4.18-r0/temp/log.do_debian_patch.9442
NOTE: recipe nativesdk-m4-1.4.18-r0: task do_debian_patch: Failed
ERROR: Task (virtual:nativesdk:/home/deby/poky/meta-debian/recipes-debian/m4/m4_debian.bb:do_debian_patch) failed with exit code '1'
NOTE: recipe nativesdk-flex-2.6.4-r0: task do_debian_unpack_extra: Started
NOTE: recipe nativesdk-glibc-2.28-r0: task do_debian_patch: Started
ERROR: nativesdk-flex-2.6.4-r0 do_debian_unpack_extra: Function failed: do_debian_unpack_extra (log file is located at /home/deby/build/tmp/work/x86_64-nativesdk-debysdk-linux/nativesdk-flex/2.6.4-r0/temp/log.do_debian_unpack_extra.9441)
ERROR: Logfile of failure stored in: /home/deby/build/tmp/work/x86_64-nativesdk-debysdk-linux/nativesdk-flex/2.6.4-r0/temp/log.do_debian_unpack_extra.9441
Log data follows:
| DEBUG: SITE files ['endian-little', 'common-linux', 'common-glibc', 'bit-64', 'x86_64-linux', 'common']
| DEBUG: Executing shell function do_debian_unpack_extra
| patching file .mailmap
| patching file .travis.yml
| patching file .travis/install-automake.sh
| patching file .travis/install-gettext.sh
| patching file Makefile.am
| Reversed (or previously applied) patch detected!  Assume -R? [n]
| Apply anyway? [n]
| Skipping patch.
| 2 out of 2 hunks ignored -- saving rejects to file Makefile.am.rej
| patching file NEWS
| Reversed (or previously applied) patch detected!  Assume -R? [n]
| Apply anyway? [n]
| Skipping patch.
| 1 out of 1 hunk ignored -- saving rejects to file NEWS.rej
| patching file README.md
| Reversed (or previously applied) patch detected!  Assume -R? [n]
| Apply anyway? [n]
| Skipping patch.
| 3 out of 3 hunks ignored -- saving rejects to file README.md.rej
| patching file configure.ac
| Reversed (or previously applied) patch detected!  Assume -R? [n]
| Apply anyway? [n]
| Skipping patch.
| 6 out of 6 hunks ignored -- saving rejects to file configure.ac.rej
| patching file debian/NEWS.Debian
| patching file debian/changelog
| patching file debian/clean
| patching file debian/compat
| patching file debian/control
| patching file debian/copyright
| patching file debian/flex-doc.doc-base
| patching file debian/flex-doc.docs
| patching file debian/flex-doc.postinst
| patching file debian/flex-doc.postrm
| patching file debian/flex-doc.prerm
| patching file debian/flex.doc-base
| patching file debian/flex.docs
| patching file debian/flex.examples
| patching file debian/flex.info
| patching file debian/flex.install
| patching file debian/flex.links
| patching file debian/flex.manpages
| patching file debian/flex.postinst
| patching file debian/flex.prerm
| patching file debian/libfl-dev.docs
| patching file debian/libfl-dev.install
| patching file debian/libfl2.docs
| patching file debian/libfl2.install
| patching file debian/libfl2.symbols
| patching file debian/rules
| patching file debian/scan.l.md5sum
| patching file debian/source/format
| patching file debian/source/lintian-overrides
| patching file debian/upstream/signing-key.asc
| patching file debian/watch
| patching file doc/Makefile.am
| Reversed (or previously applied) patch detected!  Assume -R? [n]
| Apply anyway? [n]
| Skipping patch.
| 1 out of 1 hunk ignored -- saving rejects to file doc/Makefile.am.rej
| patching file po/LINGUAS
| Reversed (or previously applied) patch detected!  Assume -R? [n]
| Apply anyway? [n]
| Skipping patch.
| 1 out of 1 hunk ignored -- saving rejects to file po/LINGUAS.rej
| patching file po/uk.po
| patching file src/Makefile.am
| Reversed (or previously applied) patch detected!  Assume -R? [n]
| Apply anyway? [n]
| Skipping patch.
| 3 out of 3 hunks ignored -- saving rejects to file src/Makefile.am.rej
| patching file src/buf.c
| Reversed (or previously applied) patch detected!  Assume -R? [n]
| Apply anyway? [n]
| Skipping patch.
| 1 out of 1 hunk ignored -- saving rejects to file src/buf.c.rej
| patching file src/ccl.c
| Reversed (or previously applied) patch detected!  Assume -R? [n]
| Apply anyway? [n]
| Skipping patch.
| 1 out of 1 hunk ignored -- saving rejects to file src/ccl.c.rej
| patching file src/filter.c
| Reversed (or previously applied) patch detected!  Assume -R? [n]
| Apply anyway? [n]
| Skipping patch.
| 9 out of 9 hunks ignored -- saving rejects to file src/filter.c.rej
| patching file src/flex.skl
| Reversed (or previously applied) patch detected!  Assume -R? [n]
| Apply anyway? [n]
| Skipping patch.
| 2 out of 2 hunks ignored -- saving rejects to file src/flex.skl.rej
| patching file src/flexdef.h
| Reversed (or previously applied) patch detected!  Assume -R? [n]
| Apply anyway? [n]
| Skipping patch.
| 4 out of 4 hunks ignored -- saving rejects to file src/flexdef.h.rej
| patching file src/gen.c
| Reversed (or previously applied) patch detected!  Assume -R? [n]
| Apply anyway? [n]
| Skipping patch.
| 8 out of 8 hunks ignored -- saving rejects to file src/gen.c.rej
| patching file src/gettext.h
| Reversed (or previously applied) patch detected!  Assume -R? [n]
| Apply anyway? [n]
| Skipping patch.
| 1 out of 1 hunk ignored -- saving rejects to file src/gettext.h.rej
| patching file src/libfl.pc.in
| patching file src/main.c
| Reversed (or previously applied) patch detected!  Assume -R? [n]
| Apply anyway? [n]
| Skipping patch.
| 10 out of 10 hunks ignored -- saving rejects to file src/main.c.rej
| patching file src/misc.c
| Reversed (or previously applied) patch detected!  Assume -R? [n]
| Apply anyway? [n]
| Skipping patch.
| 4 out of 4 hunks ignored -- saving rejects to file src/misc.c.rej
| patching file src/mkskel.sh
| Reversed (or previously applied) patch detected!  Assume -R? [n]
| Apply anyway? [n]
| Skipping patch.
| 1 out of 1 hunk ignored -- saving rejects to file src/mkskel.sh.rej
| patching file src/nfa.c
| Reversed (or previously applied) patch detected!  Assume -R? [n]
| Apply anyway? [n]
| Skipping patch.
| 1 out of 1 hunk ignored -- saving rejects to file src/nfa.c.rej
| patching file src/options.c
| Reversed (or previously applied) patch detected!  Assume -R? [n]
| Apply anyway? [n]
| Skipping patch.
| 2 out of 2 hunks ignored -- saving rejects to file src/options.c.rej
| patching file src/options.h
| Reversed (or previously applied) patch detected!  Assume -R? [n]
| Apply anyway? [n]
| Skipping patch.
| 3 out of 3 hunks ignored -- saving rejects to file src/options.h.rej
| patching file src/regex.c
| Reversed (or previously applied) patch detected!  Assume -R? [n]
| Apply anyway? [n]
| Skipping patch.
| 2 out of 2 hunks ignored -- saving rejects to file src/regex.c.rej
| patching file src/scan.c
| Reversed (or previously applied) patch detected!  Assume -R? [n]
| Apply anyway? [n]
| Skipping patch.
| 32 out of 32 hunks ignored -- saving rejects to file src/scan.c.rej
| patching file src/scan.l
| Reversed (or previously applied) patch detected!  Assume -R? [n]
| Apply anyway? [n]
| Skipping patch.
| 3 out of 3 hunks ignored -- saving rejects to file src/scan.l.rej
| patching file src/scanopt.c
| Reversed (or previously applied) patch detected!  Assume -R? [n]
| Apply anyway? [n]
| Skipping patch.
| 11 out of 11 hunks ignored -- saving rejects to file src/scanopt.c.rej
| patching file src/tables.c
| Reversed (or previously applied) patch detected!  Assume -R? [n]
| Apply anyway? [n]
| Skipping patch.
| 2 out of 2 hunks ignored -- saving rejects to file src/tables.c.rej
| patching file src/tables_shared.h
| Reversed (or previously applied) patch detected!  Assume -R? [n]
| Apply anyway? [n]
| Skipping patch.
| 1 out of 1 hunk ignored -- saving rejects to file src/tables_shared.h.rej
| patching file tests/Makefile.am
| Reversed (or previously applied) patch detected!  Assume -R? [n]
| Apply anyway? [n]
| Skipping patch.
| 4 out of 4 hunks ignored -- saving rejects to file tests/Makefile.am.rej
| patching file tests/tableopts.am
| Reversed (or previously applied) patch detected!  Assume -R? [n]
| Apply anyway? [n]
| Skipping patch.
| 13 out of 13 hunks ignored -- saving rejects to file tests/tableopts.am.rej
| patching file tests/tableopts.sh
| Reversed (or previously applied) patch detected!  Assume -R? [n]
| Apply anyway? [n]
| Skipping patch.
| 2 out of 2 hunks ignored -- saving rejects to file tests/tableopts.sh.rej
| patching file tests/testwrapper-direct.sh
| Reversed (or previously applied) patch detected!  Assume -R? [n]
| Apply anyway? [n]
| Skipping patch.
| 1 out of 1 hunk ignored -- saving rejects to file tests/testwrapper-direct.sh.rej
| patching file tests/testwrapper.sh
| Reversed (or previously applied) patch detected!  Assume -R? [n]
| Apply anyway? [n]
| Skipping patch.
| 1 out of 1 hunk ignored -- saving rejects to file tests/testwrapper.sh.rej
| WARNING: exit code 1 from a shell command.
| ERROR: Function failed: do_debian_unpack_extra (log file is located at /home/deby/build/tmp/work/x86_64-nativesdk-debysdk-linux/nativesdk-flex/2.6.4-r0/temp/log.do_debian_unpack_extra.9441)
NOTE: recipe nativesdk-flex-2.6.4-r0: task do_debian_unpack_extra: Failed
ERROR: Task (virtual:nativesdk:/home/deby/poky/meta-debian/recipes-debian/flex/flex_debian.bb:do_debian_unpack_extra) failed with exit code '1'
ERROR: nativesdk-glibc-2.28-r0 do_debian_patch: unknown quilt patches already applied
ERROR: nativesdk-glibc-2.28-r0 do_debian_patch: Function failed: do_debian_patch (log file is located at /home/deby/build/tmp/work/x86_64-nativesdk-debysdk-linux/nativesdk-glibc/2.28-r0/temp/log.do_debian_patch.9440)
ERROR: Logfile of failure stored in: /home/deby/build/tmp/work/x86_64-nativesdk-debysdk-linux/nativesdk-glibc/2.28-r0/temp/log.do_debian_patch.9440
NOTE: recipe nativesdk-glibc-2.28-r0: task do_debian_patch: Failed
ERROR: Task (virtual:nativesdk:/home/deby/poky/meta-debian/recipes-debian/glibc/glibc_debian.bb:do_debian_patch) failed with exit code '1'
NOTE: Tasks Summary: Attempted 490 tasks of which 487 didn't need to be rerun and 3 failed.

Summary: 3 tasks failed:
  virtual:nativesdk:/home/deby/poky/meta-debian/recipes-debian/m4/m4_debian.bb:do_debian_patch
  virtual:nativesdk:/home/deby/poky/meta-debian/recipes-debian/flex/flex_debian.bb:do_debian_unpack_extra
  virtual:nativesdk:/home/deby/poky/meta-debian/recipes-debian/glibc/glibc_debian.bb:do_debian_patch
Summary: There was 1 WARNING message shown.
Summary: There were 5 ERROR messages shown, returning a non-zero exit code.
