WARNING: Host distribution "debian-10" has not been validated with this version of the build system; you may possibly experience unexpected failures. It is recommended that you use a tested distribution.
Loading cache...done.
Loaded 1440 entries from dependency cache.
NOTE: Resolving any missing task queue dependencies

Build Configuration:
BB_VERSION           = "1.42.0"
BUILD_SYS            = "x86_64-linux"
NATIVELSBSTRING      = "universal"
TARGET_SYS           = "x86_64-deby-linux"
MACHINE              = "qemux86-64"
DISTRO               = "deby-tiny"
DISTRO_VERSION       = "10.0"
TUNE_FEATURES        = "m64 core2"
TARGET_FPU           = ""
meta                 
meta-poky            = "warrior:51223035e66c5b27799b15a0f8ebe75d24d3971b"
meta-debian          = "warrior-trungdt:47b755ebe41c5afc0ea94d75b55c4f0efd8983fe"

Initialising tasks...done.
Sstate summary: Wanted 15 Found 15 Missed 0 Current 90 (100% match, 100% complete)
NOTE: Executing SetScene Tasks
NOTE: Running setscene task 91 of 105 (/home/deby/poky/meta-debian/recipes-debian/pax-utils/pax-utils_debian.bb:do_populate_sysroot_setscene)
NOTE: Running setscene task 92 of 105 (/home/deby/poky/meta-debian/recipes-debian/pax-utils/pax-utils_debian.bb:do_package_qa_setscene)
NOTE: Running setscene task 93 of 105 (/home/deby/poky/meta-debian/recipes-debian/pax-utils/pax-utils_debian.bb:do_package_write_deb_setscene)
NOTE: Running setscene task 94 of 105 (/home/deby/poky/meta/recipes-extended/bash/bash_4.4.18.bb:do_package_write_deb_setscene)
NOTE: Running setscene task 96 of 105 (/home/deby/poky/meta-debian/recipes-debian/glibc/glibc-locale_debian.bb:do_package_write_deb_setscene)
NOTE: Running setscene task 98 of 105 (/home/deby/poky/meta-debian/recipes-debian/ncurses/ncurses_debian.bb:do_package_write_deb_setscene)
NOTE: Running setscene task 99 of 105 (/home/deby/poky/meta/recipes-core/base-files/base-files_3.0.14.bb:do_package_write_deb_setscene)
NOTE: recipe bash-4.4.18-r0: task do_package_write_deb_setscene: Started
NOTE: recipe ncurses-6.1+20181013-r0: task do_package_write_deb_setscene: Started
NOTE: recipe base-files-3.0.14-r89: task do_package_write_deb_setscene: Started
NOTE: recipe glibc-locale-2.28-r0: task do_package_write_deb_setscene: Started
NOTE: recipe base-files-3.0.14-r89: task do_package_write_deb_setscene: Succeeded
NOTE: recipe pax-utils-1.2.4-r0: task do_package_qa_setscene: Started
NOTE: recipe pax-utils-1.2.4-r0: task do_package_write_deb_setscene: Started
NOTE: recipe pax-utils-1.2.4-r0: task do_populate_sysroot_setscene: Started
NOTE: recipe bash-4.4.18-r0: task do_package_write_deb_setscene: Succeeded
NOTE: Running setscene task 100 of 105 (/home/deby/poky/meta/recipes-core/base-files/base-files_3.0.14.bb:do_packagedata_setscene)
NOTE: recipe base-files-3.0.14-r89: task do_packagedata_setscene: Started
NOTE: recipe ncurses-6.1+20181013-r0: task do_package_write_deb_setscene: Succeeded
NOTE: Running setscene task 101 of 105 (/home/deby/poky/meta-debian/recipes-debian/ncurses/ncurses_debian.bb:do_packagedata_setscene)
NOTE: recipe ncurses-6.1+20181013-r0: task do_packagedata_setscene: Started
NOTE: recipe pax-utils-1.2.4-r0: task do_populate_sysroot_setscene: Succeeded
NOTE: recipe pax-utils-1.2.4-r0: task do_package_qa_setscene: Succeeded
NOTE: recipe pax-utils-1.2.4-r0: task do_package_write_deb_setscene: Succeeded
NOTE: Running setscene task 103 of 105 (/home/deby/poky/meta-debian/recipes-debian/pax-utils/pax-utils_debian.bb:do_packagedata_setscene)
NOTE: Running setscene task 104 of 105 (/home/deby/poky/meta/recipes-extended/bash/bash_4.4.18.bb:do_packagedata_setscene)
NOTE: recipe pax-utils-1.2.4-r0: task do_packagedata_setscene: Started
NOTE: recipe bash-4.4.18-r0: task do_packagedata_setscene: Started
NOTE: recipe base-files-3.0.14-r89: task do_packagedata_setscene: Succeeded
NOTE: recipe ncurses-6.1+20181013-r0: task do_packagedata_setscene: Succeeded
NOTE: recipe pax-utils-1.2.4-r0: task do_packagedata_setscene: Succeeded
NOTE: recipe bash-4.4.18-r0: task do_packagedata_setscene: Succeeded
NOTE: recipe glibc-locale-2.28-r0: task do_package_write_deb_setscene: Succeeded
NOTE: Running setscene task 105 of 105 (/home/deby/poky/meta-debian/recipes-debian/glibc/glibc-locale_debian.bb:do_packagedata_setscene)
NOTE: recipe glibc-locale-2.28-r0: task do_packagedata_setscene: Started
NOTE: recipe glibc-locale-2.28-r0: task do_packagedata_setscene: Succeeded
NOTE: Executing RunQueue Tasks
NOTE: Running noexec task 644 of 644 (/home/deby/poky/meta-debian/recipes-debian/pax-utils/pax-utils_debian.bb:do_build)
NOTE: Tasks Summary: Attempted 644 tasks of which 643 didn't need to be rerun and all succeeded.

Summary: There was 1 WARNING message shown.
