Parsing recipes...WARNING: /home/deby/poky/meta/recipes-devtools/gdb/gdb-cross_8.3.1.bb: Unable to get checksum for gdb-cross-x86_64 SRC_URI entry 0001-gdbserver-ctrl-c-handling.patch: file could not be found
WARNING: /home/deby/poky/meta/recipes-devtools/gdb/gdb_8.3.1.bb: Unable to get checksum for gdb SRC_URI entry 0001-gdbserver-ctrl-c-handling.patch: file could not be found
WARNING: /home/deby/poky/meta/recipes-devtools/gdb/gdb-cross-canadian_8.3.1.bb: Unable to get checksum for gdb-cross-canadian-x86-64 SRC_URI entry 0001-gdbserver-ctrl-c-handling.patch: file could not be found
done.
Parsing of 1043 .bb files complete (0 cached, 1043 parsed). 1828 targets, 209 skipped, 0 masked, 0 errors.
Removing 3 recipes from the core2-64 sysroot...done.
Removing 4 recipes from the qemux86_64 sysroot...done.
NOTE: Resolving any missing task queue dependencies

Build Configuration:
BB_VERSION           = "1.42.0"
BUILD_SYS            = "x86_64-linux"
NATIVELSBSTRING      = "universal"
TARGET_SYS           = "x86_64-deby-linux"
MACHINE              = "qemux86-64"
DISTRO               = "deby-tiny"
DISTRO_VERSION       = "10.0"
TUNE_FEATURES        = "m64 core2"
TARGET_FPU           = ""
meta                 
meta-poky            = "warrior:79a850a10a4b88a6d20d607b322542f947874323"
meta-debian          = "warrior:2fa6d8525f0464064f8764856015185a0c4e5411"

Initialising tasks...done.
Sstate summary: Wanted 64 Found 0 Missed 64 Current 59 (0% match, 47% complete)
NOTE: Executing SetScene Tasks
NOTE: Executing RunQueue Tasks
NOTE: Running task 134 of 743 (/home/deby/poky/meta-debian/recipes-debian/gcc/gcc-source_debian.bb:do_unpack)
NOTE: Running task 153 of 743 (/home/deby/poky/meta-debian/recipes-kernel/linux-libc-headers/linux-libc-headers-base_git.bb:do_fetch)
NOTE: Running task 507 of 743 (/home/deby/poky/meta-debian/recipes-debian/shadow/shadow_debian.bb:do_fetch)
NOTE: recipe gcc-source-8.3.0-8.3.0-r0: task do_unpack: Started
NOTE: recipe linux-libc-headers-base-gitAUTOINC+5e85a1ff9a-r0: task do_fetch: Started
NOTE: recipe linux-libc-headers-base-gitAUTOINC+5e85a1ff9a-r0: task do_fetch: Succeeded
NOTE: Running task 600 of 743 (/home/deby/poky/meta-debian/recipes-kernel/linux-libc-headers/linux-libc-headers-base_git.bb:do_unpack)
NOTE: Running task 601 of 743 (/home/deby/poky/meta-debian/recipes-kernel/linux-libc-headers/linux-libc-headers-base_git.bb:do_prepare_recipe_sysroot)
NOTE: recipe shadow-4.5-r0: task do_fetch: Started
NOTE: recipe linux-libc-headers-base-gitAUTOINC+5e85a1ff9a-r0: task do_unpack: Started
NOTE: recipe linux-libc-headers-base-gitAUTOINC+5e85a1ff9a-r0: task do_prepare_recipe_sysroot: Started
NOTE: recipe linux-libc-headers-base-gitAUTOINC+5e85a1ff9a-r0: task do_prepare_recipe_sysroot: Succeeded
NOTE: recipe shadow-4.5-r0: task do_fetch: Succeeded
NOTE: Running task 602 of 743 (/home/deby/poky/meta-debian/recipes-debian/shadow/shadow_debian.bb:do_unpack)
NOTE: recipe shadow-4.5-r0: task do_unpack: Started
NOTE: recipe shadow-4.5-r0: task do_unpack: Succeeded
NOTE: Running task 603 of 743 (/home/deby/poky/meta-debian/recipes-debian/shadow/shadow_debian.bb:do_debian_unpack_extra)
NOTE: recipe shadow-4.5-r0: task do_debian_unpack_extra: Started
NOTE: recipe linux-libc-headers-base-gitAUTOINC+5e85a1ff9a-r0: task do_unpack: Succeeded
NOTE: Running task 604 of 743 (/home/deby/poky/meta-debian/recipes-kernel/linux-libc-headers/linux-libc-headers-base_git.bb:do_patch)
NOTE: recipe shadow-4.5-r0: task do_debian_unpack_extra: Succeeded
NOTE: Running task 605 of 743 (/home/deby/poky/meta-debian/recipes-debian/shadow/shadow_debian.bb:do_debian_patch)
NOTE: recipe linux-libc-headers-base-gitAUTOINC+5e85a1ff9a-r0: task do_patch: Started
NOTE: recipe shadow-4.5-r0: task do_debian_patch: Started
NOTE: recipe linux-libc-headers-base-gitAUTOINC+5e85a1ff9a-r0: task do_patch: Succeeded
NOTE: Running noexec task 606 of 743 (/home/deby/poky/meta-debian/recipes-kernel/linux-libc-headers/linux-libc-headers-base_git.bb:do_configure)
NOTE: Running noexec task 607 of 743 (/home/deby/poky/meta-debian/recipes-kernel/linux-libc-headers/linux-libc-headers-base_git.bb:do_compile)
NOTE: Running task 608 of 743 (/home/deby/poky/meta-debian/recipes-kernel/linux-libc-headers/linux-libc-headers-base_git.bb:do_install)
NOTE: recipe shadow-4.5-r0: task do_debian_patch: Succeeded
NOTE: Running task 609 of 743 (/home/deby/poky/meta-debian/recipes-debian/shadow/shadow_debian.bb:do_patch)
NOTE: recipe shadow-4.5-r0: task do_patch: Started
NOTE: recipe linux-libc-headers-base-gitAUTOINC+5e85a1ff9a-r0: task do_install: Started
NOTE: recipe shadow-4.5-r0: task do_patch: Succeeded
NOTE: Running task 610 of 743 (/home/deby/poky/meta-debian/recipes-debian/shadow/shadow_debian.bb:do_populate_lic)
NOTE: recipe shadow-4.5-r0: task do_populate_lic: Started
NOTE: recipe shadow-4.5-r0: task do_populate_lic: Succeeded
NOTE: recipe gcc-source-8.3.0-8.3.0-r0: task do_unpack: Succeeded
NOTE: Running task 611 of 743 (/home/deby/poky/meta-debian/recipes-debian/gcc/gcc-source_debian.bb:do_debian_unpack_extra)
NOTE: recipe gcc-source-8.3.0-8.3.0-r0: task do_debian_unpack_extra: Started
NOTE: recipe gcc-source-8.3.0-8.3.0-r0: task do_debian_unpack_extra: Succeeded
NOTE: Running task 612 of 743 (/home/deby/poky/meta-debian/recipes-debian/gcc/gcc-source_debian.bb:do_debian_patch)
NOTE: recipe gcc-source-8.3.0-8.3.0-r0: task do_debian_patch: Started
NOTE: recipe gcc-source-8.3.0-8.3.0-r0: task do_debian_patch: Succeeded
NOTE: Running task 613 of 743 (/home/deby/poky/meta-debian/recipes-debian/gcc/gcc-source_debian.bb:do_patch)
NOTE: recipe gcc-source-8.3.0-8.3.0-r0: task do_patch: Started
NOTE: recipe gcc-source-8.3.0-8.3.0-r0: task do_patch: Succeeded
NOTE: Running task 614 of 743 (/home/deby/poky/meta-debian/recipes-debian/gcc/gcc-source_debian.bb:do_preconfigure)
NOTE: recipe gcc-source-8.3.0-8.3.0-r0: task do_preconfigure: Started
NOTE: recipe gcc-source-8.3.0-8.3.0-r0: task do_preconfigure: Succeeded
NOTE: recipe linux-libc-headers-base-gitAUTOINC+5e85a1ff9a-r0: task do_install: Succeeded
NOTE: Running task 615 of 743 (/home/deby/poky/meta-debian/recipes-kernel/linux-libc-headers/linux-libc-headers-base_git.bb:do_populate_sysroot)
NOTE: Running task 616 of 743 (/home/deby/poky/meta-debian/recipes-kernel/linux-libc-headers/linux-libc-headers-base_git.bb:do_package)
NOTE: recipe linux-libc-headers-base-gitAUTOINC+5e85a1ff9a-r0: task do_populate_sysroot: Started
NOTE: recipe linux-libc-headers-base-gitAUTOINC+5e85a1ff9a-r0: task do_package: Started
NOTE: recipe linux-libc-headers-base-gitAUTOINC+5e85a1ff9a-r0: task do_populate_sysroot: Succeeded
NOTE: Running task 617 of 743 (/home/deby/poky/meta-debian/recipes-debian/gcc/gcc-cross_debian.bb:do_prepare_recipe_sysroot)
NOTE: recipe gcc-cross-x86_64-8.3.0-r0: task do_prepare_recipe_sysroot: Started
NOTE: recipe gcc-cross-x86_64-8.3.0-r0: task do_prepare_recipe_sysroot: Succeeded
NOTE: Running task 618 of 743 (/home/deby/poky/meta-debian/recipes-debian/gcc/gcc-cross_debian.bb:do_configure)
NOTE: recipe gcc-cross-x86_64-8.3.0-r0: task do_configure: Started
NOTE: recipe gcc-cross-x86_64-8.3.0-r0: task do_configure: Succeeded
NOTE: Running task 619 of 743 (/home/deby/poky/meta-debian/recipes-debian/gcc/gcc-cross_debian.bb:do_compile)
NOTE: recipe gcc-cross-x86_64-8.3.0-r0: task do_compile: Started
NOTE: recipe linux-libc-headers-base-gitAUTOINC+5e85a1ff9a-r0: task do_package: Succeeded
NOTE: Running task 620 of 743 (/home/deby/poky/meta-debian/recipes-kernel/linux-libc-headers/linux-libc-headers-base_git.bb:do_packagedata)
NOTE: recipe linux-libc-headers-base-gitAUTOINC+5e85a1ff9a-r0: task do_packagedata: Started
NOTE: recipe linux-libc-headers-base-gitAUTOINC+5e85a1ff9a-r0: task do_packagedata: Succeeded
NOTE: Running task 621 of 743 (/home/deby/poky/meta-debian/recipes-kernel/linux-libc-headers/linux-libc-headers-base_git.bb:do_package_write_deb)
NOTE: recipe linux-libc-headers-base-gitAUTOINC+5e85a1ff9a-r0: task do_package_write_deb: Started
NOTE: recipe linux-libc-headers-base-gitAUTOINC+5e85a1ff9a-r0: task do_package_write_deb: Succeeded
