Loading cache...done.
Loaded 1803 entries from dependency cache.
Parsing recipes...done.
Parsing of 1030 .bb files complete (1028 cached, 2 parsed). 1806 targets, 208 skipped, 0 masked, 0 errors.
NOTE: Resolving any missing task queue dependencies

Build Configuration:
BB_VERSION           = "1.42.0"
BUILD_SYS            = "x86_64-linux"
NATIVELSBSTRING      = "universal"
TARGET_SYS           = "x86_64-deby-linux"
MACHINE              = "qemux86-64"
DISTRO               = "deby-tiny"
DISTRO_VERSION       = "10.0"
TUNE_FEATURES        = "m64 core2"
TARGET_FPU           = ""
meta                 
meta-poky            = "warrior:023ff85a9ae94331926e923b346fd8a349881e63"
meta-debian          = "warrior:0fba4d92162a85a330d2d88ebd73ee0819f920fc"

Initialising tasks...done.
Sstate summary: Wanted 138 Found 1 Missed 137 Current 89 (0% match, 39% complete)
NOTE: Executing SetScene Tasks
NOTE: Running setscene task 167 of 227 (/home/deby/poky/meta-debian/recipes-debian/ca-certificates/ca-certificates_debian.bb:do_packagedata_setscene)
NOTE: recipe ca-certificates-20190110-r0: task do_packagedata_setscene: Started
NOTE: recipe ca-certificates-20190110-r0: task do_packagedata_setscene: Succeeded
NOTE: Executing RunQueue Tasks
NOTE: Running task 539 of 1154 (/home/deby/poky/meta/recipes-devtools/opkg-utils/opkg-utils_0.4.0.bb:do_fetch)
NOTE: Running task 540 of 1154 (/home/deby/poky/meta-debian/recipes-debian/zlib/zlib_debian.bb:do_fetch)
NOTE: Running task 545 of 1154 (/home/deby/poky/meta-debian/recipes-debian/ncurses/ncurses_debian.bb:do_fetch)
NOTE: Running task 546 of 1154 (/home/deby/poky/meta-debian/recipes-debian/libxcrypt/libxcrypt_debian.bb:do_fetch)
NOTE: Running task 547 of 1154 (/home/deby/poky/meta-debian/recipes-debian/libtirpc/libtirpc_debian.bb:do_fetch)
NOTE: Running task 551 of 1154 (/home/deby/poky/meta-debian/recipes-debian/sqlite3/sqlite3_debian.bb:do_fetch)
NOTE: Running task 552 of 1154 (/home/deby/poky/meta-debian/recipes-debian/bzip2/bzip2_debian.bb:do_fetch)
NOTE: Running task 553 of 1154 (/home/deby/poky/meta-debian/recipes-debian/bash-completion/bash-completion_debian.bb:do_fetch)
NOTE: Running task 557 of 1154 (/home/deby/poky/meta-debian/recipes-debian/openssl/openssl_debian.bb:do_fetch)
NOTE: Running task 558 of 1154 (/home/deby/poky/meta-debian/recipes-debian/gdbm/gdbm_debian.bb:do_fetch)
NOTE: Running task 559 of 1154 (/home/deby/poky/meta-debian/recipes-debian/readline/readline_debian.bb:do_fetch)
NOTE: Running task 560 of 1154 (/home/deby/poky/meta-debian/recipes-debian/libffi/libffi_debian.bb:do_fetch)
NOTE: Running task 565 of 1154 (/home/deby/poky/meta-debian/recipes-debian/util-linux/util-linux_debian.bb:do_fetch)
NOTE: Running task 566 of 1154 (/home/deby/poky/meta-debian/recipes-debian/xz/xz_debian.bb:do_fetch)
NOTE: Running task 567 of 1154 (/home/deby/poky/meta-debian/recipes-debian/nspr/nspr_debian.bb:do_fetch)
NOTE: Running task 577 of 1154 (/home/deby/poky/meta-debian/recipes-debian/python/python3_debian.bb:do_fetch)
NOTE: recipe opkg-utils-0.4.0-r0: task do_fetch: Started
NOTE: recipe bash-completion-2.8-r0: task do_fetch: Started
NOTE: recipe libffi-3.2.1-r0: task do_fetch: Started
NOTE: recipe libxcrypt-4.1.1-r0: task do_fetch: Started
NOTE: recipe zlib-1.2.11-r0: task do_fetch: Started
NOTE: recipe libtirpc-1.1.4-r0: task do_fetch: Started
NOTE: recipe opkg-utils-0.4.0-r0: task do_fetch: Succeeded
NOTE: Running task 578 of 1154 (/home/deby/poky/meta/recipes-devtools/opkg-utils/opkg-utils_0.4.0.bb:do_unpack)
NOTE: recipe sqlite3-3_3.27.2-r0: task do_fetch: Started
NOTE: recipe xz-5.2.4-r0: task do_fetch: Started
NOTE: recipe gdbm-1.18.1-r0: task do_fetch: Started
NOTE: recipe nspr-4.20-r0: task do_fetch: Started
NOTE: recipe readline-7.0-r0: task do_fetch: Started
NOTE: recipe ncurses-6.1+20181013-r0: task do_fetch: Started
NOTE: recipe util-linux-2.33.1-r0: task do_fetch: Started
NOTE: recipe openssl-1.1.1d-r0: task do_fetch: Started
NOTE: recipe bzip2-1.0.6-r0: task do_fetch: Started
NOTE: recipe bash-completion-2.8-r0: task do_fetch: Succeeded
NOTE: Running task 579 of 1154 (/home/deby/poky/meta/recipes-devtools/opkg-utils/opkg-utils_0.4.0.bb:do_prepare_recipe_sysroot)
NOTE: recipe libxcrypt-4.1.1-r0: task do_fetch: Succeeded
NOTE: Running task 580 of 1154 (/home/deby/poky/meta-debian/recipes-debian/libxcrypt/libxcrypt_debian.bb:do_unpack)
NOTE: recipe opkg-utils-0.4.0-r0: task do_unpack: Started
NOTE: recipe python3-3.7.3-r0: task do_fetch: Started
NOTE: recipe bzip2-1.0.6-r0: task do_fetch: Succeeded
NOTE: recipe readline-7.0-r0: task do_fetch: Succeeded
NOTE: Running task 581 of 1154 (/home/deby/poky/meta-debian/recipes-debian/bzip2/bzip2_debian.bb:do_unpack)
NOTE: Running task 582 of 1154 (/home/deby/poky/meta-debian/recipes-debian/bash-completion/bash-completion_debian.bb:do_unpack)
NOTE: recipe libtirpc-1.1.4-r0: task do_fetch: Succeeded
NOTE: Running task 583 of 1154 (/home/deby/poky/meta-debian/recipes-debian/libtirpc/libtirpc_debian.bb:do_unpack)
NOTE: recipe sqlite3-3_3.27.2-r0: task do_fetch: Succeeded
NOTE: recipe opkg-utils-0.4.0-r0: task do_prepare_recipe_sysroot: Started
NOTE: Running task 584 of 1154 (/home/deby/poky/meta-debian/recipes-debian/sqlite3/sqlite3_debian.bb:do_unpack)
NOTE: recipe openssl-1.1.1d-r0: task do_fetch: Succeeded
NOTE: Running task 585 of 1154 (/home/deby/poky/meta-debian/recipes-debian/openssl/openssl_debian.bb:do_unpack)
NOTE: recipe xz-5.2.4-r0: task do_fetch: Succeeded
NOTE: recipe nspr-4.20-r0: task do_fetch: Succeeded
NOTE: recipe ncurses-6.1+20181013-r0: task do_fetch: Succeeded
NOTE: recipe gdbm-1.18.1-r0: task do_fetch: Succeeded
NOTE: recipe zlib-1.2.11-r0: task do_fetch: Succeeded
NOTE: recipe libffi-3.2.1-r0: task do_fetch: Succeeded
NOTE: Running task 586 of 1154 (/home/deby/poky/meta-debian/recipes-debian/ncurses/ncurses_debian.bb:do_unpack)
NOTE: Running task 587 of 1154 (/home/deby/poky/meta-debian/recipes-debian/readline/readline_debian.bb:do_unpack)
NOTE: Running task 588 of 1154 (/home/deby/poky/meta-debian/recipes-debian/zlib/zlib_debian.bb:do_unpack)
NOTE: Running task 589 of 1154 (/home/deby/poky/meta-debian/recipes-debian/zlib/zlib_debian.bb:do_prepare_recipe_sysroot)
NOTE: recipe libxcrypt-4.1.1-r0: task do_unpack: Started
NOTE: recipe util-linux-2.33.1-r0: task do_fetch: Succeeded
NOTE: recipe opkg-utils-0.4.0-r0: task do_unpack: Succeeded
NOTE: Running task 590 of 1154 (/home/deby/poky/meta/recipes-devtools/opkg-utils/opkg-utils_0.4.0.bb:do_patch)
NOTE: Running task 591 of 1154 (/home/deby/poky/meta-debian/recipes-debian/gdbm/gdbm_debian.bb:do_unpack)
NOTE: Running task 592 of 1154 (/home/deby/poky/meta-debian/recipes-debian/libffi/libffi_debian.bb:do_unpack)
NOTE: Running task 593 of 1154 (/home/deby/poky/meta-debian/recipes-debian/util-linux/util-linux_debian.bb:do_unpack)
NOTE: recipe python3-3.7.3-r0: task do_fetch: Succeeded
NOTE: Running task 594 of 1154 (/home/deby/poky/meta-debian/recipes-debian/xz/xz_debian.bb:do_unpack)
NOTE: recipe bash-completion-2.8-r0: task do_unpack: Started
NOTE: recipe sqlite3-3_3.27.2-r0: task do_unpack: Started
NOTE: recipe libtirpc-1.1.4-r0: task do_unpack: Started
NOTE: recipe ncurses-6.1+20181013-r0: task do_unpack: Started
NOTE: recipe bzip2-1.0.6-r0: task do_unpack: Started
NOTE: recipe zlib-1.2.11-r0: task do_unpack: Started
NOTE: recipe readline-7.0-r0: task do_unpack: Started
NOTE: recipe opkg-utils-0.4.0-r0: task do_patch: Started
NOTE: recipe openssl-1.1.1d-r0: task do_unpack: Started
NOTE: recipe zlib-1.2.11-r0: task do_prepare_recipe_sysroot: Started
NOTE: recipe gdbm-1.18.1-r0: task do_unpack: Started
NOTE: recipe libffi-3.2.1-r0: task do_unpack: Started
NOTE: recipe xz-5.2.4-r0: task do_unpack: Started
NOTE: recipe libxcrypt-4.1.1-r0: task do_unpack: Succeeded
NOTE: Running task 595 of 1154 (/home/deby/poky/meta-debian/recipes-debian/nspr/nspr_debian.bb:do_unpack)
NOTE: recipe util-linux-2.33.1-r0: task do_unpack: Started
NOTE: recipe nspr-4.20-r0: task do_unpack: Started
NOTE: recipe libtirpc-1.1.4-r0: task do_unpack: Succeeded
NOTE: Running task 597 of 1154 (/home/deby/poky/meta-debian/recipes-debian/libxcrypt/libxcrypt_debian.bb:do_debian_unpack_extra)
NOTE: recipe zlib-1.2.11-r0: task do_unpack: Succeeded
NOTE: Running task 598 of 1154 (/home/deby/poky/meta-debian/recipes-debian/zlib/zlib_debian.bb:do_debian_unpack_extra)
NOTE: recipe zlib-1.2.11-r0: task do_debian_unpack_extra: Started
NOTE: recipe opkg-utils-0.4.0-r0: task do_prepare_recipe_sysroot: Succeeded
NOTE: Running task 599 of 1154 (/home/deby/poky/meta-debian/recipes-debian/libxcrypt/libxcrypt_debian.bb:do_prepare_recipe_sysroot)
NOTE: recipe libxcrypt-4.1.1-r0: task do_debian_unpack_extra: Started
NOTE: recipe gdbm-1.18.1-r0: task do_unpack: Succeeded
NOTE: Running task 600 of 1154 (/home/deby/poky/meta-debian/recipes-debian/libtirpc/libtirpc_debian.bb:do_debian_unpack_extra)
NOTE: recipe libxcrypt-4.1.1-r0: task do_debian_unpack_extra: Succeeded
NOTE: Running task 601 of 1154 (/home/deby/poky/meta-debian/recipes-debian/libxcrypt/libxcrypt_debian.bb:do_debian_patch)
NOTE: recipe zlib-1.2.11-r0: task do_debian_unpack_extra: Succeeded
NOTE: Running task 602 of 1154 (/home/deby/poky/meta-debian/recipes-debian/zlib/zlib_debian.bb:do_debian_patch)
NOTE: recipe libxcrypt-4.1.1-r0: task do_prepare_recipe_sysroot: Started
NOTE: recipe libtirpc-1.1.4-r0: task do_debian_unpack_extra: Started
NOTE: recipe bzip2-1.0.6-r0: task do_unpack: Succeeded
NOTE: recipe bash-completion-2.8-r0: task do_unpack: Succeeded
NOTE: Running task 603 of 1154 (/home/deby/poky/meta-debian/recipes-debian/libtirpc/libtirpc_debian.bb:do_prepare_recipe_sysroot)
NOTE: Running task 609 of 1154 (/home/deby/poky/meta/recipes-extended/libnsl/libnsl2_git.bb:do_fetch)
NOTE: recipe libxcrypt-4.1.1-r0: task do_debian_patch: Started
NOTE: recipe xz-5.2.4-r0: task do_unpack: Succeeded
NOTE: recipe libtirpc-1.1.4-r0: task do_debian_unpack_extra: Succeeded
NOTE: Running task 610 of 1154 (/home/deby/poky/meta-debian/recipes-debian/libtirpc/libtirpc_debian.bb:do_debian_patch)
NOTE: Running task 611 of 1154 (/home/deby/poky/meta-debian/recipes-debian/python/python3_debian.bb:do_unpack)
NOTE: recipe zlib-1.2.11-r0: task do_debian_patch: Started
NOTE: recipe zlib-1.2.11-r0: task do_prepare_recipe_sysroot: Succeeded
NOTE: Running task 619 of 1154 (/home/deby/poky/meta-debian/recipes-debian/bzip2/bzip2_debian.bb:do_debian_unpack_extra)
NOTE: recipe libtirpc-1.1.4-r0: task do_prepare_recipe_sysroot: Started
NOTE: recipe libtirpc-1.1.4-r0: task do_debian_patch: Started
NOTE: recipe bzip2-1.0.6-r0: task do_debian_unpack_extra: Started
NOTE: recipe libnsl2-1.2.0+gitAUTOINC+37c5ffe303-r0: task do_fetch: Started
NOTE: recipe python3-3.7.3-r0: task do_unpack: Started
NOTE: recipe libxcrypt-4.1.1-r0: task do_prepare_recipe_sysroot: Succeeded
NOTE: recipe libxcrypt-4.1.1-r0: task do_debian_patch: Succeeded
NOTE: recipe readline-7.0-r0: task do_unpack: Succeeded
NOTE: recipe libffi-3.2.1-r0: task do_unpack: Succeeded
NOTE: Running task 621 of 1154 (/home/deby/poky/meta-debian/recipes-debian/sqlite3/sqlite3_debian.bb:do_prepare_recipe_sysroot)
NOTE: Running task 622 of 1154 (/home/deby/poky/meta-debian/recipes-debian/libxcrypt/libxcrypt_debian.bb:do_patch)
NOTE: Running task 624 of 1154 (/home/deby/poky/meta-debian/recipes-debian/nss/nss_debian.bb:do_fetch)
NOTE: Running task 626 of 1154 (/home/deby/poky/meta-debian/recipes-debian/libyaml/libyaml_debian.bb:do_fetch)
NOTE: recipe bzip2-1.0.6-r0: task do_debian_unpack_extra: Succeeded
NOTE: Running task 627 of 1154 (/home/deby/poky/meta-debian/recipes-debian/bzip2/bzip2_debian.bb:do_debian_patch)
NOTE: recipe bzip2-1.0.6-r0: task do_debian_patch: Started
NOTE: recipe libtirpc-1.1.4-r0: task do_prepare_recipe_sysroot: Succeeded
NOTE: recipe sqlite3-3_3.27.2-r0: task do_prepare_recipe_sysroot: Started
NOTE: recipe libxcrypt-4.1.1-r0: task do_patch: Started
NOTE: Running task 628 of 1154 (/home/deby/poky/meta-debian/recipes-debian/jansson/jansson_debian.bb:do_fetch)
NOTE: recipe ncurses-6.1+20181013-r0: task do_unpack: Succeeded
NOTE: Running task 629 of 1154 (/home/deby/poky/meta-debian/recipes-debian/ncurses/ncurses_debian.bb:do_debian_unpack_extra)
NOTE: recipe libxcrypt-4.1.1-r0: task do_patch: Succeeded
NOTE: Running task 630 of 1154 (/home/deby/poky/meta-debian/recipes-debian/libxcrypt/libxcrypt_debian.bb:do_configure)
NOTE: recipe ncurses-6.1+20181013-r0: task do_debian_unpack_extra: Started
NOTE: recipe libxcrypt-4.1.1-r0: task do_configure: Started
NOTE: recipe ncurses-6.1+20181013-r0: task do_debian_unpack_extra: Succeeded
NOTE: Running task 631 of 1154 (/home/deby/poky/meta-debian/recipes-debian/ncurses/ncurses_debian.bb:do_debian_patch)
NOTE: recipe ncurses-6.1+20181013-r0: task do_debian_patch: Started
NOTE: recipe nspr-4.20-r0: task do_unpack: Succeeded
NOTE: Running task 632 of 1154 (/home/deby/poky/meta-debian/recipes-debian/libhtp/libhtp_debian.bb:do_fetch)
NOTE: recipe sqlite3-3_3.27.2-r0: task do_prepare_recipe_sysroot: Succeeded
NOTE: Running task 633 of 1154 (/home/deby/poky/meta-debian/recipes-debian/libnfnetlink/libnfnetlink_debian.bb:do_fetch)
NOTE: recipe libnfnetlink-1.0.1-r0: task do_fetch: Started
NOTE: recipe libyaml-0.2.1-r0: task do_fetch: Started
NOTE: recipe libhtp-0.5.30-r0: task do_fetch: Started
NOTE: recipe jansson-2.12-r0: task do_fetch: Started
NOTE: recipe nss-3.42.1-r0: task do_fetch: Started
NOTE: recipe libyaml-0.2.1-r0: task do_fetch: Succeeded
NOTE: recipe libhtp-0.5.30-r0: task do_fetch: Succeeded
NOTE: recipe jansson-2.12-r0: task do_fetch: Succeeded
NOTE: Running task 634 of 1154 (/home/deby/poky/meta-debian/recipes-debian/libcap-ng/libcap-ng_debian.bb:do_fetch)
NOTE: Running task 635 of 1154 (/home/deby/poky/meta-debian/recipes-debian/libpcre/libpcre_debian.bb:do_fetch)
NOTE: Running task 636 of 1154 (/home/deby/poky/meta-debian/recipes-debian/file/file_debian.bb:do_fetch)
NOTE: recipe libtirpc-1.1.4-r0: task do_debian_patch: Succeeded
NOTE: Running task 637 of 1154 (/home/deby/poky/meta-debian/recipes-debian/libtirpc/libtirpc_debian.bb:do_patch)
NOTE: recipe libpcre-8.39-r0: task do_fetch: Started
NOTE: recipe libtirpc-1.1.4-r0: task do_patch: Started
NOTE: recipe libcap-ng-0.7.9-r0: task do_fetch: Started
NOTE: recipe file-5.35-r0: task do_fetch: Started
NOTE: recipe nss-3.42.1-r0: task do_fetch: Succeeded
NOTE: recipe libnfnetlink-1.0.1-r0: task do_fetch: Succeeded
NOTE: Running task 638 of 1154 (/home/deby/poky/meta-debian/recipes-debian/bash-completion/bash-completion_debian.bb:do_debian_unpack_extra)
NOTE: Running task 639 of 1154 (/home/deby/poky/meta-debian/recipes-debian/bash-completion/bash-completion_debian.bb:do_prepare_recipe_sysroot)
NOTE: recipe bash-completion-2.8-r0: task do_prepare_recipe_sysroot: Started
NOTE: recipe bash-completion-2.8-r0: task do_debian_unpack_extra: Started
NOTE: recipe zlib-1.2.11-r0: task do_debian_patch: Succeeded
NOTE: recipe opkg-utils-0.4.0-r0: task do_patch: Succeeded
NOTE: recipe ncurses-6.1+20181013-r0: task do_debian_patch: Succeeded
NOTE: recipe bzip2-1.0.6-r0: task do_debian_patch: Succeeded
NOTE: Running task 640 of 1154 (/home/deby/poky/meta/recipes-devtools/opkg-utils/opkg-utils_0.4.0.bb:do_configure)
NOTE: recipe util-linux-2.33.1-r0: task do_unpack: Succeeded
NOTE: recipe libnsl2-1.2.0+gitAUTOINC+37c5ffe303-r0: task do_fetch: Succeeded
NOTE: recipe file-5.35-r0: task do_fetch: Succeeded
NOTE: recipe libpcre-8.39-r0: task do_fetch: Succeeded
NOTE: recipe bash-completion-2.8-r0: task do_debian_unpack_extra: Succeeded
NOTE: Running task 641 of 1154 (/home/deby/poky/meta-debian/recipes-debian/zlib/zlib_debian.bb:do_patch)
NOTE: Running task 642 of 1154 (/home/deby/poky/meta-debian/recipes-debian/ncurses/ncurses_debian.bb:do_patch)
NOTE: Running task 643 of 1154 (/home/deby/poky/meta-debian/recipes-debian/bzip2/bzip2_debian.bb:do_patch)
NOTE: Running task 644 of 1154 (/home/deby/poky/meta-debian/recipes-debian/bash-completion/bash-completion_debian.bb:do_debian_patch)
NOTE: Running task 668 of 1154 (/home/deby/poky/meta-debian/recipes-debian/openssl/openssl_debian.bb:do_prepare_recipe_sysroot)
NOTE: Running task 669 of 1154 (/home/deby/poky/meta-debian/recipes-debian/gdbm/gdbm_debian.bb:do_debian_unpack_extra)
NOTE: Running task 670 of 1154 (/home/deby/poky/meta-debian/recipes-debian/readline/readline_debian.bb:do_debian_unpack_extra)
NOTE: Running task 671 of 1154 (/home/deby/poky/meta-debian/recipes-debian/libffi/libffi_debian.bb:do_debian_unpack_extra)
NOTE: recipe libtirpc-1.1.4-r0: task do_patch: Succeeded
NOTE: Running task 672 of 1154 (/home/deby/poky/meta-debian/recipes-debian/libtirpc/libtirpc_debian.bb:do_configure)
NOTE: recipe bash-completion-2.8-r0: task do_prepare_recipe_sysroot: Succeeded
NOTE: Running task 673 of 1154 (/home/deby/poky/meta-debian/recipes-debian/gdbm/gdbm_debian.bb:do_prepare_recipe_sysroot)
NOTE: recipe opkg-utils-0.4.0-r0: task do_configure: Started
NOTE: recipe libcap-ng-0.7.9-r0: task do_fetch: Succeeded
NOTE: Running task 674 of 1154 (/home/deby/poky/meta-debian/recipes-debian/libffi/libffi_debian.bb:do_prepare_recipe_sysroot)
NOTE: recipe zlib-1.2.11-r0: task do_patch: Started
NOTE: recipe openssl-1.1.1d-r0: task do_prepare_recipe_sysroot: Started
NOTE: recipe libffi-3.2.1-r0: task do_debian_unpack_extra: Started
NOTE: recipe ncurses-6.1+20181013-r0: task do_patch: Started
NOTE: recipe readline-7.0-r0: task do_debian_unpack_extra: Started
NOTE: recipe bash-completion-2.8-r0: task do_debian_patch: Started
NOTE: recipe bzip2-1.0.6-r0: task do_patch: Started
NOTE: recipe gdbm-1.18.1-r0: task do_debian_unpack_extra: Started
NOTE: recipe libtirpc-1.1.4-r0: task do_configure: Started
NOTE: recipe gdbm-1.18.1-r0: task do_prepare_recipe_sysroot: Started
NOTE: recipe readline-7.0-r0: task do_debian_unpack_extra: Succeeded
NOTE: recipe ncurses-6.1+20181013-r0: task do_patch: Succeeded
NOTE: Running task 676 of 1154 (/home/deby/poky/meta-debian/recipes-debian/nss/nss_debian.bb:do_unpack)
NOTE: Running task 677 of 1154 (/home/deby/poky/meta-debian/recipes-debian/readline/readline_debian.bb:do_debian_patch)
NOTE: recipe libffi-3.2.1-r0: task do_prepare_recipe_sysroot: Started
NOTE: recipe libffi-3.2.1-r0: task do_debian_unpack_extra: Succeeded
NOTE: Running task 678 of 1154 (/home/deby/poky/meta-debian/recipes-debian/libffi/libffi_debian.bb:do_debian_patch)
NOTE: recipe nss-3.42.1-r0: task do_unpack: Started
NOTE: recipe bzip2-1.0.6-r0: task do_patch: Succeeded
NOTE: Running task 680 of 1154 (/home/deby/poky/meta-debian/recipes-debian/libyaml/libyaml_debian.bb:do_unpack)
NOTE: recipe readline-7.0-r0: task do_debian_patch: Started
NOTE: recipe libffi-3.2.1-r0: task do_debian_patch: Started
NOTE: recipe libyaml-0.2.1-r0: task do_unpack: Started
NOTE: recipe opkg-utils-0.4.0-r0: task do_configure: Succeeded
NOTE: Running task 681 of 1154 (/home/deby/poky/meta/recipes-devtools/opkg-utils/opkg-utils_0.4.0.bb:do_compile)
NOTE: recipe opkg-utils-0.4.0-r0: task do_compile: Started
NOTE: recipe zlib-1.2.11-r0: task do_patch: Succeeded
NOTE: Running task 682 of 1154 (/home/deby/poky/meta-debian/recipes-debian/zlib/zlib_debian.bb:do_configure)
NOTE: recipe readline-7.0-r0: task do_debian_patch: Succeeded
NOTE: Running task 683 of 1154 (/home/deby/poky/meta-debian/recipes-debian/readline/readline_debian.bb:do_patch)
NOTE: recipe zlib-1.2.11-r0: task do_configure: Started
NOTE: recipe readline-7.0-r0: task do_patch: Started
NOTE: recipe gdbm-1.18.1-r0: task do_debian_unpack_extra: Succeeded
NOTE: recipe opkg-utils-0.4.0-r0: task do_compile: Succeeded
NOTE: recipe openssl-1.1.1d-r0: task do_prepare_recipe_sysroot: Succeeded
NOTE: Running task 684 of 1154 (/home/deby/poky/meta/recipes-devtools/opkg-utils/opkg-utils_0.4.0.bb:do_install)
NOTE: Running task 685 of 1154 (/home/deby/poky/meta-debian/recipes-debian/gdbm/gdbm_debian.bb:do_debian_patch)
NOTE: Running task 686 of 1154 (/home/deby/poky/meta-debian/recipes-debian/jansson/jansson_debian.bb:do_unpack)
NOTE: recipe jansson-2.12-r0: task do_unpack: Started
NOTE: recipe gdbm-1.18.1-r0: task do_debian_patch: Started
NOTE: recipe opkg-utils-0.4.0-r0: task do_install: Started
NOTE: recipe libffi-3.2.1-r0: task do_prepare_recipe_sysroot: Succeeded
NOTE: recipe bash-completion-2.8-r0: task do_debian_patch: Succeeded
NOTE: recipe gdbm-1.18.1-r0: task do_prepare_recipe_sysroot: Succeeded
NOTE: recipe libffi-3.2.1-r0: task do_debian_patch: Succeeded
NOTE: Running task 687 of 1154 (/home/deby/poky/meta-debian/recipes-debian/libhtp/libhtp_debian.bb:do_unpack)
NOTE: recipe openssl-1.1.1d-r0: task do_unpack: Succeeded
NOTE: recipe libyaml-0.2.1-r0: task do_unpack: Succeeded
NOTE: recipe gdbm-1.18.1-r0: task do_debian_patch: Succeeded
NOTE: Running task 688 of 1154 (/home/deby/poky/meta-debian/recipes-debian/bash-completion/bash-completion_debian.bb:do_patch)
NOTE: recipe jansson-2.12-r0: task do_unpack: Succeeded
NOTE: Running task 689 of 1154 (/home/deby/poky/meta-debian/recipes-debian/openssl/openssl_debian.bb:do_debian_unpack_extra)
NOTE: Running task 690 of 1154 (/home/deby/poky/meta-debian/recipes-debian/gdbm/gdbm_debian.bb:do_patch)
NOTE: Running task 691 of 1154 (/home/deby/poky/meta-debian/recipes-debian/libffi/libffi_debian.bb:do_patch)
NOTE: Running task 692 of 1154 (/home/deby/poky/meta-debian/recipes-debian/libnfnetlink/libnfnetlink_debian.bb:do_unpack)
NOTE: Running task 693 of 1154 (/home/deby/poky/meta-debian/recipes-debian/libcap-ng/libcap-ng_debian.bb:do_unpack)
NOTE: Running task 694 of 1154 (/home/deby/poky/meta-debian/recipes-debian/libpcre/libpcre_debian.bb:do_unpack)
NOTE: recipe libnfnetlink-1.0.1-r0: task do_unpack: Started
NOTE: recipe gdbm-1.18.1-r0: task do_patch: Started
NOTE: recipe bash-completion-2.8-r0: task do_patch: Started
NOTE: recipe libhtp-0.5.30-r0: task do_unpack: Started
NOTE: recipe libffi-3.2.1-r0: task do_patch: Started
NOTE: recipe openssl-1.1.1d-r0: task do_debian_unpack_extra: Started
NOTE: recipe libcap-ng-0.7.9-r0: task do_unpack: Started
NOTE: recipe libpcre-8.39-r0: task do_unpack: Started
NOTE: recipe readline-7.0-r0: task do_patch: Succeeded
NOTE: Running task 695 of 1154 (/home/deby/poky/meta-debian/recipes-debian/file/file_debian.bb:do_unpack)
NOTE: recipe opkg-utils-0.4.0-r0: task do_install: Succeeded
NOTE: recipe bash-completion-2.8-r0: task do_patch: Succeeded
NOTE: recipe gdbm-1.18.1-r0: task do_patch: Succeeded
NOTE: recipe openssl-1.1.1d-r0: task do_debian_unpack_extra: Succeeded
NOTE: Running task 696 of 1154 (/home/deby/poky/meta-debian/recipes-debian/gdbm/gdbm_debian.bb:do_configure)
NOTE: Running task 697 of 1154 (/home/deby/poky/meta/recipes-devtools/opkg-utils/opkg-utils_0.4.0.bb:do_populate_sysroot)
NOTE: Running task 698 of 1154 (/home/deby/poky/meta/recipes-devtools/opkg-utils/opkg-utils_0.4.0.bb:do_package)
NOTE: Running task 699 of 1154 (/home/deby/poky/meta-debian/recipes-debian/bash-completion/bash-completion_debian.bb:do_configure)
NOTE: recipe file-5.35-r0: task do_unpack: Started
NOTE: recipe libhtp-0.5.30-r0: task do_unpack: Succeeded
NOTE: Running task 700 of 1154 (/home/deby/poky/meta-debian/recipes-debian/openssl/openssl_debian.bb:do_debian_patch)
NOTE: recipe sqlite3-3_3.27.2-r0: task do_unpack: Succeeded
NOTE: Running task 701 of 1154 (/home/deby/poky/meta-debian/recipes-debian/sqlite3/sqlite3_debian.bb:do_debian_unpack_extra)
NOTE: recipe opkg-utils-0.4.0-r0: task do_populate_sysroot: Started
NOTE: recipe libcap-ng-0.7.9-r0: task do_unpack: Succeeded
NOTE: Running task 719 of 1154 (/home/deby/poky/meta-debian/recipes-debian/util-linux/util-linux_debian.bb:do_debian_unpack_extra)
NOTE: recipe gdbm-1.18.1-r0: task do_configure: Started
NOTE: recipe opkg-utils-0.4.0-r0: task do_package: Started
NOTE: recipe bash-completion-2.8-r0: task do_configure: Started
NOTE: recipe openssl-1.1.1d-r0: task do_debian_patch: Started
NOTE: recipe util-linux-2.33.1-r0: task do_debian_unpack_extra: Started
NOTE: recipe sqlite3-3_3.27.2-r0: task do_debian_unpack_extra: Started
NOTE: recipe libffi-3.2.1-r0: task do_patch: Succeeded
NOTE: recipe util-linux-2.33.1-r0: task do_debian_unpack_extra: Succeeded
NOTE: recipe sqlite3-3_3.27.2-r0: task do_debian_unpack_extra: Succeeded
NOTE: recipe openssl-1.1.1d-r0: task do_debian_patch: Succeeded
NOTE: Running task 720 of 1154 (/home/deby/poky/meta-debian/recipes-debian/libffi/libffi_debian.bb:do_configure)
NOTE: Running task 721 of 1154 (/home/deby/poky/meta-debian/recipes-debian/sqlite3/sqlite3_debian.bb:do_debian_patch)
NOTE: Running task 722 of 1154 (/home/deby/poky/meta-debian/recipes-debian/openssl/openssl_debian.bb:do_patch)
NOTE: Running task 723 of 1154 (/home/deby/poky/meta-debian/recipes-debian/xz/xz_debian.bb:do_debian_unpack_extra)
NOTE: recipe opkg-utils-0.4.0-r0: task do_populate_sysroot: Succeeded
NOTE: Running task 724 of 1154 (/home/deby/poky/meta-debian/recipes-debian/ncurses/ncurses_debian.bb:do_prepare_recipe_sysroot)
NOTE: recipe libffi-3.2.1-r0: task do_configure: Started
NOTE: recipe openssl-1.1.1d-r0: task do_patch: Started
NOTE: recipe sqlite3-3_3.27.2-r0: task do_debian_patch: Started
NOTE: recipe ncurses-6.1+20181013-r0: task do_prepare_recipe_sysroot: Started
NOTE: recipe openssl-1.1.1d-r0: task do_patch: Succeeded
NOTE: Running task 725 of 1154 (/home/deby/poky/meta-debian/recipes-debian/bzip2/bzip2_debian.bb:do_prepare_recipe_sysroot)
NOTE: recipe xz-5.2.4-r0: task do_debian_unpack_extra: Started
NOTE: recipe bzip2-1.0.6-r0: task do_prepare_recipe_sysroot: Started
NOTE: recipe xz-5.2.4-r0: task do_debian_unpack_extra: Succeeded
NOTE: Running task 726 of 1154 (/home/deby/poky/meta-debian/recipes-debian/openssl/openssl_debian.bb:do_configure)
NOTE: recipe openssl-1.1.1d-r0: task do_configure: Started
NOTE: recipe libnfnetlink-1.0.1-r0: task do_unpack: Succeeded
NOTE: Running task 727 of 1154 (/home/deby/poky/meta-debian/recipes-debian/util-linux/util-linux_debian.bb:do_debian_patch)
NOTE: recipe util-linux-2.33.1-r0: task do_debian_patch: Started
NOTE: recipe zlib-1.2.11-r0: task do_configure: Succeeded
NOTE: Running task 728 of 1154 (/home/deby/poky/meta-debian/recipes-debian/zlib/zlib_debian.bb:do_compile)
NOTE: recipe zlib-1.2.11-r0: task do_compile: Started
NOTE: recipe file-5.35-r0: task do_unpack: Succeeded
NOTE: recipe sqlite3-3_3.27.2-r0: task do_debian_patch: Succeeded
NOTE: recipe util-linux-2.33.1-r0: task do_debian_patch: Succeeded
NOTE: Running task 729 of 1154 (/home/deby/poky/meta/recipes-extended/libnsl/libnsl2_git.bb:do_unpack)
NOTE: Running task 730 of 1154 (/home/deby/poky/meta-debian/recipes-debian/sqlite3/sqlite3_debian.bb:do_patch)
NOTE: Running task 731 of 1154 (/home/deby/poky/meta-debian/recipes-debian/xz/xz_debian.bb:do_debian_patch)
NOTE: recipe libpcre-8.39-r0: task do_unpack: Succeeded
NOTE: Running task 732 of 1154 (/home/deby/poky/meta-debian/recipes-debian/util-linux/util-linux_debian.bb:do_patch)
NOTE: recipe sqlite3-3_3.27.2-r0: task do_patch: Started
NOTE: recipe util-linux-2.33.1-r0: task do_patch: Started
NOTE: recipe xz-5.2.4-r0: task do_debian_patch: Started
NOTE: recipe libnsl2-1.2.0+gitAUTOINC+37c5ffe303-r0: task do_unpack: Started
NOTE: recipe zlib-1.2.11-r0: task do_compile: Succeeded
NOTE: Running task 733 of 1154 (/home/deby/poky/meta-debian/recipes-debian/zlib/zlib_debian.bb:do_install)
NOTE: recipe zlib-1.2.11-r0: task do_install: Started
NOTE: recipe ncurses-6.1+20181013-r0: task do_prepare_recipe_sysroot: Succeeded
NOTE: recipe sqlite3-3_3.27.2-r0: task do_patch: Succeeded
NOTE: Running task 734 of 1154 (/home/deby/poky/meta-debian/recipes-debian/ncurses/ncurses_debian.bb:do_configure)
NOTE: recipe xz-5.2.4-r0: task do_debian_patch: Succeeded
NOTE: Running task 735 of 1154 (/home/deby/poky/meta-debian/recipes-debian/sqlite3/sqlite3_debian.bb:do_configure)
NOTE: Running task 736 of 1154 (/home/deby/poky/meta-debian/recipes-debian/xz/xz_debian.bb:do_prepare_recipe_sysroot)
NOTE: recipe ncurses-6.1+20181013-r0: task do_configure: Started
NOTE: recipe sqlite3-3_3.27.2-r0: task do_configure: Started
NOTE: recipe xz-5.2.4-r0: task do_prepare_recipe_sysroot: Started
NOTE: recipe util-linux-2.33.1-r0: task do_patch: Succeeded
NOTE: Running task 737 of 1154 (/home/deby/poky/meta-debian/recipes-debian/xz/xz_debian.bb:do_patch)
NOTE: recipe bzip2-1.0.6-r0: task do_prepare_recipe_sysroot: Succeeded
NOTE: Running task 738 of 1154 (/home/deby/poky/meta-debian/recipes-debian/bzip2/bzip2_debian.bb:do_configure)
NOTE: recipe xz-5.2.4-r0: task do_patch: Started
NOTE: recipe zlib-1.2.11-r0: task do_install: Succeeded
NOTE: Running task 739 of 1154 (/home/deby/poky/meta-debian/recipes-debian/zlib/zlib_debian.bb:do_populate_sysroot)
NOTE: recipe bzip2-1.0.6-r0: task do_configure: Started
NOTE: recipe zlib-1.2.11-r0: task do_populate_sysroot: Started
NOTE: recipe bash-completion-2.8-r0: task do_configure: Succeeded
NOTE: Running task 740 of 1154 (/home/deby/poky/meta-debian/recipes-debian/zlib/zlib_debian.bb:do_package)
NOTE: recipe xz-5.2.4-r0: task do_patch: Succeeded
NOTE: Running task 741 of 1154 (/home/deby/poky/meta-debian/recipes-debian/bash-completion/bash-completion_debian.bb:do_compile)
NOTE: recipe xz-5.2.4-r0: task do_prepare_recipe_sysroot: Succeeded
NOTE: Running task 742 of 1154 (/home/deby/poky/meta-debian/recipes-debian/xz/xz_debian.bb:do_configure)
NOTE: recipe zlib-1.2.11-r0: task do_package: Started
NOTE: recipe zlib-1.2.11-r0: task do_populate_sysroot: Succeeded
NOTE: Running task 743 of 1154 (/home/deby/poky/meta-debian/recipes-debian/db/db_debian.bb:do_fetch)
NOTE: recipe bash-completion-2.8-r0: task do_compile: Started
NOTE: recipe xz-5.2.4-r0: task do_configure: Started
NOTE: recipe libnsl2-1.2.0+gitAUTOINC+37c5ffe303-r0: task do_unpack: Succeeded
NOTE: Running task 744 of 1154 (/home/deby/poky/meta/recipes-extended/libnsl/libnsl2_git.bb:do_patch)
NOTE: recipe db-5.3.28-r0: task do_fetch: Started
NOTE: recipe nss-3.42.1-r0: task do_unpack: Succeeded
NOTE: recipe python3-3.7.3-r0: task do_unpack: Succeeded
NOTE: Running task 745 of 1154 (/home/deby/poky/meta-debian/recipes-debian/nspr/nspr_debian.bb:do_debian_unpack_extra)
NOTE: Running task 748 of 1154 (/home/deby/poky/meta-debian/recipes-debian/nspr/nspr_debian.bb:do_prepare_recipe_sysroot)
NOTE: recipe libnsl2-1.2.0+gitAUTOINC+37c5ffe303-r0: task do_patch: Started
NOTE: recipe db-5.3.28-r0: task do_fetch: Succeeded
NOTE: Running task 753 of 1154 (/home/deby/poky/meta-debian/recipes-debian/libpcap/libpcap_debian.bb:do_install)
NOTE: recipe libnsl2-1.2.0+gitAUTOINC+37c5ffe303-r0: task do_patch: Succeeded
NOTE: Running task 755 of 1154 (/home/deby/poky/meta-debian/recipes-debian/suricata/suricata_debian.bb:do_fetch)
NOTE: recipe nspr-4.20-r0: task do_prepare_recipe_sysroot: Started
NOTE: recipe nspr-4.20-r0: task do_debian_unpack_extra: Started
NOTE: recipe nspr-4.20-r0: task do_debian_unpack_extra: Succeeded
NOTE: Running task 756 of 1154 (/home/deby/poky/meta-debian/recipes-debian/nspr/nspr_debian.bb:do_debian_patch)
NOTE: recipe libpcap-1.8.1-r0: task do_install: Started
NOTE: recipe suricata-4.1.2-r0: task do_fetch: Started
NOTE: recipe nspr-4.20-r0: task do_debian_patch: Started
NOTE: recipe suricata-4.1.2-r0: task do_fetch: Succeeded
NOTE: Running task 757 of 1154 (/home/deby/poky/meta-debian/recipes-debian/db/db_debian.bb:do_unpack)
NOTE: recipe openssl-1.1.1d-r0: task do_configure: Succeeded
NOTE: Running task 758 of 1154 (/home/deby/poky/meta-debian/recipes-debian/openssl/openssl_debian.bb:do_compile)
NOTE: recipe db-5.3.28-r0: task do_unpack: Started
NOTE: recipe openssl-1.1.1d-r0: task do_compile: Started
NOTE: recipe bash-completion-2.8-r0: task do_compile: Succeeded
NOTE: Running task 759 of 1154 (/home/deby/poky/meta-debian/recipes-debian/bash-completion/bash-completion_debian.bb:do_install)
NOTE: recipe nspr-4.20-r0: task do_prepare_recipe_sysroot: Succeeded
NOTE: Running task 800 of 1154 (/home/deby/poky/meta-debian/recipes-debian/python/python3_debian.bb:do_debian_unpack_extra)
NOTE: recipe nspr-4.20-r0: task do_debian_patch: Succeeded
NOTE: Running task 801 of 1154 (/home/deby/poky/meta-debian/recipes-debian/nspr/nspr_debian.bb:do_patch)
NOTE: recipe nspr-4.20-r0: task do_patch: Started
NOTE: recipe bash-completion-2.8-r0: task do_install: Started
NOTE: recipe python3-3.7.3-r0: task do_debian_unpack_extra: Started
NOTE: recipe python3-3.7.3-r0: task do_debian_unpack_extra: Succeeded
NOTE: Running task 803 of 1154 (/home/deby/poky/meta-debian/recipes-debian/python/python3_debian.bb:do_debian_patch)
NOTE: recipe python3-3.7.3-r0: task do_debian_patch: Started
ERROR: libpcap-1.8.1-r0 do_install: oe_runmake failed
ERROR: libpcap-1.8.1-r0 do_install: Function failed: do_install (log file is located at /home/deby/build-tiny/tmp/work/core2-64-deby-linux/libpcap/1.8.1-r0/temp/log.do_install.3856)
ERROR: Logfile of failure stored in: /home/deby/build-tiny/tmp/work/core2-64-deby-linux/libpcap/1.8.1-r0/temp/log.do_install.3856
Log data follows:
| DEBUG: Executing python function extend_recipe_sysroot
| NOTE: Direct dependencies are ['virtual:native:/home/deby/poky/meta-debian/recipes-debian/autoconf/autoconf_debian.bb:do_populate_sysroot', 'virtual:native:/home/deby/poky/meta-debian/recipes-debian/flex/flex_debian.bb:do_populate_sysroot', '/home/deby/poky/meta-debian/recipes-debian/libtool/libtool-native_debian.bb:do_populate_sysroot', '/home/deby/poky/meta-debian/recipes-debian/gcc/gcc-runtime_debian.bb:do_populate_sysroot', '/home/deby/poky/meta-debian/recipes-debian/glibc/glibc_debian.bb:do_populate_sysroot', 'virtual:native:/home/deby/poky/meta-debian/recipes-debian/pseudo/pseudo_debian.bb:do_populate_sysroot', 'virtual:native:/home/deby/poky/meta-debian/recipes-debian/bison/bison_debian.bb:do_populate_sysroot', 'virtual:native:/home/deby/poky/meta-debian/recipes-debian/automake/automake_debian.bb:do_populate_sysroot', '/home/deby/poky/meta-debian/recipes-debian/libtool/libtool-cross_debian.bb:do_populate_sysroot', 'virtual:native:/home/deby/poky/meta-debian/recipes-debian/pkgconfig/pkgconfig_debian.bb:do_populate_sysroot', '/home/deby/poky/meta-debian/recipes-debian/gcc/gcc-cross_debian.bb:do_populate_sysroot', 'virtual:native:/home/deby/poky/meta/recipes-devtools/gnu-config/gnu-config_git.bb:do_populate_sysroot', '/home/deby/poky/meta-debian/recipes-debian/quilt/quilt-native_debian.bb:do_populate_sysroot']
| NOTE: Installed into sysroot: []
| NOTE: Skipping as already exists in sysroot: ['autoconf-native', 'flex-native', 'libtool-native', 'gcc-runtime', 'glibc', 'pseudo-native', 'bison-native', 'automake-native', 'libtool-cross', 'pkgconfig-native', 'gcc-cross-x86_64', 'gnu-config-native', 'quilt-native', 'texinfo-dummy-native', 'm4-native', 'gettext-minimal-native', 'linux-libc-headers-base', 'binutils-cross-x86_64', 'libgcc', 'mpfr-native', 'gmp-native', 'zlib-native', 'libmpc-native']
| DEBUG: Python function extend_recipe_sysroot finished
| DEBUG: SITE files ['endian-little', 'common-linux', 'common-glibc', 'bit-64', 'x86_64-linux', 'common']
| DEBUG: Executing shell function do_install
| NOTE: make -j 16 DESTDIR=/home/deby/build-tiny/tmp/work/core2-64-deby-linux/libpcap/1.8.1-r0/image install
| #
| VER=`cat ../libpcap-1.8.1/VERSION`; \
| MAJOR_VER=`sed 's/\([0-9][0-9]*\)\..*/\1/' ../libpcap-1.8.1/VERSION`; \
| x86_64-deby-linux-gcc  -m64 -march=core2 -mtune=core2 -msse3 -mfpmath=sse -fstack-protector-strong  -D_FORTIFY_SOURCE=2 -Wformat -Wformat-security -Werror=format-security --sysroot=/home/deby/build-tiny/tmp/work/core2-64-deby-linux/libpcap/1.8.1-r0/recipe-sysroot -shared -Wl,-soname,libpcap.so.$MAJOR_VER -Wl,-O1 -Wl,--hash-style=gnu -Wl,--as-needed -fstack-protector-strong -Wl,-z,relro,-z,now  \
|     -o libpcap.so.$VER pcap-linux.o pcap-usb-linux.o pcap-netfilter-linux.o fad-getad.o pcap.o inet.o fad-helpers.o gencode.o optimize.o nametoaddr.o etherent.o savefile.o sf-pcap.o sf-pcap-ng.o pcap-common.o bpf_image.o bpf_dump.o  scanner.o grammar.o bpf_filter.o version.o
| # Most platforms have separate suffixes for shared and
| # archive libraries, so we install both.
| #
| [ -d /home/deby/build-tiny/tmp/work/core2-64-deby-linux/libpcap/1.8.1-r0/image/usr/lib ] || \
|     (mkdir -p /home/deby/build-tiny/tmp/work/core2-64-deby-linux/libpcap/1.8.1-r0/image/usr/lib; chmod 755 /home/deby/build-tiny/tmp/work/core2-64-deby-linux/libpcap/1.8.1-r0/image/usr/lib)
| /home/deby/build-tiny/tmp/hosttools/install -c -m 644 libpcap.a /home/deby/build-tiny/tmp/work/core2-64-deby-linux/libpcap/1.8.1-r0/image/usr/lib/libpcap.a
| x86_64-deby-linux-gcc-ranlib /home/deby/build-tiny/tmp/work/core2-64-deby-linux/libpcap/1.8.1-r0/image/usr/lib/libpcap.a
| /home/deby/build-tiny/tmp/work/core2-64-deby-linux/libpcap/1.8.1-r0/recipe-sysroot-native/usr/bin/x86_64-deby-linux/../../libexec/x86_64-deby-linux/gcc/x86_64-deby-linux/8.3.0/ld: pcap-linux.o: relocation R_X86_64_PC32 against symbol `stderr@@GLIBC_2.2.5' can not be used when making a shared object; recompile with -fPIC
| /home/deby/build-tiny/tmp/work/core2-64-deby-linux/libpcap/1.8.1-r0/recipe-sysroot-native/usr/bin/x86_64-deby-linux/../../libexec/x86_64-deby-linux/gcc/x86_64-deby-linux/8.3.0/ld: pcap.o: relocation R_X86_64_PC32 against symbol `stderr@@GLIBC_2.2.5' can not be used when making a shared object; recompile with -fPIC
| /home/deby/build-tiny/tmp/work/core2-64-deby-linux/libpcap/1.8.1-r0/recipe-sysroot-native/usr/bin/x86_64-deby-linux/../../libexec/x86_64-deby-linux/gcc/x86_64-deby-linux/8.3.0/ld: nametoaddr.o: relocation R_X86_64_PC32 against symbol `eproto_db' can not be used when making a shared object; recompile with -fPIC
| /home/deby/build-tiny/tmp/work/core2-64-deby-linux/libpcap/1.8.1-r0/recipe-sysroot-native/usr/bin/x86_64-deby-linux/../../libexec/x86_64-deby-linux/gcc/x86_64-deby-linux/8.3.0/ld: savefile.o: relocation R_X86_64_PC32 against symbol `stdin@@GLIBC_2.2.5' can not be used when making a shared object; recompile with -fPIC
| /home/deby/build-tiny/tmp/work/core2-64-deby-linux/libpcap/1.8.1-r0/recipe-sysroot-native/usr/bin/x86_64-deby-linux/../../libexec/x86_64-deby-linux/gcc/x86_64-deby-linux/8.3.0/ld: sf-pcap.o: relocation R_X86_64_PC32 against symbol `stdout@@GLIBC_2.2.5' can not be used when making a shared object; recompile with -fPIC
| /home/deby/build-tiny/tmp/work/core2-64-deby-linux/libpcap/1.8.1-r0/recipe-sysroot-native/usr/bin/x86_64-deby-linux/../../libexec/x86_64-deby-linux/gcc/x86_64-deby-linux/8.3.0/ld: scanner.o: relocation R_X86_64_PC32 against symbol `stderr@@GLIBC_2.2.5' can not be used when making a shared object; recompile with -fPIC
| /home/deby/build-tiny/tmp/work/core2-64-deby-linux/libpcap/1.8.1-r0/recipe-sysroot-native/usr/bin/x86_64-deby-linux/../../libexec/x86_64-deby-linux/gcc/x86_64-deby-linux/8.3.0/ld: final link failed: nonrepresentable section on output
| collect2: error: ld returned 1 exit status
| make: *** [Makefile:386: libpcap.so] Error 1
| ERROR: oe_runmake failed
| WARNING: exit code 1 from a shell command.
| ERROR: Function failed: do_install (log file is located at /home/deby/build-tiny/tmp/work/core2-64-deby-linux/libpcap/1.8.1-r0/temp/log.do_install.3856)
NOTE: recipe libpcap-1.8.1-r0: task do_install: Failed
ERROR: Task (/home/deby/poky/meta-debian/recipes-debian/libpcap/libpcap_debian.bb:do_install) failed with exit code '1'
NOTE: Running task 804 of 1154 (/home/deby/poky/meta-debian/recipes-debian/suricata/suricata_debian.bb:do_unpack)
NOTE: recipe nspr-4.20-r0: task do_patch: Succeeded
NOTE: recipe suricata-4.1.2-r0: task do_unpack: Started
NOTE: recipe python3-3.7.3-r0: task do_debian_patch: Succeeded
NOTE: recipe suricata-4.1.2-r0: task do_unpack: Succeeded
NOTE: recipe db-5.3.28-r0: task do_unpack: Succeeded
NOTE: recipe bzip2-1.0.6-r0: task do_configure: Succeeded
NOTE: recipe libtirpc-1.1.4-r0: task do_configure: Succeeded
NOTE: recipe libxcrypt-4.1.1-r0: task do_configure: Succeeded
NOTE: recipe opkg-utils-0.4.0-r0: task do_package: Succeeded
NOTE: recipe libffi-3.2.1-r0: task do_configure: Succeeded
NOTE: recipe bash-completion-2.8-r0: task do_install: Succeeded
NOTE: recipe sqlite3-3_3.27.2-r0: task do_configure: Succeeded
NOTE: recipe gdbm-1.18.1-r0: task do_configure: Succeeded
NOTE: recipe openssl-1.1.1d-r0: task do_compile: Succeeded
NOTE: recipe ncurses-6.1+20181013-r0: task do_configure: Succeeded
NOTE: recipe xz-5.2.4-r0: task do_configure: Succeeded
NOTE: recipe zlib-1.2.11-r0: task do_package: Succeeded
NOTE: Tasks Summary: Attempted 804 tasks of which 667 didn't need to be rerun and 1 failed.

Summary: 1 task failed:
  /home/deby/poky/meta-debian/recipes-debian/libpcap/libpcap_debian.bb:do_install
Summary: There were 2 ERROR messages shown, returning a non-zero exit code.
