Loading cache...done.
Loaded 1746 entries from dependency cache.
Parsing recipes...done.
Parsing of 992 .bb files complete (990 cached, 2 parsed). 1733 targets, 208 skipped, 0 masked, 0 errors.
NOTE: Resolving any missing task queue dependencies

Build Configuration:
BB_VERSION           = "1.42.0"
BUILD_SYS            = "x86_64-linux"
NATIVELSBSTRING      = "universal"
TARGET_SYS           = "x86_64-deby-linux"
MACHINE              = "qemux86-64"
DISTRO               = "deby-tiny"
DISTRO_VERSION       = "10.0"
TUNE_FEATURES        = "m64 core2"
TARGET_FPU           = ""
meta                 
meta-poky            = "warrior:79a850a10a4b88a6d20d607b322542f947874323"
meta-debian          = "warrior:f7512bd96372e67fe4288cb5cb61cf52d282dd4e"

Initialising tasks...done.
Sstate summary: Wanted 1 Found 0 Missed 1 Current 139 (0% match, 99% complete)
NOTE: Executing SetScene Tasks
NOTE: Executing RunQueue Tasks
NOTE: Running task 797 of 799 (/home/deby/poky/meta-debian/recipes-debian/util-linux/util-linux_debian.bb:do_package_qa)
NOTE: recipe util-linux-2.33.1-r0: task do_package_qa: Started
NOTE: recipe util-linux-2.33.1-r0: task do_package_qa: Succeeded
NOTE: Running noexec task 799 of 799 (/home/deby/poky/meta-debian/recipes-debian/util-linux/util-linux_debian.bb:do_build)
NOTE: Tasks Summary: Attempted 799 tasks of which 797 didn't need to be rerun and all succeeded.
