WARNING: Host distribution "debian-10" has not been validated with this version of the build system; you may possibly experience unexpected failures. It is recommended that you use a tested distribution.
Loading cache...done.
Loaded 1440 entries from dependency cache.
NOTE: Resolving any missing task queue dependencies

Build Configuration:
BB_VERSION           = "1.42.0"
BUILD_SYS            = "x86_64-linux"
NATIVELSBSTRING      = "universal"
TARGET_SYS           = "arm-deby-linux-gnueabi"
MACHINE              = "qemuarm"
DISTRO               = "deby"
DISTRO_VERSION       = "10.0"
TUNE_FEATURES        = "arm armv7ve vfp thumb neon callconvention-hard"
TARGET_FPU           = "hard"
meta                 
meta-poky            = "warrior:51223035e66c5b27799b15a0f8ebe75d24d3971b"
meta-debian          = "warrior-trungdt:cc9dbb7e719dbf74fa3c56a03f2bfd38a6eeffd9"

Initialising tasks...done.
Sstate summary: Wanted 59 Found 59 Missed 0 Current 133 (100% match, 100% complete)
NOTE: Executing SetScene Tasks
NOTE: Running setscene task 134 of 192 (/home/deby/poky/meta-debian/recipes-debian/gcc/gcc-cross-canadian_debian.bb:do_populate_sysroot_setscene)
NOTE: Running setscene task 135 of 192 (/home/deby/poky/meta-debian/recipes-debian/gcc/gcc-cross-canadian_debian.bb:do_package_qa_setscene)
NOTE: Running setscene task 136 of 192 (/home/deby/poky/meta-debian/recipes-debian/gcc/gcc-cross-canadian_debian.bb:do_package_write_deb_setscene)
NOTE: Running setscene task 137 of 192 (/home/deby/poky/meta-debian/recipes-debian/gcc/gcc-cross-canadian_debian.bb:do_populate_lic_setscene)
NOTE: Running setscene task 141 of 192 (virtual:nativesdk:/home/deby/poky/meta/recipes-devtools/elfutils/elfutils_0.176.bb:do_package_write_deb_setscene)
NOTE: Running setscene task 144 of 192 (virtual:nativesdk:/home/deby/poky/meta-debian/recipes-debian/libmpc/libmpc_debian.bb:do_package_write_deb_setscene)
NOTE: Running setscene task 149 of 192 (/home/deby/poky/meta-debian/recipes-kernel/linux-libc-headers/linux-libc-headers-base_git.bb:do_package_write_deb_setscene)
NOTE: Running setscene task 152 of 192 (/home/deby/poky/meta-debian/recipes-kernel/linux-libc-headers/linux-libc-headers-base_git.bb:do_populate_sysroot_setscene)
NOTE: Running setscene task 154 of 192 (/home/deby/poky/meta-debian/recipes-debian/libtool/nativesdk-libtool_debian.bb:do_package_write_deb_setscene)
NOTE: Running setscene task 155 of 192 (virtual:nativesdk:/home/deby/poky/meta-debian/recipes-kernel/linux-libc-headers/linux-libc-headers-base_git.bb:do_package_write_deb_setscene)
NOTE: Running setscene task 178 of 192 (virtual:nativesdk:/home/deby/poky/meta-debian/recipes-kernel/linux-libc-headers/linux-libc-headers-base_git.bb:do_populate_sysroot_setscene)
NOTE: recipe gcc-cross-canadian-arm-8.3.0-r0: task do_populate_lic_setscene: Started
NOTE: recipe gcc-cross-canadian-arm-8.3.0-r0: task do_package_write_deb_setscene: Started
NOTE: recipe gcc-cross-canadian-arm-8.3.0-r0: task do_populate_sysroot_setscene: Started
NOTE: recipe gcc-cross-canadian-arm-8.3.0-r0: task do_package_qa_setscene: Started
NOTE: recipe nativesdk-libtool-2.4.6-r0: task do_package_write_deb_setscene: Started
NOTE: recipe nativesdk-elfutils-0.176-r0: task do_package_write_deb_setscene: Started
NOTE: recipe nativesdk-libmpc-1.1.0-r0: task do_package_write_deb_setscene: Started
NOTE: recipe gcc-cross-canadian-arm-8.3.0-r0: task do_package_qa_setscene: Succeeded
NOTE: recipe gcc-cross-canadian-arm-8.3.0-r0: task do_populate_lic_setscene: Succeeded
NOTE: recipe nativesdk-libtool-2.4.6-r0: task do_package_write_deb_setscene: Succeeded
NOTE: Running setscene task 179 of 192 (/home/deby/poky/meta-debian/recipes-debian/libtool/nativesdk-libtool_debian.bb:do_packagedata_setscene)
NOTE: recipe nativesdk-elfutils-0.176-r0: task do_package_write_deb_setscene: Succeeded
NOTE: recipe nativesdk-libtool-2.4.6-r0: task do_packagedata_setscene: Started
NOTE: recipe nativesdk-libmpc-1.1.0-r0: task do_package_write_deb_setscene: Succeeded
ERROR: When reparsing /home/deby/poky/meta-debian/recipes-kernel/linux-libc-headers/linux-libc-headers-base_git.bb.do_patch, the basehash value changed from 794aba43c93b827ab8dad47165be6be0d8f92f251bd262635c22313e23128daa to ad76c34176c05413e9fb00995196d5015fc81c93587134874abe5c331acef982. The metadata is not deterministic and this needs to be fixed.
ERROR: When reparsing /home/deby/poky/meta-debian/recipes-kernel/linux-libc-headers/linux-libc-headers-base_git.bb.do_populate_sysroot, the basehash value changed from 14b19526286ce86ce315b1d21d15264a095d2adc8b56f717f37a6704f496dc96 to b520a91617182bf39bac5bffc2769f087d09752f2331420c66eb95d93f1e3778. The metadata is not deterministic and this needs to be fixed.
ERROR: When reparsing /home/deby/poky/meta-debian/recipes-kernel/linux-libc-headers/linux-libc-headers-base_git.bb.do_fetch, the basehash value changed from 612966a9e422c3ad520ad3dc56062fa88dd219ff867e4aaa1064a9b4f8fe3459 to cf9bd22e1e62bc0dd535e536790ffe0c4d355e13de25d0312c96d13bca265874. The metadata is not deterministic and this needs to be fixed.
ERROR: When reparsing /home/deby/poky/meta-debian/recipes-kernel/linux-libc-headers/linux-libc-headers-base_git.bb.do_configure, the basehash value changed from 731fa69b243b1450269294f0fcb3be8d432d1a204f5d6ea9364497af0fdf12ab to 79bd795c7630e12fed2cf1073c0a1df64f47d1a454b5d398f37582a9e9cde9e4. The metadata is not deterministic and this needs to be fixed.
ERROR: When reparsing /home/deby/poky/meta-debian/recipes-kernel/linux-libc-headers/linux-libc-headers-base_git.bb.do_compile, the basehash value changed from 88ad2aa8327e792615525aac80fcaffb71673c0ce32e842ab8c253ca8c133422 to 988f097efba01acc7ea55213bcc1b331fa259b0a4f3d8aa6426f9ad69ef1f759. The metadata is not deterministic and this needs to be fixed.
ERROR: When reparsing /home/deby/poky/meta-debian/recipes-kernel/linux-libc-headers/linux-libc-headers-base_git.bb.do_install, the basehash value changed from 8d2de69f29699147c04e7a9f5b67fb587b83eaa5bd780596a199c7b283c31288 to c5eacde641ba8826c2f3db5531560719d37c7192494b98c83c0ec312b4d05499. The metadata is not deterministic and this needs to be fixed.
ERROR: When reparsing /home/deby/poky/meta-debian/recipes-kernel/linux-libc-headers/linux-libc-headers-base_git.bb.do_package, the basehash value changed from ee0f8955a6fa4872f093e7f5308ffc792aaade417d8d78aab0d5bd17af2a44b8 to d059dc3185e1441388eca0e873fad8ce2b48cf6bb441bfe777b047a137d0b98e. The metadata is not deterministic and this needs to be fixed.
ERROR: When reparsing /home/deby/poky/meta-debian/recipes-kernel/linux-libc-headers/linux-libc-headers-base_git.bb.do_packagedata, the basehash value changed from d62978895cd4584250e32610f39703889fe07332bde6de489bdecc19223832be to b324a4ff5e5740f258844368a0fd1c975d241a7f027aed29667518bd6ffc5a11. The metadata is not deterministic and this needs to be fixed.
ERROR: When reparsing /home/deby/poky/meta-debian/recipes-kernel/linux-libc-headers/linux-libc-headers-base_git.bb.do_package_write_deb, the basehash value changed from 3812d71c1c2c8d675ade0d8272e1e656294780ba57c589d3b6d72fc321a4e97c to 036e94c7649da219d1d288ba1bd197bd0f6c3ac5f58597e8e819db18d618f947. The metadata is not deterministic and this needs to be fixed.
NOTE: recipe linux-libc-headers-base-gitAUTOINC+2951eded01-r0: task do_populate_sysroot_setscene: Started
ERROR: When reparsing /home/deby/poky/meta-debian/recipes-kernel/linux-libc-headers/linux-libc-headers-base_git.bb.do_patch, the basehash value changed from 794aba43c93b827ab8dad47165be6be0d8f92f251bd262635c22313e23128daa to ad76c34176c05413e9fb00995196d5015fc81c93587134874abe5c331acef982. The metadata is not deterministic and this needs to be fixed.
ERROR: When reparsing /home/deby/poky/meta-debian/recipes-kernel/linux-libc-headers/linux-libc-headers-base_git.bb.do_populate_sysroot, the basehash value changed from 14b19526286ce86ce315b1d21d15264a095d2adc8b56f717f37a6704f496dc96 to b520a91617182bf39bac5bffc2769f087d09752f2331420c66eb95d93f1e3778. The metadata is not deterministic and this needs to be fixed.
ERROR: When reparsing /home/deby/poky/meta-debian/recipes-kernel/linux-libc-headers/linux-libc-headers-base_git.bb.do_fetch, the basehash value changed from 612966a9e422c3ad520ad3dc56062fa88dd219ff867e4aaa1064a9b4f8fe3459 to cf9bd22e1e62bc0dd535e536790ffe0c4d355e13de25d0312c96d13bca265874. The metadata is not deterministic and this needs to be fixed.
ERROR: When reparsing /home/deby/poky/meta-debian/recipes-kernel/linux-libc-headers/linux-libc-headers-base_git.bb.do_configure, the basehash value changed from 731fa69b243b1450269294f0fcb3be8d432d1a204f5d6ea9364497af0fdf12ab to 79bd795c7630e12fed2cf1073c0a1df64f47d1a454b5d398f37582a9e9cde9e4. The metadata is not deterministic and this needs to be fixed.
ERROR: When reparsing /home/deby/poky/meta-debian/recipes-kernel/linux-libc-headers/linux-libc-headers-base_git.bb.do_compile, the basehash value changed from 88ad2aa8327e792615525aac80fcaffb71673c0ce32e842ab8c253ca8c133422 to 988f097efba01acc7ea55213bcc1b331fa259b0a4f3d8aa6426f9ad69ef1f759. The metadata is not deterministic and this needs to be fixed.
ERROR: When reparsing /home/deby/poky/meta-debian/recipes-kernel/linux-libc-headers/linux-libc-headers-base_git.bb.do_install, the basehash value changed from 8d2de69f29699147c04e7a9f5b67fb587b83eaa5bd780596a199c7b283c31288 to c5eacde641ba8826c2f3db5531560719d37c7192494b98c83c0ec312b4d05499. The metadata is not deterministic and this needs to be fixed.
ERROR: When reparsing /home/deby/poky/meta-debian/recipes-kernel/linux-libc-headers/linux-libc-headers-base_git.bb.do_package, the basehash value changed from ee0f8955a6fa4872f093e7f5308ffc792aaade417d8d78aab0d5bd17af2a44b8 to d059dc3185e1441388eca0e873fad8ce2b48cf6bb441bfe777b047a137d0b98e. The metadata is not deterministic and this needs to be fixed.
ERROR: When reparsing /home/deby/poky/meta-debian/recipes-kernel/linux-libc-headers/linux-libc-headers-base_git.bb.do_packagedata, the basehash value changed from d62978895cd4584250e32610f39703889fe07332bde6de489bdecc19223832be to b324a4ff5e5740f258844368a0fd1c975d241a7f027aed29667518bd6ffc5a11. The metadata is not deterministic and this needs to be fixed.
ERROR: When reparsing /home/deby/poky/meta-debian/recipes-kernel/linux-libc-headers/linux-libc-headers-base_git.bb.do_package_write_deb, the basehash value changed from 3812d71c1c2c8d675ade0d8272e1e656294780ba57c589d3b6d72fc321a4e97c to 036e94c7649da219d1d288ba1bd197bd0f6c3ac5f58597e8e819db18d618f947. The metadata is not deterministic and this needs to be fixed.
NOTE: recipe gcc-cross-canadian-arm-8.3.0-r0: task do_populate_sysroot_setscene: Succeeded
NOTE: recipe linux-libc-headers-base-gitAUTOINC+2951eded01-r0: task do_package_write_deb_setscene: Started
ERROR: When reparsing /home/deby/poky/meta-debian/recipes-kernel/linux-libc-headers/linux-libc-headers-base_git.bb.do_patch, the basehash value changed from 794aba43c93b827ab8dad47165be6be0d8f92f251bd262635c22313e23128daa to ad76c34176c05413e9fb00995196d5015fc81c93587134874abe5c331acef982. The metadata is not deterministic and this needs to be fixed.
ERROR: When reparsing /home/deby/poky/meta-debian/recipes-kernel/linux-libc-headers/linux-libc-headers-base_git.bb.do_populate_sysroot, the basehash value changed from 14b19526286ce86ce315b1d21d15264a095d2adc8b56f717f37a6704f496dc96 to b520a91617182bf39bac5bffc2769f087d09752f2331420c66eb95d93f1e3778. The metadata is not deterministic and this needs to be fixed.
ERROR: When reparsing /home/deby/poky/meta-debian/recipes-kernel/linux-libc-headers/linux-libc-headers-base_git.bb.do_fetch, the basehash value changed from 612966a9e422c3ad520ad3dc56062fa88dd219ff867e4aaa1064a9b4f8fe3459 to cf9bd22e1e62bc0dd535e536790ffe0c4d355e13de25d0312c96d13bca265874. The metadata is not deterministic and this needs to be fixed.
ERROR: When reparsing /home/deby/poky/meta-debian/recipes-kernel/linux-libc-headers/linux-libc-headers-base_git.bb.do_configure, the basehash value changed from 731fa69b243b1450269294f0fcb3be8d432d1a204f5d6ea9364497af0fdf12ab to 79bd795c7630e12fed2cf1073c0a1df64f47d1a454b5d398f37582a9e9cde9e4. The metadata is not deterministic and this needs to be fixed.
ERROR: When reparsing /home/deby/poky/meta-debian/recipes-kernel/linux-libc-headers/linux-libc-headers-base_git.bb.do_compile, the basehash value changed from 88ad2aa8327e792615525aac80fcaffb71673c0ce32e842ab8c253ca8c133422 to 988f097efba01acc7ea55213bcc1b331fa259b0a4f3d8aa6426f9ad69ef1f759. The metadata is not deterministic and this needs to be fixed.
ERROR: When reparsing /home/deby/poky/meta-debian/recipes-kernel/linux-libc-headers/linux-libc-headers-base_git.bb.do_install, the basehash value changed from 8d2de69f29699147c04e7a9f5b67fb587b83eaa5bd780596a199c7b283c31288 to c5eacde641ba8826c2f3db5531560719d37c7192494b98c83c0ec312b4d05499. The metadata is not deterministic and this needs to be fixed.
ERROR: When reparsing /home/deby/poky/meta-debian/recipes-kernel/linux-libc-headers/linux-libc-headers-base_git.bb.do_package, the basehash value changed from ee0f8955a6fa4872f093e7f5308ffc792aaade417d8d78aab0d5bd17af2a44b8 to d059dc3185e1441388eca0e873fad8ce2b48cf6bb441bfe777b047a137d0b98e. The metadata is not deterministic and this needs to be fixed.
ERROR: When reparsing /home/deby/poky/meta-debian/recipes-kernel/linux-libc-headers/linux-libc-headers-base_git.bb.do_packagedata, the basehash value changed from d62978895cd4584250e32610f39703889fe07332bde6de489bdecc19223832be to b324a4ff5e5740f258844368a0fd1c975d241a7f027aed29667518bd6ffc5a11. The metadata is not deterministic and this needs to be fixed.
ERROR: When reparsing /home/deby/poky/meta-debian/recipes-kernel/linux-libc-headers/linux-libc-headers-base_git.bb.do_package_write_deb, the basehash value changed from 3812d71c1c2c8d675ade0d8272e1e656294780ba57c589d3b6d72fc321a4e97c to 036e94c7649da219d1d288ba1bd197bd0f6c3ac5f58597e8e819db18d618f947. The metadata is not deterministic and this needs to be fixed.
ERROR: When reparsing /home/deby/poky/meta-debian/recipes-kernel/linux-libc-headers/linux-libc-headers-base_git.bb.do_patch, the basehash value changed from 794aba43c93b827ab8dad47165be6be0d8f92f251bd262635c22313e23128daa to ad76c34176c05413e9fb00995196d5015fc81c93587134874abe5c331acef982. The metadata is not deterministic and this needs to be fixed.
ERROR: When reparsing /home/deby/poky/meta-debian/recipes-kernel/linux-libc-headers/linux-libc-headers-base_git.bb.do_populate_sysroot, the basehash value changed from 14b19526286ce86ce315b1d21d15264a095d2adc8b56f717f37a6704f496dc96 to b520a91617182bf39bac5bffc2769f087d09752f2331420c66eb95d93f1e3778. The metadata is not deterministic and this needs to be fixed.
ERROR: When reparsing /home/deby/poky/meta-debian/recipes-kernel/linux-libc-headers/linux-libc-headers-base_git.bb.do_fetch, the basehash value changed from 612966a9e422c3ad520ad3dc56062fa88dd219ff867e4aaa1064a9b4f8fe3459 to cf9bd22e1e62bc0dd535e536790ffe0c4d355e13de25d0312c96d13bca265874. The metadata is not deterministic and this needs to be fixed.
ERROR: When reparsing /home/deby/poky/meta-debian/recipes-kernel/linux-libc-headers/linux-libc-headers-base_git.bb.do_configure, the basehash value changed from 731fa69b243b1450269294f0fcb3be8d432d1a204f5d6ea9364497af0fdf12ab to 79bd795c7630e12fed2cf1073c0a1df64f47d1a454b5d398f37582a9e9cde9e4. The metadata is not deterministic and this needs to be fixed.
ERROR: When reparsing /home/deby/poky/meta-debian/recipes-kernel/linux-libc-headers/linux-libc-headers-base_git.bb.do_compile, the basehash value changed from 88ad2aa8327e792615525aac80fcaffb71673c0ce32e842ab8c253ca8c133422 to 988f097efba01acc7ea55213bcc1b331fa259b0a4f3d8aa6426f9ad69ef1f759. The metadata is not deterministic and this needs to be fixed.
ERROR: When reparsing /home/deby/poky/meta-debian/recipes-kernel/linux-libc-headers/linux-libc-headers-base_git.bb.do_install, the basehash value changed from 8d2de69f29699147c04e7a9f5b67fb587b83eaa5bd780596a199c7b283c31288 to c5eacde641ba8826c2f3db5531560719d37c7192494b98c83c0ec312b4d05499. The metadata is not deterministic and this needs to be fixed.
ERROR: When reparsing /home/deby/poky/meta-debian/recipes-kernel/linux-libc-headers/linux-libc-headers-base_git.bb.do_package, the basehash value changed from ee0f8955a6fa4872f093e7f5308ffc792aaade417d8d78aab0d5bd17af2a44b8 to d059dc3185e1441388eca0e873fad8ce2b48cf6bb441bfe777b047a137d0b98e. The metadata is not deterministic and this needs to be fixed.
ERROR: When reparsing /home/deby/poky/meta-debian/recipes-kernel/linux-libc-headers/linux-libc-headers-base_git.bb.do_packagedata, the basehash value changed from d62978895cd4584250e32610f39703889fe07332bde6de489bdecc19223832be to b324a4ff5e5740f258844368a0fd1c975d241a7f027aed29667518bd6ffc5a11. The metadata is not deterministic and this needs to be fixed.
ERROR: When reparsing /home/deby/poky/meta-debian/recipes-kernel/linux-libc-headers/linux-libc-headers-base_git.bb.do_package_write_deb, the basehash value changed from 3812d71c1c2c8d675ade0d8272e1e656294780ba57c589d3b6d72fc321a4e97c to 036e94c7649da219d1d288ba1bd197bd0f6c3ac5f58597e8e819db18d618f947. The metadata is not deterministic and this needs to be fixed.
NOTE: recipe linux-libc-headers-base-gitAUTOINC+2951eded01-r0: task do_populate_sysroot_setscene: Succeeded
ERROR: When reparsing virtual:nativesdk:/home/deby/poky/meta-debian/recipes-kernel/linux-libc-headers/linux-libc-headers-base_git.bb.do_patch, the basehash value changed from d94c30ef99c51ec424895f37527f06233c86c1ca782b8302e1d9180efc0827de to 6967cad02d22d60574956cb98d8a3c9c572fca4873c109944bb91d8af50a76bf. The metadata is not deterministic and this needs to be fixed.
ERROR: When reparsing virtual:nativesdk:/home/deby/poky/meta-debian/recipes-kernel/linux-libc-headers/linux-libc-headers-base_git.bb.do_populate_sysroot, the basehash value changed from 05215a8fdbb1b27c3800d5d6dd15847af4ecd052d4e1aa0f225cd4586ec0550e to 1bbf4b1966517ff51aa9f7d13f15b2cce6ad134428e7b66c2c2251b798232018. The metadata is not deterministic and this needs to be fixed.
ERROR: When reparsing virtual:nativesdk:/home/deby/poky/meta-debian/recipes-kernel/linux-libc-headers/linux-libc-headers-base_git.bb.do_fetch, the basehash value changed from e062003d8d13431a2576e6c38afd766af0587ccd7ec3895c02f2331841a15c60 to 5b3b4fe4934a69b1b8ddf39ccf01c20d438fc48655381b7698cfa116d02950fd. The metadata is not deterministic and this needs to be fixed.
ERROR: When reparsing virtual:nativesdk:/home/deby/poky/meta-debian/recipes-kernel/linux-libc-headers/linux-libc-headers-base_git.bb.do_configure, the basehash value changed from 6ac9fef4ffbd7f292acf3aa69d2f967d239caa674056ea3e21bc459393524d8b to ea06a543ffbd6a2d34b91a86a2bf7a5200f380934fd146e8437fccc5243efcb0. The metadata is not deterministic and this needs to be fixed.
ERROR: When reparsing virtual:nativesdk:/home/deby/poky/meta-debian/recipes-kernel/linux-libc-headers/linux-libc-headers-base_git.bb.do_compile, the basehash value changed from 8e49906e80daadd5cec4d8780d779d1a83183a365232cbb6ca3279858a139027 to 57f613db97be30dc11175f4707fe8110b29649b0c57a6b739f6195f7ef5b9d4d. The metadata is not deterministic and this needs to be fixed.
ERROR: When reparsing virtual:nativesdk:/home/deby/poky/meta-debian/recipes-kernel/linux-libc-headers/linux-libc-headers-base_git.bb.do_install, the basehash value changed from e83caea21ca4188d4d3128b7e1d44eb9e2e07dafb7d06e7413af33bffa5f91ea to 197cb6992af62e56a8fab88620a003cf50bf2076a0f0e9fb2fdc98cd7ca6d0a0. The metadata is not deterministic and this needs to be fixed.
ERROR: When reparsing virtual:nativesdk:/home/deby/poky/meta-debian/recipes-kernel/linux-libc-headers/linux-libc-headers-base_git.bb.do_package, the basehash value changed from 1ecfe605ac35bc5d4ea96c1763760fef54acf15b3928a8f74165421a65000e6d to a1d56c5232cc01d073e9cb5845f4d313e9fd3e5b65276121dc1a57f6c7ec4a57. The metadata is not deterministic and this needs to be fixed.
ERROR: When reparsing virtual:nativesdk:/home/deby/poky/meta-debian/recipes-kernel/linux-libc-headers/linux-libc-headers-base_git.bb.do_packagedata, the basehash value changed from 899f45256f2fb11e25221f40cad8e190e566616982b509a181790cdf4dc394da to a7f1b8d721ce0b77b8a417720a0b76b1ac67703186f1ef185abf5206d4420e29. The metadata is not deterministic and this needs to be fixed.
ERROR: When reparsing virtual:nativesdk:/home/deby/poky/meta-debian/recipes-kernel/linux-libc-headers/linux-libc-headers-base_git.bb.do_package_write_deb, the basehash value changed from 39617882624937c2b6b4daecf57c78fc2ca1733b2f268e43cc89f47977de8432 to f42e7dbc5b9b7ed16214cf6746c7179d943e7ae977b20bbd3940c5fc121764d2. The metadata is not deterministic and this needs to be fixed.
ERROR: When reparsing virtual:nativesdk:/home/deby/poky/meta-debian/recipes-kernel/linux-libc-headers/linux-libc-headers-base_git.bb.do_patch, the basehash value changed from d94c30ef99c51ec424895f37527f06233c86c1ca782b8302e1d9180efc0827de to 6967cad02d22d60574956cb98d8a3c9c572fca4873c109944bb91d8af50a76bf. The metadata is not deterministic and this needs to be fixed.
ERROR: When reparsing virtual:nativesdk:/home/deby/poky/meta-debian/recipes-kernel/linux-libc-headers/linux-libc-headers-base_git.bb.do_populate_sysroot, the basehash value changed from 05215a8fdbb1b27c3800d5d6dd15847af4ecd052d4e1aa0f225cd4586ec0550e to 1bbf4b1966517ff51aa9f7d13f15b2cce6ad134428e7b66c2c2251b798232018. The metadata is not deterministic and this needs to be fixed.
ERROR: When reparsing virtual:nativesdk:/home/deby/poky/meta-debian/recipes-kernel/linux-libc-headers/linux-libc-headers-base_git.bb.do_fetch, the basehash value changed from e062003d8d13431a2576e6c38afd766af0587ccd7ec3895c02f2331841a15c60 to 5b3b4fe4934a69b1b8ddf39ccf01c20d438fc48655381b7698cfa116d02950fd. The metadata is not deterministic and this needs to be fixed.
ERROR: When reparsing virtual:nativesdk:/home/deby/poky/meta-debian/recipes-kernel/linux-libc-headers/linux-libc-headers-base_git.bb.do_configure, the basehash value changed from 6ac9fef4ffbd7f292acf3aa69d2f967d239caa674056ea3e21bc459393524d8b to ea06a543ffbd6a2d34b91a86a2bf7a5200f380934fd146e8437fccc5243efcb0. The metadata is not deterministic and this needs to be fixed.
ERROR: When reparsing virtual:nativesdk:/home/deby/poky/meta-debian/recipes-kernel/linux-libc-headers/linux-libc-headers-base_git.bb.do_compile, the basehash value changed from 8e49906e80daadd5cec4d8780d779d1a83183a365232cbb6ca3279858a139027 to 57f613db97be30dc11175f4707fe8110b29649b0c57a6b739f6195f7ef5b9d4d. The metadata is not deterministic and this needs to be fixed.
ERROR: When reparsing virtual:nativesdk:/home/deby/poky/meta-debian/recipes-kernel/linux-libc-headers/linux-libc-headers-base_git.bb.do_install, the basehash value changed from e83caea21ca4188d4d3128b7e1d44eb9e2e07dafb7d06e7413af33bffa5f91ea to 197cb6992af62e56a8fab88620a003cf50bf2076a0f0e9fb2fdc98cd7ca6d0a0. The metadata is not deterministic and this needs to be fixed.
ERROR: When reparsing virtual:nativesdk:/home/deby/poky/meta-debian/recipes-kernel/linux-libc-headers/linux-libc-headers-base_git.bb.do_package, the basehash value changed from 1ecfe605ac35bc5d4ea96c1763760fef54acf15b3928a8f74165421a65000e6d to a1d56c5232cc01d073e9cb5845f4d313e9fd3e5b65276121dc1a57f6c7ec4a57. The metadata is not deterministic and this needs to be fixed.
ERROR: When reparsing virtual:nativesdk:/home/deby/poky/meta-debian/recipes-kernel/linux-libc-headers/linux-libc-headers-base_git.bb.do_packagedata, the basehash value changed from 899f45256f2fb11e25221f40cad8e190e566616982b509a181790cdf4dc394da to a7f1b8d721ce0b77b8a417720a0b76b1ac67703186f1ef185abf5206d4420e29. The metadata is not deterministic and this needs to be fixed.
ERROR: When reparsing virtual:nativesdk:/home/deby/poky/meta-debian/recipes-kernel/linux-libc-headers/linux-libc-headers-base_git.bb.do_package_write_deb, the basehash value changed from 39617882624937c2b6b4daecf57c78fc2ca1733b2f268e43cc89f47977de8432 to f42e7dbc5b9b7ed16214cf6746c7179d943e7ae977b20bbd3940c5fc121764d2. The metadata is not deterministic and this needs to be fixed.
NOTE: recipe nativesdk-linux-libc-headers-base-gitAUTOINC+2951eded01-r0: task do_package_write_deb_setscene: Started
NOTE: recipe linux-libc-headers-base-gitAUTOINC+2951eded01-r0: task do_package_write_deb_setscene: Succeeded
NOTE: Running setscene task 180 of 192 (/home/deby/poky/meta-debian/recipes-kernel/linux-libc-headers/linux-libc-headers-base_git.bb:do_packagedata_setscene)
NOTE: recipe nativesdk-libtool-2.4.6-r0: task do_packagedata_setscene: Succeeded
NOTE: recipe nativesdk-linux-libc-headers-base-gitAUTOINC+2951eded01-r0: task do_populate_sysroot_setscene: Started
NOTE: recipe gcc-cross-canadian-arm-8.3.0-r0: task do_package_write_deb_setscene: Succeeded
NOTE: Running setscene task 182 of 192 (/home/deby/poky/meta-debian/recipes-debian/gcc/gcc-cross-canadian_debian.bb:do_packagedata_setscene)
NOTE: recipe nativesdk-linux-libc-headers-base-gitAUTOINC+2951eded01-r0: task do_package_write_deb_setscene: Succeeded
NOTE: Running setscene task 183 of 192 (virtual:nativesdk:/home/deby/poky/meta-debian/recipes-kernel/linux-libc-headers/linux-libc-headers-base_git.bb:do_packagedata_setscene)
ERROR: When reparsing /home/deby/poky/meta-debian/recipes-kernel/linux-libc-headers/linux-libc-headers-base_git.bb.do_patch, the basehash value changed from 794aba43c93b827ab8dad47165be6be0d8f92f251bd262635c22313e23128daa to ad76c34176c05413e9fb00995196d5015fc81c93587134874abe5c331acef982. The metadata is not deterministic and this needs to be fixed.
ERROR: When reparsing /home/deby/poky/meta-debian/recipes-kernel/linux-libc-headers/linux-libc-headers-base_git.bb.do_populate_sysroot, the basehash value changed from 14b19526286ce86ce315b1d21d15264a095d2adc8b56f717f37a6704f496dc96 to b520a91617182bf39bac5bffc2769f087d09752f2331420c66eb95d93f1e3778. The metadata is not deterministic and this needs to be fixed.
ERROR: When reparsing /home/deby/poky/meta-debian/recipes-kernel/linux-libc-headers/linux-libc-headers-base_git.bb.do_fetch, the basehash value changed from 612966a9e422c3ad520ad3dc56062fa88dd219ff867e4aaa1064a9b4f8fe3459 to cf9bd22e1e62bc0dd535e536790ffe0c4d355e13de25d0312c96d13bca265874. The metadata is not deterministic and this needs to be fixed.
ERROR: When reparsing /home/deby/poky/meta-debian/recipes-kernel/linux-libc-headers/linux-libc-headers-base_git.bb.do_configure, the basehash value changed from 731fa69b243b1450269294f0fcb3be8d432d1a204f5d6ea9364497af0fdf12ab to 79bd795c7630e12fed2cf1073c0a1df64f47d1a454b5d398f37582a9e9cde9e4. The metadata is not deterministic and this needs to be fixed.
ERROR: When reparsing /home/deby/poky/meta-debian/recipes-kernel/linux-libc-headers/linux-libc-headers-base_git.bb.do_compile, the basehash value changed from 88ad2aa8327e792615525aac80fcaffb71673c0ce32e842ab8c253ca8c133422 to 988f097efba01acc7ea55213bcc1b331fa259b0a4f3d8aa6426f9ad69ef1f759. The metadata is not deterministic and this needs to be fixed.
ERROR: When reparsing /home/deby/poky/meta-debian/recipes-kernel/linux-libc-headers/linux-libc-headers-base_git.bb.do_install, the basehash value changed from 8d2de69f29699147c04e7a9f5b67fb587b83eaa5bd780596a199c7b283c31288 to c5eacde641ba8826c2f3db5531560719d37c7192494b98c83c0ec312b4d05499. The metadata is not deterministic and this needs to be fixed.
ERROR: When reparsing /home/deby/poky/meta-debian/recipes-kernel/linux-libc-headers/linux-libc-headers-base_git.bb.do_package, the basehash value changed from ee0f8955a6fa4872f093e7f5308ffc792aaade417d8d78aab0d5bd17af2a44b8 to d059dc3185e1441388eca0e873fad8ce2b48cf6bb441bfe777b047a137d0b98e. The metadata is not deterministic and this needs to be fixed.
ERROR: When reparsing /home/deby/poky/meta-debian/recipes-kernel/linux-libc-headers/linux-libc-headers-base_git.bb.do_packagedata, the basehash value changed from d62978895cd4584250e32610f39703889fe07332bde6de489bdecc19223832be to b324a4ff5e5740f258844368a0fd1c975d241a7f027aed29667518bd6ffc5a11. The metadata is not deterministic and this needs to be fixed.
ERROR: When reparsing /home/deby/poky/meta-debian/recipes-kernel/linux-libc-headers/linux-libc-headers-base_git.bb.do_package_write_deb, the basehash value changed from 3812d71c1c2c8d675ade0d8272e1e656294780ba57c589d3b6d72fc321a4e97c to 036e94c7649da219d1d288ba1bd197bd0f6c3ac5f58597e8e819db18d618f947. The metadata is not deterministic and this needs to be fixed.
NOTE: recipe linux-libc-headers-base-gitAUTOINC+2951eded01-r0: task do_packagedata_setscene: Started
ERROR: When reparsing /home/deby/poky/meta-debian/recipes-kernel/linux-libc-headers/linux-libc-headers-base_git.bb.do_patch, the basehash value changed from 794aba43c93b827ab8dad47165be6be0d8f92f251bd262635c22313e23128daa to ad76c34176c05413e9fb00995196d5015fc81c93587134874abe5c331acef982. The metadata is not deterministic and this needs to be fixed.
ERROR: When reparsing /home/deby/poky/meta-debian/recipes-kernel/linux-libc-headers/linux-libc-headers-base_git.bb.do_populate_sysroot, the basehash value changed from 14b19526286ce86ce315b1d21d15264a095d2adc8b56f717f37a6704f496dc96 to b520a91617182bf39bac5bffc2769f087d09752f2331420c66eb95d93f1e3778. The metadata is not deterministic and this needs to be fixed.
ERROR: When reparsing /home/deby/poky/meta-debian/recipes-kernel/linux-libc-headers/linux-libc-headers-base_git.bb.do_fetch, the basehash value changed from 612966a9e422c3ad520ad3dc56062fa88dd219ff867e4aaa1064a9b4f8fe3459 to cf9bd22e1e62bc0dd535e536790ffe0c4d355e13de25d0312c96d13bca265874. The metadata is not deterministic and this needs to be fixed.
ERROR: When reparsing /home/deby/poky/meta-debian/recipes-kernel/linux-libc-headers/linux-libc-headers-base_git.bb.do_configure, the basehash value changed from 731fa69b243b1450269294f0fcb3be8d432d1a204f5d6ea9364497af0fdf12ab to 79bd795c7630e12fed2cf1073c0a1df64f47d1a454b5d398f37582a9e9cde9e4. The metadata is not deterministic and this needs to be fixed.
ERROR: When reparsing /home/deby/poky/meta-debian/recipes-kernel/linux-libc-headers/linux-libc-headers-base_git.bb.do_compile, the basehash value changed from 88ad2aa8327e792615525aac80fcaffb71673c0ce32e842ab8c253ca8c133422 to 988f097efba01acc7ea55213bcc1b331fa259b0a4f3d8aa6426f9ad69ef1f759. The metadata is not deterministic and this needs to be fixed.
ERROR: When reparsing /home/deby/poky/meta-debian/recipes-kernel/linux-libc-headers/linux-libc-headers-base_git.bb.do_install, the basehash value changed from 8d2de69f29699147c04e7a9f5b67fb587b83eaa5bd780596a199c7b283c31288 to c5eacde641ba8826c2f3db5531560719d37c7192494b98c83c0ec312b4d05499. The metadata is not deterministic and this needs to be fixed.
ERROR: When reparsing /home/deby/poky/meta-debian/recipes-kernel/linux-libc-headers/linux-libc-headers-base_git.bb.do_package, the basehash value changed from ee0f8955a6fa4872f093e7f5308ffc792aaade417d8d78aab0d5bd17af2a44b8 to d059dc3185e1441388eca0e873fad8ce2b48cf6bb441bfe777b047a137d0b98e. The metadata is not deterministic and this needs to be fixed.
ERROR: When reparsing /home/deby/poky/meta-debian/recipes-kernel/linux-libc-headers/linux-libc-headers-base_git.bb.do_packagedata, the basehash value changed from d62978895cd4584250e32610f39703889fe07332bde6de489bdecc19223832be to b324a4ff5e5740f258844368a0fd1c975d241a7f027aed29667518bd6ffc5a11. The metadata is not deterministic and this needs to be fixed.
ERROR: When reparsing /home/deby/poky/meta-debian/recipes-kernel/linux-libc-headers/linux-libc-headers-base_git.bb.do_package_write_deb, the basehash value changed from 3812d71c1c2c8d675ade0d8272e1e656294780ba57c589d3b6d72fc321a4e97c to 036e94c7649da219d1d288ba1bd197bd0f6c3ac5f58597e8e819db18d618f947. The metadata is not deterministic and this needs to be fixed.
NOTE: recipe gcc-cross-canadian-arm-8.3.0-r0: task do_packagedata_setscene: Started
NOTE: recipe nativesdk-linux-libc-headers-base-gitAUTOINC+2951eded01-r0: task do_populate_sysroot_setscene: Succeeded
ERROR: When reparsing virtual:nativesdk:/home/deby/poky/meta-debian/recipes-kernel/linux-libc-headers/linux-libc-headers-base_git.bb.do_patch, the basehash value changed from d94c30ef99c51ec424895f37527f06233c86c1ca782b8302e1d9180efc0827de to 6967cad02d22d60574956cb98d8a3c9c572fca4873c109944bb91d8af50a76bf. The metadata is not deterministic and this needs to be fixed.
ERROR: When reparsing virtual:nativesdk:/home/deby/poky/meta-debian/recipes-kernel/linux-libc-headers/linux-libc-headers-base_git.bb.do_populate_sysroot, the basehash value changed from 05215a8fdbb1b27c3800d5d6dd15847af4ecd052d4e1aa0f225cd4586ec0550e to 1bbf4b1966517ff51aa9f7d13f15b2cce6ad134428e7b66c2c2251b798232018. The metadata is not deterministic and this needs to be fixed.
ERROR: When reparsing virtual:nativesdk:/home/deby/poky/meta-debian/recipes-kernel/linux-libc-headers/linux-libc-headers-base_git.bb.do_fetch, the basehash value changed from e062003d8d13431a2576e6c38afd766af0587ccd7ec3895c02f2331841a15c60 to 5b3b4fe4934a69b1b8ddf39ccf01c20d438fc48655381b7698cfa116d02950fd. The metadata is not deterministic and this needs to be fixed.
ERROR: When reparsing virtual:nativesdk:/home/deby/poky/meta-debian/recipes-kernel/linux-libc-headers/linux-libc-headers-base_git.bb.do_configure, the basehash value changed from 6ac9fef4ffbd7f292acf3aa69d2f967d239caa674056ea3e21bc459393524d8b to ea06a543ffbd6a2d34b91a86a2bf7a5200f380934fd146e8437fccc5243efcb0. The metadata is not deterministic and this needs to be fixed.
ERROR: When reparsing virtual:nativesdk:/home/deby/poky/meta-debian/recipes-kernel/linux-libc-headers/linux-libc-headers-base_git.bb.do_compile, the basehash value changed from 8e49906e80daadd5cec4d8780d779d1a83183a365232cbb6ca3279858a139027 to 57f613db97be30dc11175f4707fe8110b29649b0c57a6b739f6195f7ef5b9d4d. The metadata is not deterministic and this needs to be fixed.
ERROR: When reparsing virtual:nativesdk:/home/deby/poky/meta-debian/recipes-kernel/linux-libc-headers/linux-libc-headers-base_git.bb.do_install, the basehash value changed from e83caea21ca4188d4d3128b7e1d44eb9e2e07dafb7d06e7413af33bffa5f91ea to 197cb6992af62e56a8fab88620a003cf50bf2076a0f0e9fb2fdc98cd7ca6d0a0. The metadata is not deterministic and this needs to be fixed.
ERROR: When reparsing virtual:nativesdk:/home/deby/poky/meta-debian/recipes-kernel/linux-libc-headers/linux-libc-headers-base_git.bb.do_package, the basehash value changed from 1ecfe605ac35bc5d4ea96c1763760fef54acf15b3928a8f74165421a65000e6d to a1d56c5232cc01d073e9cb5845f4d313e9fd3e5b65276121dc1a57f6c7ec4a57. The metadata is not deterministic and this needs to be fixed.
ERROR: When reparsing virtual:nativesdk:/home/deby/poky/meta-debian/recipes-kernel/linux-libc-headers/linux-libc-headers-base_git.bb.do_packagedata, the basehash value changed from 899f45256f2fb11e25221f40cad8e190e566616982b509a181790cdf4dc394da to a7f1b8d721ce0b77b8a417720a0b76b1ac67703186f1ef185abf5206d4420e29. The metadata is not deterministic and this needs to be fixed.
ERROR: When reparsing virtual:nativesdk:/home/deby/poky/meta-debian/recipes-kernel/linux-libc-headers/linux-libc-headers-base_git.bb.do_package_write_deb, the basehash value changed from 39617882624937c2b6b4daecf57c78fc2ca1733b2f268e43cc89f47977de8432 to f42e7dbc5b9b7ed16214cf6746c7179d943e7ae977b20bbd3940c5fc121764d2. The metadata is not deterministic and this needs to be fixed.
NOTE: recipe nativesdk-linux-libc-headers-base-gitAUTOINC+2951eded01-r0: task do_packagedata_setscene: Started
NOTE: recipe linux-libc-headers-base-gitAUTOINC+2951eded01-r0: task do_packagedata_setscene: Succeeded
NOTE: recipe nativesdk-linux-libc-headers-base-gitAUTOINC+2951eded01-r0: task do_packagedata_setscene: Succeeded
NOTE: recipe gcc-cross-canadian-arm-8.3.0-r0: task do_packagedata_setscene: Succeeded
NOTE: Running setscene task 187 of 192 (virtual:nativesdk:/home/deby/poky/meta/recipes-devtools/elfutils/elfutils_0.176.bb:do_populate_sysroot_setscene)
NOTE: Running setscene task 188 of 192 (virtual:nativesdk:/home/deby/poky/meta/recipes-devtools/elfutils/elfutils_0.176.bb:do_packagedata_setscene)
NOTE: Running setscene task 189 of 192 (virtual:nativesdk:/home/deby/poky/meta-debian/recipes-debian/libmpc/libmpc_debian.bb:do_populate_sysroot_setscene)
NOTE: Running setscene task 190 of 192 (virtual:nativesdk:/home/deby/poky/meta-debian/recipes-debian/libmpc/libmpc_debian.bb:do_packagedata_setscene)
NOTE: recipe nativesdk-libmpc-1.1.0-r0: task do_packagedata_setscene: Started
NOTE: recipe nativesdk-elfutils-0.176-r0: task do_populate_sysroot_setscene: Started
NOTE: recipe nativesdk-elfutils-0.176-r0: task do_packagedata_setscene: Started
NOTE: recipe nativesdk-libmpc-1.1.0-r0: task do_populate_sysroot_setscene: Started
NOTE: recipe nativesdk-libmpc-1.1.0-r0: task do_packagedata_setscene: Succeeded
NOTE: recipe nativesdk-libmpc-1.1.0-r0: task do_populate_sysroot_setscene: Succeeded
NOTE: recipe nativesdk-elfutils-0.176-r0: task do_packagedata_setscene: Succeeded
NOTE: recipe nativesdk-elfutils-0.176-r0: task do_populate_sysroot_setscene: Succeeded
NOTE: Running setscene task 192 of 192 (/home/deby/poky/meta-debian/recipes-debian/libtool/nativesdk-libtool_debian.bb:do_populate_sysroot_setscene)
NOTE: recipe nativesdk-libtool-2.4.6-r0: task do_populate_sysroot_setscene: Started
NOTE: recipe nativesdk-libtool-2.4.6-r0: task do_populate_sysroot_setscene: Succeeded
NOTE: Executing RunQueue Tasks
NOTE: Running noexec task 889 of 889 (/home/deby/poky/meta-debian/recipes-debian/gcc/gcc-cross-canadian_debian.bb:do_build)
NOTE: Tasks Summary: Attempted 889 tasks of which 888 didn't need to be rerun and all succeeded.

Summary: There was 1 WARNING message shown.
Summary: There were 81 ERROR messages shown, returning a non-zero exit code.
