WARNING: Host distribution "debian-10" has not been validated with this version of the build system; you may possibly experience unexpected failures. It is recommended that you use a tested distribution.
Loading cache...done.
Loaded 1440 entries from dependency cache.
Removing 1 recipes from the x86_64_linux sysroot...done.
NOTE: Resolving any missing task queue dependencies

Build Configuration:
BB_VERSION           = "1.42.0"
BUILD_SYS            = "x86_64-linux"
NATIVELSBSTRING      = "universal"
TARGET_SYS           = "arm-deby-linux-gnueabi"
MACHINE              = "qemuarm"
DISTRO               = "deby"
DISTRO_VERSION       = "10.0"
TUNE_FEATURES        = "arm armv7ve vfp thumb neon callconvention-hard"
TARGET_FPU           = "hard"
meta                 
meta-poky            = "warrior:51223035e66c5b27799b15a0f8ebe75d24d3971b"
meta-debian          = "warrior-trungdt:cc9dbb7e719dbf74fa3c56a03f2bfd38a6eeffd9"

Initialising tasks...done.
Sstate summary: Wanted 9 Found 9 Missed 0 Current 55 (100% match, 100% complete)
NOTE: Executing SetScene Tasks
NOTE: Running setscene task 56 of 64 (/home/deby/poky/meta-debian/recipes-debian/glibc/glibc_debian.bb:do_package_qa_setscene)
NOTE: Running setscene task 57 of 64 (/home/deby/poky/meta-debian/recipes-kernel/linux-libc-headers/linux-libc-headers-base_git.bb:do_package_write_deb_setscene)
NOTE: recipe glibc-2.28-r0: task do_package_qa_setscene: Started
NOTE: recipe glibc-2.28-r0: task do_package_qa_setscene: Succeeded
NOTE: Running setscene task 62 of 64 (/home/deby/poky/meta-debian/recipes-kernel/linux-libc-headers/linux-libc-headers-base_git.bb:do_populate_sysroot_setscene)
ERROR: When reparsing /home/deby/poky/meta-debian/recipes-kernel/linux-libc-headers/linux-libc-headers-base_git.bb.do_patch, the basehash value changed from 794aba43c93b827ab8dad47165be6be0d8f92f251bd262635c22313e23128daa to ad76c34176c05413e9fb00995196d5015fc81c93587134874abe5c331acef982. The metadata is not deterministic and this needs to be fixed.
ERROR: When reparsing /home/deby/poky/meta-debian/recipes-kernel/linux-libc-headers/linux-libc-headers-base_git.bb.do_populate_sysroot, the basehash value changed from 14b19526286ce86ce315b1d21d15264a095d2adc8b56f717f37a6704f496dc96 to b520a91617182bf39bac5bffc2769f087d09752f2331420c66eb95d93f1e3778. The metadata is not deterministic and this needs to be fixed.
ERROR: When reparsing /home/deby/poky/meta-debian/recipes-kernel/linux-libc-headers/linux-libc-headers-base_git.bb.do_fetch, the basehash value changed from 612966a9e422c3ad520ad3dc56062fa88dd219ff867e4aaa1064a9b4f8fe3459 to cf9bd22e1e62bc0dd535e536790ffe0c4d355e13de25d0312c96d13bca265874. The metadata is not deterministic and this needs to be fixed.
ERROR: When reparsing /home/deby/poky/meta-debian/recipes-kernel/linux-libc-headers/linux-libc-headers-base_git.bb.do_configure, the basehash value changed from 731fa69b243b1450269294f0fcb3be8d432d1a204f5d6ea9364497af0fdf12ab to 79bd795c7630e12fed2cf1073c0a1df64f47d1a454b5d398f37582a9e9cde9e4. The metadata is not deterministic and this needs to be fixed.
ERROR: When reparsing /home/deby/poky/meta-debian/recipes-kernel/linux-libc-headers/linux-libc-headers-base_git.bb.do_compile, the basehash value changed from 88ad2aa8327e792615525aac80fcaffb71673c0ce32e842ab8c253ca8c133422 to 988f097efba01acc7ea55213bcc1b331fa259b0a4f3d8aa6426f9ad69ef1f759. The metadata is not deterministic and this needs to be fixed.
ERROR: When reparsing /home/deby/poky/meta-debian/recipes-kernel/linux-libc-headers/linux-libc-headers-base_git.bb.do_install, the basehash value changed from 8d2de69f29699147c04e7a9f5b67fb587b83eaa5bd780596a199c7b283c31288 to c5eacde641ba8826c2f3db5531560719d37c7192494b98c83c0ec312b4d05499. The metadata is not deterministic and this needs to be fixed.
ERROR: When reparsing /home/deby/poky/meta-debian/recipes-kernel/linux-libc-headers/linux-libc-headers-base_git.bb.do_package, the basehash value changed from ee0f8955a6fa4872f093e7f5308ffc792aaade417d8d78aab0d5bd17af2a44b8 to d059dc3185e1441388eca0e873fad8ce2b48cf6bb441bfe777b047a137d0b98e. The metadata is not deterministic and this needs to be fixed.
ERROR: When reparsing /home/deby/poky/meta-debian/recipes-kernel/linux-libc-headers/linux-libc-headers-base_git.bb.do_packagedata, the basehash value changed from d62978895cd4584250e32610f39703889fe07332bde6de489bdecc19223832be to b324a4ff5e5740f258844368a0fd1c975d241a7f027aed29667518bd6ffc5a11. The metadata is not deterministic and this needs to be fixed.
ERROR: When reparsing /home/deby/poky/meta-debian/recipes-kernel/linux-libc-headers/linux-libc-headers-base_git.bb.do_package_write_deb, the basehash value changed from 3812d71c1c2c8d675ade0d8272e1e656294780ba57c589d3b6d72fc321a4e97c to 036e94c7649da219d1d288ba1bd197bd0f6c3ac5f58597e8e819db18d618f947. The metadata is not deterministic and this needs to be fixed.
NOTE: recipe linux-libc-headers-base-gitAUTOINC+2951eded01-r0: task do_package_write_deb_setscene: Started
NOTE: recipe linux-libc-headers-base-gitAUTOINC+2951eded01-r0: task do_package_write_deb_setscene: Succeeded
NOTE: Running setscene task 63 of 64 (/home/deby/poky/meta-debian/recipes-kernel/linux-libc-headers/linux-libc-headers-base_git.bb:do_packagedata_setscene)
ERROR: When reparsing /home/deby/poky/meta-debian/recipes-kernel/linux-libc-headers/linux-libc-headers-base_git.bb.do_patch, the basehash value changed from 794aba43c93b827ab8dad47165be6be0d8f92f251bd262635c22313e23128daa to ad76c34176c05413e9fb00995196d5015fc81c93587134874abe5c331acef982. The metadata is not deterministic and this needs to be fixed.
ERROR: When reparsing /home/deby/poky/meta-debian/recipes-kernel/linux-libc-headers/linux-libc-headers-base_git.bb.do_populate_sysroot, the basehash value changed from 14b19526286ce86ce315b1d21d15264a095d2adc8b56f717f37a6704f496dc96 to b520a91617182bf39bac5bffc2769f087d09752f2331420c66eb95d93f1e3778. The metadata is not deterministic and this needs to be fixed.
ERROR: When reparsing /home/deby/poky/meta-debian/recipes-kernel/linux-libc-headers/linux-libc-headers-base_git.bb.do_fetch, the basehash value changed from 612966a9e422c3ad520ad3dc56062fa88dd219ff867e4aaa1064a9b4f8fe3459 to cf9bd22e1e62bc0dd535e536790ffe0c4d355e13de25d0312c96d13bca265874. The metadata is not deterministic and this needs to be fixed.
ERROR: When reparsing /home/deby/poky/meta-debian/recipes-kernel/linux-libc-headers/linux-libc-headers-base_git.bb.do_configure, the basehash value changed from 731fa69b243b1450269294f0fcb3be8d432d1a204f5d6ea9364497af0fdf12ab to 79bd795c7630e12fed2cf1073c0a1df64f47d1a454b5d398f37582a9e9cde9e4. The metadata is not deterministic and this needs to be fixed.
ERROR: When reparsing /home/deby/poky/meta-debian/recipes-kernel/linux-libc-headers/linux-libc-headers-base_git.bb.do_compile, the basehash value changed from 88ad2aa8327e792615525aac80fcaffb71673c0ce32e842ab8c253ca8c133422 to 988f097efba01acc7ea55213bcc1b331fa259b0a4f3d8aa6426f9ad69ef1f759. The metadata is not deterministic and this needs to be fixed.
ERROR: When reparsing /home/deby/poky/meta-debian/recipes-kernel/linux-libc-headers/linux-libc-headers-base_git.bb.do_install, the basehash value changed from 8d2de69f29699147c04e7a9f5b67fb587b83eaa5bd780596a199c7b283c31288 to c5eacde641ba8826c2f3db5531560719d37c7192494b98c83c0ec312b4d05499. The metadata is not deterministic and this needs to be fixed.
ERROR: When reparsing /home/deby/poky/meta-debian/recipes-kernel/linux-libc-headers/linux-libc-headers-base_git.bb.do_package, the basehash value changed from ee0f8955a6fa4872f093e7f5308ffc792aaade417d8d78aab0d5bd17af2a44b8 to d059dc3185e1441388eca0e873fad8ce2b48cf6bb441bfe777b047a137d0b98e. The metadata is not deterministic and this needs to be fixed.
ERROR: When reparsing /home/deby/poky/meta-debian/recipes-kernel/linux-libc-headers/linux-libc-headers-base_git.bb.do_packagedata, the basehash value changed from d62978895cd4584250e32610f39703889fe07332bde6de489bdecc19223832be to b324a4ff5e5740f258844368a0fd1c975d241a7f027aed29667518bd6ffc5a11. The metadata is not deterministic and this needs to be fixed.
ERROR: When reparsing /home/deby/poky/meta-debian/recipes-kernel/linux-libc-headers/linux-libc-headers-base_git.bb.do_package_write_deb, the basehash value changed from 3812d71c1c2c8d675ade0d8272e1e656294780ba57c589d3b6d72fc321a4e97c to 036e94c7649da219d1d288ba1bd197bd0f6c3ac5f58597e8e819db18d618f947. The metadata is not deterministic and this needs to be fixed.
NOTE: recipe linux-libc-headers-base-gitAUTOINC+2951eded01-r0: task do_packagedata_setscene: Started
NOTE: recipe linux-libc-headers-base-gitAUTOINC+2951eded01-r0: task do_packagedata_setscene: Succeeded
ERROR: When reparsing /home/deby/poky/meta-debian/recipes-kernel/linux-libc-headers/linux-libc-headers-base_git.bb.do_patch, the basehash value changed from 794aba43c93b827ab8dad47165be6be0d8f92f251bd262635c22313e23128daa to ad76c34176c05413e9fb00995196d5015fc81c93587134874abe5c331acef982. The metadata is not deterministic and this needs to be fixed.
ERROR: When reparsing /home/deby/poky/meta-debian/recipes-kernel/linux-libc-headers/linux-libc-headers-base_git.bb.do_populate_sysroot, the basehash value changed from 14b19526286ce86ce315b1d21d15264a095d2adc8b56f717f37a6704f496dc96 to b520a91617182bf39bac5bffc2769f087d09752f2331420c66eb95d93f1e3778. The metadata is not deterministic and this needs to be fixed.
ERROR: When reparsing /home/deby/poky/meta-debian/recipes-kernel/linux-libc-headers/linux-libc-headers-base_git.bb.do_fetch, the basehash value changed from 612966a9e422c3ad520ad3dc56062fa88dd219ff867e4aaa1064a9b4f8fe3459 to cf9bd22e1e62bc0dd535e536790ffe0c4d355e13de25d0312c96d13bca265874. The metadata is not deterministic and this needs to be fixed.
ERROR: When reparsing /home/deby/poky/meta-debian/recipes-kernel/linux-libc-headers/linux-libc-headers-base_git.bb.do_configure, the basehash value changed from 731fa69b243b1450269294f0fcb3be8d432d1a204f5d6ea9364497af0fdf12ab to 79bd795c7630e12fed2cf1073c0a1df64f47d1a454b5d398f37582a9e9cde9e4. The metadata is not deterministic and this needs to be fixed.
ERROR: When reparsing /home/deby/poky/meta-debian/recipes-kernel/linux-libc-headers/linux-libc-headers-base_git.bb.do_compile, the basehash value changed from 88ad2aa8327e792615525aac80fcaffb71673c0ce32e842ab8c253ca8c133422 to 988f097efba01acc7ea55213bcc1b331fa259b0a4f3d8aa6426f9ad69ef1f759. The metadata is not deterministic and this needs to be fixed.
ERROR: When reparsing /home/deby/poky/meta-debian/recipes-kernel/linux-libc-headers/linux-libc-headers-base_git.bb.do_install, the basehash value changed from 8d2de69f29699147c04e7a9f5b67fb587b83eaa5bd780596a199c7b283c31288 to c5eacde641ba8826c2f3db5531560719d37c7192494b98c83c0ec312b4d05499. The metadata is not deterministic and this needs to be fixed.
ERROR: When reparsing /home/deby/poky/meta-debian/recipes-kernel/linux-libc-headers/linux-libc-headers-base_git.bb.do_package, the basehash value changed from ee0f8955a6fa4872f093e7f5308ffc792aaade417d8d78aab0d5bd17af2a44b8 to d059dc3185e1441388eca0e873fad8ce2b48cf6bb441bfe777b047a137d0b98e. The metadata is not deterministic and this needs to be fixed.
ERROR: When reparsing /home/deby/poky/meta-debian/recipes-kernel/linux-libc-headers/linux-libc-headers-base_git.bb.do_packagedata, the basehash value changed from d62978895cd4584250e32610f39703889fe07332bde6de489bdecc19223832be to b324a4ff5e5740f258844368a0fd1c975d241a7f027aed29667518bd6ffc5a11. The metadata is not deterministic and this needs to be fixed.
ERROR: When reparsing /home/deby/poky/meta-debian/recipes-kernel/linux-libc-headers/linux-libc-headers-base_git.bb.do_package_write_deb, the basehash value changed from 3812d71c1c2c8d675ade0d8272e1e656294780ba57c589d3b6d72fc321a4e97c to 036e94c7649da219d1d288ba1bd197bd0f6c3ac5f58597e8e819db18d618f947. The metadata is not deterministic and this needs to be fixed.
NOTE: recipe linux-libc-headers-base-gitAUTOINC+2951eded01-r0: task do_populate_sysroot_setscene: Started
NOTE: recipe linux-libc-headers-base-gitAUTOINC+2951eded01-r0: task do_populate_sysroot_setscene: Succeeded
NOTE: Executing RunQueue Tasks
NOTE: Running noexec task 486 of 486 (/home/deby/poky/meta-debian/recipes-debian/glibc/glibc_debian.bb:do_build)
NOTE: Tasks Summary: Attempted 486 tasks of which 485 didn't need to be rerun and all succeeded.

Summary: There was 1 WARNING message shown.
Summary: There were 27 ERROR messages shown, returning a non-zero exit code.
