Loading cache...done.
Loaded 1803 entries from dependency cache.
Parsing recipes...done.
Parsing of 1030 .bb files complete (1028 cached, 2 parsed). 1806 targets, 69 skipped, 0 masked, 0 errors.
NOTE: Resolving any missing task queue dependencies

Build Configuration:
BB_VERSION           = "1.42.0"
BUILD_SYS            = "x86_64-linux"
NATIVELSBSTRING      = "universal"
TARGET_SYS           = "arm-deby-linux-gnueabi"
MACHINE              = "qemuarm"
DISTRO               = "deby"
DISTRO_VERSION       = "10.0"
TUNE_FEATURES        = "arm armv7ve vfp thumb neon callconvention-hard"
TARGET_FPU           = "hard"
meta                 
meta-poky            = "warrior:023ff85a9ae94331926e923b346fd8a349881e63"
meta-debian          = "warrior:8e157b1a7a3a3ae1224ea194f0fc9e25772d0e07"

Initialising tasks...done.
Sstate summary: Wanted 3 Found 0 Missed 3 Current 88 (0% match, 96% complete)
NOTE: Executing SetScene Tasks
NOTE: Executing RunQueue Tasks
NOTE: Running task 627 of 631 (/home/deby/poky/meta-debian/recipes-debian/libhtp/libhtp_debian.bb:do_populate_lic)
NOTE: Running task 628 of 631 (/home/deby/poky/meta-debian/recipes-debian/libhtp/libhtp_debian.bb:do_package_write_deb)
NOTE: Running task 629 of 631 (/home/deby/poky/meta-debian/recipes-debian/libhtp/libhtp_debian.bb:do_package_qa)
NOTE: recipe libhtp-0.5.30-r0: task do_populate_lic: Started
NOTE: recipe libhtp-0.5.30-r0: task do_populate_lic: Succeeded
NOTE: recipe libhtp-0.5.30-r0: task do_package_qa: Started
NOTE: recipe libhtp-0.5.30-r0: task do_package_write_deb: Started
NOTE: recipe libhtp-0.5.30-r0: task do_package_write_deb: Succeeded
NOTE: recipe libhtp-0.5.30-r0: task do_package_qa: Succeeded
NOTE: Running noexec task 631 of 631 (/home/deby/poky/meta-debian/recipes-debian/libhtp/libhtp_debian.bb:do_build)
NOTE: Tasks Summary: Attempted 631 tasks of which 627 didn't need to be rerun and all succeeded.
