Loading cache...done.
Loaded 1748 entries from dependency cache.
NOTE: Resolving any missing task queue dependencies

Build Configuration:
BB_VERSION           = "1.42.0"
BUILD_SYS            = "x86_64-linux"
NATIVELSBSTRING      = "universal"
TARGET_SYS           = "arm-deby-linux-gnueabi"
MACHINE              = "qemuarm"
DISTRO               = "deby"
DISTRO_VERSION       = "10.0"
TUNE_FEATURES        = "arm armv7ve vfp thumb neon callconvention-hard"
TARGET_FPU           = "hard"
meta                 
meta-poky            = "warrior:79a850a10a4b88a6d20d607b322542f947874323"
meta-debian          = "warrior:065aa7dcd28d697d2d493e1f188deb4f78253725"

Initialising tasks...done.
Sstate summary: Wanted 7 Found 1 Missed 6 Current 444 (14% match, 98% complete)
NOTE: Executing SetScene Tasks
NOTE: Executing RunQueue Tasks
NOTE: Running task 1710 of 2043 (/home/deby/poky/meta-debian/recipes-debian/libprelude/libprelude_debian.bb:do_compile)
NOTE: Running task 2036 of 2043 (/home/deby/poky/meta-debian/recipes-debian/libprelude/libprelude_debian.bb:do_populate_lic)
NOTE: recipe libprelude-4.1.0-r0: task do_compile: Started
NOTE: recipe libprelude-4.1.0-r0: task do_populate_lic: Started
NOTE: recipe libprelude-4.1.0-r0: task do_populate_lic: Succeeded
NOTE: recipe libprelude-4.1.0-r0: task do_compile: Succeeded
NOTE: Running task 2037 of 2043 (/home/deby/poky/meta-debian/recipes-debian/libprelude/libprelude_debian.bb:do_install)
NOTE: recipe libprelude-4.1.0-r0: task do_install: Started
NOTE: recipe libprelude-4.1.0-r0: task do_install: Succeeded
NOTE: Running task 2038 of 2043 (/home/deby/poky/meta-debian/recipes-debian/libprelude/libprelude_debian.bb:do_package)
NOTE: Running task 2039 of 2043 (/home/deby/poky/meta-debian/recipes-debian/libprelude/libprelude_debian.bb:do_populate_sysroot)
NOTE: recipe libprelude-4.1.0-r0: task do_populate_sysroot: Started
NOTE: recipe libprelude-4.1.0-r0: task do_package: Started
NOTE: recipe libprelude-4.1.0-r0: task do_populate_sysroot: Succeeded
NOTE: recipe libprelude-4.1.0-r0: task do_package: Succeeded
NOTE: Running task 2040 of 2043 (/home/deby/poky/meta-debian/recipes-debian/libprelude/libprelude_debian.bb:do_packagedata)
NOTE: recipe libprelude-4.1.0-r0: task do_packagedata: Started
NOTE: recipe libprelude-4.1.0-r0: task do_packagedata: Succeeded
NOTE: Running task 2041 of 2043 (/home/deby/poky/meta-debian/recipes-debian/libprelude/libprelude_debian.bb:do_package_write_deb)
NOTE: Running task 2042 of 2043 (/home/deby/poky/meta-debian/recipes-debian/libprelude/libprelude_debian.bb:do_package_qa)
NOTE: recipe libprelude-4.1.0-r0: task do_package_write_deb: Started
NOTE: recipe libprelude-4.1.0-r0: task do_package_qa: Started
NOTE: recipe libprelude-4.1.0-r0: task do_package_qa: Succeeded
NOTE: recipe libprelude-4.1.0-r0: task do_package_write_deb: Succeeded
NOTE: Running noexec task 2043 of 2043 (/home/deby/poky/meta-debian/recipes-debian/libprelude/libprelude_debian.bb:do_build)
NOTE: Tasks Summary: Attempted 2043 tasks of which 2034 didn't need to be rerun and all succeeded.
