Loading cache...done.
Loaded 1746 entries from dependency cache.
Parsing recipes...done.
Parsing of 992 .bb files complete (990 cached, 2 parsed). 1733 targets, 62 skipped, 0 masked, 0 errors.
NOTE: Resolving any missing task queue dependencies

Build Configuration:
BB_VERSION           = "1.42.0"
BUILD_SYS            = "x86_64-linux"
NATIVELSBSTRING      = "universal"
TARGET_SYS           = "arm-deby-linux-gnueabi"
MACHINE              = "qemuarm"
DISTRO               = "deby"
DISTRO_VERSION       = "10.0"
TUNE_FEATURES        = "arm armv7ve vfp thumb neon callconvention-hard"
TARGET_FPU           = "hard"
meta                 
meta-poky            = "warrior:79a850a10a4b88a6d20d607b322542f947874323"
meta-debian          = "warrior:f7512bd96372e67fe4288cb5cb61cf52d282dd4e"

Initialising tasks...done.
Sstate summary: Wanted 1 Found 0 Missed 1 Current 420 (0% match, 99% complete)
NOTE: Executing SetScene Tasks
NOTE: Executing RunQueue Tasks
NOTE: Running task 1946 of 1947 (/home/deby/poky/meta-debian/recipes-debian/pam/libpam_debian.bb:do_package_qa)
NOTE: recipe libpam-1.3.1-r0: task do_package_qa: Started
NOTE: recipe libpam-1.3.1-r0: task do_package_qa: Succeeded
NOTE: Running noexec task 1947 of 1947 (/home/deby/poky/meta-debian/recipes-debian/pam/libpam_debian.bb:do_build)
NOTE: Tasks Summary: Attempted 1947 tasks of which 1945 didn't need to be rerun and all succeeded.
