WARNING: Host distribution "debian-10" has not been validated with this version of the build system; you may possibly experience unexpected failures. It is recommended that you use a tested distribution.
Loading cache...done.
Loaded 1440 entries from dependency cache.
Removing 1 recipes from the armv7vet2hf-neon sysroot...done.
Removing 2 recipes from the qemuarm sysroot...done.
NOTE: Resolving any missing task queue dependencies

Build Configuration:
BB_VERSION           = "1.42.0"
BUILD_SYS            = "x86_64-linux"
NATIVELSBSTRING      = "universal"
TARGET_SYS           = "arm-deby-linux-gnueabi"
MACHINE              = "qemuarm"
DISTRO               = "deby"
DISTRO_VERSION       = "10.0"
TUNE_FEATURES        = "arm armv7ve vfp thumb neon callconvention-hard"
TARGET_FPU           = "hard"
meta                 
meta-poky            = "warrior:51223035e66c5b27799b15a0f8ebe75d24d3971b"
meta-debian          = "warrior-trungdt:cc9dbb7e719dbf74fa3c56a03f2bfd38a6eeffd9"

Initialising tasks...done.
Sstate summary: Wanted 6 Found 6 Missed 0 Current 46 (100% match, 100% complete)
NOTE: Executing SetScene Tasks
NOTE: Running setscene task 47 of 52 (/home/deby/poky/meta-debian/recipes-kernel/linux-libc-headers/linux-libc-headers-base_git.bb:do_populate_sysroot_setscene)
NOTE: Running setscene task 48 of 52 (/home/deby/poky/meta-debian/recipes-kernel/linux-libc-headers/linux-libc-headers-base_git.bb:do_package_qa_setscene)
NOTE: Running setscene task 49 of 52 (/home/deby/poky/meta-debian/recipes-kernel/linux-libc-headers/linux-libc-headers-base_git.bb:do_package_write_deb_setscene)
NOTE: Running setscene task 50 of 52 (/home/deby/poky/meta-debian/recipes-kernel/linux-libc-headers/linux-libc-headers-base_git.bb:do_populate_lic_setscene)
ERROR: When reparsing /home/deby/poky/meta-debian/recipes-kernel/linux-libc-headers/linux-libc-headers-base_git.bb.do_patch, the basehash value changed from 794aba43c93b827ab8dad47165be6be0d8f92f251bd262635c22313e23128daa to ad76c34176c05413e9fb00995196d5015fc81c93587134874abe5c331acef982. The metadata is not deterministic and this needs to be fixed.
ERROR: When reparsing /home/deby/poky/meta-debian/recipes-kernel/linux-libc-headers/linux-libc-headers-base_git.bb.do_populate_sysroot, the basehash value changed from 14b19526286ce86ce315b1d21d15264a095d2adc8b56f717f37a6704f496dc96 to b520a91617182bf39bac5bffc2769f087d09752f2331420c66eb95d93f1e3778. The metadata is not deterministic and this needs to be fixed.
ERROR: When reparsing /home/deby/poky/meta-debian/recipes-kernel/linux-libc-headers/linux-libc-headers-base_git.bb.do_fetch, the basehash value changed from 612966a9e422c3ad520ad3dc56062fa88dd219ff867e4aaa1064a9b4f8fe3459 to cf9bd22e1e62bc0dd535e536790ffe0c4d355e13de25d0312c96d13bca265874. The metadata is not deterministic and this needs to be fixed.
ERROR: When reparsing /home/deby/poky/meta-debian/recipes-kernel/linux-libc-headers/linux-libc-headers-base_git.bb.do_configure, the basehash value changed from 731fa69b243b1450269294f0fcb3be8d432d1a204f5d6ea9364497af0fdf12ab to 79bd795c7630e12fed2cf1073c0a1df64f47d1a454b5d398f37582a9e9cde9e4. The metadata is not deterministic and this needs to be fixed.
ERROR: When reparsing /home/deby/poky/meta-debian/recipes-kernel/linux-libc-headers/linux-libc-headers-base_git.bb.do_compile, the basehash value changed from 88ad2aa8327e792615525aac80fcaffb71673c0ce32e842ab8c253ca8c133422 to 988f097efba01acc7ea55213bcc1b331fa259b0a4f3d8aa6426f9ad69ef1f759. The metadata is not deterministic and this needs to be fixed.
ERROR: When reparsing /home/deby/poky/meta-debian/recipes-kernel/linux-libc-headers/linux-libc-headers-base_git.bb.do_install, the basehash value changed from 8d2de69f29699147c04e7a9f5b67fb587b83eaa5bd780596a199c7b283c31288 to c5eacde641ba8826c2f3db5531560719d37c7192494b98c83c0ec312b4d05499. The metadata is not deterministic and this needs to be fixed.
ERROR: When reparsing /home/deby/poky/meta-debian/recipes-kernel/linux-libc-headers/linux-libc-headers-base_git.bb.do_build, the basehash value changed from 7369e2c623d891a2ccf547f04fe5e1bff195ed81252ddb56c40b08f2411567ca to 46f8ae325fd2d1970831d9333f6058bef9ae920ed12f5b04ecc76373c522f821. The metadata is not deterministic and this needs to be fixed.
ERROR: When reparsing /home/deby/poky/meta-debian/recipes-kernel/linux-libc-headers/linux-libc-headers-base_git.bb.do_package_qa, the basehash value changed from 8d2444e3da64085078138474f2d7533f62b91b8c42d67883fb05a2cfcb8ef7af to 724471a2cc78b8154e7c2c11340b518c5d1582502b17cad6551ed4f33cc7dd34. The metadata is not deterministic and this needs to be fixed.
ERROR: When reparsing /home/deby/poky/meta-debian/recipes-kernel/linux-libc-headers/linux-libc-headers-base_git.bb.do_package, the basehash value changed from ee0f8955a6fa4872f093e7f5308ffc792aaade417d8d78aab0d5bd17af2a44b8 to d059dc3185e1441388eca0e873fad8ce2b48cf6bb441bfe777b047a137d0b98e. The metadata is not deterministic and this needs to be fixed.
ERROR: When reparsing /home/deby/poky/meta-debian/recipes-kernel/linux-libc-headers/linux-libc-headers-base_git.bb.do_packagedata, the basehash value changed from d62978895cd4584250e32610f39703889fe07332bde6de489bdecc19223832be to b324a4ff5e5740f258844368a0fd1c975d241a7f027aed29667518bd6ffc5a11. The metadata is not deterministic and this needs to be fixed.
ERROR: When reparsing /home/deby/poky/meta-debian/recipes-kernel/linux-libc-headers/linux-libc-headers-base_git.bb.do_package_write_deb, the basehash value changed from 3812d71c1c2c8d675ade0d8272e1e656294780ba57c589d3b6d72fc321a4e97c to 036e94c7649da219d1d288ba1bd197bd0f6c3ac5f58597e8e819db18d618f947. The metadata is not deterministic and this needs to be fixed.
ERROR: When reparsing /home/deby/poky/meta-debian/recipes-kernel/linux-libc-headers/linux-libc-headers-base_git.bb.do_populate_lic, the basehash value changed from 2c435bee7f0a86ba1438e6efedd363a9365a3f4d70d106989cbd9743e91665d5 to 0537cd3624b2d5cef2e75dd6df619cd31002d85d927c6ee1ca147b354570eff1. The metadata is not deterministic and this needs to be fixed.
ERROR: When reparsing /home/deby/poky/meta-debian/recipes-kernel/linux-libc-headers/linux-libc-headers-base_git.bb.do_patch, the basehash value changed from 794aba43c93b827ab8dad47165be6be0d8f92f251bd262635c22313e23128daa to ad76c34176c05413e9fb00995196d5015fc81c93587134874abe5c331acef982. The metadata is not deterministic and this needs to be fixed.
ERROR: When reparsing /home/deby/poky/meta-debian/recipes-kernel/linux-libc-headers/linux-libc-headers-base_git.bb.do_populate_sysroot, the basehash value changed from 14b19526286ce86ce315b1d21d15264a095d2adc8b56f717f37a6704f496dc96 to b520a91617182bf39bac5bffc2769f087d09752f2331420c66eb95d93f1e3778. The metadata is not deterministic and this needs to be fixed.
ERROR: When reparsing /home/deby/poky/meta-debian/recipes-kernel/linux-libc-headers/linux-libc-headers-base_git.bb.do_fetch, the basehash value changed from 612966a9e422c3ad520ad3dc56062fa88dd219ff867e4aaa1064a9b4f8fe3459 to cf9bd22e1e62bc0dd535e536790ffe0c4d355e13de25d0312c96d13bca265874. The metadata is not deterministic and this needs to be fixed.
ERROR: When reparsing /home/deby/poky/meta-debian/recipes-kernel/linux-libc-headers/linux-libc-headers-base_git.bb.do_configure, the basehash value changed from 731fa69b243b1450269294f0fcb3be8d432d1a204f5d6ea9364497af0fdf12ab to 79bd795c7630e12fed2cf1073c0a1df64f47d1a454b5d398f37582a9e9cde9e4. The metadata is not deterministic and this needs to be fixed.
ERROR: When reparsing /home/deby/poky/meta-debian/recipes-kernel/linux-libc-headers/linux-libc-headers-base_git.bb.do_compile, the basehash value changed from 88ad2aa8327e792615525aac80fcaffb71673c0ce32e842ab8c253ca8c133422 to 988f097efba01acc7ea55213bcc1b331fa259b0a4f3d8aa6426f9ad69ef1f759. The metadata is not deterministic and this needs to be fixed.
ERROR: When reparsing /home/deby/poky/meta-debian/recipes-kernel/linux-libc-headers/linux-libc-headers-base_git.bb.do_install, the basehash value changed from 8d2de69f29699147c04e7a9f5b67fb587b83eaa5bd780596a199c7b283c31288 to c5eacde641ba8826c2f3db5531560719d37c7192494b98c83c0ec312b4d05499. The metadata is not deterministic and this needs to be fixed.
ERROR: When reparsing /home/deby/poky/meta-debian/recipes-kernel/linux-libc-headers/linux-libc-headers-base_git.bb.do_build, the basehash value changed from 7369e2c623d891a2ccf547f04fe5e1bff195ed81252ddb56c40b08f2411567ca to 46f8ae325fd2d1970831d9333f6058bef9ae920ed12f5b04ecc76373c522f821. The metadata is not deterministic and this needs to be fixed.
ERROR: When reparsing /home/deby/poky/meta-debian/recipes-kernel/linux-libc-headers/linux-libc-headers-base_git.bb.do_package_qa, the basehash value changed from 8d2444e3da64085078138474f2d7533f62b91b8c42d67883fb05a2cfcb8ef7af to 724471a2cc78b8154e7c2c11340b518c5d1582502b17cad6551ed4f33cc7dd34. The metadata is not deterministic and this needs to be fixed.
ERROR: When reparsing /home/deby/poky/meta-debian/recipes-kernel/linux-libc-headers/linux-libc-headers-base_git.bb.do_package, the basehash value changed from ee0f8955a6fa4872f093e7f5308ffc792aaade417d8d78aab0d5bd17af2a44b8 to d059dc3185e1441388eca0e873fad8ce2b48cf6bb441bfe777b047a137d0b98e. The metadata is not deterministic and this needs to be fixed.
ERROR: When reparsing /home/deby/poky/meta-debian/recipes-kernel/linux-libc-headers/linux-libc-headers-base_git.bb.do_packagedata, the basehash value changed from d62978895cd4584250e32610f39703889fe07332bde6de489bdecc19223832be to b324a4ff5e5740f258844368a0fd1c975d241a7f027aed29667518bd6ffc5a11. The metadata is not deterministic and this needs to be fixed.
ERROR: When reparsing /home/deby/poky/meta-debian/recipes-kernel/linux-libc-headers/linux-libc-headers-base_git.bb.do_package_write_deb, the basehash value changed from 3812d71c1c2c8d675ade0d8272e1e656294780ba57c589d3b6d72fc321a4e97c to 036e94c7649da219d1d288ba1bd197bd0f6c3ac5f58597e8e819db18d618f947. The metadata is not deterministic and this needs to be fixed.
ERROR: When reparsing /home/deby/poky/meta-debian/recipes-kernel/linux-libc-headers/linux-libc-headers-base_git.bb.do_populate_lic, the basehash value changed from 2c435bee7f0a86ba1438e6efedd363a9365a3f4d70d106989cbd9743e91665d5 to 0537cd3624b2d5cef2e75dd6df619cd31002d85d927c6ee1ca147b354570eff1. The metadata is not deterministic and this needs to be fixed.
NOTE: recipe linux-libc-headers-base-gitAUTOINC+2951eded01-r0: task do_populate_lic_setscene: Started
NOTE: recipe linux-libc-headers-base-gitAUTOINC+2951eded01-r0: task do_package_qa_setscene: Started
ERROR: linux-libc-headers-base-gitAUTOINC+2951eded01-r0 do_populate_lic_setscene: No suitable staging package found
ERROR: linux-libc-headers-base-gitAUTOINC+2951eded01-r0 do_populate_lic_setscene: 
WARNING: Logfile for failed setscene task is /home/deby/build/tmp/work/armv7vet2hf-neon-deby-linux-gnueabi/linux-libc-headers-base/gitAUTOINC+2951eded01-r0/temp/log.do_populate_lic_setscene.6185
WARNING: Setscene task (/home/deby/poky/meta-debian/recipes-kernel/linux-libc-headers/linux-libc-headers-base_git.bb:do_populate_lic_setscene) failed with exit code '1' - real task will be run instead
ERROR: linux-libc-headers-base-gitAUTOINC+2951eded01-r0 do_package_qa_setscene: No suitable staging package found
ERROR: linux-libc-headers-base-gitAUTOINC+2951eded01-r0 do_package_qa_setscene: 
WARNING: Logfile for failed setscene task is /home/deby/build/tmp/work/armv7vet2hf-neon-deby-linux-gnueabi/linux-libc-headers-base/gitAUTOINC+2951eded01-r0/temp/log.do_package_qa_setscene.6183
WARNING: Setscene task (/home/deby/poky/meta-debian/recipes-kernel/linux-libc-headers/linux-libc-headers-base_git.bb:do_package_qa_setscene) failed with exit code '1' - real task will be run instead
ERROR: When reparsing /home/deby/poky/meta-debian/recipes-kernel/linux-libc-headers/linux-libc-headers-base_git.bb.do_patch, the basehash value changed from 794aba43c93b827ab8dad47165be6be0d8f92f251bd262635c22313e23128daa to ad76c34176c05413e9fb00995196d5015fc81c93587134874abe5c331acef982. The metadata is not deterministic and this needs to be fixed.
ERROR: When reparsing /home/deby/poky/meta-debian/recipes-kernel/linux-libc-headers/linux-libc-headers-base_git.bb.do_populate_sysroot, the basehash value changed from 14b19526286ce86ce315b1d21d15264a095d2adc8b56f717f37a6704f496dc96 to b520a91617182bf39bac5bffc2769f087d09752f2331420c66eb95d93f1e3778. The metadata is not deterministic and this needs to be fixed.
ERROR: When reparsing /home/deby/poky/meta-debian/recipes-kernel/linux-libc-headers/linux-libc-headers-base_git.bb.do_fetch, the basehash value changed from 612966a9e422c3ad520ad3dc56062fa88dd219ff867e4aaa1064a9b4f8fe3459 to cf9bd22e1e62bc0dd535e536790ffe0c4d355e13de25d0312c96d13bca265874. The metadata is not deterministic and this needs to be fixed.
ERROR: When reparsing /home/deby/poky/meta-debian/recipes-kernel/linux-libc-headers/linux-libc-headers-base_git.bb.do_configure, the basehash value changed from 731fa69b243b1450269294f0fcb3be8d432d1a204f5d6ea9364497af0fdf12ab to 79bd795c7630e12fed2cf1073c0a1df64f47d1a454b5d398f37582a9e9cde9e4. The metadata is not deterministic and this needs to be fixed.
ERROR: When reparsing /home/deby/poky/meta-debian/recipes-kernel/linux-libc-headers/linux-libc-headers-base_git.bb.do_compile, the basehash value changed from 88ad2aa8327e792615525aac80fcaffb71673c0ce32e842ab8c253ca8c133422 to 988f097efba01acc7ea55213bcc1b331fa259b0a4f3d8aa6426f9ad69ef1f759. The metadata is not deterministic and this needs to be fixed.
ERROR: When reparsing /home/deby/poky/meta-debian/recipes-kernel/linux-libc-headers/linux-libc-headers-base_git.bb.do_install, the basehash value changed from 8d2de69f29699147c04e7a9f5b67fb587b83eaa5bd780596a199c7b283c31288 to c5eacde641ba8826c2f3db5531560719d37c7192494b98c83c0ec312b4d05499. The metadata is not deterministic and this needs to be fixed.
ERROR: When reparsing /home/deby/poky/meta-debian/recipes-kernel/linux-libc-headers/linux-libc-headers-base_git.bb.do_build, the basehash value changed from 7369e2c623d891a2ccf547f04fe5e1bff195ed81252ddb56c40b08f2411567ca to 46f8ae325fd2d1970831d9333f6058bef9ae920ed12f5b04ecc76373c522f821. The metadata is not deterministic and this needs to be fixed.
ERROR: When reparsing /home/deby/poky/meta-debian/recipes-kernel/linux-libc-headers/linux-libc-headers-base_git.bb.do_package_qa, the basehash value changed from 8d2444e3da64085078138474f2d7533f62b91b8c42d67883fb05a2cfcb8ef7af to 724471a2cc78b8154e7c2c11340b518c5d1582502b17cad6551ed4f33cc7dd34. The metadata is not deterministic and this needs to be fixed.
ERROR: When reparsing /home/deby/poky/meta-debian/recipes-kernel/linux-libc-headers/linux-libc-headers-base_git.bb.do_package, the basehash value changed from ee0f8955a6fa4872f093e7f5308ffc792aaade417d8d78aab0d5bd17af2a44b8 to d059dc3185e1441388eca0e873fad8ce2b48cf6bb441bfe777b047a137d0b98e. The metadata is not deterministic and this needs to be fixed.
ERROR: When reparsing /home/deby/poky/meta-debian/recipes-kernel/linux-libc-headers/linux-libc-headers-base_git.bb.do_packagedata, the basehash value changed from d62978895cd4584250e32610f39703889fe07332bde6de489bdecc19223832be to b324a4ff5e5740f258844368a0fd1c975d241a7f027aed29667518bd6ffc5a11. The metadata is not deterministic and this needs to be fixed.
ERROR: When reparsing /home/deby/poky/meta-debian/recipes-kernel/linux-libc-headers/linux-libc-headers-base_git.bb.do_package_write_deb, the basehash value changed from 3812d71c1c2c8d675ade0d8272e1e656294780ba57c589d3b6d72fc321a4e97c to 036e94c7649da219d1d288ba1bd197bd0f6c3ac5f58597e8e819db18d618f947. The metadata is not deterministic and this needs to be fixed.
ERROR: When reparsing /home/deby/poky/meta-debian/recipes-kernel/linux-libc-headers/linux-libc-headers-base_git.bb.do_populate_lic, the basehash value changed from 2c435bee7f0a86ba1438e6efedd363a9365a3f4d70d106989cbd9743e91665d5 to 0537cd3624b2d5cef2e75dd6df619cd31002d85d927c6ee1ca147b354570eff1. The metadata is not deterministic and this needs to be fixed.
NOTE: recipe linux-libc-headers-base-gitAUTOINC+2951eded01-r0: task do_populate_sysroot_setscene: Started
ERROR: linux-libc-headers-base-gitAUTOINC+2951eded01-r0 do_populate_sysroot_setscene: No suitable staging package found
ERROR: linux-libc-headers-base-gitAUTOINC+2951eded01-r0 do_populate_sysroot_setscene: 
WARNING: Logfile for failed setscene task is /home/deby/build/tmp/work/armv7vet2hf-neon-deby-linux-gnueabi/linux-libc-headers-base/gitAUTOINC+2951eded01-r0/temp/log.do_populate_sysroot_setscene.6182
WARNING: Setscene task (/home/deby/poky/meta-debian/recipes-kernel/linux-libc-headers/linux-libc-headers-base_git.bb:do_populate_sysroot_setscene) failed with exit code '1' - real task will be run instead
ERROR: When reparsing /home/deby/poky/meta-debian/recipes-kernel/linux-libc-headers/linux-libc-headers-base_git.bb.do_patch, the basehash value changed from 794aba43c93b827ab8dad47165be6be0d8f92f251bd262635c22313e23128daa to ad76c34176c05413e9fb00995196d5015fc81c93587134874abe5c331acef982. The metadata is not deterministic and this needs to be fixed.
ERROR: When reparsing /home/deby/poky/meta-debian/recipes-kernel/linux-libc-headers/linux-libc-headers-base_git.bb.do_populate_sysroot, the basehash value changed from 14b19526286ce86ce315b1d21d15264a095d2adc8b56f717f37a6704f496dc96 to b520a91617182bf39bac5bffc2769f087d09752f2331420c66eb95d93f1e3778. The metadata is not deterministic and this needs to be fixed.
ERROR: When reparsing /home/deby/poky/meta-debian/recipes-kernel/linux-libc-headers/linux-libc-headers-base_git.bb.do_fetch, the basehash value changed from 612966a9e422c3ad520ad3dc56062fa88dd219ff867e4aaa1064a9b4f8fe3459 to cf9bd22e1e62bc0dd535e536790ffe0c4d355e13de25d0312c96d13bca265874. The metadata is not deterministic and this needs to be fixed.
ERROR: When reparsing /home/deby/poky/meta-debian/recipes-kernel/linux-libc-headers/linux-libc-headers-base_git.bb.do_configure, the basehash value changed from 731fa69b243b1450269294f0fcb3be8d432d1a204f5d6ea9364497af0fdf12ab to 79bd795c7630e12fed2cf1073c0a1df64f47d1a454b5d398f37582a9e9cde9e4. The metadata is not deterministic and this needs to be fixed.
ERROR: When reparsing /home/deby/poky/meta-debian/recipes-kernel/linux-libc-headers/linux-libc-headers-base_git.bb.do_compile, the basehash value changed from 88ad2aa8327e792615525aac80fcaffb71673c0ce32e842ab8c253ca8c133422 to 988f097efba01acc7ea55213bcc1b331fa259b0a4f3d8aa6426f9ad69ef1f759. The metadata is not deterministic and this needs to be fixed.
ERROR: When reparsing /home/deby/poky/meta-debian/recipes-kernel/linux-libc-headers/linux-libc-headers-base_git.bb.do_install, the basehash value changed from 8d2de69f29699147c04e7a9f5b67fb587b83eaa5bd780596a199c7b283c31288 to c5eacde641ba8826c2f3db5531560719d37c7192494b98c83c0ec312b4d05499. The metadata is not deterministic and this needs to be fixed.
ERROR: When reparsing /home/deby/poky/meta-debian/recipes-kernel/linux-libc-headers/linux-libc-headers-base_git.bb.do_build, the basehash value changed from 7369e2c623d891a2ccf547f04fe5e1bff195ed81252ddb56c40b08f2411567ca to 46f8ae325fd2d1970831d9333f6058bef9ae920ed12f5b04ecc76373c522f821. The metadata is not deterministic and this needs to be fixed.
ERROR: When reparsing /home/deby/poky/meta-debian/recipes-kernel/linux-libc-headers/linux-libc-headers-base_git.bb.do_package_qa, the basehash value changed from 8d2444e3da64085078138474f2d7533f62b91b8c42d67883fb05a2cfcb8ef7af to 724471a2cc78b8154e7c2c11340b518c5d1582502b17cad6551ed4f33cc7dd34. The metadata is not deterministic and this needs to be fixed.
ERROR: When reparsing /home/deby/poky/meta-debian/recipes-kernel/linux-libc-headers/linux-libc-headers-base_git.bb.do_package, the basehash value changed from ee0f8955a6fa4872f093e7f5308ffc792aaade417d8d78aab0d5bd17af2a44b8 to d059dc3185e1441388eca0e873fad8ce2b48cf6bb441bfe777b047a137d0b98e. The metadata is not deterministic and this needs to be fixed.
ERROR: When reparsing /home/deby/poky/meta-debian/recipes-kernel/linux-libc-headers/linux-libc-headers-base_git.bb.do_packagedata, the basehash value changed from d62978895cd4584250e32610f39703889fe07332bde6de489bdecc19223832be to b324a4ff5e5740f258844368a0fd1c975d241a7f027aed29667518bd6ffc5a11. The metadata is not deterministic and this needs to be fixed.
ERROR: When reparsing /home/deby/poky/meta-debian/recipes-kernel/linux-libc-headers/linux-libc-headers-base_git.bb.do_package_write_deb, the basehash value changed from 3812d71c1c2c8d675ade0d8272e1e656294780ba57c589d3b6d72fc321a4e97c to 036e94c7649da219d1d288ba1bd197bd0f6c3ac5f58597e8e819db18d618f947. The metadata is not deterministic and this needs to be fixed.
ERROR: When reparsing /home/deby/poky/meta-debian/recipes-kernel/linux-libc-headers/linux-libc-headers-base_git.bb.do_populate_lic, the basehash value changed from 2c435bee7f0a86ba1438e6efedd363a9365a3f4d70d106989cbd9743e91665d5 to 0537cd3624b2d5cef2e75dd6df619cd31002d85d927c6ee1ca147b354570eff1. The metadata is not deterministic and this needs to be fixed.
NOTE: recipe linux-libc-headers-base-gitAUTOINC+2951eded01-r0: task do_package_write_deb_setscene: Started
ERROR: linux-libc-headers-base-gitAUTOINC+2951eded01-r0 do_package_write_deb_setscene: No suitable staging package found
ERROR: linux-libc-headers-base-gitAUTOINC+2951eded01-r0 do_package_write_deb_setscene: 
WARNING: Logfile for failed setscene task is /home/deby/build/tmp/work/armv7vet2hf-neon-deby-linux-gnueabi/linux-libc-headers-base/gitAUTOINC+2951eded01-r0/temp/log.do_package_write_deb_setscene.6184
WARNING: Setscene task (/home/deby/poky/meta-debian/recipes-kernel/linux-libc-headers/linux-libc-headers-base_git.bb:do_package_write_deb_setscene) failed with exit code '1' - real task will be run instead
NOTE: Running setscene task 51 of 52 (/home/deby/poky/meta-debian/recipes-kernel/linux-libc-headers/linux-libc-headers-base_git.bb:do_packagedata_setscene)
ERROR: When reparsing /home/deby/poky/meta-debian/recipes-kernel/linux-libc-headers/linux-libc-headers-base_git.bb.do_patch, the basehash value changed from 794aba43c93b827ab8dad47165be6be0d8f92f251bd262635c22313e23128daa to ad76c34176c05413e9fb00995196d5015fc81c93587134874abe5c331acef982. The metadata is not deterministic and this needs to be fixed.
ERROR: When reparsing /home/deby/poky/meta-debian/recipes-kernel/linux-libc-headers/linux-libc-headers-base_git.bb.do_populate_sysroot, the basehash value changed from 14b19526286ce86ce315b1d21d15264a095d2adc8b56f717f37a6704f496dc96 to b520a91617182bf39bac5bffc2769f087d09752f2331420c66eb95d93f1e3778. The metadata is not deterministic and this needs to be fixed.
ERROR: When reparsing /home/deby/poky/meta-debian/recipes-kernel/linux-libc-headers/linux-libc-headers-base_git.bb.do_fetch, the basehash value changed from 612966a9e422c3ad520ad3dc56062fa88dd219ff867e4aaa1064a9b4f8fe3459 to cf9bd22e1e62bc0dd535e536790ffe0c4d355e13de25d0312c96d13bca265874. The metadata is not deterministic and this needs to be fixed.
ERROR: When reparsing /home/deby/poky/meta-debian/recipes-kernel/linux-libc-headers/linux-libc-headers-base_git.bb.do_configure, the basehash value changed from 731fa69b243b1450269294f0fcb3be8d432d1a204f5d6ea9364497af0fdf12ab to 79bd795c7630e12fed2cf1073c0a1df64f47d1a454b5d398f37582a9e9cde9e4. The metadata is not deterministic and this needs to be fixed.
ERROR: When reparsing /home/deby/poky/meta-debian/recipes-kernel/linux-libc-headers/linux-libc-headers-base_git.bb.do_compile, the basehash value changed from 88ad2aa8327e792615525aac80fcaffb71673c0ce32e842ab8c253ca8c133422 to 988f097efba01acc7ea55213bcc1b331fa259b0a4f3d8aa6426f9ad69ef1f759. The metadata is not deterministic and this needs to be fixed.
ERROR: When reparsing /home/deby/poky/meta-debian/recipes-kernel/linux-libc-headers/linux-libc-headers-base_git.bb.do_install, the basehash value changed from 8d2de69f29699147c04e7a9f5b67fb587b83eaa5bd780596a199c7b283c31288 to c5eacde641ba8826c2f3db5531560719d37c7192494b98c83c0ec312b4d05499. The metadata is not deterministic and this needs to be fixed.
ERROR: When reparsing /home/deby/poky/meta-debian/recipes-kernel/linux-libc-headers/linux-libc-headers-base_git.bb.do_build, the basehash value changed from 7369e2c623d891a2ccf547f04fe5e1bff195ed81252ddb56c40b08f2411567ca to 46f8ae325fd2d1970831d9333f6058bef9ae920ed12f5b04ecc76373c522f821. The metadata is not deterministic and this needs to be fixed.
ERROR: When reparsing /home/deby/poky/meta-debian/recipes-kernel/linux-libc-headers/linux-libc-headers-base_git.bb.do_package_qa, the basehash value changed from 8d2444e3da64085078138474f2d7533f62b91b8c42d67883fb05a2cfcb8ef7af to 724471a2cc78b8154e7c2c11340b518c5d1582502b17cad6551ed4f33cc7dd34. The metadata is not deterministic and this needs to be fixed.
ERROR: When reparsing /home/deby/poky/meta-debian/recipes-kernel/linux-libc-headers/linux-libc-headers-base_git.bb.do_package, the basehash value changed from ee0f8955a6fa4872f093e7f5308ffc792aaade417d8d78aab0d5bd17af2a44b8 to d059dc3185e1441388eca0e873fad8ce2b48cf6bb441bfe777b047a137d0b98e. The metadata is not deterministic and this needs to be fixed.
ERROR: When reparsing /home/deby/poky/meta-debian/recipes-kernel/linux-libc-headers/linux-libc-headers-base_git.bb.do_packagedata, the basehash value changed from d62978895cd4584250e32610f39703889fe07332bde6de489bdecc19223832be to b324a4ff5e5740f258844368a0fd1c975d241a7f027aed29667518bd6ffc5a11. The metadata is not deterministic and this needs to be fixed.
ERROR: When reparsing /home/deby/poky/meta-debian/recipes-kernel/linux-libc-headers/linux-libc-headers-base_git.bb.do_package_write_deb, the basehash value changed from 3812d71c1c2c8d675ade0d8272e1e656294780ba57c589d3b6d72fc321a4e97c to 036e94c7649da219d1d288ba1bd197bd0f6c3ac5f58597e8e819db18d618f947. The metadata is not deterministic and this needs to be fixed.
ERROR: When reparsing /home/deby/poky/meta-debian/recipes-kernel/linux-libc-headers/linux-libc-headers-base_git.bb.do_populate_lic, the basehash value changed from 2c435bee7f0a86ba1438e6efedd363a9365a3f4d70d106989cbd9743e91665d5 to 0537cd3624b2d5cef2e75dd6df619cd31002d85d927c6ee1ca147b354570eff1. The metadata is not deterministic and this needs to be fixed.
NOTE: recipe linux-libc-headers-base-gitAUTOINC+2951eded01-r0: task do_packagedata_setscene: Started
ERROR: linux-libc-headers-base-gitAUTOINC+2951eded01-r0 do_packagedata_setscene: No suitable staging package found
ERROR: linux-libc-headers-base-gitAUTOINC+2951eded01-r0 do_packagedata_setscene: 
WARNING: Logfile for failed setscene task is /home/deby/build/tmp/work/armv7vet2hf-neon-deby-linux-gnueabi/linux-libc-headers-base/gitAUTOINC+2951eded01-r0/temp/log.do_packagedata_setscene.6198
WARNING: Setscene task (/home/deby/poky/meta-debian/recipes-kernel/linux-libc-headers/linux-libc-headers-base_git.bb:do_packagedata_setscene) failed with exit code '1' - real task will be run instead
NOTE: Running setscene task 52 of 52 (/home/deby/poky/meta-debian/recipes-kernel/linux-libc-headers/linux-libc-headers-base_git.bb:do_package_setscene)
ERROR: When reparsing /home/deby/poky/meta-debian/recipes-kernel/linux-libc-headers/linux-libc-headers-base_git.bb.do_patch, the basehash value changed from 794aba43c93b827ab8dad47165be6be0d8f92f251bd262635c22313e23128daa to ad76c34176c05413e9fb00995196d5015fc81c93587134874abe5c331acef982. The metadata is not deterministic and this needs to be fixed.
ERROR: When reparsing /home/deby/poky/meta-debian/recipes-kernel/linux-libc-headers/linux-libc-headers-base_git.bb.do_populate_sysroot, the basehash value changed from 14b19526286ce86ce315b1d21d15264a095d2adc8b56f717f37a6704f496dc96 to b520a91617182bf39bac5bffc2769f087d09752f2331420c66eb95d93f1e3778. The metadata is not deterministic and this needs to be fixed.
ERROR: When reparsing /home/deby/poky/meta-debian/recipes-kernel/linux-libc-headers/linux-libc-headers-base_git.bb.do_fetch, the basehash value changed from 612966a9e422c3ad520ad3dc56062fa88dd219ff867e4aaa1064a9b4f8fe3459 to cf9bd22e1e62bc0dd535e536790ffe0c4d355e13de25d0312c96d13bca265874. The metadata is not deterministic and this needs to be fixed.
ERROR: When reparsing /home/deby/poky/meta-debian/recipes-kernel/linux-libc-headers/linux-libc-headers-base_git.bb.do_configure, the basehash value changed from 731fa69b243b1450269294f0fcb3be8d432d1a204f5d6ea9364497af0fdf12ab to 79bd795c7630e12fed2cf1073c0a1df64f47d1a454b5d398f37582a9e9cde9e4. The metadata is not deterministic and this needs to be fixed.
ERROR: When reparsing /home/deby/poky/meta-debian/recipes-kernel/linux-libc-headers/linux-libc-headers-base_git.bb.do_compile, the basehash value changed from 88ad2aa8327e792615525aac80fcaffb71673c0ce32e842ab8c253ca8c133422 to 988f097efba01acc7ea55213bcc1b331fa259b0a4f3d8aa6426f9ad69ef1f759. The metadata is not deterministic and this needs to be fixed.
ERROR: When reparsing /home/deby/poky/meta-debian/recipes-kernel/linux-libc-headers/linux-libc-headers-base_git.bb.do_install, the basehash value changed from 8d2de69f29699147c04e7a9f5b67fb587b83eaa5bd780596a199c7b283c31288 to c5eacde641ba8826c2f3db5531560719d37c7192494b98c83c0ec312b4d05499. The metadata is not deterministic and this needs to be fixed.
ERROR: When reparsing /home/deby/poky/meta-debian/recipes-kernel/linux-libc-headers/linux-libc-headers-base_git.bb.do_build, the basehash value changed from 7369e2c623d891a2ccf547f04fe5e1bff195ed81252ddb56c40b08f2411567ca to 46f8ae325fd2d1970831d9333f6058bef9ae920ed12f5b04ecc76373c522f821. The metadata is not deterministic and this needs to be fixed.
ERROR: When reparsing /home/deby/poky/meta-debian/recipes-kernel/linux-libc-headers/linux-libc-headers-base_git.bb.do_package_qa, the basehash value changed from 8d2444e3da64085078138474f2d7533f62b91b8c42d67883fb05a2cfcb8ef7af to 724471a2cc78b8154e7c2c11340b518c5d1582502b17cad6551ed4f33cc7dd34. The metadata is not deterministic and this needs to be fixed.
ERROR: When reparsing /home/deby/poky/meta-debian/recipes-kernel/linux-libc-headers/linux-libc-headers-base_git.bb.do_package, the basehash value changed from ee0f8955a6fa4872f093e7f5308ffc792aaade417d8d78aab0d5bd17af2a44b8 to d059dc3185e1441388eca0e873fad8ce2b48cf6bb441bfe777b047a137d0b98e. The metadata is not deterministic and this needs to be fixed.
ERROR: When reparsing /home/deby/poky/meta-debian/recipes-kernel/linux-libc-headers/linux-libc-headers-base_git.bb.do_packagedata, the basehash value changed from d62978895cd4584250e32610f39703889fe07332bde6de489bdecc19223832be to b324a4ff5e5740f258844368a0fd1c975d241a7f027aed29667518bd6ffc5a11. The metadata is not deterministic and this needs to be fixed.
ERROR: When reparsing /home/deby/poky/meta-debian/recipes-kernel/linux-libc-headers/linux-libc-headers-base_git.bb.do_package_write_deb, the basehash value changed from 3812d71c1c2c8d675ade0d8272e1e656294780ba57c589d3b6d72fc321a4e97c to 036e94c7649da219d1d288ba1bd197bd0f6c3ac5f58597e8e819db18d618f947. The metadata is not deterministic and this needs to be fixed.
ERROR: When reparsing /home/deby/poky/meta-debian/recipes-kernel/linux-libc-headers/linux-libc-headers-base_git.bb.do_populate_lic, the basehash value changed from 2c435bee7f0a86ba1438e6efedd363a9365a3f4d70d106989cbd9743e91665d5 to 0537cd3624b2d5cef2e75dd6df619cd31002d85d927c6ee1ca147b354570eff1. The metadata is not deterministic and this needs to be fixed.
NOTE: recipe linux-libc-headers-base-gitAUTOINC+2951eded01-r0: task do_package_setscene: Started
ERROR: linux-libc-headers-base-gitAUTOINC+2951eded01-r0 do_package_setscene: No suitable staging package found
ERROR: linux-libc-headers-base-gitAUTOINC+2951eded01-r0 do_package_setscene: 
WARNING: Logfile for failed setscene task is /home/deby/build/tmp/work/armv7vet2hf-neon-deby-linux-gnueabi/linux-libc-headers-base/gitAUTOINC+2951eded01-r0/temp/log.do_package_setscene.6204
WARNING: Setscene task (/home/deby/poky/meta-debian/recipes-kernel/linux-libc-headers/linux-libc-headers-base_git.bb:do_package_setscene) failed with exit code '1' - real task will be run instead
NOTE: Executing RunQueue Tasks
NOTE: Running task 176 of 412 (/home/deby/poky/meta-debian/recipes-kernel/linux-libc-headers/linux-libc-headers-base_git.bb:do_fetch)
ERROR: When reparsing /home/deby/poky/meta-debian/recipes-kernel/linux-libc-headers/linux-libc-headers-base_git.bb.do_patch, the basehash value changed from 794aba43c93b827ab8dad47165be6be0d8f92f251bd262635c22313e23128daa to ad76c34176c05413e9fb00995196d5015fc81c93587134874abe5c331acef982. The metadata is not deterministic and this needs to be fixed.
ERROR: When reparsing /home/deby/poky/meta-debian/recipes-kernel/linux-libc-headers/linux-libc-headers-base_git.bb.do_populate_sysroot, the basehash value changed from 14b19526286ce86ce315b1d21d15264a095d2adc8b56f717f37a6704f496dc96 to b520a91617182bf39bac5bffc2769f087d09752f2331420c66eb95d93f1e3778. The metadata is not deterministic and this needs to be fixed.
ERROR: When reparsing /home/deby/poky/meta-debian/recipes-kernel/linux-libc-headers/linux-libc-headers-base_git.bb.do_fetch, the basehash value changed from 612966a9e422c3ad520ad3dc56062fa88dd219ff867e4aaa1064a9b4f8fe3459 to cf9bd22e1e62bc0dd535e536790ffe0c4d355e13de25d0312c96d13bca265874. The metadata is not deterministic and this needs to be fixed.
ERROR: When reparsing /home/deby/poky/meta-debian/recipes-kernel/linux-libc-headers/linux-libc-headers-base_git.bb.do_configure, the basehash value changed from 731fa69b243b1450269294f0fcb3be8d432d1a204f5d6ea9364497af0fdf12ab to 79bd795c7630e12fed2cf1073c0a1df64f47d1a454b5d398f37582a9e9cde9e4. The metadata is not deterministic and this needs to be fixed.
ERROR: When reparsing /home/deby/poky/meta-debian/recipes-kernel/linux-libc-headers/linux-libc-headers-base_git.bb.do_compile, the basehash value changed from 88ad2aa8327e792615525aac80fcaffb71673c0ce32e842ab8c253ca8c133422 to 988f097efba01acc7ea55213bcc1b331fa259b0a4f3d8aa6426f9ad69ef1f759. The metadata is not deterministic and this needs to be fixed.
ERROR: When reparsing /home/deby/poky/meta-debian/recipes-kernel/linux-libc-headers/linux-libc-headers-base_git.bb.do_install, the basehash value changed from 8d2de69f29699147c04e7a9f5b67fb587b83eaa5bd780596a199c7b283c31288 to c5eacde641ba8826c2f3db5531560719d37c7192494b98c83c0ec312b4d05499. The metadata is not deterministic and this needs to be fixed.
ERROR: When reparsing /home/deby/poky/meta-debian/recipes-kernel/linux-libc-headers/linux-libc-headers-base_git.bb.do_build, the basehash value changed from 7369e2c623d891a2ccf547f04fe5e1bff195ed81252ddb56c40b08f2411567ca to 46f8ae325fd2d1970831d9333f6058bef9ae920ed12f5b04ecc76373c522f821. The metadata is not deterministic and this needs to be fixed.
ERROR: When reparsing /home/deby/poky/meta-debian/recipes-kernel/linux-libc-headers/linux-libc-headers-base_git.bb.do_package_qa, the basehash value changed from 8d2444e3da64085078138474f2d7533f62b91b8c42d67883fb05a2cfcb8ef7af to 724471a2cc78b8154e7c2c11340b518c5d1582502b17cad6551ed4f33cc7dd34. The metadata is not deterministic and this needs to be fixed.
ERROR: When reparsing /home/deby/poky/meta-debian/recipes-kernel/linux-libc-headers/linux-libc-headers-base_git.bb.do_package, the basehash value changed from ee0f8955a6fa4872f093e7f5308ffc792aaade417d8d78aab0d5bd17af2a44b8 to d059dc3185e1441388eca0e873fad8ce2b48cf6bb441bfe777b047a137d0b98e. The metadata is not deterministic and this needs to be fixed.
ERROR: When reparsing /home/deby/poky/meta-debian/recipes-kernel/linux-libc-headers/linux-libc-headers-base_git.bb.do_packagedata, the basehash value changed from d62978895cd4584250e32610f39703889fe07332bde6de489bdecc19223832be to b324a4ff5e5740f258844368a0fd1c975d241a7f027aed29667518bd6ffc5a11. The metadata is not deterministic and this needs to be fixed.
ERROR: When reparsing /home/deby/poky/meta-debian/recipes-kernel/linux-libc-headers/linux-libc-headers-base_git.bb.do_package_write_deb, the basehash value changed from 3812d71c1c2c8d675ade0d8272e1e656294780ba57c589d3b6d72fc321a4e97c to 036e94c7649da219d1d288ba1bd197bd0f6c3ac5f58597e8e819db18d618f947. The metadata is not deterministic and this needs to be fixed.
ERROR: When reparsing /home/deby/poky/meta-debian/recipes-kernel/linux-libc-headers/linux-libc-headers-base_git.bb.do_populate_lic, the basehash value changed from 2c435bee7f0a86ba1438e6efedd363a9365a3f4d70d106989cbd9743e91665d5 to 0537cd3624b2d5cef2e75dd6df619cd31002d85d927c6ee1ca147b354570eff1. The metadata is not deterministic and this needs to be fixed.
NOTE: recipe linux-libc-headers-base-gitAUTOINC+2951eded01-r0: task do_fetch: Started
ERROR: linux-libc-headers-base-gitAUTOINC+2951eded01-r0 do_fetch: Taskhash mismatch b26102629fdf5f1770de5ca1b9b7b6216830dd869a184a81c94e2a5b6da8ff54 versus 6cd093de4ba0766bb0380f51644c2e7f66fe43f88c2630dd7c7b7fc1571e33b5 for /home/deby/poky/meta-debian/recipes-kernel/linux-libc-headers/linux-libc-headers-base_git.bb.do_fetch
NOTE: recipe linux-libc-headers-base-gitAUTOINC+2951eded01-r0: task do_fetch: Succeeded
ERROR: Taskhash mismatch b26102629fdf5f1770de5ca1b9b7b6216830dd869a184a81c94e2a5b6da8ff54 versus 6cd093de4ba0766bb0380f51644c2e7f66fe43f88c2630dd7c7b7fc1571e33b5 for /home/deby/poky/meta-debian/recipes-kernel/linux-libc-headers/linux-libc-headers-base_git.bb.do_fetch
NOTE: Running task 400 of 412 (/home/deby/poky/meta-debian/recipes-kernel/linux-libc-headers/linux-libc-headers-base_git.bb:do_unpack)
NOTE: Running task 401 of 412 (/home/deby/poky/meta-debian/recipes-kernel/linux-libc-headers/linux-libc-headers-base_git.bb:do_prepare_recipe_sysroot)
ERROR: When reparsing /home/deby/poky/meta-debian/recipes-kernel/linux-libc-headers/linux-libc-headers-base_git.bb.do_patch, the basehash value changed from 794aba43c93b827ab8dad47165be6be0d8f92f251bd262635c22313e23128daa to ad76c34176c05413e9fb00995196d5015fc81c93587134874abe5c331acef982. The metadata is not deterministic and this needs to be fixed.
ERROR: When reparsing /home/deby/poky/meta-debian/recipes-kernel/linux-libc-headers/linux-libc-headers-base_git.bb.do_populate_sysroot, the basehash value changed from 14b19526286ce86ce315b1d21d15264a095d2adc8b56f717f37a6704f496dc96 to b520a91617182bf39bac5bffc2769f087d09752f2331420c66eb95d93f1e3778. The metadata is not deterministic and this needs to be fixed.
ERROR: When reparsing /home/deby/poky/meta-debian/recipes-kernel/linux-libc-headers/linux-libc-headers-base_git.bb.do_fetch, the basehash value changed from 612966a9e422c3ad520ad3dc56062fa88dd219ff867e4aaa1064a9b4f8fe3459 to cf9bd22e1e62bc0dd535e536790ffe0c4d355e13de25d0312c96d13bca265874. The metadata is not deterministic and this needs to be fixed.
ERROR: When reparsing /home/deby/poky/meta-debian/recipes-kernel/linux-libc-headers/linux-libc-headers-base_git.bb.do_configure, the basehash value changed from 731fa69b243b1450269294f0fcb3be8d432d1a204f5d6ea9364497af0fdf12ab to 79bd795c7630e12fed2cf1073c0a1df64f47d1a454b5d398f37582a9e9cde9e4. The metadata is not deterministic and this needs to be fixed.
ERROR: When reparsing /home/deby/poky/meta-debian/recipes-kernel/linux-libc-headers/linux-libc-headers-base_git.bb.do_compile, the basehash value changed from 88ad2aa8327e792615525aac80fcaffb71673c0ce32e842ab8c253ca8c133422 to 988f097efba01acc7ea55213bcc1b331fa259b0a4f3d8aa6426f9ad69ef1f759. The metadata is not deterministic and this needs to be fixed.
ERROR: When reparsing /home/deby/poky/meta-debian/recipes-kernel/linux-libc-headers/linux-libc-headers-base_git.bb.do_install, the basehash value changed from 8d2de69f29699147c04e7a9f5b67fb587b83eaa5bd780596a199c7b283c31288 to c5eacde641ba8826c2f3db5531560719d37c7192494b98c83c0ec312b4d05499. The metadata is not deterministic and this needs to be fixed.
ERROR: When reparsing /home/deby/poky/meta-debian/recipes-kernel/linux-libc-headers/linux-libc-headers-base_git.bb.do_build, the basehash value changed from 7369e2c623d891a2ccf547f04fe5e1bff195ed81252ddb56c40b08f2411567ca to 46f8ae325fd2d1970831d9333f6058bef9ae920ed12f5b04ecc76373c522f821. The metadata is not deterministic and this needs to be fixed.
ERROR: When reparsing /home/deby/poky/meta-debian/recipes-kernel/linux-libc-headers/linux-libc-headers-base_git.bb.do_package_qa, the basehash value changed from 8d2444e3da64085078138474f2d7533f62b91b8c42d67883fb05a2cfcb8ef7af to 724471a2cc78b8154e7c2c11340b518c5d1582502b17cad6551ed4f33cc7dd34. The metadata is not deterministic and this needs to be fixed.
ERROR: When reparsing /home/deby/poky/meta-debian/recipes-kernel/linux-libc-headers/linux-libc-headers-base_git.bb.do_package, the basehash value changed from ee0f8955a6fa4872f093e7f5308ffc792aaade417d8d78aab0d5bd17af2a44b8 to d059dc3185e1441388eca0e873fad8ce2b48cf6bb441bfe777b047a137d0b98e. The metadata is not deterministic and this needs to be fixed.
ERROR: When reparsing /home/deby/poky/meta-debian/recipes-kernel/linux-libc-headers/linux-libc-headers-base_git.bb.do_packagedata, the basehash value changed from d62978895cd4584250e32610f39703889fe07332bde6de489bdecc19223832be to b324a4ff5e5740f258844368a0fd1c975d241a7f027aed29667518bd6ffc5a11. The metadata is not deterministic and this needs to be fixed.
ERROR: When reparsing /home/deby/poky/meta-debian/recipes-kernel/linux-libc-headers/linux-libc-headers-base_git.bb.do_package_write_deb, the basehash value changed from 3812d71c1c2c8d675ade0d8272e1e656294780ba57c589d3b6d72fc321a4e97c to 036e94c7649da219d1d288ba1bd197bd0f6c3ac5f58597e8e819db18d618f947. The metadata is not deterministic and this needs to be fixed.
ERROR: When reparsing /home/deby/poky/meta-debian/recipes-kernel/linux-libc-headers/linux-libc-headers-base_git.bb.do_populate_lic, the basehash value changed from 2c435bee7f0a86ba1438e6efedd363a9365a3f4d70d106989cbd9743e91665d5 to 0537cd3624b2d5cef2e75dd6df619cd31002d85d927c6ee1ca147b354570eff1. The metadata is not deterministic and this needs to be fixed.
ERROR: When reparsing /home/deby/poky/meta-debian/recipes-kernel/linux-libc-headers/linux-libc-headers-base_git.bb.do_patch, the basehash value changed from 794aba43c93b827ab8dad47165be6be0d8f92f251bd262635c22313e23128daa to ad76c34176c05413e9fb00995196d5015fc81c93587134874abe5c331acef982. The metadata is not deterministic and this needs to be fixed.
ERROR: When reparsing /home/deby/poky/meta-debian/recipes-kernel/linux-libc-headers/linux-libc-headers-base_git.bb.do_populate_sysroot, the basehash value changed from 14b19526286ce86ce315b1d21d15264a095d2adc8b56f717f37a6704f496dc96 to b520a91617182bf39bac5bffc2769f087d09752f2331420c66eb95d93f1e3778. The metadata is not deterministic and this needs to be fixed.
ERROR: When reparsing /home/deby/poky/meta-debian/recipes-kernel/linux-libc-headers/linux-libc-headers-base_git.bb.do_fetch, the basehash value changed from 612966a9e422c3ad520ad3dc56062fa88dd219ff867e4aaa1064a9b4f8fe3459 to cf9bd22e1e62bc0dd535e536790ffe0c4d355e13de25d0312c96d13bca265874. The metadata is not deterministic and this needs to be fixed.
ERROR: When reparsing /home/deby/poky/meta-debian/recipes-kernel/linux-libc-headers/linux-libc-headers-base_git.bb.do_configure, the basehash value changed from 731fa69b243b1450269294f0fcb3be8d432d1a204f5d6ea9364497af0fdf12ab to 79bd795c7630e12fed2cf1073c0a1df64f47d1a454b5d398f37582a9e9cde9e4. The metadata is not deterministic and this needs to be fixed.
ERROR: When reparsing /home/deby/poky/meta-debian/recipes-kernel/linux-libc-headers/linux-libc-headers-base_git.bb.do_compile, the basehash value changed from 88ad2aa8327e792615525aac80fcaffb71673c0ce32e842ab8c253ca8c133422 to 988f097efba01acc7ea55213bcc1b331fa259b0a4f3d8aa6426f9ad69ef1f759. The metadata is not deterministic and this needs to be fixed.
ERROR: When reparsing /home/deby/poky/meta-debian/recipes-kernel/linux-libc-headers/linux-libc-headers-base_git.bb.do_install, the basehash value changed from 8d2de69f29699147c04e7a9f5b67fb587b83eaa5bd780596a199c7b283c31288 to c5eacde641ba8826c2f3db5531560719d37c7192494b98c83c0ec312b4d05499. The metadata is not deterministic and this needs to be fixed.
ERROR: When reparsing /home/deby/poky/meta-debian/recipes-kernel/linux-libc-headers/linux-libc-headers-base_git.bb.do_build, the basehash value changed from 7369e2c623d891a2ccf547f04fe5e1bff195ed81252ddb56c40b08f2411567ca to 46f8ae325fd2d1970831d9333f6058bef9ae920ed12f5b04ecc76373c522f821. The metadata is not deterministic and this needs to be fixed.
ERROR: When reparsing /home/deby/poky/meta-debian/recipes-kernel/linux-libc-headers/linux-libc-headers-base_git.bb.do_package_qa, the basehash value changed from 8d2444e3da64085078138474f2d7533f62b91b8c42d67883fb05a2cfcb8ef7af to 724471a2cc78b8154e7c2c11340b518c5d1582502b17cad6551ed4f33cc7dd34. The metadata is not deterministic and this needs to be fixed.
ERROR: When reparsing /home/deby/poky/meta-debian/recipes-kernel/linux-libc-headers/linux-libc-headers-base_git.bb.do_package, the basehash value changed from ee0f8955a6fa4872f093e7f5308ffc792aaade417d8d78aab0d5bd17af2a44b8 to d059dc3185e1441388eca0e873fad8ce2b48cf6bb441bfe777b047a137d0b98e. The metadata is not deterministic and this needs to be fixed.
ERROR: When reparsing /home/deby/poky/meta-debian/recipes-kernel/linux-libc-headers/linux-libc-headers-base_git.bb.do_packagedata, the basehash value changed from d62978895cd4584250e32610f39703889fe07332bde6de489bdecc19223832be to b324a4ff5e5740f258844368a0fd1c975d241a7f027aed29667518bd6ffc5a11. The metadata is not deterministic and this needs to be fixed.
ERROR: When reparsing /home/deby/poky/meta-debian/recipes-kernel/linux-libc-headers/linux-libc-headers-base_git.bb.do_package_write_deb, the basehash value changed from 3812d71c1c2c8d675ade0d8272e1e656294780ba57c589d3b6d72fc321a4e97c to 036e94c7649da219d1d288ba1bd197bd0f6c3ac5f58597e8e819db18d618f947. The metadata is not deterministic and this needs to be fixed.
ERROR: When reparsing /home/deby/poky/meta-debian/recipes-kernel/linux-libc-headers/linux-libc-headers-base_git.bb.do_populate_lic, the basehash value changed from 2c435bee7f0a86ba1438e6efedd363a9365a3f4d70d106989cbd9743e91665d5 to 0537cd3624b2d5cef2e75dd6df619cd31002d85d927c6ee1ca147b354570eff1. The metadata is not deterministic and this needs to be fixed.
NOTE: recipe linux-libc-headers-base-gitAUTOINC+2951eded01-r0: task do_unpack: Started
NOTE: recipe linux-libc-headers-base-gitAUTOINC+2951eded01-r0: task do_prepare_recipe_sysroot: Started
NOTE: recipe linux-libc-headers-base-gitAUTOINC+2951eded01-r0: task do_prepare_recipe_sysroot: Succeeded
NOTE: recipe linux-libc-headers-base-gitAUTOINC+2951eded01-r0: task do_unpack: Succeeded
NOTE: Running task 402 of 412 (/home/deby/poky/meta-debian/recipes-kernel/linux-libc-headers/linux-libc-headers-base_git.bb:do_patch)
ERROR: When reparsing /home/deby/poky/meta-debian/recipes-kernel/linux-libc-headers/linux-libc-headers-base_git.bb.do_patch, the basehash value changed from 794aba43c93b827ab8dad47165be6be0d8f92f251bd262635c22313e23128daa to ad76c34176c05413e9fb00995196d5015fc81c93587134874abe5c331acef982. The metadata is not deterministic and this needs to be fixed.
ERROR: When reparsing /home/deby/poky/meta-debian/recipes-kernel/linux-libc-headers/linux-libc-headers-base_git.bb.do_populate_sysroot, the basehash value changed from 14b19526286ce86ce315b1d21d15264a095d2adc8b56f717f37a6704f496dc96 to b520a91617182bf39bac5bffc2769f087d09752f2331420c66eb95d93f1e3778. The metadata is not deterministic and this needs to be fixed.
ERROR: When reparsing /home/deby/poky/meta-debian/recipes-kernel/linux-libc-headers/linux-libc-headers-base_git.bb.do_fetch, the basehash value changed from 612966a9e422c3ad520ad3dc56062fa88dd219ff867e4aaa1064a9b4f8fe3459 to cf9bd22e1e62bc0dd535e536790ffe0c4d355e13de25d0312c96d13bca265874. The metadata is not deterministic and this needs to be fixed.
ERROR: When reparsing /home/deby/poky/meta-debian/recipes-kernel/linux-libc-headers/linux-libc-headers-base_git.bb.do_configure, the basehash value changed from 731fa69b243b1450269294f0fcb3be8d432d1a204f5d6ea9364497af0fdf12ab to 79bd795c7630e12fed2cf1073c0a1df64f47d1a454b5d398f37582a9e9cde9e4. The metadata is not deterministic and this needs to be fixed.
ERROR: When reparsing /home/deby/poky/meta-debian/recipes-kernel/linux-libc-headers/linux-libc-headers-base_git.bb.do_compile, the basehash value changed from 88ad2aa8327e792615525aac80fcaffb71673c0ce32e842ab8c253ca8c133422 to 988f097efba01acc7ea55213bcc1b331fa259b0a4f3d8aa6426f9ad69ef1f759. The metadata is not deterministic and this needs to be fixed.
ERROR: When reparsing /home/deby/poky/meta-debian/recipes-kernel/linux-libc-headers/linux-libc-headers-base_git.bb.do_install, the basehash value changed from 8d2de69f29699147c04e7a9f5b67fb587b83eaa5bd780596a199c7b283c31288 to c5eacde641ba8826c2f3db5531560719d37c7192494b98c83c0ec312b4d05499. The metadata is not deterministic and this needs to be fixed.
ERROR: When reparsing /home/deby/poky/meta-debian/recipes-kernel/linux-libc-headers/linux-libc-headers-base_git.bb.do_build, the basehash value changed from 7369e2c623d891a2ccf547f04fe5e1bff195ed81252ddb56c40b08f2411567ca to 46f8ae325fd2d1970831d9333f6058bef9ae920ed12f5b04ecc76373c522f821. The metadata is not deterministic and this needs to be fixed.
ERROR: When reparsing /home/deby/poky/meta-debian/recipes-kernel/linux-libc-headers/linux-libc-headers-base_git.bb.do_package_qa, the basehash value changed from 8d2444e3da64085078138474f2d7533f62b91b8c42d67883fb05a2cfcb8ef7af to 724471a2cc78b8154e7c2c11340b518c5d1582502b17cad6551ed4f33cc7dd34. The metadata is not deterministic and this needs to be fixed.
ERROR: When reparsing /home/deby/poky/meta-debian/recipes-kernel/linux-libc-headers/linux-libc-headers-base_git.bb.do_package, the basehash value changed from ee0f8955a6fa4872f093e7f5308ffc792aaade417d8d78aab0d5bd17af2a44b8 to d059dc3185e1441388eca0e873fad8ce2b48cf6bb441bfe777b047a137d0b98e. The metadata is not deterministic and this needs to be fixed.
ERROR: When reparsing /home/deby/poky/meta-debian/recipes-kernel/linux-libc-headers/linux-libc-headers-base_git.bb.do_packagedata, the basehash value changed from d62978895cd4584250e32610f39703889fe07332bde6de489bdecc19223832be to b324a4ff5e5740f258844368a0fd1c975d241a7f027aed29667518bd6ffc5a11. The metadata is not deterministic and this needs to be fixed.
ERROR: When reparsing /home/deby/poky/meta-debian/recipes-kernel/linux-libc-headers/linux-libc-headers-base_git.bb.do_package_write_deb, the basehash value changed from 3812d71c1c2c8d675ade0d8272e1e656294780ba57c589d3b6d72fc321a4e97c to 036e94c7649da219d1d288ba1bd197bd0f6c3ac5f58597e8e819db18d618f947. The metadata is not deterministic and this needs to be fixed.
ERROR: When reparsing /home/deby/poky/meta-debian/recipes-kernel/linux-libc-headers/linux-libc-headers-base_git.bb.do_populate_lic, the basehash value changed from 2c435bee7f0a86ba1438e6efedd363a9365a3f4d70d106989cbd9743e91665d5 to 0537cd3624b2d5cef2e75dd6df619cd31002d85d927c6ee1ca147b354570eff1. The metadata is not deterministic and this needs to be fixed.
NOTE: recipe linux-libc-headers-base-gitAUTOINC+2951eded01-r0: task do_patch: Started
ERROR: linux-libc-headers-base-gitAUTOINC+2951eded01-r0 do_patch: Taskhash mismatch a789ecb98d06afa881d89dbbaca835827ab52ec78d4b2bb235aa1c81f4c4544d versus e401cef6c8be7eba1dfb528cef73061c5dc0101ef664ea02ebcf55284b4eac91 for /home/deby/poky/meta-debian/recipes-kernel/linux-libc-headers/linux-libc-headers-base_git.bb.do_patch
NOTE: recipe linux-libc-headers-base-gitAUTOINC+2951eded01-r0: task do_patch: Succeeded
ERROR: Taskhash mismatch a789ecb98d06afa881d89dbbaca835827ab52ec78d4b2bb235aa1c81f4c4544d versus e401cef6c8be7eba1dfb528cef73061c5dc0101ef664ea02ebcf55284b4eac91 for /home/deby/poky/meta-debian/recipes-kernel/linux-libc-headers/linux-libc-headers-base_git.bb.do_patch
NOTE: Running noexec task 403 of 412 (/home/deby/poky/meta-debian/recipes-kernel/linux-libc-headers/linux-libc-headers-base_git.bb:do_configure)
NOTE: Running noexec task 404 of 412 (/home/deby/poky/meta-debian/recipes-kernel/linux-libc-headers/linux-libc-headers-base_git.bb:do_compile)
NOTE: Running task 405 of 412 (/home/deby/poky/meta-debian/recipes-kernel/linux-libc-headers/linux-libc-headers-base_git.bb:do_install)
NOTE: Running task 406 of 412 (/home/deby/poky/meta-debian/recipes-kernel/linux-libc-headers/linux-libc-headers-base_git.bb:do_populate_lic)
ERROR: When reparsing /home/deby/poky/meta-debian/recipes-kernel/linux-libc-headers/linux-libc-headers-base_git.bb.do_patch, the basehash value changed from 794aba43c93b827ab8dad47165be6be0d8f92f251bd262635c22313e23128daa to ad76c34176c05413e9fb00995196d5015fc81c93587134874abe5c331acef982. The metadata is not deterministic and this needs to be fixed.
ERROR: When reparsing /home/deby/poky/meta-debian/recipes-kernel/linux-libc-headers/linux-libc-headers-base_git.bb.do_populate_sysroot, the basehash value changed from 14b19526286ce86ce315b1d21d15264a095d2adc8b56f717f37a6704f496dc96 to b520a91617182bf39bac5bffc2769f087d09752f2331420c66eb95d93f1e3778. The metadata is not deterministic and this needs to be fixed.
ERROR: When reparsing /home/deby/poky/meta-debian/recipes-kernel/linux-libc-headers/linux-libc-headers-base_git.bb.do_fetch, the basehash value changed from 612966a9e422c3ad520ad3dc56062fa88dd219ff867e4aaa1064a9b4f8fe3459 to cf9bd22e1e62bc0dd535e536790ffe0c4d355e13de25d0312c96d13bca265874. The metadata is not deterministic and this needs to be fixed.
ERROR: When reparsing /home/deby/poky/meta-debian/recipes-kernel/linux-libc-headers/linux-libc-headers-base_git.bb.do_configure, the basehash value changed from 731fa69b243b1450269294f0fcb3be8d432d1a204f5d6ea9364497af0fdf12ab to 79bd795c7630e12fed2cf1073c0a1df64f47d1a454b5d398f37582a9e9cde9e4. The metadata is not deterministic and this needs to be fixed.
ERROR: When reparsing /home/deby/poky/meta-debian/recipes-kernel/linux-libc-headers/linux-libc-headers-base_git.bb.do_compile, the basehash value changed from 88ad2aa8327e792615525aac80fcaffb71673c0ce32e842ab8c253ca8c133422 to 988f097efba01acc7ea55213bcc1b331fa259b0a4f3d8aa6426f9ad69ef1f759. The metadata is not deterministic and this needs to be fixed.
ERROR: When reparsing /home/deby/poky/meta-debian/recipes-kernel/linux-libc-headers/linux-libc-headers-base_git.bb.do_install, the basehash value changed from 8d2de69f29699147c04e7a9f5b67fb587b83eaa5bd780596a199c7b283c31288 to c5eacde641ba8826c2f3db5531560719d37c7192494b98c83c0ec312b4d05499. The metadata is not deterministic and this needs to be fixed.
ERROR: When reparsing /home/deby/poky/meta-debian/recipes-kernel/linux-libc-headers/linux-libc-headers-base_git.bb.do_build, the basehash value changed from 7369e2c623d891a2ccf547f04fe5e1bff195ed81252ddb56c40b08f2411567ca to 46f8ae325fd2d1970831d9333f6058bef9ae920ed12f5b04ecc76373c522f821. The metadata is not deterministic and this needs to be fixed.
ERROR: When reparsing /home/deby/poky/meta-debian/recipes-kernel/linux-libc-headers/linux-libc-headers-base_git.bb.do_package_qa, the basehash value changed from 8d2444e3da64085078138474f2d7533f62b91b8c42d67883fb05a2cfcb8ef7af to 724471a2cc78b8154e7c2c11340b518c5d1582502b17cad6551ed4f33cc7dd34. The metadata is not deterministic and this needs to be fixed.
ERROR: When reparsing /home/deby/poky/meta-debian/recipes-kernel/linux-libc-headers/linux-libc-headers-base_git.bb.do_package, the basehash value changed from ee0f8955a6fa4872f093e7f5308ffc792aaade417d8d78aab0d5bd17af2a44b8 to d059dc3185e1441388eca0e873fad8ce2b48cf6bb441bfe777b047a137d0b98e. The metadata is not deterministic and this needs to be fixed.
ERROR: When reparsing /home/deby/poky/meta-debian/recipes-kernel/linux-libc-headers/linux-libc-headers-base_git.bb.do_packagedata, the basehash value changed from d62978895cd4584250e32610f39703889fe07332bde6de489bdecc19223832be to b324a4ff5e5740f258844368a0fd1c975d241a7f027aed29667518bd6ffc5a11. The metadata is not deterministic and this needs to be fixed.
ERROR: When reparsing /home/deby/poky/meta-debian/recipes-kernel/linux-libc-headers/linux-libc-headers-base_git.bb.do_package_write_deb, the basehash value changed from 3812d71c1c2c8d675ade0d8272e1e656294780ba57c589d3b6d72fc321a4e97c to 036e94c7649da219d1d288ba1bd197bd0f6c3ac5f58597e8e819db18d618f947. The metadata is not deterministic and this needs to be fixed.
ERROR: When reparsing /home/deby/poky/meta-debian/recipes-kernel/linux-libc-headers/linux-libc-headers-base_git.bb.do_populate_lic, the basehash value changed from 2c435bee7f0a86ba1438e6efedd363a9365a3f4d70d106989cbd9743e91665d5 to 0537cd3624b2d5cef2e75dd6df619cd31002d85d927c6ee1ca147b354570eff1. The metadata is not deterministic and this needs to be fixed.
NOTE: recipe linux-libc-headers-base-gitAUTOINC+2951eded01-r0: task do_populate_lic: Started
ERROR: When reparsing /home/deby/poky/meta-debian/recipes-kernel/linux-libc-headers/linux-libc-headers-base_git.bb.do_patch, the basehash value changed from 794aba43c93b827ab8dad47165be6be0d8f92f251bd262635c22313e23128daa to ad76c34176c05413e9fb00995196d5015fc81c93587134874abe5c331acef982. The metadata is not deterministic and this needs to be fixed.
ERROR: When reparsing /home/deby/poky/meta-debian/recipes-kernel/linux-libc-headers/linux-libc-headers-base_git.bb.do_populate_sysroot, the basehash value changed from 14b19526286ce86ce315b1d21d15264a095d2adc8b56f717f37a6704f496dc96 to b520a91617182bf39bac5bffc2769f087d09752f2331420c66eb95d93f1e3778. The metadata is not deterministic and this needs to be fixed.
ERROR: When reparsing /home/deby/poky/meta-debian/recipes-kernel/linux-libc-headers/linux-libc-headers-base_git.bb.do_fetch, the basehash value changed from 612966a9e422c3ad520ad3dc56062fa88dd219ff867e4aaa1064a9b4f8fe3459 to cf9bd22e1e62bc0dd535e536790ffe0c4d355e13de25d0312c96d13bca265874. The metadata is not deterministic and this needs to be fixed.
ERROR: When reparsing /home/deby/poky/meta-debian/recipes-kernel/linux-libc-headers/linux-libc-headers-base_git.bb.do_configure, the basehash value changed from 731fa69b243b1450269294f0fcb3be8d432d1a204f5d6ea9364497af0fdf12ab to 79bd795c7630e12fed2cf1073c0a1df64f47d1a454b5d398f37582a9e9cde9e4. The metadata is not deterministic and this needs to be fixed.
ERROR: When reparsing /home/deby/poky/meta-debian/recipes-kernel/linux-libc-headers/linux-libc-headers-base_git.bb.do_compile, the basehash value changed from 88ad2aa8327e792615525aac80fcaffb71673c0ce32e842ab8c253ca8c133422 to 988f097efba01acc7ea55213bcc1b331fa259b0a4f3d8aa6426f9ad69ef1f759. The metadata is not deterministic and this needs to be fixed.
ERROR: When reparsing /home/deby/poky/meta-debian/recipes-kernel/linux-libc-headers/linux-libc-headers-base_git.bb.do_install, the basehash value changed from 8d2de69f29699147c04e7a9f5b67fb587b83eaa5bd780596a199c7b283c31288 to c5eacde641ba8826c2f3db5531560719d37c7192494b98c83c0ec312b4d05499. The metadata is not deterministic and this needs to be fixed.
ERROR: When reparsing /home/deby/poky/meta-debian/recipes-kernel/linux-libc-headers/linux-libc-headers-base_git.bb.do_build, the basehash value changed from 7369e2c623d891a2ccf547f04fe5e1bff195ed81252ddb56c40b08f2411567ca to 46f8ae325fd2d1970831d9333f6058bef9ae920ed12f5b04ecc76373c522f821. The metadata is not deterministic and this needs to be fixed.
ERROR: When reparsing /home/deby/poky/meta-debian/recipes-kernel/linux-libc-headers/linux-libc-headers-base_git.bb.do_package_qa, the basehash value changed from 8d2444e3da64085078138474f2d7533f62b91b8c42d67883fb05a2cfcb8ef7af to 724471a2cc78b8154e7c2c11340b518c5d1582502b17cad6551ed4f33cc7dd34. The metadata is not deterministic and this needs to be fixed.
ERROR: When reparsing /home/deby/poky/meta-debian/recipes-kernel/linux-libc-headers/linux-libc-headers-base_git.bb.do_package, the basehash value changed from ee0f8955a6fa4872f093e7f5308ffc792aaade417d8d78aab0d5bd17af2a44b8 to d059dc3185e1441388eca0e873fad8ce2b48cf6bb441bfe777b047a137d0b98e. The metadata is not deterministic and this needs to be fixed.
ERROR: When reparsing /home/deby/poky/meta-debian/recipes-kernel/linux-libc-headers/linux-libc-headers-base_git.bb.do_packagedata, the basehash value changed from d62978895cd4584250e32610f39703889fe07332bde6de489bdecc19223832be to b324a4ff5e5740f258844368a0fd1c975d241a7f027aed29667518bd6ffc5a11. The metadata is not deterministic and this needs to be fixed.
ERROR: When reparsing /home/deby/poky/meta-debian/recipes-kernel/linux-libc-headers/linux-libc-headers-base_git.bb.do_package_write_deb, the basehash value changed from 3812d71c1c2c8d675ade0d8272e1e656294780ba57c589d3b6d72fc321a4e97c to 036e94c7649da219d1d288ba1bd197bd0f6c3ac5f58597e8e819db18d618f947. The metadata is not deterministic and this needs to be fixed.
ERROR: When reparsing /home/deby/poky/meta-debian/recipes-kernel/linux-libc-headers/linux-libc-headers-base_git.bb.do_populate_lic, the basehash value changed from 2c435bee7f0a86ba1438e6efedd363a9365a3f4d70d106989cbd9743e91665d5 to 0537cd3624b2d5cef2e75dd6df619cd31002d85d927c6ee1ca147b354570eff1. The metadata is not deterministic and this needs to be fixed.
NOTE: recipe linux-libc-headers-base-gitAUTOINC+2951eded01-r0: task do_install: Started
ERROR: linux-libc-headers-base-gitAUTOINC+2951eded01-r0 do_populate_lic: Taskhash mismatch 612273a8043a81fe467050eec9046d45ec927d305524597dca1ad3a0da132e96 versus 3a7371c911193b954498bdf50263164a03ff1f908dd1420b10a31a590ce87f59 for /home/deby/poky/meta-debian/recipes-kernel/linux-libc-headers/linux-libc-headers-base_git.bb.do_populate_lic
NOTE: recipe linux-libc-headers-base-gitAUTOINC+2951eded01-r0: task do_populate_lic: Succeeded
ERROR: Taskhash mismatch 612273a8043a81fe467050eec9046d45ec927d305524597dca1ad3a0da132e96 versus 3a7371c911193b954498bdf50263164a03ff1f908dd1420b10a31a590ce87f59 for /home/deby/poky/meta-debian/recipes-kernel/linux-libc-headers/linux-libc-headers-base_git.bb.do_populate_lic
ERROR: linux-libc-headers-base-gitAUTOINC+2951eded01-r0 do_install: Taskhash mismatch e6b31826730077729e4a7d5aba2f499daf10f2f111a492a9dd5c3081a2a08470 versus cd5d2422750d2100bf1d64dd01cc6209861fe769a522870c16e05ddaf2001835 for /home/deby/poky/meta-debian/recipes-kernel/linux-libc-headers/linux-libc-headers-base_git.bb.do_install
NOTE: recipe linux-libc-headers-base-gitAUTOINC+2951eded01-r0: task do_install: Succeeded
ERROR: Taskhash mismatch e6b31826730077729e4a7d5aba2f499daf10f2f111a492a9dd5c3081a2a08470 versus cd5d2422750d2100bf1d64dd01cc6209861fe769a522870c16e05ddaf2001835 for /home/deby/poky/meta-debian/recipes-kernel/linux-libc-headers/linux-libc-headers-base_git.bb.do_install
NOTE: Running task 407 of 412 (/home/deby/poky/meta-debian/recipes-kernel/linux-libc-headers/linux-libc-headers-base_git.bb:do_package)
NOTE: Running task 408 of 412 (/home/deby/poky/meta-debian/recipes-kernel/linux-libc-headers/linux-libc-headers-base_git.bb:do_populate_sysroot)
ERROR: When reparsing /home/deby/poky/meta-debian/recipes-kernel/linux-libc-headers/linux-libc-headers-base_git.bb.do_patch, the basehash value changed from 794aba43c93b827ab8dad47165be6be0d8f92f251bd262635c22313e23128daa to ad76c34176c05413e9fb00995196d5015fc81c93587134874abe5c331acef982. The metadata is not deterministic and this needs to be fixed.
ERROR: When reparsing /home/deby/poky/meta-debian/recipes-kernel/linux-libc-headers/linux-libc-headers-base_git.bb.do_populate_sysroot, the basehash value changed from 14b19526286ce86ce315b1d21d15264a095d2adc8b56f717f37a6704f496dc96 to b520a91617182bf39bac5bffc2769f087d09752f2331420c66eb95d93f1e3778. The metadata is not deterministic and this needs to be fixed.
ERROR: When reparsing /home/deby/poky/meta-debian/recipes-kernel/linux-libc-headers/linux-libc-headers-base_git.bb.do_fetch, the basehash value changed from 612966a9e422c3ad520ad3dc56062fa88dd219ff867e4aaa1064a9b4f8fe3459 to cf9bd22e1e62bc0dd535e536790ffe0c4d355e13de25d0312c96d13bca265874. The metadata is not deterministic and this needs to be fixed.
ERROR: When reparsing /home/deby/poky/meta-debian/recipes-kernel/linux-libc-headers/linux-libc-headers-base_git.bb.do_configure, the basehash value changed from 731fa69b243b1450269294f0fcb3be8d432d1a204f5d6ea9364497af0fdf12ab to 79bd795c7630e12fed2cf1073c0a1df64f47d1a454b5d398f37582a9e9cde9e4. The metadata is not deterministic and this needs to be fixed.
ERROR: When reparsing /home/deby/poky/meta-debian/recipes-kernel/linux-libc-headers/linux-libc-headers-base_git.bb.do_compile, the basehash value changed from 88ad2aa8327e792615525aac80fcaffb71673c0ce32e842ab8c253ca8c133422 to 988f097efba01acc7ea55213bcc1b331fa259b0a4f3d8aa6426f9ad69ef1f759. The metadata is not deterministic and this needs to be fixed.
ERROR: When reparsing /home/deby/poky/meta-debian/recipes-kernel/linux-libc-headers/linux-libc-headers-base_git.bb.do_install, the basehash value changed from 8d2de69f29699147c04e7a9f5b67fb587b83eaa5bd780596a199c7b283c31288 to c5eacde641ba8826c2f3db5531560719d37c7192494b98c83c0ec312b4d05499. The metadata is not deterministic and this needs to be fixed.
ERROR: When reparsing /home/deby/poky/meta-debian/recipes-kernel/linux-libc-headers/linux-libc-headers-base_git.bb.do_build, the basehash value changed from 7369e2c623d891a2ccf547f04fe5e1bff195ed81252ddb56c40b08f2411567ca to 46f8ae325fd2d1970831d9333f6058bef9ae920ed12f5b04ecc76373c522f821. The metadata is not deterministic and this needs to be fixed.
ERROR: When reparsing /home/deby/poky/meta-debian/recipes-kernel/linux-libc-headers/linux-libc-headers-base_git.bb.do_package_qa, the basehash value changed from 8d2444e3da64085078138474f2d7533f62b91b8c42d67883fb05a2cfcb8ef7af to 724471a2cc78b8154e7c2c11340b518c5d1582502b17cad6551ed4f33cc7dd34. The metadata is not deterministic and this needs to be fixed.
ERROR: When reparsing /home/deby/poky/meta-debian/recipes-kernel/linux-libc-headers/linux-libc-headers-base_git.bb.do_package, the basehash value changed from ee0f8955a6fa4872f093e7f5308ffc792aaade417d8d78aab0d5bd17af2a44b8 to d059dc3185e1441388eca0e873fad8ce2b48cf6bb441bfe777b047a137d0b98e. The metadata is not deterministic and this needs to be fixed.
ERROR: When reparsing /home/deby/poky/meta-debian/recipes-kernel/linux-libc-headers/linux-libc-headers-base_git.bb.do_packagedata, the basehash value changed from d62978895cd4584250e32610f39703889fe07332bde6de489bdecc19223832be to b324a4ff5e5740f258844368a0fd1c975d241a7f027aed29667518bd6ffc5a11. The metadata is not deterministic and this needs to be fixed.
ERROR: When reparsing /home/deby/poky/meta-debian/recipes-kernel/linux-libc-headers/linux-libc-headers-base_git.bb.do_package_write_deb, the basehash value changed from 3812d71c1c2c8d675ade0d8272e1e656294780ba57c589d3b6d72fc321a4e97c to 036e94c7649da219d1d288ba1bd197bd0f6c3ac5f58597e8e819db18d618f947. The metadata is not deterministic and this needs to be fixed.
ERROR: When reparsing /home/deby/poky/meta-debian/recipes-kernel/linux-libc-headers/linux-libc-headers-base_git.bb.do_populate_lic, the basehash value changed from 2c435bee7f0a86ba1438e6efedd363a9365a3f4d70d106989cbd9743e91665d5 to 0537cd3624b2d5cef2e75dd6df619cd31002d85d927c6ee1ca147b354570eff1. The metadata is not deterministic and this needs to be fixed.
ERROR: When reparsing /home/deby/poky/meta-debian/recipes-kernel/linux-libc-headers/linux-libc-headers-base_git.bb.do_patch, the basehash value changed from 794aba43c93b827ab8dad47165be6be0d8f92f251bd262635c22313e23128daa to ad76c34176c05413e9fb00995196d5015fc81c93587134874abe5c331acef982. The metadata is not deterministic and this needs to be fixed.
ERROR: When reparsing /home/deby/poky/meta-debian/recipes-kernel/linux-libc-headers/linux-libc-headers-base_git.bb.do_populate_sysroot, the basehash value changed from 14b19526286ce86ce315b1d21d15264a095d2adc8b56f717f37a6704f496dc96 to b520a91617182bf39bac5bffc2769f087d09752f2331420c66eb95d93f1e3778. The metadata is not deterministic and this needs to be fixed.
ERROR: When reparsing /home/deby/poky/meta-debian/recipes-kernel/linux-libc-headers/linux-libc-headers-base_git.bb.do_fetch, the basehash value changed from 612966a9e422c3ad520ad3dc56062fa88dd219ff867e4aaa1064a9b4f8fe3459 to cf9bd22e1e62bc0dd535e536790ffe0c4d355e13de25d0312c96d13bca265874. The metadata is not deterministic and this needs to be fixed.
ERROR: When reparsing /home/deby/poky/meta-debian/recipes-kernel/linux-libc-headers/linux-libc-headers-base_git.bb.do_configure, the basehash value changed from 731fa69b243b1450269294f0fcb3be8d432d1a204f5d6ea9364497af0fdf12ab to 79bd795c7630e12fed2cf1073c0a1df64f47d1a454b5d398f37582a9e9cde9e4. The metadata is not deterministic and this needs to be fixed.
ERROR: When reparsing /home/deby/poky/meta-debian/recipes-kernel/linux-libc-headers/linux-libc-headers-base_git.bb.do_compile, the basehash value changed from 88ad2aa8327e792615525aac80fcaffb71673c0ce32e842ab8c253ca8c133422 to 988f097efba01acc7ea55213bcc1b331fa259b0a4f3d8aa6426f9ad69ef1f759. The metadata is not deterministic and this needs to be fixed.
ERROR: When reparsing /home/deby/poky/meta-debian/recipes-kernel/linux-libc-headers/linux-libc-headers-base_git.bb.do_install, the basehash value changed from 8d2de69f29699147c04e7a9f5b67fb587b83eaa5bd780596a199c7b283c31288 to c5eacde641ba8826c2f3db5531560719d37c7192494b98c83c0ec312b4d05499. The metadata is not deterministic and this needs to be fixed.
ERROR: When reparsing /home/deby/poky/meta-debian/recipes-kernel/linux-libc-headers/linux-libc-headers-base_git.bb.do_build, the basehash value changed from 7369e2c623d891a2ccf547f04fe5e1bff195ed81252ddb56c40b08f2411567ca to 46f8ae325fd2d1970831d9333f6058bef9ae920ed12f5b04ecc76373c522f821. The metadata is not deterministic and this needs to be fixed.
ERROR: When reparsing /home/deby/poky/meta-debian/recipes-kernel/linux-libc-headers/linux-libc-headers-base_git.bb.do_package_qa, the basehash value changed from 8d2444e3da64085078138474f2d7533f62b91b8c42d67883fb05a2cfcb8ef7af to 724471a2cc78b8154e7c2c11340b518c5d1582502b17cad6551ed4f33cc7dd34. The metadata is not deterministic and this needs to be fixed.
ERROR: When reparsing /home/deby/poky/meta-debian/recipes-kernel/linux-libc-headers/linux-libc-headers-base_git.bb.do_package, the basehash value changed from ee0f8955a6fa4872f093e7f5308ffc792aaade417d8d78aab0d5bd17af2a44b8 to d059dc3185e1441388eca0e873fad8ce2b48cf6bb441bfe777b047a137d0b98e. The metadata is not deterministic and this needs to be fixed.
ERROR: When reparsing /home/deby/poky/meta-debian/recipes-kernel/linux-libc-headers/linux-libc-headers-base_git.bb.do_packagedata, the basehash value changed from d62978895cd4584250e32610f39703889fe07332bde6de489bdecc19223832be to b324a4ff5e5740f258844368a0fd1c975d241a7f027aed29667518bd6ffc5a11. The metadata is not deterministic and this needs to be fixed.
ERROR: When reparsing /home/deby/poky/meta-debian/recipes-kernel/linux-libc-headers/linux-libc-headers-base_git.bb.do_package_write_deb, the basehash value changed from 3812d71c1c2c8d675ade0d8272e1e656294780ba57c589d3b6d72fc321a4e97c to 036e94c7649da219d1d288ba1bd197bd0f6c3ac5f58597e8e819db18d618f947. The metadata is not deterministic and this needs to be fixed.
ERROR: When reparsing /home/deby/poky/meta-debian/recipes-kernel/linux-libc-headers/linux-libc-headers-base_git.bb.do_populate_lic, the basehash value changed from 2c435bee7f0a86ba1438e6efedd363a9365a3f4d70d106989cbd9743e91665d5 to 0537cd3624b2d5cef2e75dd6df619cd31002d85d927c6ee1ca147b354570eff1. The metadata is not deterministic and this needs to be fixed.
NOTE: recipe linux-libc-headers-base-gitAUTOINC+2951eded01-r0: task do_package: Started
NOTE: recipe linux-libc-headers-base-gitAUTOINC+2951eded01-r0: task do_populate_sysroot: Started
ERROR: linux-libc-headers-base-gitAUTOINC+2951eded01-r0 do_populate_sysroot: Taskhash mismatch ed6f4345594e1e176903ae83b10e609e4d879bb48d123005fd58f5f2b0eb97dd versus e52614948aab47ccaabd3b7870356aaa103944c7f47a0a333b88f432855d150d for /home/deby/poky/meta-debian/recipes-kernel/linux-libc-headers/linux-libc-headers-base_git.bb.do_populate_sysroot
NOTE: recipe linux-libc-headers-base-gitAUTOINC+2951eded01-r0: task do_populate_sysroot: Succeeded
ERROR: Taskhash mismatch ed6f4345594e1e176903ae83b10e609e4d879bb48d123005fd58f5f2b0eb97dd versus e52614948aab47ccaabd3b7870356aaa103944c7f47a0a333b88f432855d150d for /home/deby/poky/meta-debian/recipes-kernel/linux-libc-headers/linux-libc-headers-base_git.bb.do_populate_sysroot
ERROR: linux-libc-headers-base-gitAUTOINC+2951eded01-r0 do_package: Taskhash mismatch 97fd6f898c73a7c3bfc2f998f509dc3d4e6fc09207173b33cb4ed574b0d632fa versus aa1f57fb23a070aeae71759a9f0fc92415e7f56524a1916c7ff01e73f2590e6f for /home/deby/poky/meta-debian/recipes-kernel/linux-libc-headers/linux-libc-headers-base_git.bb.do_package
NOTE: recipe linux-libc-headers-base-gitAUTOINC+2951eded01-r0: task do_package: Succeeded
ERROR: Taskhash mismatch 97fd6f898c73a7c3bfc2f998f509dc3d4e6fc09207173b33cb4ed574b0d632fa versus aa1f57fb23a070aeae71759a9f0fc92415e7f56524a1916c7ff01e73f2590e6f for /home/deby/poky/meta-debian/recipes-kernel/linux-libc-headers/linux-libc-headers-base_git.bb.do_package
NOTE: Running task 409 of 412 (/home/deby/poky/meta-debian/recipes-kernel/linux-libc-headers/linux-libc-headers-base_git.bb:do_packagedata)
ERROR: When reparsing /home/deby/poky/meta-debian/recipes-kernel/linux-libc-headers/linux-libc-headers-base_git.bb.do_patch, the basehash value changed from 794aba43c93b827ab8dad47165be6be0d8f92f251bd262635c22313e23128daa to ad76c34176c05413e9fb00995196d5015fc81c93587134874abe5c331acef982. The metadata is not deterministic and this needs to be fixed.
ERROR: When reparsing /home/deby/poky/meta-debian/recipes-kernel/linux-libc-headers/linux-libc-headers-base_git.bb.do_populate_sysroot, the basehash value changed from 14b19526286ce86ce315b1d21d15264a095d2adc8b56f717f37a6704f496dc96 to b520a91617182bf39bac5bffc2769f087d09752f2331420c66eb95d93f1e3778. The metadata is not deterministic and this needs to be fixed.
ERROR: When reparsing /home/deby/poky/meta-debian/recipes-kernel/linux-libc-headers/linux-libc-headers-base_git.bb.do_fetch, the basehash value changed from 612966a9e422c3ad520ad3dc56062fa88dd219ff867e4aaa1064a9b4f8fe3459 to cf9bd22e1e62bc0dd535e536790ffe0c4d355e13de25d0312c96d13bca265874. The metadata is not deterministic and this needs to be fixed.
ERROR: When reparsing /home/deby/poky/meta-debian/recipes-kernel/linux-libc-headers/linux-libc-headers-base_git.bb.do_configure, the basehash value changed from 731fa69b243b1450269294f0fcb3be8d432d1a204f5d6ea9364497af0fdf12ab to 79bd795c7630e12fed2cf1073c0a1df64f47d1a454b5d398f37582a9e9cde9e4. The metadata is not deterministic and this needs to be fixed.
ERROR: When reparsing /home/deby/poky/meta-debian/recipes-kernel/linux-libc-headers/linux-libc-headers-base_git.bb.do_compile, the basehash value changed from 88ad2aa8327e792615525aac80fcaffb71673c0ce32e842ab8c253ca8c133422 to 988f097efba01acc7ea55213bcc1b331fa259b0a4f3d8aa6426f9ad69ef1f759. The metadata is not deterministic and this needs to be fixed.
ERROR: When reparsing /home/deby/poky/meta-debian/recipes-kernel/linux-libc-headers/linux-libc-headers-base_git.bb.do_install, the basehash value changed from 8d2de69f29699147c04e7a9f5b67fb587b83eaa5bd780596a199c7b283c31288 to c5eacde641ba8826c2f3db5531560719d37c7192494b98c83c0ec312b4d05499. The metadata is not deterministic and this needs to be fixed.
ERROR: When reparsing /home/deby/poky/meta-debian/recipes-kernel/linux-libc-headers/linux-libc-headers-base_git.bb.do_build, the basehash value changed from 7369e2c623d891a2ccf547f04fe5e1bff195ed81252ddb56c40b08f2411567ca to 46f8ae325fd2d1970831d9333f6058bef9ae920ed12f5b04ecc76373c522f821. The metadata is not deterministic and this needs to be fixed.
ERROR: When reparsing /home/deby/poky/meta-debian/recipes-kernel/linux-libc-headers/linux-libc-headers-base_git.bb.do_package_qa, the basehash value changed from 8d2444e3da64085078138474f2d7533f62b91b8c42d67883fb05a2cfcb8ef7af to 724471a2cc78b8154e7c2c11340b518c5d1582502b17cad6551ed4f33cc7dd34. The metadata is not deterministic and this needs to be fixed.
ERROR: When reparsing /home/deby/poky/meta-debian/recipes-kernel/linux-libc-headers/linux-libc-headers-base_git.bb.do_package, the basehash value changed from ee0f8955a6fa4872f093e7f5308ffc792aaade417d8d78aab0d5bd17af2a44b8 to d059dc3185e1441388eca0e873fad8ce2b48cf6bb441bfe777b047a137d0b98e. The metadata is not deterministic and this needs to be fixed.
ERROR: When reparsing /home/deby/poky/meta-debian/recipes-kernel/linux-libc-headers/linux-libc-headers-base_git.bb.do_packagedata, the basehash value changed from d62978895cd4584250e32610f39703889fe07332bde6de489bdecc19223832be to b324a4ff5e5740f258844368a0fd1c975d241a7f027aed29667518bd6ffc5a11. The metadata is not deterministic and this needs to be fixed.
ERROR: When reparsing /home/deby/poky/meta-debian/recipes-kernel/linux-libc-headers/linux-libc-headers-base_git.bb.do_package_write_deb, the basehash value changed from 3812d71c1c2c8d675ade0d8272e1e656294780ba57c589d3b6d72fc321a4e97c to 036e94c7649da219d1d288ba1bd197bd0f6c3ac5f58597e8e819db18d618f947. The metadata is not deterministic and this needs to be fixed.
ERROR: When reparsing /home/deby/poky/meta-debian/recipes-kernel/linux-libc-headers/linux-libc-headers-base_git.bb.do_populate_lic, the basehash value changed from 2c435bee7f0a86ba1438e6efedd363a9365a3f4d70d106989cbd9743e91665d5 to 0537cd3624b2d5cef2e75dd6df619cd31002d85d927c6ee1ca147b354570eff1. The metadata is not deterministic and this needs to be fixed.
NOTE: recipe linux-libc-headers-base-gitAUTOINC+2951eded01-r0: task do_packagedata: Started
ERROR: linux-libc-headers-base-gitAUTOINC+2951eded01-r0 do_packagedata: Taskhash mismatch afe84f6723d7bc55f1a3f6bc9612b393b95d0ec6c46f12ec6196bd11364324ab versus 433ba4f48ce65f5cc2df062ab507103fd27fba1c6d9f438ffea7c41d3343282c for /home/deby/poky/meta-debian/recipes-kernel/linux-libc-headers/linux-libc-headers-base_git.bb.do_packagedata
NOTE: recipe linux-libc-headers-base-gitAUTOINC+2951eded01-r0: task do_packagedata: Succeeded
ERROR: Taskhash mismatch afe84f6723d7bc55f1a3f6bc9612b393b95d0ec6c46f12ec6196bd11364324ab versus 433ba4f48ce65f5cc2df062ab507103fd27fba1c6d9f438ffea7c41d3343282c for /home/deby/poky/meta-debian/recipes-kernel/linux-libc-headers/linux-libc-headers-base_git.bb.do_packagedata
NOTE: Running task 410 of 412 (/home/deby/poky/meta-debian/recipes-kernel/linux-libc-headers/linux-libc-headers-base_git.bb:do_package_write_deb)
NOTE: Running task 411 of 412 (/home/deby/poky/meta-debian/recipes-kernel/linux-libc-headers/linux-libc-headers-base_git.bb:do_package_qa)
ERROR: When reparsing /home/deby/poky/meta-debian/recipes-kernel/linux-libc-headers/linux-libc-headers-base_git.bb.do_patch, the basehash value changed from 794aba43c93b827ab8dad47165be6be0d8f92f251bd262635c22313e23128daa to ad76c34176c05413e9fb00995196d5015fc81c93587134874abe5c331acef982. The metadata is not deterministic and this needs to be fixed.
ERROR: When reparsing /home/deby/poky/meta-debian/recipes-kernel/linux-libc-headers/linux-libc-headers-base_git.bb.do_populate_sysroot, the basehash value changed from 14b19526286ce86ce315b1d21d15264a095d2adc8b56f717f37a6704f496dc96 to b520a91617182bf39bac5bffc2769f087d09752f2331420c66eb95d93f1e3778. The metadata is not deterministic and this needs to be fixed.
ERROR: When reparsing /home/deby/poky/meta-debian/recipes-kernel/linux-libc-headers/linux-libc-headers-base_git.bb.do_fetch, the basehash value changed from 612966a9e422c3ad520ad3dc56062fa88dd219ff867e4aaa1064a9b4f8fe3459 to cf9bd22e1e62bc0dd535e536790ffe0c4d355e13de25d0312c96d13bca265874. The metadata is not deterministic and this needs to be fixed.
ERROR: When reparsing /home/deby/poky/meta-debian/recipes-kernel/linux-libc-headers/linux-libc-headers-base_git.bb.do_configure, the basehash value changed from 731fa69b243b1450269294f0fcb3be8d432d1a204f5d6ea9364497af0fdf12ab to 79bd795c7630e12fed2cf1073c0a1df64f47d1a454b5d398f37582a9e9cde9e4. The metadata is not deterministic and this needs to be fixed.
ERROR: When reparsing /home/deby/poky/meta-debian/recipes-kernel/linux-libc-headers/linux-libc-headers-base_git.bb.do_compile, the basehash value changed from 88ad2aa8327e792615525aac80fcaffb71673c0ce32e842ab8c253ca8c133422 to 988f097efba01acc7ea55213bcc1b331fa259b0a4f3d8aa6426f9ad69ef1f759. The metadata is not deterministic and this needs to be fixed.
ERROR: When reparsing /home/deby/poky/meta-debian/recipes-kernel/linux-libc-headers/linux-libc-headers-base_git.bb.do_install, the basehash value changed from 8d2de69f29699147c04e7a9f5b67fb587b83eaa5bd780596a199c7b283c31288 to c5eacde641ba8826c2f3db5531560719d37c7192494b98c83c0ec312b4d05499. The metadata is not deterministic and this needs to be fixed.
ERROR: When reparsing /home/deby/poky/meta-debian/recipes-kernel/linux-libc-headers/linux-libc-headers-base_git.bb.do_build, the basehash value changed from 7369e2c623d891a2ccf547f04fe5e1bff195ed81252ddb56c40b08f2411567ca to 46f8ae325fd2d1970831d9333f6058bef9ae920ed12f5b04ecc76373c522f821. The metadata is not deterministic and this needs to be fixed.
ERROR: When reparsing /home/deby/poky/meta-debian/recipes-kernel/linux-libc-headers/linux-libc-headers-base_git.bb.do_package_qa, the basehash value changed from 8d2444e3da64085078138474f2d7533f62b91b8c42d67883fb05a2cfcb8ef7af to 724471a2cc78b8154e7c2c11340b518c5d1582502b17cad6551ed4f33cc7dd34. The metadata is not deterministic and this needs to be fixed.
ERROR: When reparsing /home/deby/poky/meta-debian/recipes-kernel/linux-libc-headers/linux-libc-headers-base_git.bb.do_package, the basehash value changed from ee0f8955a6fa4872f093e7f5308ffc792aaade417d8d78aab0d5bd17af2a44b8 to d059dc3185e1441388eca0e873fad8ce2b48cf6bb441bfe777b047a137d0b98e. The metadata is not deterministic and this needs to be fixed.
ERROR: When reparsing /home/deby/poky/meta-debian/recipes-kernel/linux-libc-headers/linux-libc-headers-base_git.bb.do_packagedata, the basehash value changed from d62978895cd4584250e32610f39703889fe07332bde6de489bdecc19223832be to b324a4ff5e5740f258844368a0fd1c975d241a7f027aed29667518bd6ffc5a11. The metadata is not deterministic and this needs to be fixed.
ERROR: When reparsing /home/deby/poky/meta-debian/recipes-kernel/linux-libc-headers/linux-libc-headers-base_git.bb.do_package_write_deb, the basehash value changed from 3812d71c1c2c8d675ade0d8272e1e656294780ba57c589d3b6d72fc321a4e97c to 036e94c7649da219d1d288ba1bd197bd0f6c3ac5f58597e8e819db18d618f947. The metadata is not deterministic and this needs to be fixed.
ERROR: When reparsing /home/deby/poky/meta-debian/recipes-kernel/linux-libc-headers/linux-libc-headers-base_git.bb.do_populate_lic, the basehash value changed from 2c435bee7f0a86ba1438e6efedd363a9365a3f4d70d106989cbd9743e91665d5 to 0537cd3624b2d5cef2e75dd6df619cd31002d85d927c6ee1ca147b354570eff1. The metadata is not deterministic and this needs to be fixed.
ERROR: When reparsing /home/deby/poky/meta-debian/recipes-kernel/linux-libc-headers/linux-libc-headers-base_git.bb.do_patch, the basehash value changed from 794aba43c93b827ab8dad47165be6be0d8f92f251bd262635c22313e23128daa to ad76c34176c05413e9fb00995196d5015fc81c93587134874abe5c331acef982. The metadata is not deterministic and this needs to be fixed.
ERROR: When reparsing /home/deby/poky/meta-debian/recipes-kernel/linux-libc-headers/linux-libc-headers-base_git.bb.do_populate_sysroot, the basehash value changed from 14b19526286ce86ce315b1d21d15264a095d2adc8b56f717f37a6704f496dc96 to b520a91617182bf39bac5bffc2769f087d09752f2331420c66eb95d93f1e3778. The metadata is not deterministic and this needs to be fixed.
ERROR: When reparsing /home/deby/poky/meta-debian/recipes-kernel/linux-libc-headers/linux-libc-headers-base_git.bb.do_fetch, the basehash value changed from 612966a9e422c3ad520ad3dc56062fa88dd219ff867e4aaa1064a9b4f8fe3459 to cf9bd22e1e62bc0dd535e536790ffe0c4d355e13de25d0312c96d13bca265874. The metadata is not deterministic and this needs to be fixed.
ERROR: When reparsing /home/deby/poky/meta-debian/recipes-kernel/linux-libc-headers/linux-libc-headers-base_git.bb.do_configure, the basehash value changed from 731fa69b243b1450269294f0fcb3be8d432d1a204f5d6ea9364497af0fdf12ab to 79bd795c7630e12fed2cf1073c0a1df64f47d1a454b5d398f37582a9e9cde9e4. The metadata is not deterministic and this needs to be fixed.
ERROR: When reparsing /home/deby/poky/meta-debian/recipes-kernel/linux-libc-headers/linux-libc-headers-base_git.bb.do_compile, the basehash value changed from 88ad2aa8327e792615525aac80fcaffb71673c0ce32e842ab8c253ca8c133422 to 988f097efba01acc7ea55213bcc1b331fa259b0a4f3d8aa6426f9ad69ef1f759. The metadata is not deterministic and this needs to be fixed.
ERROR: When reparsing /home/deby/poky/meta-debian/recipes-kernel/linux-libc-headers/linux-libc-headers-base_git.bb.do_install, the basehash value changed from 8d2de69f29699147c04e7a9f5b67fb587b83eaa5bd780596a199c7b283c31288 to c5eacde641ba8826c2f3db5531560719d37c7192494b98c83c0ec312b4d05499. The metadata is not deterministic and this needs to be fixed.
ERROR: When reparsing /home/deby/poky/meta-debian/recipes-kernel/linux-libc-headers/linux-libc-headers-base_git.bb.do_build, the basehash value changed from 7369e2c623d891a2ccf547f04fe5e1bff195ed81252ddb56c40b08f2411567ca to 46f8ae325fd2d1970831d9333f6058bef9ae920ed12f5b04ecc76373c522f821. The metadata is not deterministic and this needs to be fixed.
ERROR: When reparsing /home/deby/poky/meta-debian/recipes-kernel/linux-libc-headers/linux-libc-headers-base_git.bb.do_package_qa, the basehash value changed from 8d2444e3da64085078138474f2d7533f62b91b8c42d67883fb05a2cfcb8ef7af to 724471a2cc78b8154e7c2c11340b518c5d1582502b17cad6551ed4f33cc7dd34. The metadata is not deterministic and this needs to be fixed.
ERROR: When reparsing /home/deby/poky/meta-debian/recipes-kernel/linux-libc-headers/linux-libc-headers-base_git.bb.do_package, the basehash value changed from ee0f8955a6fa4872f093e7f5308ffc792aaade417d8d78aab0d5bd17af2a44b8 to d059dc3185e1441388eca0e873fad8ce2b48cf6bb441bfe777b047a137d0b98e. The metadata is not deterministic and this needs to be fixed.
ERROR: When reparsing /home/deby/poky/meta-debian/recipes-kernel/linux-libc-headers/linux-libc-headers-base_git.bb.do_packagedata, the basehash value changed from d62978895cd4584250e32610f39703889fe07332bde6de489bdecc19223832be to b324a4ff5e5740f258844368a0fd1c975d241a7f027aed29667518bd6ffc5a11. The metadata is not deterministic and this needs to be fixed.
ERROR: When reparsing /home/deby/poky/meta-debian/recipes-kernel/linux-libc-headers/linux-libc-headers-base_git.bb.do_package_write_deb, the basehash value changed from 3812d71c1c2c8d675ade0d8272e1e656294780ba57c589d3b6d72fc321a4e97c to 036e94c7649da219d1d288ba1bd197bd0f6c3ac5f58597e8e819db18d618f947. The metadata is not deterministic and this needs to be fixed.
ERROR: When reparsing /home/deby/poky/meta-debian/recipes-kernel/linux-libc-headers/linux-libc-headers-base_git.bb.do_populate_lic, the basehash value changed from 2c435bee7f0a86ba1438e6efedd363a9365a3f4d70d106989cbd9743e91665d5 to 0537cd3624b2d5cef2e75dd6df619cd31002d85d927c6ee1ca147b354570eff1. The metadata is not deterministic and this needs to be fixed.
NOTE: recipe linux-libc-headers-base-gitAUTOINC+2951eded01-r0: task do_package_write_deb: Started
NOTE: recipe linux-libc-headers-base-gitAUTOINC+2951eded01-r0: task do_package_qa: Started
ERROR: linux-libc-headers-base-gitAUTOINC+2951eded01-r0 do_package_qa: Taskhash mismatch 4eabb6289d80a7ba012b74c25ba01ef645b199e334f8d9cb87ffbdc76b15e9f8 versus 573240d486e9a3461dc4b2565441ad0b9235e94c1ce3f79e2847c324d472ccf8 for /home/deby/poky/meta-debian/recipes-kernel/linux-libc-headers/linux-libc-headers-base_git.bb.do_package_qa
NOTE: recipe linux-libc-headers-base-gitAUTOINC+2951eded01-r0: task do_package_qa: Succeeded
ERROR: Taskhash mismatch 4eabb6289d80a7ba012b74c25ba01ef645b199e334f8d9cb87ffbdc76b15e9f8 versus 573240d486e9a3461dc4b2565441ad0b9235e94c1ce3f79e2847c324d472ccf8 for /home/deby/poky/meta-debian/recipes-kernel/linux-libc-headers/linux-libc-headers-base_git.bb.do_package_qa
ERROR: linux-libc-headers-base-gitAUTOINC+2951eded01-r0 do_package_write_deb: Taskhash mismatch 8d527ffd38fc5503659cbc3207008b7c0e42fbb27f7fc6df2ec254835e95d271 versus 2c6c27f8775bcbbfbe715290d8f87c1ef918d976d57b46498b9da554654c2daf for /home/deby/poky/meta-debian/recipes-kernel/linux-libc-headers/linux-libc-headers-base_git.bb.do_package_write_deb
NOTE: recipe linux-libc-headers-base-gitAUTOINC+2951eded01-r0: task do_package_write_deb: Succeeded
ERROR: Taskhash mismatch 8d527ffd38fc5503659cbc3207008b7c0e42fbb27f7fc6df2ec254835e95d271 versus 2c6c27f8775bcbbfbe715290d8f87c1ef918d976d57b46498b9da554654c2daf for /home/deby/poky/meta-debian/recipes-kernel/linux-libc-headers/linux-libc-headers-base_git.bb.do_package_write_deb
NOTE: Running noexec task 412 of 412 (/home/deby/poky/meta-debian/recipes-kernel/linux-libc-headers/linux-libc-headers-base_git.bb:do_build)
NOTE: Tasks Summary: Attempted 412 tasks of which 398 didn't need to be rerun and all succeeded.

Summary: There was 1 WARNING message shown.
Summary: There were 234 ERROR messages shown, returning a non-zero exit code.
