Loading cache...done.
Loaded 1746 entries from dependency cache.
Parsing recipes...done.
Parsing of 992 .bb files complete (990 cached, 2 parsed). 1733 targets, 62 skipped, 0 masked, 0 errors.
NOTE: Resolving any missing task queue dependencies

Build Configuration:
BB_VERSION           = "1.42.0"
BUILD_SYS            = "x86_64-linux"
NATIVELSBSTRING      = "universal"
TARGET_SYS           = "arm-deby-linux-gnueabi"
MACHINE              = "qemuarm"
DISTRO               = "deby"
DISTRO_VERSION       = "10.0"
TUNE_FEATURES        = "arm armv7ve vfp thumb neon callconvention-hard"
TARGET_FPU           = "hard"
meta                 
meta-poky            = "warrior:79a850a10a4b88a6d20d607b322542f947874323"
meta-debian          = "warrior:f7512bd96372e67fe4288cb5cb61cf52d282dd4e"

Initialising tasks...done.
Sstate summary: Wanted 5 Found 0 Missed 5 Current 420 (0% match, 98% complete)
NOTE: Executing SetScene Tasks
NOTE: Executing RunQueue Tasks
NOTE: Running task 1618 of 1960 (/home/deby/poky/meta-debian/recipes-debian/sudo/sudo_debian.bb:do_prepare_recipe_sysroot)
NOTE: recipe sudo-1.8.27-r0: task do_prepare_recipe_sysroot: Started
NOTE: recipe sudo-1.8.27-r0: task do_prepare_recipe_sysroot: Succeeded
NOTE: Running task 1952 of 1960 (/home/deby/poky/meta-debian/recipes-debian/sudo/sudo_debian.bb:do_configure)
NOTE: recipe sudo-1.8.27-r0: task do_configure: Started
NOTE: recipe sudo-1.8.27-r0: task do_configure: Succeeded
NOTE: Running task 1953 of 1960 (/home/deby/poky/meta-debian/recipes-debian/sudo/sudo_debian.bb:do_compile)
NOTE: recipe sudo-1.8.27-r0: task do_compile: Started
NOTE: recipe sudo-1.8.27-r0: task do_compile: Succeeded
NOTE: Running task 1954 of 1960 (/home/deby/poky/meta-debian/recipes-debian/sudo/sudo_debian.bb:do_install)
NOTE: recipe sudo-1.8.27-r0: task do_install: Started
NOTE: recipe sudo-1.8.27-r0: task do_install: Succeeded
NOTE: Running task 1955 of 1960 (/home/deby/poky/meta-debian/recipes-debian/sudo/sudo_debian.bb:do_package)
NOTE: Running task 1956 of 1960 (/home/deby/poky/meta-debian/recipes-debian/sudo/sudo_debian.bb:do_populate_sysroot)
NOTE: recipe sudo-1.8.27-r0: task do_package: Started
NOTE: recipe sudo-1.8.27-r0: task do_populate_sysroot: Started
NOTE: recipe sudo-1.8.27-r0: task do_populate_sysroot: Succeeded
NOTE: recipe sudo-1.8.27-r0: task do_package: Succeeded
NOTE: Running task 1957 of 1960 (/home/deby/poky/meta-debian/recipes-debian/sudo/sudo_debian.bb:do_packagedata)
NOTE: recipe sudo-1.8.27-r0: task do_packagedata: Started
NOTE: recipe sudo-1.8.27-r0: task do_packagedata: Succeeded
NOTE: Running task 1958 of 1960 (/home/deby/poky/meta-debian/recipes-debian/sudo/sudo_debian.bb:do_package_write_deb)
NOTE: Running task 1959 of 1960 (/home/deby/poky/meta-debian/recipes-debian/sudo/sudo_debian.bb:do_package_qa)
NOTE: recipe sudo-1.8.27-r0: task do_package_write_deb: Started
NOTE: recipe sudo-1.8.27-r0: task do_package_qa: Started
NOTE: recipe sudo-1.8.27-r0: task do_package_qa: Succeeded
NOTE: recipe sudo-1.8.27-r0: task do_package_write_deb: Succeeded
NOTE: Running noexec task 1960 of 1960 (/home/deby/poky/meta-debian/recipes-debian/sudo/sudo_debian.bb:do_build)
NOTE: Tasks Summary: Attempted 1960 tasks of which 1950 didn't need to be rerun and all succeeded.
