Loading cache...done.
Loaded 1825 entries from dependency cache.
Parsing recipes...done.
Parsing of 1043 .bb files complete (1041 cached, 2 parsed). 1828 targets, 237 skipped, 0 masked, 0 errors.
NOTE: Resolving any missing task queue dependencies

Build Configuration:
BB_VERSION           = "1.42.0"
BUILD_SYS            = "x86_64-linux"
NATIVELSBSTRING      = "universal"
TARGET_SYS           = "powerpc-deby-linux"
MACHINE              = "qemuppc"
DISTRO               = "deby-tiny"
DISTRO_VERSION       = "10.0"
TUNE_FEATURES        = "m32 fpu-hard ppc7400 altivec"
TARGET_FPU           = ""
meta                 
meta-poky            = "warrior:79a850a10a4b88a6d20d607b322542f947874323"
meta-debian          = "warrior:fda6a80e4cae9aa03f502551f35fe41beb7bb944"

Initialising tasks...done.
Sstate summary: Wanted 29 Found 0 Missed 29 Current 218 (0% match, 88% complete)
NOTE: Executing SetScene Tasks
NOTE: Executing RunQueue Tasks
NOTE: Running task 742 of 1235 (/home/deby/poky/meta-debian/recipes-debian/selinux/libsepol_debian.bb:do_fetch)
NOTE: Running task 828 of 1235 (/home/deby/poky/meta-debian/recipes-debian/selinux/libselinux_debian.bb:do_fetch)
NOTE: Running task 829 of 1235 (/home/deby/poky/meta-debian/recipes-debian/libmhash/libmhash_debian.bb:do_fetch)
NOTE: Running task 832 of 1235 (/home/deby/poky/meta-debian/recipes-debian/e2fsprogs/e2fsprogs_debian.bb:do_fetch)
NOTE: Running task 958 of 1235 (/home/deby/poky/meta-debian/recipes-debian/aide/aide_debian.bb:do_fetch)
NOTE: Running task 991 of 1235 (/home/deby/poky/meta-debian/recipes-debian/python/python_debian.bb:do_package)
NOTE: recipe libsepol-2.8-r0: task do_fetch: Started
NOTE: recipe libselinux-2.8-r0: task do_fetch: Started
NOTE: recipe aide-0.16.1-r0: task do_fetch: Started
NOTE: recipe libmhash-0.9.9.9-r0: task do_fetch: Started
NOTE: recipe e2fsprogs-1.44.5-r0: task do_fetch: Started
NOTE: recipe libsepol-2.8-r0: task do_fetch: Succeeded
NOTE: recipe libselinux-2.8-r0: task do_fetch: Succeeded
NOTE: recipe libmhash-0.9.9.9-r0: task do_fetch: Succeeded
NOTE: recipe aide-0.16.1-r0: task do_fetch: Succeeded
NOTE: recipe e2fsprogs-1.44.5-r0: task do_fetch: Succeeded
NOTE: Running task 993 of 1235 (/home/deby/poky/meta-debian/recipes-debian/selinux/libsepol_debian.bb:do_unpack)
NOTE: Running task 994 of 1235 (/home/deby/poky/meta-debian/recipes-debian/selinux/libselinux_debian.bb:do_unpack)
NOTE: Running task 995 of 1235 (/home/deby/poky/meta-debian/recipes-debian/libmhash/libmhash_debian.bb:do_unpack)
NOTE: Running task 996 of 1235 (/home/deby/poky/meta-debian/recipes-debian/e2fsprogs/e2fsprogs_debian.bb:do_unpack)
NOTE: Running task 997 of 1235 (/home/deby/poky/meta-debian/recipes-debian/selinux/libsepol_debian.bb:do_prepare_recipe_sysroot)
NOTE: Running task 998 of 1235 (/home/deby/poky/meta-debian/recipes-debian/aide/aide_debian.bb:do_unpack)
NOTE: Running task 1023 of 1235 (/home/deby/poky/meta-debian/recipes-debian/libmhash/libmhash_debian.bb:do_prepare_recipe_sysroot)
NOTE: Running task 1028 of 1235 (/home/deby/poky/meta-debian/recipes-debian/e2fsprogs/e2fsprogs_debian.bb:do_prepare_recipe_sysroot)
NOTE: Running task 1032 of 1235 (/home/deby/poky/meta-debian/recipes-debian/audit/audit_debian.bb:do_compile)
NOTE: recipe libsepol-2.8-r0: task do_prepare_recipe_sysroot: Started
NOTE: recipe libsepol-2.8-r0: task do_unpack: Started
NOTE: recipe libselinux-2.8-r0: task do_unpack: Started
NOTE: recipe aide-0.16.1-r0: task do_unpack: Started
NOTE: recipe libmhash-0.9.9.9-r0: task do_prepare_recipe_sysroot: Started
NOTE: recipe libmhash-0.9.9.9-r0: task do_unpack: Started
NOTE: recipe e2fsprogs-1.44.5-r0: task do_unpack: Started
NOTE: recipe e2fsprogs-1.44.5-r0: task do_prepare_recipe_sysroot: Started
NOTE: recipe audit-2.8.4-r0: task do_compile: Started
NOTE: recipe libsepol-2.8-r0: task do_unpack: Succeeded
NOTE: Running task 1174 of 1235 (/home/deby/poky/meta-debian/recipes-debian/selinux/libsepol_debian.bb:do_debian_unpack_extra)
NOTE: recipe libsepol-2.8-r0: task do_debian_unpack_extra: Started
NOTE: recipe aide-0.16.1-r0: task do_unpack: Succeeded
NOTE: Running task 1175 of 1235 (/home/deby/poky/meta-debian/recipes-debian/aide/aide_debian.bb:do_debian_unpack_extra)
NOTE: recipe libsepol-2.8-r0: task do_debian_unpack_extra: Succeeded
NOTE: Running task 1176 of 1235 (/home/deby/poky/meta-debian/recipes-debian/selinux/libsepol_debian.bb:do_debian_patch)
NOTE: recipe libselinux-2.8-r0: task do_unpack: Succeeded
NOTE: recipe aide-0.16.1-r0: task do_debian_unpack_extra: Started
NOTE: Running task 1177 of 1235 (/home/deby/poky/meta-debian/recipes-debian/selinux/libselinux_debian.bb:do_debian_unpack_extra)
NOTE: recipe libsepol-2.8-r0: task do_debian_patch: Started
NOTE: recipe aide-0.16.1-r0: task do_debian_unpack_extra: Succeeded
NOTE: Running task 1178 of 1235 (/home/deby/poky/meta-debian/recipes-debian/aide/aide_debian.bb:do_debian_patch)
NOTE: recipe libmhash-0.9.9.9-r0: task do_unpack: Succeeded
NOTE: Running task 1179 of 1235 (/home/deby/poky/meta-debian/recipes-debian/libmhash/libmhash_debian.bb:do_debian_unpack_extra)
NOTE: recipe libselinux-2.8-r0: task do_debian_unpack_extra: Started
NOTE: recipe python-2.7.16-r0: task do_package: Started
NOTE: recipe libmhash-0.9.9.9-r0: task do_debian_unpack_extra: Started
NOTE: recipe aide-0.16.1-r0: task do_debian_patch: Started
NOTE: recipe libselinux-2.8-r0: task do_debian_unpack_extra: Succeeded
NOTE: Running task 1180 of 1235 (/home/deby/poky/meta-debian/recipes-debian/selinux/libselinux_debian.bb:do_debian_patch)
NOTE: recipe libmhash-0.9.9.9-r0: task do_debian_unpack_extra: Succeeded
NOTE: Running task 1181 of 1235 (/home/deby/poky/meta-debian/recipes-debian/libmhash/libmhash_debian.bb:do_debian_patch)
NOTE: recipe libselinux-2.8-r0: task do_debian_patch: Started
NOTE: recipe libselinux-2.8-r0: task do_debian_patch: Succeeded
NOTE: recipe libmhash-0.9.9.9-r0: task do_debian_patch: Started
NOTE: Running task 1182 of 1235 (/home/deby/poky/meta-debian/recipes-debian/selinux/libselinux_debian.bb:do_patch)
NOTE: recipe aide-0.16.1-r0: task do_debian_patch: Succeeded
NOTE: Running task 1183 of 1235 (/home/deby/poky/meta-debian/recipes-debian/aide/aide_debian.bb:do_patch)
NOTE: recipe libselinux-2.8-r0: task do_patch: Started
NOTE: recipe aide-0.16.1-r0: task do_patch: Started
NOTE: recipe aide-0.16.1-r0: task do_patch: Succeeded
NOTE: Running task 1184 of 1235 (/home/deby/poky/meta-debian/recipes-debian/aide/aide_debian.bb:do_populate_lic)
NOTE: recipe aide-0.16.1-r0: task do_populate_lic: Started
NOTE: recipe e2fsprogs-1.44.5-r0: task do_unpack: Succeeded
NOTE: Running task 1185 of 1235 (/home/deby/poky/meta-debian/recipes-debian/e2fsprogs/e2fsprogs_debian.bb:do_debian_unpack_extra)
NOTE: recipe libsepol-2.8-r0: task do_prepare_recipe_sysroot: Succeeded
NOTE: recipe e2fsprogs-1.44.5-r0: task do_debian_unpack_extra: Started
NOTE: recipe aide-0.16.1-r0: task do_populate_lic: Succeeded
NOTE: recipe libmhash-0.9.9.9-r0: task do_prepare_recipe_sysroot: Succeeded
NOTE: recipe libsepol-2.8-r0: task do_debian_patch: Succeeded
NOTE: Running task 1186 of 1235 (/home/deby/poky/meta-debian/recipes-debian/selinux/libsepol_debian.bb:do_patch)
NOTE: recipe e2fsprogs-1.44.5-r0: task do_debian_unpack_extra: Succeeded
NOTE: Running task 1187 of 1235 (/home/deby/poky/meta-debian/recipes-debian/e2fsprogs/e2fsprogs_debian.bb:do_debian_patch)
NOTE: recipe libsepol-2.8-r0: task do_patch: Started
NOTE: recipe e2fsprogs-1.44.5-r0: task do_debian_patch: Started
NOTE: recipe libmhash-0.9.9.9-r0: task do_debian_patch: Succeeded
NOTE: Running task 1188 of 1235 (/home/deby/poky/meta-debian/recipes-debian/libmhash/libmhash_debian.bb:do_patch)
NOTE: recipe libsepol-2.8-r0: task do_patch: Succeeded
NOTE: Running task 1189 of 1235 (/home/deby/poky/meta-debian/recipes-debian/selinux/libsepol_debian.bb:do_configure)
NOTE: recipe libselinux-2.8-r0: task do_patch: Succeeded
NOTE: recipe libsepol-2.8-r0: task do_configure: Started
NOTE: recipe libmhash-0.9.9.9-r0: task do_patch: Started
NOTE: recipe libsepol-2.8-r0: task do_configure: Succeeded
NOTE: Running task 1190 of 1235 (/home/deby/poky/meta-debian/recipes-debian/selinux/libsepol_debian.bb:do_compile)
NOTE: recipe libmhash-0.9.9.9-r0: task do_patch: Succeeded
NOTE: Running task 1191 of 1235 (/home/deby/poky/meta-debian/recipes-debian/libmhash/libmhash_debian.bb:do_configure)
NOTE: recipe libsepol-2.8-r0: task do_compile: Started
NOTE: recipe libmhash-0.9.9.9-r0: task do_configure: Started
NOTE: recipe e2fsprogs-1.44.5-r0: task do_prepare_recipe_sysroot: Succeeded
NOTE: recipe e2fsprogs-1.44.5-r0: task do_debian_patch: Succeeded
NOTE: Running task 1192 of 1235 (/home/deby/poky/meta-debian/recipes-debian/e2fsprogs/e2fsprogs_debian.bb:do_patch)
NOTE: recipe e2fsprogs-1.44.5-r0: task do_patch: Started
NOTE: recipe e2fsprogs-1.44.5-r0: task do_patch: Succeeded
NOTE: Running task 1193 of 1235 (/home/deby/poky/meta-debian/recipes-debian/e2fsprogs/e2fsprogs_debian.bb:do_configure)
NOTE: recipe e2fsprogs-1.44.5-r0: task do_configure: Started
NOTE: recipe libsepol-2.8-r0: task do_compile: Succeeded
NOTE: Running task 1194 of 1235 (/home/deby/poky/meta-debian/recipes-debian/selinux/libsepol_debian.bb:do_install)
NOTE: recipe libsepol-2.8-r0: task do_install: Started
NOTE: recipe libsepol-2.8-r0: task do_install: Succeeded
NOTE: Running task 1195 of 1235 (/home/deby/poky/meta-debian/recipes-debian/selinux/libsepol_debian.bb:do_populate_sysroot)
NOTE: Running task 1196 of 1235 (/home/deby/poky/meta-debian/recipes-debian/selinux/libsepol_debian.bb:do_package)
NOTE: recipe libsepol-2.8-r0: task do_populate_sysroot: Started
NOTE: recipe libsepol-2.8-r0: task do_package: Started
NOTE: recipe libsepol-2.8-r0: task do_populate_sysroot: Succeeded
NOTE: Running task 1197 of 1235 (/home/deby/poky/meta-debian/recipes-debian/selinux/libselinux_debian.bb:do_prepare_recipe_sysroot)
NOTE: recipe libselinux-2.8-r0: task do_prepare_recipe_sysroot: Started
NOTE: recipe libselinux-2.8-r0: task do_prepare_recipe_sysroot: Succeeded
NOTE: Running task 1198 of 1235 (/home/deby/poky/meta-debian/recipes-debian/selinux/libselinux_debian.bb:do_configure)
NOTE: recipe libselinux-2.8-r0: task do_configure: Started
NOTE: recipe libselinux-2.8-r0: task do_configure: Succeeded
NOTE: Running task 1199 of 1235 (/home/deby/poky/meta-debian/recipes-debian/selinux/libselinux_debian.bb:do_compile)
NOTE: recipe libselinux-2.8-r0: task do_compile: Started
NOTE: recipe audit-2.8.4-r0: task do_compile: Succeeded
NOTE: Running task 1200 of 1235 (/home/deby/poky/meta-debian/recipes-debian/audit/audit_debian.bb:do_install)
NOTE: recipe audit-2.8.4-r0: task do_install: Started
ERROR: python-2.7.16-r0 do_package: QA Issue: python: Files/directories were installed but not shipped in any package:
  /usr/lib/powerpc-linux-gnu
  /usr/lib/powerpc-linux-gnu/pkgconfig
  /usr/lib/powerpc-linux-gnu/pkgconfig/python-2.7.pc
  /usr/lib/powerpc-linux-gnu/pkgconfig/python2.pc
  /usr/lib/powerpc-linux-gnu/pkgconfig/python.pc
Please set FILES such that these items are packaged. Alternatively if they are unneeded, avoid installing them or delete them within do_install.
python: 5 installed and not shipped files. [installed-vs-shipped]
NOTE: recipe libmhash-0.9.9.9-r0: task do_configure: Succeeded
NOTE: Running task 1201 of 1235 (/home/deby/poky/meta-debian/recipes-debian/libmhash/libmhash_debian.bb:do_compile)
NOTE: recipe libmhash-0.9.9.9-r0: task do_compile: Started
NOTE: recipe audit-2.8.4-r0: task do_install: Succeeded
NOTE: Running task 1202 of 1235 (/home/deby/poky/meta-debian/recipes-debian/audit/audit_debian.bb:do_populate_sysroot)
NOTE: recipe audit-2.8.4-r0: task do_populate_sysroot: Started
NOTE: recipe libselinux-2.8-r0: task do_compile: Succeeded
NOTE: Running task 1203 of 1235 (/home/deby/poky/meta-debian/recipes-debian/selinux/libselinux_debian.bb:do_install)
NOTE: recipe audit-2.8.4-r0: task do_populate_sysroot: Succeeded
NOTE: recipe libselinux-2.8-r0: task do_install: Started
NOTE: recipe libmhash-0.9.9.9-r0: task do_compile: Succeeded
NOTE: Running task 1204 of 1235 (/home/deby/poky/meta-debian/recipes-debian/libmhash/libmhash_debian.bb:do_install)
NOTE: recipe libmhash-0.9.9.9-r0: task do_install: Started
NOTE: recipe libmhash-0.9.9.9-r0: task do_install: Succeeded
NOTE: Running task 1205 of 1235 (/home/deby/poky/meta-debian/recipes-debian/libmhash/libmhash_debian.bb:do_package)
NOTE: Running task 1206 of 1235 (/home/deby/poky/meta-debian/recipes-debian/libmhash/libmhash_debian.bb:do_populate_sysroot)
NOTE: recipe libmhash-0.9.9.9-r0: task do_populate_sysroot: Started
NOTE: recipe libmhash-0.9.9.9-r0: task do_populate_sysroot: Succeeded
NOTE: recipe libmhash-0.9.9.9-r0: task do_package: Started
NOTE: recipe libsepol-2.8-r0: task do_package: Succeeded
NOTE: Running task 1207 of 1235 (/home/deby/poky/meta-debian/recipes-debian/selinux/libsepol_debian.bb:do_packagedata)
NOTE: recipe libsepol-2.8-r0: task do_packagedata: Started
NOTE: recipe libsepol-2.8-r0: task do_packagedata: Succeeded
NOTE: Running task 1208 of 1235 (/home/deby/poky/meta-debian/recipes-debian/selinux/libsepol_debian.bb:do_package_write_deb)
NOTE: recipe libsepol-2.8-r0: task do_package_write_deb: Started
NOTE: recipe libselinux-2.8-r0: task do_install: Succeeded
NOTE: Running task 1209 of 1235 (/home/deby/poky/meta-debian/recipes-debian/selinux/libselinux_debian.bb:do_populate_sysroot)
NOTE: recipe libselinux-2.8-r0: task do_populate_sysroot: Started
NOTE: recipe libselinux-2.8-r0: task do_populate_sysroot: Succeeded
NOTE: recipe libsepol-2.8-r0: task do_package_write_deb: Succeeded
ERROR: python-2.7.16-r0 do_package: Fatal QA errors found, failing task.
ERROR: python-2.7.16-r0 do_package: 
ERROR: python-2.7.16-r0 do_package: Function failed: do_package
ERROR: Logfile of failure stored in: /home/deby/build-tiny/tmp/work/ppc7400-deby-linux/python/2.7.16-r0/temp/log.do_package.9786
NOTE: recipe python-2.7.16-r0: task do_package: Failed
ERROR: Task (/home/deby/poky/meta-debian/recipes-debian/python/python_debian.bb:do_package) failed with exit code '1'
NOTE: recipe libmhash-0.9.9.9-r0: task do_package: Succeeded
NOTE: recipe e2fsprogs-1.44.5-r0: task do_configure: Succeeded
NOTE: Tasks Summary: Attempted 1209 tasks of which 1158 didn't need to be rerun and 1 failed.

Summary: 1 task failed:
  /home/deby/poky/meta-debian/recipes-debian/python/python_debian.bb:do_package
Summary: There were 4 ERROR messages shown, returning a non-zero exit code.
