WARNING: Host distribution "debian-10" has not been validated with this version of the build system; you may possibly experience unexpected failures. It is recommended that you use a tested distribution.
Loading cache...done.
Loaded 1440 entries from dependency cache.
NOTE: Resolving any missing task queue dependencies

Build Configuration:
BB_VERSION           = "1.42.0"
BUILD_SYS            = "x86_64-linux"
NATIVELSBSTRING      = "universal"
TARGET_SYS           = "powerpc-deby-linux"
MACHINE              = "qemuppc"
DISTRO               = "deby-tiny"
DISTRO_VERSION       = "10.0"
TUNE_FEATURES        = "m32 fpu-hard ppc7400 altivec"
TARGET_FPU           = ""
meta                 
meta-poky            = "warrior:51223035e66c5b27799b15a0f8ebe75d24d3971b"
meta-debian          = "warrior-trungdt:47b755ebe41c5afc0ea94d75b55c4f0efd8983fe"

Initialising tasks...done.
Sstate summary: Wanted 17 Found 17 Missed 0 Current 95 (100% match, 100% complete)
NOTE: Executing SetScene Tasks
NOTE: Running setscene task 96 of 112 (/home/deby/poky/meta-debian/recipes-debian/curl/curl_debian.bb:do_populate_sysroot_setscene)
NOTE: Running setscene task 97 of 112 (/home/deby/poky/meta-debian/recipes-debian/curl/curl_debian.bb:do_package_qa_setscene)
NOTE: Running setscene task 98 of 112 (/home/deby/poky/meta-debian/recipes-debian/curl/curl_debian.bb:do_package_write_deb_setscene)
NOTE: Running setscene task 99 of 112 (/home/deby/poky/meta/recipes-support/gnutls/gnutls_3.6.7.bb:do_package_write_deb_setscene)
NOTE: Running setscene task 100 of 112 (/home/deby/poky/meta/recipes-support/libunistring/libunistring_0.9.10.bb:do_package_write_deb_setscene)
NOTE: Running setscene task 101 of 112 (/home/deby/poky/meta/recipes-extended/libidn/libidn2_2.0.5.bb:do_package_write_deb_setscene)
NOTE: Running setscene task 102 of 112 (/home/deby/poky/meta/recipes-support/nettle/nettle_3.4.1.bb:do_package_write_deb_setscene)
NOTE: recipe libunistring-0.9.10-r0: task do_package_write_deb_setscene: Started
NOTE: recipe nettle-3.4.1-r0: task do_package_write_deb_setscene: Started
NOTE: recipe curl-7.64.0-r1: task do_package_write_deb_setscene: Started
NOTE: recipe curl-7.64.0-r1: task do_package_qa_setscene: Started
NOTE: recipe curl-7.64.0-r1: task do_populate_sysroot_setscene: Started
NOTE: recipe libidn2-2.0.5-r0: task do_package_write_deb_setscene: Started
NOTE: recipe gnutls-3.6.7-r0: task do_package_write_deb_setscene: Started
NOTE: recipe curl-7.64.0-r1: task do_package_qa_setscene: Succeeded
NOTE: recipe libidn2-2.0.5-r0: task do_package_write_deb_setscene: Succeeded
NOTE: Running setscene task 103 of 112 (/home/deby/poky/meta/recipes-extended/libidn/libidn2_2.0.5.bb:do_packagedata_setscene)
NOTE: recipe libidn2-2.0.5-r0: task do_packagedata_setscene: Started
NOTE: recipe curl-7.64.0-r1: task do_populate_sysroot_setscene: Succeeded
NOTE: Running setscene task 104 of 112 (/home/deby/poky/meta/recipes-support/gnutls/gnutls_3.6.7.bb:do_populate_sysroot_setscene)
NOTE: recipe gnutls-3.6.7-r0: task do_populate_sysroot_setscene: Started
NOTE: recipe libunistring-0.9.10-r0: task do_package_write_deb_setscene: Succeeded
NOTE: Running setscene task 105 of 112 (/home/deby/poky/meta/recipes-support/libunistring/libunistring_0.9.10.bb:do_packagedata_setscene)
NOTE: recipe curl-7.64.0-r1: task do_package_write_deb_setscene: Succeeded
NOTE: Running setscene task 106 of 112 (/home/deby/poky/meta-debian/recipes-debian/curl/curl_debian.bb:do_packagedata_setscene)
NOTE: recipe libunistring-0.9.10-r0: task do_packagedata_setscene: Started
NOTE: recipe curl-7.64.0-r1: task do_packagedata_setscene: Started
NOTE: recipe nettle-3.4.1-r0: task do_package_write_deb_setscene: Succeeded
NOTE: Running setscene task 107 of 112 (/home/deby/poky/meta/recipes-support/nettle/nettle_3.4.1.bb:do_packagedata_setscene)
NOTE: recipe nettle-3.4.1-r0: task do_packagedata_setscene: Started
NOTE: recipe gnutls-3.6.7-r0: task do_package_write_deb_setscene: Succeeded
NOTE: Running setscene task 108 of 112 (/home/deby/poky/meta/recipes-support/gnutls/gnutls_3.6.7.bb:do_packagedata_setscene)
NOTE: recipe gnutls-3.6.7-r0: task do_packagedata_setscene: Started
NOTE: recipe gnutls-3.6.7-r0: task do_populate_sysroot_setscene: Succeeded
NOTE: Running setscene task 109 of 112 (/home/deby/poky/meta/recipes-extended/libidn/libidn2_2.0.5.bb:do_populate_sysroot_setscene)
NOTE: Running setscene task 110 of 112 (/home/deby/poky/meta/recipes-support/nettle/nettle_3.4.1.bb:do_populate_sysroot_setscene)
NOTE: recipe libidn2-2.0.5-r0: task do_packagedata_setscene: Succeeded
NOTE: recipe libidn2-2.0.5-r0: task do_populate_sysroot_setscene: Started
NOTE: recipe nettle-3.4.1-r0: task do_populate_sysroot_setscene: Started
NOTE: recipe libidn2-2.0.5-r0: task do_populate_sysroot_setscene: Succeeded
NOTE: Running setscene task 111 of 112 (/home/deby/poky/meta/recipes-support/libunistring/libunistring_0.9.10.bb:do_populate_sysroot_setscene)
NOTE: recipe curl-7.64.0-r1: task do_packagedata_setscene: Succeeded
NOTE: recipe nettle-3.4.1-r0: task do_packagedata_setscene: Succeeded
NOTE: recipe libunistring-0.9.10-r0: task do_packagedata_setscene: Succeeded
NOTE: recipe libunistring-0.9.10-r0: task do_populate_sysroot_setscene: Started
NOTE: recipe nettle-3.4.1-r0: task do_populate_sysroot_setscene: Succeeded
NOTE: recipe gnutls-3.6.7-r0: task do_packagedata_setscene: Succeeded
NOTE: recipe libunistring-0.9.10-r0: task do_populate_sysroot_setscene: Succeeded
NOTE: Executing RunQueue Tasks
NOTE: Running noexec task 640 of 640 (/home/deby/poky/meta-debian/recipes-debian/curl/curl_debian.bb:do_build)
NOTE: Tasks Summary: Attempted 640 tasks of which 639 didn't need to be rerun and all succeeded.

Summary: There was 1 WARNING message shown.
