Loading cache...done.
Loaded 1825 entries from dependency cache.
Parsing recipes...done.
Parsing of 1043 .bb files complete (1041 cached, 2 parsed). 1828 targets, 237 skipped, 0 masked, 0 errors.
NOTE: Resolving any missing task queue dependencies

Build Configuration:
BB_VERSION           = "1.42.0"
BUILD_SYS            = "x86_64-linux"
NATIVELSBSTRING      = "universal"
TARGET_SYS           = "powerpc-deby-linux"
MACHINE              = "qemuppc"
DISTRO               = "deby-tiny"
DISTRO_VERSION       = "10.0"
TUNE_FEATURES        = "m32 fpu-hard ppc7400 altivec"
TARGET_FPU           = ""
meta                 
meta-poky            = "warrior:79a850a10a4b88a6d20d607b322542f947874323"
meta-debian          = "warrior:fda6a80e4cae9aa03f502551f35fe41beb7bb944"

Initialising tasks...done.
Sstate summary: Wanted 76 Found 0 Missed 76 Current 192 (0% match, 71% complete)
NOTE: Executing SetScene Tasks
NOTE: Executing RunQueue Tasks
NOTE: Running task 750 of 1304 (/home/deby/poky/meta-debian/recipes-debian/python/python_debian.bb:do_package)
NOTE: Running task 751 of 1304 (/home/deby/poky/meta-debian/recipes-debian/libassuan/libassuan_debian.bb:do_fetch)
NOTE: Running task 807 of 1304 (/home/deby/poky/meta-debian/recipes-debian/librsync/librsync_debian.bb:do_fetch)
NOTE: Running task 834 of 1304 (/home/deby/poky/meta-debian/recipes-debian/npth/npth_debian.bb:do_fetch)
NOTE: Running task 835 of 1304 (/home/deby/poky/meta-debian/recipes-debian/libksba/libksba_debian.bb:do_fetch)
NOTE: Running task 868 of 1304 (/home/deby/poky/meta-debian/recipes-debian/duplicity/duplicity_debian.bb:do_fetch)
NOTE: Running task 883 of 1304 (/home/deby/poky/meta-debian/recipes-debian/python-cffi/python-cffi_debian.bb:do_fetch)
NOTE: Running task 884 of 1304 (/home/deby/poky/meta-debian/recipes-debian/python/python-six_debian.bb:do_fetch)
NOTE: Running task 885 of 1304 (/home/deby/poky/meta-debian/recipes-debian/python/python-monotonic_debian.bb:do_fetch)
NOTE: Running task 896 of 1304 (/home/deby/poky/meta-debian/recipes-debian/paramiko/python-paramiko_debian.bb:do_fetch)
NOTE: Running task 897 of 1304 (/home/deby/poky/meta-debian/recipes-debian/gnupg/gnupg_debian.bb:do_fetch)
NOTE: Running task 898 of 1304 (/home/deby/poky/meta-debian/recipes-debian/python/python-fasteners_debian.bb:do_fetch)
NOTE: Running task 899 of 1304 (/home/deby/poky/meta-debian/recipes-debian/lftp/lftp_debian.bb:do_fetch)
NOTE: Running task 909 of 1304 (/home/deby/poky/meta-debian/recipes-debian/ply/python-ply_debian.bb:do_fetch)
NOTE: Running task 911 of 1304 (/home/deby/poky/meta-debian/recipes-debian/pycparser/python-pycparser_debian.bb:do_fetch)
NOTE: Running task 912 of 1304 (/home/deby/poky/meta-debian/recipes-debian/asn1crypto/python-asn1crypto_debian.bb:do_fetch)
NOTE: recipe librsync-0.9.7-r0: task do_fetch: Started
NOTE: recipe lftp-4.8.4-r0: task do_fetch: Started
NOTE: recipe npth-1.6-r0: task do_fetch: Started
NOTE: recipe python-paramiko-2.4.2-r0: task do_fetch: Started
NOTE: recipe python-cffi-1.12.2-r0: task do_fetch: Started
NOTE: recipe python-asn1crypto-0.24.0-r0: task do_fetch: Started
NOTE: recipe duplicity-0.7.18.2-r0: task do_fetch: Started
NOTE: recipe python-pycparser-2.19-r0: task do_fetch: Started
NOTE: recipe python-ply-3.11-r0: task do_fetch: Started
NOTE: recipe python-six-1.12.0-r0: task do_fetch: Started
NOTE: recipe python-monotonic-1.1-r0: task do_fetch: Started
NOTE: recipe python-fasteners-0.12.0-r0: task do_fetch: Started
NOTE: recipe libksba-1.3.5-r0: task do_fetch: Started
NOTE: recipe gnupg-2.2.12-r0: task do_fetch: Started
NOTE: recipe libassuan-2.5.2-r0: task do_fetch: Started
NOTE: recipe python-pycparser-2.19-r0: task do_fetch: Succeeded
NOTE: Running task 913 of 1304 (/home/deby/poky/meta-debian/recipes-debian/python-ipaddress/python-ipaddress_debian.bb:do_fetch)
NOTE: recipe python-cffi-1.12.2-r0: task do_fetch: Succeeded
NOTE: recipe python-asn1crypto-0.24.0-r0: task do_fetch: Succeeded
NOTE: Running task 914 of 1304 (/home/deby/poky/meta-debian/recipes-debian/python-cffi/python-cffi_debian.bb:do_unpack)
NOTE: Running task 915 of 1304 (/home/deby/poky/meta-debian/recipes-debian/enum34/enum34_debian.bb:do_fetch)
NOTE: recipe python-paramiko-2.4.2-r0: task do_fetch: Succeeded
NOTE: Running task 917 of 1304 (/home/deby/poky/meta-debian/recipes-debian/python-nacl/python-nacl_debian.bb:do_fetch)
NOTE: recipe python-monotonic-1.1-r0: task do_fetch: Succeeded
NOTE: recipe python-ply-3.11-r0: task do_fetch: Succeeded
NOTE: Running task 918 of 1304 (/home/deby/poky/meta-debian/recipes-debian/python/python-monotonic_debian.bb:do_unpack)
NOTE: Running task 919 of 1304 (/home/deby/poky/meta-debian/recipes-debian/python-bcrypt/python-bcrypt_debian.bb:do_fetch)
NOTE: recipe lftp-4.8.4-r0: task do_fetch: Succeeded
NOTE: Running task 920 of 1304 (/home/deby/poky/meta-debian/recipes-debian/pyasn1/python-pyasn1_debian.bb:do_fetch)
NOTE: recipe duplicity-0.7.18.2-r0: task do_fetch: Succeeded
NOTE: Running task 921 of 1304 (/home/deby/poky/meta-debian/recipes-debian/duplicity/duplicity_debian.bb:do_unpack)
NOTE: recipe python-fasteners-0.12.0-r0: task do_fetch: Succeeded
NOTE: Running task 922 of 1304 (/home/deby/poky/meta-debian/recipes-debian/python-cryptography/python-cryptography_debian.bb:do_fetch)
NOTE: recipe python-cffi-1.12.2-r0: task do_unpack: Started
NOTE: recipe librsync-0.9.7-r0: task do_fetch: Succeeded
NOTE: Running task 923 of 1304 (/home/deby/poky/meta-debian/recipes-debian/librsync/librsync_debian.bb:do_unpack)
NOTE: recipe npth-1.6-r0: task do_fetch: Succeeded
NOTE: Running task 924 of 1304 (/home/deby/poky/meta-debian/recipes-debian/npth/npth_debian.bb:do_unpack)
NOTE: recipe python-six-1.12.0-r0: task do_fetch: Succeeded
NOTE: Running task 925 of 1304 (/home/deby/poky/meta-debian/recipes-debian/python/python-six_debian.bb:do_unpack)
NOTE: recipe python-monotonic-1.1-r0: task do_unpack: Started
NOTE: recipe libksba-1.3.5-r0: task do_fetch: Succeeded
NOTE: Running task 926 of 1304 (/home/deby/poky/meta-debian/recipes-debian/libksba/libksba_debian.bb:do_unpack)
NOTE: recipe duplicity-0.7.18.2-r0: task do_unpack: Started
NOTE: recipe libassuan-2.5.2-r0: task do_fetch: Succeeded
NOTE: Running task 927 of 1304 (/home/deby/poky/meta-debian/recipes-debian/libassuan/libassuan_debian.bb:do_unpack)
NOTE: recipe gnupg-2.2.12-r0: task do_fetch: Succeeded
NOTE: recipe librsync-0.9.7-r0: task do_unpack: Started
NOTE: Running task 928 of 1304 (/home/deby/poky/meta-debian/recipes-debian/libassuan/libassuan_debian.bb:do_prepare_recipe_sysroot)
NOTE: recipe python-ipaddress-1.0.17-r0: task do_fetch: Started
NOTE: recipe enum34-1.1.6-r0: task do_fetch: Started
NOTE: recipe python-cryptography-2.6.1-r0: task do_fetch: Started
NOTE: recipe python-nacl-1.3.0-r0: task do_fetch: Started
NOTE: recipe python-bcrypt-3.1.6-r0: task do_fetch: Started
NOTE: recipe npth-1.6-r0: task do_unpack: Started
NOTE: recipe python-pyasn1-0.4.2-r0: task do_fetch: Started
NOTE: recipe python-six-1.12.0-r0: task do_unpack: Started
NOTE: recipe libassuan-2.5.2-r0: task do_unpack: Started
NOTE: recipe libksba-1.3.5-r0: task do_unpack: Started
NOTE: recipe libassuan-2.5.2-r0: task do_prepare_recipe_sysroot: Started
NOTE: recipe python-monotonic-1.1-r0: task do_unpack: Succeeded
NOTE: Running task 929 of 1304 (/home/deby/poky/meta-debian/recipes-debian/pinentry/pinentry_debian.bb:do_fetch)
NOTE: recipe python-cffi-1.12.2-r0: task do_unpack: Succeeded
NOTE: Running task 932 of 1304 (/home/deby/poky/meta-debian/recipes-debian/librsync/librsync_debian.bb:do_prepare_recipe_sysroot)
NOTE: recipe python-pyasn1-0.4.2-r0: task do_fetch: Succeeded
NOTE: recipe python-cryptography-2.6.1-r0: task do_fetch: Succeeded
NOTE: Running task 933 of 1304 (/home/deby/poky/meta-debian/recipes-debian/paramiko/python-paramiko_debian.bb:do_unpack)
NOTE: Running task 934 of 1304 (/home/deby/poky/meta-debian/recipes-debian/gnupg/gnupg_debian.bb:do_unpack)
NOTE: recipe librsync-0.9.7-r0: task do_prepare_recipe_sysroot: Started
NOTE: recipe enum34-1.1.6-r0: task do_fetch: Succeeded
NOTE: recipe python-nacl-1.3.0-r0: task do_fetch: Succeeded
NOTE: recipe python-bcrypt-3.1.6-r0: task do_fetch: Succeeded
NOTE: Running task 935 of 1304 (/home/deby/poky/meta-debian/recipes-debian/python/python-fasteners_debian.bb:do_unpack)
NOTE: Running task 936 of 1304 (/home/deby/poky/meta-debian/recipes-debian/lftp/lftp_debian.bb:do_unpack)
NOTE: Running task 943 of 1304 (/home/deby/poky/meta-debian/recipes-debian/npth/npth_debian.bb:do_prepare_recipe_sysroot)
NOTE: recipe pinentry-1.1.0-r0: task do_fetch: Started
NOTE: recipe python-paramiko-2.4.2-r0: task do_unpack: Started
NOTE: recipe gnupg-2.2.12-r0: task do_unpack: Started
NOTE: recipe python-fasteners-0.12.0-r0: task do_unpack: Started
NOTE: recipe python-ipaddress-1.0.17-r0: task do_fetch: Succeeded
NOTE: Running task 944 of 1304 (/home/deby/poky/meta-debian/recipes-debian/libksba/libksba_debian.bb:do_prepare_recipe_sysroot)
NOTE: recipe npth-1.6-r0: task do_prepare_recipe_sysroot: Started
NOTE: recipe lftp-4.8.4-r0: task do_unpack: Started
NOTE: recipe python-2.7.16-r0: task do_package: Started
NOTE: recipe pinentry-1.1.0-r0: task do_fetch: Succeeded
NOTE: recipe python-six-1.12.0-r0: task do_unpack: Succeeded
NOTE: Running task 959 of 1304 (/home/deby/poky/meta-debian/recipes-debian/ply/python-ply_debian.bb:do_unpack)
NOTE: Running task 961 of 1304 (/home/deby/poky/meta-debian/recipes-debian/pycparser/python-pycparser_debian.bb:do_unpack)
NOTE: recipe libksba-1.3.5-r0: task do_prepare_recipe_sysroot: Started
NOTE: recipe python-ply-3.11-r0: task do_unpack: Started
NOTE: recipe python-pycparser-2.19-r0: task do_unpack: Started
NOTE: recipe npth-1.6-r0: task do_unpack: Succeeded
NOTE: recipe librsync-0.9.7-r0: task do_unpack: Succeeded
NOTE: Running task 962 of 1304 (/home/deby/poky/meta-debian/recipes-debian/librsync/librsync_debian.bb:do_debian_unpack_extra)
NOTE: Running task 963 of 1304 (/home/deby/poky/meta-debian/recipes-debian/npth/npth_debian.bb:do_debian_unpack_extra)
NOTE: recipe duplicity-0.7.18.2-r0: task do_unpack: Succeeded
NOTE: Running task 965 of 1304 (/home/deby/poky/meta-debian/recipes-debian/asn1crypto/python-asn1crypto_debian.bb:do_unpack)
NOTE: recipe librsync-0.9.7-r0: task do_debian_unpack_extra: Started
NOTE: recipe npth-1.6-r0: task do_debian_unpack_extra: Started
NOTE: recipe python-asn1crypto-0.24.0-r0: task do_unpack: Started
NOTE: recipe librsync-0.9.7-r0: task do_debian_unpack_extra: Succeeded
NOTE: Running task 966 of 1304 (/home/deby/poky/meta-debian/recipes-debian/librsync/librsync_debian.bb:do_debian_patch)
NOTE: recipe npth-1.6-r0: task do_debian_unpack_extra: Succeeded
NOTE: Running task 967 of 1304 (/home/deby/poky/meta-debian/recipes-debian/npth/npth_debian.bb:do_debian_patch)
NOTE: recipe python-fasteners-0.12.0-r0: task do_unpack: Succeeded
NOTE: recipe libksba-1.3.5-r0: task do_unpack: Succeeded
NOTE: Running task 968 of 1304 (/home/deby/poky/meta-debian/recipes-debian/python-ipaddress/python-ipaddress_debian.bb:do_unpack)
NOTE: Running task 969 of 1304 (/home/deby/poky/meta-debian/recipes-debian/libksba/libksba_debian.bb:do_debian_unpack_extra)
NOTE: recipe librsync-0.9.7-r0: task do_debian_patch: Started
NOTE: recipe npth-1.6-r0: task do_debian_patch: Started
NOTE: recipe libassuan-2.5.2-r0: task do_unpack: Succeeded
NOTE: recipe libksba-1.3.5-r0: task do_debian_unpack_extra: Started
NOTE: recipe python-ipaddress-1.0.17-r0: task do_unpack: Started
NOTE: Running task 970 of 1304 (/home/deby/poky/meta-debian/recipes-debian/libassuan/libassuan_debian.bb:do_debian_unpack_extra)
NOTE: recipe python-pycparser-2.19-r0: task do_unpack: Succeeded
NOTE: Running task 971 of 1304 (/home/deby/poky/meta-debian/recipes-debian/enum34/enum34_debian.bb:do_unpack)
NOTE: recipe python-asn1crypto-0.24.0-r0: task do_unpack: Succeeded
NOTE: Running task 974 of 1304 (/home/deby/poky/meta-debian/recipes-debian/python-nacl/python-nacl_debian.bb:do_unpack)
NOTE: recipe libksba-1.3.5-r0: task do_debian_unpack_extra: Succeeded
NOTE: Running task 975 of 1304 (/home/deby/poky/meta-debian/recipes-debian/libksba/libksba_debian.bb:do_debian_patch)
NOTE: recipe python-ply-3.11-r0: task do_unpack: Succeeded
NOTE: recipe enum34-1.1.6-r0: task do_unpack: Started
NOTE: Running task 976 of 1304 (/home/deby/poky/meta-debian/recipes-debian/python-bcrypt/python-bcrypt_debian.bb:do_unpack)
NOTE: recipe libassuan-2.5.2-r0: task do_debian_unpack_extra: Started
NOTE: recipe python-nacl-1.3.0-r0: task do_unpack: Started
NOTE: recipe python-paramiko-2.4.2-r0: task do_unpack: Succeeded
NOTE: Running task 977 of 1304 (/home/deby/poky/meta-debian/recipes-debian/pyasn1/python-pyasn1_debian.bb:do_unpack)
NOTE: recipe python-bcrypt-3.1.6-r0: task do_unpack: Started
NOTE: recipe python-ipaddress-1.0.17-r0: task do_unpack: Succeeded
NOTE: Running task 978 of 1304 (/home/deby/poky/meta-debian/recipes-debian/python-cryptography/python-cryptography_debian.bb:do_unpack)
NOTE: recipe libassuan-2.5.2-r0: task do_debian_unpack_extra: Succeeded
NOTE: Running task 979 of 1304 (/home/deby/poky/meta-debian/recipes-debian/libassuan/libassuan_debian.bb:do_debian_patch)
NOTE: recipe libksba-1.3.5-r0: task do_debian_patch: Started
NOTE: recipe python-pyasn1-0.4.2-r0: task do_unpack: Started
NOTE: recipe python-cryptography-2.6.1-r0: task do_unpack: Started
NOTE: recipe libassuan-2.5.2-r0: task do_debian_patch: Started
NOTE: recipe enum34-1.1.6-r0: task do_unpack: Succeeded
NOTE: recipe librsync-0.9.7-r0: task do_prepare_recipe_sysroot: Succeeded
NOTE: Running task 980 of 1304 (/home/deby/poky/meta-debian/recipes-debian/pinentry/pinentry_debian.bb:do_unpack)
NOTE: Running task 1003 of 1304 (/home/deby/poky/meta-debian/recipes-debian/duplicity/duplicity_debian.bb:do_debian_unpack_extra)
NOTE: recipe lftp-4.8.4-r0: task do_unpack: Succeeded
NOTE: Running task 1005 of 1304 (/home/deby/poky/meta-debian/recipes-debian/python-cffi/python-cffi_debian.bb:do_debian_unpack_extra)
NOTE: recipe python-bcrypt-3.1.6-r0: task do_unpack: Succeeded
NOTE: Running task 1006 of 1304 (/home/deby/poky/meta-debian/recipes-debian/python/python-six_debian.bb:do_debian_unpack_extra)
NOTE: recipe pinentry-1.1.0-r0: task do_unpack: Started
NOTE: recipe duplicity-0.7.18.2-r0: task do_debian_unpack_extra: Started
NOTE: recipe python-cffi-1.12.2-r0: task do_debian_unpack_extra: Started
NOTE: recipe python-six-1.12.0-r0: task do_debian_unpack_extra: Started
NOTE: recipe duplicity-0.7.18.2-r0: task do_debian_unpack_extra: Succeeded
NOTE: Running task 1007 of 1304 (/home/deby/poky/meta-debian/recipes-debian/duplicity/duplicity_debian.bb:do_debian_patch)
NOTE: recipe python-cffi-1.12.2-r0: task do_debian_unpack_extra: Succeeded
NOTE: Running task 1008 of 1304 (/home/deby/poky/meta-debian/recipes-debian/python/python-monotonic_debian.bb:do_debian_unpack_extra)
NOTE: recipe python-six-1.12.0-r0: task do_debian_unpack_extra: Succeeded
NOTE: recipe duplicity-0.7.18.2-r0: task do_debian_patch: Started
NOTE: recipe python-pyasn1-0.4.2-r0: task do_unpack: Succeeded
NOTE: Running task 1009 of 1304 (/home/deby/poky/meta-debian/recipes-debian/python-cffi/python-cffi_debian.bb:do_debian_patch)
NOTE: Running task 1010 of 1304 (/home/deby/poky/meta-debian/recipes-debian/python/python-six_debian.bb:do_debian_patch)
NOTE: recipe python-monotonic-1.1-r0: task do_debian_unpack_extra: Started
NOTE: recipe python-six-1.12.0-r0: task do_debian_patch: Started
NOTE: recipe python-cffi-1.12.2-r0: task do_debian_patch: Started
NOTE: recipe librsync-0.9.7-r0: task do_debian_patch: Succeeded
NOTE: Running task 1011 of 1304 (/home/deby/poky/meta-debian/recipes-debian/librsync/librsync_debian.bb:do_patch)
NOTE: recipe python-monotonic-1.1-r0: task do_debian_unpack_extra: Succeeded
NOTE: recipe python-cryptography-2.6.1-r0: task do_unpack: Succeeded
NOTE: Running task 1012 of 1304 (/home/deby/poky/meta-debian/recipes-debian/python/python-monotonic_debian.bb:do_debian_patch)
NOTE: Running task 1013 of 1304 (/home/deby/poky/meta-debian/recipes-debian/python-cffi/python-cffi_debian.bb:do_prepare_recipe_sysroot)
NOTE: recipe libassuan-2.5.2-r0: task do_prepare_recipe_sysroot: Succeeded
NOTE: Running task 1014 of 1304 (/home/deby/poky/meta-debian/recipes-debian/python/python-six_debian.bb:do_prepare_recipe_sysroot)
NOTE: recipe librsync-0.9.7-r0: task do_patch: Started
NOTE: recipe python-six-1.12.0-r0: task do_debian_patch: Succeeded
NOTE: recipe npth-1.6-r0: task do_prepare_recipe_sysroot: Succeeded
NOTE: Running task 1015 of 1304 (/home/deby/poky/meta-debian/recipes-debian/python/python-six_debian.bb:do_patch)
NOTE: Running task 1016 of 1304 (/home/deby/poky/meta-debian/recipes-debian/python/python-monotonic_debian.bb:do_prepare_recipe_sysroot)
NOTE: recipe python-monotonic-1.1-r0: task do_debian_patch: Started
NOTE: recipe python-cffi-1.12.2-r0: task do_prepare_recipe_sysroot: Started
NOTE: recipe python-cffi-1.12.2-r0: task do_debian_patch: Succeeded
NOTE: Running task 1017 of 1304 (/home/deby/poky/meta-debian/recipes-debian/python-cffi/python-cffi_debian.bb:do_patch)
NOTE: recipe librsync-0.9.7-r0: task do_patch: Succeeded
NOTE: Running task 1018 of 1304 (/home/deby/poky/meta-debian/recipes-debian/librsync/librsync_debian.bb:do_configure)
NOTE: recipe python-nacl-1.3.0-r0: task do_unpack: Succeeded
NOTE: Running task 1021 of 1304 (/home/deby/poky/meta-debian/recipes-debian/paramiko/python-paramiko_debian.bb:do_debian_unpack_extra)
NOTE: recipe npth-1.6-r0: task do_debian_patch: Succeeded
NOTE: Running task 1022 of 1304 (/home/deby/poky/meta-debian/recipes-debian/npth/npth_debian.bb:do_patch)
NOTE: recipe duplicity-0.7.18.2-r0: task do_debian_patch: Succeeded
NOTE: Running task 1023 of 1304 (/home/deby/poky/meta-debian/recipes-debian/duplicity/duplicity_debian.bb:do_patch)
NOTE: recipe python-monotonic-1.1-r0: task do_debian_patch: Succeeded
NOTE: recipe python-six-1.12.0-r0: task do_prepare_recipe_sysroot: Started
NOTE: recipe python-six-1.12.0-r0: task do_patch: Started
NOTE: recipe python-monotonic-1.1-r0: task do_prepare_recipe_sysroot: Started
NOTE: Running task 1024 of 1304 (/home/deby/poky/meta-debian/recipes-debian/python/python-monotonic_debian.bb:do_patch)
NOTE: recipe pinentry-1.1.0-r0: task do_unpack: Succeeded
NOTE: Running task 1025 of 1304 (/home/deby/poky/meta-debian/recipes-debian/python/python-fasteners_debian.bb:do_debian_unpack_extra)
NOTE: recipe libksba-1.3.5-r0: task do_prepare_recipe_sysroot: Succeeded
NOTE: Running task 1026 of 1304 (/home/deby/poky/meta-debian/recipes-debian/lftp/lftp_debian.bb:do_debian_unpack_extra)
NOTE: recipe python-cffi-1.12.2-r0: task do_patch: Started
NOTE: recipe python-six-1.12.0-r0: task do_patch: Succeeded
NOTE: Running task 1028 of 1304 (/home/deby/poky/meta-debian/recipes-debian/paramiko/python-paramiko_debian.bb:do_prepare_recipe_sysroot)
NOTE: recipe python-paramiko-2.4.2-r0: task do_debian_unpack_extra: Started
NOTE: recipe duplicity-0.7.18.2-r0: task do_patch: Started
NOTE: recipe npth-1.6-r0: task do_patch: Started
NOTE: recipe librsync-0.9.7-r0: task do_configure: Started
NOTE: recipe python-paramiko-2.4.2-r0: task do_debian_unpack_extra: Succeeded
NOTE: Running task 1029 of 1304 (/home/deby/poky/meta-debian/recipes-debian/paramiko/python-paramiko_debian.bb:do_debian_patch)
NOTE: recipe libassuan-2.5.2-r0: task do_debian_patch: Succeeded
NOTE: recipe duplicity-0.7.18.2-r0: task do_patch: Succeeded
NOTE: Running task 1030 of 1304 (/home/deby/poky/meta-debian/recipes-debian/libassuan/libassuan_debian.bb:do_patch)
NOTE: Running task 1031 of 1304 (/home/deby/poky/meta-debian/recipes-debian/python/python-fasteners_debian.bb:do_prepare_recipe_sysroot)
NOTE: recipe python-monotonic-1.1-r0: task do_patch: Started
NOTE: recipe python-paramiko-2.4.2-r0: task do_prepare_recipe_sysroot: Started
NOTE: recipe lftp-4.8.4-r0: task do_debian_unpack_extra: Started
NOTE: recipe python-fasteners-0.12.0-r0: task do_debian_unpack_extra: Started
NOTE: recipe python-paramiko-2.4.2-r0: task do_debian_patch: Started
NOTE: recipe lftp-4.8.4-r0: task do_debian_unpack_extra: Succeeded
NOTE: Running task 1032 of 1304 (/home/deby/poky/meta-debian/recipes-debian/lftp/lftp_debian.bb:do_debian_patch)
NOTE: recipe python-fasteners-0.12.0-r0: task do_debian_unpack_extra: Succeeded
NOTE: recipe libassuan-2.5.2-r0: task do_patch: Started
NOTE: Running task 1033 of 1304 (/home/deby/poky/meta-debian/recipes-debian/python/python-fasteners_debian.bb:do_debian_patch)
NOTE: recipe libksba-1.3.5-r0: task do_debian_patch: Succeeded
NOTE: Running task 1034 of 1304 (/home/deby/poky/meta-debian/recipes-debian/libksba/libksba_debian.bb:do_patch)
NOTE: recipe python-fasteners-0.12.0-r0: task do_prepare_recipe_sysroot: Started
NOTE: recipe python-fasteners-0.12.0-r0: task do_debian_patch: Started
NOTE: recipe lftp-4.8.4-r0: task do_debian_patch: Started
NOTE: recipe npth-1.6-r0: task do_patch: Succeeded
NOTE: Running task 1035 of 1304 (/home/deby/poky/meta-debian/recipes-debian/npth/npth_debian.bb:do_configure)
NOTE: recipe libassuan-2.5.2-r0: task do_patch: Succeeded
NOTE: recipe libksba-1.3.5-r0: task do_patch: Started
NOTE: Running task 1036 of 1304 (/home/deby/poky/meta-debian/recipes-debian/libassuan/libassuan_debian.bb:do_configure)
NOTE: recipe npth-1.6-r0: task do_configure: Started
NOTE: recipe libassuan-2.5.2-r0: task do_configure: Started
NOTE: recipe lftp-4.8.4-r0: task do_debian_patch: Succeeded
NOTE: Running task 1037 of 1304 (/home/deby/poky/meta-debian/recipes-debian/lftp/lftp_debian.bb:do_prepare_recipe_sysroot)
NOTE: recipe gnupg-2.2.12-r0: task do_unpack: Succeeded
NOTE: Running task 1038 of 1304 (/home/deby/poky/meta-debian/recipes-debian/gnupg/gnupg_debian.bb:do_debian_unpack_extra)
NOTE: recipe libksba-1.3.5-r0: task do_patch: Succeeded
NOTE: Running task 1039 of 1304 (/home/deby/poky/meta-debian/recipes-debian/libksba/libksba_debian.bb:do_configure)
NOTE: recipe lftp-4.8.4-r0: task do_prepare_recipe_sysroot: Started
NOTE: recipe libksba-1.3.5-r0: task do_configure: Started
NOTE: recipe gnupg-2.2.12-r0: task do_debian_unpack_extra: Started
NOTE: recipe gnupg-2.2.12-r0: task do_debian_unpack_extra: Succeeded
NOTE: Running task 1040 of 1304 (/home/deby/poky/meta-debian/recipes-debian/gnupg/gnupg_debian.bb:do_debian_patch)
NOTE: recipe gnupg-2.2.12-r0: task do_debian_patch: Started
NOTE: recipe lftp-4.8.4-r0: task do_prepare_recipe_sysroot: Succeeded
NOTE: Running task 1041 of 1304 (/home/deby/poky/meta-debian/recipes-debian/lftp/lftp_debian.bb:do_patch)
NOTE: recipe lftp-4.8.4-r0: task do_patch: Started
NOTE: recipe lftp-4.8.4-r0: task do_patch: Succeeded
NOTE: Running task 1042 of 1304 (/home/deby/poky/meta-debian/recipes-debian/lftp/lftp_debian.bb:do_configure)
NOTE: recipe lftp-4.8.4-r0: task do_configure: Started
NOTE: recipe gnupg-2.2.12-r0: task do_debian_patch: Succeeded
NOTE: Running task 1043 of 1304 (/home/deby/poky/meta-debian/recipes-debian/gnupg/gnupg_debian.bb:do_patch)
NOTE: recipe gnupg-2.2.12-r0: task do_patch: Started
NOTE: recipe gnupg-2.2.12-r0: task do_patch: Succeeded
NOTE: Running task 1046 of 1304 (/home/deby/poky/meta-debian/recipes-debian/ply/python-ply_debian.bb:do_debian_unpack_extra)
NOTE: recipe python-ply-3.11-r0: task do_debian_unpack_extra: Started
NOTE: recipe python-ply-3.11-r0: task do_debian_unpack_extra: Succeeded
NOTE: Running task 1048 of 1304 (/home/deby/poky/meta-debian/recipes-debian/pycparser/python-pycparser_debian.bb:do_debian_unpack_extra)
NOTE: recipe python-pycparser-2.19-r0: task do_debian_unpack_extra: Started
NOTE: recipe python-pycparser-2.19-r0: task do_debian_unpack_extra: Succeeded
NOTE: Running task 1049 of 1304 (/home/deby/poky/meta-debian/recipes-debian/asn1crypto/python-asn1crypto_debian.bb:do_debian_unpack_extra)
NOTE: recipe python-asn1crypto-0.24.0-r0: task do_debian_unpack_extra: Started
NOTE: recipe python-asn1crypto-0.24.0-r0: task do_debian_unpack_extra: Succeeded
NOTE: Running task 1050 of 1304 (/home/deby/poky/meta-debian/recipes-debian/python-ipaddress/python-ipaddress_debian.bb:do_debian_unpack_extra)
NOTE: recipe python-ipaddress-1.0.17-r0: task do_debian_unpack_extra: Started
NOTE: recipe python-ipaddress-1.0.17-r0: task do_debian_unpack_extra: Succeeded
NOTE: Running task 1051 of 1304 (/home/deby/poky/meta-debian/recipes-debian/enum34/enum34_debian.bb:do_debian_unpack_extra)
NOTE: recipe enum34-1.1.6-r0: task do_debian_unpack_extra: Started
NOTE: recipe enum34-1.1.6-r0: task do_debian_unpack_extra: Succeeded
NOTE: Running task 1053 of 1304 (/home/deby/poky/meta-debian/recipes-debian/python-nacl/python-nacl_debian.bb:do_debian_unpack_extra)
NOTE: recipe python-nacl-1.3.0-r0: task do_debian_unpack_extra: Started
NOTE: recipe python-nacl-1.3.0-r0: task do_debian_unpack_extra: Succeeded
NOTE: Running task 1054 of 1304 (/home/deby/poky/meta-debian/recipes-debian/python-bcrypt/python-bcrypt_debian.bb:do_debian_unpack_extra)
NOTE: recipe python-bcrypt-3.1.6-r0: task do_debian_unpack_extra: Started
NOTE: recipe python-bcrypt-3.1.6-r0: task do_debian_unpack_extra: Succeeded
NOTE: Running task 1055 of 1304 (/home/deby/poky/meta-debian/recipes-debian/pyasn1/python-pyasn1_debian.bb:do_debian_unpack_extra)
NOTE: recipe python-pyasn1-0.4.2-r0: task do_debian_unpack_extra: Started
NOTE: recipe python-six-1.12.0-r0: task do_prepare_recipe_sysroot: Succeeded
NOTE: Running task 1056 of 1304 (/home/deby/poky/meta-debian/recipes-debian/python/python-six_debian.bb:do_configure)
NOTE: recipe python-pyasn1-0.4.2-r0: task do_debian_unpack_extra: Succeeded
NOTE: Running task 1057 of 1304 (/home/deby/poky/meta-debian/recipes-debian/python-cryptography/python-cryptography_debian.bb:do_debian_unpack_extra)
NOTE: recipe python-paramiko-2.4.2-r0: task do_prepare_recipe_sysroot: Succeeded
NOTE: recipe python-six-1.12.0-r0: task do_configure: Started
NOTE: Running task 1058 of 1304 (/home/deby/poky/meta-debian/recipes-debian/pinentry/pinentry_debian.bb:do_debian_unpack_extra)
NOTE: recipe python-fasteners-0.12.0-r0: task do_prepare_recipe_sysroot: Succeeded
NOTE: Running task 1062 of 1304 (/home/deby/poky/meta-debian/recipes-debian/ply/python-ply_debian.bb:do_debian_patch)
NOTE: recipe python-fasteners-0.12.0-r0: task do_debian_patch: Succeeded
NOTE: Running task 1063 of 1304 (/home/deby/poky/meta-debian/recipes-debian/python/python-fasteners_debian.bb:do_patch)
NOTE: recipe python-cryptography-2.6.1-r0: task do_debian_unpack_extra: Started
NOTE: recipe python-fasteners-0.12.0-r0: task do_patch: Started
NOTE: recipe python-ply-3.11-r0: task do_debian_patch: Started
NOTE: recipe pinentry-1.1.0-r0: task do_debian_unpack_extra: Started
NOTE: recipe python-cryptography-2.6.1-r0: task do_debian_unpack_extra: Succeeded
NOTE: Running task 1065 of 1304 (/home/deby/poky/meta-debian/recipes-debian/pycparser/python-pycparser_debian.bb:do_debian_patch)
NOTE: recipe pinentry-1.1.0-r0: task do_debian_unpack_extra: Succeeded
NOTE: Running task 1066 of 1304 (/home/deby/poky/meta-debian/recipes-debian/asn1crypto/python-asn1crypto_debian.bb:do_debian_patch)
NOTE: recipe python-monotonic-1.1-r0: task do_patch: Succeeded
NOTE: recipe python-paramiko-2.4.2-r0: task do_debian_patch: Succeeded
NOTE: Running task 1067 of 1304 (/home/deby/poky/meta-debian/recipes-debian/python-ipaddress/python-ipaddress_debian.bb:do_debian_patch)
NOTE: Running task 1068 of 1304 (/home/deby/poky/meta-debian/recipes-debian/paramiko/python-paramiko_debian.bb:do_patch)
NOTE: recipe python-fasteners-0.12.0-r0: task do_patch: Succeeded
NOTE: recipe python-monotonic-1.1-r0: task do_prepare_recipe_sysroot: Succeeded
NOTE: Running task 1069 of 1304 (/home/deby/poky/meta-debian/recipes-debian/python/python-monotonic_debian.bb:do_configure)
NOTE: Running task 1070 of 1304 (/home/deby/poky/meta-debian/recipes-debian/python/python-fasteners_debian.bb:do_configure)
NOTE: recipe python-cffi-1.12.2-r0: task do_prepare_recipe_sysroot: Succeeded
NOTE: Running task 1071 of 1304 (/home/deby/poky/meta-debian/recipes-debian/enum34/enum34_debian.bb:do_debian_patch)
NOTE: recipe python-pycparser-2.19-r0: task do_debian_patch: Started
NOTE: recipe python-asn1crypto-0.24.0-r0: task do_debian_patch: Started
NOTE: recipe python-cffi-1.12.2-r0: task do_patch: Succeeded
NOTE: Running task 1072 of 1304 (/home/deby/poky/meta-debian/recipes-debian/python-cffi/python-cffi_debian.bb:do_configure)
NOTE: recipe python-ipaddress-1.0.17-r0: task do_debian_patch: Started
NOTE: recipe python-paramiko-2.4.2-r0: task do_patch: Started
NOTE: recipe enum34-1.1.6-r0: task do_debian_patch: Started
NOTE: recipe python-fasteners-0.12.0-r0: task do_configure: Started
NOTE: recipe python-monotonic-1.1-r0: task do_configure: Started
NOTE: recipe python-asn1crypto-0.24.0-r0: task do_debian_patch: Succeeded
NOTE: recipe python-ply-3.11-r0: task do_debian_patch: Succeeded
NOTE: recipe python-paramiko-2.4.2-r0: task do_patch: Succeeded
NOTE: Running task 1074 of 1304 (/home/deby/poky/meta-debian/recipes-debian/paramiko/python-paramiko_debian.bb:do_configure)
NOTE: Running task 1076 of 1304 (/home/deby/poky/meta-debian/recipes-debian/python-nacl/python-nacl_debian.bb:do_debian_patch)
NOTE: Running task 1077 of 1304 (/home/deby/poky/meta-debian/recipes-debian/python-bcrypt/python-bcrypt_debian.bb:do_debian_patch)
NOTE: recipe python-cffi-1.12.2-r0: task do_configure: Started
NOTE: recipe python-ipaddress-1.0.17-r0: task do_debian_patch: Succeeded
NOTE: Running task 1078 of 1304 (/home/deby/poky/meta-debian/recipes-debian/pyasn1/python-pyasn1_debian.bb:do_debian_patch)
NOTE: recipe enum34-1.1.6-r0: task do_debian_patch: Succeeded
NOTE: Running task 1079 of 1304 (/home/deby/poky/meta-debian/recipes-debian/python-cryptography/python-cryptography_debian.bb:do_debian_patch)
NOTE: recipe python-nacl-1.3.0-r0: task do_debian_patch: Started
NOTE: recipe python-bcrypt-3.1.6-r0: task do_debian_patch: Started
NOTE: recipe python-paramiko-2.4.2-r0: task do_configure: Started
NOTE: recipe python-pycparser-2.19-r0: task do_debian_patch: Succeeded
NOTE: Running task 1080 of 1304 (/home/deby/poky/meta-debian/recipes-debian/pinentry/pinentry_debian.bb:do_debian_patch)
NOTE: recipe python-pyasn1-0.4.2-r0: task do_debian_patch: Started
NOTE: recipe python-cryptography-2.6.1-r0: task do_debian_patch: Started
NOTE: recipe python-bcrypt-3.1.6-r0: task do_debian_patch: Succeeded
NOTE: Running task 1085 of 1304 (/home/deby/poky/meta-debian/recipes-debian/ply/python-ply_debian.bb:do_prepare_recipe_sysroot)
NOTE: recipe python-nacl-1.3.0-r0: task do_debian_patch: Succeeded
NOTE: Running task 1086 of 1304 (/home/deby/poky/meta-debian/recipes-debian/ply/python-ply_debian.bb:do_patch)
NOTE: recipe python-cryptography-2.6.1-r0: task do_debian_patch: Succeeded
NOTE: recipe python-ply-3.11-r0: task do_prepare_recipe_sysroot: Started
NOTE: recipe pinentry-1.1.0-r0: task do_debian_patch: Started
NOTE: Running task 1089 of 1304 (/home/deby/poky/meta-debian/recipes-debian/pycparser/python-pycparser_debian.bb:do_prepare_recipe_sysroot)
NOTE: recipe python-ply-3.11-r0: task do_patch: Started
NOTE: recipe python-pyasn1-0.4.2-r0: task do_debian_patch: Succeeded
NOTE: Running task 1090 of 1304 (/home/deby/poky/meta-debian/recipes-debian/pycparser/python-pycparser_debian.bb:do_patch)
NOTE: recipe python-pycparser-2.19-r0: task do_prepare_recipe_sysroot: Started
NOTE: recipe python-pycparser-2.19-r0: task do_patch: Started
NOTE: recipe pinentry-1.1.0-r0: task do_debian_patch: Succeeded
NOTE: Running task 1091 of 1304 (/home/deby/poky/meta-debian/recipes-debian/asn1crypto/python-asn1crypto_debian.bb:do_prepare_recipe_sysroot)
NOTE: recipe python-asn1crypto-0.24.0-r0: task do_prepare_recipe_sysroot: Started
NOTE: recipe python-ply-3.11-r0: task do_prepare_recipe_sysroot: Succeeded
NOTE: Running task 1092 of 1304 (/home/deby/poky/meta-debian/recipes-debian/asn1crypto/python-asn1crypto_debian.bb:do_patch)
NOTE: recipe python-asn1crypto-0.24.0-r0: task do_patch: Started
NOTE: recipe python-ply-3.11-r0: task do_patch: Succeeded
NOTE: Running task 1093 of 1304 (/home/deby/poky/meta-debian/recipes-debian/python-ipaddress/python-ipaddress_debian.bb:do_prepare_recipe_sysroot)
NOTE: recipe python-asn1crypto-0.24.0-r0: task do_patch: Succeeded
NOTE: Running task 1094 of 1304 (/home/deby/poky/meta-debian/recipes-debian/python-ipaddress/python-ipaddress_debian.bb:do_patch)
NOTE: recipe python-paramiko-2.4.2-r0: task do_configure: Succeeded
NOTE: recipe python-monotonic-1.1-r0: task do_configure: Succeeded
NOTE: Running task 1095 of 1304 (/home/deby/poky/meta-debian/recipes-debian/paramiko/python-paramiko_debian.bb:do_compile)
NOTE: Running task 1096 of 1304 (/home/deby/poky/meta-debian/recipes-debian/python/python-monotonic_debian.bb:do_compile)
NOTE: recipe python-ipaddress-1.0.17-r0: task do_prepare_recipe_sysroot: Started
NOTE: recipe python-ipaddress-1.0.17-r0: task do_patch: Started
NOTE: recipe python-asn1crypto-0.24.0-r0: task do_prepare_recipe_sysroot: Succeeded
NOTE: Running task 1097 of 1304 (/home/deby/poky/meta-debian/recipes-debian/enum34/enum34_debian.bb:do_prepare_recipe_sysroot)
NOTE: recipe python-paramiko-2.4.2-r0: task do_compile: Started
NOTE: recipe python-monotonic-1.1-r0: task do_compile: Started
NOTE: recipe python-cffi-1.12.2-r0: task do_configure: Succeeded
NOTE: Running task 1098 of 1304 (/home/deby/poky/meta-debian/recipes-debian/python-cffi/python-cffi_debian.bb:do_compile)
NOTE: recipe python-six-1.12.0-r0: task do_configure: Succeeded
NOTE: recipe python-fasteners-0.12.0-r0: task do_configure: Succeeded
NOTE: Running task 1099 of 1304 (/home/deby/poky/meta-debian/recipes-debian/python/python-six_debian.bb:do_compile)
NOTE: Running task 1100 of 1304 (/home/deby/poky/meta-debian/recipes-debian/python/python-fasteners_debian.bb:do_compile)
NOTE: recipe enum34-1.1.6-r0: task do_prepare_recipe_sysroot: Started
NOTE: recipe python-cffi-1.12.2-r0: task do_compile: Started
NOTE: recipe python-six-1.12.0-r0: task do_compile: Started
NOTE: recipe python-fasteners-0.12.0-r0: task do_compile: Started
NOTE: recipe python-pycparser-2.19-r0: task do_prepare_recipe_sysroot: Succeeded
NOTE: Running task 1101 of 1304 (/home/deby/poky/meta-debian/recipes-debian/enum34/enum34_debian.bb:do_patch)
NOTE: recipe python-pycparser-2.19-r0: task do_patch: Succeeded
NOTE: Running task 1104 of 1304 (/home/deby/poky/meta-debian/recipes-debian/python-nacl/python-nacl_debian.bb:do_prepare_recipe_sysroot)
NOTE: recipe enum34-1.1.6-r0: task do_patch: Started
NOTE: recipe python-nacl-1.3.0-r0: task do_prepare_recipe_sysroot: Started
NOTE: recipe python-monotonic-1.1-r0: task do_compile: Succeeded
NOTE: recipe python-six-1.12.0-r0: task do_compile: Succeeded
NOTE: Running task 1105 of 1304 (/home/deby/poky/meta-debian/recipes-debian/python/python-monotonic_debian.bb:do_install)
NOTE: Running task 1106 of 1304 (/home/deby/poky/meta-debian/recipes-debian/python/python-six_debian.bb:do_install)
NOTE: recipe python-fasteners-0.12.0-r0: task do_compile: Succeeded
NOTE: Running task 1107 of 1304 (/home/deby/poky/meta-debian/recipes-debian/python/python-fasteners_debian.bb:do_install)
NOTE: recipe python-paramiko-2.4.2-r0: task do_compile: Succeeded
NOTE: Running task 1108 of 1304 (/home/deby/poky/meta-debian/recipes-debian/paramiko/python-paramiko_debian.bb:do_install)
NOTE: recipe python-monotonic-1.1-r0: task do_install: Started
NOTE: recipe python-six-1.12.0-r0: task do_install: Started
NOTE: recipe python-fasteners-0.12.0-r0: task do_install: Started
NOTE: recipe python-paramiko-2.4.2-r0: task do_install: Started
NOTE: recipe python-ipaddress-1.0.17-r0: task do_patch: Succeeded
NOTE: Running task 1109 of 1304 (/home/deby/poky/meta-debian/recipes-debian/python-nacl/python-nacl_debian.bb:do_patch)
NOTE: recipe python-ipaddress-1.0.17-r0: task do_prepare_recipe_sysroot: Succeeded
NOTE: Running task 1110 of 1304 (/home/deby/poky/meta-debian/recipes-debian/python-bcrypt/python-bcrypt_debian.bb:do_prepare_recipe_sysroot)
NOTE: recipe enum34-1.1.6-r0: task do_patch: Succeeded
NOTE: Running task 1111 of 1304 (/home/deby/poky/meta-debian/recipes-debian/python-bcrypt/python-bcrypt_debian.bb:do_patch)
NOTE: recipe python-nacl-1.3.0-r0: task do_patch: Started
NOTE: recipe enum34-1.1.6-r0: task do_prepare_recipe_sysroot: Succeeded
NOTE: Running task 1112 of 1304 (/home/deby/poky/meta-debian/recipes-debian/pyasn1/python-pyasn1_debian.bb:do_prepare_recipe_sysroot)
NOTE: recipe python-bcrypt-3.1.6-r0: task do_prepare_recipe_sysroot: Started
NOTE: recipe python-bcrypt-3.1.6-r0: task do_patch: Started
NOTE: recipe python-pyasn1-0.4.2-r0: task do_prepare_recipe_sysroot: Started
NOTE: recipe python-bcrypt-3.1.6-r0: task do_patch: Succeeded
NOTE: Running task 1113 of 1304 (/home/deby/poky/meta-debian/recipes-debian/pyasn1/python-pyasn1_debian.bb:do_patch)
NOTE: recipe python-pyasn1-0.4.2-r0: task do_patch: Started
NOTE: recipe python-nacl-1.3.0-r0: task do_prepare_recipe_sysroot: Succeeded
NOTE: Running task 1114 of 1304 (/home/deby/poky/meta-debian/recipes-debian/python-cryptography/python-cryptography_debian.bb:do_prepare_recipe_sysroot)
NOTE: recipe python-cryptography-2.6.1-r0: task do_prepare_recipe_sysroot: Started
NOTE: recipe python-nacl-1.3.0-r0: task do_patch: Succeeded
NOTE: Running task 1115 of 1304 (/home/deby/poky/meta-debian/recipes-debian/python-cryptography/python-cryptography_debian.bb:do_patch)
NOTE: recipe python-cryptography-2.6.1-r0: task do_patch: Started
NOTE: recipe python-six-1.12.0-r0: task do_install: Succeeded
NOTE: Running task 1116 of 1304 (/home/deby/poky/meta-debian/recipes-debian/pinentry/pinentry_debian.bb:do_patch)
NOTE: recipe python-monotonic-1.1-r0: task do_install: Succeeded
NOTE: Running task 1122 of 1304 (/home/deby/poky/meta-debian/recipes-debian/ply/python-ply_debian.bb:do_configure)
NOTE: recipe python-fasteners-0.12.0-r0: task do_install: Succeeded
NOTE: Running task 1124 of 1304 (/home/deby/poky/meta-debian/recipes-debian/pycparser/python-pycparser_debian.bb:do_configure)
NOTE: recipe pinentry-1.1.0-r0: task do_patch: Started
NOTE: recipe python-ply-3.11-r0: task do_configure: Started
NOTE: recipe python-pycparser-2.19-r0: task do_configure: Started
NOTE: recipe python-pyasn1-0.4.2-r0: task do_prepare_recipe_sysroot: Succeeded
NOTE: Running task 1125 of 1304 (/home/deby/poky/meta-debian/recipes-debian/asn1crypto/python-asn1crypto_debian.bb:do_configure)
NOTE: recipe python-asn1crypto-0.24.0-r0: task do_configure: Started
NOTE: recipe pinentry-1.1.0-r0: task do_patch: Succeeded
NOTE: recipe python-bcrypt-3.1.6-r0: task do_prepare_recipe_sysroot: Succeeded
NOTE: Running task 1126 of 1304 (/home/deby/poky/meta-debian/recipes-debian/python-ipaddress/python-ipaddress_debian.bb:do_configure)
NOTE: Running task 1127 of 1304 (/home/deby/poky/meta-debian/recipes-debian/enum34/enum34_debian.bb:do_configure)
NOTE: recipe python-ply-3.11-r0: task do_configure: Succeeded
NOTE: Running task 1129 of 1304 (/home/deby/poky/meta-debian/recipes-debian/python-nacl/python-nacl_debian.bb:do_configure)
NOTE: recipe python-pyasn1-0.4.2-r0: task do_patch: Succeeded
NOTE: Running task 1130 of 1304 (/home/deby/poky/meta-debian/recipes-debian/python-bcrypt/python-bcrypt_debian.bb:do_configure)
NOTE: recipe python-ipaddress-1.0.17-r0: task do_configure: Started
NOTE: recipe enum34-1.1.6-r0: task do_configure: Started
NOTE: recipe python-nacl-1.3.0-r0: task do_configure: Started
NOTE: recipe python-bcrypt-3.1.6-r0: task do_configure: Started
NOTE: recipe python-pycparser-2.19-r0: task do_configure: Succeeded
NOTE: Running task 1131 of 1304 (/home/deby/poky/meta-debian/recipes-debian/pyasn1/python-pyasn1_debian.bb:do_configure)
NOTE: recipe python-cffi-1.12.2-r0: task do_compile: Succeeded
NOTE: Running task 1132 of 1304 (/home/deby/poky/meta-debian/recipes-debian/python-cffi/python-cffi_debian.bb:do_install)
NOTE: recipe python-pyasn1-0.4.2-r0: task do_configure: Started
NOTE: recipe python-asn1crypto-0.24.0-r0: task do_configure: Succeeded
NOTE: Running task 1136 of 1304 (/home/deby/poky/meta-debian/recipes-debian/ply/python-ply_debian.bb:do_compile)
NOTE: recipe python-cffi-1.12.2-r0: task do_install: Started
NOTE: recipe python-paramiko-2.4.2-r0: task do_install: Succeeded
NOTE: recipe python-ply-3.11-r0: task do_compile: Started
NOTE: Running task 1138 of 1304 (/home/deby/poky/meta-debian/recipes-debian/pycparser/python-pycparser_debian.bb:do_compile)
NOTE: recipe python-ipaddress-1.0.17-r0: task do_configure: Succeeded
NOTE: Running task 1139 of 1304 (/home/deby/poky/meta-debian/recipes-debian/asn1crypto/python-asn1crypto_debian.bb:do_compile)
NOTE: recipe enum34-1.1.6-r0: task do_configure: Succeeded
NOTE: Running task 1140 of 1304 (/home/deby/poky/meta-debian/recipes-debian/python-ipaddress/python-ipaddress_debian.bb:do_compile)
NOTE: recipe python-asn1crypto-0.24.0-r0: task do_compile: Started
NOTE: recipe python-pycparser-2.19-r0: task do_compile: Started
NOTE: recipe python-ipaddress-1.0.17-r0: task do_compile: Started
NOTE: recipe python-ply-3.11-r0: task do_compile: Succeeded
NOTE: Running task 1141 of 1304 (/home/deby/poky/meta-debian/recipes-debian/enum34/enum34_debian.bb:do_compile)
NOTE: recipe python-pyasn1-0.4.2-r0: task do_configure: Succeeded
NOTE: recipe python-bcrypt-3.1.6-r0: task do_configure: Succeeded
NOTE: Running task 1143 of 1304 (/home/deby/poky/meta-debian/recipes-debian/pyasn1/python-pyasn1_debian.bb:do_compile)
NOTE: Running task 1144 of 1304 (/home/deby/poky/meta-debian/recipes-debian/python-bcrypt/python-bcrypt_debian.bb:do_compile)
NOTE: recipe enum34-1.1.6-r0: task do_compile: Started
NOTE: recipe python-asn1crypto-0.24.0-r0: task do_compile: Succeeded
NOTE: Running task 1148 of 1304 (/home/deby/poky/meta-debian/recipes-debian/ply/python-ply_debian.bb:do_install)
NOTE: recipe python-bcrypt-3.1.6-r0: task do_compile: Started
NOTE: recipe python-pyasn1-0.4.2-r0: task do_compile: Started
NOTE: recipe python-pycparser-2.19-r0: task do_compile: Succeeded
NOTE: Running task 1150 of 1304 (/home/deby/poky/meta-debian/recipes-debian/pycparser/python-pycparser_debian.bb:do_install)
NOTE: recipe python-ipaddress-1.0.17-r0: task do_compile: Succeeded
NOTE: Running task 1151 of 1304 (/home/deby/poky/meta-debian/recipes-debian/asn1crypto/python-asn1crypto_debian.bb:do_install)
NOTE: recipe python-ply-3.11-r0: task do_install: Started
NOTE: recipe python-pycparser-2.19-r0: task do_install: Started
NOTE: recipe enum34-1.1.6-r0: task do_compile: Succeeded
NOTE: Running task 1152 of 1304 (/home/deby/poky/meta-debian/recipes-debian/python-ipaddress/python-ipaddress_debian.bb:do_install)
NOTE: recipe python-asn1crypto-0.24.0-r0: task do_install: Started
NOTE: recipe python-pyasn1-0.4.2-r0: task do_compile: Succeeded
NOTE: Running task 1153 of 1304 (/home/deby/poky/meta-debian/recipes-debian/enum34/enum34_debian.bb:do_install)
NOTE: recipe python-ipaddress-1.0.17-r0: task do_install: Started
NOTE: recipe enum34-1.1.6-r0: task do_install: Started
NOTE: recipe python-cryptography-2.6.1-r0: task do_patch: Succeeded
NOTE: Running task 1155 of 1304 (/home/deby/poky/meta-debian/recipes-debian/pyasn1/python-pyasn1_debian.bb:do_install)
NOTE: recipe python-nacl-1.3.0-r0: task do_configure: Succeeded
NOTE: Running task 1156 of 1304 (/home/deby/poky/meta-debian/recipes-debian/python-nacl/python-nacl_debian.bb:do_compile)
NOTE: recipe python-cryptography-2.6.1-r0: task do_prepare_recipe_sysroot: Succeeded
NOTE: Running task 1157 of 1304 (/home/deby/poky/meta-debian/recipes-debian/python-cryptography/python-cryptography_debian.bb:do_configure)
NOTE: recipe python-pyasn1-0.4.2-r0: task do_install: Started
NOTE: recipe python-cryptography-2.6.1-r0: task do_configure: Started
NOTE: recipe python-nacl-1.3.0-r0: task do_compile: Started
NOTE: recipe python-cryptography-2.6.1-r0: task do_configure: Succeeded
NOTE: Running task 1158 of 1304 (/home/deby/poky/meta-debian/recipes-debian/python-cryptography/python-cryptography_debian.bb:do_compile)
NOTE: recipe python-cryptography-2.6.1-r0: task do_compile: Started
NOTE: recipe python-ipaddress-1.0.17-r0: task do_install: Succeeded
NOTE: Running task 1204 of 1304 (/home/deby/poky/meta-debian/recipes-debian/duplicity/duplicity_debian.bb:do_populate_lic)
NOTE: recipe duplicity-0.7.18.2-r0: task do_populate_lic: Started
NOTE: recipe python-bcrypt-3.1.6-r0: task do_compile: Succeeded
NOTE: Running task 1205 of 1304 (/home/deby/poky/meta-debian/recipes-debian/python-bcrypt/python-bcrypt_debian.bb:do_install)
NOTE: recipe duplicity-0.7.18.2-r0: task do_populate_lic: Succeeded
NOTE: recipe python-bcrypt-3.1.6-r0: task do_install: Started
NOTE: recipe python-cffi-1.12.2-r0: task do_install: Succeeded
NOTE: recipe enum34-1.1.6-r0: task do_install: Succeeded
NOTE: recipe python-ply-3.11-r0: task do_install: Succeeded
NOTE: recipe python-pyasn1-0.4.2-r0: task do_install: Succeeded
NOTE: recipe python-asn1crypto-0.24.0-r0: task do_install: Succeeded
NOTE: recipe python-pycparser-2.19-r0: task do_install: Succeeded
NOTE: recipe python-bcrypt-3.1.6-r0: task do_install: Succeeded
NOTE: recipe npth-1.6-r0: task do_configure: Succeeded
NOTE: Running task 1206 of 1304 (/home/deby/poky/meta-debian/recipes-debian/npth/npth_debian.bb:do_compile)
NOTE: recipe npth-1.6-r0: task do_compile: Started
NOTE: recipe npth-1.6-r0: task do_compile: Succeeded
NOTE: Running task 1207 of 1304 (/home/deby/poky/meta-debian/recipes-debian/npth/npth_debian.bb:do_install)
NOTE: recipe npth-1.6-r0: task do_install: Started
NOTE: recipe npth-1.6-r0: task do_install: Succeeded
NOTE: Running task 1208 of 1304 (/home/deby/poky/meta-debian/recipes-debian/npth/npth_debian.bb:do_package)
NOTE: Running task 1209 of 1304 (/home/deby/poky/meta-debian/recipes-debian/npth/npth_debian.bb:do_populate_sysroot)
NOTE: recipe libksba-1.3.5-r0: task do_configure: Succeeded
NOTE: Running task 1210 of 1304 (/home/deby/poky/meta-debian/recipes-debian/libksba/libksba_debian.bb:do_compile)
NOTE: recipe npth-1.6-r0: task do_populate_sysroot: Started
NOTE: recipe npth-1.6-r0: task do_package: Started
NOTE: recipe libksba-1.3.5-r0: task do_compile: Started
NOTE: recipe npth-1.6-r0: task do_populate_sysroot: Succeeded
NOTE: recipe librsync-0.9.7-r0: task do_configure: Succeeded
NOTE: Running task 1211 of 1304 (/home/deby/poky/meta-debian/recipes-debian/librsync/librsync_debian.bb:do_compile)
NOTE: recipe librsync-0.9.7-r0: task do_compile: Started
NOTE: recipe librsync-0.9.7-r0: task do_compile: Succeeded
NOTE: Running task 1212 of 1304 (/home/deby/poky/meta-debian/recipes-debian/librsync/librsync_debian.bb:do_install)
NOTE: recipe librsync-0.9.7-r0: task do_install: Started
NOTE: recipe libksba-1.3.5-r0: task do_compile: Succeeded
NOTE: Running task 1213 of 1304 (/home/deby/poky/meta-debian/recipes-debian/libksba/libksba_debian.bb:do_install)
NOTE: recipe libksba-1.3.5-r0: task do_install: Started
NOTE: recipe librsync-0.9.7-r0: task do_install: Succeeded
NOTE: Running task 1214 of 1304 (/home/deby/poky/meta-debian/recipes-debian/librsync/librsync_debian.bb:do_package)
NOTE: Running task 1215 of 1304 (/home/deby/poky/meta-debian/recipes-debian/librsync/librsync_debian.bb:do_populate_sysroot)
NOTE: recipe librsync-0.9.7-r0: task do_populate_sysroot: Started
NOTE: recipe librsync-0.9.7-r0: task do_package: Started
NOTE: recipe libksba-1.3.5-r0: task do_install: Succeeded
NOTE: Running task 1216 of 1304 (/home/deby/poky/meta-debian/recipes-debian/libksba/libksba_debian.bb:do_package)
NOTE: Running task 1217 of 1304 (/home/deby/poky/meta-debian/recipes-debian/libksba/libksba_debian.bb:do_populate_sysroot)
NOTE: recipe libksba-1.3.5-r0: task do_populate_sysroot: Started
NOTE: recipe libksba-1.3.5-r0: task do_package: Started
NOTE: recipe librsync-0.9.7-r0: task do_populate_sysroot: Succeeded
NOTE: Running task 1218 of 1304 (/home/deby/poky/meta-debian/recipes-debian/duplicity/duplicity_debian.bb:do_prepare_recipe_sysroot)
NOTE: recipe npth-1.6-r0: task do_package: Succeeded
NOTE: Running task 1219 of 1304 (/home/deby/poky/meta-debian/recipes-debian/npth/npth_debian.bb:do_packagedata)
NOTE: recipe duplicity-0.7.18.2-r0: task do_prepare_recipe_sysroot: Started
NOTE: recipe libksba-1.3.5-r0: task do_populate_sysroot: Succeeded
NOTE: recipe npth-1.6-r0: task do_packagedata: Started
NOTE: recipe npth-1.6-r0: task do_packagedata: Succeeded
NOTE: Running task 1220 of 1304 (/home/deby/poky/meta-debian/recipes-debian/npth/npth_debian.bb:do_package_write_deb)
NOTE: recipe npth-1.6-r0: task do_package_write_deb: Started
NOTE: recipe npth-1.6-r0: task do_package_write_deb: Succeeded
NOTE: recipe libassuan-2.5.2-r0: task do_configure: Succeeded
NOTE: Running task 1221 of 1304 (/home/deby/poky/meta-debian/recipes-debian/libassuan/libassuan_debian.bb:do_compile)
NOTE: recipe libassuan-2.5.2-r0: task do_compile: Started
NOTE: recipe python-cryptography-2.6.1-r0: task do_compile: Succeeded
NOTE: Running task 1222 of 1304 (/home/deby/poky/meta-debian/recipes-debian/python-cryptography/python-cryptography_debian.bb:do_install)
NOTE: recipe python-cryptography-2.6.1-r0: task do_install: Started
NOTE: recipe duplicity-0.7.18.2-r0: task do_prepare_recipe_sysroot: Succeeded
NOTE: Running task 1223 of 1304 (/home/deby/poky/meta-debian/recipes-debian/duplicity/duplicity_debian.bb:do_configure)
NOTE: recipe duplicity-0.7.18.2-r0: task do_configure: Started
NOTE: recipe duplicity-0.7.18.2-r0: task do_configure: Succeeded
NOTE: Running task 1224 of 1304 (/home/deby/poky/meta-debian/recipes-debian/duplicity/duplicity_debian.bb:do_compile)
NOTE: recipe duplicity-0.7.18.2-r0: task do_compile: Started
NOTE: recipe duplicity-0.7.18.2-r0: task do_compile: Succeeded
NOTE: Running task 1225 of 1304 (/home/deby/poky/meta-debian/recipes-debian/duplicity/duplicity_debian.bb:do_install)
NOTE: recipe libassuan-2.5.2-r0: task do_compile: Succeeded
NOTE: Running task 1226 of 1304 (/home/deby/poky/meta-debian/recipes-debian/libassuan/libassuan_debian.bb:do_install)
NOTE: recipe libassuan-2.5.2-r0: task do_install: Started
NOTE: recipe duplicity-0.7.18.2-r0: task do_install: Started
NOTE: recipe libassuan-2.5.2-r0: task do_install: Succeeded
NOTE: Running task 1227 of 1304 (/home/deby/poky/meta-debian/recipes-debian/libassuan/libassuan_debian.bb:do_package)
NOTE: Running task 1228 of 1304 (/home/deby/poky/meta-debian/recipes-debian/libassuan/libassuan_debian.bb:do_populate_sysroot)
NOTE: recipe libassuan-2.5.2-r0: task do_populate_sysroot: Started
NOTE: recipe libassuan-2.5.2-r0: task do_package: Started
NOTE: recipe libassuan-2.5.2-r0: task do_populate_sysroot: Succeeded
NOTE: Running task 1229 of 1304 (/home/deby/poky/meta-debian/recipes-debian/gnupg/gnupg_debian.bb:do_prepare_recipe_sysroot)
NOTE: Running task 1230 of 1304 (/home/deby/poky/meta-debian/recipes-debian/pinentry/pinentry_debian.bb:do_prepare_recipe_sysroot)
NOTE: recipe gnupg-2.2.12-r0: task do_prepare_recipe_sysroot: Started
NOTE: recipe pinentry-1.1.0-r0: task do_prepare_recipe_sysroot: Started
NOTE: recipe pinentry-1.1.0-r0: task do_prepare_recipe_sysroot: Succeeded
NOTE: recipe gnupg-2.2.12-r0: task do_prepare_recipe_sysroot: Succeeded
NOTE: Running task 1231 of 1304 (/home/deby/poky/meta-debian/recipes-debian/pinentry/pinentry_debian.bb:do_configure)
NOTE: Running task 1232 of 1304 (/home/deby/poky/meta-debian/recipes-debian/gnupg/gnupg_debian.bb:do_configure)
NOTE: recipe pinentry-1.1.0-r0: task do_configure: Started
NOTE: recipe gnupg-2.2.12-r0: task do_configure: Started
NOTE: recipe python-cryptography-2.6.1-r0: task do_install: Succeeded
NOTE: recipe duplicity-0.7.18.2-r0: task do_install: Succeeded
NOTE: Running task 1233 of 1304 (/home/deby/poky/meta-debian/recipes-debian/duplicity/duplicity_debian.bb:do_populate_sysroot)
NOTE: recipe duplicity-0.7.18.2-r0: task do_populate_sysroot: Started
NOTE: recipe duplicity-0.7.18.2-r0: task do_populate_sysroot: Succeeded
NOTE: recipe librsync-0.9.7-r0: task do_package: Succeeded
NOTE: Running task 1234 of 1304 (/home/deby/poky/meta-debian/recipes-debian/librsync/librsync_debian.bb:do_packagedata)
NOTE: recipe librsync-0.9.7-r0: task do_packagedata: Started
NOTE: recipe librsync-0.9.7-r0: task do_packagedata: Succeeded
NOTE: Running task 1235 of 1304 (/home/deby/poky/meta-debian/recipes-debian/librsync/librsync_debian.bb:do_package_write_deb)
NOTE: recipe librsync-0.9.7-r0: task do_package_write_deb: Started
NOTE: recipe libksba-1.3.5-r0: task do_package: Succeeded
NOTE: Running task 1236 of 1304 (/home/deby/poky/meta-debian/recipes-debian/libksba/libksba_debian.bb:do_packagedata)
NOTE: recipe libksba-1.3.5-r0: task do_packagedata: Started
NOTE: recipe libksba-1.3.5-r0: task do_packagedata: Succeeded
NOTE: Running task 1237 of 1304 (/home/deby/poky/meta-debian/recipes-debian/libksba/libksba_debian.bb:do_package_write_deb)
NOTE: recipe libksba-1.3.5-r0: task do_package_write_deb: Started
ERROR: python-2.7.16-r0 do_package: QA Issue: python: Files/directories were installed but not shipped in any package:
  /usr/lib/powerpc-linux-gnu
  /usr/lib/powerpc-linux-gnu/pkgconfig
  /usr/lib/powerpc-linux-gnu/pkgconfig/python-2.7.pc
  /usr/lib/powerpc-linux-gnu/pkgconfig/python2.pc
  /usr/lib/powerpc-linux-gnu/pkgconfig/python.pc
Please set FILES such that these items are packaged. Alternatively if they are unneeded, avoid installing them or delete them within do_install.
python: 5 installed and not shipped files. [installed-vs-shipped]
NOTE: recipe librsync-0.9.7-r0: task do_package_write_deb: Succeeded
NOTE: recipe libksba-1.3.5-r0: task do_package_write_deb: Succeeded
NOTE: recipe pinentry-1.1.0-r0: task do_configure: Succeeded
NOTE: Running task 1238 of 1304 (/home/deby/poky/meta-debian/recipes-debian/pinentry/pinentry_debian.bb:do_compile)
NOTE: recipe pinentry-1.1.0-r0: task do_compile: Started
NOTE: recipe pinentry-1.1.0-r0: task do_compile: Succeeded
NOTE: Running task 1239 of 1304 (/home/deby/poky/meta-debian/recipes-debian/pinentry/pinentry_debian.bb:do_install)
NOTE: recipe pinentry-1.1.0-r0: task do_install: Started
NOTE: recipe pinentry-1.1.0-r0: task do_install: Succeeded
NOTE: recipe libassuan-2.5.2-r0: task do_package: Succeeded
NOTE: Running task 1240 of 1304 (/home/deby/poky/meta-debian/recipes-debian/libassuan/libassuan_debian.bb:do_packagedata)
NOTE: recipe libassuan-2.5.2-r0: task do_packagedata: Started
NOTE: recipe libassuan-2.5.2-r0: task do_packagedata: Succeeded
NOTE: Running task 1241 of 1304 (/home/deby/poky/meta-debian/recipes-debian/pinentry/pinentry_debian.bb:do_package)
NOTE: Running task 1242 of 1304 (/home/deby/poky/meta-debian/recipes-debian/libassuan/libassuan_debian.bb:do_package_write_deb)
NOTE: recipe pinentry-1.1.0-r0: task do_package: Started
NOTE: recipe libassuan-2.5.2-r0: task do_package_write_deb: Started
NOTE: recipe libassuan-2.5.2-r0: task do_package_write_deb: Succeeded
ERROR: python-2.7.16-r0 do_package: Fatal QA errors found, failing task.
ERROR: python-2.7.16-r0 do_package: 
ERROR: python-2.7.16-r0 do_package: Function failed: do_package
ERROR: Logfile of failure stored in: /home/deby/build-tiny/tmp/work/ppc7400-deby-linux/python/2.7.16-r0/temp/log.do_package.31563
NOTE: recipe python-2.7.16-r0: task do_package: Failed
ERROR: Task (/home/deby/poky/meta-debian/recipes-debian/python/python_debian.bb:do_package) failed with exit code '1'
NOTE: recipe pinentry-1.1.0-r0: task do_package: Succeeded
NOTE: recipe gnupg-2.2.12-r0: task do_configure: Succeeded
NOTE: recipe lftp-4.8.4-r0: task do_configure: Succeeded
NOTE: recipe python-nacl-1.3.0-r0: task do_compile: Succeeded
NOTE: Tasks Summary: Attempted 1242 tasks of which 1029 didn't need to be rerun and 1 failed.

Summary: 1 task failed:
  /home/deby/poky/meta-debian/recipes-debian/python/python_debian.bb:do_package
Summary: There were 4 ERROR messages shown, returning a non-zero exit code.
