Loading cache...done.
Loaded 1825 entries from dependency cache.
Parsing recipes...done.
Parsing of 1043 .bb files complete (1041 cached, 2 parsed). 1828 targets, 237 skipped, 0 masked, 0 errors.
NOTE: Resolving any missing task queue dependencies

Build Configuration:
BB_VERSION           = "1.42.0"
BUILD_SYS            = "x86_64-linux"
NATIVELSBSTRING      = "universal"
TARGET_SYS           = "powerpc-deby-linux"
MACHINE              = "qemuppc"
DISTRO               = "deby-tiny"
DISTRO_VERSION       = "10.0"
TUNE_FEATURES        = "m32 fpu-hard ppc7400 altivec"
TARGET_FPU           = ""
meta                 
meta-poky            = "warrior:79a850a10a4b88a6d20d607b322542f947874323"
meta-debian          = "warrior:fda6a80e4cae9aa03f502551f35fe41beb7bb944"

Initialising tasks...done.
Sstate summary: Wanted 13 Found 0 Missed 13 Current 157 (0% match, 92% complete)
NOTE: Executing SetScene Tasks
NOTE: Executing RunQueue Tasks
NOTE: Running task 607 of 900 (/home/deby/poky/meta-debian/recipes-debian/libtool/libtool_debian.bb:do_fetch)
NOTE: Running task 641 of 900 (/home/deby/poky/meta-debian/recipes-debian/libprelude/libprelude_debian.bb:do_fetch)
NOTE: Running task 815 of 900 (/home/deby/poky/meta-debian/recipes-debian/python/python_debian.bb:do_package)
NOTE: recipe libtool-2.4.6-r0: task do_fetch: Started
NOTE: recipe libprelude-4.1.0-r0: task do_fetch: Started
NOTE: recipe libprelude-4.1.0-r0: task do_fetch: Succeeded
NOTE: recipe libtool-2.4.6-r0: task do_fetch: Succeeded
NOTE: Running task 817 of 900 (/home/deby/poky/meta-debian/recipes-debian/libtool/libtool_debian.bb:do_unpack)
NOTE: Running task 818 of 900 (/home/deby/poky/meta-debian/recipes-debian/libprelude/libprelude_debian.bb:do_unpack)
NOTE: Running task 819 of 900 (/home/deby/poky/meta-debian/recipes-debian/libtool/libtool_debian.bb:do_prepare_recipe_sysroot)
NOTE: recipe libtool-2.4.6-r0: task do_unpack: Started
NOTE: recipe libtool-2.4.6-r0: task do_prepare_recipe_sysroot: Started
NOTE: recipe libprelude-4.1.0-r0: task do_unpack: Started
NOTE: recipe python-2.7.16-r0: task do_package: Started
NOTE: recipe libtool-2.4.6-r0: task do_prepare_recipe_sysroot: Succeeded
NOTE: recipe libprelude-4.1.0-r0: task do_unpack: Succeeded
NOTE: Running task 875 of 900 (/home/deby/poky/meta-debian/recipes-debian/libprelude/libprelude_debian.bb:do_debian_unpack_extra)
NOTE: recipe libtool-2.4.6-r0: task do_unpack: Succeeded
NOTE: Running task 876 of 900 (/home/deby/poky/meta-debian/recipes-debian/libtool/libtool_debian.bb:do_debian_unpack_extra)
NOTE: recipe libprelude-4.1.0-r0: task do_debian_unpack_extra: Started
NOTE: recipe libtool-2.4.6-r0: task do_debian_unpack_extra: Started
NOTE: recipe libprelude-4.1.0-r0: task do_debian_unpack_extra: Succeeded
NOTE: Running task 877 of 900 (/home/deby/poky/meta-debian/recipes-debian/libprelude/libprelude_debian.bb:do_debian_patch)
NOTE: recipe libtool-2.4.6-r0: task do_debian_unpack_extra: Succeeded
NOTE: Running task 878 of 900 (/home/deby/poky/meta-debian/recipes-debian/libtool/libtool_debian.bb:do_debian_patch)
NOTE: recipe libprelude-4.1.0-r0: task do_debian_patch: Started
NOTE: recipe libtool-2.4.6-r0: task do_debian_patch: Started
NOTE: recipe libprelude-4.1.0-r0: task do_debian_patch: Succeeded
NOTE: Running task 879 of 900 (/home/deby/poky/meta-debian/recipes-debian/libprelude/libprelude_debian.bb:do_patch)
NOTE: recipe libprelude-4.1.0-r0: task do_patch: Started
NOTE: recipe libtool-2.4.6-r0: task do_debian_patch: Succeeded
NOTE: Running task 880 of 900 (/home/deby/poky/meta-debian/recipes-debian/libtool/libtool_debian.bb:do_patch)
NOTE: recipe libtool-2.4.6-r0: task do_patch: Started
NOTE: recipe libprelude-4.1.0-r0: task do_patch: Succeeded
NOTE: Running task 881 of 900 (/home/deby/poky/meta-debian/recipes-debian/libprelude/libprelude_debian.bb:do_populate_lic)
NOTE: recipe libprelude-4.1.0-r0: task do_populate_lic: Started
NOTE: recipe libprelude-4.1.0-r0: task do_populate_lic: Succeeded
NOTE: recipe libtool-2.4.6-r0: task do_patch: Succeeded
NOTE: Running task 882 of 900 (/home/deby/poky/meta-debian/recipes-debian/libtool/libtool_debian.bb:do_configure)
NOTE: recipe libtool-2.4.6-r0: task do_configure: Started
NOTE: recipe libtool-2.4.6-r0: task do_configure: Succeeded
NOTE: Running task 883 of 900 (/home/deby/poky/meta-debian/recipes-debian/libtool/libtool_debian.bb:do_compile)
NOTE: recipe libtool-2.4.6-r0: task do_compile: Started
NOTE: recipe libtool-2.4.6-r0: task do_compile: Succeeded
NOTE: Running task 884 of 900 (/home/deby/poky/meta-debian/recipes-debian/libtool/libtool_debian.bb:do_install)
NOTE: recipe libtool-2.4.6-r0: task do_install: Started
ERROR: python-2.7.16-r0 do_package: QA Issue: python: Files/directories were installed but not shipped in any package:
  /usr/lib/powerpc-linux-gnu
  /usr/lib/powerpc-linux-gnu/pkgconfig
  /usr/lib/powerpc-linux-gnu/pkgconfig/python-2.7.pc
  /usr/lib/powerpc-linux-gnu/pkgconfig/python2.pc
  /usr/lib/powerpc-linux-gnu/pkgconfig/python.pc
Please set FILES such that these items are packaged. Alternatively if they are unneeded, avoid installing them or delete them within do_install.
python: 5 installed and not shipped files. [installed-vs-shipped]
NOTE: recipe libtool-2.4.6-r0: task do_install: Succeeded
NOTE: Running task 885 of 900 (/home/deby/poky/meta-debian/recipes-debian/libtool/libtool_debian.bb:do_package)
NOTE: Running task 886 of 900 (/home/deby/poky/meta-debian/recipes-debian/libtool/libtool_debian.bb:do_populate_sysroot)
NOTE: recipe libtool-2.4.6-r0: task do_populate_sysroot: Started
NOTE: recipe libtool-2.4.6-r0: task do_package: Started
NOTE: recipe libtool-2.4.6-r0: task do_populate_sysroot: Succeeded
NOTE: Running task 887 of 900 (/home/deby/poky/meta-debian/recipes-debian/libprelude/libprelude_debian.bb:do_prepare_recipe_sysroot)
NOTE: recipe libprelude-4.1.0-r0: task do_prepare_recipe_sysroot: Started
NOTE: recipe libprelude-4.1.0-r0: task do_prepare_recipe_sysroot: Succeeded
NOTE: Running task 888 of 900 (/home/deby/poky/meta-debian/recipes-debian/libprelude/libprelude_debian.bb:do_configure)
NOTE: recipe libprelude-4.1.0-r0: task do_configure: Started
ERROR: python-2.7.16-r0 do_package: Fatal QA errors found, failing task.
ERROR: python-2.7.16-r0 do_package: 
ERROR: python-2.7.16-r0 do_package: Function failed: do_package
ERROR: Logfile of failure stored in: /home/deby/build-tiny/tmp/work/ppc7400-deby-linux/python/2.7.16-r0/temp/log.do_package.31220
NOTE: recipe python-2.7.16-r0: task do_package: Failed
ERROR: Task (/home/deby/poky/meta-debian/recipes-debian/python/python_debian.bb:do_package) failed with exit code '1'
NOTE: recipe libtool-2.4.6-r0: task do_package: Succeeded
NOTE: recipe libprelude-4.1.0-r0: task do_configure: Succeeded
NOTE: Tasks Summary: Attempted 888 tasks of which 868 didn't need to be rerun and 1 failed.

Summary: 1 task failed:
  /home/deby/poky/meta-debian/recipes-debian/python/python_debian.bb:do_package
Summary: There were 4 ERROR messages shown, returning a non-zero exit code.
