WARNING: Host distribution "debian-10" has not been validated with this version of the build system; you may possibly experience unexpected failures. It is recommended that you use a tested distribution.
Loading cache...done.
Loaded 1440 entries from dependency cache.
NOTE: Resolving any missing task queue dependencies

Build Configuration:
BB_VERSION           = "1.42.0"
BUILD_SYS            = "x86_64-linux"
NATIVELSBSTRING      = "universal"
TARGET_SYS           = "powerpc-deby-linux"
MACHINE              = "qemuppc"
DISTRO               = "deby-tiny"
DISTRO_VERSION       = "10.0"
TUNE_FEATURES        = "m32 fpu-hard ppc7400 altivec"
TARGET_FPU           = ""
meta                 
meta-poky            = "warrior:51223035e66c5b27799b15a0f8ebe75d24d3971b"
meta-debian          = "warrior-trungdt:47b755ebe41c5afc0ea94d75b55c4f0efd8983fe"

Initialising tasks...done.
Sstate summary: Wanted 10 Found 3 Missed 7 Current 59 (30% match, 89% complete)
NOTE: Executing SetScene Tasks
NOTE: Running setscene task 67 of 69 (/home/deby/poky/meta/recipes-kernel/kmod/depmodwrapper-cross_1.0.bb:do_populate_sysroot_setscene)
NOTE: Running setscene task 68 of 69 (/home/deby/poky/meta-debian/recipes-debian/gcc/gcc-cross_debian.bb:do_populate_sysroot_setscene)
NOTE: recipe depmodwrapper-cross-1.0-r0: task do_populate_sysroot_setscene: Started
NOTE: recipe gcc-cross-powerpc-8.3.0-r0: task do_populate_sysroot_setscene: Started
NOTE: recipe depmodwrapper-cross-1.0-r0: task do_populate_sysroot_setscene: Succeeded
NOTE: recipe gcc-cross-powerpc-8.3.0-r0: task do_populate_sysroot_setscene: Succeeded
NOTE: Running setscene task 69 of 69 (/home/deby/poky/meta-debian/recipes-debian/binutils/binutils-cross_debian.bb:do_populate_sysroot_setscene)
NOTE: recipe binutils-cross-powerpc-2.31.1-r0: task do_populate_sysroot_setscene: Started
NOTE: recipe binutils-cross-powerpc-2.31.1-r0: task do_populate_sysroot_setscene: Succeeded
NOTE: Executing RunQueue Tasks
NOTE: Running task 362 of 526 (/home/deby/poky/meta-debian/recipes-kernel/linux/linux-base_git.bb:do_prepare_recipe_sysroot)
NOTE: recipe linux-base-gitAUTOINC+2951eded01-r0: task do_prepare_recipe_sysroot: Started
NOTE: recipe linux-base-gitAUTOINC+2951eded01-r0: task do_prepare_recipe_sysroot: Succeeded
NOTE: Running task 511 of 526 (/home/deby/poky/meta-debian/recipes-kernel/linux/linux-base_git.bb:do_configure)
NOTE: recipe linux-base-gitAUTOINC+2951eded01-r0: task do_configure: Started
NOTE: recipe linux-base-gitAUTOINC+2951eded01-r0: task do_configure: Succeeded
NOTE: Running task 512 of 526 (/home/deby/poky/meta-debian/recipes-kernel/linux/linux-base_git.bb:do_compile)
NOTE: recipe linux-base-gitAUTOINC+2951eded01-r0: task do_compile: Started
NOTE: recipe linux-base-gitAUTOINC+2951eded01-r0: task do_compile: Succeeded
NOTE: Running task 513 of 526 (/home/deby/poky/meta-debian/recipes-kernel/linux/linux-base_git.bb:do_shared_workdir)
NOTE: Running task 514 of 526 (/home/deby/poky/meta-debian/recipes-kernel/linux/linux-base_git.bb:do_kernel_link_images)
NOTE: recipe linux-base-gitAUTOINC+2951eded01-r0: task do_shared_workdir: Started
NOTE: recipe linux-base-gitAUTOINC+2951eded01-r0: task do_kernel_link_images: Started
NOTE: recipe linux-base-gitAUTOINC+2951eded01-r0: task do_kernel_link_images: Succeeded
NOTE: recipe linux-base-gitAUTOINC+2951eded01-r0: task do_shared_workdir: Succeeded
NOTE: Running task 515 of 526 (/home/deby/poky/meta-debian/recipes-kernel/linux/linux-base_git.bb:do_compile_kernelmodules)
NOTE: recipe linux-base-gitAUTOINC+2951eded01-r0: task do_compile_kernelmodules: Started
NOTE: recipe linux-base-gitAUTOINC+2951eded01-r0: task do_compile_kernelmodules: Succeeded
NOTE: Running task 516 of 526 (/home/deby/poky/meta-debian/recipes-kernel/linux/linux-base_git.bb:do_strip)
NOTE: recipe linux-base-gitAUTOINC+2951eded01-r0: task do_strip: Started
NOTE: recipe linux-base-gitAUTOINC+2951eded01-r0: task do_strip: Succeeded
NOTE: Running task 517 of 526 (/home/deby/poky/meta-debian/recipes-kernel/linux/linux-base_git.bb:do_sizecheck)
NOTE: recipe linux-base-gitAUTOINC+2951eded01-r0: task do_sizecheck: Started
NOTE: recipe linux-base-gitAUTOINC+2951eded01-r0: task do_sizecheck: Succeeded
NOTE: Running task 518 of 526 (/home/deby/poky/meta-debian/recipes-kernel/linux/linux-base_git.bb:do_install)
NOTE: recipe linux-base-gitAUTOINC+2951eded01-r0: task do_install: Started
NOTE: recipe linux-base-gitAUTOINC+2951eded01-r0: task do_install: Succeeded
NOTE: Running task 519 of 526 (/home/deby/poky/meta-debian/recipes-kernel/linux/linux-base_git.bb:do_package)
NOTE: Running task 520 of 526 (/home/deby/poky/meta-debian/recipes-kernel/linux/linux-base_git.bb:do_populate_sysroot)
NOTE: Running task 521 of 526 (/home/deby/poky/meta-debian/recipes-kernel/linux/linux-base_git.bb:do_bundle_initramfs)
NOTE: recipe linux-base-gitAUTOINC+2951eded01-r0: task do_package: Started
NOTE: recipe linux-base-gitAUTOINC+2951eded01-r0: task do_populate_sysroot: Started
NOTE: recipe linux-base-gitAUTOINC+2951eded01-r0: task do_bundle_initramfs: Started
NOTE: recipe linux-base-gitAUTOINC+2951eded01-r0: task do_bundle_initramfs: Succeeded
NOTE: recipe linux-base-gitAUTOINC+2951eded01-r0: task do_populate_sysroot: Succeeded
NOTE: recipe linux-base-gitAUTOINC+2951eded01-r0: task do_package: Succeeded
NOTE: Running task 522 of 526 (/home/deby/poky/meta-debian/recipes-kernel/linux/linux-base_git.bb:do_packagedata)
NOTE: recipe linux-base-gitAUTOINC+2951eded01-r0: task do_packagedata: Started
NOTE: recipe linux-base-gitAUTOINC+2951eded01-r0: task do_packagedata: Succeeded
NOTE: Running task 523 of 526 (/home/deby/poky/meta-debian/recipes-kernel/linux/linux-base_git.bb:do_deploy)
NOTE: Running task 524 of 526 (/home/deby/poky/meta-debian/recipes-kernel/linux/linux-base_git.bb:do_package_write_deb)
NOTE: Running task 525 of 526 (/home/deby/poky/meta-debian/recipes-kernel/linux/linux-base_git.bb:do_package_qa)
NOTE: recipe linux-base-gitAUTOINC+2951eded01-r0: task do_deploy: Started
NOTE: recipe linux-base-gitAUTOINC+2951eded01-r0: task do_package_qa: Started
NOTE: recipe linux-base-gitAUTOINC+2951eded01-r0: task do_package_write_deb: Started
NOTE: recipe linux-base-gitAUTOINC+2951eded01-r0: task do_package_qa: Succeeded
NOTE: recipe linux-base-gitAUTOINC+2951eded01-r0: task do_package_write_deb: Succeeded
NOTE: recipe linux-base-gitAUTOINC+2951eded01-r0: task do_deploy: Succeeded
NOTE: Running noexec task 526 of 526 (/home/deby/poky/meta-debian/recipes-kernel/linux/linux-base_git.bb:do_build)
NOTE: Tasks Summary: Attempted 526 tasks of which 509 didn't need to be rerun and all succeeded.

Summary: There was 1 WARNING message shown.
