WARNING: Host distribution "debian-10" has not been validated with this version of the build system; you may possibly experience unexpected failures. It is recommended that you use a tested distribution.
Loading cache...done.
Loaded 1440 entries from dependency cache.
NOTE: Resolving any missing task queue dependencies

Build Configuration:
BB_VERSION           = "1.42.0"
BUILD_SYS            = "x86_64-linux"
NATIVELSBSTRING      = "universal"
TARGET_SYS           = "powerpc-deby-linux"
MACHINE              = "qemuppc"
DISTRO               = "deby-tiny"
DISTRO_VERSION       = "10.0"
TUNE_FEATURES        = "m32 fpu-hard ppc7400 altivec"
TARGET_FPU           = ""
meta                 
meta-poky            = "warrior:51223035e66c5b27799b15a0f8ebe75d24d3971b"
meta-debian          = "warrior-trungdt:47b755ebe41c5afc0ea94d75b55c4f0efd8983fe"

Initialising tasks...done.
Sstate summary: Wanted 9 Found 9 Missed 0 Current 79 (100% match, 100% complete)
NOTE: Executing SetScene Tasks
NOTE: Running setscene task 80 of 88 (/home/deby/poky/meta-debian/recipes-debian/mpfr/mpfr_debian.bb:do_populate_sysroot_setscene)
NOTE: Running setscene task 81 of 88 (/home/deby/poky/meta-debian/recipes-debian/mpfr/mpfr_debian.bb:do_package_qa_setscene)
NOTE: Running setscene task 82 of 88 (/home/deby/poky/meta-debian/recipes-debian/mpfr/mpfr_debian.bb:do_package_write_deb_setscene)
NOTE: Running setscene task 83 of 88 (/home/deby/poky/meta/recipes-devtools/autoconf-archive/autoconf-archive_2018.03.13.bb:do_packagedata_setscene)
NOTE: Running setscene task 84 of 88 (/home/deby/poky/meta-debian/recipes-debian/gmp/gmp_debian.bb:do_package_write_deb_setscene)
NOTE: recipe autoconf-archive-2018.03.13-r0: task do_packagedata_setscene: Started
NOTE: recipe gmp-6.1.2-r0: task do_package_write_deb_setscene: Started
NOTE: recipe mpfr-4.0.2-r0: task do_package_qa_setscene: Started
NOTE: recipe mpfr-4.0.2-r0: task do_package_write_deb_setscene: Started
NOTE: recipe mpfr-4.0.2-r0: task do_populate_sysroot_setscene: Started
NOTE: recipe autoconf-archive-2018.03.13-r0: task do_packagedata_setscene: Succeeded
NOTE: recipe mpfr-4.0.2-r0: task do_package_qa_setscene: Succeeded
NOTE: recipe gmp-6.1.2-r0: task do_package_write_deb_setscene: Succeeded
NOTE: Running setscene task 85 of 88 (/home/deby/poky/meta-debian/recipes-debian/gmp/gmp_debian.bb:do_packagedata_setscene)
NOTE: recipe mpfr-4.0.2-r0: task do_package_write_deb_setscene: Succeeded
NOTE: Running setscene task 86 of 88 (/home/deby/poky/meta-debian/recipes-debian/mpfr/mpfr_debian.bb:do_packagedata_setscene)
NOTE: recipe gmp-6.1.2-r0: task do_packagedata_setscene: Started
NOTE: recipe mpfr-4.0.2-r0: task do_packagedata_setscene: Started
NOTE: recipe mpfr-4.0.2-r0: task do_populate_sysroot_setscene: Succeeded
NOTE: Running setscene task 87 of 88 (/home/deby/poky/meta-debian/recipes-debian/gmp/gmp_debian.bb:do_populate_sysroot_setscene)
NOTE: recipe gmp-6.1.2-r0: task do_populate_sysroot_setscene: Started
NOTE: recipe gmp-6.1.2-r0: task do_packagedata_setscene: Succeeded
NOTE: recipe gmp-6.1.2-r0: task do_populate_sysroot_setscene: Succeeded
NOTE: recipe mpfr-4.0.2-r0: task do_packagedata_setscene: Succeeded
NOTE: Executing RunQueue Tasks
NOTE: Running noexec task 556 of 556 (/home/deby/poky/meta-debian/recipes-debian/mpfr/mpfr_debian.bb:do_build)
NOTE: Tasks Summary: Attempted 556 tasks of which 555 didn't need to be rerun and all succeeded.

Summary: There was 1 WARNING message shown.
