Loading cache...done.
Loaded 1825 entries from dependency cache.
Parsing recipes...done.
Parsing of 1043 .bb files complete (1041 cached, 2 parsed). 1828 targets, 237 skipped, 0 masked, 0 errors.
NOTE: Resolving any missing task queue dependencies

Build Configuration:
BB_VERSION           = "1.42.0"
BUILD_SYS            = "x86_64-linux"
NATIVELSBSTRING      = "universal"
TARGET_SYS           = "powerpc-deby-linux"
MACHINE              = "qemuppc"
DISTRO               = "deby-tiny"
DISTRO_VERSION       = "10.0"
TUNE_FEATURES        = "m32 fpu-hard ppc7400 altivec"
TARGET_FPU           = ""
meta                 
meta-poky            = "warrior:79a850a10a4b88a6d20d607b322542f947874323"
meta-debian          = "warrior:fda6a80e4cae9aa03f502551f35fe41beb7bb944"

Initialising tasks...done.
Sstate summary: Wanted 6 Found 0 Missed 6 Current 115 (0% match, 95% complete)
NOTE: Executing SetScene Tasks
NOTE: Executing RunQueue Tasks
NOTE: Running task 600 of 739 (/home/deby/poky/meta-debian/recipes-debian/pam-shield/pam-shield_debian.bb:do_fetch)
NOTE: recipe pam-shield-0.9.6-r0: task do_fetch: Started
NOTE: recipe pam-shield-0.9.6-r0: task do_fetch: Succeeded
NOTE: Running task 725 of 739 (/home/deby/poky/meta-debian/recipes-debian/pam-shield/pam-shield_debian.bb:do_unpack)
NOTE: Running task 726 of 739 (/home/deby/poky/meta-debian/recipes-debian/pam-shield/pam-shield_debian.bb:do_prepare_recipe_sysroot)
NOTE: recipe pam-shield-0.9.6-r0: task do_unpack: Started
NOTE: recipe pam-shield-0.9.6-r0: task do_prepare_recipe_sysroot: Started
NOTE: recipe pam-shield-0.9.6-r0: task do_unpack: Succeeded
NOTE: Running task 727 of 739 (/home/deby/poky/meta-debian/recipes-debian/pam-shield/pam-shield_debian.bb:do_debian_unpack_extra)
NOTE: recipe pam-shield-0.9.6-r0: task do_debian_unpack_extra: Started
NOTE: recipe pam-shield-0.9.6-r0: task do_debian_unpack_extra: Succeeded
NOTE: Running task 728 of 739 (/home/deby/poky/meta-debian/recipes-debian/pam-shield/pam-shield_debian.bb:do_debian_patch)
NOTE: recipe pam-shield-0.9.6-r0: task do_prepare_recipe_sysroot: Succeeded
NOTE: recipe pam-shield-0.9.6-r0: task do_debian_patch: Started
NOTE: recipe pam-shield-0.9.6-r0: task do_debian_patch: Succeeded
NOTE: Running task 729 of 739 (/home/deby/poky/meta-debian/recipes-debian/pam-shield/pam-shield_debian.bb:do_patch)
NOTE: recipe pam-shield-0.9.6-r0: task do_patch: Started
NOTE: recipe pam-shield-0.9.6-r0: task do_patch: Succeeded
NOTE: Running task 730 of 739 (/home/deby/poky/meta-debian/recipes-debian/pam-shield/pam-shield_debian.bb:do_configure)
NOTE: Running task 731 of 739 (/home/deby/poky/meta-debian/recipes-debian/pam-shield/pam-shield_debian.bb:do_populate_lic)
NOTE: recipe pam-shield-0.9.6-r0: task do_configure: Started
NOTE: recipe pam-shield-0.9.6-r0: task do_populate_lic: Started
NOTE: recipe pam-shield-0.9.6-r0: task do_populate_lic: Succeeded
NOTE: recipe pam-shield-0.9.6-r0: task do_configure: Succeeded
NOTE: Running task 732 of 739 (/home/deby/poky/meta-debian/recipes-debian/pam-shield/pam-shield_debian.bb:do_compile)
NOTE: recipe pam-shield-0.9.6-r0: task do_compile: Started
NOTE: recipe pam-shield-0.9.6-r0: task do_compile: Succeeded
NOTE: Running task 733 of 739 (/home/deby/poky/meta-debian/recipes-debian/pam-shield/pam-shield_debian.bb:do_install)
NOTE: recipe pam-shield-0.9.6-r0: task do_install: Started
NOTE: recipe pam-shield-0.9.6-r0: task do_install: Succeeded
NOTE: Running task 734 of 739 (/home/deby/poky/meta-debian/recipes-debian/pam-shield/pam-shield_debian.bb:do_package)
NOTE: Running task 735 of 739 (/home/deby/poky/meta-debian/recipes-debian/pam-shield/pam-shield_debian.bb:do_populate_sysroot)
NOTE: recipe pam-shield-0.9.6-r0: task do_populate_sysroot: Started
NOTE: recipe pam-shield-0.9.6-r0: task do_package: Started
NOTE: recipe pam-shield-0.9.6-r0: task do_populate_sysroot: Succeeded
NOTE: recipe pam-shield-0.9.6-r0: task do_package: Succeeded
NOTE: Running task 736 of 739 (/home/deby/poky/meta-debian/recipes-debian/pam-shield/pam-shield_debian.bb:do_packagedata)
NOTE: recipe pam-shield-0.9.6-r0: task do_packagedata: Started
NOTE: recipe pam-shield-0.9.6-r0: task do_packagedata: Succeeded
NOTE: Running task 737 of 739 (/home/deby/poky/meta-debian/recipes-debian/pam-shield/pam-shield_debian.bb:do_package_write_deb)
NOTE: Running task 738 of 739 (/home/deby/poky/meta-debian/recipes-debian/pam-shield/pam-shield_debian.bb:do_package_qa)
NOTE: recipe pam-shield-0.9.6-r0: task do_package_write_deb: Started
NOTE: recipe pam-shield-0.9.6-r0: task do_package_qa: Started
NOTE: recipe pam-shield-0.9.6-r0: task do_package_qa: Succeeded
NOTE: recipe pam-shield-0.9.6-r0: task do_package_write_deb: Succeeded
NOTE: Running noexec task 739 of 739 (/home/deby/poky/meta-debian/recipes-debian/pam-shield/pam-shield_debian.bb:do_build)
NOTE: Tasks Summary: Attempted 739 tasks of which 723 didn't need to be rerun and all succeeded.
