Loading cache...done.
Loaded 1825 entries from dependency cache.
Parsing recipes...done.
Parsing of 1043 .bb files complete (1041 cached, 2 parsed). 1828 targets, 237 skipped, 0 masked, 0 errors.
NOTE: Resolving any missing task queue dependencies

Build Configuration:
BB_VERSION           = "1.42.0"
BUILD_SYS            = "x86_64-linux"
NATIVELSBSTRING      = "universal"
TARGET_SYS           = "powerpc-deby-linux"
MACHINE              = "qemuppc"
DISTRO               = "deby-tiny"
DISTRO_VERSION       = "10.0"
TUNE_FEATURES        = "m32 fpu-hard ppc7400 altivec"
TARGET_FPU           = ""
meta                 
meta-poky            = "warrior:79a850a10a4b88a6d20d607b322542f947874323"
meta-debian          = "warrior:fda6a80e4cae9aa03f502551f35fe41beb7bb944"

Initialising tasks...done.
Sstate summary: Wanted 6 Found 0 Missed 6 Current 202 (0% match, 97% complete)
NOTE: Executing SetScene Tasks
NOTE: Executing RunQueue Tasks
NOTE: Running task 881 of 1117 (/home/deby/poky/meta-debian/recipes-debian/python-nacl/python3-nacl_debian.bb:do_fetch)
NOTE: recipe python3-nacl-1.3.0-r0: task do_fetch: Started
NOTE: recipe python3-nacl-1.3.0-r0: task do_fetch: Succeeded
NOTE: Running task 1103 of 1117 (/home/deby/poky/meta-debian/recipes-debian/python-nacl/python3-nacl_debian.bb:do_unpack)
NOTE: Running task 1104 of 1117 (/home/deby/poky/meta-debian/recipes-debian/python-nacl/python3-nacl_debian.bb:do_prepare_recipe_sysroot)
NOTE: recipe python3-nacl-1.3.0-r0: task do_unpack: Started
NOTE: recipe python3-nacl-1.3.0-r0: task do_prepare_recipe_sysroot: Started
NOTE: recipe python3-nacl-1.3.0-r0: task do_unpack: Succeeded
NOTE: Running task 1105 of 1117 (/home/deby/poky/meta-debian/recipes-debian/python-nacl/python3-nacl_debian.bb:do_debian_unpack_extra)
NOTE: recipe python3-nacl-1.3.0-r0: task do_debian_unpack_extra: Started
NOTE: recipe python3-nacl-1.3.0-r0: task do_debian_unpack_extra: Succeeded
NOTE: Running task 1106 of 1117 (/home/deby/poky/meta-debian/recipes-debian/python-nacl/python3-nacl_debian.bb:do_debian_patch)
NOTE: recipe python3-nacl-1.3.0-r0: task do_debian_patch: Started
NOTE: recipe python3-nacl-1.3.0-r0: task do_prepare_recipe_sysroot: Succeeded
NOTE: recipe python3-nacl-1.3.0-r0: task do_debian_patch: Succeeded
NOTE: Running task 1107 of 1117 (/home/deby/poky/meta-debian/recipes-debian/python-nacl/python3-nacl_debian.bb:do_patch)
NOTE: recipe python3-nacl-1.3.0-r0: task do_patch: Started
NOTE: recipe python3-nacl-1.3.0-r0: task do_patch: Succeeded
NOTE: Running task 1108 of 1117 (/home/deby/poky/meta-debian/recipes-debian/python-nacl/python3-nacl_debian.bb:do_configure)
NOTE: Running task 1109 of 1117 (/home/deby/poky/meta-debian/recipes-debian/python-nacl/python3-nacl_debian.bb:do_populate_lic)
NOTE: recipe python3-nacl-1.3.0-r0: task do_configure: Started
NOTE: recipe python3-nacl-1.3.0-r0: task do_populate_lic: Started
NOTE: recipe python3-nacl-1.3.0-r0: task do_populate_lic: Succeeded
NOTE: recipe python3-nacl-1.3.0-r0: task do_configure: Succeeded
NOTE: Running task 1110 of 1117 (/home/deby/poky/meta-debian/recipes-debian/python-nacl/python3-nacl_debian.bb:do_compile)
NOTE: recipe python3-nacl-1.3.0-r0: task do_compile: Started
NOTE: recipe python3-nacl-1.3.0-r0: task do_compile: Succeeded
NOTE: Running task 1111 of 1117 (/home/deby/poky/meta-debian/recipes-debian/python-nacl/python3-nacl_debian.bb:do_install)
NOTE: recipe python3-nacl-1.3.0-r0: task do_install: Started
NOTE: recipe python3-nacl-1.3.0-r0: task do_install: Succeeded
NOTE: Running task 1112 of 1117 (/home/deby/poky/meta-debian/recipes-debian/python-nacl/python3-nacl_debian.bb:do_package)
NOTE: Running task 1113 of 1117 (/home/deby/poky/meta-debian/recipes-debian/python-nacl/python3-nacl_debian.bb:do_populate_sysroot)
NOTE: recipe python3-nacl-1.3.0-r0: task do_package: Started
NOTE: recipe python3-nacl-1.3.0-r0: task do_populate_sysroot: Started
NOTE: recipe python3-nacl-1.3.0-r0: task do_populate_sysroot: Succeeded
NOTE: recipe python3-nacl-1.3.0-r0: task do_package: Succeeded
NOTE: Running task 1114 of 1117 (/home/deby/poky/meta-debian/recipes-debian/python-nacl/python3-nacl_debian.bb:do_packagedata)
NOTE: recipe python3-nacl-1.3.0-r0: task do_packagedata: Started
NOTE: recipe python3-nacl-1.3.0-r0: task do_packagedata: Succeeded
NOTE: Running task 1115 of 1117 (/home/deby/poky/meta-debian/recipes-debian/python-nacl/python3-nacl_debian.bb:do_package_write_deb)
NOTE: Running task 1116 of 1117 (/home/deby/poky/meta-debian/recipes-debian/python-nacl/python3-nacl_debian.bb:do_package_qa)
NOTE: recipe python3-nacl-1.3.0-r0: task do_package_write_deb: Started
NOTE: recipe python3-nacl-1.3.0-r0: task do_package_qa: Started
NOTE: recipe python3-nacl-1.3.0-r0: task do_package_qa: Succeeded
NOTE: recipe python3-nacl-1.3.0-r0: task do_package_write_deb: Succeeded
NOTE: Running noexec task 1117 of 1117 (/home/deby/poky/meta-debian/recipes-debian/python-nacl/python3-nacl_debian.bb:do_build)
NOTE: Tasks Summary: Attempted 1117 tasks of which 1101 didn't need to be rerun and all succeeded.
