Loading cache...done.
Loaded 1733 entries from dependency cache.
NOTE: Resolving any missing task queue dependencies

Build Configuration:
BB_VERSION           = "1.42.0"
BUILD_SYS            = "x86_64-linux"
NATIVELSBSTRING      = "universal"
TARGET_SYS           = "powerpc-deby-linux"
MACHINE              = "qemuppc"
DISTRO               = "deby-tiny"
DISTRO_VERSION       = "10.0"
TUNE_FEATURES        = "m32 fpu-hard ppc7400 altivec"
TARGET_FPU           = ""
meta                 
meta-poky            = "warrior:79a850a10a4b88a6d20d607b322542f947874323"
meta-debian          = "warrior:065aa7dcd28d697d2d493e1f188deb4f78253725"

Initialising tasks...done.
Sstate summary: Wanted 14 Found 0 Missed 14 Current 242 (0% match, 94% complete)
NOTE: Executing SetScene Tasks
NOTE: Executing RunQueue Tasks
NOTE: Running task 709 of 1265 (/home/deby/poky/meta-debian/recipes-debian/expat/expat_debian.bb:do_fetch)
NOTE: Running task 802 of 1265 (/home/deby/poky/meta-debian/recipes-debian/dbus/dbus_debian.bb:do_fetch)
NOTE: Running task 933 of 1265 (/home/deby/poky/meta-debian/recipes-debian/tpm2-abrmd/tpm2-abrmd_debian.bb:do_fetch)
NOTE: recipe expat-2.2.6-r0: task do_fetch: Started
NOTE: recipe expat-2.2.6-r0: task do_fetch: Succeeded
NOTE: Running task 1227 of 1265 (/home/deby/poky/meta-debian/recipes-debian/expat/expat_debian.bb:do_unpack)
NOTE: Running task 1228 of 1265 (/home/deby/poky/meta-debian/recipes-debian/expat/expat_debian.bb:do_prepare_recipe_sysroot)
NOTE: recipe dbus-1.12.16-r0: task do_fetch: Started
NOTE: recipe tpm2-abrmd-2.1.0-r0: task do_fetch: Started
NOTE: recipe expat-2.2.6-r0: task do_unpack: Started
NOTE: recipe expat-2.2.6-r0: task do_prepare_recipe_sysroot: Started
NOTE: recipe dbus-1.12.16-r0: task do_fetch: Succeeded
NOTE: recipe tpm2-abrmd-2.1.0-r0: task do_fetch: Succeeded
NOTE: Running task 1229 of 1265 (/home/deby/poky/meta-debian/recipes-debian/dbus/dbus_debian.bb:do_unpack)
NOTE: Running task 1230 of 1265 (/home/deby/poky/meta-debian/recipes-debian/tpm2-abrmd/tpm2-abrmd_debian.bb:do_unpack)
NOTE: recipe tpm2-abrmd-2.1.0-r0: task do_unpack: Started
NOTE: recipe dbus-1.12.16-r0: task do_unpack: Started
NOTE: recipe tpm2-abrmd-2.1.0-r0: task do_unpack: Succeeded
NOTE: Running task 1231 of 1265 (/home/deby/poky/meta-debian/recipes-debian/tpm2-abrmd/tpm2-abrmd_debian.bb:do_debian_unpack_extra)
NOTE: recipe dbus-1.12.16-r0: task do_unpack: Succeeded
NOTE: Running task 1232 of 1265 (/home/deby/poky/meta-debian/recipes-debian/dbus/dbus_debian.bb:do_debian_unpack_extra)
NOTE: recipe tpm2-abrmd-2.1.0-r0: task do_debian_unpack_extra: Started
NOTE: recipe tpm2-abrmd-2.1.0-r0: task do_debian_unpack_extra: Succeeded
NOTE: Running task 1233 of 1265 (/home/deby/poky/meta-debian/recipes-debian/tpm2-abrmd/tpm2-abrmd_debian.bb:do_debian_patch)
NOTE: recipe dbus-1.12.16-r0: task do_debian_unpack_extra: Started
NOTE: recipe dbus-1.12.16-r0: task do_debian_unpack_extra: Succeeded
NOTE: Running task 1234 of 1265 (/home/deby/poky/meta-debian/recipes-debian/dbus/dbus_debian.bb:do_debian_patch)
NOTE: recipe tpm2-abrmd-2.1.0-r0: task do_debian_patch: Started
NOTE: recipe dbus-1.12.16-r0: task do_debian_patch: Started
NOTE: recipe expat-2.2.6-r0: task do_unpack: Succeeded
NOTE: Running task 1235 of 1265 (/home/deby/poky/meta-debian/recipes-debian/expat/expat_debian.bb:do_debian_unpack_extra)
NOTE: recipe tpm2-abrmd-2.1.0-r0: task do_debian_patch: Succeeded
NOTE: Running task 1236 of 1265 (/home/deby/poky/meta-debian/recipes-debian/tpm2-abrmd/tpm2-abrmd_debian.bb:do_patch)
NOTE: recipe expat-2.2.6-r0: task do_debian_unpack_extra: Started
NOTE: recipe dbus-1.12.16-r0: task do_debian_patch: Succeeded
NOTE: Running task 1237 of 1265 (/home/deby/poky/meta-debian/recipes-debian/dbus/dbus_debian.bb:do_patch)
NOTE: recipe tpm2-abrmd-2.1.0-r0: task do_patch: Started
NOTE: recipe expat-2.2.6-r0: task do_debian_unpack_extra: Succeeded
NOTE: Running task 1238 of 1265 (/home/deby/poky/meta-debian/recipes-debian/expat/expat_debian.bb:do_debian_patch)
NOTE: recipe dbus-1.12.16-r0: task do_patch: Started
NOTE: recipe expat-2.2.6-r0: task do_debian_patch: Started
NOTE: recipe tpm2-abrmd-2.1.0-r0: task do_patch: Succeeded
NOTE: Running task 1239 of 1265 (/home/deby/poky/meta-debian/recipes-debian/tpm2-abrmd/tpm2-abrmd_debian.bb:do_populate_lic)
NOTE: recipe dbus-1.12.16-r0: task do_patch: Succeeded
NOTE: recipe tpm2-abrmd-2.1.0-r0: task do_populate_lic: Started
NOTE: recipe tpm2-abrmd-2.1.0-r0: task do_populate_lic: Succeeded
NOTE: recipe expat-2.2.6-r0: task do_prepare_recipe_sysroot: Succeeded
NOTE: recipe expat-2.2.6-r0: task do_debian_patch: Succeeded
NOTE: Running task 1240 of 1265 (/home/deby/poky/meta-debian/recipes-debian/expat/expat_debian.bb:do_patch)
NOTE: recipe expat-2.2.6-r0: task do_patch: Started
NOTE: recipe expat-2.2.6-r0: task do_patch: Succeeded
NOTE: Running task 1241 of 1265 (/home/deby/poky/meta-debian/recipes-debian/expat/expat_debian.bb:do_configure)
NOTE: recipe expat-2.2.6-r0: task do_configure: Started
NOTE: recipe expat-2.2.6-r0: task do_configure: Succeeded
NOTE: Running task 1242 of 1265 (/home/deby/poky/meta-debian/recipes-debian/expat/expat_debian.bb:do_compile)
NOTE: recipe expat-2.2.6-r0: task do_compile: Started
NOTE: recipe expat-2.2.6-r0: task do_compile: Succeeded
NOTE: Running task 1243 of 1265 (/home/deby/poky/meta-debian/recipes-debian/expat/expat_debian.bb:do_install)
NOTE: recipe expat-2.2.6-r0: task do_install: Started
NOTE: recipe expat-2.2.6-r0: task do_install: Succeeded
NOTE: Running task 1244 of 1265 (/home/deby/poky/meta-debian/recipes-debian/expat/expat_debian.bb:do_populate_sysroot)
NOTE: Running task 1245 of 1265 (/home/deby/poky/meta-debian/recipes-debian/expat/expat_debian.bb:do_package)
NOTE: recipe expat-2.2.6-r0: task do_package: Started
NOTE: recipe expat-2.2.6-r0: task do_populate_sysroot: Started
NOTE: recipe expat-2.2.6-r0: task do_populate_sysroot: Succeeded
NOTE: Running task 1246 of 1265 (/home/deby/poky/meta-debian/recipes-debian/dbus/dbus_debian.bb:do_prepare_recipe_sysroot)
NOTE: recipe dbus-1.12.16-r0: task do_prepare_recipe_sysroot: Started
NOTE: recipe dbus-1.12.16-r0: task do_prepare_recipe_sysroot: Succeeded
NOTE: Running task 1247 of 1265 (/home/deby/poky/meta-debian/recipes-debian/dbus/dbus_debian.bb:do_configure)
NOTE: recipe dbus-1.12.16-r0: task do_configure: Started
NOTE: recipe expat-2.2.6-r0: task do_package: Succeeded
NOTE: Running task 1248 of 1265 (/home/deby/poky/meta-debian/recipes-debian/expat/expat_debian.bb:do_packagedata)
NOTE: recipe expat-2.2.6-r0: task do_packagedata: Started
NOTE: recipe expat-2.2.6-r0: task do_packagedata: Succeeded
NOTE: Running task 1249 of 1265 (/home/deby/poky/meta-debian/recipes-debian/expat/expat_debian.bb:do_package_write_deb)
NOTE: recipe expat-2.2.6-r0: task do_package_write_deb: Started
NOTE: recipe expat-2.2.6-r0: task do_package_write_deb: Succeeded
NOTE: recipe dbus-1.12.16-r0: task do_configure: Succeeded
NOTE: Running task 1250 of 1265 (/home/deby/poky/meta-debian/recipes-debian/dbus/dbus_debian.bb:do_compile)
NOTE: recipe dbus-1.12.16-r0: task do_compile: Started
NOTE: recipe dbus-1.12.16-r0: task do_compile: Succeeded
NOTE: Running task 1251 of 1265 (/home/deby/poky/meta-debian/recipes-debian/dbus/dbus_debian.bb:do_install)
NOTE: recipe dbus-1.12.16-r0: task do_install: Started
NOTE: recipe dbus-1.12.16-r0: task do_install: Succeeded
NOTE: Running task 1252 of 1265 (/home/deby/poky/meta-debian/recipes-debian/dbus/dbus_debian.bb:do_package)
NOTE: Running task 1253 of 1265 (/home/deby/poky/meta-debian/recipes-debian/dbus/dbus_debian.bb:do_populate_sysroot)
NOTE: recipe dbus-1.12.16-r0: task do_package: Started
NOTE: recipe dbus-1.12.16-r0: task do_populate_sysroot: Started
NOTE: recipe dbus-1.12.16-r0: task do_populate_sysroot: Succeeded
NOTE: Running task 1254 of 1265 (/home/deby/poky/meta-debian/recipes-debian/tpm2-abrmd/tpm2-abrmd_debian.bb:do_prepare_recipe_sysroot)
NOTE: recipe tpm2-abrmd-2.1.0-r0: task do_prepare_recipe_sysroot: Started
NOTE: recipe dbus-1.12.16-r0: task do_package: Succeeded
NOTE: Running task 1255 of 1265 (/home/deby/poky/meta-debian/recipes-debian/dbus/dbus_debian.bb:do_packagedata)
NOTE: recipe dbus-1.12.16-r0: task do_packagedata: Started
NOTE: recipe dbus-1.12.16-r0: task do_packagedata: Succeeded
NOTE: Running task 1256 of 1265 (/home/deby/poky/meta-debian/recipes-debian/dbus/dbus_debian.bb:do_package_write_deb)
NOTE: recipe dbus-1.12.16-r0: task do_package_write_deb: Started
NOTE: recipe dbus-1.12.16-r0: task do_package_write_deb: Succeeded
NOTE: recipe tpm2-abrmd-2.1.0-r0: task do_prepare_recipe_sysroot: Succeeded
NOTE: Running task 1257 of 1265 (/home/deby/poky/meta-debian/recipes-debian/tpm2-abrmd/tpm2-abrmd_debian.bb:do_configure)
NOTE: recipe tpm2-abrmd-2.1.0-r0: task do_configure: Started
NOTE: recipe tpm2-abrmd-2.1.0-r0: task do_configure: Succeeded
NOTE: Running task 1258 of 1265 (/home/deby/poky/meta-debian/recipes-debian/tpm2-abrmd/tpm2-abrmd_debian.bb:do_compile)
NOTE: recipe tpm2-abrmd-2.1.0-r0: task do_compile: Started
NOTE: recipe tpm2-abrmd-2.1.0-r0: task do_compile: Succeeded
NOTE: Running task 1259 of 1265 (/home/deby/poky/meta-debian/recipes-debian/tpm2-abrmd/tpm2-abrmd_debian.bb:do_install)
NOTE: recipe tpm2-abrmd-2.1.0-r0: task do_install: Started
NOTE: recipe tpm2-abrmd-2.1.0-r0: task do_install: Succeeded
NOTE: Running task 1260 of 1265 (/home/deby/poky/meta-debian/recipes-debian/tpm2-abrmd/tpm2-abrmd_debian.bb:do_package)
NOTE: Running task 1261 of 1265 (/home/deby/poky/meta-debian/recipes-debian/tpm2-abrmd/tpm2-abrmd_debian.bb:do_populate_sysroot)
NOTE: recipe tpm2-abrmd-2.1.0-r0: task do_populate_sysroot: Started
NOTE: recipe tpm2-abrmd-2.1.0-r0: task do_package: Started
NOTE: recipe tpm2-abrmd-2.1.0-r0: task do_populate_sysroot: Succeeded
NOTE: recipe tpm2-abrmd-2.1.0-r0: task do_package: Succeeded
NOTE: Running task 1262 of 1265 (/home/deby/poky/meta-debian/recipes-debian/tpm2-abrmd/tpm2-abrmd_debian.bb:do_packagedata)
NOTE: recipe tpm2-abrmd-2.1.0-r0: task do_packagedata: Started
NOTE: recipe tpm2-abrmd-2.1.0-r0: task do_packagedata: Succeeded
NOTE: Running task 1263 of 1265 (/home/deby/poky/meta-debian/recipes-debian/tpm2-abrmd/tpm2-abrmd_debian.bb:do_package_write_deb)
NOTE: Running task 1264 of 1265 (/home/deby/poky/meta-debian/recipes-debian/tpm2-abrmd/tpm2-abrmd_debian.bb:do_package_qa)
NOTE: recipe tpm2-abrmd-2.1.0-r0: task do_package_write_deb: Started
NOTE: recipe tpm2-abrmd-2.1.0-r0: task do_package_qa: Started
NOTE: recipe tpm2-abrmd-2.1.0-r0: task do_package_qa: Succeeded
NOTE: recipe tpm2-abrmd-2.1.0-r0: task do_package_write_deb: Succeeded
NOTE: Running noexec task 1265 of 1265 (/home/deby/poky/meta-debian/recipes-debian/tpm2-abrmd/tpm2-abrmd_debian.bb:do_build)
NOTE: Tasks Summary: Attempted 1265 tasks of which 1223 didn't need to be rerun and all succeeded.
