Loading cache...done.
Loaded 1748 entries from dependency cache.
NOTE: Resolving any missing task queue dependencies

Build Configuration:
BB_VERSION           = "1.42.0"
BUILD_SYS            = "x86_64-linux"
NATIVELSBSTRING      = "universal"
TARGET_SYS           = "aarch64-deby-linux"
MACHINE              = "qemuarm64"
DISTRO               = "deby-tiny"
DISTRO_VERSION       = "10.0"
TUNE_FEATURES        = "aarch64 armv8a crc"
TARGET_FPU           = ""
meta                 
meta-poky            = "warrior:79a850a10a4b88a6d20d607b322542f947874323"
meta-debian          = "warrior:065aa7dcd28d697d2d493e1f188deb4f78253725"

Initialising tasks...done.
Sstate summary: Wanted 7 Found 0 Missed 7 Current 240 (0% match, 97% complete)
NOTE: Executing SetScene Tasks
NOTE: Executing RunQueue Tasks
NOTE: Running task 1098 of 1219 (/home/deby/poky/meta-debian/recipes-debian/aide/aide_debian.bb:do_configure)
NOTE: Running task 1102 of 1219 (/home/deby/poky/meta-debian/recipes-debian/e2fsprogs/e2fsprogs_debian.bb:do_packagedata)
NOTE: recipe aide-0.16.1-r0: task do_configure: Started
NOTE: recipe e2fsprogs-1.44.5-r0: task do_packagedata: Started
NOTE: recipe e2fsprogs-1.44.5-r0: task do_packagedata: Succeeded
NOTE: Running task 1211 of 1219 (/home/deby/poky/meta-debian/recipes-debian/e2fsprogs/e2fsprogs_debian.bb:do_package_write_deb)
NOTE: recipe e2fsprogs-1.44.5-r0: task do_package_write_deb: Started
ERROR: aide-0.16.1-r0 do_configure: Function failed: do_configure (log file is located at /home/deby/build-tiny/tmp/work/aarch64-deby-linux/aide/0.16.1-r0/temp/log.do_configure.7599)
ERROR: Logfile of failure stored in: /home/deby/build-tiny/tmp/work/aarch64-deby-linux/aide/0.16.1-r0/temp/log.do_configure.7599
Log data follows:
| DEBUG: SITE files ['endian-little', 'bit-64', 'arm-common', 'arm-64', 'common-linux', 'common-glibc', 'aarch64-linux', 'common']
| DEBUG: Executing shell function autotools_preconfigure
| DEBUG: Shell function autotools_preconfigure finished
| DEBUG: Executing python function autotools_aclocals
| DEBUG: SITE files ['endian-little', 'bit-64', 'arm-common', 'arm-64', 'common-linux', 'common-glibc', 'aarch64-linux', 'common']
| DEBUG: Python function autotools_aclocals finished
| DEBUG: Executing shell function do_configure
| checking build system type... x86_64-pc-linux-gnu
| checking host system type... x86_64-pc-linux-gnu
| checking target system type... x86_64-pc-linux-gnu
| checking for a BSD-compatible install... /home/deby/build-tiny/tmp/hosttools/install -c
| checking whether build environment is sane... yes
| checking for a thread-safe mkdir -p... /home/deby/build-tiny/tmp/hosttools/mkdir -p
| checking for gawk... gawk
| checking whether make sets $(MAKE)... yes
| checking whether make supports nested variables... yes
| checking whether make supports the include directive... yes (GNU style)
| checking for gcc... aarch64-deby-linux-gcc  -march=armv8-a+crc -fstack-protector-strong  -D_FORTIFY_SOURCE=2 -Wformat -Wformat-security -Werror=format-security --sysroot=/home/deby/build-tiny/tmp/work/aarch64-deby-linux/aide/0.16.1-r0/recipe-sysroot
| checking whether the C compiler works... yes
| checking for C compiler default output file name... a.out
| checking for suffix of executables...
| checking whether we are cross compiling... configure: error: in `/home/deby/build-tiny/tmp/work/aarch64-deby-linux/aide/0.16.1-r0/build/aide':
| configure: error: cannot run C compiled programs.
| If you meant to cross compile, use `--host'.
| See `config.log' for more details
| checking build system type... x86_64-pc-linux-gnu
| checking host system type... x86_64-pc-linux-gnu
| checking target system type... x86_64-pc-linux-gnu
| checking for a BSD-compatible install... /home/deby/build-tiny/tmp/hosttools/install -c
| checking whether build environment is sane... yes
| checking for a thread-safe mkdir -p... /home/deby/build-tiny/tmp/hosttools/mkdir -p
| checking for gawk... gawk
| checking whether make sets $(MAKE)... yes
| checking whether make supports nested variables... yes
| checking whether make supports the include directive... yes (GNU style)
| checking for gcc... aarch64-deby-linux-gcc  -march=armv8-a+crc -fstack-protector-strong  -D_FORTIFY_SOURCE=2 -Wformat -Wformat-security -Werror=format-security --sysroot=/home/deby/build-tiny/tmp/work/aarch64-deby-linux/aide/0.16.1-r0/recipe-sysroot
| checking whether the C compiler works... yes
| checking for C compiler default output file name... a.out
| checking for suffix of executables...
| checking whether we are cross compiling... configure: error: in `/home/deby/build-tiny/tmp/work/aarch64-deby-linux/aide/0.16.1-r0/build/aide/aide-xen':
| configure: error: cannot run C compiled programs.
| If you meant to cross compile, use `--host'.
| See `config.log' for more details
| checking build system type... x86_64-pc-linux-gnu
| checking host system type... x86_64-pc-linux-gnu
| checking target system type... x86_64-pc-linux-gnu
| checking for a BSD-compatible install... /home/deby/build-tiny/tmp/hosttools/install -c
| checking whether build environment is sane... yes
| checking for a thread-safe mkdir -p... /home/deby/build-tiny/tmp/hosttools/mkdir -p
| checking for gawk... gawk
| checking whether make sets $(MAKE)... yes
| checking whether make supports nested variables... yes
| checking whether make supports the include directive... yes (GNU style)
| checking for gcc... aarch64-deby-linux-gcc  -march=armv8-a+crc -fstack-protector-strong  -D_FORTIFY_SOURCE=2 -Wformat -Wformat-security -Werror=format-security --sysroot=/home/deby/build-tiny/tmp/work/aarch64-deby-linux/aide/0.16.1-r0/recipe-sysroot
| checking whether the C compiler works... yes
| checking for C compiler default output file name... a.out
| checking for suffix of executables...
| checking whether we are cross compiling... configure: error: in `/home/deby/build-tiny/tmp/work/aarch64-deby-linux/aide/0.16.1-r0/build/aide/aide-xen/aide-dynamic':
| configure: error: cannot run C compiled programs.
| If you meant to cross compile, use `--host'.
| See `config.log' for more details
| sed: can't read /home/deby/build-tiny/tmp/work/aarch64-deby-linux/aide/0.16.1-r0/build/*/config.h: No such file or directory
| WARNING: exit code 2 from a shell command.
| ERROR: Function failed: do_configure (log file is located at /home/deby/build-tiny/tmp/work/aarch64-deby-linux/aide/0.16.1-r0/temp/log.do_configure.7599)
NOTE: recipe aide-0.16.1-r0: task do_configure: Failed
ERROR: Task (/home/deby/poky/meta-debian/recipes-debian/aide/aide_debian.bb:do_configure) failed with exit code '1'
NOTE: recipe e2fsprogs-1.44.5-r0: task do_package_write_deb: Succeeded
NOTE: Tasks Summary: Attempted 1211 tasks of which 1208 didn't need to be rerun and 1 failed.

Summary: 1 task failed:
  /home/deby/poky/meta-debian/recipes-debian/aide/aide_debian.bb:do_configure
Summary: There was 1 ERROR message shown, returning a non-zero exit code.
