Loading cache...done.
Loaded 1723 entries from dependency cache.
NOTE: Resolving any missing task queue dependencies

Build Configuration:
BB_VERSION           = "1.42.0"
BUILD_SYS            = "x86_64-linux"
NATIVELSBSTRING      = "universal"
TARGET_SYS           = "aarch64-deby-linux"
MACHINE              = "qemuarm64"
DISTRO               = "deby-tiny"
DISTRO_VERSION       = "10.0"
TUNE_FEATURES        = "aarch64 armv8a crc"
TARGET_FPU           = ""
meta                 
meta-poky            = "warrior:79a850a10a4b88a6d20d607b322542f947874323"
meta-debian          = "warrior:79407869d1e56b8c7cb9ac0a9a48a4923ffa202b"

Initialising tasks...done.
Sstate summary: Wanted 22 Found 0 Missed 22 Current 193 (0% match, 89% complete)
NOTE: Executing SetScene Tasks
NOTE: Executing RunQueue Tasks
NOTE: Running task 632 of 1115 (/home/deby/poky/meta-debian/recipes-debian/db/db_debian.bb:do_fetch)
NOTE: Running task 735 of 1115 (/home/deby/poky/meta-debian/recipes-debian/tcp-wrappers/tcp-wrappers_debian.bb:do_fetch)
NOTE: Running task 819 of 1115 (/home/deby/poky/meta-debian/recipes-debian/audit/audit_debian.bb:do_fetch)
NOTE: Running task 820 of 1115 (/home/deby/poky/meta/recipes-devtools/python/python_2.7.16.bb:do_fetch)
NOTE: Running task 821 of 1115 (/home/deby/poky/meta/recipes-support/libcap-ng/libcap-ng_0.7.9.bb:do_fetch)
NOTE: recipe tcp-wrappers-7.6.q-r0: task do_fetch: Started
NOTE: recipe db-5.3.28-r0: task do_fetch: Started
NOTE: recipe audit-2.8.4-r0: task do_fetch: Started
NOTE: recipe libcap-ng-0.7.9-r0: task do_fetch: Started
NOTE: recipe tcp-wrappers-7.6.q-r0: task do_fetch: Succeeded
NOTE: Running task 1057 of 1115 (/home/deby/poky/meta-debian/recipes-debian/tcp-wrappers/tcp-wrappers_debian.bb:do_unpack)
NOTE: Running task 1058 of 1115 (/home/deby/poky/meta-debian/recipes-debian/tcp-wrappers/tcp-wrappers_debian.bb:do_prepare_recipe_sysroot)
NOTE: recipe python-2.7.16-r0: task do_fetch: Started
NOTE: recipe libcap-ng-0.7.9-r0: task do_fetch: Succeeded
NOTE: recipe tcp-wrappers-7.6.q-r0: task do_prepare_recipe_sysroot: Started
NOTE: recipe tcp-wrappers-7.6.q-r0: task do_unpack: Started
NOTE: Running task 1059 of 1115 (/home/deby/poky/meta/recipes-support/libcap-ng/libcap-ng_0.7.9.bb:do_unpack)
NOTE: Running task 1060 of 1115 (/home/deby/poky/meta/recipes-support/libcap-ng/libcap-ng_0.7.9.bb:do_prepare_recipe_sysroot)
NOTE: recipe libcap-ng-0.7.9-r0: task do_unpack: Started
NOTE: recipe libcap-ng-0.7.9-r0: task do_prepare_recipe_sysroot: Started
NOTE: recipe python-2.7.16-r0: task do_fetch: Succeeded
NOTE: Running task 1061 of 1115 (/home/deby/poky/meta/recipes-devtools/python/python_2.7.16.bb:do_unpack)
NOTE: recipe python-2.7.16-r0: task do_unpack: Started
NOTE: recipe db-5.3.28-r0: task do_fetch: Succeeded
NOTE: Running task 1062 of 1115 (/home/deby/poky/meta-debian/recipes-debian/db/db_debian.bb:do_unpack)
NOTE: Running task 1063 of 1115 (/home/deby/poky/meta-debian/recipes-debian/db/db_debian.bb:do_prepare_recipe_sysroot)
NOTE: recipe audit-2.8.4-r0: task do_fetch: Succeeded
NOTE: Running task 1064 of 1115 (/home/deby/poky/meta-debian/recipes-debian/audit/audit_debian.bb:do_unpack)
NOTE: recipe tcp-wrappers-7.6.q-r0: task do_unpack: Succeeded
NOTE: Running task 1065 of 1115 (/home/deby/poky/meta-debian/recipes-debian/tcp-wrappers/tcp-wrappers_debian.bb:do_debian_unpack_extra)
NOTE: recipe db-5.3.28-r0: task do_prepare_recipe_sysroot: Started
NOTE: recipe libcap-ng-0.7.9-r0: task do_unpack: Succeeded
NOTE: Running task 1066 of 1115 (/home/deby/poky/meta/recipes-support/libcap-ng/libcap-ng_0.7.9.bb:do_patch)
NOTE: recipe db-5.3.28-r0: task do_unpack: Started
NOTE: recipe audit-2.8.4-r0: task do_unpack: Started
NOTE: recipe tcp-wrappers-7.6.q-r0: task do_debian_unpack_extra: Started
NOTE: recipe libcap-ng-0.7.9-r0: task do_patch: Started
NOTE: recipe tcp-wrappers-7.6.q-r0: task do_debian_unpack_extra: Succeeded
NOTE: Running task 1067 of 1115 (/home/deby/poky/meta-debian/recipes-debian/tcp-wrappers/tcp-wrappers_debian.bb:do_debian_patch)
NOTE: recipe tcp-wrappers-7.6.q-r0: task do_debian_patch: Started
NOTE: recipe audit-2.8.4-r0: task do_unpack: Succeeded
NOTE: Running task 1068 of 1115 (/home/deby/poky/meta-debian/recipes-debian/audit/audit_debian.bb:do_debian_unpack_extra)
NOTE: recipe audit-2.8.4-r0: task do_debian_unpack_extra: Started
NOTE: recipe db-5.3.28-r0: task do_prepare_recipe_sysroot: Succeeded
NOTE: recipe audit-2.8.4-r0: task do_debian_unpack_extra: Succeeded
NOTE: Running task 1069 of 1115 (/home/deby/poky/meta-debian/recipes-debian/audit/audit_debian.bb:do_debian_patch)
NOTE: recipe audit-2.8.4-r0: task do_debian_patch: Started
NOTE: recipe tcp-wrappers-7.6.q-r0: task do_prepare_recipe_sysroot: Succeeded
NOTE: recipe audit-2.8.4-r0: task do_debian_patch: Succeeded
NOTE: Running task 1070 of 1115 (/home/deby/poky/meta-debian/recipes-debian/audit/audit_debian.bb:do_patch)
NOTE: recipe audit-2.8.4-r0: task do_patch: Started
NOTE: recipe tcp-wrappers-7.6.q-r0: task do_debian_patch: Succeeded
NOTE: Running task 1071 of 1115 (/home/deby/poky/meta-debian/recipes-debian/tcp-wrappers/tcp-wrappers_debian.bb:do_patch)
NOTE: recipe tcp-wrappers-7.6.q-r0: task do_patch: Started
NOTE: recipe audit-2.8.4-r0: task do_patch: Succeeded
NOTE: Running task 1072 of 1115 (/home/deby/poky/meta-debian/recipes-debian/audit/audit_debian.bb:do_populate_lic)
NOTE: recipe audit-2.8.4-r0: task do_populate_lic: Started
NOTE: recipe tcp-wrappers-7.6.q-r0: task do_patch: Succeeded
NOTE: Running task 1073 of 1115 (/home/deby/poky/meta-debian/recipes-debian/tcp-wrappers/tcp-wrappers_debian.bb:do_configure)
NOTE: recipe tcp-wrappers-7.6.q-r0: task do_configure: Started
NOTE: recipe tcp-wrappers-7.6.q-r0: task do_configure: Succeeded
NOTE: Running task 1074 of 1115 (/home/deby/poky/meta-debian/recipes-debian/tcp-wrappers/tcp-wrappers_debian.bb:do_compile)
NOTE: recipe audit-2.8.4-r0: task do_populate_lic: Succeeded
NOTE: recipe tcp-wrappers-7.6.q-r0: task do_compile: Started
NOTE: recipe python-2.7.16-r0: task do_unpack: Succeeded
NOTE: Running task 1075 of 1115 (/home/deby/poky/meta/recipes-devtools/python/python_2.7.16.bb:do_patch)
NOTE: recipe db-5.3.28-r0: task do_unpack: Succeeded
NOTE: Running task 1076 of 1115 (/home/deby/poky/meta-debian/recipes-debian/db/db_debian.bb:do_debian_unpack_extra)
NOTE: recipe python-2.7.16-r0: task do_patch: Started
NOTE: recipe db-5.3.28-r0: task do_debian_unpack_extra: Started
NOTE: recipe db-5.3.28-r0: task do_debian_unpack_extra: Succeeded
NOTE: Running task 1077 of 1115 (/home/deby/poky/meta-debian/recipes-debian/db/db_debian.bb:do_debian_patch)
NOTE: recipe db-5.3.28-r0: task do_debian_patch: Started
NOTE: recipe db-5.3.28-r0: task do_debian_patch: Succeeded
NOTE: Running task 1078 of 1115 (/home/deby/poky/meta-debian/recipes-debian/db/db_debian.bb:do_patch)
NOTE: recipe db-5.3.28-r0: task do_patch: Started
NOTE: recipe db-5.3.28-r0: task do_patch: Succeeded
NOTE: Running task 1079 of 1115 (/home/deby/poky/meta-debian/recipes-debian/db/db_debian.bb:do_configure)
NOTE: recipe db-5.3.28-r0: task do_configure: Started
NOTE: recipe tcp-wrappers-7.6.q-r0: task do_compile: Succeeded
NOTE: Running task 1080 of 1115 (/home/deby/poky/meta-debian/recipes-debian/tcp-wrappers/tcp-wrappers_debian.bb:do_install)
NOTE: recipe libcap-ng-0.7.9-r0: task do_prepare_recipe_sysroot: Succeeded
NOTE: recipe libcap-ng-0.7.9-r0: task do_patch: Succeeded
NOTE: Running task 1081 of 1115 (/home/deby/poky/meta/recipes-support/libcap-ng/libcap-ng_0.7.9.bb:do_configure)
NOTE: recipe python-2.7.16-r0: task do_patch: Succeeded
NOTE: recipe tcp-wrappers-7.6.q-r0: task do_install: Started
NOTE: recipe libcap-ng-0.7.9-r0: task do_configure: Started
NOTE: recipe tcp-wrappers-7.6.q-r0: task do_install: Succeeded
NOTE: Running task 1082 of 1115 (/home/deby/poky/meta-debian/recipes-debian/tcp-wrappers/tcp-wrappers_debian.bb:do_package)
NOTE: Running task 1083 of 1115 (/home/deby/poky/meta-debian/recipes-debian/tcp-wrappers/tcp-wrappers_debian.bb:do_populate_sysroot)
NOTE: recipe tcp-wrappers-7.6.q-r0: task do_package: Started
NOTE: recipe tcp-wrappers-7.6.q-r0: task do_populate_sysroot: Started
NOTE: recipe tcp-wrappers-7.6.q-r0: task do_populate_sysroot: Succeeded
NOTE: recipe tcp-wrappers-7.6.q-r0: task do_package: Succeeded
NOTE: Running task 1084 of 1115 (/home/deby/poky/meta-debian/recipes-debian/tcp-wrappers/tcp-wrappers_debian.bb:do_packagedata)
NOTE: recipe tcp-wrappers-7.6.q-r0: task do_packagedata: Started
NOTE: recipe tcp-wrappers-7.6.q-r0: task do_packagedata: Succeeded
NOTE: Running task 1085 of 1115 (/home/deby/poky/meta-debian/recipes-debian/tcp-wrappers/tcp-wrappers_debian.bb:do_package_write_deb)
NOTE: recipe tcp-wrappers-7.6.q-r0: task do_package_write_deb: Started
NOTE: recipe tcp-wrappers-7.6.q-r0: task do_package_write_deb: Succeeded
NOTE: recipe libcap-ng-0.7.9-r0: task do_configure: Succeeded
NOTE: Running task 1086 of 1115 (/home/deby/poky/meta/recipes-support/libcap-ng/libcap-ng_0.7.9.bb:do_compile)
NOTE: recipe libcap-ng-0.7.9-r0: task do_compile: Started
NOTE: recipe libcap-ng-0.7.9-r0: task do_compile: Succeeded
NOTE: Running task 1087 of 1115 (/home/deby/poky/meta/recipes-support/libcap-ng/libcap-ng_0.7.9.bb:do_install)
NOTE: recipe libcap-ng-0.7.9-r0: task do_install: Started
NOTE: recipe libcap-ng-0.7.9-r0: task do_install: Succeeded
NOTE: Running task 1088 of 1115 (/home/deby/poky/meta/recipes-support/libcap-ng/libcap-ng_0.7.9.bb:do_package)
NOTE: Running task 1089 of 1115 (/home/deby/poky/meta/recipes-support/libcap-ng/libcap-ng_0.7.9.bb:do_populate_sysroot)
NOTE: recipe libcap-ng-0.7.9-r0: task do_populate_sysroot: Started
NOTE: recipe libcap-ng-0.7.9-r0: task do_package: Started
NOTE: recipe libcap-ng-0.7.9-r0: task do_populate_sysroot: Succeeded
NOTE: recipe libcap-ng-0.7.9-r0: task do_package: Succeeded
NOTE: Running task 1090 of 1115 (/home/deby/poky/meta/recipes-support/libcap-ng/libcap-ng_0.7.9.bb:do_packagedata)
NOTE: recipe libcap-ng-0.7.9-r0: task do_packagedata: Started
NOTE: recipe libcap-ng-0.7.9-r0: task do_packagedata: Succeeded
NOTE: Running task 1091 of 1115 (/home/deby/poky/meta/recipes-support/libcap-ng/libcap-ng_0.7.9.bb:do_package_write_deb)
NOTE: recipe libcap-ng-0.7.9-r0: task do_package_write_deb: Started
NOTE: recipe libcap-ng-0.7.9-r0: task do_package_write_deb: Succeeded
NOTE: recipe db-5.3.28-r0: task do_configure: Succeeded
NOTE: Running task 1092 of 1115 (/home/deby/poky/meta-debian/recipes-debian/db/db_debian.bb:do_compile)
NOTE: recipe db-5.3.28-r0: task do_compile: Started
NOTE: recipe db-5.3.28-r0: task do_compile: Succeeded
NOTE: Running task 1093 of 1115 (/home/deby/poky/meta-debian/recipes-debian/db/db_debian.bb:do_install)
NOTE: recipe db-5.3.28-r0: task do_install: Started
NOTE: recipe db-5.3.28-r0: task do_install: Succeeded
NOTE: Running task 1094 of 1115 (/home/deby/poky/meta-debian/recipes-debian/db/db_debian.bb:do_populate_sysroot)
NOTE: Running task 1095 of 1115 (/home/deby/poky/meta-debian/recipes-debian/db/db_debian.bb:do_package)
NOTE: recipe db-5.3.28-r0: task do_populate_sysroot: Started
NOTE: recipe db-5.3.28-r0: task do_package: Started
NOTE: recipe db-5.3.28-r0: task do_populate_sysroot: Succeeded
NOTE: Running task 1096 of 1115 (/home/deby/poky/meta/recipes-devtools/python/python_2.7.16.bb:do_prepare_recipe_sysroot)
NOTE: recipe python-2.7.16-r0: task do_prepare_recipe_sysroot: Started
NOTE: recipe python-2.7.16-r0: task do_prepare_recipe_sysroot: Succeeded
NOTE: Running task 1097 of 1115 (/home/deby/poky/meta/recipes-devtools/python/python_2.7.16.bb:do_configure)
NOTE: recipe python-2.7.16-r0: task do_configure: Started
NOTE: recipe db-5.3.28-r0: task do_package: Succeeded
NOTE: Running task 1098 of 1115 (/home/deby/poky/meta-debian/recipes-debian/db/db_debian.bb:do_packagedata)
NOTE: recipe db-5.3.28-r0: task do_packagedata: Started
NOTE: recipe db-5.3.28-r0: task do_packagedata: Succeeded
NOTE: Running task 1099 of 1115 (/home/deby/poky/meta-debian/recipes-debian/db/db_debian.bb:do_package_write_deb)
NOTE: recipe db-5.3.28-r0: task do_package_write_deb: Started
NOTE: recipe db-5.3.28-r0: task do_package_write_deb: Succeeded
NOTE: recipe python-2.7.16-r0: task do_configure: Succeeded
NOTE: Running task 1100 of 1115 (/home/deby/poky/meta/recipes-devtools/python/python_2.7.16.bb:do_compile)
NOTE: recipe python-2.7.16-r0: task do_compile: Started
NOTE: recipe python-2.7.16-r0: task do_compile: Succeeded
NOTE: Running task 1101 of 1115 (/home/deby/poky/meta/recipes-devtools/python/python_2.7.16.bb:do_install)
NOTE: recipe python-2.7.16-r0: task do_install: Started
NOTE: recipe python-2.7.16-r0: task do_install: Succeeded
NOTE: Running task 1102 of 1115 (/home/deby/poky/meta/recipes-devtools/python/python_2.7.16.bb:do_package)
NOTE: Running task 1103 of 1115 (/home/deby/poky/meta/recipes-devtools/python/python_2.7.16.bb:do_populate_sysroot)
NOTE: recipe python-2.7.16-r0: task do_populate_sysroot: Started
NOTE: recipe python-2.7.16-r0: task do_package: Started
NOTE: recipe python-2.7.16-r0: task do_populate_sysroot: Succeeded
NOTE: Running task 1104 of 1115 (/home/deby/poky/meta-debian/recipes-debian/audit/audit_debian.bb:do_prepare_recipe_sysroot)
NOTE: recipe audit-2.8.4-r0: task do_prepare_recipe_sysroot: Started
NOTE: recipe audit-2.8.4-r0: task do_prepare_recipe_sysroot: Succeeded
NOTE: Running task 1105 of 1115 (/home/deby/poky/meta-debian/recipes-debian/audit/audit_debian.bb:do_configure)
NOTE: recipe audit-2.8.4-r0: task do_configure: Started
NOTE: recipe audit-2.8.4-r0: task do_configure: Succeeded
NOTE: Running task 1106 of 1115 (/home/deby/poky/meta-debian/recipes-debian/audit/audit_debian.bb:do_compile)
NOTE: recipe audit-2.8.4-r0: task do_compile: Started
NOTE: recipe python-2.7.16-r0: task do_package: Succeeded
NOTE: Running task 1107 of 1115 (/home/deby/poky/meta/recipes-devtools/python/python_2.7.16.bb:do_packagedata)
NOTE: recipe python-2.7.16-r0: task do_packagedata: Started
NOTE: recipe python-2.7.16-r0: task do_packagedata: Succeeded
NOTE: Running task 1108 of 1115 (/home/deby/poky/meta/recipes-devtools/python/python_2.7.16.bb:do_package_write_deb)
NOTE: recipe python-2.7.16-r0: task do_package_write_deb: Started
NOTE: recipe python-2.7.16-r0: task do_package_write_deb: Succeeded
NOTE: recipe audit-2.8.4-r0: task do_compile: Succeeded
NOTE: Running task 1109 of 1115 (/home/deby/poky/meta-debian/recipes-debian/audit/audit_debian.bb:do_install)
NOTE: recipe audit-2.8.4-r0: task do_install: Started
NOTE: recipe audit-2.8.4-r0: task do_install: Succeeded
NOTE: Running task 1110 of 1115 (/home/deby/poky/meta-debian/recipes-debian/audit/audit_debian.bb:do_package)
NOTE: Running task 1111 of 1115 (/home/deby/poky/meta-debian/recipes-debian/audit/audit_debian.bb:do_populate_sysroot)
NOTE: recipe audit-2.8.4-r0: task do_populate_sysroot: Started
NOTE: recipe audit-2.8.4-r0: task do_package: Started
NOTE: recipe audit-2.8.4-r0: task do_populate_sysroot: Succeeded
NOTE: recipe audit-2.8.4-r0: task do_package: Succeeded
NOTE: Running task 1112 of 1115 (/home/deby/poky/meta-debian/recipes-debian/audit/audit_debian.bb:do_packagedata)
NOTE: recipe audit-2.8.4-r0: task do_packagedata: Started
NOTE: recipe audit-2.8.4-r0: task do_packagedata: Succeeded
NOTE: Running task 1113 of 1115 (/home/deby/poky/meta-debian/recipes-debian/audit/audit_debian.bb:do_package_write_deb)
NOTE: Running task 1114 of 1115 (/home/deby/poky/meta-debian/recipes-debian/audit/audit_debian.bb:do_package_qa)
NOTE: recipe audit-2.8.4-r0: task do_package_qa: Started
NOTE: recipe audit-2.8.4-r0: task do_package_write_deb: Started
NOTE: recipe audit-2.8.4-r0: task do_package_write_deb: Succeeded
NOTE: recipe audit-2.8.4-r0: task do_package_qa: Succeeded
NOTE: Running noexec task 1115 of 1115 (/home/deby/poky/meta-debian/recipes-debian/audit/audit_debian.bb:do_build)
NOTE: Tasks Summary: Attempted 1115 tasks of which 1051 didn't need to be rerun and all succeeded.
