WARNING: Host distribution "debian-10" has not been validated with this version of the build system; you may possibly experience unexpected failures. It is recommended that you use a tested distribution.
Loading cache...done.
Loaded 1440 entries from dependency cache.
NOTE: Resolving any missing task queue dependencies

Build Configuration:
BB_VERSION           = "1.42.0"
BUILD_SYS            = "x86_64-linux"
NATIVELSBSTRING      = "universal"
TARGET_SYS           = "aarch64-deby-linux"
MACHINE              = "qemuarm64"
DISTRO               = "deby-tiny"
DISTRO_VERSION       = "10.0"
TUNE_FEATURES        = "aarch64 armv8a crc"
TARGET_FPU           = ""
meta                 
meta-poky            = "warrior:51223035e66c5b27799b15a0f8ebe75d24d3971b"
meta-debian          = "warrior-trungdt:47b755ebe41c5afc0ea94d75b55c4f0efd8983fe"

Initialising tasks...done.
Sstate summary: Wanted 17 Found 17 Missed 0 Current 83 (100% match, 100% complete)
NOTE: Executing SetScene Tasks
NOTE: Running setscene task 84 of 100 (/home/deby/poky/meta-debian/recipes-debian/binutils/binutils_debian.bb:do_populate_sysroot_setscene)
NOTE: Running setscene task 85 of 100 (/home/deby/poky/meta-debian/recipes-debian/binutils/binutils_debian.bb:do_package_qa_setscene)
NOTE: Running setscene task 86 of 100 (/home/deby/poky/meta-debian/recipes-debian/binutils/binutils_debian.bb:do_package_write_deb_setscene)
NOTE: Running setscene task 87 of 100 (/home/deby/poky/meta-debian/recipes-debian/bison/bison_debian.bb:do_package_write_deb_setscene)
NOTE: Running setscene task 88 of 100 (/home/deby/poky/meta-debian/recipes-debian/flex/flex_debian.bb:do_package_write_deb_setscene)
NOTE: Running setscene task 89 of 100 (/home/deby/poky/meta-debian/recipes-debian/zlib/zlib_debian.bb:do_package_write_deb_setscene)
NOTE: Running setscene task 90 of 100 (/home/deby/poky/meta-debian/recipes-debian/m4/m4_debian.bb:do_package_write_deb_setscene)
NOTE: recipe flex-2.6.4-r0: task do_package_write_deb_setscene: Started
NOTE: recipe bison-3.3.2-r0: task do_package_write_deb_setscene: Started
NOTE: recipe zlib-1.2.11-r0: task do_package_write_deb_setscene: Started
NOTE: recipe m4-1.4.18-r0: task do_package_write_deb_setscene: Started
NOTE: recipe binutils-2.31.1-r0: task do_populate_sysroot_setscene: Started
NOTE: recipe binutils-2.31.1-r0: task do_package_write_deb_setscene: Started
NOTE: recipe binutils-2.31.1-r0: task do_package_qa_setscene: Started
NOTE: recipe zlib-1.2.11-r0: task do_package_write_deb_setscene: Succeeded
NOTE: Running setscene task 92 of 100 (/home/deby/poky/meta-debian/recipes-debian/zlib/zlib_debian.bb:do_packagedata_setscene)
NOTE: recipe flex-2.6.4-r0: task do_package_write_deb_setscene: Succeeded
NOTE: Running setscene task 93 of 100 (/home/deby/poky/meta-debian/recipes-debian/flex/flex_debian.bb:do_packagedata_setscene)
NOTE: recipe m4-1.4.18-r0: task do_package_write_deb_setscene: Succeeded
NOTE: recipe bison-3.3.2-r0: task do_package_write_deb_setscene: Succeeded
NOTE: Running setscene task 94 of 100 (/home/deby/poky/meta-debian/recipes-debian/m4/m4_debian.bb:do_packagedata_setscene)
NOTE: Running setscene task 95 of 100 (/home/deby/poky/meta-debian/recipes-debian/bison/bison_debian.bb:do_packagedata_setscene)
NOTE: recipe flex-2.6.4-r0: task do_packagedata_setscene: Started
NOTE: recipe bison-3.3.2-r0: task do_packagedata_setscene: Started
NOTE: recipe binutils-2.31.1-r0: task do_package_qa_setscene: Succeeded
NOTE: recipe zlib-1.2.11-r0: task do_packagedata_setscene: Started
NOTE: recipe m4-1.4.18-r0: task do_packagedata_setscene: Started
NOTE: recipe binutils-2.31.1-r0: task do_populate_sysroot_setscene: Succeeded
NOTE: Running setscene task 96 of 100 (/home/deby/poky/meta-debian/recipes-debian/bison/bison_debian.bb:do_populate_sysroot_setscene)
NOTE: Running setscene task 97 of 100 (/home/deby/poky/meta-debian/recipes-debian/flex/flex_debian.bb:do_populate_sysroot_setscene)
NOTE: Running setscene task 98 of 100 (/home/deby/poky/meta-debian/recipes-debian/zlib/zlib_debian.bb:do_populate_sysroot_setscene)
NOTE: recipe bison-3.3.2-r0: task do_populate_sysroot_setscene: Started
NOTE: recipe flex-2.6.4-r0: task do_populate_sysroot_setscene: Started
NOTE: recipe zlib-1.2.11-r0: task do_populate_sysroot_setscene: Started
NOTE: recipe flex-2.6.4-r0: task do_populate_sysroot_setscene: Succeeded
NOTE: recipe bison-3.3.2-r0: task do_populate_sysroot_setscene: Succeeded
NOTE: recipe zlib-1.2.11-r0: task do_populate_sysroot_setscene: Succeeded
NOTE: recipe binutils-2.31.1-r0: task do_package_write_deb_setscene: Succeeded
NOTE: Running setscene task 100 of 100 (/home/deby/poky/meta-debian/recipes-debian/binutils/binutils_debian.bb:do_packagedata_setscene)
NOTE: recipe zlib-1.2.11-r0: task do_packagedata_setscene: Succeeded
NOTE: recipe flex-2.6.4-r0: task do_packagedata_setscene: Succeeded
NOTE: recipe bison-3.3.2-r0: task do_packagedata_setscene: Succeeded
NOTE: recipe binutils-2.31.1-r0: task do_packagedata_setscene: Started
NOTE: recipe m4-1.4.18-r0: task do_packagedata_setscene: Succeeded
NOTE: recipe binutils-2.31.1-r0: task do_packagedata_setscene: Succeeded
NOTE: Executing RunQueue Tasks
NOTE: Running noexec task 602 of 602 (/home/deby/poky/meta-debian/recipes-debian/binutils/binutils_debian.bb:do_build)
NOTE: Tasks Summary: Attempted 602 tasks of which 601 didn't need to be rerun and all succeeded.

Summary: There was 1 WARNING message shown.
