WARNING: Host distribution "debian-10" has not been validated with this version of the build system; you may possibly experience unexpected failures. It is recommended that you use a tested distribution.
Loading cache...done.
Loaded 1440 entries from dependency cache.
NOTE: Resolving any missing task queue dependencies

Build Configuration:
BB_VERSION           = "1.42.0"
BUILD_SYS            = "x86_64-linux"
NATIVELSBSTRING      = "universal"
TARGET_SYS           = "aarch64-deby-linux"
MACHINE              = "qemuarm64"
DISTRO               = "deby-tiny"
DISTRO_VERSION       = "10.0"
TUNE_FEATURES        = "aarch64 armv8a crc"
TARGET_FPU           = ""
meta                 
meta-poky            = "warrior:51223035e66c5b27799b15a0f8ebe75d24d3971b"
meta-debian          = "warrior-trungdt:47b755ebe41c5afc0ea94d75b55c4f0efd8983fe"

Initialising tasks...done.
Sstate summary: Wanted 9 Found 9 Missed 0 Current 147 (100% match, 100% complete)
NOTE: Executing SetScene Tasks
NOTE: Running setscene task 148 of 156 (/home/deby/poky/meta-debian/recipes-debian/git/git_debian.bb:do_populate_sysroot_setscene)
NOTE: Running setscene task 149 of 156 (/home/deby/poky/meta-debian/recipes-debian/git/git_debian.bb:do_package_qa_setscene)
NOTE: Running setscene task 150 of 156 (/home/deby/poky/meta-debian/recipes-debian/git/git_debian.bb:do_package_write_deb_setscene)
NOTE: Running setscene task 151 of 156 (/home/deby/poky/meta/recipes-extended/findutils/findutils_4.6.0.bb:do_package_write_deb_setscene)
NOTE: recipe findutils-4.6.0-r0: task do_package_write_deb_setscene: Started
NOTE: recipe git-2.20.1-r0: task do_package_write_deb_setscene: Started
NOTE: recipe git-2.20.1-r0: task do_populate_sysroot_setscene: Started
NOTE: recipe git-2.20.1-r0: task do_package_qa_setscene: Started
NOTE: recipe git-2.20.1-r0: task do_package_qa_setscene: Succeeded
NOTE: recipe findutils-4.6.0-r0: task do_package_write_deb_setscene: Succeeded
NOTE: recipe git-2.20.1-r0: task do_populate_sysroot_setscene: Succeeded
NOTE: recipe git-2.20.1-r0: task do_package_write_deb_setscene: Succeeded
NOTE: Running setscene task 155 of 156 (/home/deby/poky/meta-debian/recipes-debian/git/git_debian.bb:do_packagedata_setscene)
NOTE: Running setscene task 156 of 156 (/home/deby/poky/meta/recipes-extended/findutils/findutils_4.6.0.bb:do_packagedata_setscene)
NOTE: recipe findutils-4.6.0-r0: task do_packagedata_setscene: Started
NOTE: recipe git-2.20.1-r0: task do_packagedata_setscene: Started
NOTE: recipe git-2.20.1-r0: task do_packagedata_setscene: Succeeded
NOTE: recipe findutils-4.6.0-r0: task do_packagedata_setscene: Succeeded
NOTE: Executing RunQueue Tasks
NOTE: Running noexec task 810 of 810 (/home/deby/poky/meta-debian/recipes-debian/git/git_debian.bb:do_build)
NOTE: Tasks Summary: Attempted 810 tasks of which 809 didn't need to be rerun and all succeeded.

Summary: There was 1 WARNING message shown.
