Loading cache...done.
Loaded 1723 entries from dependency cache.
Parsing recipes...WARNING: /home/deby/poky/meta/recipes-devtools/gdb/gdb-cross_8.3.1.bb: Unable to get checksum for gdb-cross-aarch64 SRC_URI entry 0001-gdbserver-ctrl-c-handling.patch: file could not be found
WARNING: /home/deby/poky/meta/recipes-devtools/gdb/gdb_8.3.1.bb: Unable to get checksum for gdb SRC_URI entry 0001-gdbserver-ctrl-c-handling.patch: file could not be found
WARNING: /home/deby/poky/meta/recipes-devtools/gdb/gdb-cross-canadian_8.3.1.bb: Unable to get checksum for gdb-cross-canadian-aarch64 SRC_URI entry 0001-gdbserver-ctrl-c-handling.patch: file could not be found
done.
Parsing of 992 .bb files complete (976 cached, 16 parsed). 1733 targets, 218 skipped, 0 masked, 0 errors.
NOTE: Resolving any missing task queue dependencies

Build Configuration:
BB_VERSION           = "1.42.0"
BUILD_SYS            = "x86_64-linux"
NATIVELSBSTRING      = "universal"
TARGET_SYS           = "aarch64-deby-linux"
MACHINE              = "qemuarm64"
DISTRO               = "deby-tiny"
DISTRO_VERSION       = "10.0"
TUNE_FEATURES        = "aarch64 armv8a crc"
TARGET_FPU           = ""
meta                 
meta-poky            = "warrior:79a850a10a4b88a6d20d607b322542f947874323"
meta-debian          = "warrior:065aa7dcd28d697d2d493e1f188deb4f78253725"

Initialising tasks...done.
Sstate summary: Wanted 0 Found 0 Missed 0 Current 151 (0% match, 100% complete)
NOTE: Executing SetScene Tasks
NOTE: Executing RunQueue Tasks
NOTE: Tasks Summary: Attempted 844 tasks of which 844 didn't need to be rerun and all succeeded.

Summary: There were 3 WARNING messages shown.
