Loading cache...done.
Loaded 1746 entries from dependency cache.
Parsing recipes...done.
Parsing of 992 .bb files complete (990 cached, 2 parsed). 1733 targets, 218 skipped, 0 masked, 0 errors.
NOTE: Resolving any missing task queue dependencies

Build Configuration:
BB_VERSION           = "1.42.0"
BUILD_SYS            = "x86_64-linux"
NATIVELSBSTRING      = "universal"
TARGET_SYS           = "aarch64-deby-linux"
MACHINE              = "qemuarm64"
DISTRO               = "deby-tiny"
DISTRO_VERSION       = "10.0"
TUNE_FEATURES        = "aarch64 armv8a crc"
TARGET_FPU           = ""
meta                 
meta-poky            = "warrior:79a850a10a4b88a6d20d607b322542f947874323"
meta-debian          = "warrior:f7512bd96372e67fe4288cb5cb61cf52d282dd4e"

Initialising tasks...done.
Sstate summary: Wanted 1 Found 0 Missed 1 Current 132 (0% match, 99% complete)
NOTE: Executing SetScene Tasks
NOTE: Executing RunQueue Tasks
NOTE: Running task 764 of 766 (/home/deby/poky/meta-debian/recipes-debian/tpm2-tss/tpm2-tss_debian.bb:do_package_qa)
NOTE: recipe tpm2-tss-2.1.0-r0: task do_package_qa: Started
NOTE: recipe tpm2-tss-2.1.0-r0: task do_package_qa: Succeeded
NOTE: Running noexec task 766 of 766 (/home/deby/poky/meta-debian/recipes-debian/tpm2-tss/tpm2-tss_debian.bb:do_build)
NOTE: Tasks Summary: Attempted 766 tasks of which 764 didn't need to be rerun and all succeeded.
