Loading cache...done.
Loaded 1981 entries from dependency cache.
Parsing recipes...done.
Parsing of 1222 .bb files complete (1220 cached, 2 parsed). 1983 targets, 350 skipped, 0 masked, 0 errors.
WARNING: No bb files matched BBFILE_PATTERN_dti '^/home/deby/poky/meta-debian/tests/../../meta-debian/bsp/meta-ti/'
NOTE: Resolving any missing task queue dependencies

Build Configuration:
BB_VERSION           = "1.42.0"
BUILD_SYS            = "x86_64-linux"
NATIVELSBSTRING      = "universal"
TARGET_SYS           = "arm-deby-linux-gnueabi"
MACHINE              = "beaglebone"
DISTRO               = "deby-tiny"
DISTRO_VERSION       = "10.0"
TUNE_FEATURES        = "arm armv7a vfp thumb neon callconvention-hard"
TARGET_FPU           = "hard"
meta                 
meta-poky            = "warrior:79a850a10a4b88a6d20d607b322542f947874323"
meta-debian          = "warrior:f7512bd96372e67fe4288cb5cb61cf52d282dd4e"
meta-ti              = "master:d793618c727d5a334241699d4421dbfc539be86c"
meta-ti              = "warrior:f7512bd96372e67fe4288cb5cb61cf52d282dd4e"

Initialising tasks...done.
Sstate summary: Wanted 9 Found 0 Missed 9 Current 80 (0% match, 89% complete)
NOTE: Executing SetScene Tasks
NOTE: Executing RunQueue Tasks
NOTE: Running task 559 of 613 (/home/deby/poky/meta-debian/recipes-debian/attr/attr_debian.bb:do_prepare_recipe_sysroot)
NOTE: recipe attr-2.4.48-r0: task do_prepare_recipe_sysroot: Started
NOTE: recipe attr-2.4.48-r0: task do_prepare_recipe_sysroot: Succeeded
NOTE: Running task 597 of 613 (/home/deby/poky/meta-debian/recipes-debian/attr/attr_debian.bb:do_configure)
NOTE: recipe attr-2.4.48-r0: task do_configure: Started
NOTE: recipe attr-2.4.48-r0: task do_configure: Succeeded
NOTE: Running task 598 of 613 (/home/deby/poky/meta-debian/recipes-debian/attr/attr_debian.bb:do_compile)
NOTE: recipe attr-2.4.48-r0: task do_compile: Started
NOTE: recipe attr-2.4.48-r0: task do_compile: Succeeded
NOTE: Running task 599 of 613 (/home/deby/poky/meta-debian/recipes-debian/attr/attr_debian.bb:do_install)
NOTE: recipe attr-2.4.48-r0: task do_install: Started
NOTE: recipe attr-2.4.48-r0: task do_install: Succeeded
NOTE: Running task 600 of 613 (/home/deby/poky/meta-debian/recipes-debian/attr/attr_debian.bb:do_package)
NOTE: Running task 601 of 613 (/home/deby/poky/meta-debian/recipes-debian/attr/attr_debian.bb:do_populate_sysroot)
NOTE: recipe attr-2.4.48-r0: task do_populate_sysroot: Started
NOTE: recipe attr-2.4.48-r0: task do_package: Started
NOTE: recipe attr-2.4.48-r0: task do_populate_sysroot: Succeeded
NOTE: Running task 602 of 613 (/home/deby/poky/meta-debian/recipes-debian/attr/acl_debian.bb:do_prepare_recipe_sysroot)
NOTE: recipe acl-2.2.53-r0: task do_prepare_recipe_sysroot: Started
NOTE: recipe attr-2.4.48-r0: task do_package: Succeeded
NOTE: Running task 603 of 613 (/home/deby/poky/meta-debian/recipes-debian/attr/attr_debian.bb:do_packagedata)
NOTE: recipe attr-2.4.48-r0: task do_packagedata: Started
NOTE: recipe attr-2.4.48-r0: task do_packagedata: Succeeded
NOTE: Running task 604 of 613 (/home/deby/poky/meta-debian/recipes-debian/attr/attr_debian.bb:do_package_write_deb)
NOTE: recipe attr-2.4.48-r0: task do_package_write_deb: Started
NOTE: recipe acl-2.2.53-r0: task do_prepare_recipe_sysroot: Succeeded
NOTE: Running task 605 of 613 (/home/deby/poky/meta-debian/recipes-debian/attr/acl_debian.bb:do_configure)
NOTE: recipe acl-2.2.53-r0: task do_configure: Started
NOTE: recipe attr-2.4.48-r0: task do_package_write_deb: Succeeded
NOTE: recipe acl-2.2.53-r0: task do_configure: Succeeded
NOTE: Running task 606 of 613 (/home/deby/poky/meta-debian/recipes-debian/attr/acl_debian.bb:do_compile)
NOTE: recipe acl-2.2.53-r0: task do_compile: Started
NOTE: recipe acl-2.2.53-r0: task do_compile: Succeeded
NOTE: Running task 607 of 613 (/home/deby/poky/meta-debian/recipes-debian/attr/acl_debian.bb:do_install)
NOTE: recipe acl-2.2.53-r0: task do_install: Started
NOTE: recipe acl-2.2.53-r0: task do_install: Succeeded
NOTE: Running task 608 of 613 (/home/deby/poky/meta-debian/recipes-debian/attr/acl_debian.bb:do_package)
NOTE: Running task 609 of 613 (/home/deby/poky/meta-debian/recipes-debian/attr/acl_debian.bb:do_populate_sysroot)
NOTE: recipe acl-2.2.53-r0: task do_package: Started
NOTE: recipe acl-2.2.53-r0: task do_populate_sysroot: Started
NOTE: recipe acl-2.2.53-r0: task do_populate_sysroot: Succeeded
NOTE: recipe acl-2.2.53-r0: task do_package: Succeeded
NOTE: Running task 610 of 613 (/home/deby/poky/meta-debian/recipes-debian/attr/acl_debian.bb:do_packagedata)
NOTE: recipe acl-2.2.53-r0: task do_packagedata: Started
NOTE: recipe acl-2.2.53-r0: task do_packagedata: Succeeded
NOTE: Running task 611 of 613 (/home/deby/poky/meta-debian/recipes-debian/attr/acl_debian.bb:do_package_write_deb)
NOTE: Running task 612 of 613 (/home/deby/poky/meta-debian/recipes-debian/attr/acl_debian.bb:do_package_qa)
NOTE: recipe acl-2.2.53-r0: task do_package_qa: Started
NOTE: recipe acl-2.2.53-r0: task do_package_write_deb: Started
NOTE: recipe acl-2.2.53-r0: task do_package_write_deb: Succeeded
NOTE: recipe acl-2.2.53-r0: task do_package_qa: Succeeded
NOTE: Running noexec task 613 of 613 (/home/deby/poky/meta-debian/recipes-debian/attr/acl_debian.bb:do_build)
NOTE: Tasks Summary: Attempted 613 tasks of which 595 didn't need to be rerun and all succeeded.

Summary: There was 1 WARNING message shown.
