WARNING: Host distribution "debian-10" has not been validated with this version of the build system; you may possibly experience unexpected failures. It is recommended that you use a tested distribution.
Loading cache...done.
Loaded 1674 entries from dependency cache.
WARNING: No bb files matched BBFILE_PATTERN_dti '^/home/deby/poky/meta-debian/tests/../../meta-debian/bsp/meta-ti/'
NOTE: Resolving any missing task queue dependencies

Build Configuration:
BB_VERSION           = "1.42.0"
BUILD_SYS            = "x86_64-linux"
NATIVELSBSTRING      = "universal"
TARGET_SYS           = "arm-deby-linux-gnueabi"
MACHINE              = "beaglebone"
DISTRO               = "deby-tiny"
DISTRO_VERSION       = "10.0"
TUNE_FEATURES        = "arm armv7a vfp thumb neon callconvention-hard"
TARGET_FPU           = "hard"
meta                 
meta-poky            = "warrior:51223035e66c5b27799b15a0f8ebe75d24d3971b"
meta-debian          = "warrior-trungdt:47b755ebe41c5afc0ea94d75b55c4f0efd8983fe"
meta-ti              = "master:54f3d19b60411fd5db5d8df42974eb4038037a00"
meta-ti              = "warrior-trungdt:47b755ebe41c5afc0ea94d75b55c4f0efd8983fe"

Initialising tasks...done.
Sstate summary: Wanted 28 Found 28 Missed 0 Current 65 (100% match, 100% complete)
NOTE: Executing SetScene Tasks
NOTE: Running setscene task 66 of 93 (/home/deby/poky/meta-debian/recipes-debian/busybox/busybox_debian.bb:do_populate_sysroot_setscene)
NOTE: Running setscene task 67 of 93 (/home/deby/poky/meta-debian/recipes-debian/busybox/busybox_debian.bb:do_package_qa_setscene)
NOTE: Running setscene task 68 of 93 (/home/deby/poky/meta-debian/recipes-debian/busybox/busybox_debian.bb:do_package_write_deb_setscene)
NOTE: Running setscene task 69 of 93 (/home/deby/poky/meta-debian/recipes-debian/busybox/busybox_debian.bb:do_populate_lic_setscene)
NOTE: Running setscene task 70 of 93 (/home/deby/poky/meta-debian/recipes-debian/glibc/glibc_debian.bb:do_package_write_deb_setscene)
NOTE: Running setscene task 71 of 93 (/home/deby/poky/meta-debian/recipes-debian/gcc/gcc-runtime_debian.bb:do_package_write_deb_setscene)
NOTE: Running setscene task 72 of 93 (/home/deby/poky/meta/recipes-devtools/opkg-utils/opkg-utils_0.4.0.bb:do_package_write_deb_setscene)
NOTE: Running setscene task 73 of 93 (/home/deby/poky/meta/recipes-core/libxcrypt/libxcrypt.bb:do_package_write_deb_setscene)
NOTE: Running setscene task 77 of 93 (/home/deby/poky/meta-debian/recipes-debian/gcc/libgcc_debian.bb:do_package_write_deb_setscene)
NOTE: Running setscene task 78 of 93 (/home/deby/poky/meta-debian/recipes-debian/libtool/libtool-cross_debian.bb:do_package_write_deb_setscene)
NOTE: recipe opkg-utils-0.4.0-r0: task do_package_write_deb_setscene: Started
NOTE: recipe libxcrypt-4.4.2-r0: task do_package_write_deb_setscene: Started
NOTE: recipe libgcc-8.3.0-r0: task do_package_write_deb_setscene: Started
NOTE: recipe libtool-cross-2.4.6-r0: task do_package_write_deb_setscene: Started
NOTE: recipe gcc-runtime-8.3.0-r0: task do_package_write_deb_setscene: Started
NOTE: recipe glibc-2.28-r0: task do_package_write_deb_setscene: Started
NOTE: recipe busybox-1.30.1-r0: task do_package_write_deb_setscene: Started
NOTE: recipe busybox-1.30.1-r0: task do_package_qa_setscene: Started
NOTE: recipe busybox-1.30.1-r0: task do_populate_lic_setscene: Started
NOTE: recipe busybox-1.30.1-r0: task do_populate_sysroot_setscene: Started
NOTE: recipe libtool-cross-2.4.6-r0: task do_package_write_deb_setscene: Succeeded
NOTE: Running setscene task 80 of 93 (/home/deby/poky/meta-debian/recipes-debian/libtool/libtool-cross_debian.bb:do_packagedata_setscene)
NOTE: recipe busybox-1.30.1-r0: task do_package_qa_setscene: Succeeded
NOTE: recipe opkg-utils-0.4.0-r0: task do_package_write_deb_setscene: Succeeded
NOTE: Running setscene task 81 of 93 (/home/deby/poky/meta/recipes-devtools/opkg-utils/opkg-utils_0.4.0.bb:do_packagedata_setscene)
NOTE: recipe libtool-cross-2.4.6-r0: task do_packagedata_setscene: Started
NOTE: recipe busybox-1.30.1-r0: task do_populate_sysroot_setscene: Succeeded
NOTE: Running setscene task 82 of 93 (/home/deby/poky/meta/recipes-devtools/opkg-utils/opkg-utils_0.4.0.bb:do_populate_sysroot_setscene)
NOTE: Running setscene task 83 of 93 (/home/deby/poky/meta/recipes-core/libxcrypt/libxcrypt.bb:do_populate_sysroot_setscene)
NOTE: recipe busybox-1.30.1-r0: task do_populate_lic_setscene: Succeeded
NOTE: recipe libgcc-8.3.0-r0: task do_package_write_deb_setscene: Succeeded
NOTE: Running setscene task 84 of 93 (/home/deby/poky/meta-debian/recipes-debian/gcc/libgcc_debian.bb:do_packagedata_setscene)
NOTE: recipe libxcrypt-4.4.2-r0: task do_populate_sysroot_setscene: Started
NOTE: recipe libgcc-8.3.0-r0: task do_packagedata_setscene: Started
NOTE: recipe opkg-utils-0.4.0-r0: task do_packagedata_setscene: Started
NOTE: recipe opkg-utils-0.4.0-r0: task do_populate_sysroot_setscene: Started
NOTE: recipe busybox-1.30.1-r0: task do_package_write_deb_setscene: Succeeded
NOTE: Running setscene task 85 of 93 (/home/deby/poky/meta-debian/recipes-debian/busybox/busybox_debian.bb:do_packagedata_setscene)
NOTE: recipe busybox-1.30.1-r0: task do_packagedata_setscene: Started
NOTE: recipe libxcrypt-4.4.2-r0: task do_package_write_deb_setscene: Succeeded
NOTE: Running setscene task 86 of 93 (/home/deby/poky/meta/recipes-core/libxcrypt/libxcrypt.bb:do_packagedata_setscene)
NOTE: recipe libxcrypt-4.4.2-r0: task do_populate_sysroot_setscene: Succeeded
NOTE: recipe libxcrypt-4.4.2-r0: task do_packagedata_setscene: Started
NOTE: recipe libtool-cross-2.4.6-r0: task do_packagedata_setscene: Succeeded
NOTE: recipe libgcc-8.3.0-r0: task do_packagedata_setscene: Succeeded
NOTE: recipe opkg-utils-0.4.0-r0: task do_populate_sysroot_setscene: Succeeded
NOTE: Running setscene task 88 of 93 (/home/deby/poky/meta-debian/recipes-debian/gcc/gcc-runtime_debian.bb:do_populate_sysroot_setscene)
NOTE: recipe gcc-runtime-8.3.0-r0: task do_package_write_deb_setscene: Succeeded
NOTE: Running setscene task 89 of 93 (/home/deby/poky/meta-debian/recipes-debian/gcc/gcc-runtime_debian.bb:do_packagedata_setscene)
NOTE: recipe opkg-utils-0.4.0-r0: task do_packagedata_setscene: Succeeded
NOTE: recipe busybox-1.30.1-r0: task do_packagedata_setscene: Succeeded
NOTE: recipe gcc-runtime-8.3.0-r0: task do_populate_sysroot_setscene: Started
NOTE: recipe gcc-runtime-8.3.0-r0: task do_packagedata_setscene: Started
NOTE: recipe libxcrypt-4.4.2-r0: task do_packagedata_setscene: Succeeded
NOTE: recipe glibc-2.28-r0: task do_package_write_deb_setscene: Succeeded
NOTE: Running setscene task 90 of 93 (/home/deby/poky/meta-debian/recipes-debian/glibc/glibc_debian.bb:do_packagedata_setscene)
NOTE: recipe gcc-runtime-8.3.0-r0: task do_packagedata_setscene: Succeeded
NOTE: recipe glibc-2.28-r0: task do_packagedata_setscene: Started
NOTE: recipe glibc-2.28-r0: task do_packagedata_setscene: Succeeded
NOTE: recipe gcc-runtime-8.3.0-r0: task do_populate_sysroot_setscene: Succeeded
NOTE: Running setscene task 91 of 93 (/home/deby/poky/meta-debian/recipes-debian/gcc/libgcc_debian.bb:do_populate_sysroot_setscene)
NOTE: recipe libgcc-8.3.0-r0: task do_populate_sysroot_setscene: Started
NOTE: recipe libgcc-8.3.0-r0: task do_populate_sysroot_setscene: Succeeded
NOTE: Running setscene task 93 of 93 (/home/deby/poky/meta-debian/recipes-debian/glibc/glibc_debian.bb:do_populate_sysroot_setscene)
NOTE: recipe glibc-2.28-r0: task do_populate_sysroot_setscene: Started
NOTE: recipe glibc-2.28-r0: task do_populate_sysroot_setscene: Succeeded
NOTE: Executing RunQueue Tasks
NOTE: Running noexec task 580 of 580 (/home/deby/poky/meta-debian/recipes-debian/busybox/busybox_debian.bb:do_build)
NOTE: Tasks Summary: Attempted 580 tasks of which 579 didn't need to be rerun and all succeeded.

Summary: There were 2 WARNING messages shown.
