Loading cache...done.
Loaded 1958 entries from dependency cache.
WARNING: No bb files matched BBFILE_PATTERN_dti '^/home/deby/poky/meta-debian/tests/../../meta-debian/bsp/meta-ti/'
NOTE: Resolving any missing task queue dependencies

Build Configuration:
BB_VERSION           = "1.42.0"
BUILD_SYS            = "x86_64-linux"
NATIVELSBSTRING      = "universal"
TARGET_SYS           = "arm-deby-linux-gnueabi"
MACHINE              = "beaglebone"
DISTRO               = "deby-tiny"
DISTRO_VERSION       = "10.0"
TUNE_FEATURES        = "arm armv7a vfp thumb neon callconvention-hard"
TARGET_FPU           = "hard"
meta                 
meta-poky            = "warrior:79a850a10a4b88a6d20d607b322542f947874323"
meta-debian          = "warrior:79407869d1e56b8c7cb9ac0a9a48a4923ffa202b"
meta-ti              = "master:d793618c727d5a334241699d4421dbfc539be86c"
meta-ti              = "warrior:79407869d1e56b8c7cb9ac0a9a48a4923ffa202b"

Initialising tasks...done.
Sstate summary: Wanted 10 Found 0 Missed 10 Current 71 (0% match, 87% complete)
NOTE: Executing SetScene Tasks
NOTE: Executing RunQueue Tasks
NOTE: Running task 513 of 589 (/home/deby/poky/meta-debian/recipes-debian/perl/perl_debian.bb:do_fetch)
NOTE: Running task 525 of 589 (/home/deby/poky/meta-debian/recipes-debian/liblinux-usermod-perl/liblinux-usermod-perl_debian.bb:do_fetch)
NOTE: recipe perl-5.28.1-r1: task do_fetch: Started
NOTE: recipe liblinux-usermod-perl-0.69-r0: task do_fetch: Started
NOTE: recipe liblinux-usermod-perl-0.69-r0: task do_fetch: Succeeded
NOTE: Running task 563 of 589 (/home/deby/poky/meta-debian/recipes-debian/liblinux-usermod-perl/liblinux-usermod-perl_debian.bb:do_unpack)
NOTE: recipe perl-5.28.1-r1: task do_fetch: Succeeded
NOTE: Running task 564 of 589 (/home/deby/poky/meta-debian/recipes-debian/perl/perl_debian.bb:do_unpack)
NOTE: Running task 565 of 589 (/home/deby/poky/meta-debian/recipes-debian/perl/perl_debian.bb:do_prepare_recipe_sysroot)
NOTE: recipe liblinux-usermod-perl-0.69-r0: task do_unpack: Started
NOTE: recipe liblinux-usermod-perl-0.69-r0: task do_unpack: Succeeded
NOTE: Running task 566 of 589 (/home/deby/poky/meta-debian/recipes-debian/liblinux-usermod-perl/liblinux-usermod-perl_debian.bb:do_debian_unpack_extra)
NOTE: recipe perl-5.28.1-r1: task do_unpack: Started
NOTE: recipe perl-5.28.1-r1: task do_prepare_recipe_sysroot: Started
NOTE: recipe liblinux-usermod-perl-0.69-r0: task do_debian_unpack_extra: Started
NOTE: recipe liblinux-usermod-perl-0.69-r0: task do_debian_unpack_extra: Succeeded
NOTE: Running task 567 of 589 (/home/deby/poky/meta-debian/recipes-debian/liblinux-usermod-perl/liblinux-usermod-perl_debian.bb:do_debian_patch)
NOTE: recipe perl-5.28.1-r1: task do_prepare_recipe_sysroot: Succeeded
NOTE: recipe liblinux-usermod-perl-0.69-r0: task do_debian_patch: Started
NOTE: recipe liblinux-usermod-perl-0.69-r0: task do_debian_patch: Succeeded
NOTE: Running task 568 of 589 (/home/deby/poky/meta-debian/recipes-debian/liblinux-usermod-perl/liblinux-usermod-perl_debian.bb:do_patch)
NOTE: recipe liblinux-usermod-perl-0.69-r0: task do_patch: Started
NOTE: recipe liblinux-usermod-perl-0.69-r0: task do_patch: Succeeded
NOTE: Running task 569 of 589 (/home/deby/poky/meta-debian/recipes-debian/liblinux-usermod-perl/liblinux-usermod-perl_debian.bb:do_populate_lic)
NOTE: recipe liblinux-usermod-perl-0.69-r0: task do_populate_lic: Started
NOTE: recipe liblinux-usermod-perl-0.69-r0: task do_populate_lic: Succeeded
NOTE: recipe perl-5.28.1-r1: task do_unpack: Succeeded
NOTE: Running task 570 of 589 (/home/deby/poky/meta-debian/recipes-debian/perl/perl_debian.bb:do_debian_unpack_extra)
NOTE: recipe perl-5.28.1-r1: task do_debian_unpack_extra: Started
NOTE: recipe perl-5.28.1-r1: task do_debian_unpack_extra: Succeeded
NOTE: Running task 571 of 589 (/home/deby/poky/meta-debian/recipes-debian/perl/perl_debian.bb:do_debian_patch)
NOTE: recipe perl-5.28.1-r1: task do_debian_patch: Started
NOTE: recipe perl-5.28.1-r1: task do_debian_patch: Succeeded
NOTE: Running task 572 of 589 (/home/deby/poky/meta-debian/recipes-debian/perl/perl_debian.bb:do_patch)
NOTE: recipe perl-5.28.1-r1: task do_patch: Started
NOTE: recipe perl-5.28.1-r1: task do_patch: Succeeded
NOTE: Running task 573 of 589 (/home/deby/poky/meta-debian/recipes-debian/perl/perl_debian.bb:do_configure)
NOTE: recipe perl-5.28.1-r1: task do_configure: Started
NOTE: recipe perl-5.28.1-r1: task do_configure: Succeeded
NOTE: Running task 574 of 589 (/home/deby/poky/meta-debian/recipes-debian/perl/perl_debian.bb:do_compile)
NOTE: recipe perl-5.28.1-r1: task do_compile: Started
NOTE: recipe perl-5.28.1-r1: task do_compile: Succeeded
NOTE: Running task 575 of 589 (/home/deby/poky/meta-debian/recipes-debian/perl/perl_debian.bb:do_install)
NOTE: recipe perl-5.28.1-r1: task do_install: Started
NOTE: recipe perl-5.28.1-r1: task do_install: Succeeded
NOTE: Running task 576 of 589 (/home/deby/poky/meta-debian/recipes-debian/perl/perl_debian.bb:do_package)
NOTE: Running task 577 of 589 (/home/deby/poky/meta-debian/recipes-debian/perl/perl_debian.bb:do_populate_sysroot)
NOTE: recipe perl-5.28.1-r1: task do_package: Started
NOTE: recipe perl-5.28.1-r1: task do_populate_sysroot: Started
NOTE: recipe perl-5.28.1-r1: task do_populate_sysroot: Succeeded
NOTE: Running task 578 of 589 (/home/deby/poky/meta-debian/recipes-debian/liblinux-usermod-perl/liblinux-usermod-perl_debian.bb:do_prepare_recipe_sysroot)
NOTE: recipe liblinux-usermod-perl-0.69-r0: task do_prepare_recipe_sysroot: Started
NOTE: recipe liblinux-usermod-perl-0.69-r0: task do_prepare_recipe_sysroot: Succeeded
NOTE: Running task 579 of 589 (/home/deby/poky/meta-debian/recipes-debian/liblinux-usermod-perl/liblinux-usermod-perl_debian.bb:do_configure)
NOTE: recipe liblinux-usermod-perl-0.69-r0: task do_configure: Started
NOTE: recipe liblinux-usermod-perl-0.69-r0: task do_configure: Succeeded
NOTE: Running task 580 of 589 (/home/deby/poky/meta-debian/recipes-debian/liblinux-usermod-perl/liblinux-usermod-perl_debian.bb:do_compile)
NOTE: recipe liblinux-usermod-perl-0.69-r0: task do_compile: Started
NOTE: recipe liblinux-usermod-perl-0.69-r0: task do_compile: Succeeded
NOTE: Running task 581 of 589 (/home/deby/poky/meta-debian/recipes-debian/liblinux-usermod-perl/liblinux-usermod-perl_debian.bb:do_install)
NOTE: recipe liblinux-usermod-perl-0.69-r0: task do_install: Started
NOTE: recipe liblinux-usermod-perl-0.69-r0: task do_install: Succeeded
NOTE: Running task 582 of 589 (/home/deby/poky/meta-debian/recipes-debian/liblinux-usermod-perl/liblinux-usermod-perl_debian.bb:do_populate_sysroot)
NOTE: recipe liblinux-usermod-perl-0.69-r0: task do_populate_sysroot: Started
NOTE: recipe liblinux-usermod-perl-0.69-r0: task do_populate_sysroot: Succeeded
NOTE: recipe perl-5.28.1-r1: task do_package: Succeeded
NOTE: Running task 583 of 589 (/home/deby/poky/meta-debian/recipes-debian/perl/perl_debian.bb:do_packagedata)
NOTE: recipe perl-5.28.1-r1: task do_packagedata: Started
NOTE: recipe perl-5.28.1-r1: task do_packagedata: Succeeded
NOTE: Running task 584 of 589 (/home/deby/poky/meta-debian/recipes-debian/liblinux-usermod-perl/liblinux-usermod-perl_debian.bb:do_package)
NOTE: Running task 585 of 589 (/home/deby/poky/meta-debian/recipes-debian/perl/perl_debian.bb:do_package_write_deb)
NOTE: recipe perl-5.28.1-r1: task do_package_write_deb: Started
NOTE: recipe liblinux-usermod-perl-0.69-r0: task do_package: Started
NOTE: recipe liblinux-usermod-perl-0.69-r0: task do_package: Succeeded
NOTE: Running task 586 of 589 (/home/deby/poky/meta-debian/recipes-debian/liblinux-usermod-perl/liblinux-usermod-perl_debian.bb:do_packagedata)
NOTE: recipe liblinux-usermod-perl-0.69-r0: task do_packagedata: Started
NOTE: recipe liblinux-usermod-perl-0.69-r0: task do_packagedata: Succeeded
NOTE: Running task 587 of 589 (/home/deby/poky/meta-debian/recipes-debian/liblinux-usermod-perl/liblinux-usermod-perl_debian.bb:do_package_write_deb)
NOTE: Running task 588 of 589 (/home/deby/poky/meta-debian/recipes-debian/liblinux-usermod-perl/liblinux-usermod-perl_debian.bb:do_package_qa)
NOTE: recipe liblinux-usermod-perl-0.69-r0: task do_package_write_deb: Started
NOTE: recipe liblinux-usermod-perl-0.69-r0: task do_package_qa: Started
NOTE: recipe liblinux-usermod-perl-0.69-r0: task do_package_qa: Succeeded
NOTE: recipe liblinux-usermod-perl-0.69-r0: task do_package_write_deb: Succeeded
NOTE: recipe perl-5.28.1-r1: task do_package_write_deb: Succeeded
NOTE: Running noexec task 589 of 589 (/home/deby/poky/meta-debian/recipes-debian/liblinux-usermod-perl/liblinux-usermod-perl_debian.bb:do_build)
NOTE: Tasks Summary: Attempted 589 tasks of which 560 didn't need to be rerun and all succeeded.

Summary: There was 1 WARNING message shown.
