WARNING: Host distribution "debian-10" has not been validated with this version of the build system; you may possibly experience unexpected failures. It is recommended that you use a tested distribution.
Loading cache...done.
Loaded 1674 entries from dependency cache.
WARNING: No bb files matched BBFILE_PATTERN_dti '^/home/deby/poky/meta-debian/tests/../../meta-debian/bsp/meta-ti/'
NOTE: Resolving any missing task queue dependencies

Build Configuration:
BB_VERSION           = "1.42.0"
BUILD_SYS            = "x86_64-linux"
NATIVELSBSTRING      = "universal"
TARGET_SYS           = "arm-deby-linux-gnueabi"
MACHINE              = "beaglebone"
DISTRO               = "deby-tiny"
DISTRO_VERSION       = "10.0"
TUNE_FEATURES        = "arm armv7a vfp thumb neon callconvention-hard"
TARGET_FPU           = "hard"
meta                 
meta-poky            = "warrior:51223035e66c5b27799b15a0f8ebe75d24d3971b"
meta-debian          = "warrior-trungdt:47b755ebe41c5afc0ea94d75b55c4f0efd8983fe"
meta-ti              = "master:54f3d19b60411fd5db5d8df42974eb4038037a00"
meta-ti              = "warrior-trungdt:47b755ebe41c5afc0ea94d75b55c4f0efd8983fe"

Initialising tasks...done.
Sstate summary: Wanted 19 Found 18 Missed 1 Current 50 (94% match, 98% complete)
NOTE: Executing SetScene Tasks
NOTE: Running setscene task 51 of 69 (/home/deby/poky/meta-debian/recipes-kernel/linux/linux-base_git.bb:do_package_qa_setscene)
NOTE: Running setscene task 52 of 69 (/home/deby/poky/meta-debian/recipes-kernel/linux/linux-base_git.bb:do_package_write_deb_setscene)
NOTE: Running setscene task 53 of 69 (/home/deby/poky/meta-debian/recipes-kernel/linux/linux-base_git.bb:do_populate_lic_setscene)
NOTE: Running setscene task 54 of 69 (/home/deby/poky/meta-debian/recipes-kernel/linux/linux-base_git.bb:do_deploy_setscene)
NOTE: recipe linux-base-gitAUTOINC+2951eded01-r0: task do_package_write_deb_setscene: Started
NOTE: recipe linux-base-gitAUTOINC+2951eded01-r0: task do_populate_lic_setscene: Started
NOTE: recipe linux-base-gitAUTOINC+2951eded01-r0: task do_deploy_setscene: Started
NOTE: recipe linux-base-gitAUTOINC+2951eded01-r0: task do_package_qa_setscene: Started
NOTE: recipe linux-base-gitAUTOINC+2951eded01-r0: task do_package_qa_setscene: Succeeded
NOTE: recipe linux-base-gitAUTOINC+2951eded01-r0: task do_populate_lic_setscene: Succeeded
NOTE: recipe linux-base-gitAUTOINC+2951eded01-r0: task do_package_write_deb_setscene: Succeeded
NOTE: recipe linux-base-gitAUTOINC+2951eded01-r0: task do_deploy_setscene: Succeeded
NOTE: Running setscene task 56 of 69 (/home/deby/poky/meta-debian/recipes-kernel/linux/linux-base_git.bb:do_populate_sysroot_setscene)
NOTE: Running setscene task 57 of 69 (/home/deby/poky/meta-debian/recipes-kernel/linux/linux-base_git.bb:do_packagedata_setscene)
NOTE: Running setscene task 58 of 69 (/home/deby/poky/meta/recipes-kernel/kmod/depmodwrapper-cross_1.0.bb:do_populate_sysroot_setscene)
NOTE: recipe depmodwrapper-cross-1.0-r0: task do_populate_sysroot_setscene: Started
NOTE: recipe linux-base-gitAUTOINC+2951eded01-r0: task do_populate_sysroot_setscene: Started
NOTE: recipe linux-base-gitAUTOINC+2951eded01-r0: task do_packagedata_setscene: Started
NOTE: recipe linux-base-gitAUTOINC+2951eded01-r0: task do_populate_sysroot_setscene: Succeeded
NOTE: recipe depmodwrapper-cross-1.0-r0: task do_populate_sysroot_setscene: Succeeded
NOTE: recipe linux-base-gitAUTOINC+2951eded01-r0: task do_packagedata_setscene: Succeeded
NOTE: Running setscene task 62 of 69 (/home/deby/poky/meta/recipes-kernel/kmod/kmod-native_git.bb:do_populate_sysroot_setscene)
NOTE: Running setscene task 63 of 69 (/home/deby/poky/meta-debian/recipes-debian/gcc/gcc-cross_debian.bb:do_populate_sysroot_setscene)
NOTE: recipe gcc-cross-arm-8.3.0-r0: task do_populate_sysroot_setscene: Started
NOTE: recipe kmod-native-26-r0: task do_populate_sysroot_setscene: Started
NOTE: recipe kmod-native-26-r0: task do_populate_sysroot_setscene: Succeeded
NOTE: Running setscene task 66 of 69 (virtual:native:/home/deby/poky/meta/recipes-devtools/python/python3_3.7.2.bb:do_populate_sysroot_setscene)
NOTE: recipe python3-native-3.7.2-r0: task do_populate_sysroot_setscene: Started
NOTE: recipe gcc-cross-arm-8.3.0-r0: task do_populate_sysroot_setscene: Succeeded
NOTE: Running setscene task 68 of 69 (/home/deby/poky/meta-debian/recipes-debian/binutils/binutils-cross_debian.bb:do_populate_sysroot_setscene)
NOTE: recipe binutils-cross-arm-2.31.1-r0: task do_populate_sysroot_setscene: Started
NOTE: recipe binutils-cross-arm-2.31.1-r0: task do_populate_sysroot_setscene: Succeeded
NOTE: recipe python3-native-3.7.2-r0: task do_populate_sysroot_setscene: Succeeded
NOTE: Running setscene task 69 of 69 (virtual:native:/home/deby/poky/meta/recipes-core/util-linux/util-linux_2.32.1.bb:do_populate_sysroot_setscene)
NOTE: recipe util-linux-native-2.32.1-r0: task do_populate_sysroot_setscene: Started
NOTE: recipe util-linux-native-2.32.1-r0: task do_populate_sysroot_setscene: Succeeded
NOTE: Executing RunQueue Tasks
NOTE: Running noexec task 526 of 526 (/home/deby/poky/meta-debian/recipes-kernel/linux/linux-base_git.bb:do_build)
NOTE: Tasks Summary: Attempted 526 tasks of which 525 didn't need to be rerun and all succeeded.

Summary: There were 2 WARNING messages shown.
