WARNING: Host distribution "debian-10" has not been validated with this version of the build system; you may possibly experience unexpected failures. It is recommended that you use a tested distribution.
Loading cache...done.
Loaded 1674 entries from dependency cache.
WARNING: No bb files matched BBFILE_PATTERN_dti '^/home/deby/poky/meta-debian/tests/../../meta-debian/bsp/meta-ti/'
NOTE: Resolving any missing task queue dependencies

Build Configuration:
BB_VERSION           = "1.42.0"
BUILD_SYS            = "x86_64-linux"
NATIVELSBSTRING      = "universal"
TARGET_SYS           = "arm-deby-linux-gnueabi"
MACHINE              = "beaglebone"
DISTRO               = "deby-tiny"
DISTRO_VERSION       = "10.0"
TUNE_FEATURES        = "arm armv7a vfp thumb neon callconvention-hard"
TARGET_FPU           = "hard"
meta                 
meta-poky            = "warrior:51223035e66c5b27799b15a0f8ebe75d24d3971b"
meta-debian          = "warrior-trungdt:47b755ebe41c5afc0ea94d75b55c4f0efd8983fe"
meta-ti              = "master:54f3d19b60411fd5db5d8df42974eb4038037a00"
meta-ti              = "warrior-trungdt:47b755ebe41c5afc0ea94d75b55c4f0efd8983fe"

Initialising tasks...done.
Sstate summary: Wanted 27 Found 9 Missed 18 Current 50 (33% match, 76% complete)
NOTE: Executing SetScene Tasks
NOTE: Running setscene task 56 of 77 (virtual:nativesdk:/home/deby/poky/meta-debian/recipes-debian/perl/perl_debian.bb:do_populate_lic_setscene)
NOTE: Running setscene task 70 of 77 (virtual:nativesdk:/home/deby/poky/meta-debian/recipes-debian/gcc/libgcc-initial_debian.bb:do_populate_sysroot_setscene)
NOTE: Running setscene task 72 of 77 (virtual:native:/home/deby/poky/meta/recipes-devtools/rpm/rpm_4.14.2.1.bb:do_populate_sysroot_setscene)
NOTE: recipe nativesdk-libgcc-initial-8.3.0-r0: task do_populate_sysroot_setscene: Started
NOTE: recipe nativesdk-perl-5.28.1-r1: task do_populate_lic_setscene: Started
NOTE: recipe rpm-native-1_4.14.2.1-r0: task do_populate_sysroot_setscene: Started
NOTE: recipe nativesdk-libgcc-initial-8.3.0-r0: task do_populate_sysroot_setscene: Succeeded
NOTE: Running setscene task 73 of 77 (/home/deby/poky/meta-debian/recipes-debian/gcc/gcc-crosssdk_debian.bb:do_populate_sysroot_setscene)
NOTE: recipe nativesdk-perl-5.28.1-r1: task do_populate_lic_setscene: Succeeded
NOTE: recipe gcc-crosssdk-x86_64-debysdk-linux-8.3.0-r0: task do_populate_sysroot_setscene: Started
NOTE: recipe rpm-native-1_4.14.2.1-r0: task do_populate_sysroot_setscene: Succeeded
NOTE: Running setscene task 74 of 77 (virtual:native:/home/deby/poky/meta/recipes-extended/libarchive/libarchive_3.3.3.bb:do_populate_sysroot_setscene)
NOTE: recipe libarchive-native-3.3.3-r0: task do_populate_sysroot_setscene: Started
NOTE: recipe libarchive-native-3.3.3-r0: task do_populate_sysroot_setscene: Succeeded
NOTE: Running setscene task 75 of 77 (virtual:native:/home/deby/poky/meta/recipes-devtools/e2fsprogs/e2fsprogs_1.44.5.bb:do_populate_sysroot_setscene)
NOTE: recipe e2fsprogs-native-1.44.5-r0: task do_populate_sysroot_setscene: Started
NOTE: recipe gcc-crosssdk-x86_64-debysdk-linux-8.3.0-r0: task do_populate_sysroot_setscene: Succeeded
NOTE: Running setscene task 76 of 77 (/home/deby/poky/meta-debian/recipes-debian/gcc/gcc-crosssdk_debian.bb:do_gcc_stash_builddir_setscene)
NOTE: recipe gcc-crosssdk-x86_64-debysdk-linux-8.3.0-r0: task do_gcc_stash_builddir_setscene: Started
NOTE: recipe e2fsprogs-native-1.44.5-r0: task do_populate_sysroot_setscene: Succeeded
NOTE: recipe gcc-crosssdk-x86_64-debysdk-linux-8.3.0-r0: task do_gcc_stash_builddir_setscene: Succeeded
NOTE: Running setscene task 77 of 77 (/home/deby/poky/meta-debian/recipes-debian/binutils/binutils-crosssdk_debian.bb:do_populate_sysroot_setscene)
NOTE: recipe binutils-crosssdk-x86_64-debysdk-linux-2.31.1-r0: task do_populate_sysroot_setscene: Started
NOTE: recipe binutils-crosssdk-x86_64-debysdk-linux-2.31.1-r0: task do_populate_sysroot_setscene: Succeeded
NOTE: Executing RunQueue Tasks
NOTE: Running task 105 of 527 (/home/deby/poky/meta-debian/recipes-debian/gcc/gcc-source_debian.bb:do_unpack)
NOTE: Running task 239 of 527 (virtual:nativesdk:/home/deby/poky/meta-debian/recipes-debian/glibc/glibc_debian.bb:do_debian_unpack_extra)
NOTE: Running noexec task 445 of 527 (virtual:nativesdk:/home/deby/poky/meta-debian/recipes-debian/gcc/libgcc_debian.bb:do_fetch)
NOTE: Running task 449 of 527 (virtual:nativesdk:/home/deby/poky/meta-debian/recipes-debian/perl/perl_debian.bb:do_unpack)
NOTE: Running noexec task 450 of 527 (virtual:nativesdk:/home/deby/poky/meta-debian/recipes-debian/gcc/gcc-runtime_debian.bb:do_fetch)
NOTE: recipe gcc-source-8.3.0-8.3.0-r0: task do_unpack: Started
NOTE: recipe nativesdk-glibc-2.28-r0: task do_debian_unpack_extra: Started
NOTE: recipe nativesdk-perl-5.28.1-r1: task do_unpack: Started
NOTE: recipe nativesdk-glibc-2.28-r0: task do_debian_unpack_extra: Succeeded
NOTE: Running task 468 of 527 (virtual:nativesdk:/home/deby/poky/meta-debian/recipes-debian/glibc/glibc_debian.bb:do_debian_patch)
NOTE: recipe nativesdk-glibc-2.28-r0: task do_debian_patch: Started
ERROR: nativesdk-glibc-2.28-r0 do_debian_patch: unknown quilt patches already applied
ERROR: nativesdk-glibc-2.28-r0 do_debian_patch: Function failed: do_debian_patch (log file is located at /home/deby/build/tmp/work/x86_64-nativesdk-debysdk-linux/nativesdk-glibc/2.28-r0/temp/log.do_debian_patch.16622)
ERROR: Logfile of failure stored in: /home/deby/build/tmp/work/x86_64-nativesdk-debysdk-linux/nativesdk-glibc/2.28-r0/temp/log.do_debian_patch.16622
NOTE: recipe nativesdk-glibc-2.28-r0: task do_debian_patch: Failed
ERROR: Task (virtual:nativesdk:/home/deby/poky/meta-debian/recipes-debian/glibc/glibc_debian.bb:do_debian_patch) failed with exit code '1'
NOTE: recipe nativesdk-perl-5.28.1-r1: task do_unpack: Succeeded
NOTE: recipe gcc-source-8.3.0-8.3.0-r0: task do_unpack: Succeeded
NOTE: Tasks Summary: Attempted 468 tasks of which 462 didn't need to be rerun and 1 failed.

Summary: 1 task failed:
  virtual:nativesdk:/home/deby/poky/meta-debian/recipes-debian/glibc/glibc_debian.bb:do_debian_patch
Summary: There were 2 WARNING messages shown.
Summary: There were 2 ERROR messages shown, returning a non-zero exit code.
