WARNING: Host distribution "debian-10" has not been validated with this version of the build system; you may possibly experience unexpected failures. It is recommended that you use a tested distribution.
Loading cache...done.
Loaded 1674 entries from dependency cache.
WARNING: No bb files matched BBFILE_PATTERN_dti '^/home/deby/poky/meta-debian/tests/../../meta-debian/bsp/meta-ti/'
NOTE: Resolving any missing task queue dependencies

Build Configuration:
BB_VERSION           = "1.42.0"
BUILD_SYS            = "x86_64-linux"
NATIVELSBSTRING      = "universal"
TARGET_SYS           = "arm-deby-linux-gnueabi"
MACHINE              = "beaglebone"
DISTRO               = "deby-tiny"
DISTRO_VERSION       = "10.0"
TUNE_FEATURES        = "arm armv7a vfp thumb neon callconvention-hard"
TARGET_FPU           = "hard"
meta                 
meta-poky            = "warrior:51223035e66c5b27799b15a0f8ebe75d24d3971b"
meta-debian          = "warrior-trungdt:47b755ebe41c5afc0ea94d75b55c4f0efd8983fe"
meta-ti              = "master:54f3d19b60411fd5db5d8df42974eb4038037a00"
meta-ti              = "warrior-trungdt:47b755ebe41c5afc0ea94d75b55c4f0efd8983fe"

Initialising tasks...done.
Sstate summary: Wanted 28 Found 2 Missed 26 Current 57 (7% match, 69% complete)
NOTE: Executing SetScene Tasks
NOTE: Running setscene task 63 of 85 (virtual:nativesdk:/home/deby/poky/meta-debian/recipes-debian/mpfr/mpfr_debian.bb:do_populate_lic_setscene)
NOTE: recipe nativesdk-mpfr-4.0.2-r0: task do_populate_lic_setscene: Started
NOTE: recipe nativesdk-mpfr-4.0.2-r0: task do_populate_lic_setscene: Succeeded
NOTE: Executing RunQueue Tasks
NOTE: Running task 258 of 551 (virtual:nativesdk:/home/deby/poky/meta-debian/recipes-debian/glibc/glibc_debian.bb:do_debian_patch)
NOTE: Running task 259 of 551 (virtual:nativesdk:/home/deby/poky/meta-debian/recipes-debian/glibc/glibc_debian.bb:do_prepare_recipe_sysroot)
NOTE: Running task 474 of 551 (virtual:nativesdk:/home/deby/poky/meta-debian/recipes-debian/gmp/gmp_debian.bb:do_debian_unpack_extra)
NOTE: Running task 483 of 551 (virtual:nativesdk:/home/deby/poky/meta-debian/recipes-debian/mpfr/mpfr_debian.bb:do_debian_unpack_extra)
NOTE: recipe nativesdk-glibc-2.28-r0: task do_prepare_recipe_sysroot: Started
NOTE: recipe nativesdk-glibc-2.28-r0: task do_debian_patch: Started
NOTE: recipe nativesdk-mpfr-4.0.2-r0: task do_debian_unpack_extra: Started
NOTE: recipe nativesdk-gmp-6.1.2-r0: task do_debian_unpack_extra: Started
NOTE: recipe nativesdk-mpfr-4.0.2-r0: task do_debian_unpack_extra: Succeeded
NOTE: Running task 493 of 551 (virtual:nativesdk:/home/deby/poky/meta-debian/recipes-debian/mpfr/mpfr_debian.bb:do_debian_patch)
NOTE: recipe nativesdk-gmp-6.1.2-r0: task do_debian_unpack_extra: Succeeded
NOTE: Running task 494 of 551 (virtual:nativesdk:/home/deby/poky/meta-debian/recipes-debian/gmp/gmp_debian.bb:do_debian_patch)
NOTE: recipe nativesdk-mpfr-4.0.2-r0: task do_debian_patch: Started
NOTE: recipe nativesdk-gmp-6.1.2-r0: task do_debian_patch: Started
ERROR: nativesdk-gmp-6.1.2-r0 do_debian_patch: unknown quilt patches already applied
ERROR: nativesdk-gmp-6.1.2-r0 do_debian_patch: Function failed: do_debian_patch (log file is located at /home/deby/build/tmp/work/x86_64-nativesdk-debysdk-linux/nativesdk-gmp/6.1.2-r0/temp/log.do_debian_patch.22049)
ERROR: Logfile of failure stored in: /home/deby/build/tmp/work/x86_64-nativesdk-debysdk-linux/nativesdk-gmp/6.1.2-r0/temp/log.do_debian_patch.22049
NOTE: recipe nativesdk-gmp-6.1.2-r0: task do_debian_patch: Failed
ERROR: Task (virtual:nativesdk:/home/deby/poky/meta-debian/recipes-debian/gmp/gmp_debian.bb:do_debian_patch) failed with exit code '1'
NOTE: recipe nativesdk-mpfr-4.0.2-r0: task do_debian_patch: Succeeded
NOTE: recipe nativesdk-glibc-2.28-r0: task do_prepare_recipe_sysroot: Succeeded
ERROR: nativesdk-glibc-2.28-r0 do_debian_patch: unknown quilt patches already applied
ERROR: nativesdk-glibc-2.28-r0 do_debian_patch: Function failed: do_debian_patch (log file is located at /home/deby/build/tmp/work/x86_64-nativesdk-debysdk-linux/nativesdk-glibc/2.28-r0/temp/log.do_debian_patch.22042)
ERROR: Logfile of failure stored in: /home/deby/build/tmp/work/x86_64-nativesdk-debysdk-linux/nativesdk-glibc/2.28-r0/temp/log.do_debian_patch.22042
NOTE: recipe nativesdk-glibc-2.28-r0: task do_debian_patch: Failed
ERROR: Task (virtual:nativesdk:/home/deby/poky/meta-debian/recipes-debian/glibc/glibc_debian.bb:do_debian_patch) failed with exit code '1'
NOTE: Tasks Summary: Attempted 494 tasks of which 488 didn't need to be rerun and 2 failed.

Summary: 2 tasks failed:
  virtual:nativesdk:/home/deby/poky/meta-debian/recipes-debian/gmp/gmp_debian.bb:do_debian_patch
  virtual:nativesdk:/home/deby/poky/meta-debian/recipes-debian/glibc/glibc_debian.bb:do_debian_patch
Summary: There were 2 WARNING messages shown.
Summary: There were 4 ERROR messages shown, returning a non-zero exit code.
