Loading cache...done.
Loaded 1983 entries from dependency cache.
WARNING: No bb files matched BBFILE_PATTERN_dti '^/home/deby/poky/meta-debian/tests/../../meta-debian/bsp/meta-ti/'
NOTE: Resolving any missing task queue dependencies

Build Configuration:
BB_VERSION           = "1.42.0"
BUILD_SYS            = "x86_64-linux"
NATIVELSBSTRING      = "universal"
TARGET_SYS           = "arm-deby-linux-gnueabi"
MACHINE              = "beaglebone"
DISTRO               = "deby-tiny"
DISTRO_VERSION       = "10.0"
TUNE_FEATURES        = "arm armv7a vfp thumb neon callconvention-hard"
TARGET_FPU           = "hard"
meta                 
meta-poky            = "warrior:79a850a10a4b88a6d20d607b322542f947874323"
meta-debian          = "warrior:065aa7dcd28d697d2d493e1f188deb4f78253725"
meta-ti              = "master:d793618c727d5a334241699d4421dbfc539be86c"
meta-ti              = "warrior:065aa7dcd28d697d2d493e1f188deb4f78253725"

Initialising tasks...done.
Sstate summary: Wanted 6 Found 1 Missed 5 Current 198 (16% match, 97% complete)
NOTE: Executing SetScene Tasks
NOTE: Executing RunQueue Tasks
NOTE: Running task 954 of 1074 (/home/deby/poky/meta-debian/recipes-debian/ntpsec/ntpsec_debian.bb:do_compile)
NOTE: recipe ntpsec-1.1.3-r0: task do_compile: Started
ERROR: ntpsec-1.1.3-r0 do_compile: Function failed: do_compile (log file is located at /home/deby/build-tiny/tmp/work/armv7at2hf-neon-deby-linux-gnueabi/ntpsec/1.1.3-r0/temp/log.do_compile.6158)
ERROR: Logfile of failure stored in: /home/deby/build-tiny/tmp/work/armv7at2hf-neon-deby-linux-gnueabi/ntpsec/1.1.3-r0/temp/log.do_compile.6158
Log data follows:
| DEBUG: Executing shell function do_compile
| --- building host ---
| Waf: Entering directory `/home/deby/build-tiny/tmp/work/armv7at2hf-neon-deby-linux-gnueabi/ntpsec/1.1.3-r0/ntpsec-1.1.3+dfsg1/build/host'
| [5/5] Compiling build/host/ntpd/ntp_parser.tab.h
| /bin/sh: 1: /home/deby/build-tiny/tmp/work/armv7at2hf-neon-deby-linux-gnueabi/ntpsec/1.1.3-r0/ntpsec-1.1.3+dfsg1/build/host/ntpd/keyword-gen: Exec format error
| 
| Waf: Leaving directory `/home/deby/build-tiny/tmp/work/armv7at2hf-neon-deby-linux-gnueabi/ntpsec/1.1.3-r0/ntpsec-1.1.3+dfsg1/build/host'
| Build failed
|  -> task in 'ntp_keyword.h' failed with exit status 2 (run with -v to display more information)
| WARNING: exit code 1 from a shell command.
| ERROR: Function failed: do_compile (log file is located at /home/deby/build-tiny/tmp/work/armv7at2hf-neon-deby-linux-gnueabi/ntpsec/1.1.3-r0/temp/log.do_compile.6158)
NOTE: recipe ntpsec-1.1.3-r0: task do_compile: Failed
ERROR: Task (/home/deby/poky/meta-debian/recipes-debian/ntpsec/ntpsec_debian.bb:do_compile) failed with exit code '1'
NOTE: Tasks Summary: Attempted 1067 tasks of which 1066 didn't need to be rerun and 1 failed.

Summary: 1 task failed:
  /home/deby/poky/meta-debian/recipes-debian/ntpsec/ntpsec_debian.bb:do_compile
Summary: There was 1 WARNING message shown.
Summary: There was 1 ERROR message shown, returning a non-zero exit code.
