Loading cache...done.
Loaded 2075 entries from dependency cache.
Parsing recipes...done.
Parsing of 1273 .bb files complete (1271 cached, 2 parsed). 2078 targets, 349 skipped, 0 masked, 0 errors.
WARNING: No bb files matched BBFILE_PATTERN_dti '^/home/deby/poky/meta-debian/tests/../../meta-debian/bsp/meta-ti/'
NOTE: Resolving any missing task queue dependencies

Build Configuration:
BB_VERSION           = "1.42.0"
BUILD_SYS            = "x86_64-linux"
NATIVELSBSTRING      = "universal"
TARGET_SYS           = "arm-deby-linux-gnueabi"
MACHINE              = "beaglebone"
DISTRO               = "deby-tiny"
DISTRO_VERSION       = "10.0"
TUNE_FEATURES        = "arm armv7a vfp thumb neon callconvention-hard"
TARGET_FPU           = "hard"
meta                 
meta-poky            = "warrior:79a850a10a4b88a6d20d607b322542f947874323"
meta-debian          = "warrior:fda6a80e4cae9aa03f502551f35fe41beb7bb944"
meta-ti              = "master:d793618c727d5a334241699d4421dbfc539be86c"
meta-ti              = "warrior:fda6a80e4cae9aa03f502551f35fe41beb7bb944"

Initialising tasks...done.
Sstate summary: Wanted 18 Found 0 Missed 18 Current 238 (0% match, 92% complete)
NOTE: Executing SetScene Tasks
NOTE: Executing RunQueue Tasks
NOTE: Running task 713 of 1288 (/home/deby/poky/meta-debian/recipes-debian/kmod/kmod_debian.bb:do_fetch)
NOTE: Running task 832 of 1288 (/home/deby/poky/meta-debian/recipes-debian/pcsc-lite/pcsc-lite_debian.bb:do_fetch)
NOTE: Running task 856 of 1288 (/home/deby/poky/meta/recipes-core/udev/eudev_3.2.7.bb:do_fetch)
NOTE: Running task 935 of 1288 (/home/deby/poky/meta-debian/recipes-debian/pam-pkcs11/pam-pkcs11_debian.bb:do_fetch)
NOTE: recipe eudev-3.2.7-r0.3: task do_fetch: Started
NOTE: recipe pam-pkcs11-0.6.9-r0: task do_fetch: Started
NOTE: recipe eudev-3.2.7-r0.3: task do_fetch: Succeeded
NOTE: Running task 1240 of 1288 (/home/deby/poky/meta/recipes-core/udev/eudev_3.2.7.bb:do_unpack)
NOTE: recipe pcsc-lite-1.8.24-r0: task do_fetch: Started
NOTE: recipe kmod-26-r0: task do_fetch: Started
NOTE: recipe pam-pkcs11-0.6.9-r0: task do_fetch: Succeeded
NOTE: Running task 1241 of 1288 (/home/deby/poky/meta-debian/recipes-debian/pam-pkcs11/pam-pkcs11_debian.bb:do_unpack)
NOTE: recipe kmod-26-r0: task do_fetch: Succeeded
NOTE: recipe pcsc-lite-1.8.24-r0: task do_fetch: Succeeded
NOTE: Running task 1242 of 1288 (/home/deby/poky/meta-debian/recipes-debian/kmod/kmod_debian.bb:do_unpack)
NOTE: Running task 1243 of 1288 (/home/deby/poky/meta-debian/recipes-debian/pcsc-lite/pcsc-lite_debian.bb:do_unpack)
NOTE: Running task 1244 of 1288 (/home/deby/poky/meta-debian/recipes-debian/kmod/kmod_debian.bb:do_prepare_recipe_sysroot)
NOTE: recipe eudev-3.2.7-r0.3: task do_unpack: Started
NOTE: recipe pam-pkcs11-0.6.9-r0: task do_unpack: Started
NOTE: recipe pcsc-lite-1.8.24-r0: task do_unpack: Started
NOTE: recipe kmod-26-r0: task do_unpack: Started
NOTE: recipe kmod-26-r0: task do_prepare_recipe_sysroot: Started
NOTE: recipe pam-pkcs11-0.6.9-r0: task do_unpack: Succeeded
NOTE: Running task 1245 of 1288 (/home/deby/poky/meta-debian/recipes-debian/pam-pkcs11/pam-pkcs11_debian.bb:do_debian_unpack_extra)
NOTE: recipe pcsc-lite-1.8.24-r0: task do_unpack: Succeeded
NOTE: recipe pam-pkcs11-0.6.9-r0: task do_debian_unpack_extra: Started
NOTE: Running task 1246 of 1288 (/home/deby/poky/meta-debian/recipes-debian/pcsc-lite/pcsc-lite_debian.bb:do_debian_unpack_extra)
NOTE: recipe eudev-3.2.7-r0.3: task do_unpack: Succeeded
NOTE: Running task 1247 of 1288 (/home/deby/poky/meta/recipes-core/udev/eudev_3.2.7.bb:do_patch)
NOTE: recipe pam-pkcs11-0.6.9-r0: task do_debian_unpack_extra: Succeeded
NOTE: recipe kmod-26-r0: task do_unpack: Succeeded
NOTE: Running task 1248 of 1288 (/home/deby/poky/meta-debian/recipes-debian/pam-pkcs11/pam-pkcs11_debian.bb:do_debian_patch)
NOTE: Running task 1249 of 1288 (/home/deby/poky/meta-debian/recipes-debian/kmod/kmod_debian.bb:do_debian_unpack_extra)
NOTE: recipe pcsc-lite-1.8.24-r0: task do_debian_unpack_extra: Started
NOTE: recipe eudev-3.2.7-r0.3: task do_patch: Started
NOTE: recipe pam-pkcs11-0.6.9-r0: task do_debian_patch: Started
NOTE: recipe pcsc-lite-1.8.24-r0: task do_debian_unpack_extra: Succeeded
NOTE: Running task 1250 of 1288 (/home/deby/poky/meta-debian/recipes-debian/pcsc-lite/pcsc-lite_debian.bb:do_debian_patch)
NOTE: recipe kmod-26-r0: task do_debian_unpack_extra: Started
NOTE: recipe pam-pkcs11-0.6.9-r0: task do_debian_patch: Succeeded
NOTE: Running task 1251 of 1288 (/home/deby/poky/meta-debian/recipes-debian/pam-pkcs11/pam-pkcs11_debian.bb:do_patch)
NOTE: recipe kmod-26-r0: task do_debian_unpack_extra: Succeeded
NOTE: Running task 1252 of 1288 (/home/deby/poky/meta-debian/recipes-debian/kmod/kmod_debian.bb:do_debian_patch)
NOTE: recipe pcsc-lite-1.8.24-r0: task do_debian_patch: Started
NOTE: recipe pam-pkcs11-0.6.9-r0: task do_patch: Started
NOTE: recipe pcsc-lite-1.8.24-r0: task do_debian_patch: Succeeded
NOTE: recipe eudev-3.2.7-r0.3: task do_patch: Succeeded
NOTE: recipe pam-pkcs11-0.6.9-r0: task do_patch: Succeeded
NOTE: Running task 1253 of 1288 (/home/deby/poky/meta-debian/recipes-debian/pcsc-lite/pcsc-lite_debian.bb:do_patch)
NOTE: Running task 1254 of 1288 (/home/deby/poky/meta-debian/recipes-debian/pam-pkcs11/pam-pkcs11_debian.bb:do_populate_lic)
NOTE: recipe kmod-26-r0: task do_debian_patch: Started
NOTE: recipe pcsc-lite-1.8.24-r0: task do_patch: Started
NOTE: recipe pam-pkcs11-0.6.9-r0: task do_populate_lic: Started
NOTE: recipe pcsc-lite-1.8.24-r0: task do_patch: Succeeded
NOTE: recipe pam-pkcs11-0.6.9-r0: task do_populate_lic: Succeeded
NOTE: recipe kmod-26-r0: task do_prepare_recipe_sysroot: Succeeded
NOTE: recipe kmod-26-r0: task do_debian_patch: Succeeded
NOTE: Running task 1255 of 1288 (/home/deby/poky/meta-debian/recipes-debian/kmod/kmod_debian.bb:do_patch)
NOTE: recipe kmod-26-r0: task do_patch: Started
NOTE: recipe kmod-26-r0: task do_patch: Succeeded
NOTE: Running task 1256 of 1288 (/home/deby/poky/meta-debian/recipes-debian/kmod/kmod_debian.bb:do_configure)
NOTE: recipe kmod-26-r0: task do_configure: Started
NOTE: recipe kmod-26-r0: task do_configure: Succeeded
NOTE: Running task 1257 of 1288 (/home/deby/poky/meta-debian/recipes-debian/kmod/kmod_debian.bb:do_compile)
NOTE: recipe kmod-26-r0: task do_compile: Started
NOTE: recipe kmod-26-r0: task do_compile: Succeeded
NOTE: Running task 1258 of 1288 (/home/deby/poky/meta-debian/recipes-debian/kmod/kmod_debian.bb:do_install)
NOTE: recipe kmod-26-r0: task do_install: Started
NOTE: recipe kmod-26-r0: task do_install: Succeeded
NOTE: Running task 1259 of 1288 (/home/deby/poky/meta-debian/recipes-debian/kmod/kmod_debian.bb:do_populate_sysroot)
NOTE: Running task 1260 of 1288 (/home/deby/poky/meta-debian/recipes-debian/kmod/kmod_debian.bb:do_package)
NOTE: recipe kmod-26-r0: task do_populate_sysroot: Started
NOTE: recipe kmod-26-r0: task do_populate_sysroot: Succeeded
NOTE: Running task 1261 of 1288 (/home/deby/poky/meta/recipes-core/udev/eudev_3.2.7.bb:do_prepare_recipe_sysroot)
NOTE: recipe eudev-3.2.7-r0.3: task do_prepare_recipe_sysroot: Started
NOTE: recipe kmod-26-r0: task do_package: Started
NOTE: recipe eudev-3.2.7-r0.3: task do_prepare_recipe_sysroot: Succeeded
NOTE: Running task 1262 of 1288 (/home/deby/poky/meta/recipes-core/udev/eudev_3.2.7.bb:do_configure)
NOTE: recipe eudev-3.2.7-r0.3: task do_configure: Started
NOTE: recipe kmod-26-r0: task do_package: Succeeded
NOTE: Running task 1263 of 1288 (/home/deby/poky/meta-debian/recipes-debian/kmod/kmod_debian.bb:do_packagedata)
NOTE: recipe kmod-26-r0: task do_packagedata: Started
NOTE: recipe kmod-26-r0: task do_packagedata: Succeeded
NOTE: Running task 1264 of 1288 (/home/deby/poky/meta-debian/recipes-debian/kmod/kmod_debian.bb:do_package_write_deb)
NOTE: recipe kmod-26-r0: task do_package_write_deb: Started
NOTE: recipe kmod-26-r0: task do_package_write_deb: Succeeded
NOTE: recipe eudev-3.2.7-r0.3: task do_configure: Succeeded
NOTE: Running task 1265 of 1288 (/home/deby/poky/meta/recipes-core/udev/eudev_3.2.7.bb:do_compile)
NOTE: recipe eudev-3.2.7-r0.3: task do_compile: Started
NOTE: recipe eudev-3.2.7-r0.3: task do_compile: Succeeded
NOTE: Running task 1266 of 1288 (/home/deby/poky/meta/recipes-core/udev/eudev_3.2.7.bb:do_install)
NOTE: recipe eudev-3.2.7-r0.3: task do_install: Started
NOTE: recipe eudev-3.2.7-r0.3: task do_install: Succeeded
NOTE: Running task 1267 of 1288 (/home/deby/poky/meta/recipes-core/udev/eudev_3.2.7.bb:do_populate_sysroot)
NOTE: Running task 1268 of 1288 (/home/deby/poky/meta/recipes-core/udev/eudev_3.2.7.bb:do_package)
NOTE: recipe eudev-3.2.7-r0.3: task do_populate_sysroot: Started
NOTE: recipe eudev-3.2.7-r0.3: task do_package: Started
NOTE: recipe eudev-3.2.7-r0.3: task do_populate_sysroot: Succeeded
NOTE: Running task 1269 of 1288 (/home/deby/poky/meta-debian/recipes-debian/pcsc-lite/pcsc-lite_debian.bb:do_prepare_recipe_sysroot)
NOTE: recipe pcsc-lite-1.8.24-r0: task do_prepare_recipe_sysroot: Started
NOTE: recipe pcsc-lite-1.8.24-r0: task do_prepare_recipe_sysroot: Succeeded
NOTE: Running task 1270 of 1288 (/home/deby/poky/meta-debian/recipes-debian/pcsc-lite/pcsc-lite_debian.bb:do_configure)
NOTE: recipe pcsc-lite-1.8.24-r0: task do_configure: Started
NOTE: recipe eudev-3.2.7-r0.3: task do_package: Succeeded
NOTE: Running task 1271 of 1288 (/home/deby/poky/meta/recipes-core/udev/eudev_3.2.7.bb:do_packagedata)
NOTE: recipe eudev-3.2.7-r0.3: task do_packagedata: Started
NOTE: recipe eudev-3.2.7-r0.3: task do_packagedata: Succeeded
NOTE: Running task 1272 of 1288 (/home/deby/poky/meta/recipes-core/udev/eudev_3.2.7.bb:do_package_write_deb)
NOTE: recipe eudev-3.2.7-r0.3: task do_package_write_deb: Started
NOTE: recipe eudev-3.2.7-r0.3: task do_package_write_deb: Succeeded
NOTE: recipe pcsc-lite-1.8.24-r0: task do_configure: Succeeded
NOTE: Running task 1273 of 1288 (/home/deby/poky/meta-debian/recipes-debian/pcsc-lite/pcsc-lite_debian.bb:do_compile)
NOTE: recipe pcsc-lite-1.8.24-r0: task do_compile: Started
NOTE: recipe pcsc-lite-1.8.24-r0: task do_compile: Succeeded
NOTE: Running task 1274 of 1288 (/home/deby/poky/meta-debian/recipes-debian/pcsc-lite/pcsc-lite_debian.bb:do_install)
NOTE: recipe pcsc-lite-1.8.24-r0: task do_install: Started
NOTE: recipe pcsc-lite-1.8.24-r0: task do_install: Succeeded
NOTE: Running task 1275 of 1288 (/home/deby/poky/meta-debian/recipes-debian/pcsc-lite/pcsc-lite_debian.bb:do_package)
NOTE: Running task 1276 of 1288 (/home/deby/poky/meta-debian/recipes-debian/pcsc-lite/pcsc-lite_debian.bb:do_populate_sysroot)
NOTE: recipe pcsc-lite-1.8.24-r0: task do_package: Started
NOTE: recipe pcsc-lite-1.8.24-r0: task do_populate_sysroot: Started
NOTE: recipe pcsc-lite-1.8.24-r0: task do_populate_sysroot: Succeeded
NOTE: Running task 1277 of 1288 (/home/deby/poky/meta-debian/recipes-debian/pam-pkcs11/pam-pkcs11_debian.bb:do_prepare_recipe_sysroot)
NOTE: recipe pam-pkcs11-0.6.9-r0: task do_prepare_recipe_sysroot: Started
NOTE: recipe pam-pkcs11-0.6.9-r0: task do_prepare_recipe_sysroot: Succeeded
NOTE: Running task 1278 of 1288 (/home/deby/poky/meta-debian/recipes-debian/pam-pkcs11/pam-pkcs11_debian.bb:do_configure)
NOTE: recipe pam-pkcs11-0.6.9-r0: task do_configure: Started
NOTE: recipe pcsc-lite-1.8.24-r0: task do_package: Succeeded
NOTE: Running task 1279 of 1288 (/home/deby/poky/meta-debian/recipes-debian/pcsc-lite/pcsc-lite_debian.bb:do_packagedata)
NOTE: recipe pcsc-lite-1.8.24-r0: task do_packagedata: Started
NOTE: recipe pcsc-lite-1.8.24-r0: task do_packagedata: Succeeded
NOTE: Running task 1280 of 1288 (/home/deby/poky/meta-debian/recipes-debian/pcsc-lite/pcsc-lite_debian.bb:do_package_write_deb)
NOTE: recipe pcsc-lite-1.8.24-r0: task do_package_write_deb: Started
NOTE: recipe pcsc-lite-1.8.24-r0: task do_package_write_deb: Succeeded
NOTE: recipe pam-pkcs11-0.6.9-r0: task do_configure: Succeeded
NOTE: Running task 1281 of 1288 (/home/deby/poky/meta-debian/recipes-debian/pam-pkcs11/pam-pkcs11_debian.bb:do_compile)
NOTE: recipe pam-pkcs11-0.6.9-r0: task do_compile: Started
NOTE: recipe pam-pkcs11-0.6.9-r0: task do_compile: Succeeded
NOTE: Running task 1282 of 1288 (/home/deby/poky/meta-debian/recipes-debian/pam-pkcs11/pam-pkcs11_debian.bb:do_install)
NOTE: recipe pam-pkcs11-0.6.9-r0: task do_install: Started
NOTE: recipe pam-pkcs11-0.6.9-r0: task do_install: Succeeded
NOTE: Running task 1283 of 1288 (/home/deby/poky/meta-debian/recipes-debian/pam-pkcs11/pam-pkcs11_debian.bb:do_package)
NOTE: Running task 1284 of 1288 (/home/deby/poky/meta-debian/recipes-debian/pam-pkcs11/pam-pkcs11_debian.bb:do_populate_sysroot)
NOTE: recipe pam-pkcs11-0.6.9-r0: task do_package: Started
NOTE: recipe pam-pkcs11-0.6.9-r0: task do_populate_sysroot: Started
NOTE: recipe pam-pkcs11-0.6.9-r0: task do_populate_sysroot: Succeeded
NOTE: recipe pam-pkcs11-0.6.9-r0: task do_package: Succeeded
NOTE: Running task 1285 of 1288 (/home/deby/poky/meta-debian/recipes-debian/pam-pkcs11/pam-pkcs11_debian.bb:do_packagedata)
NOTE: recipe pam-pkcs11-0.6.9-r0: task do_packagedata: Started
NOTE: recipe pam-pkcs11-0.6.9-r0: task do_packagedata: Succeeded
NOTE: Running task 1286 of 1288 (/home/deby/poky/meta-debian/recipes-debian/pam-pkcs11/pam-pkcs11_debian.bb:do_package_write_deb)
NOTE: Running task 1287 of 1288 (/home/deby/poky/meta-debian/recipes-debian/pam-pkcs11/pam-pkcs11_debian.bb:do_package_qa)
NOTE: recipe pam-pkcs11-0.6.9-r0: task do_package_write_deb: Started
NOTE: recipe pam-pkcs11-0.6.9-r0: task do_package_qa: Started
NOTE: recipe pam-pkcs11-0.6.9-r0: task do_package_qa: Succeeded
NOTE: recipe pam-pkcs11-0.6.9-r0: task do_package_write_deb: Succeeded
NOTE: Running noexec task 1288 of 1288 (/home/deby/poky/meta-debian/recipes-debian/pam-pkcs11/pam-pkcs11_debian.bb:do_build)
NOTE: Tasks Summary: Attempted 1288 tasks of which 1235 didn't need to be rerun and all succeeded.

Summary: There was 1 WARNING message shown.
