WARNING: Host distribution "debian-10" has not been validated with this version of the build system; you may possibly experience unexpected failures. It is recommended that you use a tested distribution.
Loading cache...done.
Loaded 1674 entries from dependency cache.
WARNING: No bb files matched BBFILE_PATTERN_dti '^/home/deby/poky/meta-debian/tests/../../meta-debian/bsp/meta-ti/'
NOTE: Resolving any missing task queue dependencies

Build Configuration:
BB_VERSION           = "1.42.0"
BUILD_SYS            = "x86_64-linux"
NATIVELSBSTRING      = "universal"
TARGET_SYS           = "arm-deby-linux-gnueabi"
MACHINE              = "beaglebone"
DISTRO               = "deby-tiny"
DISTRO_VERSION       = "10.0"
TUNE_FEATURES        = "arm armv7a vfp thumb neon callconvention-hard"
TARGET_FPU           = "hard"
meta                 
meta-poky            = "warrior:51223035e66c5b27799b15a0f8ebe75d24d3971b"
meta-debian          = "warrior-trungdt:47b755ebe41c5afc0ea94d75b55c4f0efd8983fe"
meta-ti              = "master:54f3d19b60411fd5db5d8df42974eb4038037a00"
meta-ti              = "warrior-trungdt:47b755ebe41c5afc0ea94d75b55c4f0efd8983fe"

Initialising tasks...done.
Sstate summary: Wanted 6 Found 6 Missed 0 Current 25 (100% match, 100% complete)
NOTE: Executing SetScene Tasks
NOTE: Running setscene task 26 of 31 (virtual:native:/home/deby/poky/meta-debian/recipes-debian/pax-utils/pax-utils_debian.bb:do_populate_sysroot_setscene)
NOTE: recipe pax-utils-native-1.2.4-r0: task do_populate_sysroot_setscene: Started
NOTE: recipe pax-utils-native-1.2.4-r0: task do_populate_sysroot_setscene: Succeeded
NOTE: Running setscene task 27 of 31 (virtual:native:/home/deby/poky/meta/recipes-devtools/xmlto/xmlto_0.0.28.bb:do_populate_sysroot_setscene)
NOTE: recipe xmlto-native-0.0.28-r0: task do_populate_sysroot_setscene: Started
NOTE: recipe xmlto-native-0.0.28-r0: task do_populate_sysroot_setscene: Succeeded
NOTE: Running setscene task 28 of 31 (virtual:native:/home/deby/poky/meta/recipes-devtools/docbook-xml/docbook-xsl-stylesheets_1.79.1.bb:do_populate_sysroot_setscene)
NOTE: Running setscene task 29 of 31 (virtual:native:/home/deby/poky/meta/recipes-devtools/docbook-xml/docbook-xml-dtd4_4.5.bb:do_populate_sysroot_setscene)
NOTE: Running setscene task 30 of 31 (virtual:native:/home/deby/poky/meta/recipes-support/libxslt/libxslt_1.1.33.bb:do_populate_sysroot_setscene)
NOTE: recipe docbook-xsl-stylesheets-native-1.79.1-r0: task do_populate_sysroot_setscene: Started
NOTE: recipe docbook-xml-dtd4-native-4.5-r0: task do_populate_sysroot_setscene: Started
NOTE: recipe libxslt-native-1.1.33-r0: task do_populate_sysroot_setscene: Started
NOTE: recipe docbook-xml-dtd4-native-4.5-r0: task do_populate_sysroot_setscene: Succeeded
NOTE: recipe libxslt-native-1.1.33-r0: task do_populate_sysroot_setscene: Succeeded
NOTE: recipe docbook-xsl-stylesheets-native-1.79.1-r0: task do_populate_sysroot_setscene: Succeeded
NOTE: Running setscene task 31 of 31 (virtual:native:/home/deby/poky/meta-debian/recipes-debian/libxml/libxml2_debian.bb:do_populate_sysroot_setscene)
NOTE: recipe libxml2-native-2.9.4-r0: task do_populate_sysroot_setscene: Started
NOTE: recipe libxml2-native-2.9.4-r0: task do_populate_sysroot_setscene: Succeeded
NOTE: Executing RunQueue Tasks
NOTE: Running noexec task 262 of 262 (virtual:native:/home/deby/poky/meta-debian/recipes-debian/pax-utils/pax-utils_debian.bb:do_build)
NOTE: Tasks Summary: Attempted 262 tasks of which 261 didn't need to be rerun and all succeeded.

Summary: There were 2 WARNING messages shown.
