WARNING: Host distribution "debian-10" has not been validated with this version of the build system; you may possibly experience unexpected failures. It is recommended that you use a tested distribution.
Loading cache...done.
Loaded 1674 entries from dependency cache.
WARNING: No bb files matched BBFILE_PATTERN_dti '^/home/deby/poky/meta-debian/tests/../../meta-debian/bsp/meta-ti/'
NOTE: Resolving any missing task queue dependencies

Build Configuration:
BB_VERSION           = "1.42.0"
BUILD_SYS            = "x86_64-linux"
NATIVELSBSTRING      = "universal"
TARGET_SYS           = "arm-deby-linux-gnueabi"
MACHINE              = "beaglebone"
DISTRO               = "deby-tiny"
DISTRO_VERSION       = "10.0"
TUNE_FEATURES        = "arm armv7a vfp thumb neon callconvention-hard"
TARGET_FPU           = "hard"
meta                 
meta-poky            = "warrior:51223035e66c5b27799b15a0f8ebe75d24d3971b"
meta-debian          = "warrior-trungdt:47b755ebe41c5afc0ea94d75b55c4f0efd8983fe"
meta-ti              = "master:54f3d19b60411fd5db5d8df42974eb4038037a00"
meta-ti              = "warrior-trungdt:47b755ebe41c5afc0ea94d75b55c4f0efd8983fe"

Initialising tasks...done.
Sstate summary: Wanted 12 Found 12 Missed 0 Current 111 (100% match, 100% complete)
NOTE: Executing SetScene Tasks
NOTE: Running setscene task 112 of 123 (/home/deby/poky/meta-debian/recipes-debian/quilt/quilt_debian.bb:do_populate_sysroot_setscene)
NOTE: Running setscene task 113 of 123 (/home/deby/poky/meta-debian/recipes-debian/quilt/quilt_debian.bb:do_package_qa_setscene)
NOTE: Running setscene task 114 of 123 (/home/deby/poky/meta-debian/recipes-debian/quilt/quilt_debian.bb:do_package_write_deb_setscene)
NOTE: Running setscene task 116 of 123 (/home/deby/poky/meta/recipes-devtools/patch/patch_2.7.6.bb:do_package_write_deb_setscene)
NOTE: Running setscene task 117 of 123 (/home/deby/poky/meta/recipes-devtools/diffstat/diffstat_1.62.bb:do_package_write_deb_setscene)
NOTE: recipe patch-2.7.6-r0: task do_package_write_deb_setscene: Started
NOTE: recipe diffstat-1.62-r0: task do_package_write_deb_setscene: Started
NOTE: recipe quilt-0.65-r0: task do_package_write_deb_setscene: Started
NOTE: recipe quilt-0.65-r0: task do_populate_sysroot_setscene: Started
NOTE: recipe quilt-0.65-r0: task do_package_qa_setscene: Started
NOTE: recipe quilt-0.65-r0: task do_package_qa_setscene: Succeeded
NOTE: recipe quilt-0.65-r0: task do_package_write_deb_setscene: Succeeded
NOTE: recipe quilt-0.65-r0: task do_populate_sysroot_setscene: Succeeded
NOTE: Running setscene task 121 of 123 (/home/deby/poky/meta-debian/recipes-debian/quilt/quilt_debian.bb:do_packagedata_setscene)
NOTE: recipe diffstat-1.62-r0: task do_package_write_deb_setscene: Succeeded
NOTE: Running setscene task 122 of 123 (/home/deby/poky/meta/recipes-devtools/diffstat/diffstat_1.62.bb:do_packagedata_setscene)
NOTE: recipe patch-2.7.6-r0: task do_package_write_deb_setscene: Succeeded
NOTE: Running setscene task 123 of 123 (/home/deby/poky/meta/recipes-devtools/patch/patch_2.7.6.bb:do_packagedata_setscene)
NOTE: recipe quilt-0.65-r0: task do_packagedata_setscene: Started
NOTE: recipe patch-2.7.6-r0: task do_packagedata_setscene: Started
NOTE: recipe diffstat-1.62-r0: task do_packagedata_setscene: Started
NOTE: recipe quilt-0.65-r0: task do_packagedata_setscene: Succeeded
NOTE: recipe diffstat-1.62-r0: task do_packagedata_setscene: Succeeded
NOTE: recipe patch-2.7.6-r0: task do_packagedata_setscene: Succeeded
NOTE: Executing RunQueue Tasks
NOTE: Running noexec task 669 of 669 (/home/deby/poky/meta-debian/recipes-debian/quilt/quilt_debian.bb:do_build)
NOTE: Tasks Summary: Attempted 669 tasks of which 668 didn't need to be rerun and all succeeded.

Summary: There were 2 WARNING messages shown.
