Loading cache...done.
Loaded 1958 entries from dependency cache.
Parsing recipes...WARNING: /home/deby/poky/meta/recipes-devtools/gdb/gdb-cross_8.3.1.bb: Unable to get checksum for gdb-cross-arm SRC_URI entry 0001-gdbserver-ctrl-c-handling.patch: file could not be found
WARNING: /home/deby/poky/meta/recipes-devtools/gdb/gdb-cross-canadian_8.3.1.bb: Unable to get checksum for gdb-cross-canadian-arm SRC_URI entry 0001-gdbserver-ctrl-c-handling.patch: file could not be found
WARNING: /home/deby/poky/meta/recipes-devtools/gdb/gdb_8.3.1.bb: Unable to get checksum for gdb SRC_URI entry 0001-gdbserver-ctrl-c-handling.patch: file could not be found
done.
Parsing of 1222 .bb files complete (1206 cached, 16 parsed). 1983 targets, 350 skipped, 0 masked, 0 errors.
WARNING: No bb files matched BBFILE_PATTERN_dti '^/home/deby/poky/meta-debian/tests/../../meta-debian/bsp/meta-ti/'
NOTE: Resolving any missing task queue dependencies

Build Configuration:
BB_VERSION           = "1.42.0"
BUILD_SYS            = "x86_64-linux"
NATIVELSBSTRING      = "universal"
TARGET_SYS           = "arm-deby-linux-gnueabi"
MACHINE              = "beaglebone"
DISTRO               = "deby-tiny"
DISTRO_VERSION       = "10.0"
TUNE_FEATURES        = "arm armv7a vfp thumb neon callconvention-hard"
TARGET_FPU           = "hard"
meta                 
meta-poky            = "warrior:79a850a10a4b88a6d20d607b322542f947874323"
meta-debian          = "warrior:065aa7dcd28d697d2d493e1f188deb4f78253725"
meta-ti              = "master:d793618c727d5a334241699d4421dbfc539be86c"
meta-ti              = "warrior:065aa7dcd28d697d2d493e1f188deb4f78253725"

Initialising tasks...done.
Sstate summary: Wanted 2 Found 2 Missed 0 Current 149 (100% match, 100% complete)
NOTE: Executing SetScene Tasks
NOTE: Running setscene task 150 of 151 (/home/deby/poky/meta-debian/recipes-debian/gcc/gcc-cross_debian.bb:do_populate_sysroot_setscene)
NOTE: recipe gcc-cross-arm-8.3.0-r0: task do_populate_sysroot_setscene: Started
NOTE: recipe gcc-cross-arm-8.3.0-r0: task do_populate_sysroot_setscene: Succeeded
NOTE: Executing RunQueue Tasks
NOTE: Tasks Summary: Attempted 844 tasks of which 844 didn't need to be rerun and all succeeded.

Summary: There were 4 WARNING messages shown.
