WARNING: Host distribution "debian-10" has not been validated with this version of the build system; you may possibly experience unexpected failures. It is recommended that you use a tested distribution.
Loading cache...done.
Loaded 1674 entries from dependency cache.
WARNING: No bb files matched BBFILE_PATTERN_dti '^/home/deby/poky/meta-debian/tests/../../meta-debian/bsp/meta-ti/'
NOTE: Resolving any missing task queue dependencies

Build Configuration:
BB_VERSION           = "1.42.0"
BUILD_SYS            = "x86_64-linux"
NATIVELSBSTRING      = "universal"
TARGET_SYS           = "arm-deby-linux-gnueabi"
MACHINE              = "beaglebone"
DISTRO               = "deby-tiny"
DISTRO_VERSION       = "10.0"
TUNE_FEATURES        = "arm armv7a vfp thumb neon callconvention-hard"
TARGET_FPU           = "hard"
meta                 
meta-poky            = "warrior:51223035e66c5b27799b15a0f8ebe75d24d3971b"
meta-debian          = "warrior-trungdt:47b755ebe41c5afc0ea94d75b55c4f0efd8983fe"
meta-ti              = "master:54f3d19b60411fd5db5d8df42974eb4038037a00"
meta-ti              = "warrior-trungdt:47b755ebe41c5afc0ea94d75b55c4f0efd8983fe"

Initialising tasks...done.
Sstate summary: Wanted 20 Found 20 Missed 0 Current 111 (100% match, 100% complete)
NOTE: Executing SetScene Tasks
NOTE: Running setscene task 112 of 131 (/home/deby/poky/meta-debian/recipes-debian/u-boot/u-boot-fw-utils_debian.bb:do_populate_sysroot_setscene)
NOTE: Running setscene task 113 of 131 (/home/deby/poky/meta-debian/recipes-debian/u-boot/u-boot-fw-utils_debian.bb:do_package_qa_setscene)
NOTE: Running setscene task 114 of 131 (/home/deby/poky/meta-debian/recipes-debian/u-boot/u-boot-fw-utils_debian.bb:do_package_write_deb_setscene)
NOTE: Running setscene task 116 of 131 (/home/deby/poky/meta/recipes-devtools/mtd/mtd-utils_git.bb:do_package_write_deb_setscene)
NOTE: Running setscene task 118 of 131 (/home/deby/poky/meta/recipes-support/lzo/lzo_2.10.bb:do_package_write_deb_setscene)
NOTE: Running setscene task 119 of 131 (/home/deby/poky/meta/recipes-devtools/e2fsprogs/e2fsprogs_1.44.5.bb:do_package_write_deb_setscene)
NOTE: Running setscene task 121 of 131 (/home/deby/poky/meta/recipes-support/attr/attr_2.4.47.bb:do_package_write_deb_setscene)
NOTE: recipe u-boot-fw-utils-2019.01-r0: task do_package_write_deb_setscene: Started
NOTE: recipe u-boot-fw-utils-2019.01-r0: task do_populate_sysroot_setscene: Started
NOTE: recipe u-boot-fw-utils-2019.01-r0: task do_package_qa_setscene: Started
NOTE: recipe e2fsprogs-1.44.5-r0: task do_package_write_deb_setscene: Started
NOTE: recipe mtd-utils-2.0.2+AUTOINC+bc63d36e39-r0: task do_package_write_deb_setscene: Started
NOTE: recipe lzo-2.10-r0: task do_package_write_deb_setscene: Started
NOTE: recipe attr-2.4.47-r0: task do_package_write_deb_setscene: Started
NOTE: recipe e2fsprogs-1.44.5-r0: task do_package_write_deb_setscene: Succeeded
NOTE: Running setscene task 122 of 131 (/home/deby/poky/meta/recipes-devtools/e2fsprogs/e2fsprogs_1.44.5.bb:do_packagedata_setscene)
NOTE: recipe u-boot-fw-utils-2019.01-r0: task do_package_qa_setscene: Succeeded
NOTE: recipe e2fsprogs-1.44.5-r0: task do_packagedata_setscene: Started
NOTE: recipe lzo-2.10-r0: task do_package_write_deb_setscene: Succeeded
NOTE: Running setscene task 123 of 131 (/home/deby/poky/meta/recipes-support/lzo/lzo_2.10.bb:do_packagedata_setscene)
NOTE: recipe u-boot-fw-utils-2019.01-r0: task do_populate_sysroot_setscene: Succeeded
NOTE: Running setscene task 124 of 131 (/home/deby/poky/meta/recipes-devtools/mtd/mtd-utils_git.bb:do_populate_sysroot_setscene)
NOTE: recipe u-boot-fw-utils-2019.01-r0: task do_package_write_deb_setscene: Succeeded
NOTE: Running setscene task 125 of 131 (/home/deby/poky/meta-debian/recipes-debian/u-boot/u-boot-fw-utils_debian.bb:do_packagedata_setscene)
NOTE: recipe mtd-utils-2.0.2+AUTOINC+bc63d36e39-r0: task do_package_write_deb_setscene: Succeeded
NOTE: Running setscene task 126 of 131 (/home/deby/poky/meta/recipes-devtools/mtd/mtd-utils_git.bb:do_packagedata_setscene)
NOTE: recipe lzo-2.10-r0: task do_packagedata_setscene: Started
NOTE: recipe u-boot-fw-utils-2019.01-r0: task do_packagedata_setscene: Started
NOTE: recipe mtd-utils-2.0.2+AUTOINC+bc63d36e39-r0: task do_populate_sysroot_setscene: Started
NOTE: recipe attr-2.4.47-r0: task do_package_write_deb_setscene: Succeeded
NOTE: Running setscene task 127 of 131 (/home/deby/poky/meta/recipes-support/attr/attr_2.4.47.bb:do_packagedata_setscene)
NOTE: recipe mtd-utils-2.0.2+AUTOINC+bc63d36e39-r0: task do_packagedata_setscene: Started
NOTE: recipe attr-2.4.47-r0: task do_packagedata_setscene: Started
NOTE: recipe mtd-utils-2.0.2+AUTOINC+bc63d36e39-r0: task do_populate_sysroot_setscene: Succeeded
NOTE: Running setscene task 128 of 131 (/home/deby/poky/meta/recipes-support/lzo/lzo_2.10.bb:do_populate_sysroot_setscene)
NOTE: Running setscene task 129 of 131 (/home/deby/poky/meta/recipes-devtools/e2fsprogs/e2fsprogs_1.44.5.bb:do_populate_sysroot_setscene)
NOTE: recipe e2fsprogs-1.44.5-r0: task do_packagedata_setscene: Succeeded
NOTE: recipe lzo-2.10-r0: task do_populate_sysroot_setscene: Started
NOTE: recipe e2fsprogs-1.44.5-r0: task do_populate_sysroot_setscene: Started
NOTE: recipe lzo-2.10-r0: task do_packagedata_setscene: Succeeded
NOTE: recipe attr-2.4.47-r0: task do_packagedata_setscene: Succeeded
NOTE: recipe u-boot-fw-utils-2019.01-r0: task do_packagedata_setscene: Succeeded
NOTE: recipe mtd-utils-2.0.2+AUTOINC+bc63d36e39-r0: task do_packagedata_setscene: Succeeded
NOTE: recipe lzo-2.10-r0: task do_populate_sysroot_setscene: Succeeded
NOTE: recipe e2fsprogs-1.44.5-r0: task do_populate_sysroot_setscene: Succeeded
NOTE: Running setscene task 130 of 131 (/home/deby/poky/meta/recipes-support/attr/attr_2.4.47.bb:do_populate_sysroot_setscene)
NOTE: recipe attr-2.4.47-r0: task do_populate_sysroot_setscene: Started
NOTE: recipe attr-2.4.47-r0: task do_populate_sysroot_setscene: Succeeded
NOTE: Executing RunQueue Tasks
NOTE: Running noexec task 682 of 682 (/home/deby/poky/meta-debian/recipes-debian/u-boot/u-boot-fw-utils_debian.bb:do_build)
NOTE: Tasks Summary: Attempted 682 tasks of which 681 didn't need to be rerun and all succeeded.

Summary: There were 2 WARNING messages shown.
