WARNING: Host distribution "debian-10" has not been validated with this version of the build system; you may possibly experience unexpected failures. It is recommended that you use a tested distribution.
Loading cache...done.
Loaded 1674 entries from dependency cache.
WARNING: No bb files matched BBFILE_PATTERN_dti '^/home/deby/poky/meta-debian/tests/../../meta-debian/bsp/meta-ti/'
NOTE: Resolving any missing task queue dependencies

Build Configuration:
BB_VERSION           = "1.42.0"
BUILD_SYS            = "x86_64-linux"
NATIVELSBSTRING      = "universal"
TARGET_SYS           = "arm-deby-linux-gnueabi"
MACHINE              = "beaglebone"
DISTRO               = "deby-tiny"
DISTRO_VERSION       = "10.0"
TUNE_FEATURES        = "arm armv7a vfp thumb neon callconvention-hard"
TARGET_FPU           = "hard"
meta                 
meta-poky            = "warrior:51223035e66c5b27799b15a0f8ebe75d24d3971b"
meta-debian          = "warrior-trungdt:47b755ebe41c5afc0ea94d75b55c4f0efd8983fe"
meta-ti              = "master:54f3d19b60411fd5db5d8df42974eb4038037a00"
meta-ti              = "warrior-trungdt:47b755ebe41c5afc0ea94d75b55c4f0efd8983fe"

Initialising tasks...done.
Sstate summary: Wanted 5 Found 4 Missed 1 Current 122 (80% match, 99% complete)
NOTE: Executing SetScene Tasks
NOTE: Executing RunQueue Tasks
NOTE: Running task 648 of 678 (virtual:cross:/home/deby/poky/meta-debian/recipes-debian/u-boot/u-boot-fw-utils_debian.bb:do_debian_patch)
NOTE: Running task 652 of 678 (virtual:cross:/home/deby/poky/meta-debian/recipes-debian/u-boot/u-boot-fw-utils_debian.bb:do_prepare_recipe_sysroot)
NOTE: recipe u-boot-fw-utils-cross-2019.01-r0: task do_prepare_recipe_sysroot: Started
NOTE: recipe u-boot-fw-utils-cross-2019.01-r0: task do_debian_patch: Started
NOTE: recipe u-boot-fw-utils-cross-2019.01-r0: task do_prepare_recipe_sysroot: Succeeded
ERROR: u-boot-fw-utils-cross-2019.01-r0 do_debian_patch: unknown quilt patches already applied
ERROR: u-boot-fw-utils-cross-2019.01-r0 do_debian_patch: Function failed: do_debian_patch (log file is located at /home/deby/build/tmp/work/x86_64-linux/u-boot-fw-utils-cross/2019.01-r0/temp/log.do_debian_patch.27809)
ERROR: Logfile of failure stored in: /home/deby/build/tmp/work/x86_64-linux/u-boot-fw-utils-cross/2019.01-r0/temp/log.do_debian_patch.27809
NOTE: recipe u-boot-fw-utils-cross-2019.01-r0: task do_debian_patch: Failed
ERROR: Task (virtual:cross:/home/deby/poky/meta-debian/recipes-debian/u-boot/u-boot-fw-utils_debian.bb:do_debian_patch) failed with exit code '1'
NOTE: Tasks Summary: Attempted 671 tasks of which 669 didn't need to be rerun and 1 failed.

Summary: 1 task failed:
  virtual:cross:/home/deby/poky/meta-debian/recipes-debian/u-boot/u-boot-fw-utils_debian.bb:do_debian_patch
Summary: There were 2 WARNING messages shown.
Summary: There were 2 ERROR messages shown, returning a non-zero exit code.
