Loading cache...done.
Loaded 1981 entries from dependency cache.
Parsing recipes...done.
Parsing of 1222 .bb files complete (1220 cached, 2 parsed). 1983 targets, 350 skipped, 0 masked, 0 errors.
WARNING: No bb files matched BBFILE_PATTERN_dti '^/home/deby/poky/meta-debian/tests/../../meta-debian/bsp/meta-ti/'
NOTE: Resolving any missing task queue dependencies

Build Configuration:
BB_VERSION           = "1.42.0"
BUILD_SYS            = "x86_64-linux"
NATIVELSBSTRING      = "universal"
TARGET_SYS           = "arm-deby-linux-gnueabi"
MACHINE              = "beaglebone"
DISTRO               = "deby-tiny"
DISTRO_VERSION       = "10.0"
TUNE_FEATURES        = "arm armv7a vfp thumb neon callconvention-hard"
TARGET_FPU           = "hard"
meta                 
meta-poky            = "warrior:79a850a10a4b88a6d20d607b322542f947874323"
meta-debian          = "warrior:f7512bd96372e67fe4288cb5cb61cf52d282dd4e"
meta-ti              = "master:d793618c727d5a334241699d4421dbfc539be86c"
meta-ti              = "warrior:f7512bd96372e67fe4288cb5cb61cf52d282dd4e"

Initialising tasks...done.
Sstate summary: Wanted 1 Found 0 Missed 1 Current 139 (0% match, 99% complete)
NOTE: Executing SetScene Tasks
NOTE: Executing RunQueue Tasks
NOTE: Running task 797 of 799 (/home/deby/poky/meta-debian/recipes-debian/util-linux/util-linux_debian.bb:do_package_qa)
NOTE: recipe util-linux-2.33.1-r0: task do_package_qa: Started
NOTE: recipe util-linux-2.33.1-r0: task do_package_qa: Succeeded
NOTE: Running noexec task 799 of 799 (/home/deby/poky/meta-debian/recipes-debian/util-linux/util-linux_debian.bb:do_build)
NOTE: Tasks Summary: Attempted 799 tasks of which 797 didn't need to be rerun and all succeeded.

Summary: There was 1 WARNING message shown.
