Loading cache...done.
Loaded 1825 entries from dependency cache.
Parsing recipes...done.
Parsing of 1043 .bb files complete (1041 cached, 2 parsed). 1828 targets, 48 skipped, 0 masked, 0 errors.
NOTE: Resolving any missing task queue dependencies

Build Configuration:
BB_VERSION           = "1.42.0"
BUILD_SYS            = "x86_64-linux"
NATIVELSBSTRING      = "universal"
TARGET_SYS           = "i586-deby-linux"
MACHINE              = "qemux86"
DISTRO               = "deby"
DISTRO_VERSION       = "10.0"
TUNE_FEATURES        = "m32 i586"
TARGET_FPU           = ""
meta                 
meta-poky            = "warrior:79a850a10a4b88a6d20d607b322542f947874323"
meta-debian          = "warrior:2fa6d8525f0464064f8764856015185a0c4e5411"

Initialising tasks...done.
Sstate summary: Wanted 36 Found 19 Missed 17 Current 394 (52% match, 96% complete)
NOTE: Executing SetScene Tasks
NOTE: Running setscene task 426 of 430 (/home/deby/poky/meta-debian/recipes-debian/python/python3_debian.bb:do_populate_sysroot_setscene)
NOTE: recipe python3-3.7.3-r0: task do_populate_sysroot_setscene: Started
NOTE: recipe python3-3.7.3-r0: task do_populate_sysroot_setscene: Succeeded
NOTE: Running setscene task 430 of 430 (/home/deby/poky/meta-debian/recipes-debian/util-linux/util-linux_debian.bb:do_populate_sysroot_setscene)
NOTE: recipe util-linux-2.33.1-r0: task do_populate_sysroot_setscene: Started
NOTE: recipe util-linux-2.33.1-r0: task do_populate_sysroot_setscene: Succeeded
NOTE: Executing RunQueue Tasks
NOTE: Running task 1110 of 1994 (/home/deby/poky/meta-debian/recipes-debian/db/db_debian.bb:do_prepare_recipe_sysroot)
NOTE: Running task 1482 of 1994 (/home/deby/poky/meta-debian/recipes-debian/libcap-ng/libcap-ng_debian.bb:do_prepare_recipe_sysroot)
NOTE: recipe libcap-ng-0.7.9-r0: task do_prepare_recipe_sysroot: Started
NOTE: recipe db-5.3.28-r0: task do_prepare_recipe_sysroot: Started
NOTE: recipe db-5.3.28-r0: task do_prepare_recipe_sysroot: Succeeded
NOTE: Running task 1960 of 1994 (/home/deby/poky/meta-debian/recipes-debian/db/db_debian.bb:do_configure)
NOTE: recipe db-5.3.28-r0: task do_configure: Started
NOTE: recipe libcap-ng-0.7.9-r0: task do_prepare_recipe_sysroot: Succeeded
NOTE: Running task 1961 of 1994 (/home/deby/poky/meta-debian/recipes-debian/libcap-ng/libcap-ng_debian.bb:do_configure)
NOTE: recipe libcap-ng-0.7.9-r0: task do_configure: Started
NOTE: recipe libcap-ng-0.7.9-r0: task do_configure: Succeeded
NOTE: Running task 1962 of 1994 (/home/deby/poky/meta-debian/recipes-debian/libcap-ng/libcap-ng_debian.bb:do_compile)
NOTE: recipe libcap-ng-0.7.9-r0: task do_compile: Started
NOTE: recipe libcap-ng-0.7.9-r0: task do_compile: Succeeded
NOTE: Running task 1963 of 1994 (/home/deby/poky/meta-debian/recipes-debian/libcap-ng/libcap-ng_debian.bb:do_install)
NOTE: recipe libcap-ng-0.7.9-r0: task do_install: Started
NOTE: recipe libcap-ng-0.7.9-r0: task do_install: Succeeded
NOTE: Running task 1964 of 1994 (/home/deby/poky/meta-debian/recipes-debian/libcap-ng/libcap-ng_debian.bb:do_package)
NOTE: Running task 1965 of 1994 (/home/deby/poky/meta-debian/recipes-debian/libcap-ng/libcap-ng_debian.bb:do_populate_sysroot)
NOTE: recipe libcap-ng-0.7.9-r0: task do_package: Started
NOTE: recipe libcap-ng-0.7.9-r0: task do_populate_sysroot: Started
NOTE: recipe libcap-ng-0.7.9-r0: task do_populate_sysroot: Succeeded
NOTE: recipe libcap-ng-0.7.9-r0: task do_package: Succeeded
NOTE: Running task 1966 of 1994 (/home/deby/poky/meta-debian/recipes-debian/libcap-ng/libcap-ng_debian.bb:do_packagedata)
NOTE: recipe libcap-ng-0.7.9-r0: task do_packagedata: Started
NOTE: recipe libcap-ng-0.7.9-r0: task do_packagedata: Succeeded
NOTE: Running task 1967 of 1994 (/home/deby/poky/meta-debian/recipes-debian/libcap-ng/libcap-ng_debian.bb:do_package_write_deb)
NOTE: recipe libcap-ng-0.7.9-r0: task do_package_write_deb: Started
NOTE: recipe libcap-ng-0.7.9-r0: task do_package_write_deb: Succeeded
NOTE: recipe db-5.3.28-r0: task do_configure: Succeeded
NOTE: Running task 1968 of 1994 (/home/deby/poky/meta-debian/recipes-debian/db/db_debian.bb:do_compile)
NOTE: recipe db-5.3.28-r0: task do_compile: Started
NOTE: recipe db-5.3.28-r0: task do_compile: Succeeded
NOTE: Running task 1969 of 1994 (/home/deby/poky/meta-debian/recipes-debian/db/db_debian.bb:do_install)
NOTE: recipe db-5.3.28-r0: task do_install: Started
NOTE: recipe db-5.3.28-r0: task do_install: Succeeded
NOTE: Running task 1970 of 1994 (/home/deby/poky/meta-debian/recipes-debian/db/db_debian.bb:do_populate_sysroot)
NOTE: Running task 1971 of 1994 (/home/deby/poky/meta-debian/recipes-debian/db/db_debian.bb:do_package)
NOTE: recipe db-5.3.28-r0: task do_populate_sysroot: Started
NOTE: recipe db-5.3.28-r0: task do_package: Started
NOTE: recipe db-5.3.28-r0: task do_populate_sysroot: Succeeded
NOTE: Running task 1972 of 1994 (/home/deby/poky/meta-debian/recipes-debian/python/python_debian.bb:do_prepare_recipe_sysroot)
NOTE: recipe python-2.7.16-r0: task do_prepare_recipe_sysroot: Started
NOTE: recipe python-2.7.16-r0: task do_prepare_recipe_sysroot: Succeeded
NOTE: Running task 1973 of 1994 (/home/deby/poky/meta-debian/recipes-debian/python/python_debian.bb:do_configure)
NOTE: recipe python-2.7.16-r0: task do_configure: Started
NOTE: recipe db-5.3.28-r0: task do_package: Succeeded
NOTE: Running task 1974 of 1994 (/home/deby/poky/meta-debian/recipes-debian/db/db_debian.bb:do_packagedata)
NOTE: recipe db-5.3.28-r0: task do_packagedata: Started
NOTE: recipe db-5.3.28-r0: task do_packagedata: Succeeded
NOTE: Running task 1975 of 1994 (/home/deby/poky/meta-debian/recipes-debian/db/db_debian.bb:do_package_write_deb)
NOTE: recipe db-5.3.28-r0: task do_package_write_deb: Started
NOTE: recipe db-5.3.28-r0: task do_package_write_deb: Succeeded
NOTE: recipe python-2.7.16-r0: task do_configure: Succeeded
NOTE: Running task 1976 of 1994 (/home/deby/poky/meta-debian/recipes-debian/python/python_debian.bb:do_configure_ptest_base)
NOTE: recipe python-2.7.16-r0: task do_configure_ptest_base: Started
NOTE: recipe python-2.7.16-r0: task do_configure_ptest_base: Succeeded
NOTE: Running task 1977 of 1994 (/home/deby/poky/meta-debian/recipes-debian/python/python_debian.bb:do_compile)
NOTE: recipe python-2.7.16-r0: task do_compile: Started
NOTE: recipe python-2.7.16-r0: task do_compile: Succeeded
NOTE: Running task 1978 of 1994 (/home/deby/poky/meta-debian/recipes-debian/python/python_debian.bb:do_compile_ptest_base)
NOTE: recipe python-2.7.16-r0: task do_compile_ptest_base: Started
NOTE: recipe python-2.7.16-r0: task do_compile_ptest_base: Succeeded
NOTE: Running task 1979 of 1994 (/home/deby/poky/meta-debian/recipes-debian/python/python_debian.bb:do_install)
NOTE: recipe python-2.7.16-r0: task do_install: Started
NOTE: recipe python-2.7.16-r0: task do_install: Succeeded
NOTE: Running task 1980 of 1994 (/home/deby/poky/meta-debian/recipes-debian/python/python_debian.bb:do_install_ptest_base)
NOTE: recipe python-2.7.16-r0: task do_install_ptest_base: Started
NOTE: recipe python-2.7.16-r0: task do_install_ptest_base: Succeeded
NOTE: Running task 1981 of 1994 (/home/deby/poky/meta-debian/recipes-debian/python/python_debian.bb:do_package)
NOTE: Running task 1982 of 1994 (/home/deby/poky/meta-debian/recipes-debian/python/python_debian.bb:do_populate_sysroot)
NOTE: recipe python-2.7.16-r0: task do_populate_sysroot: Started
NOTE: recipe python-2.7.16-r0: task do_package: Started
NOTE: recipe python-2.7.16-r0: task do_populate_sysroot: Succeeded
NOTE: Running task 1983 of 1994 (/home/deby/poky/meta-debian/recipes-debian/audit/audit_debian.bb:do_prepare_recipe_sysroot)
NOTE: recipe audit-2.8.4-r0: task do_prepare_recipe_sysroot: Started
NOTE: recipe audit-2.8.4-r0: task do_prepare_recipe_sysroot: Succeeded
NOTE: Running task 1984 of 1994 (/home/deby/poky/meta-debian/recipes-debian/audit/audit_debian.bb:do_configure)
NOTE: recipe audit-2.8.4-r0: task do_configure: Started
NOTE: recipe audit-2.8.4-r0: task do_configure: Succeeded
NOTE: Running task 1985 of 1994 (/home/deby/poky/meta-debian/recipes-debian/audit/audit_debian.bb:do_compile)
NOTE: recipe audit-2.8.4-r0: task do_compile: Started
NOTE: recipe python-2.7.16-r0: task do_package: Succeeded
NOTE: Running task 1986 of 1994 (/home/deby/poky/meta-debian/recipes-debian/python/python_debian.bb:do_packagedata)
NOTE: recipe python-2.7.16-r0: task do_packagedata: Started
NOTE: recipe python-2.7.16-r0: task do_packagedata: Succeeded
NOTE: Running task 1987 of 1994 (/home/deby/poky/meta-debian/recipes-debian/python/python_debian.bb:do_package_write_deb)
NOTE: recipe python-2.7.16-r0: task do_package_write_deb: Started
NOTE: recipe audit-2.8.4-r0: task do_compile: Succeeded
NOTE: Running task 1988 of 1994 (/home/deby/poky/meta-debian/recipes-debian/audit/audit_debian.bb:do_install)
NOTE: recipe audit-2.8.4-r0: task do_install: Started
NOTE: recipe python-2.7.16-r0: task do_package_write_deb: Succeeded
NOTE: recipe audit-2.8.4-r0: task do_install: Succeeded
NOTE: Running task 1989 of 1994 (/home/deby/poky/meta-debian/recipes-debian/audit/audit_debian.bb:do_package)
NOTE: Running task 1990 of 1994 (/home/deby/poky/meta-debian/recipes-debian/audit/audit_debian.bb:do_populate_sysroot)
NOTE: recipe audit-2.8.4-r0: task do_populate_sysroot: Started
NOTE: recipe audit-2.8.4-r0: task do_package: Started
NOTE: recipe audit-2.8.4-r0: task do_populate_sysroot: Succeeded
NOTE: recipe audit-2.8.4-r0: task do_package: Succeeded
NOTE: Running task 1991 of 1994 (/home/deby/poky/meta-debian/recipes-debian/audit/audit_debian.bb:do_packagedata)
NOTE: recipe audit-2.8.4-r0: task do_packagedata: Started
NOTE: recipe audit-2.8.4-r0: task do_packagedata: Succeeded
NOTE: Running task 1992 of 1994 (/home/deby/poky/meta-debian/recipes-debian/audit/audit_debian.bb:do_package_write_deb)
NOTE: Running task 1993 of 1994 (/home/deby/poky/meta-debian/recipes-debian/audit/audit_debian.bb:do_package_qa)
NOTE: recipe audit-2.8.4-r0: task do_package_write_deb: Started
NOTE: recipe audit-2.8.4-r0: task do_package_qa: Started
NOTE: recipe audit-2.8.4-r0: task do_package_qa: Succeeded
NOTE: recipe audit-2.8.4-r0: task do_package_write_deb: Succeeded
NOTE: Running noexec task 1994 of 1994 (/home/deby/poky/meta-debian/recipes-debian/audit/audit_debian.bb:do_build)
NOTE: Tasks Summary: Attempted 1994 tasks of which 1957 didn't need to be rerun and all succeeded.
