WARNING: Host distribution "debian-10" has not been validated with this version of the build system; you may possibly experience unexpected failures. It is recommended that you use a tested distribution.
Loading cache...done.
Loaded 1440 entries from dependency cache.
NOTE: Resolving any missing task queue dependencies

Build Configuration:
BB_VERSION           = "1.42.0"
BUILD_SYS            = "x86_64-linux"
NATIVELSBSTRING      = "universal"
TARGET_SYS           = "i586-deby-linux"
MACHINE              = "qemux86"
DISTRO               = "deby"
DISTRO_VERSION       = "10.0"
TUNE_FEATURES        = "m32 i586"
TARGET_FPU           = ""
meta                 
meta-poky            = "warrior:51223035e66c5b27799b15a0f8ebe75d24d3971b"
meta-debian          = "warrior-trungdt:47b755ebe41c5afc0ea94d75b55c4f0efd8983fe"

Initialising tasks...done.
Sstate summary: Wanted 91 Found 90 Missed 1 Current 312 (98% match, 99% complete)
NOTE: Executing SetScene Tasks
NOTE: Running setscene task 313 of 403 (/home/deby/poky/meta-debian/recipes-debian/binutils/binutils_debian.bb:do_populate_sysroot_setscene)
NOTE: Running setscene task 314 of 403 (/home/deby/poky/meta-debian/recipes-debian/binutils/binutils_debian.bb:do_package_qa_setscene)
NOTE: Running setscene task 315 of 403 (/home/deby/poky/meta-debian/recipes-debian/binutils/binutils_debian.bb:do_package_write_deb_setscene)
NOTE: Running setscene task 316 of 403 (/home/deby/poky/meta-debian/recipes-debian/flex/flex_debian.bb:do_package_write_deb_setscene)
NOTE: Running setscene task 320 of 403 (/home/deby/poky/meta-debian/recipes-debian/bison/bison_debian.bb:do_package_write_deb_setscene)
NOTE: Running setscene task 323 of 403 (/home/deby/poky/meta-debian/recipes-debian/m4/m4_debian.bb:do_package_write_deb_setscene)
NOTE: Running setscene task 325 of 403 (/home/deby/poky/meta-debian/recipes-debian/gawk/gawk_debian.bb:do_package_write_deb_setscene)
NOTE: recipe binutils-2.31.1-r0: task do_populate_sysroot_setscene: Started
NOTE: recipe binutils-2.31.1-r0: task do_package_qa_setscene: Started
NOTE: recipe binutils-2.31.1-r0: task do_package_write_deb_setscene: Started
NOTE: recipe bison-3.3.2-r0: task do_package_write_deb_setscene: Started
NOTE: recipe gawk-4.2.1-r0: task do_package_write_deb_setscene: Started
NOTE: recipe m4-1.4.18-r0: task do_package_write_deb_setscene: Started
NOTE: recipe flex-2.6.4-r0: task do_package_write_deb_setscene: Started
NOTE: recipe binutils-2.31.1-r0: task do_package_qa_setscene: Succeeded
NOTE: recipe gawk-4.2.1-r0: task do_package_write_deb_setscene: Succeeded
NOTE: recipe binutils-2.31.1-r0: task do_populate_sysroot_setscene: Succeeded
NOTE: recipe m4-1.4.18-r0: task do_package_write_deb_setscene: Succeeded
NOTE: recipe bison-3.3.2-r0: task do_package_write_deb_setscene: Succeeded
NOTE: recipe flex-2.6.4-r0: task do_package_write_deb_setscene: Succeeded
NOTE: Running setscene task 390 of 403 (/home/deby/poky/meta-debian/recipes-debian/m4/m4_debian.bb:do_packagedata_setscene)
NOTE: Running setscene task 391 of 403 (/home/deby/poky/meta-debian/recipes-debian/gawk/gawk_debian.bb:do_packagedata_setscene)
NOTE: recipe m4-1.4.18-r0: task do_packagedata_setscene: Started
NOTE: recipe gawk-4.2.1-r0: task do_packagedata_setscene: Started
NOTE: recipe m4-1.4.18-r0: task do_packagedata_setscene: Succeeded
NOTE: recipe gawk-4.2.1-r0: task do_packagedata_setscene: Succeeded
NOTE: recipe binutils-2.31.1-r0: task do_package_write_deb_setscene: Succeeded
NOTE: Running setscene task 395 of 403 (/home/deby/poky/meta-debian/recipes-debian/binutils/binutils_debian.bb:do_packagedata_setscene)
NOTE: recipe binutils-2.31.1-r0: task do_packagedata_setscene: Started
NOTE: recipe binutils-2.31.1-r0: task do_packagedata_setscene: Succeeded
NOTE: Running setscene task 397 of 403 (/home/deby/poky/meta-debian/recipes-debian/flex/flex_debian.bb:do_populate_sysroot_setscene)
NOTE: Running setscene task 398 of 403 (/home/deby/poky/meta-debian/recipes-debian/flex/flex_debian.bb:do_packagedata_setscene)
NOTE: Running setscene task 399 of 403 (/home/deby/poky/meta-debian/recipes-debian/bison/bison_debian.bb:do_populate_sysroot_setscene)
NOTE: Running setscene task 400 of 403 (/home/deby/poky/meta-debian/recipes-debian/bison/bison_debian.bb:do_packagedata_setscene)
NOTE: recipe flex-2.6.4-r0: task do_populate_sysroot_setscene: Started
NOTE: recipe bison-3.3.2-r0: task do_populate_sysroot_setscene: Started
NOTE: recipe flex-2.6.4-r0: task do_packagedata_setscene: Started
NOTE: recipe bison-3.3.2-r0: task do_packagedata_setscene: Started
NOTE: recipe bison-3.3.2-r0: task do_packagedata_setscene: Succeeded
NOTE: recipe flex-2.6.4-r0: task do_populate_sysroot_setscene: Succeeded
NOTE: recipe bison-3.3.2-r0: task do_populate_sysroot_setscene: Succeeded
NOTE: recipe flex-2.6.4-r0: task do_packagedata_setscene: Succeeded
NOTE: Executing RunQueue Tasks
NOTE: Running noexec task 1712 of 1712 (/home/deby/poky/meta-debian/recipes-debian/binutils/binutils_debian.bb:do_build)
NOTE: Tasks Summary: Attempted 1712 tasks of which 1711 didn't need to be rerun and all succeeded.

Summary: There was 1 WARNING message shown.
