WARNING: Host distribution "debian-10" has not been validated with this version of the build system; you may possibly experience unexpected failures. It is recommended that you use a tested distribution.
Loading cache...done.
Loaded 1440 entries from dependency cache.
NOTE: Resolving any missing task queue dependencies

Build Configuration:
BB_VERSION           = "1.42.0"
BUILD_SYS            = "x86_64-linux"
NATIVELSBSTRING      = "universal"
TARGET_SYS           = "i586-deby-linux"
MACHINE              = "qemux86"
DISTRO               = "deby"
DISTRO_VERSION       = "10.0"
TUNE_FEATURES        = "m32 i586"
TARGET_FPU           = ""
meta                 
meta-poky            = "warrior:51223035e66c5b27799b15a0f8ebe75d24d3971b"
meta-debian          = "warrior-trungdt:47b755ebe41c5afc0ea94d75b55c4f0efd8983fe"

Initialising tasks...done.
Sstate summary: Wanted 1 Found 1 Missed 0 Current 21 (100% match, 100% complete)
NOTE: Executing SetScene Tasks
NOTE: Running setscene task 22 of 22 (/home/deby/poky/meta-debian/recipes-debian/gcc/gcc-crosssdk_debian.bb:do_populate_lic_setscene)
NOTE: recipe gcc-crosssdk-x86_64-debysdk-linux-8.3.0-r0: task do_populate_lic_setscene: Started
NOTE: recipe gcc-crosssdk-x86_64-debysdk-linux-8.3.0-r0: task do_populate_lic_setscene: Succeeded
NOTE: Executing RunQueue Tasks
NOTE: Running noexec task 183 of 183 (/home/deby/poky/meta-debian/recipes-debian/gcc/gcc-crosssdk_debian.bb:do_build)
NOTE: Tasks Summary: Attempted 183 tasks of which 182 didn't need to be rerun and all succeeded.

Summary: There was 1 WARNING message shown.
