WARNING: Host distribution "debian-10" has not been validated with this version of the build system; you may possibly experience unexpected failures. It is recommended that you use a tested distribution.
Loading cache...done.
Loaded 1440 entries from dependency cache.
NOTE: Resolving any missing task queue dependencies

Build Configuration:
BB_VERSION           = "1.42.0"
BUILD_SYS            = "x86_64-linux"
NATIVELSBSTRING      = "universal"
TARGET_SYS           = "i586-deby-linux"
MACHINE              = "qemux86"
DISTRO               = "deby"
DISTRO_VERSION       = "10.0"
TUNE_FEATURES        = "m32 i586"
TARGET_FPU           = ""
meta                 
meta-poky            = "warrior:51223035e66c5b27799b15a0f8ebe75d24d3971b"
meta-debian          = "warrior-trungdt:47b755ebe41c5afc0ea94d75b55c4f0efd8983fe"

Initialising tasks...done.
Sstate summary: Wanted 101 Found 1 Missed 100 Current 59 (0% match, 37% complete)
NOTE: Executing SetScene Tasks
NOTE: Executing RunQueue Tasks
NOTE: Running task 255 of 782 (virtual:nativesdk:/home/deby/poky/meta-debian/recipes-debian/glibc/glibc_debian.bb:do_debian_patch)
NOTE: Running task 480 of 782 (virtual:nativesdk:/home/deby/poky/meta-debian/recipes-debian/ncurses/ncurses_debian.bb:do_debian_patch)
NOTE: Running task 487 of 782 (virtual:nativesdk:/home/deby/poky/meta-debian/recipes-debian/zlib/zlib_debian.bb:do_debian_patch)
NOTE: Running task 503 of 782 (virtual:nativesdk:/home/deby/poky/meta-debian/recipes-debian/readline/readline_debian.bb:do_debian_patch)
NOTE: Running task 513 of 782 (virtual:nativesdk:/home/deby/poky/meta-debian/recipes-debian/openssl/openssl_debian.bb:do_debian_patch)
NOTE: Running task 516 of 782 (virtual:nativesdk:/home/deby/poky/meta-debian/recipes-debian/bzip2/bzip2_debian.bb:do_debian_patch)
NOTE: Running task 528 of 782 (/home/deby/poky/meta-debian/recipes-debian/gdb/gdb-cross-canadian_debian.bb:do_fetch)
NOTE: Running task 539 of 782 (virtual:nativesdk:/home/deby/poky/meta-debian/recipes-debian/expat/expat_debian.bb:do_debian_unpack_extra)
NOTE: Running task 541 of 782 (virtual:nativesdk:/home/deby/poky/meta-debian/recipes-debian/gettext/gettext_debian.bb:do_debian_patch)
NOTE: recipe gdb-cross-canadian-i586-8.2.1-r0: task do_fetch: Started
NOTE: recipe gdb-cross-canadian-i586-8.2.1-r0: task do_fetch: Succeeded
NOTE: Running task 570 of 782 (/home/deby/poky/meta-debian/recipes-debian/gdb/gdb-cross-canadian_debian.bb:do_unpack)
NOTE: recipe nativesdk-zlib-1.2.11-r0: task do_debian_patch: Started
NOTE: recipe nativesdk-bzip2-1.0.6-r0: task do_debian_patch: Started
NOTE: recipe nativesdk-openssl-1.1.1c-r0: task do_debian_patch: Started
NOTE: recipe nativesdk-readline-7.0-r0: task do_debian_patch: Started
ERROR: nativesdk-zlib-1.2.11-r0 do_debian_patch: unknown quilt patches already applied
ERROR: nativesdk-zlib-1.2.11-r0 do_debian_patch: Function failed: do_debian_patch (log file is located at /home/deby/build/tmp/work/x86_64-nativesdk-debysdk-linux/nativesdk-zlib/1.2.11-r0/temp/log.do_debian_patch.3273)
ERROR: Logfile of failure stored in: /home/deby/build/tmp/work/x86_64-nativesdk-debysdk-linux/nativesdk-zlib/1.2.11-r0/temp/log.do_debian_patch.3273
NOTE: recipe nativesdk-zlib-1.2.11-r0: task do_debian_patch: Failed
ERROR: Task (virtual:nativesdk:/home/deby/poky/meta-debian/recipes-debian/zlib/zlib_debian.bb:do_debian_patch) failed with exit code '1'
ERROR: nativesdk-openssl-1.1.1c-r0 do_debian_patch: unknown quilt patches already applied
ERROR: nativesdk-openssl-1.1.1c-r0 do_debian_patch: Function failed: do_debian_patch (log file is located at /home/deby/build/tmp/work/x86_64-nativesdk-debysdk-linux/nativesdk-openssl/1.1.1c-r0/temp/log.do_debian_patch.3275)
ERROR: Logfile of failure stored in: /home/deby/build/tmp/work/x86_64-nativesdk-debysdk-linux/nativesdk-openssl/1.1.1c-r0/temp/log.do_debian_patch.3275
NOTE: recipe nativesdk-openssl-1.1.1c-r0: task do_debian_patch: Failed
ERROR: Task (virtual:nativesdk:/home/deby/poky/meta-debian/recipes-debian/openssl/openssl_debian.bb:do_debian_patch) failed with exit code '1'
ERROR: nativesdk-bzip2-1.0.6-r0 do_debian_patch: unknown quilt patches already applied
ERROR: nativesdk-bzip2-1.0.6-r0 do_debian_patch: Function failed: do_debian_patch (log file is located at /home/deby/build/tmp/work/x86_64-nativesdk-debysdk-linux/nativesdk-bzip2/1.0.6-r0/temp/log.do_debian_patch.3276)
ERROR: Logfile of failure stored in: /home/deby/build/tmp/work/x86_64-nativesdk-debysdk-linux/nativesdk-bzip2/1.0.6-r0/temp/log.do_debian_patch.3276
NOTE: recipe nativesdk-bzip2-1.0.6-r0: task do_debian_patch: Failed
ERROR: nativesdk-readline-7.0-r0 do_debian_patch: unknown quilt patches already applied
ERROR: nativesdk-readline-7.0-r0 do_debian_patch: Function failed: do_debian_patch (log file is located at /home/deby/build/tmp/work/x86_64-nativesdk-debysdk-linux/nativesdk-readline/7.0-r0/temp/log.do_debian_patch.3274)
ERROR: Logfile of failure stored in: /home/deby/build/tmp/work/x86_64-nativesdk-debysdk-linux/nativesdk-readline/7.0-r0/temp/log.do_debian_patch.3274
NOTE: recipe nativesdk-readline-7.0-r0: task do_debian_patch: Failed
ERROR: Task (virtual:nativesdk:/home/deby/poky/meta-debian/recipes-debian/bzip2/bzip2_debian.bb:do_debian_patch) failed with exit code '1'
ERROR: Task (virtual:nativesdk:/home/deby/poky/meta-debian/recipes-debian/readline/readline_debian.bb:do_debian_patch) failed with exit code '1'
NOTE: recipe nativesdk-gettext-0.19.8.1-r0: task do_debian_patch: Started
NOTE: recipe nativesdk-glibc-2.28-r0: task do_debian_patch: Started
NOTE: recipe nativesdk-ncurses-6.1+20181013-r0: task do_debian_patch: Started
NOTE: recipe gdb-cross-canadian-i586-8.2.1-r0: task do_unpack: Started
ERROR: nativesdk-glibc-2.28-r0 do_debian_patch: unknown quilt patches already applied
ERROR: nativesdk-glibc-2.28-r0 do_debian_patch: Function failed: do_debian_patch (log file is located at /home/deby/build/tmp/work/x86_64-nativesdk-debysdk-linux/nativesdk-glibc/2.28-r0/temp/log.do_debian_patch.3271)
ERROR: Logfile of failure stored in: /home/deby/build/tmp/work/x86_64-nativesdk-debysdk-linux/nativesdk-glibc/2.28-r0/temp/log.do_debian_patch.3271
NOTE: recipe nativesdk-glibc-2.28-r0: task do_debian_patch: Failed
ERROR: Task (virtual:nativesdk:/home/deby/poky/meta-debian/recipes-debian/glibc/glibc_debian.bb:do_debian_patch) failed with exit code '1'
NOTE: recipe nativesdk-expat-2.2.6-r0: task do_debian_unpack_extra: Started
ERROR: nativesdk-ncurses-6.1+20181013-r0 do_debian_patch: unknown quilt patches already applied
ERROR: nativesdk-ncurses-6.1+20181013-r0 do_debian_patch: Function failed: do_debian_patch (log file is located at /home/deby/build/tmp/work/x86_64-nativesdk-debysdk-linux/nativesdk-ncurses/6.1+20181013-r0/temp/log.do_debian_patch.3272)
ERROR: Logfile of failure stored in: /home/deby/build/tmp/work/x86_64-nativesdk-debysdk-linux/nativesdk-ncurses/6.1+20181013-r0/temp/log.do_debian_patch.3272
NOTE: recipe nativesdk-ncurses-6.1+20181013-r0: task do_debian_patch: Failed
ERROR: Task (virtual:nativesdk:/home/deby/poky/meta-debian/recipes-debian/ncurses/ncurses_debian.bb:do_debian_patch) failed with exit code '1'
NOTE: recipe nativesdk-expat-2.2.6-r0: task do_debian_unpack_extra: Succeeded
ERROR: nativesdk-gettext-0.19.8.1-r0 do_debian_patch: unknown quilt patches already applied
ERROR: nativesdk-gettext-0.19.8.1-r0 do_debian_patch: Function failed: do_debian_patch (log file is located at /home/deby/build/tmp/work/x86_64-nativesdk-debysdk-linux/nativesdk-gettext/0.19.8.1-r0/temp/log.do_debian_patch.3279)
ERROR: Logfile of failure stored in: /home/deby/build/tmp/work/x86_64-nativesdk-debysdk-linux/nativesdk-gettext/0.19.8.1-r0/temp/log.do_debian_patch.3279
NOTE: recipe nativesdk-gettext-0.19.8.1-r0: task do_debian_patch: Failed
ERROR: Task (virtual:nativesdk:/home/deby/poky/meta-debian/recipes-debian/gettext/gettext_debian.bb:do_debian_patch) failed with exit code '1'
NOTE: recipe gdb-cross-canadian-i586-8.2.1-r0: task do_unpack: Succeeded
NOTE: Tasks Summary: Attempted 570 tasks of which 560 didn't need to be rerun and 7 failed.

Summary: 7 tasks failed:
  virtual:nativesdk:/home/deby/poky/meta-debian/recipes-debian/zlib/zlib_debian.bb:do_debian_patch
  virtual:nativesdk:/home/deby/poky/meta-debian/recipes-debian/openssl/openssl_debian.bb:do_debian_patch
  virtual:nativesdk:/home/deby/poky/meta-debian/recipes-debian/bzip2/bzip2_debian.bb:do_debian_patch
  virtual:nativesdk:/home/deby/poky/meta-debian/recipes-debian/readline/readline_debian.bb:do_debian_patch
  virtual:nativesdk:/home/deby/poky/meta-debian/recipes-debian/glibc/glibc_debian.bb:do_debian_patch
  virtual:nativesdk:/home/deby/poky/meta-debian/recipes-debian/ncurses/ncurses_debian.bb:do_debian_patch
  virtual:nativesdk:/home/deby/poky/meta-debian/recipes-debian/gettext/gettext_debian.bb:do_debian_patch
Summary: There was 1 WARNING message shown.
Summary: There were 14 ERROR messages shown, returning a non-zero exit code.
