Loading cache...done.
Loaded 1825 entries from dependency cache.
Parsing recipes...done.
Parsing of 1043 .bb files complete (1041 cached, 2 parsed). 1828 targets, 48 skipped, 0 masked, 0 errors.
NOTE: Resolving any missing task queue dependencies

Build Configuration:
BB_VERSION           = "1.42.0"
BUILD_SYS            = "x86_64-linux"
NATIVELSBSTRING      = "universal"
TARGET_SYS           = "i586-deby-linux"
MACHINE              = "qemux86"
DISTRO               = "deby"
DISTRO_VERSION       = "10.0"
TUNE_FEATURES        = "m32 i586"
TARGET_FPU           = ""
meta                 
meta-poky            = "warrior:79a850a10a4b88a6d20d607b322542f947874323"
meta-debian          = "warrior:2fa6d8525f0464064f8764856015185a0c4e5411"

Initialising tasks...done.
Sstate summary: Wanted 17 Found 15 Missed 2 Current 438 (88% match, 99% complete)
NOTE: Executing SetScene Tasks
NOTE: Executing RunQueue Tasks
NOTE: Running task 2062 of 2064 (/home/deby/poky/meta-debian/recipes-debian/gnupg/gnupg_debian.bb:do_package_qa)
NOTE: Running task 2063 of 2064 (/home/deby/poky/meta-debian/recipes-debian/gnupg/gnupg_debian.bb:do_populate_sysroot)
NOTE: recipe gnupg-2.2.12-r0: task do_populate_sysroot: Started
NOTE: recipe gnupg-2.2.12-r0: task do_package_qa: Started
NOTE: recipe gnupg-2.2.12-r0: task do_populate_sysroot: Succeeded
NOTE: recipe gnupg-2.2.12-r0: task do_package_qa: Succeeded
NOTE: Running noexec task 2064 of 2064 (/home/deby/poky/meta-debian/recipes-debian/gnupg/gnupg_debian.bb:do_build)
NOTE: Tasks Summary: Attempted 2064 tasks of which 2061 didn't need to be rerun and all succeeded.
