Loading cache...done.
Loaded 1825 entries from dependency cache.
Parsing recipes...done.
Parsing of 1043 .bb files complete (1041 cached, 2 parsed). 1828 targets, 41 skipped, 0 masked, 0 errors.
NOTE: Resolving any missing task queue dependencies

Build Configuration:
BB_VERSION           = "1.42.0"
BUILD_SYS            = "x86_64-linux"
NATIVELSBSTRING      = "universal"
TARGET_SYS           = "i586-deby-linux"
MACHINE              = "qemux86"
DISTRO               = "deby"
DISTRO_VERSION       = "10.0"
TUNE_FEATURES        = "m32 i586"
TARGET_FPU           = ""
meta                 
meta-poky            = "warrior:79a850a10a4b88a6d20d607b322542f947874323"
meta-debian          = "warrior:2fa6d8525f0464064f8764856015185a0c4e5411"

Initialising tasks...done.
Sstate summary: Wanted 10 Found 5 Missed 5 Current 415 (50% match, 98% complete)
NOTE: Executing SetScene Tasks
NOTE: Running setscene task 421 of 425 (/home/deby/poky/meta-debian/recipes-debian/google-authenticator/google-authenticator_debian.bb:do_populate_lic_setscene)
NOTE: Running setscene task 422 of 425 (/home/deby/poky/meta-debian/recipes-debian/pam/libpam_debian.bb:do_populate_sysroot_setscene)
NOTE: Running setscene task 423 of 425 (/home/deby/poky/meta-debian/recipes-debian/pam/libpam_debian.bb:do_package_write_deb_setscene)
NOTE: recipe libpam-1.3.1-r0: task do_populate_sysroot_setscene: Started
NOTE: recipe google-authenticator-20170702-r0: task do_populate_lic_setscene: Started
NOTE: recipe libpam-1.3.1-r0: task do_package_write_deb_setscene: Started
NOTE: recipe google-authenticator-20170702-r0: task do_populate_lic_setscene: Succeeded
NOTE: recipe libpam-1.3.1-r0: task do_package_write_deb_setscene: Succeeded
NOTE: Running setscene task 424 of 425 (/home/deby/poky/meta-debian/recipes-debian/pam/libpam_debian.bb:do_packagedata_setscene)
NOTE: recipe libpam-1.3.1-r0: task do_populate_sysroot_setscene: Succeeded
NOTE: recipe libpam-1.3.1-r0: task do_packagedata_setscene: Started
NOTE: recipe libpam-1.3.1-r0: task do_packagedata_setscene: Succeeded
NOTE: Executing RunQueue Tasks
NOTE: Running task 1322 of 1968 (/home/deby/poky/meta-debian/recipes-debian/google-authenticator/google-authenticator_debian.bb:do_fetch)
NOTE: recipe google-authenticator-20170702-r0: task do_fetch: Started
NOTE: recipe google-authenticator-20170702-r0: task do_fetch: Succeeded
NOTE: Running task 1954 of 1968 (/home/deby/poky/meta-debian/recipes-debian/google-authenticator/google-authenticator_debian.bb:do_unpack)
NOTE: Running task 1955 of 1968 (/home/deby/poky/meta-debian/recipes-debian/google-authenticator/google-authenticator_debian.bb:do_prepare_recipe_sysroot)
NOTE: recipe google-authenticator-20170702-r0: task do_unpack: Started
NOTE: recipe google-authenticator-20170702-r0: task do_prepare_recipe_sysroot: Started
NOTE: recipe google-authenticator-20170702-r0: task do_unpack: Succeeded
NOTE: Running task 1956 of 1968 (/home/deby/poky/meta-debian/recipes-debian/google-authenticator/google-authenticator_debian.bb:do_debian_unpack_extra)
NOTE: recipe google-authenticator-20170702-r0: task do_debian_unpack_extra: Started
NOTE: recipe google-authenticator-20170702-r0: task do_debian_unpack_extra: Succeeded
NOTE: Running task 1957 of 1968 (/home/deby/poky/meta-debian/recipes-debian/google-authenticator/google-authenticator_debian.bb:do_debian_patch)
NOTE: recipe google-authenticator-20170702-r0: task do_prepare_recipe_sysroot: Succeeded
NOTE: recipe google-authenticator-20170702-r0: task do_debian_patch: Started
NOTE: recipe google-authenticator-20170702-r0: task do_debian_patch: Succeeded
NOTE: Running task 1958 of 1968 (/home/deby/poky/meta-debian/recipes-debian/google-authenticator/google-authenticator_debian.bb:do_patch)
NOTE: recipe google-authenticator-20170702-r0: task do_patch: Started
NOTE: recipe google-authenticator-20170702-r0: task do_patch: Succeeded
NOTE: Running task 1959 of 1968 (/home/deby/poky/meta-debian/recipes-debian/google-authenticator/google-authenticator_debian.bb:do_configure)
NOTE: recipe google-authenticator-20170702-r0: task do_configure: Started
NOTE: recipe google-authenticator-20170702-r0: task do_configure: Succeeded
NOTE: Running task 1961 of 1968 (/home/deby/poky/meta-debian/recipes-debian/google-authenticator/google-authenticator_debian.bb:do_compile)
NOTE: recipe google-authenticator-20170702-r0: task do_compile: Started
NOTE: recipe google-authenticator-20170702-r0: task do_compile: Succeeded
NOTE: Running task 1962 of 1968 (/home/deby/poky/meta-debian/recipes-debian/google-authenticator/google-authenticator_debian.bb:do_install)
NOTE: recipe google-authenticator-20170702-r0: task do_install: Started
NOTE: recipe google-authenticator-20170702-r0: task do_install: Succeeded
NOTE: Running task 1963 of 1968 (/home/deby/poky/meta-debian/recipes-debian/google-authenticator/google-authenticator_debian.bb:do_package)
NOTE: Running task 1964 of 1968 (/home/deby/poky/meta-debian/recipes-debian/google-authenticator/google-authenticator_debian.bb:do_populate_sysroot)
NOTE: recipe google-authenticator-20170702-r0: task do_populate_sysroot: Started
NOTE: recipe google-authenticator-20170702-r0: task do_package: Started
NOTE: recipe google-authenticator-20170702-r0: task do_populate_sysroot: Succeeded
NOTE: recipe google-authenticator-20170702-r0: task do_package: Succeeded
NOTE: Running task 1965 of 1968 (/home/deby/poky/meta-debian/recipes-debian/google-authenticator/google-authenticator_debian.bb:do_packagedata)
NOTE: recipe google-authenticator-20170702-r0: task do_packagedata: Started
NOTE: recipe google-authenticator-20170702-r0: task do_packagedata: Succeeded
NOTE: Running task 1966 of 1968 (/home/deby/poky/meta-debian/recipes-debian/google-authenticator/google-authenticator_debian.bb:do_package_write_deb)
NOTE: Running task 1967 of 1968 (/home/deby/poky/meta-debian/recipes-debian/google-authenticator/google-authenticator_debian.bb:do_package_qa)
NOTE: recipe google-authenticator-20170702-r0: task do_package_write_deb: Started
NOTE: recipe google-authenticator-20170702-r0: task do_package_qa: Started
NOTE: recipe google-authenticator-20170702-r0: task do_package_qa: Succeeded
NOTE: recipe google-authenticator-20170702-r0: task do_package_write_deb: Succeeded
NOTE: Running noexec task 1968 of 1968 (/home/deby/poky/meta-debian/recipes-debian/google-authenticator/google-authenticator_debian.bb:do_build)
NOTE: Tasks Summary: Attempted 1968 tasks of which 1953 didn't need to be rerun and all succeeded.
