Loading cache...done.
Loaded 1803 entries from dependency cache.
Parsing recipes...done.
Parsing of 1030 .bb files complete (1028 cached, 2 parsed). 1806 targets, 48 skipped, 0 masked, 0 errors.
NOTE: Resolving any missing task queue dependencies

Build Configuration:
BB_VERSION           = "1.42.0"
BUILD_SYS            = "x86_64-linux"
NATIVELSBSTRING      = "universal"
TARGET_SYS           = "i586-deby-linux"
MACHINE              = "qemux86"
DISTRO               = "deby"
DISTRO_VERSION       = "10.0"
TUNE_FEATURES        = "m32 i586"
TARGET_FPU           = ""
meta                 
meta-poky            = "warrior:023ff85a9ae94331926e923b346fd8a349881e63"
meta-debian          = "warrior:8e157b1a7a3a3ae1224ea194f0fc9e25772d0e07"

Initialising tasks...done.
Sstate summary: Wanted 3 Found 0 Missed 3 Current 78 (0% match, 96% complete)
NOTE: Executing SetScene Tasks
NOTE: Executing RunQueue Tasks
NOTE: Running task 589 of 593 (/home/deby/poky/meta-debian/recipes-debian/jansson/jansson_debian.bb:do_populate_lic)
NOTE: Running task 590 of 593 (/home/deby/poky/meta-debian/recipes-debian/jansson/jansson_debian.bb:do_package_write_deb)
NOTE: recipe jansson-2.12-r0: task do_populate_lic: Started
NOTE: recipe jansson-2.12-r0: task do_populate_lic: Succeeded
NOTE: Running task 591 of 593 (/home/deby/poky/meta-debian/recipes-debian/jansson/jansson_debian.bb:do_package_qa)
NOTE: recipe jansson-2.12-r0: task do_package_write_deb: Started
NOTE: recipe jansson-2.12-r0: task do_package_qa: Started
NOTE: recipe jansson-2.12-r0: task do_package_qa: Succeeded
NOTE: recipe jansson-2.12-r0: task do_package_write_deb: Succeeded
NOTE: Running noexec task 593 of 593 (/home/deby/poky/meta-debian/recipes-debian/jansson/jansson_debian.bb:do_build)
NOTE: Tasks Summary: Attempted 593 tasks of which 589 didn't need to be rerun and all succeeded.
