Loading cache...done.
Loaded 1825 entries from dependency cache.
Parsing recipes...done.
Parsing of 1043 .bb files complete (1041 cached, 2 parsed). 1828 targets, 48 skipped, 0 masked, 0 errors.
Removing 2 recipes from the i586 sysroot...done.
Removing 2 recipes from the qemux86 sysroot...done.
NOTE: Resolving any missing task queue dependencies

Build Configuration:
BB_VERSION           = "1.42.0"
BUILD_SYS            = "x86_64-linux"
NATIVELSBSTRING      = "universal"
TARGET_SYS           = "i586-deby-linux"
MACHINE              = "qemux86"
DISTRO               = "deby"
DISTRO_VERSION       = "10.0"
TUNE_FEATURES        = "m32 i586"
TARGET_FPU           = ""
meta                 
meta-poky            = "warrior:79a850a10a4b88a6d20d607b322542f947874323"
meta-debian          = "warrior:2fa6d8525f0464064f8764856015185a0c4e5411"

Initialising tasks...done.
Sstate summary: Wanted 56 Found 50 Missed 6 Current 361 (89% match, 98% complete)
NOTE: Executing SetScene Tasks
NOTE: Running setscene task 368 of 417 (/home/deby/poky/meta/recipes-devtools/opkg-utils/opkg-utils_0.4.0.bb:do_package_write_deb_setscene)
NOTE: Running setscene task 369 of 417 (/home/deby/poky/meta-debian/recipes-debian/bash/bash_debian.bb:do_package_write_deb_setscene)
NOTE: Running setscene task 370 of 417 (/home/deby/poky/meta-debian/recipes-debian/python/python3_debian.bb:do_package_write_deb_setscene)
NOTE: Running setscene task 371 of 417 (/home/deby/poky/meta-debian/recipes-debian/util-linux/util-linux_debian.bb:do_package_write_deb_setscene)
NOTE: Running setscene task 372 of 417 (/home/deby/poky/meta-debian/recipes-debian/coreutils/coreutils_debian.bb:do_package_write_deb_setscene)
NOTE: Running setscene task 373 of 417 (/home/deby/poky/meta-debian/recipes-debian/iproute2/iproute2_debian.bb:do_package_write_deb_setscene)
NOTE: Running setscene task 374 of 417 (/home/deby/poky/meta-debian/recipes-debian/e2fsprogs/e2fsprogs_debian.bb:do_package_write_deb_setscene)
NOTE: Running setscene task 375 of 417 (/home/deby/poky/meta-debian/recipes-debian/btrfs-tools/btrfs-tools_debian.bb:do_package_write_deb_setscene)
NOTE: Running setscene task 376 of 417 (/home/deby/poky/meta-debian/recipes-debian/mdadm/mdadm_debian.bb:do_package_write_deb_setscene)
NOTE: Running setscene task 377 of 417 (/home/deby/poky/meta-debian/recipes-debian/glib-2.0/glib-2.0_debian.bb:do_package_write_deb_setscene)
NOTE: Running setscene task 378 of 417 (/home/deby/poky/meta-debian/recipes-debian/libxml/libxml2_debian.bb:do_package_write_deb_setscene)
NOTE: Running setscene task 379 of 417 (/home/deby/poky/meta-debian/recipes-debian/libcap/libcap_debian.bb:do_package_write_deb_setscene)
NOTE: Running setscene task 380 of 417 (/home/deby/poky/meta/recipes-core/udev/eudev_3.2.7.bb:do_package_write_deb_setscene)
NOTE: Running setscene task 381 of 417 (/home/deby/poky/meta-debian/recipes-debian/gnome-desktop-testing/gnome-desktop-testing_debian.bb:do_package_write_deb_setscene)
NOTE: Running setscene task 382 of 417 (/home/deby/poky/meta-debian/recipes-debian/shared-mime-info/shared-mime-info_debian.bb:do_package_write_deb_setscene)
NOTE: Running setscene task 383 of 417 (/home/deby/poky/meta-debian/recipes-debian/shadow/shadow_debian.bb:do_populate_sysroot_setscene)
NOTE: recipe opkg-utils-0.4.0-r0: task do_package_write_deb_setscene: Started
NOTE: recipe bash-5.0-r0: task do_package_write_deb_setscene: Started
NOTE: recipe libcap-2.25-r0: task do_package_write_deb_setscene: Started
NOTE: recipe util-linux-2.33.1-r0: task do_package_write_deb_setscene: Started
NOTE: recipe coreutils-8.30-r0: task do_package_write_deb_setscene: Started
NOTE: recipe iproute2-4.20.0-r0: task do_package_write_deb_setscene: Started
NOTE: recipe gnome-desktop-testing-2018.1-r0: task do_package_write_deb_setscene: Started
NOTE: recipe libxml2-2.9.4-r0: task do_package_write_deb_setscene: Started
NOTE: recipe eudev-3.2.7-r0: task do_package_write_deb_setscene: Started
NOTE: recipe btrfs-tools-4.20.1-r0: task do_package_write_deb_setscene: Started
NOTE: recipe shared-mime-info-1.10-r0: task do_package_write_deb_setscene: Started
NOTE: recipe python3-3.7.3-r0: task do_package_write_deb_setscene: Started
NOTE: recipe e2fsprogs-1.44.5-r0: task do_package_write_deb_setscene: Started
NOTE: recipe mdadm-4.1-r0: task do_package_write_deb_setscene: Started
NOTE: recipe glib-2.0-2.58.3-r0: task do_package_write_deb_setscene: Started
NOTE: recipe shadow-4.5-r0: task do_populate_sysroot_setscene: Started
NOTE: recipe eudev-3.2.7-r0: task do_package_write_deb_setscene: Succeeded
NOTE: Running setscene task 384 of 417 (/home/deby/poky/meta-debian/recipes-debian/shadow/shadow_debian.bb:do_package_write_deb_setscene)
NOTE: recipe gnome-desktop-testing-2018.1-r0: task do_package_write_deb_setscene: Succeeded
NOTE: recipe opkg-utils-0.4.0-r0: task do_package_write_deb_setscene: Succeeded
NOTE: recipe shadow-4.5-r0: task do_package_write_deb_setscene: Started
NOTE: recipe libcap-2.25-r0: task do_package_write_deb_setscene: Succeeded
NOTE: recipe bash-5.0-r0: task do_package_write_deb_setscene: Succeeded
NOTE: recipe shadow-4.5-r0: task do_populate_sysroot_setscene: Succeeded
NOTE: recipe libxml2-2.9.4-r0: task do_package_write_deb_setscene: Succeeded
NOTE: recipe btrfs-tools-4.20.1-r0: task do_package_write_deb_setscene: Succeeded
NOTE: recipe shared-mime-info-1.10-r0: task do_package_write_deb_setscene: Succeeded
NOTE: recipe mdadm-4.1-r0: task do_package_write_deb_setscene: Succeeded
NOTE: recipe shadow-4.5-r0: task do_package_write_deb_setscene: Succeeded
NOTE: Running setscene task 385 of 417 (/home/deby/poky/meta-debian/recipes-debian/shadow/shadow_debian.bb:do_packagedata_setscene)
NOTE: recipe shadow-4.5-r0: task do_packagedata_setscene: Started
NOTE: recipe iproute2-4.20.0-r0: task do_package_write_deb_setscene: Succeeded
NOTE: recipe e2fsprogs-1.44.5-r0: task do_package_write_deb_setscene: Succeeded
NOTE: recipe shadow-4.5-r0: task do_packagedata_setscene: Succeeded
NOTE: recipe coreutils-8.30-r0: task do_package_write_deb_setscene: Succeeded
NOTE: recipe glib-2.0-2.58.3-r0: task do_package_write_deb_setscene: Succeeded
NOTE: Running setscene task 387 of 417 (/home/deby/poky/meta-debian/recipes-debian/gnome-desktop-testing/gnome-desktop-testing_debian.bb:do_packagedata_setscene)
NOTE: Running setscene task 388 of 417 (/home/deby/poky/meta-debian/recipes-debian/shared-mime-info/shared-mime-info_debian.bb:do_packagedata_setscene)
NOTE: recipe util-linux-2.33.1-r0: task do_package_write_deb_setscene: Succeeded
NOTE: Running setscene task 389 of 417 (/home/deby/poky/meta-debian/recipes-debian/iproute2/iproute2_debian.bb:do_packagedata_setscene)
NOTE: Running setscene task 390 of 417 (/home/deby/poky/meta-debian/recipes-debian/btrfs-tools/btrfs-tools_debian.bb:do_packagedata_setscene)
NOTE: recipe gnome-desktop-testing-2018.1-r0: task do_packagedata_setscene: Started
NOTE: recipe shared-mime-info-1.10-r0: task do_packagedata_setscene: Started
NOTE: recipe python3-3.7.3-r0: task do_package_write_deb_setscene: Succeeded
NOTE: Running setscene task 391 of 417 (/home/deby/poky/meta-debian/recipes-debian/coreutils/coreutils_debian.bb:do_packagedata_setscene)
NOTE: recipe iproute2-4.20.0-r0: task do_packagedata_setscene: Started
NOTE: recipe btrfs-tools-4.20.1-r0: task do_packagedata_setscene: Started
NOTE: recipe coreutils-8.30-r0: task do_packagedata_setscene: Started
NOTE: recipe shared-mime-info-1.10-r0: task do_packagedata_setscene: Succeeded
NOTE: Running setscene task 394 of 417 (/home/deby/poky/meta-debian/recipes-debian/libxml/libxml2_debian.bb:do_packagedata_setscene)
NOTE: recipe gnome-desktop-testing-2018.1-r0: task do_packagedata_setscene: Succeeded
NOTE: recipe iproute2-4.20.0-r0: task do_packagedata_setscene: Succeeded
NOTE: recipe btrfs-tools-4.20.1-r0: task do_packagedata_setscene: Succeeded
NOTE: Running setscene task 399 of 417 (/home/deby/poky/meta-debian/recipes-debian/e2fsprogs/e2fsprogs_debian.bb:do_packagedata_setscene)
NOTE: Running setscene task 401 of 417 (/home/deby/poky/meta/recipes-core/udev/eudev_3.2.7.bb:do_packagedata_setscene)
NOTE: recipe libxml2-2.9.4-r0: task do_packagedata_setscene: Started
NOTE: recipe eudev-3.2.7-r0: task do_packagedata_setscene: Started
NOTE: recipe e2fsprogs-1.44.5-r0: task do_packagedata_setscene: Started
NOTE: recipe eudev-3.2.7-r0: task do_packagedata_setscene: Succeeded
NOTE: Running setscene task 404 of 417 (/home/deby/poky/meta-debian/recipes-debian/glib-2.0/glib-2.0_debian.bb:do_packagedata_setscene)
NOTE: recipe libxml2-2.9.4-r0: task do_packagedata_setscene: Succeeded
NOTE: Running setscene task 407 of 417 (/home/deby/poky/meta-debian/recipes-debian/python/python3_debian.bb:do_packagedata_setscene)
NOTE: recipe e2fsprogs-1.44.5-r0: task do_packagedata_setscene: Succeeded
NOTE: recipe glib-2.0-2.58.3-r0: task do_packagedata_setscene: Started
NOTE: recipe coreutils-8.30-r0: task do_packagedata_setscene: Succeeded
NOTE: Running setscene task 411 of 417 (/home/deby/poky/meta-debian/recipes-debian/libcap/libcap_debian.bb:do_packagedata_setscene)
NOTE: recipe libcap-2.25-r0: task do_packagedata_setscene: Started
NOTE: recipe python3-3.7.3-r0: task do_packagedata_setscene: Started
NOTE: recipe glib-2.0-2.58.3-r0: task do_packagedata_setscene: Succeeded
NOTE: recipe libcap-2.25-r0: task do_packagedata_setscene: Succeeded
NOTE: recipe python3-3.7.3-r0: task do_packagedata_setscene: Succeeded
NOTE: Running setscene task 416 of 417 (/home/deby/poky/meta-debian/recipes-debian/util-linux/util-linux_debian.bb:do_packagedata_setscene)
NOTE: recipe util-linux-2.33.1-r0: task do_packagedata_setscene: Started
NOTE: recipe util-linux-2.33.1-r0: task do_packagedata_setscene: Succeeded
NOTE: Executing RunQueue Tasks
NOTE: Running task 1589 of 1933 (/home/deby/poky/meta-debian/recipes-debian/perl/perl_debian.bb:do_populate_sysroot)
NOTE: recipe perl-5.28.1-r1: task do_populate_sysroot: Started
NOTE: recipe perl-5.28.1-r1: task do_populate_sysroot: Succeeded
NOTE: Running task 1924 of 1933 (/home/deby/poky/meta-debian/recipes-debian/liblinux-usermod-perl/liblinux-usermod-perl_debian.bb:do_prepare_recipe_sysroot)
NOTE: recipe liblinux-usermod-perl-0.69-r0: task do_prepare_recipe_sysroot: Started
NOTE: recipe liblinux-usermod-perl-0.69-r0: task do_prepare_recipe_sysroot: Succeeded
NOTE: Running task 1925 of 1933 (/home/deby/poky/meta-debian/recipes-debian/liblinux-usermod-perl/liblinux-usermod-perl_debian.bb:do_configure)
NOTE: recipe liblinux-usermod-perl-0.69-r0: task do_configure: Started
NOTE: recipe liblinux-usermod-perl-0.69-r0: task do_configure: Succeeded
NOTE: Running task 1926 of 1933 (/home/deby/poky/meta-debian/recipes-debian/liblinux-usermod-perl/liblinux-usermod-perl_debian.bb:do_compile)
NOTE: recipe liblinux-usermod-perl-0.69-r0: task do_compile: Started
NOTE: recipe liblinux-usermod-perl-0.69-r0: task do_compile: Succeeded
NOTE: Running task 1927 of 1933 (/home/deby/poky/meta-debian/recipes-debian/liblinux-usermod-perl/liblinux-usermod-perl_debian.bb:do_install)
NOTE: recipe liblinux-usermod-perl-0.69-r0: task do_install: Started
NOTE: recipe liblinux-usermod-perl-0.69-r0: task do_install: Succeeded
NOTE: Running task 1928 of 1933 (/home/deby/poky/meta-debian/recipes-debian/liblinux-usermod-perl/liblinux-usermod-perl_debian.bb:do_package)
NOTE: Running task 1929 of 1933 (/home/deby/poky/meta-debian/recipes-debian/liblinux-usermod-perl/liblinux-usermod-perl_debian.bb:do_populate_sysroot)
NOTE: recipe liblinux-usermod-perl-0.69-r0: task do_populate_sysroot: Started
NOTE: recipe liblinux-usermod-perl-0.69-r0: task do_package: Started
NOTE: recipe liblinux-usermod-perl-0.69-r0: task do_populate_sysroot: Succeeded
NOTE: recipe liblinux-usermod-perl-0.69-r0: task do_package: Succeeded
NOTE: Running task 1930 of 1933 (/home/deby/poky/meta-debian/recipes-debian/liblinux-usermod-perl/liblinux-usermod-perl_debian.bb:do_packagedata)
NOTE: recipe liblinux-usermod-perl-0.69-r0: task do_packagedata: Started
NOTE: recipe liblinux-usermod-perl-0.69-r0: task do_packagedata: Succeeded
NOTE: Running task 1931 of 1933 (/home/deby/poky/meta-debian/recipes-debian/liblinux-usermod-perl/liblinux-usermod-perl_debian.bb:do_package_write_deb)
NOTE: Running task 1932 of 1933 (/home/deby/poky/meta-debian/recipes-debian/liblinux-usermod-perl/liblinux-usermod-perl_debian.bb:do_package_qa)
NOTE: recipe liblinux-usermod-perl-0.69-r0: task do_package_write_deb: Started
NOTE: recipe liblinux-usermod-perl-0.69-r0: task do_package_qa: Started
NOTE: recipe liblinux-usermod-perl-0.69-r0: task do_package_qa: Succeeded
NOTE: recipe liblinux-usermod-perl-0.69-r0: task do_package_write_deb: Succeeded
NOTE: Running noexec task 1933 of 1933 (/home/deby/poky/meta-debian/recipes-debian/liblinux-usermod-perl/liblinux-usermod-perl_debian.bb:do_build)
NOTE: Tasks Summary: Attempted 1933 tasks of which 1922 didn't need to be rerun and all succeeded.
