WARNING: Host distribution "debian" has not been validated with this version of the build system; you may possibly experience unexpected failures. It is recommended that you use a tested distribution.
Loading cache...done.
Loaded 1441 entries from dependency cache.
NOTE: Resolving any missing task queue dependencies

Build Configuration:
BB_VERSION           = "1.42.0"
BUILD_SYS            = "x86_64-linux"
NATIVELSBSTRING      = "universal"
TARGET_SYS           = "i586-deby-linux"
MACHINE              = "qemux86"
DISTRO               = "deby"
DISTRO_VERSION       = "10.0"
TUNE_FEATURES        = "m32 i586"
TARGET_FPU           = ""
meta                 
meta-poky            = "warrior:38d5c8ea98cfa49825c473eba8984c12edf062be"
meta-debian          = "warrior-trungdt:7eb1e361fbd89d3428600dab48e59e081674d76e"

Initialising tasks...done.
Sstate summary: Wanted 645 Found 81 Missed 564 Current 583 (12% match, 54% complete)
NOTE: Executing SetScene Tasks
NOTE: Running setscene task 1185 of 1228 (/home/deby/poky/meta/recipes-graphics/xorg-lib/libx11_1.6.7.bb:do_populate_sysroot_setscene)
NOTE: Running setscene task 1186 of 1228 (/home/deby/poky/meta/recipes-graphics/xorg-lib/libx11_1.6.7.bb:do_package_qa_setscene)
NOTE: Running setscene task 1187 of 1228 (/home/deby/poky/meta/recipes-graphics/xorg-lib/libx11_1.6.7.bb:do_package_write_deb_setscene)
NOTE: Running setscene task 1188 of 1228 (/home/deby/poky/meta/recipes-graphics/xorg-lib/libx11_1.6.7.bb:do_populate_lic_setscene)
NOTE: Running setscene task 1189 of 1228 (/home/deby/poky/meta/recipes-graphics/xorg-lib/libsm_1.2.3.bb:do_populate_sysroot_setscene)
NOTE: Running setscene task 1190 of 1228 (/home/deby/poky/meta/recipes-graphics/xorg-lib/libsm_1.2.3.bb:do_package_qa_setscene)
NOTE: Running setscene task 1191 of 1228 (/home/deby/poky/meta/recipes-graphics/xorg-lib/libsm_1.2.3.bb:do_package_write_deb_setscene)
NOTE: Running setscene task 1192 of 1228 (/home/deby/poky/meta/recipes-graphics/xorg-lib/libsm_1.2.3.bb:do_populate_lic_setscene)
NOTE: Running setscene task 1195 of 1228 (/home/deby/poky/meta/recipes-graphics/xorg-lib/libxcb_1.13.1.bb:do_package_qa_setscene)
NOTE: Running setscene task 1196 of 1228 (/home/deby/poky/meta/recipes-graphics/xorg-lib/libxcb_1.13.1.bb:do_package_write_deb_setscene)
NOTE: Running setscene task 1197 of 1228 (/home/deby/poky/meta/recipes-graphics/xorg-lib/libxcb_1.13.1.bb:do_populate_lic_setscene)
NOTE: Running setscene task 1198 of 1228 (/home/deby/poky/meta/recipes-graphics/xorg-lib/xtrans_1.3.5.bb:do_package_qa_setscene)
NOTE: Running setscene task 1199 of 1228 (/home/deby/poky/meta/recipes-graphics/xorg-lib/xtrans_1.3.5.bb:do_package_write_deb_setscene)
NOTE: Running setscene task 1200 of 1228 (/home/deby/poky/meta/recipes-graphics/xorg-lib/xtrans_1.3.5.bb:do_populate_lic_setscene)
NOTE: Running setscene task 1201 of 1228 (/home/deby/poky/meta/recipes-graphics/xorg-lib/libice_1.0.9.bb:do_package_qa_setscene)
NOTE: Running setscene task 1202 of 1228 (/home/deby/poky/meta/recipes-graphics/xorg-lib/libice_1.0.9.bb:do_package_write_deb_setscene)
NOTE: recipe libx11-1_1.6.7-r0: task do_populate_lic_setscene: Started
NOTE: recipe libxcb-1.13.1-r0: task do_package_qa_setscene: Started
NOTE: recipe libsm-1_1.2.3-r0: task do_populate_sysroot_setscene: Started
NOTE: recipe libsm-1_1.2.3-r0: task do_populate_lic_setscene: Started
NOTE: recipe xtrans-1_1.3.5-r0: task do_package_qa_setscene: Started
NOTE: recipe libx11-1_1.6.7-r0: task do_package_write_deb_setscene: Started
NOTE: recipe libx11-1_1.6.7-r0: task do_package_qa_setscene: Started
NOTE: recipe xtrans-1_1.3.5-r0: task do_package_write_deb_setscene: Started
NOTE: recipe libx11-1_1.6.7-r0: task do_populate_sysroot_setscene: Started
NOTE: recipe libxcb-1.13.1-r0: task do_package_qa_setscene: Succeeded
NOTE: Running setscene task 1203 of 1228 (/home/deby/poky/meta/recipes-graphics/xorg-lib/libice_1.0.9.bb:do_populate_lic_setscene)
NOTE: recipe libxcb-1.13.1-r0: task do_package_write_deb_setscene: Started
NOTE: recipe libsm-1_1.2.3-r0: task do_package_write_deb_setscene: Started
NOTE: recipe libx11-1_1.6.7-r0: task do_populate_lic_setscene: Succeeded
NOTE: recipe libxcb-1.13.1-r0: task do_populate_lic_setscene: Started
NOTE: Running setscene task 1204 of 1228 (/home/deby/poky/meta/recipes-graphics/xorg-lib/libxau_1.0.9.bb:do_package_qa_setscene)
NOTE: recipe libsm-1_1.2.3-r0: task do_package_qa_setscene: Started
NOTE: recipe xtrans-1_1.3.5-r0: task do_package_qa_setscene: Succeeded
NOTE: recipe libice-1_1.0.9-r0: task do_package_write_deb_setscene: Started
NOTE: Running setscene task 1205 of 1228 (/home/deby/poky/meta/recipes-graphics/xorg-lib/libxau_1.0.9.bb:do_package_write_deb_setscene)
NOTE: recipe libice-1_1.0.9-r0: task do_package_qa_setscene: Started
NOTE: recipe xtrans-1_1.3.5-r0: task do_populate_lic_setscene: Started
NOTE: recipe libsm-1_1.2.3-r0: task do_populate_sysroot_setscene: Succeeded
NOTE: Running setscene task 1206 of 1228 (/home/deby/poky/meta/recipes-graphics/xorg-lib/libxau_1.0.9.bb:do_populate_lic_setscene)
NOTE: recipe libsm-1_1.2.3-r0: task do_populate_lic_setscene: Succeeded
NOTE: Running setscene task 1207 of 1228 (/home/deby/poky/meta/recipes-graphics/xorg-lib/libxdmcp_1.1.2.bb:do_package_qa_setscene)
NOTE: recipe libice-1_1.0.9-r0: task do_populate_lic_setscene: Started
NOTE: recipe libxau-1_1.0.9-r0: task do_package_qa_setscene: Started
NOTE: recipe xtrans-1_1.3.5-r0: task do_package_write_deb_setscene: Succeeded
NOTE: Running setscene task 1208 of 1228 (/home/deby/poky/meta/recipes-graphics/xorg-lib/libxdmcp_1.1.2.bb:do_package_write_deb_setscene)
NOTE: recipe libxau-1_1.0.9-r0: task do_populate_lic_setscene: Started
NOTE: recipe libx11-1_1.6.7-r0: task do_package_qa_setscene: Succeeded
NOTE: Running setscene task 1209 of 1228 (/home/deby/poky/meta/recipes-graphics/xorg-lib/libxdmcp_1.1.2.bb:do_populate_lic_setscene)
NOTE: recipe libice-1_1.0.9-r0: task do_package_qa_setscene: Succeeded
NOTE: recipe libxau-1_1.0.9-r0: task do_package_write_deb_setscene: Started
NOTE: recipe libxdmcp-1_1.1.2-r0: task do_package_qa_setscene: Started
NOTE: recipe libxdmcp-1_1.1.2-r0: task do_package_write_deb_setscene: Started
NOTE: recipe libxdmcp-1_1.1.2-r0: task do_populate_lic_setscene: Started
NOTE: recipe libsm-1_1.2.3-r0: task do_package_write_deb_setscene: Succeeded
NOTE: recipe libxcb-1.13.1-r0: task do_populate_lic_setscene: Succeeded
NOTE: recipe libsm-1_1.2.3-r0: task do_package_qa_setscene: Succeeded
NOTE: Running setscene task 1210 of 1228 (/home/deby/poky/meta/recipes-graphics/xorg-lib/libsm_1.2.3.bb:do_packagedata_setscene)
NOTE: recipe libx11-1_1.6.7-r0: task do_package_write_deb_setscene: Succeeded
NOTE: Running setscene task 1211 of 1228 (/home/deby/poky/meta/recipes-graphics/xorg-lib/libx11_1.6.7.bb:do_packagedata_setscene)
NOTE: recipe libxau-1_1.0.9-r0: task do_package_qa_setscene: Succeeded
NOTE: recipe libice-1_1.0.9-r0: task do_populate_lic_setscene: Succeeded
NOTE: recipe xtrans-1_1.3.5-r0: task do_populate_lic_setscene: Succeeded
NOTE: recipe libxau-1_1.0.9-r0: task do_populate_lic_setscene: Succeeded
NOTE: recipe libx11-1_1.6.7-r0: task do_packagedata_setscene: Started
NOTE: recipe libxcb-1.13.1-r0: task do_package_write_deb_setscene: Succeeded
NOTE: recipe libsm-1_1.2.3-r0: task do_packagedata_setscene: Started
NOTE: recipe libxdmcp-1_1.1.2-r0: task do_package_qa_setscene: Succeeded
NOTE: recipe libxau-1_1.0.9-r0: task do_package_write_deb_setscene: Succeeded
NOTE: recipe libxdmcp-1_1.1.2-r0: task do_package_write_deb_setscene: Succeeded
NOTE: recipe libx11-1_1.6.7-r0: task do_populate_sysroot_setscene: Succeeded
NOTE: recipe libxdmcp-1_1.1.2-r0: task do_populate_lic_setscene: Succeeded
NOTE: recipe libice-1_1.0.9-r0: task do_package_write_deb_setscene: Succeeded
NOTE: recipe libx11-1_1.6.7-r0: task do_packagedata_setscene: Succeeded
NOTE: Running setscene task 1213 of 1228 (/home/deby/poky/meta/recipes-graphics/xorg-lib/libxcb_1.13.1.bb:do_populate_sysroot_setscene)
NOTE: Running setscene task 1214 of 1228 (/home/deby/poky/meta/recipes-graphics/xorg-lib/libxcb_1.13.1.bb:do_packagedata_setscene)
NOTE: recipe libsm-1_1.2.3-r0: task do_packagedata_setscene: Succeeded
NOTE: Running setscene task 1216 of 1228 (/home/deby/poky/meta/recipes-graphics/xorg-lib/libice_1.0.9.bb:do_populate_sysroot_setscene)
NOTE: Running setscene task 1217 of 1228 (/home/deby/poky/meta/recipes-graphics/xorg-lib/libice_1.0.9.bb:do_packagedata_setscene)
NOTE: recipe libxcb-1.13.1-r0: task do_populate_sysroot_setscene: Started
NOTE: recipe libxcb-1.13.1-r0: task do_packagedata_setscene: Started
NOTE: recipe libice-1_1.0.9-r0: task do_packagedata_setscene: Started
NOTE: recipe libice-1_1.0.9-r0: task do_populate_sysroot_setscene: Started
NOTE: recipe libxcb-1.13.1-r0: task do_populate_sysroot_setscene: Succeeded
NOTE: recipe libice-1_1.0.9-r0: task do_populate_sysroot_setscene: Succeeded
NOTE: recipe libxcb-1.13.1-r0: task do_packagedata_setscene: Succeeded
NOTE: Running setscene task 1219 of 1228 (/home/deby/poky/meta/recipes-graphics/xorg-lib/libxau_1.0.9.bb:do_populate_sysroot_setscene)
NOTE: Running setscene task 1220 of 1228 (/home/deby/poky/meta/recipes-graphics/xorg-lib/libxau_1.0.9.bb:do_packagedata_setscene)
NOTE: Running setscene task 1221 of 1228 (/home/deby/poky/meta/recipes-graphics/xorg-lib/libxdmcp_1.1.2.bb:do_populate_sysroot_setscene)
NOTE: Running setscene task 1222 of 1228 (/home/deby/poky/meta/recipes-graphics/xorg-lib/libxdmcp_1.1.2.bb:do_packagedata_setscene)
NOTE: recipe libice-1_1.0.9-r0: task do_packagedata_setscene: Succeeded
NOTE: Running setscene task 1224 of 1228 (/home/deby/poky/meta/recipes-graphics/xorg-lib/xtrans_1.3.5.bb:do_populate_sysroot_setscene)
NOTE: Running setscene task 1225 of 1228 (/home/deby/poky/meta/recipes-graphics/xorg-lib/xtrans_1.3.5.bb:do_packagedata_setscene)
NOTE: recipe libxau-1_1.0.9-r0: task do_packagedata_setscene: Started
NOTE: recipe libxau-1_1.0.9-r0: task do_populate_sysroot_setscene: Started
NOTE: recipe libxdmcp-1_1.1.2-r0: task do_packagedata_setscene: Started
NOTE: recipe xtrans-1_1.3.5-r0: task do_packagedata_setscene: Started
NOTE: recipe libxdmcp-1_1.1.2-r0: task do_populate_sysroot_setscene: Started
NOTE: recipe xtrans-1_1.3.5-r0: task do_populate_sysroot_setscene: Started
NOTE: recipe libxau-1_1.0.9-r0: task do_packagedata_setscene: Succeeded
NOTE: recipe xtrans-1_1.3.5-r0: task do_packagedata_setscene: Succeeded
NOTE: recipe libxau-1_1.0.9-r0: task do_populate_sysroot_setscene: Succeeded
NOTE: recipe xtrans-1_1.3.5-r0: task do_populate_sysroot_setscene: Succeeded
NOTE: recipe libxdmcp-1_1.1.2-r0: task do_populate_sysroot_setscene: Succeeded
NOTE: recipe libxdmcp-1_1.1.2-r0: task do_packagedata_setscene: Succeeded
NOTE: Executing RunQueue Tasks
NOTE: Running task 263 of 3506 (/home/deby/poky/meta-debian/recipes-debian/gcc/gcc-crosssdk_debian.bb:do_prepare_recipe_sysroot)
NOTE: Running task 371 of 3506 (virtual:nativesdk:/home/deby/poky/meta-debian/recipes-debian/glibc/glibc_debian.bb:do_debian_patch)
NOTE: Running task 372 of 3506 (virtual:nativesdk:/home/deby/poky/meta-debian/recipes-kernel/linux-libc-headers/linux-libc-headers-base_git.bb:do_populate_sysroot)
NOTE: Running task 791 of 3506 (virtual:nativesdk:/home/deby/poky/meta/recipes-graphics/xorg-util/util-macros_1.19.2.bb:do_patch)
NOTE: Running task 878 of 3506 (virtual:nativesdk:/home/deby/poky/meta/recipes-devtools/opkg-utils/opkg-utils_0.4.0.bb:do_patch)
NOTE: Running task 985 of 3506 (virtual:nativesdk:/home/deby/poky/meta-debian/recipes-debian/ncurses/ncurses_debian.bb:do_unpack)
NOTE: Running task 1008 of 3506 (virtual:nativesdk:/home/deby/poky/meta/recipes-graphics/xorg-proto/xorgproto_2018.4.bb:do_unpack)
NOTE: Running task 1039 of 3506 (virtual:nativesdk:/home/deby/poky/meta-debian/recipes-debian/bzip2/bzip2_debian.bb:do_unpack)
NOTE: Running task 1044 of 3506 (virtual:nativesdk:/home/deby/poky/meta-debian/recipes-debian/zlib/zlib_debian.bb:do_debian_unpack_extra)
NOTE: recipe gcc-crosssdk-x86_64-debysdk-linux-8.3.0-r0: task do_prepare_recipe_sysroot: Started
NOTE: Running task 1083 of 3506 (virtual:nativesdk:/home/deby/poky/meta-debian/recipes-debian/openssl/openssl_debian.bb:do_unpack)
NOTE: Running task 1090 of 3506 (virtual:nativesdk:/home/deby/poky/meta/recipes-graphics/xorg-lib/xtrans_1.3.5.bb:do_fetch)
NOTE: Running task 1091 of 3506 (virtual:nativesdk:/home/deby/poky/meta/recipes-graphics/xorg-lib/libxcb_1.13.1.bb:do_fetch)
NOTE: Running task 1094 of 3506 (virtual:nativesdk:/home/deby/poky/meta-debian/recipes-debian/readline/readline_debian.bb:do_unpack)
NOTE: Running task 1095 of 3506 (virtual:nativesdk:/home/deby/poky/meta/recipes-extended/xz/xz_5.2.4.bb:do_fetch)
NOTE: Running task 1106 of 3506 (virtual:nativesdk:/home/deby/poky/meta/recipes-core/libxcrypt/libxcrypt.bb:do_unpack)
NOTE: Running task 1113 of 3506 (virtual:nativesdk:/home/deby/poky/meta/recipes-support/sqlite/sqlite3_3.27.2.bb:do_fetch)
NOTE: recipe nativesdk-xtrans-1_1.3.5-r0: task do_fetch: Started
NOTE: recipe nativesdk-xz-5.2.4-r0: task do_fetch: Started
NOTE: recipe nativesdk-libxcb-1.13.1-r0: task do_fetch: Started
NOTE: recipe nativesdk-sqlite3-3_3.27.2-r0: task do_fetch: Started
NOTE: recipe nativesdk-zlib-1.2.11-r0: task do_debian_unpack_extra: Started
NOTE: recipe nativesdk-opkg-utils-0.4.0-r0: task do_patch: Started
NOTE: recipe nativesdk-util-macros-1_1.19.2-r0: task do_patch: Started
NOTE: recipe nativesdk-glibc-2.28-r0: task do_debian_patch: Started
NOTE: recipe nativesdk-sqlite3-3_3.27.2-r0: task do_fetch: Succeeded
NOTE: Running task 1115 of 3506 (virtual:nativesdk:/home/deby/poky/meta/recipes-extended/libtirpc/libtirpc_1.0.3.bb:do_unpack)
NOTE: recipe nativesdk-xtrans-1_1.3.5-r0: task do_fetch: Succeeded
NOTE: Running task 1117 of 3506 (virtual:nativesdk:/home/deby/poky/meta/recipes-graphics/xorg-lib/libx11_1.6.7.bb:do_fetch)
NOTE: recipe nativesdk-libxcb-1.13.1-r0: task do_fetch: Succeeded
NOTE: Running task 1118 of 3506 (virtual:nativesdk:/home/deby/poky/meta/recipes-support/libffi/libffi_3.2.1.bb:do_fetch)
NOTE: recipe nativesdk-xz-5.2.4-r0: task do_fetch: Succeeded
NOTE: Running task 1119 of 3506 (virtual:nativesdk:/home/deby/poky/meta/recipes-core/util-linux/util-linux_2.32.1.bb:do_fetch)
NOTE: recipe nativesdk-readline-7.0-r0: task do_unpack: Started
NOTE: recipe nativesdk-ncurses-6.1+20181013-r0: task do_unpack: Started
NOTE: recipe nativesdk-xorgproto-2018.4-r0: task do_unpack: Started
NOTE: recipe nativesdk-openssl-1.1.1c-r0: task do_unpack: Started
NOTE: recipe nativesdk-zlib-1.2.11-r0: task do_debian_unpack_extra: Succeeded
NOTE: Running task 1120 of 3506 (virtual:nativesdk:/home/deby/poky/meta-debian/recipes-debian/zlib/zlib_debian.bb:do_debian_patch)
NOTE: recipe nativesdk-bzip2-1.0.6-r0: task do_unpack: Started
NOTE: recipe nativesdk-libxcrypt-4.4.2-r0: task do_unpack: Started
NOTE: recipe nativesdk-libffi-3.2.1-r0: task do_fetch: Started
NOTE: recipe nativesdk-libx11-1_1.6.7-r0: task do_fetch: Started
NOTE: recipe nativesdk-libtirpc-1.0.3-r0: task do_unpack: Started
NOTE: recipe nativesdk-zlib-1.2.11-r0: task do_debian_patch: Started
NOTE: recipe nativesdk-util-linux-2.32.1-r0: task do_fetch: Started
NOTE: recipe nativesdk-libx11-1_1.6.7-r0: task do_fetch: Succeeded
NOTE: Running task 1130 of 3506 (virtual:nativesdk:/home/deby/poky/meta/recipes-graphics/xorg-proto/xcb-proto_1.13.bb:do_unpack)
NOTE: recipe gcc-crosssdk-x86_64-debysdk-linux-8.3.0-r0: task do_prepare_recipe_sysroot: Succeeded
NOTE: Running task 1131 of 3506 (/home/deby/poky/meta-debian/recipes-debian/gcc/gcc-crosssdk_debian.bb:do_configure)
NOTE: recipe gcc-crosssdk-x86_64-debysdk-linux-8.3.0-r0: task do_configure: Started
ERROR: nativesdk-glibc-2.28-r0 do_debian_patch: unknown quilt patches already applied
ERROR: nativesdk-glibc-2.28-r0 do_debian_patch: Function failed: do_debian_patch (log file is located at /home/deby/build/tmp/work/x86_64-nativesdk-debysdk-linux/nativesdk-glibc/2.28-r0/temp/log.do_debian_patch.26071)
ERROR: Logfile of failure stored in: /home/deby/build/tmp/work/x86_64-nativesdk-debysdk-linux/nativesdk-glibc/2.28-r0/temp/log.do_debian_patch.26071
NOTE: recipe nativesdk-glibc-2.28-r0: task do_debian_patch: Failed
ERROR: Task (virtual:nativesdk:/home/deby/poky/meta-debian/recipes-debian/glibc/glibc_debian.bb:do_debian_patch) failed with exit code '1'
NOTE: Running task 1132 of 3506 (virtual:nativesdk:/home/deby/poky/meta/recipes-graphics/xorg-lib/libxau_1.0.9.bb:do_unpack)
NOTE: recipe nativesdk-util-linux-2.32.1-r0: task do_fetch: Succeeded
NOTE: recipe nativesdk-libffi-3.2.1-r0: task do_fetch: Succeeded
NOTE: recipe nativesdk-xcb-proto-1.13-r0: task do_unpack: Started
NOTE: recipe nativesdk-xorgproto-2018.4-r0: task do_unpack: Succeeded
NOTE: recipe nativesdk-xcb-proto-1.13-r0: task do_unpack: Succeeded
NOTE: recipe nativesdk-util-macros-1_1.19.2-r0: task do_patch: Succeeded
NOTE: recipe nativesdk-libxau-1_1.0.9-r0: task do_unpack: Started
NOTE: recipe nativesdk-libxau-1_1.0.9-r0: task do_unpack: Succeeded
NOTE: recipe nativesdk-opkg-utils-0.4.0-r0: task do_patch: Succeeded
NOTE: recipe nativesdk-zlib-1.2.11-r0: task do_debian_patch: Succeeded
NOTE: recipe nativesdk-linux-libc-headers-base-gitAUTOINC+5b7dee96a2-r0: task do_populate_sysroot: Started
NOTE: recipe nativesdk-libxcrypt-4.4.2-r0: task do_unpack: Succeeded
NOTE: recipe nativesdk-bzip2-1.0.6-r0: task do_unpack: Succeeded
NOTE: recipe nativesdk-libtirpc-1.0.3-r0: task do_unpack: Succeeded
NOTE: recipe nativesdk-readline-7.0-r0: task do_unpack: Succeeded
NOTE: recipe nativesdk-ncurses-6.1+20181013-r0: task do_unpack: Succeeded
NOTE: recipe nativesdk-openssl-1.1.1c-r0: task do_unpack: Succeeded
NOTE: recipe nativesdk-linux-libc-headers-base-gitAUTOINC+5b7dee96a2-r0: task do_populate_sysroot: Succeeded
NOTE: recipe gcc-crosssdk-x86_64-debysdk-linux-8.3.0-r0: task do_configure: Succeeded
NOTE: Tasks Summary: Attempted 1132 tasks of which 1108 didn't need to be rerun and 1 failed.

Summary: 1 task failed:
  virtual:nativesdk:/home/deby/poky/meta-debian/recipes-debian/glibc/glibc_debian.bb:do_debian_patch
Summary: There was 1 WARNING message shown.
Summary: There were 2 ERROR messages shown, returning a non-zero exit code.
