WARNING: Host distribution "debian-10" has not been validated with this version of the build system; you may possibly experience unexpected failures. It is recommended that you use a tested distribution.
Loading cache...done.
Loaded 1440 entries from dependency cache.
NOTE: Resolving any missing task queue dependencies

Build Configuration:
BB_VERSION           = "1.42.0"
BUILD_SYS            = "x86_64-linux"
NATIVELSBSTRING      = "universal"
TARGET_SYS           = "i586-deby-linux"
MACHINE              = "qemux86"
DISTRO               = "deby"
DISTRO_VERSION       = "10.0"
TUNE_FEATURES        = "m32 i586"
TARGET_FPU           = ""
meta                 
meta-poky            = "warrior:51223035e66c5b27799b15a0f8ebe75d24d3971b"
meta-debian          = "warrior-trungdt:47b755ebe41c5afc0ea94d75b55c4f0efd8983fe"

Initialising tasks...done.
Sstate summary: Wanted 30 Found 2 Missed 28 Current 61 (6% match, 69% complete)
NOTE: Executing SetScene Tasks
NOTE: Executing RunQueue Tasks
NOTE: Running task 258 of 575 (virtual:nativesdk:/home/deby/poky/meta-debian/recipes-debian/glibc/glibc_debian.bb:do_debian_patch)
NOTE: Running task 478 of 575 (virtual:nativesdk:/home/deby/poky/meta-debian/recipes-debian/m4/m4_debian.bb:do_debian_patch)
NOTE: Running task 500 of 575 (virtual:nativesdk:/home/deby/poky/meta-debian/recipes-debian/automake/automake_debian.bb:do_debian_unpack_extra)
NOTE: Running task 503 of 575 (virtual:nativesdk:/home/deby/poky/meta-debian/recipes-debian/autoconf/autoconf_debian.bb:do_debian_unpack_extra)
NOTE: Running task 505 of 575 (virtual:nativesdk:/home/deby/poky/meta-debian/recipes-debian/perl/perl_debian.bb:do_debian_unpack_extra)
NOTE: recipe nativesdk-autoconf-2.69-r0: task do_debian_unpack_extra: Started
NOTE: recipe nativesdk-m4-1.4.18-r0: task do_debian_patch: Started
NOTE: recipe nativesdk-automake-1.16.1-r0: task do_debian_unpack_extra: Started
NOTE: recipe nativesdk-autoconf-2.69-r0: task do_debian_unpack_extra: Succeeded
NOTE: Running task 508 of 575 (virtual:nativesdk:/home/deby/poky/meta-debian/recipes-debian/autoconf/autoconf_debian.bb:do_debian_patch)
ERROR: nativesdk-m4-1.4.18-r0 do_debian_patch: unknown quilt patches already applied
ERROR: nativesdk-m4-1.4.18-r0 do_debian_patch: Function failed: do_debian_patch (log file is located at /home/deby/build/tmp/work/x86_64-nativesdk-debysdk-linux/nativesdk-m4/1.4.18-r0/temp/log.do_debian_patch.3220)
NOTE: recipe nativesdk-automake-1.16.1-r0: task do_debian_unpack_extra: Succeeded
ERROR: Logfile of failure stored in: /home/deby/build/tmp/work/x86_64-nativesdk-debysdk-linux/nativesdk-m4/1.4.18-r0/temp/log.do_debian_patch.3220
NOTE: recipe nativesdk-m4-1.4.18-r0: task do_debian_patch: Failed
ERROR: Task (virtual:nativesdk:/home/deby/poky/meta-debian/recipes-debian/m4/m4_debian.bb:do_debian_patch) failed with exit code '1'
NOTE: recipe nativesdk-perl-5.28.1-r1: task do_debian_unpack_extra: Started
NOTE: recipe nativesdk-glibc-2.28-r0: task do_debian_patch: Started
ERROR: nativesdk-glibc-2.28-r0 do_debian_patch: unknown quilt patches already applied
ERROR: nativesdk-glibc-2.28-r0 do_debian_patch: Function failed: do_debian_patch (log file is located at /home/deby/build/tmp/work/x86_64-nativesdk-debysdk-linux/nativesdk-glibc/2.28-r0/temp/log.do_debian_patch.3219)
ERROR: Logfile of failure stored in: /home/deby/build/tmp/work/x86_64-nativesdk-debysdk-linux/nativesdk-glibc/2.28-r0/temp/log.do_debian_patch.3219
NOTE: recipe nativesdk-glibc-2.28-r0: task do_debian_patch: Failed
ERROR: Task (virtual:nativesdk:/home/deby/poky/meta-debian/recipes-debian/glibc/glibc_debian.bb:do_debian_patch) failed with exit code '1'
NOTE: recipe nativesdk-perl-5.28.1-r1: task do_debian_unpack_extra: Succeeded
NOTE: recipe nativesdk-autoconf-2.69-r0: task do_debian_patch: Started
ERROR: nativesdk-autoconf-2.69-r0 do_debian_patch: unknown quilt patches already applied
ERROR: nativesdk-autoconf-2.69-r0 do_debian_patch: Function failed: do_debian_patch (log file is located at /home/deby/build/tmp/work/x86_64-nativesdk-debysdk-linux/nativesdk-autoconf/2.69-r0/temp/log.do_debian_patch.3225)
ERROR: Logfile of failure stored in: /home/deby/build/tmp/work/x86_64-nativesdk-debysdk-linux/nativesdk-autoconf/2.69-r0/temp/log.do_debian_patch.3225
NOTE: recipe nativesdk-autoconf-2.69-r0: task do_debian_patch: Failed
ERROR: Task (virtual:nativesdk:/home/deby/poky/meta-debian/recipes-debian/autoconf/autoconf_debian.bb:do_debian_patch) failed with exit code '1'
NOTE: Tasks Summary: Attempted 508 tasks of which 502 didn't need to be rerun and 3 failed.

Summary: 3 tasks failed:
  virtual:nativesdk:/home/deby/poky/meta-debian/recipes-debian/m4/m4_debian.bb:do_debian_patch
  virtual:nativesdk:/home/deby/poky/meta-debian/recipes-debian/glibc/glibc_debian.bb:do_debian_patch
  virtual:nativesdk:/home/deby/poky/meta-debian/recipes-debian/autoconf/autoconf_debian.bb:do_debian_patch
Summary: There was 1 WARNING message shown.
Summary: There were 6 ERROR messages shown, returning a non-zero exit code.
