Loading cache...done.
Loaded 1825 entries from dependency cache.
Parsing recipes...done.
Parsing of 1043 .bb files complete (1041 cached, 2 parsed). 1828 targets, 48 skipped, 0 masked, 0 errors.
NOTE: Resolving any missing task queue dependencies

Build Configuration:
BB_VERSION           = "1.42.0"
BUILD_SYS            = "x86_64-linux"
NATIVELSBSTRING      = "universal"
TARGET_SYS           = "i586-deby-linux"
MACHINE              = "qemux86"
DISTRO               = "deby"
DISTRO_VERSION       = "10.0"
TUNE_FEATURES        = "m32 i586"
TARGET_FPU           = ""
meta                 
meta-poky            = "warrior:79a850a10a4b88a6d20d607b322542f947874323"
meta-debian          = "warrior:2fa6d8525f0464064f8764856015185a0c4e5411"

Initialising tasks...done.
Sstate summary: Wanted 28 Found 20 Missed 8 Current 394 (71% match, 98% complete)
NOTE: Executing SetScene Tasks
NOTE: Running setscene task 400 of 422 (/home/deby/poky/meta-debian/recipes-debian/openssh/openssh_debian.bb:do_populate_lic_setscene)
NOTE: recipe openssh-7.9p1-r0: task do_populate_lic_setscene: Started
NOTE: recipe openssh-7.9p1-r0: task do_populate_lic_setscene: Succeeded
NOTE: Executing RunQueue Tasks
NOTE: Running task 1086 of 1959 (/home/deby/poky/meta-debian/recipes-debian/openssh/openssh_debian.bb:do_fetch)
NOTE: Running task 1642 of 1959 (/home/deby/poky/meta-debian/recipes-debian/rng-tools/rng-tools_debian.bb:do_prepare_recipe_sysroot)
NOTE: recipe openssh-7.9p1-r0: task do_fetch: Started
NOTE: recipe rng-tools-2-unofficial-mt.14-r0: task do_prepare_recipe_sysroot: Started
NOTE: recipe openssh-7.9p1-r0: task do_fetch: Succeeded
NOTE: Running task 1936 of 1959 (/home/deby/poky/meta-debian/recipes-debian/openssh/openssh_debian.bb:do_unpack)
NOTE: Running task 1937 of 1959 (/home/deby/poky/meta-debian/recipes-debian/openssh/openssh_debian.bb:do_prepare_recipe_sysroot)
NOTE: recipe openssh-7.9p1-r0: task do_unpack: Started
NOTE: recipe openssh-7.9p1-r0: task do_prepare_recipe_sysroot: Started
NOTE: recipe rng-tools-2-unofficial-mt.14-r0: task do_prepare_recipe_sysroot: Succeeded
NOTE: Running task 1938 of 1959 (/home/deby/poky/meta-debian/recipes-debian/rng-tools/rng-tools_debian.bb:do_configure)
NOTE: recipe openssh-7.9p1-r0: task do_unpack: Succeeded
NOTE: Running task 1939 of 1959 (/home/deby/poky/meta-debian/recipes-debian/openssh/openssh_debian.bb:do_debian_unpack_extra)
NOTE: recipe rng-tools-2-unofficial-mt.14-r0: task do_configure: Started
NOTE: recipe openssh-7.9p1-r0: task do_debian_unpack_extra: Started
NOTE: recipe openssh-7.9p1-r0: task do_debian_unpack_extra: Succeeded
NOTE: Running task 1940 of 1959 (/home/deby/poky/meta-debian/recipes-debian/openssh/openssh_debian.bb:do_debian_patch)
NOTE: recipe openssh-7.9p1-r0: task do_debian_patch: Started
NOTE: recipe openssh-7.9p1-r0: task do_prepare_recipe_sysroot: Succeeded
NOTE: recipe openssh-7.9p1-r0: task do_debian_patch: Succeeded
NOTE: Running task 1941 of 1959 (/home/deby/poky/meta-debian/recipes-debian/openssh/openssh_debian.bb:do_patch)
NOTE: recipe openssh-7.9p1-r0: task do_patch: Started
NOTE: recipe openssh-7.9p1-r0: task do_patch: Succeeded
NOTE: Running task 1942 of 1959 (/home/deby/poky/meta-debian/recipes-debian/openssh/openssh_debian.bb:do_configure)
NOTE: recipe openssh-7.9p1-r0: task do_configure: Started
NOTE: recipe rng-tools-2-unofficial-mt.14-r0: task do_configure: Succeeded
NOTE: Running task 1944 of 1959 (/home/deby/poky/meta-debian/recipes-debian/rng-tools/rng-tools_debian.bb:do_compile)
NOTE: recipe rng-tools-2-unofficial-mt.14-r0: task do_compile: Started
NOTE: recipe rng-tools-2-unofficial-mt.14-r0: task do_compile: Succeeded
NOTE: Running task 1945 of 1959 (/home/deby/poky/meta-debian/recipes-debian/rng-tools/rng-tools_debian.bb:do_install)
NOTE: recipe rng-tools-2-unofficial-mt.14-r0: task do_install: Started
NOTE: recipe rng-tools-2-unofficial-mt.14-r0: task do_install: Succeeded
NOTE: Running task 1946 of 1959 (/home/deby/poky/meta-debian/recipes-debian/rng-tools/rng-tools_debian.bb:do_package)
NOTE: recipe rng-tools-2-unofficial-mt.14-r0: task do_package: Started
NOTE: recipe rng-tools-2-unofficial-mt.14-r0: task do_package: Succeeded
NOTE: Running task 1947 of 1959 (/home/deby/poky/meta-debian/recipes-debian/rng-tools/rng-tools_debian.bb:do_packagedata)
NOTE: recipe rng-tools-2-unofficial-mt.14-r0: task do_packagedata: Started
NOTE: recipe rng-tools-2-unofficial-mt.14-r0: task do_packagedata: Succeeded
NOTE: Running task 1948 of 1959 (/home/deby/poky/meta-debian/recipes-debian/rng-tools/rng-tools_debian.bb:do_package_write_deb)
NOTE: recipe rng-tools-2-unofficial-mt.14-r0: task do_package_write_deb: Started
NOTE: recipe rng-tools-2-unofficial-mt.14-r0: task do_package_write_deb: Succeeded
NOTE: recipe openssh-7.9p1-r0: task do_configure: Succeeded
NOTE: Running task 1949 of 1959 (/home/deby/poky/meta-debian/recipes-debian/openssh/openssh_debian.bb:do_configure_ptest_base)
NOTE: recipe openssh-7.9p1-r0: task do_configure_ptest_base: Started
NOTE: recipe openssh-7.9p1-r0: task do_configure_ptest_base: Succeeded
NOTE: Running task 1950 of 1959 (/home/deby/poky/meta-debian/recipes-debian/openssh/openssh_debian.bb:do_compile)
NOTE: recipe openssh-7.9p1-r0: task do_compile: Started
NOTE: recipe openssh-7.9p1-r0: task do_compile: Succeeded
NOTE: Running task 1951 of 1959 (/home/deby/poky/meta-debian/recipes-debian/openssh/openssh_debian.bb:do_compile_ptest_base)
NOTE: recipe openssh-7.9p1-r0: task do_compile_ptest_base: Started
NOTE: recipe openssh-7.9p1-r0: task do_compile_ptest_base: Succeeded
NOTE: Running task 1952 of 1959 (/home/deby/poky/meta-debian/recipes-debian/openssh/openssh_debian.bb:do_install)
NOTE: recipe openssh-7.9p1-r0: task do_install: Started
NOTE: recipe openssh-7.9p1-r0: task do_install: Succeeded
NOTE: Running task 1953 of 1959 (/home/deby/poky/meta-debian/recipes-debian/openssh/openssh_debian.bb:do_install_ptest_base)
NOTE: recipe openssh-7.9p1-r0: task do_install_ptest_base: Started
NOTE: recipe openssh-7.9p1-r0: task do_install_ptest_base: Succeeded
NOTE: Running task 1954 of 1959 (/home/deby/poky/meta-debian/recipes-debian/openssh/openssh_debian.bb:do_package)
NOTE: Running task 1955 of 1959 (/home/deby/poky/meta-debian/recipes-debian/openssh/openssh_debian.bb:do_populate_sysroot)
NOTE: recipe openssh-7.9p1-r0: task do_package: Started
NOTE: recipe openssh-7.9p1-r0: task do_populate_sysroot: Started
NOTE: recipe openssh-7.9p1-r0: task do_populate_sysroot: Succeeded
NOTE: recipe openssh-7.9p1-r0: task do_package: Succeeded
NOTE: Running task 1956 of 1959 (/home/deby/poky/meta-debian/recipes-debian/openssh/openssh_debian.bb:do_packagedata)
NOTE: recipe openssh-7.9p1-r0: task do_packagedata: Started
NOTE: recipe openssh-7.9p1-r0: task do_packagedata: Succeeded
NOTE: Running task 1957 of 1959 (/home/deby/poky/meta-debian/recipes-debian/openssh/openssh_debian.bb:do_package_write_deb)
NOTE: Running task 1958 of 1959 (/home/deby/poky/meta-debian/recipes-debian/openssh/openssh_debian.bb:do_package_qa)
NOTE: recipe openssh-7.9p1-r0: task do_package_write_deb: Started
NOTE: recipe openssh-7.9p1-r0: task do_package_qa: Started
NOTE: recipe openssh-7.9p1-r0: task do_package_qa: Succeeded
NOTE: recipe openssh-7.9p1-r0: task do_package_write_deb: Succeeded
NOTE: Running noexec task 1959 of 1959 (/home/deby/poky/meta-debian/recipes-debian/openssh/openssh_debian.bb:do_build)
NOTE: Tasks Summary: Attempted 1959 tasks of which 1934 didn't need to be rerun and all succeeded.
