Loading cache...done.
Loaded 1746 entries from dependency cache.
Parsing recipes...done.
Parsing of 992 .bb files complete (990 cached, 2 parsed). 1733 targets, 43 skipped, 0 masked, 0 errors.
NOTE: Resolving any missing task queue dependencies

Build Configuration:
BB_VERSION           = "1.42.0"
BUILD_SYS            = "x86_64-linux"
NATIVELSBSTRING      = "universal"
TARGET_SYS           = "i586-deby-linux"
MACHINE              = "qemux86"
DISTRO               = "deby"
DISTRO_VERSION       = "10.0"
TUNE_FEATURES        = "m32 i586"
TARGET_FPU           = ""
meta                 
meta-poky            = "warrior:79a850a10a4b88a6d20d607b322542f947874323"
meta-debian          = "warrior:f7512bd96372e67fe4288cb5cb61cf52d282dd4e"

Initialising tasks...done.
Sstate summary: Wanted 12 Found 0 Missed 12 Current 452 (0% match, 97% complete)
NOTE: Executing SetScene Tasks
NOTE: Executing RunQueue Tasks
NOTE: Running task 1517 of 2111 (virtual:native:/home/deby/poky/meta/recipes-support/gnutls/gnutls_3.6.7.bb:do_compile)
NOTE: Running task 2086 of 2111 (/home/deby/poky/meta-debian/recipes-debian/prelude-manager/prelude-manager_debian.bb:do_populate_lic)
NOTE: recipe gnutls-native-3.6.7-r0: task do_compile: Started
NOTE: recipe prelude-manager-4.1.1-r0: task do_populate_lic: Started
NOTE: recipe prelude-manager-4.1.1-r0: task do_populate_lic: Succeeded
NOTE: recipe gnutls-native-3.6.7-r0: task do_compile: Succeeded
NOTE: Running task 2087 of 2111 (virtual:native:/home/deby/poky/meta/recipes-support/gnutls/gnutls_3.6.7.bb:do_install)
NOTE: recipe gnutls-native-3.6.7-r0: task do_install: Started
NOTE: recipe gnutls-native-3.6.7-r0: task do_install: Succeeded
NOTE: Running task 2088 of 2111 (virtual:native:/home/deby/poky/meta/recipes-support/gnutls/gnutls_3.6.7.bb:do_populate_sysroot)
NOTE: recipe gnutls-native-3.6.7-r0: task do_populate_sysroot: Started
NOTE: recipe gnutls-native-3.6.7-r0: task do_populate_sysroot: Succeeded
NOTE: Running task 2089 of 2111 (virtual:native:/home/deby/poky/meta-debian/recipes-debian/libprelude/libprelude_debian.bb:do_prepare_recipe_sysroot)
NOTE: recipe libprelude-native-4.1.0-r0: task do_prepare_recipe_sysroot: Started
NOTE: recipe libprelude-native-4.1.0-r0: task do_prepare_recipe_sysroot: Succeeded
NOTE: Running task 2090 of 2111 (virtual:native:/home/deby/poky/meta-debian/recipes-debian/libprelude/libprelude_debian.bb:do_configure)
NOTE: recipe libprelude-native-4.1.0-r0: task do_configure: Started
NOTE: recipe libprelude-native-4.1.0-r0: task do_configure: Succeeded
NOTE: Running task 2091 of 2111 (virtual:native:/home/deby/poky/meta-debian/recipes-debian/libprelude/libprelude_debian.bb:do_compile)
NOTE: recipe libprelude-native-4.1.0-r0: task do_compile: Started
NOTE: recipe libprelude-native-4.1.0-r0: task do_compile: Succeeded
NOTE: Running task 2092 of 2111 (virtual:native:/home/deby/poky/meta-debian/recipes-debian/libprelude/libprelude_debian.bb:do_install)
NOTE: recipe libprelude-native-4.1.0-r0: task do_install: Started
NOTE: recipe libprelude-native-4.1.0-r0: task do_install: Succeeded
NOTE: Running task 2093 of 2111 (virtual:native:/home/deby/poky/meta-debian/recipes-debian/libprelude/libprelude_debian.bb:do_populate_sysroot)
NOTE: recipe libprelude-native-4.1.0-r0: task do_populate_sysroot: Started
NOTE: recipe libprelude-native-4.1.0-r0: task do_populate_sysroot: Succeeded
NOTE: Running task 2094 of 2111 (/home/deby/poky/meta-debian/recipes-debian/libpreludedb/libpreludedb_debian.bb:do_prepare_recipe_sysroot)
NOTE: recipe libpreludedb-4.1.0-r0: task do_prepare_recipe_sysroot: Started
NOTE: recipe libpreludedb-4.1.0-r0: task do_prepare_recipe_sysroot: Succeeded
NOTE: Running task 2095 of 2111 (/home/deby/poky/meta-debian/recipes-debian/libpreludedb/libpreludedb_debian.bb:do_configure)
NOTE: recipe libpreludedb-4.1.0-r0: task do_configure: Started
NOTE: recipe libpreludedb-4.1.0-r0: task do_configure: Succeeded
NOTE: Running task 2096 of 2111 (/home/deby/poky/meta-debian/recipes-debian/libpreludedb/libpreludedb_debian.bb:do_compile)
NOTE: recipe libpreludedb-4.1.0-r0: task do_compile: Started
NOTE: recipe libpreludedb-4.1.0-r0: task do_compile: Succeeded
NOTE: Running task 2097 of 2111 (/home/deby/poky/meta-debian/recipes-debian/libpreludedb/libpreludedb_debian.bb:do_install)
NOTE: recipe libpreludedb-4.1.0-r0: task do_install: Started
NOTE: recipe libpreludedb-4.1.0-r0: task do_install: Succeeded
NOTE: Running task 2098 of 2111 (/home/deby/poky/meta-debian/recipes-debian/libpreludedb/libpreludedb_debian.bb:do_package)
NOTE: Running task 2099 of 2111 (/home/deby/poky/meta-debian/recipes-debian/libpreludedb/libpreludedb_debian.bb:do_populate_sysroot)
NOTE: recipe libpreludedb-4.1.0-r0: task do_populate_sysroot: Started
NOTE: recipe libpreludedb-4.1.0-r0: task do_package: Started
NOTE: recipe libpreludedb-4.1.0-r0: task do_populate_sysroot: Succeeded
NOTE: Running task 2100 of 2111 (/home/deby/poky/meta-debian/recipes-debian/prelude-manager/prelude-manager_debian.bb:do_prepare_recipe_sysroot)
NOTE: recipe prelude-manager-4.1.1-r0: task do_prepare_recipe_sysroot: Started
NOTE: recipe prelude-manager-4.1.1-r0: task do_prepare_recipe_sysroot: Succeeded
NOTE: Running task 2101 of 2111 (/home/deby/poky/meta-debian/recipes-debian/prelude-manager/prelude-manager_debian.bb:do_configure)
NOTE: recipe prelude-manager-4.1.1-r0: task do_configure: Started
NOTE: recipe libpreludedb-4.1.0-r0: task do_package: Succeeded
NOTE: Running task 2102 of 2111 (/home/deby/poky/meta-debian/recipes-debian/libpreludedb/libpreludedb_debian.bb:do_packagedata)
NOTE: recipe libpreludedb-4.1.0-r0: task do_packagedata: Started
NOTE: recipe libpreludedb-4.1.0-r0: task do_packagedata: Succeeded
NOTE: Running task 2103 of 2111 (/home/deby/poky/meta-debian/recipes-debian/libpreludedb/libpreludedb_debian.bb:do_package_write_deb)
NOTE: recipe libpreludedb-4.1.0-r0: task do_package_write_deb: Started
NOTE: recipe libpreludedb-4.1.0-r0: task do_package_write_deb: Succeeded
NOTE: recipe prelude-manager-4.1.1-r0: task do_configure: Succeeded
NOTE: Running task 2104 of 2111 (/home/deby/poky/meta-debian/recipes-debian/prelude-manager/prelude-manager_debian.bb:do_compile)
NOTE: recipe prelude-manager-4.1.1-r0: task do_compile: Started
NOTE: recipe prelude-manager-4.1.1-r0: task do_compile: Succeeded
NOTE: Running task 2105 of 2111 (/home/deby/poky/meta-debian/recipes-debian/prelude-manager/prelude-manager_debian.bb:do_install)
NOTE: recipe prelude-manager-4.1.1-r0: task do_install: Started
NOTE: recipe prelude-manager-4.1.1-r0: task do_install: Succeeded
NOTE: Running task 2106 of 2111 (/home/deby/poky/meta-debian/recipes-debian/prelude-manager/prelude-manager_debian.bb:do_package)
NOTE: Running task 2107 of 2111 (/home/deby/poky/meta-debian/recipes-debian/prelude-manager/prelude-manager_debian.bb:do_populate_sysroot)
NOTE: recipe prelude-manager-4.1.1-r0: task do_package: Started
NOTE: recipe prelude-manager-4.1.1-r0: task do_populate_sysroot: Started
NOTE: recipe prelude-manager-4.1.1-r0: task do_populate_sysroot: Succeeded
NOTE: recipe prelude-manager-4.1.1-r0: task do_package: Succeeded
NOTE: Running task 2108 of 2111 (/home/deby/poky/meta-debian/recipes-debian/prelude-manager/prelude-manager_debian.bb:do_packagedata)
NOTE: recipe prelude-manager-4.1.1-r0: task do_packagedata: Started
NOTE: recipe prelude-manager-4.1.1-r0: task do_packagedata: Succeeded
NOTE: Running task 2109 of 2111 (/home/deby/poky/meta-debian/recipes-debian/prelude-manager/prelude-manager_debian.bb:do_package_write_deb)
NOTE: Running task 2110 of 2111 (/home/deby/poky/meta-debian/recipes-debian/prelude-manager/prelude-manager_debian.bb:do_package_qa)
NOTE: recipe prelude-manager-4.1.1-r0: task do_package_write_deb: Started
NOTE: recipe prelude-manager-4.1.1-r0: task do_package_qa: Started
NOTE: recipe prelude-manager-4.1.1-r0: task do_package_write_deb: Succeeded
NOTE: recipe prelude-manager-4.1.1-r0: task do_package_qa: Succeeded
NOTE: Running noexec task 2111 of 2111 (/home/deby/poky/meta-debian/recipes-debian/prelude-manager/prelude-manager_debian.bb:do_build)
NOTE: Tasks Summary: Attempted 2111 tasks of which 2084 didn't need to be rerun and all succeeded.
