Loading cache...done.
Loaded 1825 entries from dependency cache.
Parsing recipes...done.
Parsing of 1043 .bb files complete (1041 cached, 2 parsed). 1828 targets, 48 skipped, 0 masked, 0 errors.
NOTE: Resolving any missing task queue dependencies

Build Configuration:
BB_VERSION           = "1.42.0"
BUILD_SYS            = "x86_64-linux"
NATIVELSBSTRING      = "universal"
TARGET_SYS           = "i586-deby-linux"
MACHINE              = "qemux86"
DISTRO               = "deby"
DISTRO_VERSION       = "10.0"
TUNE_FEATURES        = "m32 i586"
TARGET_FPU           = ""
meta                 
meta-poky            = "warrior:79a850a10a4b88a6d20d607b322542f947874323"
meta-debian          = "warrior:2fa6d8525f0464064f8764856015185a0c4e5411"

Initialising tasks...done.
Sstate summary: Wanted 29 Found 15 Missed 14 Current 399 (51% match, 96% complete)
NOTE: Executing SetScene Tasks
NOTE: Executing RunQueue Tasks
NOTE: Running task 1624 of 1998 (/home/deby/poky/meta-debian/recipes-debian/python-bcrypt/python3-bcrypt_debian.bb:do_prepare_recipe_sysroot)
NOTE: Running task 1674 of 1998 (/home/deby/poky/meta-debian/recipes-debian/python-cffi/python3-cffi_debian.bb:do_prepare_recipe_sysroot)
NOTE: Running task 1766 of 1998 (/home/deby/poky/meta-debian/recipes-debian/ply/python3-ply_debian.bb:do_prepare_recipe_sysroot)
NOTE: Running task 1780 of 1998 (/home/deby/poky/meta-debian/recipes-debian/pycparser/python3-pycparser_debian.bb:do_prepare_recipe_sysroot)
NOTE: recipe python3-bcrypt-3.1.6-r0: task do_prepare_recipe_sysroot: Started
NOTE: recipe python3-cffi-1.12.2-r0: task do_prepare_recipe_sysroot: Started
NOTE: recipe python3-ply-3.11-r0: task do_prepare_recipe_sysroot: Started
NOTE: recipe python3-pycparser-2.19-r0: task do_prepare_recipe_sysroot: Started
NOTE: recipe python3-cffi-1.12.2-r0: task do_prepare_recipe_sysroot: Succeeded
NOTE: Running task 1972 of 1998 (/home/deby/poky/meta-debian/recipes-debian/python-cffi/python3-cffi_debian.bb:do_configure)
NOTE: recipe python3-bcrypt-3.1.6-r0: task do_prepare_recipe_sysroot: Succeeded
NOTE: Running task 1973 of 1998 (/home/deby/poky/meta-debian/recipes-debian/python-bcrypt/python3-bcrypt_debian.bb:do_configure)
NOTE: recipe python3-ply-3.11-r0: task do_prepare_recipe_sysroot: Succeeded
NOTE: recipe python3-pycparser-2.19-r0: task do_prepare_recipe_sysroot: Succeeded
NOTE: recipe python3-cffi-1.12.2-r0: task do_configure: Started
NOTE: Running task 1974 of 1998 (/home/deby/poky/meta-debian/recipes-debian/ply/python3-ply_debian.bb:do_configure)
NOTE: Running task 1975 of 1998 (/home/deby/poky/meta-debian/recipes-debian/pycparser/python3-pycparser_debian.bb:do_configure)
NOTE: recipe python3-bcrypt-3.1.6-r0: task do_configure: Started
NOTE: recipe python3-pycparser-2.19-r0: task do_configure: Started
NOTE: recipe python3-ply-3.11-r0: task do_configure: Started
NOTE: recipe python3-ply-3.11-r0: task do_configure: Succeeded
NOTE: recipe python3-cffi-1.12.2-r0: task do_configure: Succeeded
NOTE: Running task 1976 of 1998 (/home/deby/poky/meta-debian/recipes-debian/ply/python3-ply_debian.bb:do_compile)
NOTE: Running task 1977 of 1998 (/home/deby/poky/meta-debian/recipes-debian/python-cffi/python3-cffi_debian.bb:do_compile)
NOTE: recipe python3-ply-3.11-r0: task do_compile: Started
NOTE: recipe python3-cffi-1.12.2-r0: task do_compile: Started
NOTE: recipe python3-pycparser-2.19-r0: task do_configure: Succeeded
NOTE: Running task 1978 of 1998 (/home/deby/poky/meta-debian/recipes-debian/pycparser/python3-pycparser_debian.bb:do_compile)
NOTE: recipe python3-bcrypt-3.1.6-r0: task do_configure: Succeeded
NOTE: Running task 1979 of 1998 (/home/deby/poky/meta-debian/recipes-debian/python-bcrypt/python3-bcrypt_debian.bb:do_compile)
NOTE: recipe python3-pycparser-2.19-r0: task do_compile: Started
NOTE: recipe python3-ply-3.11-r0: task do_compile: Succeeded
NOTE: Running task 1980 of 1998 (/home/deby/poky/meta-debian/recipes-debian/ply/python3-ply_debian.bb:do_install)
NOTE: recipe python3-cffi-1.12.2-r0: task do_compile: Succeeded
NOTE: recipe python3-bcrypt-3.1.6-r0: task do_compile: Started
NOTE: recipe python3-pycparser-2.19-r0: task do_compile: Succeeded
NOTE: Running task 1981 of 1998 (/home/deby/poky/meta-debian/recipes-debian/python-cffi/python3-cffi_debian.bb:do_install)
NOTE: Running task 1982 of 1998 (/home/deby/poky/meta-debian/recipes-debian/pycparser/python3-pycparser_debian.bb:do_install)
NOTE: recipe python3-ply-3.11-r0: task do_install: Started
NOTE: recipe python3-cffi-1.12.2-r0: task do_install: Started
NOTE: recipe python3-pycparser-2.19-r0: task do_install: Started
NOTE: recipe python3-ply-3.11-r0: task do_install: Succeeded
NOTE: Running task 1983 of 1998 (/home/deby/poky/meta-debian/recipes-debian/ply/python3-ply_debian.bb:do_package)
NOTE: recipe python3-ply-3.11-r0: task do_package: Started
NOTE: recipe python3-bcrypt-3.1.6-r0: task do_compile: Succeeded
NOTE: Running task 1984 of 1998 (/home/deby/poky/meta-debian/recipes-debian/python-bcrypt/python3-bcrypt_debian.bb:do_install)
NOTE: recipe python3-pycparser-2.19-r0: task do_install: Succeeded
NOTE: Running task 1985 of 1998 (/home/deby/poky/meta-debian/recipes-debian/pycparser/python3-pycparser_debian.bb:do_package)
NOTE: recipe python3-cffi-1.12.2-r0: task do_install: Succeeded
NOTE: Running task 1986 of 1998 (/home/deby/poky/meta-debian/recipes-debian/python-cffi/python3-cffi_debian.bb:do_package)
NOTE: recipe python3-pycparser-2.19-r0: task do_package: Started
NOTE: recipe python3-cffi-1.12.2-r0: task do_package: Started
NOTE: recipe python3-bcrypt-3.1.6-r0: task do_install: Started
NOTE: recipe python3-ply-3.11-r0: task do_package: Succeeded
NOTE: Running task 1987 of 1998 (/home/deby/poky/meta-debian/recipes-debian/ply/python3-ply_debian.bb:do_packagedata)
NOTE: recipe python3-ply-3.11-r0: task do_packagedata: Started
NOTE: recipe python3-ply-3.11-r0: task do_packagedata: Succeeded
NOTE: Running task 1988 of 1998 (/home/deby/poky/meta-debian/recipes-debian/ply/python3-ply_debian.bb:do_package_write_deb)
NOTE: recipe python3-ply-3.11-r0: task do_package_write_deb: Started
NOTE: recipe python3-pycparser-2.19-r0: task do_package: Succeeded
NOTE: Running task 1989 of 1998 (/home/deby/poky/meta-debian/recipes-debian/pycparser/python3-pycparser_debian.bb:do_packagedata)
NOTE: recipe python3-pycparser-2.19-r0: task do_packagedata: Started
NOTE: recipe python3-bcrypt-3.1.6-r0: task do_install: Succeeded
NOTE: Running task 1990 of 1998 (/home/deby/poky/meta-debian/recipes-debian/python-bcrypt/python3-bcrypt_debian.bb:do_package)
NOTE: Running task 1991 of 1998 (/home/deby/poky/meta-debian/recipes-debian/python-bcrypt/python3-bcrypt_debian.bb:do_populate_sysroot)
NOTE: recipe python3-pycparser-2.19-r0: task do_packagedata: Succeeded
NOTE: Running task 1992 of 1998 (/home/deby/poky/meta-debian/recipes-debian/pycparser/python3-pycparser_debian.bb:do_package_write_deb)
NOTE: recipe python3-bcrypt-3.1.6-r0: task do_package: Started
NOTE: recipe python3-bcrypt-3.1.6-r0: task do_populate_sysroot: Started
NOTE: recipe python3-pycparser-2.19-r0: task do_package_write_deb: Started
NOTE: recipe python3-ply-3.11-r0: task do_package_write_deb: Succeeded
NOTE: recipe python3-cffi-1.12.2-r0: task do_package: Succeeded
NOTE: Running task 1993 of 1998 (/home/deby/poky/meta-debian/recipes-debian/python-cffi/python3-cffi_debian.bb:do_packagedata)
NOTE: recipe python3-cffi-1.12.2-r0: task do_packagedata: Started
NOTE: recipe python3-bcrypt-3.1.6-r0: task do_populate_sysroot: Succeeded
NOTE: recipe python3-pycparser-2.19-r0: task do_package_write_deb: Succeeded
NOTE: recipe python3-cffi-1.12.2-r0: task do_packagedata: Succeeded
NOTE: Running task 1994 of 1998 (/home/deby/poky/meta-debian/recipes-debian/python-cffi/python3-cffi_debian.bb:do_package_write_deb)
NOTE: recipe python3-cffi-1.12.2-r0: task do_package_write_deb: Started
NOTE: recipe python3-bcrypt-3.1.6-r0: task do_package: Succeeded
NOTE: Running task 1995 of 1998 (/home/deby/poky/meta-debian/recipes-debian/python-bcrypt/python3-bcrypt_debian.bb:do_packagedata)
NOTE: recipe python3-bcrypt-3.1.6-r0: task do_packagedata: Started
NOTE: recipe python3-bcrypt-3.1.6-r0: task do_packagedata: Succeeded
NOTE: Running task 1996 of 1998 (/home/deby/poky/meta-debian/recipes-debian/python-bcrypt/python3-bcrypt_debian.bb:do_package_write_deb)
NOTE: Running task 1997 of 1998 (/home/deby/poky/meta-debian/recipes-debian/python-bcrypt/python3-bcrypt_debian.bb:do_package_qa)
NOTE: recipe python3-cffi-1.12.2-r0: task do_package_write_deb: Succeeded
NOTE: recipe python3-bcrypt-3.1.6-r0: task do_package_write_deb: Started
NOTE: recipe python3-bcrypt-3.1.6-r0: task do_package_qa: Started
NOTE: recipe python3-bcrypt-3.1.6-r0: task do_package_qa: Succeeded
NOTE: recipe python3-bcrypt-3.1.6-r0: task do_package_write_deb: Succeeded
NOTE: Running noexec task 1998 of 1998 (/home/deby/poky/meta-debian/recipes-debian/python-bcrypt/python3-bcrypt_debian.bb:do_build)
NOTE: Tasks Summary: Attempted 1998 tasks of which 1967 didn't need to be rerun and all succeeded.
