Loading cache...done.
Loaded 1723 entries from dependency cache.
Parsing recipes...WARNING: /home/deby/poky/meta/recipes-devtools/gdb/gdb-cross_8.3.1.bb: Unable to get checksum for gdb-cross-i586 SRC_URI entry 0001-gdbserver-ctrl-c-handling.patch: file could not be found
WARNING: /home/deby/poky/meta/recipes-devtools/gdb/gdb-cross-canadian_8.3.1.bb: Unable to get checksum for gdb-cross-canadian-i586 SRC_URI entry 0001-gdbserver-ctrl-c-handling.patch: file could not be found
WARNING: /home/deby/poky/meta/recipes-devtools/gdb/gdb_8.3.1.bb: Unable to get checksum for gdb SRC_URI entry 0001-gdbserver-ctrl-c-handling.patch: file could not be found
done.
Parsing of 992 .bb files complete (976 cached, 16 parsed). 1733 targets, 43 skipped, 0 masked, 0 errors.
NOTE: Resolving any missing task queue dependencies

Build Configuration:
BB_VERSION           = "1.42.0"
BUILD_SYS            = "x86_64-linux"
NATIVELSBSTRING      = "universal"
TARGET_SYS           = "i586-deby-linux"
MACHINE              = "qemux86"
DISTRO               = "deby"
DISTRO_VERSION       = "10.0"
TUNE_FEATURES        = "m32 i586"
TARGET_FPU           = ""
meta                 
meta-poky            = "warrior:79a850a10a4b88a6d20d607b322542f947874323"
meta-debian          = "warrior:065aa7dcd28d697d2d493e1f188deb4f78253725"

Initialising tasks...done.
Sstate summary: Wanted 32 Found 32 Missed 0 Current 389 (100% match, 100% complete)
NOTE: Executing SetScene Tasks
NOTE: Running setscene task 390 of 421 (/home/deby/poky/meta-debian/recipes-debian/pam/libpam_debian.bb:do_populate_sysroot_setscene)
NOTE: Running setscene task 391 of 421 (/home/deby/poky/meta-debian/recipes-debian/pam/libpam_debian.bb:do_package_write_deb_setscene)
NOTE: Running setscene task 392 of 421 (/home/deby/poky/meta-debian/recipes-debian/xorg-lib/libsm_debian.bb:do_populate_sysroot_setscene)
NOTE: Running setscene task 393 of 421 (/home/deby/poky/meta-debian/recipes-debian/xorg-lib/libsm_debian.bb:do_package_write_deb_setscene)
NOTE: Running setscene task 394 of 421 (/home/deby/poky/meta-debian/recipes-debian/xorg-lib/libx11_debian.bb:do_populate_sysroot_setscene)
NOTE: Running setscene task 395 of 421 (/home/deby/poky/meta-debian/recipes-debian/xorg-lib/libx11_debian.bb:do_package_write_deb_setscene)
NOTE: Running setscene task 396 of 421 (/home/deby/poky/meta-debian/recipes-debian/xorg-lib/xtrans_debian.bb:do_package_write_deb_setscene)
NOTE: Running setscene task 397 of 421 (/home/deby/poky/meta-debian/recipes-debian/xorg-lib/libice_debian.bb:do_package_write_deb_setscene)
NOTE: Running setscene task 398 of 421 (/home/deby/poky/meta-debian/recipes-debian/xorg-lib/libxcb_debian.bb:do_package_write_deb_setscene)
NOTE: Running setscene task 399 of 421 (/home/deby/poky/meta-debian/recipes-debian/xorg-lib/libxau_debian.bb:do_package_write_deb_setscene)
NOTE: Running setscene task 400 of 421 (/home/deby/poky/meta-debian/recipes-debian/xorg-lib/libxdmcp_debian.bb:do_package_write_deb_setscene)
NOTE: recipe libpam-1.3.1-r0: task do_package_write_deb_setscene: Started
NOTE: recipe libpam-1.3.1-r0: task do_populate_sysroot_setscene: Started
NOTE: recipe libpam-1.3.1-r0: task do_populate_sysroot_setscene: Succeeded
NOTE: recipe libxcb-1.13.1-r0: task do_package_write_deb_setscene: Started
NOTE: recipe xtrans-1.3.5-r0: task do_package_write_deb_setscene: Started
NOTE: recipe libx11-1.6.7-r0: task do_package_write_deb_setscene: Started
NOTE: recipe libsm-1.2.3-r0: task do_package_write_deb_setscene: Started
NOTE: recipe libpam-1.3.1-r0: task do_package_write_deb_setscene: Succeeded
NOTE: Running setscene task 401 of 421 (/home/deby/poky/meta-debian/recipes-debian/pam/libpam_debian.bb:do_packagedata_setscene)
NOTE: recipe libice-1.0.9-r0: task do_package_write_deb_setscene: Started
NOTE: recipe libxau-1.0.8-r0: task do_package_write_deb_setscene: Started
NOTE: recipe libxdmcp-1.1.2-r0: task do_package_write_deb_setscene: Started
NOTE: recipe libsm-1.2.3-r0: task do_populate_sysroot_setscene: Started
NOTE: recipe libx11-1.6.7-r0: task do_populate_sysroot_setscene: Started
NOTE: recipe libpam-1.3.1-r0: task do_packagedata_setscene: Started
NOTE: recipe libice-1.0.9-r0: task do_package_write_deb_setscene: Succeeded
NOTE: recipe xtrans-1.3.5-r0: task do_package_write_deb_setscene: Succeeded
NOTE: recipe libxdmcp-1.1.2-r0: task do_package_write_deb_setscene: Succeeded
NOTE: recipe libsm-1.2.3-r0: task do_package_write_deb_setscene: Succeeded
NOTE: recipe libxau-1.0.8-r0: task do_package_write_deb_setscene: Succeeded
NOTE: Running setscene task 402 of 421 (/home/deby/poky/meta-debian/recipes-debian/xorg-lib/libsm_debian.bb:do_packagedata_setscene)
NOTE: recipe libsm-1.2.3-r0: task do_populate_sysroot_setscene: Succeeded
NOTE: recipe libxcb-1.13.1-r0: task do_package_write_deb_setscene: Succeeded
NOTE: recipe libsm-1.2.3-r0: task do_packagedata_setscene: Started
NOTE: recipe libpam-1.3.1-r0: task do_packagedata_setscene: Succeeded
NOTE: recipe libx11-1.6.7-r0: task do_package_write_deb_setscene: Succeeded
NOTE: Running setscene task 404 of 421 (/home/deby/poky/meta-debian/recipes-debian/xorg-lib/libx11_debian.bb:do_packagedata_setscene)
NOTE: recipe libsm-1.2.3-r0: task do_packagedata_setscene: Succeeded
NOTE: Running setscene task 406 of 421 (/home/deby/poky/meta-debian/recipes-debian/xorg-lib/libice_debian.bb:do_populate_sysroot_setscene)
NOTE: Running setscene task 407 of 421 (/home/deby/poky/meta-debian/recipes-debian/xorg-lib/libice_debian.bb:do_packagedata_setscene)
NOTE: recipe libx11-1.6.7-r0: task do_packagedata_setscene: Started
NOTE: recipe libice-1.0.9-r0: task do_packagedata_setscene: Started
NOTE: recipe libice-1.0.9-r0: task do_populate_sysroot_setscene: Started
NOTE: recipe libx11-1.6.7-r0: task do_populate_sysroot_setscene: Succeeded
NOTE: recipe libx11-1.6.7-r0: task do_packagedata_setscene: Succeeded
NOTE: Running setscene task 409 of 421 (/home/deby/poky/meta-debian/recipes-debian/xorg-lib/libxcb_debian.bb:do_populate_sysroot_setscene)
NOTE: Running setscene task 410 of 421 (/home/deby/poky/meta-debian/recipes-debian/xorg-lib/libxcb_debian.bb:do_packagedata_setscene)
NOTE: recipe libxcb-1.13.1-r0: task do_populate_sysroot_setscene: Started
NOTE: recipe libxcb-1.13.1-r0: task do_packagedata_setscene: Started
NOTE: recipe libice-1.0.9-r0: task do_populate_sysroot_setscene: Succeeded
NOTE: recipe libice-1.0.9-r0: task do_packagedata_setscene: Succeeded
NOTE: Running setscene task 412 of 421 (/home/deby/poky/meta-debian/recipes-debian/xorg-lib/xtrans_debian.bb:do_populate_sysroot_setscene)
NOTE: Running setscene task 413 of 421 (/home/deby/poky/meta-debian/recipes-debian/xorg-lib/xtrans_debian.bb:do_packagedata_setscene)
NOTE: recipe libxcb-1.13.1-r0: task do_packagedata_setscene: Succeeded
NOTE: Running setscene task 415 of 421 (/home/deby/poky/meta-debian/recipes-debian/xorg-lib/libxau_debian.bb:do_packagedata_setscene)
NOTE: Running setscene task 416 of 421 (/home/deby/poky/meta-debian/recipes-debian/xorg-lib/libxdmcp_debian.bb:do_packagedata_setscene)
NOTE: recipe libxcb-1.13.1-r0: task do_populate_sysroot_setscene: Succeeded
NOTE: Running setscene task 417 of 421 (/home/deby/poky/meta-debian/recipes-debian/xorg-lib/libxau_debian.bb:do_populate_sysroot_setscene)
NOTE: Running setscene task 418 of 421 (/home/deby/poky/meta-debian/recipes-debian/xorg-lib/libxdmcp_debian.bb:do_populate_sysroot_setscene)
NOTE: recipe xtrans-1.3.5-r0: task do_packagedata_setscene: Started
NOTE: recipe xtrans-1.3.5-r0: task do_populate_sysroot_setscene: Started
NOTE: recipe libxau-1.0.8-r0: task do_packagedata_setscene: Started
NOTE: recipe libxdmcp-1.1.2-r0: task do_packagedata_setscene: Started
NOTE: recipe libxau-1.0.8-r0: task do_populate_sysroot_setscene: Started
NOTE: recipe libxdmcp-1.1.2-r0: task do_populate_sysroot_setscene: Started
NOTE: recipe xtrans-1.3.5-r0: task do_packagedata_setscene: Succeeded
NOTE: recipe xtrans-1.3.5-r0: task do_populate_sysroot_setscene: Succeeded
NOTE: recipe libxau-1.0.8-r0: task do_populate_sysroot_setscene: Succeeded
NOTE: recipe libxdmcp-1.1.2-r0: task do_packagedata_setscene: Succeeded
NOTE: recipe libxdmcp-1.1.2-r0: task do_populate_sysroot_setscene: Succeeded
NOTE: recipe libxau-1.0.8-r0: task do_packagedata_setscene: Succeeded
NOTE: Executing RunQueue Tasks
NOTE: Tasks Summary: Attempted 1947 tasks of which 1947 didn't need to be rerun and all succeeded.

Summary: There were 3 WARNING messages shown.
