Loading cache...done.
Loaded 1825 entries from dependency cache.
Parsing recipes...done.
Parsing of 1043 .bb files complete (1041 cached, 2 parsed). 1828 targets, 48 skipped, 0 masked, 0 errors.
NOTE: Resolving any missing task queue dependencies

Build Configuration:
BB_VERSION           = "1.42.0"
BUILD_SYS            = "x86_64-linux"
NATIVELSBSTRING      = "universal"
TARGET_SYS           = "i586-deby-linux"
MACHINE              = "qemux86"
DISTRO               = "deby"
DISTRO_VERSION       = "10.0"
TUNE_FEATURES        = "m32 i586"
TARGET_FPU           = ""
meta                 
meta-poky            = "warrior:79a850a10a4b88a6d20d607b322542f947874323"
meta-debian          = "warrior:2fa6d8525f0464064f8764856015185a0c4e5411"

Initialising tasks...done.
Sstate summary: Wanted 17 Found 16 Missed 1 Current 395 (94% match, 99% complete)
NOTE: Executing SetScene Tasks
NOTE: Running setscene task 397 of 412 (/home/deby/poky/meta-debian/recipes-debian/util-linux/util-linux_debian.bb:do_package_setscene)
NOTE: recipe util-linux-2.33.1-r0: task do_package_setscene: Started
NOTE: recipe util-linux-2.33.1-r0: task do_package_setscene: Succeeded
NOTE: Executing RunQueue Tasks
NOTE: Running task 1918 of 1919 (/home/deby/poky/meta-debian/recipes-debian/util-linux/util-linux_debian.bb:do_package_qa)
NOTE: recipe util-linux-2.33.1-r0: task do_package_qa: Started
NOTE: recipe util-linux-2.33.1-r0: task do_package_qa: Succeeded
NOTE: Running noexec task 1919 of 1919 (/home/deby/poky/meta-debian/recipes-debian/util-linux/util-linux_debian.bb:do_build)
NOTE: Tasks Summary: Attempted 1919 tasks of which 1917 didn't need to be rerun and all succeeded.
