WARNING: Host distribution "debian" has not been validated with this version of the build system; you may possibly experience unexpected failures. It is recommended that you use a tested distribution.
Loading cache...done.
Loaded 1441 entries from dependency cache.
NOTE: Resolving any missing task queue dependencies

Build Configuration:
BB_VERSION           = "1.42.0"
BUILD_SYS            = "x86_64-linux"
NATIVELSBSTRING      = "universal"
TARGET_SYS           = "i586-deby-linux"
MACHINE              = "qemux86"
DISTRO               = "deby"
DISTRO_VERSION       = "10.0"
TUNE_FEATURES        = "m32 i586"
TARGET_FPU           = ""
meta                 
meta-poky            = "warrior:38d5c8ea98cfa49825c473eba8984c12edf062be"
meta-debian          = "warrior-trungdt:7eb1e361fbd89d3428600dab48e59e081674d76e"

Initialising tasks...done.
Sstate summary: Wanted 0 Found 0 Missed 0 Current 10 (0% match, 100% complete)
NOTE: Executing SetScene Tasks
NOTE: Executing RunQueue Tasks
NOTE: Tasks Summary: Attempted 74 tasks of which 74 didn't need to be rerun and all succeeded.

Summary: There was 1 WARNING message shown.
