Loading cache...done.
Loaded 1981 entries from dependency cache.
Parsing recipes...done.
Parsing of 1222 .bb files complete (1220 cached, 2 parsed). 1983 targets, 189 skipped, 0 masked, 0 errors.
WARNING: No bb files matched BBFILE_PATTERN_dti '^/home/deby/poky/meta-debian/tests/../../meta-debian/bsp/meta-ti/'
NOTE: Resolving any missing task queue dependencies

Build Configuration:
BB_VERSION           = "1.42.0"
BUILD_SYS            = "x86_64-linux"
NATIVELSBSTRING      = "universal"
TARGET_SYS           = "arm-deby-linux-gnueabi"
MACHINE              = "beaglebone"
DISTRO               = "deby"
DISTRO_VERSION       = "10.0"
TUNE_FEATURES        = "arm armv7a vfp thumb neon callconvention-hard"
TARGET_FPU           = "hard"
meta                 
meta-poky            = "warrior:79a850a10a4b88a6d20d607b322542f947874323"
meta-debian          = "warrior:f7512bd96372e67fe4288cb5cb61cf52d282dd4e"
meta-ti              = "master:d793618c727d5a334241699d4421dbfc539be86c"
meta-ti              = "warrior:f7512bd96372e67fe4288cb5cb61cf52d282dd4e"

Initialising tasks...done.
Sstate summary: Wanted 17 Found 0 Missed 17 Current 422 (0% match, 96% complete)
NOTE: Executing SetScene Tasks
NOTE: Executing RunQueue Tasks
NOTE: Running task 1153 of 2014 (/home/deby/poky/meta-debian/recipes-debian/db/db_debian.bb:do_prepare_recipe_sysroot)
NOTE: Running task 1509 of 2014 (/home/deby/poky/meta/recipes-support/libcap-ng/libcap-ng_0.7.9.bb:do_prepare_recipe_sysroot)
NOTE: recipe db-5.3.28-r0: task do_prepare_recipe_sysroot: Started
NOTE: recipe libcap-ng-0.7.9-r0: task do_prepare_recipe_sysroot: Started
NOTE: recipe db-5.3.28-r0: task do_prepare_recipe_sysroot: Succeeded
NOTE: Running task 1980 of 2014 (/home/deby/poky/meta-debian/recipes-debian/db/db_debian.bb:do_configure)
NOTE: recipe db-5.3.28-r0: task do_configure: Started
NOTE: recipe libcap-ng-0.7.9-r0: task do_prepare_recipe_sysroot: Succeeded
NOTE: Running task 1981 of 2014 (/home/deby/poky/meta/recipes-support/libcap-ng/libcap-ng_0.7.9.bb:do_configure)
NOTE: recipe libcap-ng-0.7.9-r0: task do_configure: Started
NOTE: recipe libcap-ng-0.7.9-r0: task do_configure: Succeeded
NOTE: Running task 1982 of 2014 (/home/deby/poky/meta/recipes-support/libcap-ng/libcap-ng_0.7.9.bb:do_compile)
NOTE: recipe libcap-ng-0.7.9-r0: task do_compile: Started
NOTE: recipe libcap-ng-0.7.9-r0: task do_compile: Succeeded
NOTE: Running task 1983 of 2014 (/home/deby/poky/meta/recipes-support/libcap-ng/libcap-ng_0.7.9.bb:do_install)
NOTE: recipe libcap-ng-0.7.9-r0: task do_install: Started
NOTE: recipe libcap-ng-0.7.9-r0: task do_install: Succeeded
NOTE: Running task 1984 of 2014 (/home/deby/poky/meta/recipes-support/libcap-ng/libcap-ng_0.7.9.bb:do_package)
NOTE: Running task 1985 of 2014 (/home/deby/poky/meta/recipes-support/libcap-ng/libcap-ng_0.7.9.bb:do_populate_sysroot)
NOTE: recipe libcap-ng-0.7.9-r0: task do_populate_sysroot: Started
NOTE: recipe libcap-ng-0.7.9-r0: task do_package: Started
NOTE: recipe libcap-ng-0.7.9-r0: task do_populate_sysroot: Succeeded
NOTE: recipe libcap-ng-0.7.9-r0: task do_package: Succeeded
NOTE: Running task 1986 of 2014 (/home/deby/poky/meta/recipes-support/libcap-ng/libcap-ng_0.7.9.bb:do_packagedata)
NOTE: recipe libcap-ng-0.7.9-r0: task do_packagedata: Started
NOTE: recipe libcap-ng-0.7.9-r0: task do_packagedata: Succeeded
NOTE: Running task 1987 of 2014 (/home/deby/poky/meta/recipes-support/libcap-ng/libcap-ng_0.7.9.bb:do_package_write_deb)
NOTE: recipe libcap-ng-0.7.9-r0: task do_package_write_deb: Started
NOTE: recipe libcap-ng-0.7.9-r0: task do_package_write_deb: Succeeded
NOTE: recipe db-5.3.28-r0: task do_configure: Succeeded
NOTE: Running task 1988 of 2014 (/home/deby/poky/meta-debian/recipes-debian/db/db_debian.bb:do_compile)
NOTE: recipe db-5.3.28-r0: task do_compile: Started
NOTE: recipe db-5.3.28-r0: task do_compile: Succeeded
NOTE: Running task 1989 of 2014 (/home/deby/poky/meta-debian/recipes-debian/db/db_debian.bb:do_install)
NOTE: recipe db-5.3.28-r0: task do_install: Started
NOTE: recipe db-5.3.28-r0: task do_install: Succeeded
NOTE: Running task 1990 of 2014 (/home/deby/poky/meta-debian/recipes-debian/db/db_debian.bb:do_populate_sysroot)
NOTE: Running task 1991 of 2014 (/home/deby/poky/meta-debian/recipes-debian/db/db_debian.bb:do_package)
NOTE: recipe db-5.3.28-r0: task do_populate_sysroot: Started
NOTE: recipe db-5.3.28-r0: task do_package: Started
NOTE: recipe db-5.3.28-r0: task do_populate_sysroot: Succeeded
NOTE: Running task 1992 of 2014 (/home/deby/poky/meta/recipes-devtools/python/python_2.7.16.bb:do_prepare_recipe_sysroot)
NOTE: recipe python-2.7.16-r0: task do_prepare_recipe_sysroot: Started
NOTE: recipe python-2.7.16-r0: task do_prepare_recipe_sysroot: Succeeded
NOTE: Running task 1993 of 2014 (/home/deby/poky/meta/recipes-devtools/python/python_2.7.16.bb:do_configure)
NOTE: recipe python-2.7.16-r0: task do_configure: Started
NOTE: recipe db-5.3.28-r0: task do_package: Succeeded
NOTE: Running task 1994 of 2014 (/home/deby/poky/meta-debian/recipes-debian/db/db_debian.bb:do_packagedata)
NOTE: recipe db-5.3.28-r0: task do_packagedata: Started
NOTE: recipe db-5.3.28-r0: task do_packagedata: Succeeded
NOTE: Running task 1995 of 2014 (/home/deby/poky/meta-debian/recipes-debian/db/db_debian.bb:do_package_write_deb)
NOTE: recipe db-5.3.28-r0: task do_package_write_deb: Started
NOTE: recipe db-5.3.28-r0: task do_package_write_deb: Succeeded
NOTE: recipe python-2.7.16-r0: task do_configure: Succeeded
NOTE: Running task 1996 of 2014 (/home/deby/poky/meta/recipes-devtools/python/python_2.7.16.bb:do_configure_ptest_base)
NOTE: recipe python-2.7.16-r0: task do_configure_ptest_base: Started
NOTE: recipe python-2.7.16-r0: task do_configure_ptest_base: Succeeded
NOTE: Running task 1997 of 2014 (/home/deby/poky/meta/recipes-devtools/python/python_2.7.16.bb:do_compile)
NOTE: recipe python-2.7.16-r0: task do_compile: Started
NOTE: recipe python-2.7.16-r0: task do_compile: Succeeded
NOTE: Running task 1998 of 2014 (/home/deby/poky/meta/recipes-devtools/python/python_2.7.16.bb:do_compile_ptest_base)
NOTE: recipe python-2.7.16-r0: task do_compile_ptest_base: Started
NOTE: recipe python-2.7.16-r0: task do_compile_ptest_base: Succeeded
NOTE: Running task 1999 of 2014 (/home/deby/poky/meta/recipes-devtools/python/python_2.7.16.bb:do_install)
NOTE: recipe python-2.7.16-r0: task do_install: Started
NOTE: recipe python-2.7.16-r0: task do_install: Succeeded
NOTE: Running task 2000 of 2014 (/home/deby/poky/meta/recipes-devtools/python/python_2.7.16.bb:do_install_ptest_base)
NOTE: recipe python-2.7.16-r0: task do_install_ptest_base: Started
NOTE: recipe python-2.7.16-r0: task do_install_ptest_base: Succeeded
NOTE: Running task 2001 of 2014 (/home/deby/poky/meta/recipes-devtools/python/python_2.7.16.bb:do_package)
NOTE: Running task 2002 of 2014 (/home/deby/poky/meta/recipes-devtools/python/python_2.7.16.bb:do_populate_sysroot)
NOTE: recipe python-2.7.16-r0: task do_package: Started
NOTE: recipe python-2.7.16-r0: task do_populate_sysroot: Started
NOTE: recipe python-2.7.16-r0: task do_populate_sysroot: Succeeded
NOTE: Running task 2003 of 2014 (/home/deby/poky/meta-debian/recipes-debian/audit/audit_debian.bb:do_prepare_recipe_sysroot)
NOTE: recipe audit-2.8.4-r0: task do_prepare_recipe_sysroot: Started
NOTE: recipe audit-2.8.4-r0: task do_prepare_recipe_sysroot: Succeeded
NOTE: Running task 2004 of 2014 (/home/deby/poky/meta-debian/recipes-debian/audit/audit_debian.bb:do_configure)
NOTE: recipe audit-2.8.4-r0: task do_configure: Started
NOTE: recipe python-2.7.16-r0: task do_package: Succeeded
NOTE: Running task 2005 of 2014 (/home/deby/poky/meta/recipes-devtools/python/python_2.7.16.bb:do_packagedata)
NOTE: recipe python-2.7.16-r0: task do_packagedata: Started
NOTE: recipe python-2.7.16-r0: task do_packagedata: Succeeded
NOTE: Running task 2006 of 2014 (/home/deby/poky/meta/recipes-devtools/python/python_2.7.16.bb:do_package_write_deb)
NOTE: recipe python-2.7.16-r0: task do_package_write_deb: Started
NOTE: recipe audit-2.8.4-r0: task do_configure: Succeeded
NOTE: Running task 2007 of 2014 (/home/deby/poky/meta-debian/recipes-debian/audit/audit_debian.bb:do_compile)
NOTE: recipe audit-2.8.4-r0: task do_compile: Started
NOTE: recipe python-2.7.16-r0: task do_package_write_deb: Succeeded
NOTE: recipe audit-2.8.4-r0: task do_compile: Succeeded
NOTE: Running task 2008 of 2014 (/home/deby/poky/meta-debian/recipes-debian/audit/audit_debian.bb:do_install)
NOTE: recipe audit-2.8.4-r0: task do_install: Started
NOTE: recipe audit-2.8.4-r0: task do_install: Succeeded
NOTE: Running task 2009 of 2014 (/home/deby/poky/meta-debian/recipes-debian/audit/audit_debian.bb:do_package)
NOTE: Running task 2010 of 2014 (/home/deby/poky/meta-debian/recipes-debian/audit/audit_debian.bb:do_populate_sysroot)
NOTE: recipe audit-2.8.4-r0: task do_populate_sysroot: Started
NOTE: recipe audit-2.8.4-r0: task do_package: Started
NOTE: recipe audit-2.8.4-r0: task do_populate_sysroot: Succeeded
NOTE: recipe audit-2.8.4-r0: task do_package: Succeeded
NOTE: Running task 2011 of 2014 (/home/deby/poky/meta-debian/recipes-debian/audit/audit_debian.bb:do_packagedata)
NOTE: recipe audit-2.8.4-r0: task do_packagedata: Started
NOTE: recipe audit-2.8.4-r0: task do_packagedata: Succeeded
NOTE: Running task 2012 of 2014 (/home/deby/poky/meta-debian/recipes-debian/audit/audit_debian.bb:do_package_write_deb)
NOTE: Running task 2013 of 2014 (/home/deby/poky/meta-debian/recipes-debian/audit/audit_debian.bb:do_package_qa)
NOTE: recipe audit-2.8.4-r0: task do_package_write_deb: Started
NOTE: recipe audit-2.8.4-r0: task do_package_qa: Started
NOTE: recipe audit-2.8.4-r0: task do_package_qa: Succeeded
NOTE: recipe audit-2.8.4-r0: task do_package_write_deb: Succeeded
NOTE: Running noexec task 2014 of 2014 (/home/deby/poky/meta-debian/recipes-debian/audit/audit_debian.bb:do_build)
NOTE: Tasks Summary: Attempted 2014 tasks of which 1977 didn't need to be rerun and all succeeded.

Summary: There was 1 WARNING message shown.
