WARNING: Host distribution "debian-10" has not been validated with this version of the build system; you may possibly experience unexpected failures. It is recommended that you use a tested distribution.
Loading cache...done.
Loaded 1674 entries from dependency cache.
WARNING: No bb files matched BBFILE_PATTERN_dti '^/home/deby/poky/meta-debian/tests/../../meta-debian/bsp/meta-ti/'
Removing 1 recipes from the armv7at2hf-neon sysroot...done.
Removing 2 recipes from the beaglebone sysroot...done.
NOTE: Resolving any missing task queue dependencies

Build Configuration:
BB_VERSION           = "1.42.0"
BUILD_SYS            = "x86_64-linux"
NATIVELSBSTRING      = "universal"
TARGET_SYS           = "arm-deby-linux-gnueabi"
MACHINE              = "beaglebone"
DISTRO               = "deby"
DISTRO_VERSION       = "10.0"
TUNE_FEATURES        = "arm armv7a vfp thumb neon callconvention-hard"
TARGET_FPU           = "hard"
meta                 
meta-poky            = "warrior:51223035e66c5b27799b15a0f8ebe75d24d3971b"
meta-debian          = "warrior-trungdt:6f8d044296c48236077a2793914bb2843ff7bfdd"
meta-ti              = "master:54f3d19b60411fd5db5d8df42974eb4038037a00"
meta-ti              = "warrior-trungdt:6f8d044296c48236077a2793914bb2843ff7bfdd"

Initialising tasks...done.
Sstate summary: Wanted 1 Found 1 Missed 0 Current 13 (100% match, 100% complete)
NOTE: Executing SetScene Tasks
NOTE: Running setscene task 14 of 14 (virtual:native:/home/deby/poky/meta-debian/recipes-debian/binutils/binutils_debian.bb:do_populate_sysroot_setscene)
NOTE: recipe binutils-native-2.31.1-r0: task do_populate_sysroot_setscene: Started
NOTE: recipe binutils-native-2.31.1-r0: task do_populate_sysroot_setscene: Succeeded
NOTE: Executing RunQueue Tasks
NOTE: Running noexec task 114 of 114 (virtual:native:/home/deby/poky/meta-debian/recipes-debian/binutils/binutils_debian.bb:do_build)
NOTE: Tasks Summary: Attempted 114 tasks of which 113 didn't need to be rerun and all succeeded.

Summary: There were 2 WARNING messages shown.
