WARNING: Host distribution "debian-10" has not been validated with this version of the build system; you may possibly experience unexpected failures. It is recommended that you use a tested distribution.
Loading cache...done.
Loaded 1674 entries from dependency cache.
WARNING: No bb files matched BBFILE_PATTERN_dti '^/home/deby/poky/meta-debian/tests/../../meta-debian/bsp/meta-ti/'
Removing 1 recipes from the armv7at2hf-neon sysroot...done.
Removing 2 recipes from the beaglebone sysroot...done.
NOTE: Resolving any missing task queue dependencies

Build Configuration:
BB_VERSION           = "1.42.0"
BUILD_SYS            = "x86_64-linux"
NATIVELSBSTRING      = "universal"
TARGET_SYS           = "arm-deby-linux-gnueabi"
MACHINE              = "beaglebone"
DISTRO               = "deby"
DISTRO_VERSION       = "10.0"
TUNE_FEATURES        = "arm armv7a vfp thumb neon callconvention-hard"
TARGET_FPU           = "hard"
meta                 
meta-poky            = "warrior:51223035e66c5b27799b15a0f8ebe75d24d3971b"
meta-debian          = "warrior-trungdt:6f8d044296c48236077a2793914bb2843ff7bfdd"
meta-ti              = "master:54f3d19b60411fd5db5d8df42974eb4038037a00"
meta-ti              = "warrior-trungdt:6f8d044296c48236077a2793914bb2843ff7bfdd"

Initialising tasks...done.
Sstate summary: Wanted 228 Found 227 Missed 1 Current 164 (99% match, 99% complete)
NOTE: Executing SetScene Tasks
NOTE: Running setscene task 165 of 392 (/home/deby/poky/meta-debian/recipes-debian/busybox/busybox_debian.bb:do_populate_sysroot_setscene)
NOTE: Running setscene task 166 of 392 (/home/deby/poky/meta-debian/recipes-debian/busybox/busybox_debian.bb:do_package_qa_setscene)
NOTE: Running setscene task 167 of 392 (/home/deby/poky/meta-debian/recipes-debian/busybox/busybox_debian.bb:do_package_write_deb_setscene)
NOTE: Running setscene task 168 of 392 (/home/deby/poky/meta-debian/recipes-debian/busybox/busybox_debian.bb:do_populate_lic_setscene)
NOTE: Running setscene task 169 of 392 (/home/deby/poky/meta/recipes-devtools/opkg-utils/opkg-utils_0.4.0.bb:do_package_write_deb_setscene)
NOTE: Running setscene task 170 of 392 (/home/deby/poky/meta-debian/recipes-debian/gcc/gcc-runtime_debian.bb:do_package_write_deb_setscene)
NOTE: Running setscene task 171 of 392 (/home/deby/poky/meta/recipes-core/libxcrypt/libxcrypt.bb:do_package_write_deb_setscene)
NOTE: Running setscene task 172 of 392 (/home/deby/poky/meta-debian/recipes-debian/glibc/glibc_debian.bb:do_package_write_deb_setscene)
NOTE: Running setscene task 173 of 392 (/home/deby/poky/meta/recipes-devtools/python/python3_3.7.2.bb:do_package_write_deb_setscene)
NOTE: Running setscene task 174 of 392 (/home/deby/poky/meta-debian/recipes-debian/perl/perl_debian.bb:do_package_write_deb_setscene)
NOTE: Running setscene task 175 of 392 (/home/deby/poky/meta-debian/recipes-debian/zlib/zlib_debian.bb:do_package_write_deb_setscene)
NOTE: Running setscene task 176 of 392 (/home/deby/poky/meta-debian/recipes-debian/libtool/libtool-cross_debian.bb:do_package_write_deb_setscene)
NOTE: Running setscene task 177 of 392 (/home/deby/poky/meta-debian/recipes-debian/ncurses/ncurses_debian.bb:do_package_write_deb_setscene)
NOTE: Running setscene task 178 of 392 (/home/deby/poky/meta/recipes-extended/xz/xz_5.2.4.bb:do_package_write_deb_setscene)
NOTE: Running setscene task 179 of 392 (/home/deby/poky/meta-debian/recipes-debian/bzip2/bzip2_debian.bb:do_package_write_deb_setscene)
NOTE: Running setscene task 180 of 392 (/home/deby/poky/meta-debian/recipes-kernel/linux-libc-headers/linux-libc-headers-base_git.bb:do_package_write_deb_setscene)
ERROR: When reparsing /home/deby/poky/meta-debian/recipes-kernel/linux-libc-headers/linux-libc-headers-base_git.bb.do_patch, the basehash value changed from 794aba43c93b827ab8dad47165be6be0d8f92f251bd262635c22313e23128daa to ad76c34176c05413e9fb00995196d5015fc81c93587134874abe5c331acef982. The metadata is not deterministic and this needs to be fixed.
ERROR: When reparsing /home/deby/poky/meta-debian/recipes-kernel/linux-libc-headers/linux-libc-headers-base_git.bb.do_populate_sysroot, the basehash value changed from 3517ded0ce416d8ec8c9b5cbff6333d9a92651169ff57b5bb8ccfaeddd5f957d to 37aa03acfa8e97d82834240ab8ba025620d713e2c3cb007215e670a2702a7f2b. The metadata is not deterministic and this needs to be fixed.
ERROR: When reparsing /home/deby/poky/meta-debian/recipes-kernel/linux-libc-headers/linux-libc-headers-base_git.bb.do_fetch, the basehash value changed from a4fd11444c76ed326f49668786aa987e7d774f06a71e028bc7011f35fb84ad26 to 04254ba38565a6334c4502191a34b42d2bf8c8142732f112bb524411a0705f4f. The metadata is not deterministic and this needs to be fixed.
ERROR: When reparsing /home/deby/poky/meta-debian/recipes-kernel/linux-libc-headers/linux-libc-headers-base_git.bb.do_configure, the basehash value changed from 7501baab21d7ed4d2b68b8bfa69e07c3cfd88a0af5da297b87703b3876c13263 to 6c592f381152d30968647e5b29ff5cd46c54037e2a2294869a755a8173737f39. The metadata is not deterministic and this needs to be fixed.
ERROR: When reparsing /home/deby/poky/meta-debian/recipes-kernel/linux-libc-headers/linux-libc-headers-base_git.bb.do_compile, the basehash value changed from 5f43d2f45f105a3412b91f19613818cfd800bc7c0a44af0826234e59ff34f097 to b9beb48d1ce33278cc6d13f12cd6b0692501f1214801bc849160197734ba7860. The metadata is not deterministic and this needs to be fixed.
ERROR: When reparsing /home/deby/poky/meta-debian/recipes-kernel/linux-libc-headers/linux-libc-headers-base_git.bb.do_install, the basehash value changed from b17616345fa94b822bc8c306d8f9419be66be67f0ca09393d78629c0fe85652e to 658e738abed6141fcf688a188a4e735313ed34a9af4622d4bdafafd96b17bace. The metadata is not deterministic and this needs to be fixed.
ERROR: When reparsing /home/deby/poky/meta-debian/recipes-kernel/linux-libc-headers/linux-libc-headers-base_git.bb.do_package, the basehash value changed from a0b50fb48279d82802936ea6dbe64e1cff9f0932b6ab365a8f365c6133b0fca8 to c3b1839d183fc03866b78aacc3be97142343626f846a2798343d1b68ee0f8c5a. The metadata is not deterministic and this needs to be fixed.
ERROR: When reparsing /home/deby/poky/meta-debian/recipes-kernel/linux-libc-headers/linux-libc-headers-base_git.bb.do_packagedata, the basehash value changed from 6f799faa6ad9da988d1aae3037b97354898bc86d73413603595be22c9acdb1ec to f8b9a36b7532687e6b67a7d19230ffa74f9cdb0ada41c9b01c0049c583207b50. The metadata is not deterministic and this needs to be fixed.
ERROR: When reparsing /home/deby/poky/meta-debian/recipes-kernel/linux-libc-headers/linux-libc-headers-base_git.bb.do_package_write_deb, the basehash value changed from ec4dc783b937289b2776cd9f77ec436cd12498b3f5ac8992b279404031c4c9c7 to e47f75ec4f7d7e5c9dd56f1c82ac6432950117a0536045ab81f4d2553284cf70. The metadata is not deterministic and this needs to be fixed.
NOTE: recipe libtool-cross-2.4.6-r0: task do_package_write_deb_setscene: Started
NOTE: recipe perl-5.28.1-r1: task do_package_write_deb_setscene: Started
NOTE: recipe linux-libc-headers-base-gitAUTOINC+2951eded01-r0: task do_package_write_deb_setscene: Started
NOTE: recipe opkg-utils-0.4.0-r0: task do_package_write_deb_setscene: Started
NOTE: recipe zlib-1.2.11-r0: task do_package_write_deb_setscene: Started
NOTE: recipe libxcrypt-4.4.2-r0: task do_package_write_deb_setscene: Started
NOTE: recipe python3-3.7.2-r0: task do_package_write_deb_setscene: Started
NOTE: recipe xz-5.2.4-r0: task do_package_write_deb_setscene: Started
NOTE: recipe glibc-2.28-r0: task do_package_write_deb_setscene: Started
NOTE: recipe ncurses-6.1+20181013-r0: task do_package_write_deb_setscene: Started
NOTE: recipe busybox-1.30.1-r0: task do_populate_sysroot_setscene: Started
NOTE: recipe busybox-1.30.1-r0: task do_package_write_deb_setscene: Started
NOTE: recipe busybox-1.30.1-r0: task do_package_qa_setscene: Started
NOTE: recipe busybox-1.30.1-r0: task do_populate_lic_setscene: Started
NOTE: recipe gcc-runtime-8.3.0-r0: task do_package_write_deb_setscene: Started
NOTE: recipe bzip2-1.0.6-r0: task do_package_write_deb_setscene: Started
NOTE: recipe linux-libc-headers-base-gitAUTOINC+2951eded01-r0: task do_package_write_deb_setscene: Succeeded
NOTE: Running setscene task 181 of 392 (/home/deby/poky/meta-debian/recipes-debian/gcc/libgcc_debian.bb:do_package_write_deb_setscene)
NOTE: recipe libgcc-8.3.0-r0: task do_package_write_deb_setscene: Started
NOTE: recipe busybox-1.30.1-r0: task do_package_qa_setscene: Succeeded
NOTE: Running setscene task 182 of 392 (/home/deby/poky/meta/recipes-extended/libtirpc/libtirpc_1.0.3.bb:do_package_write_deb_setscene)
NOTE: recipe libtool-cross-2.4.6-r0: task do_package_write_deb_setscene: Succeeded
NOTE: Running setscene task 183 of 392 (/home/deby/poky/meta/recipes-support/sqlite/sqlite3_3.27.2.bb:do_package_write_deb_setscene)
NOTE: recipe busybox-1.30.1-r0: task do_populate_lic_setscene: Succeeded
NOTE: Running setscene task 184 of 392 (/home/deby/poky/meta/recipes-core/util-linux/util-linux_2.32.1.bb:do_package_write_deb_setscene)
NOTE: recipe opkg-utils-0.4.0-r0: task do_package_write_deb_setscene: Succeeded
NOTE: Running setscene task 185 of 392 (/home/deby/poky/meta/recipes-support/libffi/libffi_3.2.1.bb:do_package_write_deb_setscene)
NOTE: recipe libtirpc-1.0.3-r0: task do_package_write_deb_setscene: Started
NOTE: recipe util-linux-2.32.1-r0: task do_package_write_deb_setscene: Started
NOTE: recipe libxcrypt-4.4.2-r0: task do_package_write_deb_setscene: Succeeded
NOTE: recipe sqlite3-3_3.27.2-r0: task do_package_write_deb_setscene: Started
NOTE: recipe zlib-1.2.11-r0: task do_package_write_deb_setscene: Succeeded
NOTE: Running setscene task 186 of 392 (/home/deby/poky/meta/recipes-support/gdbm/gdbm_1.18.1.bb:do_package_write_deb_setscene)
NOTE: recipe libffi-3.2.1-r0: task do_package_write_deb_setscene: Started
NOTE: recipe busybox-1.30.1-r0: task do_package_write_deb_setscene: Succeeded
NOTE: Running setscene task 187 of 392 (/home/deby/poky/meta-debian/recipes-debian/busybox/busybox_debian.bb:do_packagedata_setscene)
NOTE: recipe busybox-1.30.1-r0: task do_packagedata_setscene: Started
NOTE: Running setscene task 188 of 392 (/home/deby/poky/meta-debian/recipes-debian/readline/readline_debian.bb:do_package_write_deb_setscene)
NOTE: recipe readline-7.0-r0: task do_package_write_deb_setscene: Started
NOTE: recipe xz-5.2.4-r0: task do_package_write_deb_setscene: Succeeded
NOTE: Running setscene task 189 of 392 (/home/deby/poky/meta/recipes-extended/libnsl/libnsl2_git.bb:do_package_write_deb_setscene)
NOTE: recipe bzip2-1.0.6-r0: task do_package_write_deb_setscene: Succeeded
NOTE: Running setscene task 190 of 392 (/home/deby/poky/meta-debian/recipes-debian/openssl/openssl_debian.bb:do_package_write_deb_setscene)
NOTE: recipe gdbm-1.18.1-r0: task do_package_write_deb_setscene: Started
NOTE: recipe busybox-1.30.1-r0: task do_populate_sysroot_setscene: Succeeded
NOTE: Running setscene task 191 of 392 (/home/deby/poky/meta/recipes-support/ca-certificates/ca-certificates_20190110.bb:do_package_write_deb_setscene)
NOTE: recipe ncurses-6.1+20181013-r0: task do_package_write_deb_setscene: Succeeded
NOTE: Running setscene task 192 of 392 (/home/deby/poky/meta-debian/recipes-debian/glibc/glibc-locale_debian.bb:do_package_write_deb_setscene)
NOTE: recipe libnsl2-1.2.0+gitAUTOINC+37c5ffe303-r0: task do_package_write_deb_setscene: Started
NOTE: recipe libgcc-8.3.0-r0: task do_package_write_deb_setscene: Succeeded
NOTE: Running setscene task 193 of 392 (/home/deby/poky/meta-debian/recipes-debian/make/make_debian.bb:do_package_write_deb_setscene)
NOTE: recipe ca-certificates-20190110-r0: task do_package_write_deb_setscene: Started
NOTE: recipe openssl-1.1.1c-r0: task do_package_write_deb_setscene: Started
NOTE: recipe libtirpc-1.0.3-r0: task do_package_write_deb_setscene: Succeeded
NOTE: Running setscene task 194 of 392 (/home/deby/poky/meta-debian/recipes-debian/bc/bc_debian.bb:do_package_write_deb_setscene)
NOTE: recipe glibc-locale-2.28-r0: task do_package_write_deb_setscene: Started
NOTE: recipe busybox-1.30.1-r0: task do_packagedata_setscene: Succeeded
NOTE: recipe libffi-3.2.1-r0: task do_package_write_deb_setscene: Succeeded
NOTE: Running setscene task 196 of 392 (/home/deby/poky/meta-debian/recipes-kernel/linux/linux-base_git.bb:do_package_write_deb_setscene)
NOTE: Running setscene task 197 of 392 (/home/deby/poky/meta-debian/recipes-kernel/linux/linux-base_git.bb:do_deploy_setscene)
ERROR: When reparsing /home/deby/poky/meta-debian/recipes-kernel/linux/linux-base_git.bb.do_patch, the basehash value changed from 794aba43c93b827ab8dad47165be6be0d8f92f251bd262635c22313e23128daa to ad76c34176c05413e9fb00995196d5015fc81c93587134874abe5c331acef982. The metadata is not deterministic and this needs to be fixed.
ERROR: When reparsing /home/deby/poky/meta-debian/recipes-kernel/linux/linux-base_git.bb.do_populate_sysroot, the basehash value changed from 91bc223f29a5777e2da0bde8cb9d650f1fe67700726a5fd85b8a1568e090ea34 to 857f1a5e0ff2249734250406f81a5da61964e192190dbb45516288e6a37244df. The metadata is not deterministic and this needs to be fixed.
ERROR: When reparsing /home/deby/poky/meta-debian/recipes-kernel/linux/linux-base_git.bb.do_fetch, the basehash value changed from 6837d2b3e1e523ac9e1ce9e60f822e3b1453c866da29c9d4f0a362f4bdaf19ae to f452bf4ceb123e44bad8d61f47d656edb8e465840dc461961425b0a9bedf1952. The metadata is not deterministic and this needs to be fixed.
ERROR: When reparsing /home/deby/poky/meta-debian/recipes-kernel/linux/linux-base_git.bb.do_configure, the basehash value changed from 3bfb8f6703a7e088447332277bb5313e7190f8c0207229469f5e2139211f7ec9 to bc75fd7d4a5bf065df3624b3cb75244095bb642a05ab34c6a6c7def0e83c4982. The metadata is not deterministic and this needs to be fixed.
ERROR: When reparsing /home/deby/poky/meta-debian/recipes-kernel/linux/linux-base_git.bb.do_compile, the basehash value changed from 80bbefb2cd5c8bf3fd3b8e992ffbd9907f1387f1e13f7a378250e747c39ec055 to ca409fcfd81e173ddb72e8e8b40154ef016a71d31bb15d36b31496f9a03cae99. The metadata is not deterministic and this needs to be fixed.
ERROR: When reparsing /home/deby/poky/meta-debian/recipes-kernel/linux/linux-base_git.bb.do_install, the basehash value changed from a5a2d0338bf335d4ee7231e9b33662d9cce1a97450f06efb9cf9f0bf0b59e432 to d167c414f49ba3d09fe4ced3a0f685882b9eb0e07db1b6b29b6f0ae28c68fbb0. The metadata is not deterministic and this needs to be fixed.
ERROR: When reparsing /home/deby/poky/meta-debian/recipes-kernel/linux/linux-base_git.bb.do_package, the basehash value changed from 447cf76d846229ca2802ee01ef696c7bcfac594c1b875d9ff219c5b9c38cf961 to 0c44d762a8b740f160342654ff13d800072252278a6527f1c01471e3e8ddec5e. The metadata is not deterministic and this needs to be fixed.
ERROR: When reparsing /home/deby/poky/meta-debian/recipes-kernel/linux/linux-base_git.bb.do_packagedata, the basehash value changed from abdf670e9a60555d392cde14e441b3c217196e674b7b8b087b82c4b3c573b80c to 8e6270a44f4d8f7d39348a654b7e30a73f7b1ccd685b80d7f4aff5d912ff9ea7. The metadata is not deterministic and this needs to be fixed.
ERROR: When reparsing /home/deby/poky/meta-debian/recipes-kernel/linux/linux-base_git.bb.do_package_write_deb, the basehash value changed from bd2e74c647e8b4392f508ec957ee6f531b92ebe7b6093ed2698fb27b9c98d663 to 230e61ce1048a62db35d8556c628be08686213f986223aa9dd6e75457b2cacaf. The metadata is not deterministic and this needs to be fixed.
ERROR: When reparsing /home/deby/poky/meta-debian/recipes-kernel/linux/linux-base_git.bb.do_bundle_initramfs, the basehash value changed from e5705963e806f5cd40ea0ba464e79db88a4a9fcf8e00b2698378464772e86e50 to 16d1541899c73ad1c5c3e515b8f8ed3c41f712754cedd64406ce2f5616ab63cf. The metadata is not deterministic and this needs to be fixed.
ERROR: When reparsing /home/deby/poky/meta-debian/recipes-kernel/linux/linux-base_git.bb.do_compile_kernelmodules, the basehash value changed from 23f38904fe1cf365fa46dc0798606da9a3eb84ad4c74982987a5bcdd4bfd58d2 to d0f49cce3d7a17cf896fdc8e7358fb04ffa86bd4e6ecef15ceffeeaf53e47c14. The metadata is not deterministic and this needs to be fixed.
ERROR: When reparsing /home/deby/poky/meta-debian/recipes-kernel/linux/linux-base_git.bb.do_shared_workdir, the basehash value changed from 4abc6320c58ce8b7cb26a7a9c025832028fe69b776793360c9f74c98617cb28c to 90417804d8490cf3ba387fc462ce44b393d2ed293b31d1014f16e787b62d9cea. The metadata is not deterministic and this needs to be fixed.
ERROR: When reparsing /home/deby/poky/meta-debian/recipes-kernel/linux/linux-base_git.bb.do_kernel_link_images, the basehash value changed from ffa4900d4794ac91348d9e3a6ab2ab35a784a5655d86cb8c3c738e1d299b0c8b to 20e9cf131095ffe618bfb3b73bc9cbe1f0f30b2e39d79af29b7ef0c87b2b1a8d. The metadata is not deterministic and this needs to be fixed.
ERROR: When reparsing /home/deby/poky/meta-debian/recipes-kernel/linux/linux-base_git.bb.do_strip, the basehash value changed from 649f28bbf54defd89012abe7e73d0a71e50c5a5ba4407fd1d44f55feae66acff to 0bf83dd84b9c378e6e3da65cf4a1bc4f310298e929f92027905ec7955f3af93a. The metadata is not deterministic and this needs to be fixed.
ERROR: When reparsing /home/deby/poky/meta-debian/recipes-kernel/linux/linux-base_git.bb.do_sizecheck, the basehash value changed from 41be0a6baed591c533f65cb4c4cc7bae9ed8279fb78ad60260d98c0a89386d91 to c61cfd0282e7d96272d383d086072b9b3f42302380775b0859afe09b6a488f8f. The metadata is not deterministic and this needs to be fixed.
ERROR: When reparsing /home/deby/poky/meta-debian/recipes-kernel/linux/linux-base_git.bb.do_deploy, the basehash value changed from e4e145fec455730292b19ea86500ca9b02cc52edaa31d665c76983fb2973f5d6 to 542c4400838e8d432768589abcdda7be65e3c30a89e5b173fd9377a780c14fda. The metadata is not deterministic and this needs to be fixed.
NOTE: recipe linux-base-gitAUTOINC+2951eded01-r0: task do_package_write_deb_setscene: Started
ERROR: When reparsing /home/deby/poky/meta-debian/recipes-kernel/linux/linux-base_git.bb.do_patch, the basehash value changed from 794aba43c93b827ab8dad47165be6be0d8f92f251bd262635c22313e23128daa to ad76c34176c05413e9fb00995196d5015fc81c93587134874abe5c331acef982. The metadata is not deterministic and this needs to be fixed.
ERROR: When reparsing /home/deby/poky/meta-debian/recipes-kernel/linux/linux-base_git.bb.do_populate_sysroot, the basehash value changed from 91bc223f29a5777e2da0bde8cb9d650f1fe67700726a5fd85b8a1568e090ea34 to 857f1a5e0ff2249734250406f81a5da61964e192190dbb45516288e6a37244df. The metadata is not deterministic and this needs to be fixed.
ERROR: When reparsing /home/deby/poky/meta-debian/recipes-kernel/linux/linux-base_git.bb.do_fetch, the basehash value changed from 6837d2b3e1e523ac9e1ce9e60f822e3b1453c866da29c9d4f0a362f4bdaf19ae to f452bf4ceb123e44bad8d61f47d656edb8e465840dc461961425b0a9bedf1952. The metadata is not deterministic and this needs to be fixed.
ERROR: When reparsing /home/deby/poky/meta-debian/recipes-kernel/linux/linux-base_git.bb.do_configure, the basehash value changed from 3bfb8f6703a7e088447332277bb5313e7190f8c0207229469f5e2139211f7ec9 to bc75fd7d4a5bf065df3624b3cb75244095bb642a05ab34c6a6c7def0e83c4982. The metadata is not deterministic and this needs to be fixed.
ERROR: When reparsing /home/deby/poky/meta-debian/recipes-kernel/linux/linux-base_git.bb.do_compile, the basehash value changed from 80bbefb2cd5c8bf3fd3b8e992ffbd9907f1387f1e13f7a378250e747c39ec055 to ca409fcfd81e173ddb72e8e8b40154ef016a71d31bb15d36b31496f9a03cae99. The metadata is not deterministic and this needs to be fixed.
ERROR: When reparsing /home/deby/poky/meta-debian/recipes-kernel/linux/linux-base_git.bb.do_install, the basehash value changed from a5a2d0338bf335d4ee7231e9b33662d9cce1a97450f06efb9cf9f0bf0b59e432 to d167c414f49ba3d09fe4ced3a0f685882b9eb0e07db1b6b29b6f0ae28c68fbb0. The metadata is not deterministic and this needs to be fixed.
ERROR: When reparsing /home/deby/poky/meta-debian/recipes-kernel/linux/linux-base_git.bb.do_package, the basehash value changed from 447cf76d846229ca2802ee01ef696c7bcfac594c1b875d9ff219c5b9c38cf961 to 0c44d762a8b740f160342654ff13d800072252278a6527f1c01471e3e8ddec5e. The metadata is not deterministic and this needs to be fixed.
ERROR: When reparsing /home/deby/poky/meta-debian/recipes-kernel/linux/linux-base_git.bb.do_packagedata, the basehash value changed from abdf670e9a60555d392cde14e441b3c217196e674b7b8b087b82c4b3c573b80c to 8e6270a44f4d8f7d39348a654b7e30a73f7b1ccd685b80d7f4aff5d912ff9ea7. The metadata is not deterministic and this needs to be fixed.
ERROR: When reparsing /home/deby/poky/meta-debian/recipes-kernel/linux/linux-base_git.bb.do_package_write_deb, the basehash value changed from bd2e74c647e8b4392f508ec957ee6f531b92ebe7b6093ed2698fb27b9c98d663 to 230e61ce1048a62db35d8556c628be08686213f986223aa9dd6e75457b2cacaf. The metadata is not deterministic and this needs to be fixed.
ERROR: When reparsing /home/deby/poky/meta-debian/recipes-kernel/linux/linux-base_git.bb.do_bundle_initramfs, the basehash value changed from e5705963e806f5cd40ea0ba464e79db88a4a9fcf8e00b2698378464772e86e50 to 16d1541899c73ad1c5c3e515b8f8ed3c41f712754cedd64406ce2f5616ab63cf. The metadata is not deterministic and this needs to be fixed.
ERROR: When reparsing /home/deby/poky/meta-debian/recipes-kernel/linux/linux-base_git.bb.do_compile_kernelmodules, the basehash value changed from 23f38904fe1cf365fa46dc0798606da9a3eb84ad4c74982987a5bcdd4bfd58d2 to d0f49cce3d7a17cf896fdc8e7358fb04ffa86bd4e6ecef15ceffeeaf53e47c14. The metadata is not deterministic and this needs to be fixed.
ERROR: When reparsing /home/deby/poky/meta-debian/recipes-kernel/linux/linux-base_git.bb.do_shared_workdir, the basehash value changed from 4abc6320c58ce8b7cb26a7a9c025832028fe69b776793360c9f74c98617cb28c to 90417804d8490cf3ba387fc462ce44b393d2ed293b31d1014f16e787b62d9cea. The metadata is not deterministic and this needs to be fixed.
ERROR: When reparsing /home/deby/poky/meta-debian/recipes-kernel/linux/linux-base_git.bb.do_kernel_link_images, the basehash value changed from ffa4900d4794ac91348d9e3a6ab2ab35a784a5655d86cb8c3c738e1d299b0c8b to 20e9cf131095ffe618bfb3b73bc9cbe1f0f30b2e39d79af29b7ef0c87b2b1a8d. The metadata is not deterministic and this needs to be fixed.
ERROR: When reparsing /home/deby/poky/meta-debian/recipes-kernel/linux/linux-base_git.bb.do_strip, the basehash value changed from 649f28bbf54defd89012abe7e73d0a71e50c5a5ba4407fd1d44f55feae66acff to 0bf83dd84b9c378e6e3da65cf4a1bc4f310298e929f92027905ec7955f3af93a. The metadata is not deterministic and this needs to be fixed.
ERROR: When reparsing /home/deby/poky/meta-debian/recipes-kernel/linux/linux-base_git.bb.do_sizecheck, the basehash value changed from 41be0a6baed591c533f65cb4c4cc7bae9ed8279fb78ad60260d98c0a89386d91 to c61cfd0282e7d96272d383d086072b9b3f42302380775b0859afe09b6a488f8f. The metadata is not deterministic and this needs to be fixed.
ERROR: When reparsing /home/deby/poky/meta-debian/recipes-kernel/linux/linux-base_git.bb.do_deploy, the basehash value changed from e4e145fec455730292b19ea86500ca9b02cc52edaa31d665c76983fb2973f5d6 to 542c4400838e8d432768589abcdda7be65e3c30a89e5b173fd9377a780c14fda. The metadata is not deterministic and this needs to be fixed.
NOTE: recipe linux-base-gitAUTOINC+2951eded01-r0: task do_deploy_setscene: Started
NOTE: recipe linux-base-gitAUTOINC+2951eded01-r0: task do_deploy_setscene: Succeeded
NOTE: Running setscene task 198 of 392 (/home/deby/poky/meta-debian/recipes-kernel/linux/linux-base_git.bb:do_populate_sysroot_setscene)
NOTE: recipe linux-base-gitAUTOINC+2951eded01-r0: task do_package_write_deb_setscene: Succeeded
NOTE: Running setscene task 199 of 392 (/home/deby/poky/meta/recipes-kernel/kmod/kmod_git.bb:do_populate_sysroot_setscene)
ERROR: When reparsing /home/deby/poky/meta-debian/recipes-kernel/linux/linux-base_git.bb.do_patch, the basehash value changed from 794aba43c93b827ab8dad47165be6be0d8f92f251bd262635c22313e23128daa to ad76c34176c05413e9fb00995196d5015fc81c93587134874abe5c331acef982. The metadata is not deterministic and this needs to be fixed.
ERROR: When reparsing /home/deby/poky/meta-debian/recipes-kernel/linux/linux-base_git.bb.do_populate_sysroot, the basehash value changed from 91bc223f29a5777e2da0bde8cb9d650f1fe67700726a5fd85b8a1568e090ea34 to 857f1a5e0ff2249734250406f81a5da61964e192190dbb45516288e6a37244df. The metadata is not deterministic and this needs to be fixed.
ERROR: When reparsing /home/deby/poky/meta-debian/recipes-kernel/linux/linux-base_git.bb.do_fetch, the basehash value changed from 6837d2b3e1e523ac9e1ce9e60f822e3b1453c866da29c9d4f0a362f4bdaf19ae to f452bf4ceb123e44bad8d61f47d656edb8e465840dc461961425b0a9bedf1952. The metadata is not deterministic and this needs to be fixed.
ERROR: When reparsing /home/deby/poky/meta-debian/recipes-kernel/linux/linux-base_git.bb.do_configure, the basehash value changed from 3bfb8f6703a7e088447332277bb5313e7190f8c0207229469f5e2139211f7ec9 to bc75fd7d4a5bf065df3624b3cb75244095bb642a05ab34c6a6c7def0e83c4982. The metadata is not deterministic and this needs to be fixed.
ERROR: When reparsing /home/deby/poky/meta-debian/recipes-kernel/linux/linux-base_git.bb.do_compile, the basehash value changed from 80bbefb2cd5c8bf3fd3b8e992ffbd9907f1387f1e13f7a378250e747c39ec055 to ca409fcfd81e173ddb72e8e8b40154ef016a71d31bb15d36b31496f9a03cae99. The metadata is not deterministic and this needs to be fixed.
ERROR: When reparsing /home/deby/poky/meta-debian/recipes-kernel/linux/linux-base_git.bb.do_install, the basehash value changed from a5a2d0338bf335d4ee7231e9b33662d9cce1a97450f06efb9cf9f0bf0b59e432 to d167c414f49ba3d09fe4ced3a0f685882b9eb0e07db1b6b29b6f0ae28c68fbb0. The metadata is not deterministic and this needs to be fixed.
ERROR: When reparsing /home/deby/poky/meta-debian/recipes-kernel/linux/linux-base_git.bb.do_package, the basehash value changed from 447cf76d846229ca2802ee01ef696c7bcfac594c1b875d9ff219c5b9c38cf961 to 0c44d762a8b740f160342654ff13d800072252278a6527f1c01471e3e8ddec5e. The metadata is not deterministic and this needs to be fixed.
ERROR: When reparsing /home/deby/poky/meta-debian/recipes-kernel/linux/linux-base_git.bb.do_packagedata, the basehash value changed from abdf670e9a60555d392cde14e441b3c217196e674b7b8b087b82c4b3c573b80c to 8e6270a44f4d8f7d39348a654b7e30a73f7b1ccd685b80d7f4aff5d912ff9ea7. The metadata is not deterministic and this needs to be fixed.
ERROR: When reparsing /home/deby/poky/meta-debian/recipes-kernel/linux/linux-base_git.bb.do_package_write_deb, the basehash value changed from bd2e74c647e8b4392f508ec957ee6f531b92ebe7b6093ed2698fb27b9c98d663 to 230e61ce1048a62db35d8556c628be08686213f986223aa9dd6e75457b2cacaf. The metadata is not deterministic and this needs to be fixed.
ERROR: When reparsing /home/deby/poky/meta-debian/recipes-kernel/linux/linux-base_git.bb.do_bundle_initramfs, the basehash value changed from e5705963e806f5cd40ea0ba464e79db88a4a9fcf8e00b2698378464772e86e50 to 16d1541899c73ad1c5c3e515b8f8ed3c41f712754cedd64406ce2f5616ab63cf. The metadata is not deterministic and this needs to be fixed.
ERROR: When reparsing /home/deby/poky/meta-debian/recipes-kernel/linux/linux-base_git.bb.do_compile_kernelmodules, the basehash value changed from 23f38904fe1cf365fa46dc0798606da9a3eb84ad4c74982987a5bcdd4bfd58d2 to d0f49cce3d7a17cf896fdc8e7358fb04ffa86bd4e6ecef15ceffeeaf53e47c14. The metadata is not deterministic and this needs to be fixed.
ERROR: When reparsing /home/deby/poky/meta-debian/recipes-kernel/linux/linux-base_git.bb.do_shared_workdir, the basehash value changed from 4abc6320c58ce8b7cb26a7a9c025832028fe69b776793360c9f74c98617cb28c to 90417804d8490cf3ba387fc462ce44b393d2ed293b31d1014f16e787b62d9cea. The metadata is not deterministic and this needs to be fixed.
ERROR: When reparsing /home/deby/poky/meta-debian/recipes-kernel/linux/linux-base_git.bb.do_kernel_link_images, the basehash value changed from ffa4900d4794ac91348d9e3a6ab2ab35a784a5655d86cb8c3c738e1d299b0c8b to 20e9cf131095ffe618bfb3b73bc9cbe1f0f30b2e39d79af29b7ef0c87b2b1a8d. The metadata is not deterministic and this needs to be fixed.
ERROR: When reparsing /home/deby/poky/meta-debian/recipes-kernel/linux/linux-base_git.bb.do_strip, the basehash value changed from 649f28bbf54defd89012abe7e73d0a71e50c5a5ba4407fd1d44f55feae66acff to 0bf83dd84b9c378e6e3da65cf4a1bc4f310298e929f92027905ec7955f3af93a. The metadata is not deterministic and this needs to be fixed.
ERROR: When reparsing /home/deby/poky/meta-debian/recipes-kernel/linux/linux-base_git.bb.do_sizecheck, the basehash value changed from 41be0a6baed591c533f65cb4c4cc7bae9ed8279fb78ad60260d98c0a89386d91 to c61cfd0282e7d96272d383d086072b9b3f42302380775b0859afe09b6a488f8f. The metadata is not deterministic and this needs to be fixed.
ERROR: When reparsing /home/deby/poky/meta-debian/recipes-kernel/linux/linux-base_git.bb.do_deploy, the basehash value changed from e4e145fec455730292b19ea86500ca9b02cc52edaa31d665c76983fb2973f5d6 to 542c4400838e8d432768589abcdda7be65e3c30a89e5b173fd9377a780c14fda. The metadata is not deterministic and this needs to be fixed.
NOTE: recipe linux-base-gitAUTOINC+2951eded01-r0: task do_populate_sysroot_setscene: Started
NOTE: recipe linux-base-gitAUTOINC+2951eded01-r0: task do_populate_sysroot_setscene: Succeeded
NOTE: Running setscene task 200 of 392 (/home/deby/poky/meta/recipes-kernel/kmod/kmod_git.bb:do_package_write_deb_setscene)
NOTE: recipe ca-certificates-20190110-r0: task do_package_write_deb_setscene: Succeeded
NOTE: Running setscene task 201 of 392 (/home/deby/poky/meta-debian/recipes-debian/procps/procps_debian.bb:do_package_write_deb_setscene)
NOTE: recipe make-4.2.1-r0: task do_package_write_deb_setscene: Started
NOTE: recipe kmod-26-r0: task do_populate_sysroot_setscene: Started
NOTE: recipe kmod-26-r0: task do_package_write_deb_setscene: Started
NOTE: recipe readline-7.0-r0: task do_package_write_deb_setscene: Succeeded
NOTE: Running setscene task 203 of 392 (/home/deby/poky/meta/recipes-devtools/e2fsprogs/e2fsprogs_1.44.5.bb:do_package_write_deb_setscene)
NOTE: recipe bc-1.07.1-r0: task do_package_write_deb_setscene: Started
NOTE: recipe glibc-2.28-r0: task do_package_write_deb_setscene: Succeeded
NOTE: Running setscene task 204 of 392 (/home/deby/poky/meta/recipes-support/bash-completion/bash-completion_2.8.bb:do_package_write_deb_setscene)
NOTE: recipe procps-3.3.15-r0: task do_package_write_deb_setscene: Started
NOTE: recipe sqlite3-3_3.27.2-r0: task do_package_write_deb_setscene: Succeeded
NOTE: Running setscene task 205 of 392 (/home/deby/poky/meta/recipes-extended/bash/bash_4.4.18.bb:do_package_write_deb_setscene)
NOTE: recipe gcc-runtime-8.3.0-r0: task do_package_write_deb_setscene: Succeeded
NOTE: Running setscene task 206 of 392 (/home/deby/poky/meta/recipes-extended/diffutils/diffutils_3.7.bb:do_package_write_deb_setscene)
NOTE: recipe e2fsprogs-1.44.5-r0: task do_package_write_deb_setscene: Started
NOTE: recipe libnsl2-1.2.0+gitAUTOINC+37c5ffe303-r0: task do_package_write_deb_setscene: Succeeded
NOTE: Running setscene task 207 of 392 (/home/deby/poky/meta-debian/recipes-debian/glib-2.0/glib-2.0_debian.bb:do_package_write_deb_setscene)
NOTE: recipe gdbm-1.18.1-r0: task do_package_write_deb_setscene: Succeeded
NOTE: Running setscene task 208 of 392 (/home/deby/poky/meta-debian/recipes-debian/libxml/libxml2_debian.bb:do_package_write_deb_setscene)
NOTE: recipe bash-4.4.18-r0: task do_package_write_deb_setscene: Started
NOTE: recipe util-linux-2.32.1-r0: task do_package_write_deb_setscene: Succeeded
NOTE: Running setscene task 209 of 392 (/home/deby/poky/meta-debian/recipes-kernel/linux/linux-base_git.bb:do_packagedata_setscene)
NOTE: recipe diffutils-3.7-r0: task do_package_write_deb_setscene: Started
ERROR: When reparsing /home/deby/poky/meta-debian/recipes-kernel/linux/linux-base_git.bb.do_patch, the basehash value changed from 794aba43c93b827ab8dad47165be6be0d8f92f251bd262635c22313e23128daa to ad76c34176c05413e9fb00995196d5015fc81c93587134874abe5c331acef982. The metadata is not deterministic and this needs to be fixed.
ERROR: When reparsing /home/deby/poky/meta-debian/recipes-kernel/linux/linux-base_git.bb.do_populate_sysroot, the basehash value changed from 91bc223f29a5777e2da0bde8cb9d650f1fe67700726a5fd85b8a1568e090ea34 to 857f1a5e0ff2249734250406f81a5da61964e192190dbb45516288e6a37244df. The metadata is not deterministic and this needs to be fixed.
ERROR: When reparsing /home/deby/poky/meta-debian/recipes-kernel/linux/linux-base_git.bb.do_fetch, the basehash value changed from 6837d2b3e1e523ac9e1ce9e60f822e3b1453c866da29c9d4f0a362f4bdaf19ae to f452bf4ceb123e44bad8d61f47d656edb8e465840dc461961425b0a9bedf1952. The metadata is not deterministic and this needs to be fixed.
ERROR: When reparsing /home/deby/poky/meta-debian/recipes-kernel/linux/linux-base_git.bb.do_configure, the basehash value changed from 3bfb8f6703a7e088447332277bb5313e7190f8c0207229469f5e2139211f7ec9 to bc75fd7d4a5bf065df3624b3cb75244095bb642a05ab34c6a6c7def0e83c4982. The metadata is not deterministic and this needs to be fixed.
ERROR: When reparsing /home/deby/poky/meta-debian/recipes-kernel/linux/linux-base_git.bb.do_compile, the basehash value changed from 80bbefb2cd5c8bf3fd3b8e992ffbd9907f1387f1e13f7a378250e747c39ec055 to ca409fcfd81e173ddb72e8e8b40154ef016a71d31bb15d36b31496f9a03cae99. The metadata is not deterministic and this needs to be fixed.
ERROR: When reparsing /home/deby/poky/meta-debian/recipes-kernel/linux/linux-base_git.bb.do_install, the basehash value changed from a5a2d0338bf335d4ee7231e9b33662d9cce1a97450f06efb9cf9f0bf0b59e432 to d167c414f49ba3d09fe4ced3a0f685882b9eb0e07db1b6b29b6f0ae28c68fbb0. The metadata is not deterministic and this needs to be fixed.
ERROR: When reparsing /home/deby/poky/meta-debian/recipes-kernel/linux/linux-base_git.bb.do_package, the basehash value changed from 447cf76d846229ca2802ee01ef696c7bcfac594c1b875d9ff219c5b9c38cf961 to 0c44d762a8b740f160342654ff13d800072252278a6527f1c01471e3e8ddec5e. The metadata is not deterministic and this needs to be fixed.
ERROR: When reparsing /home/deby/poky/meta-debian/recipes-kernel/linux/linux-base_git.bb.do_packagedata, the basehash value changed from abdf670e9a60555d392cde14e441b3c217196e674b7b8b087b82c4b3c573b80c to 8e6270a44f4d8f7d39348a654b7e30a73f7b1ccd685b80d7f4aff5d912ff9ea7. The metadata is not deterministic and this needs to be fixed.
ERROR: When reparsing /home/deby/poky/meta-debian/recipes-kernel/linux/linux-base_git.bb.do_package_write_deb, the basehash value changed from bd2e74c647e8b4392f508ec957ee6f531b92ebe7b6093ed2698fb27b9c98d663 to 230e61ce1048a62db35d8556c628be08686213f986223aa9dd6e75457b2cacaf. The metadata is not deterministic and this needs to be fixed.
ERROR: When reparsing /home/deby/poky/meta-debian/recipes-kernel/linux/linux-base_git.bb.do_bundle_initramfs, the basehash value changed from e5705963e806f5cd40ea0ba464e79db88a4a9fcf8e00b2698378464772e86e50 to 16d1541899c73ad1c5c3e515b8f8ed3c41f712754cedd64406ce2f5616ab63cf. The metadata is not deterministic and this needs to be fixed.
ERROR: When reparsing /home/deby/poky/meta-debian/recipes-kernel/linux/linux-base_git.bb.do_compile_kernelmodules, the basehash value changed from 23f38904fe1cf365fa46dc0798606da9a3eb84ad4c74982987a5bcdd4bfd58d2 to d0f49cce3d7a17cf896fdc8e7358fb04ffa86bd4e6ecef15ceffeeaf53e47c14. The metadata is not deterministic and this needs to be fixed.
ERROR: When reparsing /home/deby/poky/meta-debian/recipes-kernel/linux/linux-base_git.bb.do_shared_workdir, the basehash value changed from 4abc6320c58ce8b7cb26a7a9c025832028fe69b776793360c9f74c98617cb28c to 90417804d8490cf3ba387fc462ce44b393d2ed293b31d1014f16e787b62d9cea. The metadata is not deterministic and this needs to be fixed.
ERROR: When reparsing /home/deby/poky/meta-debian/recipes-kernel/linux/linux-base_git.bb.do_kernel_link_images, the basehash value changed from ffa4900d4794ac91348d9e3a6ab2ab35a784a5655d86cb8c3c738e1d299b0c8b to 20e9cf131095ffe618bfb3b73bc9cbe1f0f30b2e39d79af29b7ef0c87b2b1a8d. The metadata is not deterministic and this needs to be fixed.
ERROR: When reparsing /home/deby/poky/meta-debian/recipes-kernel/linux/linux-base_git.bb.do_strip, the basehash value changed from 649f28bbf54defd89012abe7e73d0a71e50c5a5ba4407fd1d44f55feae66acff to 0bf83dd84b9c378e6e3da65cf4a1bc4f310298e929f92027905ec7955f3af93a. The metadata is not deterministic and this needs to be fixed.
ERROR: When reparsing /home/deby/poky/meta-debian/recipes-kernel/linux/linux-base_git.bb.do_sizecheck, the basehash value changed from 41be0a6baed591c533f65cb4c4cc7bae9ed8279fb78ad60260d98c0a89386d91 to c61cfd0282e7d96272d383d086072b9b3f42302380775b0859afe09b6a488f8f. The metadata is not deterministic and this needs to be fixed.
ERROR: When reparsing /home/deby/poky/meta-debian/recipes-kernel/linux/linux-base_git.bb.do_deploy, the basehash value changed from e4e145fec455730292b19ea86500ca9b02cc52edaa31d665c76983fb2973f5d6 to 542c4400838e8d432768589abcdda7be65e3c30a89e5b173fd9377a780c14fda. The metadata is not deterministic and this needs to be fixed.
NOTE: recipe linux-base-gitAUTOINC+2951eded01-r0: task do_packagedata_setscene: Started
NOTE: recipe bash-completion-2.8-r0: task do_package_write_deb_setscene: Started
NOTE: recipe bc-1.07.1-r0: task do_package_write_deb_setscene: Succeeded
NOTE: Running setscene task 210 of 392 (/home/deby/poky/meta-debian/recipes-debian/bc/bc_debian.bb:do_packagedata_setscene)
NOTE: recipe libxml2-2.9.4-r0: task do_package_write_deb_setscene: Started
NOTE: recipe glib-2.0-2.58.3-r0: task do_package_write_deb_setscene: Started
NOTE: recipe bc-1.07.1-r0: task do_packagedata_setscene: Started
NOTE: recipe procps-3.3.15-r0: task do_package_write_deb_setscene: Succeeded
NOTE: Running setscene task 211 of 392 (/home/deby/poky/meta/recipes-support/attr/attr_2.4.47.bb:do_package_write_deb_setscene)
NOTE: recipe kmod-26-r0: task do_populate_sysroot_setscene: Succeeded
NOTE: Running setscene task 213 of 392 (/home/deby/poky/meta-debian/recipes-debian/gmp/gmp_debian.bb:do_package_write_deb_setscene)
NOTE: recipe kmod-26-r0: task do_package_write_deb_setscene: Succeeded
NOTE: Running setscene task 214 of 392 (/home/deby/poky/meta/recipes-kernel/kmod/kmod_git.bb:do_packagedata_setscene)
NOTE: recipe gmp-6.1.2-r0: task do_package_write_deb_setscene: Started
NOTE: recipe make-4.2.1-r0: task do_package_write_deb_setscene: Succeeded
NOTE: Running setscene task 216 of 392 (/home/deby/poky/meta/recipes-support/lzo/lzo_2.10.bb:do_package_write_deb_setscene)
NOTE: recipe kmod-26-r0: task do_packagedata_setscene: Started
NOTE: recipe lzo-2.10-r0: task do_package_write_deb_setscene: Started
NOTE: recipe attr-2.4.47-r0: task do_package_write_deb_setscene: Started
NOTE: recipe python3-3.7.2-r0: task do_package_write_deb_setscene: Succeeded
NOTE: Running setscene task 217 of 392 (/home/deby/poky/meta/recipes-support/ca-certificates/ca-certificates_20190110.bb:do_packagedata_setscene)
NOTE: recipe ca-certificates-20190110-r0: task do_packagedata_setscene: Started
NOTE: recipe diffutils-3.7-r0: task do_package_write_deb_setscene: Succeeded
NOTE: Running setscene task 218 of 392 (/home/deby/poky/meta/recipes-support/libpcre/libpcre_8.43.bb:do_package_write_deb_setscene)
NOTE: recipe gmp-6.1.2-r0: task do_package_write_deb_setscene: Succeeded
NOTE: Running setscene task 219 of 392 (/home/deby/poky/meta-debian/recipes-debian/gmp/gmp_debian.bb:do_packagedata_setscene)
NOTE: recipe bash-completion-2.8-r0: task do_package_write_deb_setscene: Succeeded
NOTE: Running setscene task 220 of 392 (/home/deby/poky/meta/recipes-core/base-files/base-files_3.0.14.bb:do_package_write_deb_setscene)
NOTE: recipe gmp-6.1.2-r0: task do_packagedata_setscene: Started
NOTE: recipe bash-4.4.18-r0: task do_package_write_deb_setscene: Succeeded
NOTE: Running setscene task 221 of 392 (/home/deby/poky/meta/recipes-support/shared-mime-info/shared-mime-info_1.10.bb:do_package_write_deb_setscene)
NOTE: recipe linux-base-gitAUTOINC+2951eded01-r0: task do_packagedata_setscene: Succeeded
NOTE: Running setscene task 224 of 392 (/home/deby/poky/meta-debian/recipes-debian/dbus/dbus_debian.bb:do_package_write_deb_setscene)
NOTE: recipe libpcre-8.43-r0: task do_package_write_deb_setscene: Started
NOTE: recipe libxml2-2.9.4-r0: task do_package_write_deb_setscene: Succeeded
NOTE: Running setscene task 225 of 392 (/home/deby/poky/meta/recipes-extended/shadow/shadow_4.6.bb:do_package_write_deb_setscene)
NOTE: recipe shared-mime-info-1.10-r0: task do_package_write_deb_setscene: Started
NOTE: recipe lzo-2.10-r0: task do_package_write_deb_setscene: Succeeded
NOTE: Running setscene task 226 of 392 (/home/deby/poky/meta/recipes-support/lzo/lzo_2.10.bb:do_packagedata_setscene)
NOTE: recipe e2fsprogs-1.44.5-r0: task do_package_write_deb_setscene: Succeeded
NOTE: Running setscene task 227 of 392 (/home/deby/poky/meta-debian/recipes-debian/procps/procps_debian.bb:do_packagedata_setscene)
NOTE: recipe lzo-2.10-r0: task do_packagedata_setscene: Started
NOTE: recipe procps-3.3.15-r0: task do_packagedata_setscene: Started
NOTE: recipe dbus-1.12.16-r0: task do_package_write_deb_setscene: Started
NOTE: recipe attr-2.4.47-r0: task do_package_write_deb_setscene: Succeeded
NOTE: Running setscene task 228 of 392 (/home/deby/poky/meta/recipes-devtools/e2fsprogs/e2fsprogs_1.44.5.bb:do_packagedata_setscene)
NOTE: recipe e2fsprogs-1.44.5-r0: task do_packagedata_setscene: Started
NOTE: recipe base-files-3.0.14-r89: task do_package_write_deb_setscene: Started
NOTE: recipe shadow-4.6-r0: task do_package_write_deb_setscene: Started
NOTE: recipe shared-mime-info-1.10-r0: task do_package_write_deb_setscene: Succeeded
NOTE: Running setscene task 229 of 392 (/home/deby/poky/meta/recipes-extended/diffutils/diffutils_3.7.bb:do_packagedata_setscene)
NOTE: recipe diffutils-3.7-r0: task do_packagedata_setscene: Started
NOTE: recipe libpcre-8.43-r0: task do_package_write_deb_setscene: Succeeded
NOTE: Running setscene task 230 of 392 (/home/deby/poky/meta-debian/recipes-debian/make/make_debian.bb:do_packagedata_setscene)
NOTE: recipe base-files-3.0.14-r89: task do_package_write_deb_setscene: Succeeded
NOTE: Running setscene task 232 of 392 (/home/deby/poky/meta-debian/recipes-debian/libtool/libtool_debian.bb:do_populate_sysroot_setscene)
NOTE: recipe make-4.2.1-r0: task do_packagedata_setscene: Started
NOTE: recipe libtool-2.4.6-r0: task do_populate_sysroot_setscene: Started
NOTE: recipe kmod-26-r0: task do_packagedata_setscene: Succeeded
NOTE: Running setscene task 234 of 392 (/home/deby/poky/meta-debian/recipes-debian/libtool/libtool_debian.bb:do_package_write_deb_setscene)
NOTE: recipe libtool-2.4.6-r0: task do_package_write_deb_setscene: Started
NOTE: recipe glib-2.0-2.58.3-r0: task do_package_write_deb_setscene: Succeeded
NOTE: Running setscene task 235 of 392 (/home/deby/poky/meta/recipes-support/shared-mime-info/shared-mime-info_1.10.bb:do_packagedata_setscene)
NOTE: recipe shared-mime-info-1.10-r0: task do_packagedata_setscene: Started
NOTE: recipe shadow-4.6-r0: task do_package_write_deb_setscene: Succeeded
NOTE: Running setscene task 236 of 392 (/home/deby/poky/meta/recipes-core/base-passwd/base-passwd_3.5.29.bb:do_populate_sysroot_setscene)
NOTE: recipe gmp-6.1.2-r0: task do_packagedata_setscene: Succeeded
NOTE: Running setscene task 238 of 392 (/home/deby/poky/meta/recipes-core/base-passwd/base-passwd_3.5.29.bb:do_package_write_deb_setscene)
NOTE: recipe libtool-2.4.6-r0: task do_package_write_deb_setscene: Succeeded
NOTE: Running setscene task 239 of 392 (/home/deby/poky/meta-debian/recipes-debian/libtool/libtool_debian.bb:do_packagedata_setscene)
NOTE: recipe libtool-2.4.6-r0: task do_packagedata_setscene: Started
NOTE: recipe dbus-1.12.16-r0: task do_package_write_deb_setscene: Succeeded
NOTE: Running setscene task 240 of 392 (/home/deby/poky/meta/recipes-extended/shadow/shadow-sysroot_4.6.bb:do_populate_sysroot_setscene)
NOTE: recipe base-passwd-3.5.29-r0: task do_package_write_deb_setscene: Started
NOTE: recipe base-passwd-3.5.29-r0: task do_populate_sysroot_setscene: Started
NOTE: recipe shadow-sysroot-4.6-r3: task do_populate_sysroot_setscene: Started
NOTE: recipe e2fsprogs-1.44.5-r0: task do_packagedata_setscene: Succeeded
NOTE: Running setscene task 242 of 392 (/home/deby/poky/meta/recipes-extended/shadow/shadow-sysroot_4.6.bb:do_package_write_deb_setscene)
NOTE: recipe ca-certificates-20190110-r0: task do_packagedata_setscene: Succeeded
NOTE: Running setscene task 244 of 392 (/home/deby/poky/meta/recipes-graphics/xorg-lib/libx11_1.6.7.bb:do_package_write_deb_setscene)
NOTE: recipe shared-mime-info-1.10-r0: task do_packagedata_setscene: Succeeded
NOTE: Running setscene task 246 of 392 (/home/deby/poky/meta-debian/recipes-debian/glib-2.0/glib-2.0_debian.bb:do_populate_sysroot_setscene)
NOTE: recipe procps-3.3.15-r0: task do_packagedata_setscene: Succeeded
NOTE: Running setscene task 248 of 392 (/home/deby/poky/meta-debian/recipes-debian/glib-2.0/glib-2.0_debian.bb:do_packagedata_setscene)
NOTE: recipe shadow-sysroot-4.6-r3: task do_package_write_deb_setscene: Started
NOTE: recipe glib-2.0-2.58.3-r0: task do_populate_sysroot_setscene: Started
NOTE: recipe glib-2.0-2.58.3-r0: task do_packagedata_setscene: Started
NOTE: recipe libtool-2.4.6-r0: task do_populate_sysroot_setscene: Succeeded
NOTE: Running setscene task 250 of 392 (/home/deby/poky/meta-debian/recipes-debian/libxml/libxml2_debian.bb:do_packagedata_setscene)
NOTE: recipe libxml2-2.9.4-r0: task do_packagedata_setscene: Started
NOTE: recipe libx11-1_1.6.7-r0: task do_package_write_deb_setscene: Started
NOTE: recipe shadow-sysroot-4.6-r3: task do_package_write_deb_setscene: Succeeded
NOTE: Running setscene task 252 of 392 (/home/deby/poky/meta/recipes-devtools/autoconf-archive/autoconf-archive_2018.03.13.bb:do_package_write_deb_setscene)
NOTE: recipe openssl-1.1.1c-r0: task do_package_write_deb_setscene: Succeeded
NOTE: Running setscene task 253 of 392 (/home/deby/poky/meta/recipes-extended/bash/bash_4.4.18.bb:do_packagedata_setscene)
NOTE: recipe diffutils-3.7-r0: task do_packagedata_setscene: Succeeded
NOTE: Running setscene task 255 of 392 (/home/deby/poky/meta-debian/recipes-debian/expat/expat_debian.bb:do_package_write_deb_setscene)
NOTE: recipe bash-4.4.18-r0: task do_packagedata_setscene: Started
NOTE: recipe make-4.2.1-r0: task do_packagedata_setscene: Succeeded
NOTE: Running setscene task 257 of 392 (/home/deby/poky/meta/recipes-graphics/xorg-lib/libsm_1.2.3.bb:do_package_write_deb_setscene)
NOTE: recipe shadow-sysroot-4.6-r3: task do_populate_sysroot_setscene: Succeeded
NOTE: Running setscene task 258 of 392 (/home/deby/poky/meta/recipes-extended/shadow/shadow-securetty_4.6.bb:do_package_write_deb_setscene)
NOTE: recipe expat-2.2.6-r0: task do_package_write_deb_setscene: Started
NOTE: recipe autoconf-archive-2018.03.13-r0: task do_package_write_deb_setscene: Started
NOTE: recipe libsm-1_1.2.3-r0: task do_package_write_deb_setscene: Started
NOTE: recipe perl-5.28.1-r1: task do_package_write_deb_setscene: Succeeded
NOTE: Running setscene task 259 of 392 (/home/deby/poky/meta-debian/recipes-debian/perl/perl_debian.bb:do_packagedata_setscene)
NOTE: recipe libx11-1_1.6.7-r0: task do_package_write_deb_setscene: Succeeded
NOTE: recipe libsm-1_1.2.3-r0: task do_package_write_deb_setscene: Succeeded
NOTE: recipe expat-2.2.6-r0: task do_package_write_deb_setscene: Succeeded
NOTE: recipe shadow-securetty-4.6-r3: task do_package_write_deb_setscene: Started
NOTE: Running setscene task 261 of 392 (/home/deby/poky/meta/recipes-graphics/xorg-lib/xtrans_1.3.5.bb:do_package_write_deb_setscene)
NOTE: Running setscene task 262 of 392 (/home/deby/poky/meta/recipes-graphics/xorg-lib/libxcb_1.13.1.bb:do_package_write_deb_setscene)
NOTE: Running setscene task 263 of 392 (/home/deby/poky/meta/recipes-graphics/xorg-lib/libice_1.0.9.bb:do_package_write_deb_setscene)
NOTE: recipe perl-5.28.1-r1: task do_packagedata_setscene: Started
NOTE: recipe libxcb-1.13.1-r0: task do_package_write_deb_setscene: Started
NOTE: recipe xtrans-1_1.3.5-r0: task do_package_write_deb_setscene: Started
NOTE: recipe libice-1_1.0.9-r0: task do_package_write_deb_setscene: Started
NOTE: recipe autoconf-archive-2018.03.13-r0: task do_package_write_deb_setscene: Succeeded
NOTE: Running setscene task 264 of 392 (/home/deby/poky/meta/recipes-graphics/xorg-lib/libxau_1.0.9.bb:do_package_write_deb_setscene)
NOTE: recipe xtrans-1_1.3.5-r0: task do_package_write_deb_setscene: Succeeded
NOTE: Running setscene task 265 of 392 (/home/deby/poky/meta/recipes-graphics/xorg-lib/libxdmcp_1.1.2.bb:do_package_write_deb_setscene)
NOTE: recipe libxcb-1.13.1-r0: task do_package_write_deb_setscene: Succeeded
NOTE: recipe base-passwd-3.5.29-r0: task do_package_write_deb_setscene: Succeeded
NOTE: recipe shadow-securetty-4.6-r3: task do_package_write_deb_setscene: Succeeded
NOTE: Running setscene task 266 of 392 (/home/deby/poky/meta/recipes-extended/shadow/shadow-securetty_4.6.bb:do_packagedata_setscene)
NOTE: recipe shadow-securetty-4.6-r3: task do_packagedata_setscene: Started
NOTE: recipe libxau-1_1.0.9-r0: task do_package_write_deb_setscene: Started
NOTE: recipe libxdmcp-1_1.1.2-r0: task do_package_write_deb_setscene: Started
NOTE: recipe libice-1_1.0.9-r0: task do_package_write_deb_setscene: Succeeded
NOTE: recipe libxdmcp-1_1.1.2-r0: task do_package_write_deb_setscene: Succeeded
NOTE: recipe libxau-1_1.0.9-r0: task do_package_write_deb_setscene: Succeeded
NOTE: recipe base-passwd-3.5.29-r0: task do_populate_sysroot_setscene: Succeeded
NOTE: recipe glib-2.0-2.58.3-r0: task do_populate_sysroot_setscene: Succeeded
NOTE: recipe bc-1.07.1-r0: task do_packagedata_setscene: Succeeded
NOTE: recipe libtool-2.4.6-r0: task do_packagedata_setscene: Succeeded
NOTE: recipe lzo-2.10-r0: task do_packagedata_setscene: Succeeded
NOTE: recipe bash-4.4.18-r0: task do_packagedata_setscene: Succeeded
NOTE: recipe shadow-securetty-4.6-r3: task do_packagedata_setscene: Succeeded
NOTE: recipe perl-5.28.1-r1: task do_packagedata_setscene: Succeeded
NOTE: recipe glib-2.0-2.58.3-r0: task do_packagedata_setscene: Succeeded
NOTE: Running setscene task 275 of 392 (/home/deby/poky/meta/recipes-support/libpcre/libpcre_8.43.bb:do_populate_sysroot_setscene)
NOTE: Running setscene task 276 of 392 (/home/deby/poky/meta/recipes-support/libpcre/libpcre_8.43.bb:do_packagedata_setscene)
NOTE: Running setscene task 277 of 392 (/home/deby/poky/meta-debian/recipes-debian/dbus/dbus_debian.bb:do_populate_sysroot_setscene)
NOTE: Running setscene task 278 of 392 (/home/deby/poky/meta-debian/recipes-debian/dbus/dbus_debian.bb:do_packagedata_setscene)
NOTE: recipe glibc-locale-2.28-r0: task do_package_write_deb_setscene: Succeeded
NOTE: recipe libxml2-2.9.4-r0: task do_packagedata_setscene: Succeeded
NOTE: Running setscene task 281 of 392 (/home/deby/poky/meta/recipes-devtools/python/python3_3.7.2.bb:do_packagedata_setscene)
NOTE: Running setscene task 282 of 392 (/home/deby/poky/meta-debian/recipes-debian/glibc/glibc-locale_debian.bb:do_packagedata_setscene)
NOTE: recipe libpcre-8.43-r0: task do_populate_sysroot_setscene: Started
NOTE: recipe libpcre-8.43-r0: task do_packagedata_setscene: Started
NOTE: recipe dbus-1.12.16-r0: task do_packagedata_setscene: Started
NOTE: recipe dbus-1.12.16-r0: task do_populate_sysroot_setscene: Started
NOTE: recipe python3-3.7.2-r0: task do_packagedata_setscene: Started
NOTE: recipe glibc-locale-2.28-r0: task do_packagedata_setscene: Started
NOTE: recipe libpcre-8.43-r0: task do_populate_sysroot_setscene: Succeeded
NOTE: recipe libpcre-8.43-r0: task do_packagedata_setscene: Succeeded
NOTE: recipe dbus-1.12.16-r0: task do_populate_sysroot_setscene: Succeeded
NOTE: recipe dbus-1.12.16-r0: task do_packagedata_setscene: Succeeded
NOTE: Running setscene task 285 of 392 (/home/deby/poky/meta/recipes-core/base-files/base-files_3.0.14.bb:do_populate_sysroot_setscene)
NOTE: Running setscene task 286 of 392 (/home/deby/poky/meta/recipes-core/base-files/base-files_3.0.14.bb:do_packagedata_setscene)
NOTE: Running setscene task 287 of 392 (/home/deby/poky/meta/recipes-extended/shadow/shadow_4.6.bb:do_populate_sysroot_setscene)
NOTE: Running setscene task 288 of 392 (/home/deby/poky/meta/recipes-extended/shadow/shadow_4.6.bb:do_packagedata_setscene)
NOTE: Running setscene task 289 of 392 (/home/deby/poky/meta/recipes-core/base-passwd/base-passwd_3.5.29.bb:do_packagedata_setscene)
NOTE: Running setscene task 290 of 392 (/home/deby/poky/meta/recipes-extended/shadow/shadow-sysroot_4.6.bb:do_packagedata_setscene)
NOTE: Running setscene task 291 of 392 (/home/deby/poky/meta/recipes-graphics/xorg-lib/libx11_1.6.7.bb:do_populate_sysroot_setscene)
NOTE: Running setscene task 292 of 392 (/home/deby/poky/meta/recipes-graphics/xorg-lib/libx11_1.6.7.bb:do_packagedata_setscene)
NOTE: Running setscene task 293 of 392 (/home/deby/poky/meta/recipes-devtools/autoconf-archive/autoconf-archive_2018.03.13.bb:do_packagedata_setscene)
NOTE: Running setscene task 294 of 392 (/home/deby/poky/meta-debian/recipes-debian/expat/expat_debian.bb:do_populate_sysroot_setscene)
NOTE: Running setscene task 295 of 392 (/home/deby/poky/meta-debian/recipes-debian/expat/expat_debian.bb:do_packagedata_setscene)
NOTE: Running setscene task 296 of 392 (/home/deby/poky/meta/recipes-graphics/xorg-lib/libsm_1.2.3.bb:do_populate_sysroot_setscene)
NOTE: Running setscene task 297 of 392 (/home/deby/poky/meta/recipes-graphics/xorg-lib/libsm_1.2.3.bb:do_packagedata_setscene)
NOTE: recipe python3-3.7.2-r0: task do_packagedata_setscene: Succeeded
NOTE: Running setscene task 300 of 392 (/home/deby/poky/meta/recipes-extended/xz/xz_5.2.4.bb:do_packagedata_setscene)
NOTE: Running setscene task 301 of 392 (/home/deby/poky/meta-debian/recipes-debian/bzip2/bzip2_debian.bb:do_populate_sysroot_setscene)
NOTE: recipe shadow-sysroot-4.6-r3: task do_packagedata_setscene: Started
NOTE: recipe base-files-3.0.14-r89: task do_populate_sysroot_setscene: Started
NOTE: recipe base-files-3.0.14-r89: task do_packagedata_setscene: Started
NOTE: recipe base-passwd-3.5.29-r0: task do_packagedata_setscene: Started
NOTE: recipe expat-2.2.6-r0: task do_packagedata_setscene: Started
NOTE: recipe shadow-4.6-r0: task do_populate_sysroot_setscene: Started
NOTE: recipe shadow-4.6-r0: task do_packagedata_setscene: Started
NOTE: recipe libx11-1_1.6.7-r0: task do_populate_sysroot_setscene: Started
NOTE: recipe autoconf-archive-2018.03.13-r0: task do_packagedata_setscene: Started
NOTE: recipe libsm-1_1.2.3-r0: task do_packagedata_setscene: Started
NOTE: recipe libsm-1_1.2.3-r0: task do_populate_sysroot_setscene: Started
NOTE: recipe libx11-1_1.6.7-r0: task do_packagedata_setscene: Started
NOTE: recipe xz-5.2.4-r0: task do_packagedata_setscene: Started
NOTE: recipe bzip2-1.0.6-r0: task do_populate_sysroot_setscene: Started
NOTE: recipe expat-2.2.6-r0: task do_populate_sysroot_setscene: Started
NOTE: recipe shadow-sysroot-4.6-r3: task do_packagedata_setscene: Succeeded
NOTE: Running setscene task 302 of 392 (/home/deby/poky/meta-debian/recipes-debian/bzip2/bzip2_debian.bb:do_packagedata_setscene)
NOTE: recipe bzip2-1.0.6-r0: task do_packagedata_setscene: Started
NOTE: recipe shadow-4.6-r0: task do_populate_sysroot_setscene: Succeeded
NOTE: Running setscene task 303 of 392 (/home/deby/poky/meta/recipes-devtools/qemu/qemu-native_3.1.0.bb:do_populate_sysroot_setscene)
NOTE: recipe libx11-1_1.6.7-r0: task do_populate_sysroot_setscene: Succeeded
NOTE: Running setscene task 305 of 392 (/home/deby/poky/meta/recipes-support/sqlite/sqlite3_3.27.2.bb:do_packagedata_setscene)
NOTE: recipe sqlite3-3_3.27.2-r0: task do_packagedata_setscene: Started
NOTE: recipe libsm-1_1.2.3-r0: task do_populate_sysroot_setscene: Succeeded
NOTE: Running setscene task 306 of 392 (/home/deby/poky/meta/recipes-core/util-linux/util-linux_2.32.1.bb:do_populate_sysroot_setscene)
NOTE: recipe util-linux-2.32.1-r0: task do_populate_sysroot_setscene: Started
NOTE: recipe bzip2-1.0.6-r0: task do_populate_sysroot_setscene: Succeeded
NOTE: Running setscene task 307 of 392 (/home/deby/poky/meta/recipes-core/util-linux/util-linux_2.32.1.bb:do_packagedata_setscene)
NOTE: recipe util-linux-2.32.1-r0: task do_packagedata_setscene: Started
NOTE: recipe qemu-native-3.1.0-r0: task do_populate_sysroot_setscene: Started
NOTE: recipe expat-2.2.6-r0: task do_populate_sysroot_setscene: Succeeded
NOTE: Running setscene task 308 of 392 (/home/deby/poky/meta/recipes-support/libffi/libffi_3.2.1.bb:do_populate_sysroot_setscene)
NOTE: recipe libsm-1_1.2.3-r0: task do_packagedata_setscene: Succeeded
NOTE: Running setscene task 309 of 392 (/home/deby/poky/meta/recipes-support/libffi/libffi_3.2.1.bb:do_packagedata_setscene)
NOTE: recipe libffi-3.2.1-r0: task do_populate_sysroot_setscene: Started
NOTE: recipe libffi-3.2.1-r0: task do_packagedata_setscene: Started
NOTE: recipe base-files-3.0.14-r89: task do_populate_sysroot_setscene: Succeeded
NOTE: Running setscene task 311 of 392 (/home/deby/poky/meta/recipes-support/gdbm/gdbm_1.18.1.bb:do_packagedata_setscene)
NOTE: recipe gdbm-1.18.1-r0: task do_packagedata_setscene: Started
NOTE: recipe shadow-4.6-r0: task do_packagedata_setscene: Succeeded
NOTE: Running setscene task 313 of 392 (/home/deby/poky/meta-debian/recipes-debian/readline/readline_debian.bb:do_packagedata_setscene)
NOTE: recipe autoconf-archive-2018.03.13-r0: task do_packagedata_setscene: Succeeded
NOTE: Running setscene task 314 of 392 (/home/deby/poky/meta/recipes-extended/libnsl/libnsl2_git.bb:do_populate_sysroot_setscene)
NOTE: recipe libx11-1_1.6.7-r0: task do_packagedata_setscene: Succeeded
NOTE: Running setscene task 315 of 392 (/home/deby/poky/meta/recipes-extended/libnsl/libnsl2_git.bb:do_packagedata_setscene)
NOTE: recipe readline-7.0-r0: task do_packagedata_setscene: Started
NOTE: recipe libnsl2-1.2.0+gitAUTOINC+37c5ffe303-r0: task do_populate_sysroot_setscene: Started
NOTE: recipe libnsl2-1.2.0+gitAUTOINC+37c5ffe303-r0: task do_packagedata_setscene: Started
NOTE: recipe util-linux-2.32.1-r0: task do_populate_sysroot_setscene: Succeeded
NOTE: Running setscene task 317 of 392 (/home/deby/poky/meta-debian/recipes-debian/openssl/openssl_debian.bb:do_packagedata_setscene)
NOTE: recipe openssl-1.1.1c-r0: task do_packagedata_setscene: Started
NOTE: recipe xz-5.2.4-r0: task do_packagedata_setscene: Succeeded
NOTE: Running setscene task 320 of 392 (/home/deby/poky/meta/recipes-support/attr/attr_2.4.47.bb:do_populate_sysroot_setscene)
NOTE: recipe attr-2.4.47-r0: task do_populate_sysroot_setscene: Started
NOTE: recipe libffi-3.2.1-r0: task do_populate_sysroot_setscene: Succeeded
NOTE: Running setscene task 321 of 392 (/home/deby/poky/meta/recipes-support/attr/attr_2.4.47.bb:do_packagedata_setscene)
NOTE: recipe attr-2.4.47-r0: task do_packagedata_setscene: Started
NOTE: recipe libnsl2-1.2.0+gitAUTOINC+37c5ffe303-r0: task do_populate_sysroot_setscene: Succeeded
NOTE: Running setscene task 326 of 392 (/home/deby/poky/meta/recipes-graphics/xorg-lib/libxcb_1.13.1.bb:do_populate_sysroot_setscene)
NOTE: recipe base-files-3.0.14-r89: task do_packagedata_setscene: Succeeded
NOTE: Running setscene task 328 of 392 (/home/deby/poky/meta/recipes-graphics/xorg-lib/libxcb_1.13.1.bb:do_packagedata_setscene)
NOTE: recipe base-passwd-3.5.29-r0: task do_packagedata_setscene: Succeeded
NOTE: Running setscene task 330 of 392 (/home/deby/poky/meta/recipes-graphics/xorg-lib/libice_1.0.9.bb:do_populate_sysroot_setscene)
NOTE: recipe libffi-3.2.1-r0: task do_packagedata_setscene: Succeeded
NOTE: Running setscene task 332 of 392 (/home/deby/poky/meta/recipes-graphics/xorg-lib/libice_1.0.9.bb:do_packagedata_setscene)
NOTE: recipe libxcb-1.13.1-r0: task do_populate_sysroot_setscene: Started
NOTE: recipe libxcb-1.13.1-r0: task do_packagedata_setscene: Started
NOTE: recipe libice-1_1.0.9-r0: task do_populate_sysroot_setscene: Started
NOTE: recipe libice-1_1.0.9-r0: task do_packagedata_setscene: Started
NOTE: recipe libice-1_1.0.9-r0: task do_populate_sysroot_setscene: Succeeded
NOTE: recipe attr-2.4.47-r0: task do_populate_sysroot_setscene: Succeeded
NOTE: recipe libxcb-1.13.1-r0: task do_populate_sysroot_setscene: Succeeded
NOTE: recipe util-linux-2.32.1-r0: task do_packagedata_setscene: Succeeded
NOTE: Running setscene task 334 of 392 (/home/deby/poky/meta/recipes-core/libxcrypt/libxcrypt.bb:do_populate_sysroot_setscene)
NOTE: Running setscene task 335 of 392 (/home/deby/poky/meta/recipes-core/libxcrypt/libxcrypt.bb:do_packagedata_setscene)
NOTE: Running setscene task 336 of 392 (/home/deby/poky/meta-debian/recipes-debian/zlib/zlib_debian.bb:do_populate_sysroot_setscene)
NOTE: Running setscene task 337 of 392 (/home/deby/poky/meta-debian/recipes-debian/zlib/zlib_debian.bb:do_packagedata_setscene)
NOTE: recipe expat-2.2.6-r0: task do_packagedata_setscene: Succeeded
NOTE: Running setscene task 338 of 392 (/home/deby/poky/meta/recipes-support/bash-completion/bash-completion_2.8.bb:do_populate_sysroot_setscene)
NOTE: recipe bzip2-1.0.6-r0: task do_packagedata_setscene: Succeeded
NOTE: Running setscene task 340 of 392 (/home/deby/poky/meta/recipes-support/bash-completion/bash-completion_2.8.bb:do_packagedata_setscene)
NOTE: recipe readline-7.0-r0: task do_packagedata_setscene: Succeeded
NOTE: Running setscene task 342 of 392 (/home/deby/poky/meta-debian/recipes-debian/ncurses/ncurses_debian.bb:do_populate_sysroot_setscene)
NOTE: recipe libxcrypt-4.4.2-r0: task do_populate_sysroot_setscene: Started
NOTE: recipe libxcrypt-4.4.2-r0: task do_packagedata_setscene: Started
NOTE: recipe zlib-1.2.11-r0: task do_packagedata_setscene: Started
NOTE: recipe zlib-1.2.11-r0: task do_populate_sysroot_setscene: Started
NOTE: recipe bash-completion-2.8-r0: task do_populate_sysroot_setscene: Started
NOTE: recipe bash-completion-2.8-r0: task do_packagedata_setscene: Started
NOTE: recipe ncurses-6.1+20181013-r0: task do_populate_sysroot_setscene: Started
NOTE: recipe libice-1_1.0.9-r0: task do_packagedata_setscene: Succeeded
NOTE: Running setscene task 343 of 392 (/home/deby/poky/meta-debian/recipes-debian/ncurses/ncurses_debian.bb:do_packagedata_setscene)
NOTE: recipe ncurses-6.1+20181013-r0: task do_packagedata_setscene: Started
NOTE: recipe zlib-1.2.11-r0: task do_populate_sysroot_setscene: Succeeded
NOTE: Running setscene task 346 of 392 (/home/deby/poky/meta/recipes-graphics/xorg-lib/xtrans_1.3.5.bb:do_populate_sysroot_setscene)
NOTE: recipe xtrans-1_1.3.5-r0: task do_populate_sysroot_setscene: Started
NOTE: recipe libxcrypt-4.4.2-r0: task do_populate_sysroot_setscene: Succeeded
NOTE: Running setscene task 347 of 392 (/home/deby/poky/meta/recipes-graphics/xorg-lib/xtrans_1.3.5.bb:do_packagedata_setscene)
NOTE: recipe xtrans-1_1.3.5-r0: task do_packagedata_setscene: Started
NOTE: recipe gdbm-1.18.1-r0: task do_packagedata_setscene: Succeeded
NOTE: recipe libxcrypt-4.4.2-r0: task do_packagedata_setscene: Succeeded
NOTE: recipe attr-2.4.47-r0: task do_packagedata_setscene: Succeeded
NOTE: recipe xtrans-1_1.3.5-r0: task do_populate_sysroot_setscene: Succeeded
NOTE: recipe libnsl2-1.2.0+gitAUTOINC+37c5ffe303-r0: task do_packagedata_setscene: Succeeded
NOTE: Running setscene task 352 of 392 (/home/deby/poky/meta/recipes-extended/libtirpc/libtirpc_1.0.3.bb:do_populate_sysroot_setscene)
NOTE: Running setscene task 353 of 392 (/home/deby/poky/meta/recipes-extended/libtirpc/libtirpc_1.0.3.bb:do_packagedata_setscene)
NOTE: recipe libtirpc-1.0.3-r0: task do_populate_sysroot_setscene: Started
NOTE: recipe libtirpc-1.0.3-r0: task do_packagedata_setscene: Started
NOTE: recipe bash-completion-2.8-r0: task do_populate_sysroot_setscene: Succeeded
NOTE: recipe ncurses-6.1+20181013-r0: task do_packagedata_setscene: Succeeded
NOTE: Running setscene task 355 of 392 (/home/deby/poky/meta/recipes-devtools/opkg-utils/opkg-utils_0.4.0.bb:do_packagedata_setscene)
NOTE: recipe sqlite3-3_3.27.2-r0: task do_packagedata_setscene: Succeeded
NOTE: recipe opkg-utils-0.4.0-r0: task do_packagedata_setscene: Started
NOTE: recipe libtirpc-1.0.3-r0: task do_populate_sysroot_setscene: Succeeded
NOTE: recipe xtrans-1_1.3.5-r0: task do_packagedata_setscene: Succeeded
NOTE: recipe zlib-1.2.11-r0: task do_packagedata_setscene: Succeeded
NOTE: recipe libxcb-1.13.1-r0: task do_packagedata_setscene: Succeeded
NOTE: Running setscene task 360 of 392 (/home/deby/poky/meta/recipes-graphics/xorg-lib/libxau_1.0.9.bb:do_populate_sysroot_setscene)
NOTE: Running setscene task 361 of 392 (/home/deby/poky/meta/recipes-graphics/xorg-lib/libxau_1.0.9.bb:do_packagedata_setscene)
NOTE: Running setscene task 362 of 392 (/home/deby/poky/meta/recipes-graphics/xorg-lib/libxdmcp_1.1.2.bb:do_populate_sysroot_setscene)
NOTE: Running setscene task 363 of 392 (/home/deby/poky/meta/recipes-graphics/xorg-lib/libxdmcp_1.1.2.bb:do_packagedata_setscene)
NOTE: recipe openssl-1.1.1c-r0: task do_packagedata_setscene: Succeeded
NOTE: recipe bash-completion-2.8-r0: task do_packagedata_setscene: Succeeded
NOTE: recipe libxdmcp-1_1.1.2-r0: task do_packagedata_setscene: Started
NOTE: recipe libxau-1_1.0.9-r0: task do_packagedata_setscene: Started
NOTE: recipe libxau-1_1.0.9-r0: task do_populate_sysroot_setscene: Started
NOTE: recipe libxdmcp-1_1.1.2-r0: task do_populate_sysroot_setscene: Started
NOTE: recipe libtirpc-1.0.3-r0: task do_packagedata_setscene: Succeeded
NOTE: recipe libxdmcp-1_1.1.2-r0: task do_packagedata_setscene: Succeeded
NOTE: recipe opkg-utils-0.4.0-r0: task do_packagedata_setscene: Succeeded
NOTE: recipe libxau-1_1.0.9-r0: task do_packagedata_setscene: Succeeded
NOTE: Running setscene task 370 of 392 (/home/deby/poky/meta-debian/recipes-debian/gcc/gcc-runtime_debian.bb:do_packagedata_setscene)
NOTE: Running setscene task 371 of 392 (/home/deby/poky/meta-debian/recipes-debian/libtool/libtool-cross_debian.bb:do_packagedata_setscene)
NOTE: recipe libxdmcp-1_1.1.2-r0: task do_populate_sysroot_setscene: Succeeded
NOTE: recipe libxau-1_1.0.9-r0: task do_populate_sysroot_setscene: Succeeded
NOTE: recipe libtool-cross-2.4.6-r0: task do_packagedata_setscene: Started
NOTE: recipe gcc-runtime-8.3.0-r0: task do_packagedata_setscene: Started
NOTE: recipe qemu-native-3.1.0-r0: task do_populate_sysroot_setscene: Succeeded
NOTE: Running setscene task 372 of 392 (virtual:native:/home/deby/poky/meta-debian/recipes-debian/glib-2.0/glib-2.0_debian.bb:do_populate_sysroot_setscene)
NOTE: recipe libtool-cross-2.4.6-r0: task do_packagedata_setscene: Succeeded
NOTE: recipe glib-2.0-native-2.58.3-r0: task do_populate_sysroot_setscene: Started
NOTE: recipe gcc-runtime-8.3.0-r0: task do_packagedata_setscene: Succeeded
NOTE: Running setscene task 375 of 392 (/home/deby/poky/meta-debian/recipes-debian/gcc/libgcc_debian.bb:do_packagedata_setscene)
NOTE: recipe libgcc-8.3.0-r0: task do_packagedata_setscene: Started
NOTE: recipe libgcc-8.3.0-r0: task do_packagedata_setscene: Succeeded
NOTE: Running setscene task 377 of 392 (/home/deby/poky/meta-debian/recipes-debian/glibc/glibc_debian.bb:do_packagedata_setscene)
NOTE: recipe glibc-2.28-r0: task do_packagedata_setscene: Started
NOTE: recipe ncurses-6.1+20181013-r0: task do_populate_sysroot_setscene: Succeeded
NOTE: Running setscene task 378 of 392 (/home/deby/poky/meta/recipes-devtools/opkg-utils/opkg-utils_0.4.0.bb:do_populate_sysroot_setscene)
NOTE: recipe glib-2.0-native-2.58.3-r0: task do_populate_sysroot_setscene: Succeeded
NOTE: Running setscene task 380 of 392 (virtual:native:/home/deby/poky/meta/recipes-devtools/meson/meson_0.49.2.bb:do_populate_sysroot_setscene)
NOTE: recipe opkg-utils-0.4.0-r0: task do_populate_sysroot_setscene: Started
NOTE: recipe meson-native-0.49.2-r0: task do_populate_sysroot_setscene: Started
NOTE: recipe opkg-utils-0.4.0-r0: task do_populate_sysroot_setscene: Succeeded
NOTE: Running setscene task 381 of 392 (/home/deby/poky/meta-debian/recipes-debian/gcc/gcc-runtime_debian.bb:do_populate_sysroot_setscene)
NOTE: recipe gcc-runtime-8.3.0-r0: task do_populate_sysroot_setscene: Started
NOTE: recipe glibc-2.28-r0: task do_packagedata_setscene: Succeeded
NOTE: Running setscene task 383 of 392 (/home/deby/poky/meta-debian/recipes-kernel/linux-libc-headers/linux-libc-headers-base_git.bb:do_packagedata_setscene)
ERROR: When reparsing /home/deby/poky/meta-debian/recipes-kernel/linux-libc-headers/linux-libc-headers-base_git.bb.do_patch, the basehash value changed from 794aba43c93b827ab8dad47165be6be0d8f92f251bd262635c22313e23128daa to ad76c34176c05413e9fb00995196d5015fc81c93587134874abe5c331acef982. The metadata is not deterministic and this needs to be fixed.
ERROR: When reparsing /home/deby/poky/meta-debian/recipes-kernel/linux-libc-headers/linux-libc-headers-base_git.bb.do_populate_sysroot, the basehash value changed from 3517ded0ce416d8ec8c9b5cbff6333d9a92651169ff57b5bb8ccfaeddd5f957d to 37aa03acfa8e97d82834240ab8ba025620d713e2c3cb007215e670a2702a7f2b. The metadata is not deterministic and this needs to be fixed.
ERROR: When reparsing /home/deby/poky/meta-debian/recipes-kernel/linux-libc-headers/linux-libc-headers-base_git.bb.do_fetch, the basehash value changed from a4fd11444c76ed326f49668786aa987e7d774f06a71e028bc7011f35fb84ad26 to 04254ba38565a6334c4502191a34b42d2bf8c8142732f112bb524411a0705f4f. The metadata is not deterministic and this needs to be fixed.
ERROR: When reparsing /home/deby/poky/meta-debian/recipes-kernel/linux-libc-headers/linux-libc-headers-base_git.bb.do_configure, the basehash value changed from 7501baab21d7ed4d2b68b8bfa69e07c3cfd88a0af5da297b87703b3876c13263 to 6c592f381152d30968647e5b29ff5cd46c54037e2a2294869a755a8173737f39. The metadata is not deterministic and this needs to be fixed.
ERROR: When reparsing /home/deby/poky/meta-debian/recipes-kernel/linux-libc-headers/linux-libc-headers-base_git.bb.do_compile, the basehash value changed from 5f43d2f45f105a3412b91f19613818cfd800bc7c0a44af0826234e59ff34f097 to b9beb48d1ce33278cc6d13f12cd6b0692501f1214801bc849160197734ba7860. The metadata is not deterministic and this needs to be fixed.
ERROR: When reparsing /home/deby/poky/meta-debian/recipes-kernel/linux-libc-headers/linux-libc-headers-base_git.bb.do_install, the basehash value changed from b17616345fa94b822bc8c306d8f9419be66be67f0ca09393d78629c0fe85652e to 658e738abed6141fcf688a188a4e735313ed34a9af4622d4bdafafd96b17bace. The metadata is not deterministic and this needs to be fixed.
ERROR: When reparsing /home/deby/poky/meta-debian/recipes-kernel/linux-libc-headers/linux-libc-headers-base_git.bb.do_package, the basehash value changed from a0b50fb48279d82802936ea6dbe64e1cff9f0932b6ab365a8f365c6133b0fca8 to c3b1839d183fc03866b78aacc3be97142343626f846a2798343d1b68ee0f8c5a. The metadata is not deterministic and this needs to be fixed.
ERROR: When reparsing /home/deby/poky/meta-debian/recipes-kernel/linux-libc-headers/linux-libc-headers-base_git.bb.do_packagedata, the basehash value changed from 6f799faa6ad9da988d1aae3037b97354898bc86d73413603595be22c9acdb1ec to f8b9a36b7532687e6b67a7d19230ffa74f9cdb0ada41c9b01c0049c583207b50. The metadata is not deterministic and this needs to be fixed.
ERROR: When reparsing /home/deby/poky/meta-debian/recipes-kernel/linux-libc-headers/linux-libc-headers-base_git.bb.do_package_write_deb, the basehash value changed from ec4dc783b937289b2776cd9f77ec436cd12498b3f5ac8992b279404031c4c9c7 to e47f75ec4f7d7e5c9dd56f1c82ac6432950117a0536045ab81f4d2553284cf70. The metadata is not deterministic and this needs to be fixed.
NOTE: recipe linux-libc-headers-base-gitAUTOINC+2951eded01-r0: task do_packagedata_setscene: Started
NOTE: recipe linux-libc-headers-base-gitAUTOINC+2951eded01-r0: task do_packagedata_setscene: Succeeded
NOTE: recipe meson-native-0.49.2-r0: task do_populate_sysroot_setscene: Succeeded
NOTE: Running setscene task 385 of 392 (virtual:native:/home/deby/poky/meta/recipes-devtools/python/python3-setuptools_40.8.0.bb:do_populate_sysroot_setscene)
NOTE: recipe python3-setuptools-native-40.8.0-r0: task do_populate_sysroot_setscene: Started
NOTE: recipe python3-setuptools-native-40.8.0-r0: task do_populate_sysroot_setscene: Succeeded
NOTE: recipe glibc-locale-2.28-r0: task do_packagedata_setscene: Succeeded
NOTE: recipe gcc-runtime-8.3.0-r0: task do_populate_sysroot_setscene: Succeeded
NOTE: Running setscene task 387 of 392 (/home/deby/poky/meta-debian/recipes-debian/gcc/libgcc_debian.bb:do_populate_sysroot_setscene)
NOTE: recipe libgcc-8.3.0-r0: task do_populate_sysroot_setscene: Started
NOTE: recipe libgcc-8.3.0-r0: task do_populate_sysroot_setscene: Succeeded
NOTE: Running setscene task 388 of 392 (/home/deby/poky/meta-debian/recipes-debian/glibc/glibc_debian.bb:do_populate_sysroot_setscene)
NOTE: recipe glibc-2.28-r0: task do_populate_sysroot_setscene: Started
NOTE: recipe glibc-2.28-r0: task do_populate_sysroot_setscene: Succeeded
NOTE: Running setscene task 392 of 392 (/home/deby/poky/meta-debian/recipes-kernel/linux-libc-headers/linux-libc-headers-base_git.bb:do_populate_sysroot_setscene)
ERROR: When reparsing /home/deby/poky/meta-debian/recipes-kernel/linux-libc-headers/linux-libc-headers-base_git.bb.do_patch, the basehash value changed from 794aba43c93b827ab8dad47165be6be0d8f92f251bd262635c22313e23128daa to ad76c34176c05413e9fb00995196d5015fc81c93587134874abe5c331acef982. The metadata is not deterministic and this needs to be fixed.
ERROR: When reparsing /home/deby/poky/meta-debian/recipes-kernel/linux-libc-headers/linux-libc-headers-base_git.bb.do_populate_sysroot, the basehash value changed from 3517ded0ce416d8ec8c9b5cbff6333d9a92651169ff57b5bb8ccfaeddd5f957d to 37aa03acfa8e97d82834240ab8ba025620d713e2c3cb007215e670a2702a7f2b. The metadata is not deterministic and this needs to be fixed.
ERROR: When reparsing /home/deby/poky/meta-debian/recipes-kernel/linux-libc-headers/linux-libc-headers-base_git.bb.do_fetch, the basehash value changed from a4fd11444c76ed326f49668786aa987e7d774f06a71e028bc7011f35fb84ad26 to 04254ba38565a6334c4502191a34b42d2bf8c8142732f112bb524411a0705f4f. The metadata is not deterministic and this needs to be fixed.
ERROR: When reparsing /home/deby/poky/meta-debian/recipes-kernel/linux-libc-headers/linux-libc-headers-base_git.bb.do_configure, the basehash value changed from 7501baab21d7ed4d2b68b8bfa69e07c3cfd88a0af5da297b87703b3876c13263 to 6c592f381152d30968647e5b29ff5cd46c54037e2a2294869a755a8173737f39. The metadata is not deterministic and this needs to be fixed.
ERROR: When reparsing /home/deby/poky/meta-debian/recipes-kernel/linux-libc-headers/linux-libc-headers-base_git.bb.do_compile, the basehash value changed from 5f43d2f45f105a3412b91f19613818cfd800bc7c0a44af0826234e59ff34f097 to b9beb48d1ce33278cc6d13f12cd6b0692501f1214801bc849160197734ba7860. The metadata is not deterministic and this needs to be fixed.
ERROR: When reparsing /home/deby/poky/meta-debian/recipes-kernel/linux-libc-headers/linux-libc-headers-base_git.bb.do_install, the basehash value changed from b17616345fa94b822bc8c306d8f9419be66be67f0ca09393d78629c0fe85652e to 658e738abed6141fcf688a188a4e735313ed34a9af4622d4bdafafd96b17bace. The metadata is not deterministic and this needs to be fixed.
ERROR: When reparsing /home/deby/poky/meta-debian/recipes-kernel/linux-libc-headers/linux-libc-headers-base_git.bb.do_package, the basehash value changed from a0b50fb48279d82802936ea6dbe64e1cff9f0932b6ab365a8f365c6133b0fca8 to c3b1839d183fc03866b78aacc3be97142343626f846a2798343d1b68ee0f8c5a. The metadata is not deterministic and this needs to be fixed.
ERROR: When reparsing /home/deby/poky/meta-debian/recipes-kernel/linux-libc-headers/linux-libc-headers-base_git.bb.do_packagedata, the basehash value changed from 6f799faa6ad9da988d1aae3037b97354898bc86d73413603595be22c9acdb1ec to f8b9a36b7532687e6b67a7d19230ffa74f9cdb0ada41c9b01c0049c583207b50. The metadata is not deterministic and this needs to be fixed.
ERROR: When reparsing /home/deby/poky/meta-debian/recipes-kernel/linux-libc-headers/linux-libc-headers-base_git.bb.do_package_write_deb, the basehash value changed from ec4dc783b937289b2776cd9f77ec436cd12498b3f5ac8992b279404031c4c9c7 to e47f75ec4f7d7e5c9dd56f1c82ac6432950117a0536045ab81f4d2553284cf70. The metadata is not deterministic and this needs to be fixed.
NOTE: recipe linux-libc-headers-base-gitAUTOINC+2951eded01-r0: task do_populate_sysroot_setscene: Started
NOTE: recipe linux-libc-headers-base-gitAUTOINC+2951eded01-r0: task do_populate_sysroot_setscene: Succeeded
NOTE: Executing RunQueue Tasks
NOTE: Running noexec task 1669 of 1669 (/home/deby/poky/meta-debian/recipes-debian/busybox/busybox_debian.bb:do_build)
NOTE: Tasks Summary: Attempted 1669 tasks of which 1668 didn't need to be rerun and all succeeded.

Summary: There were 2 WARNING messages shown.
Summary: There were 91 ERROR messages shown, returning a non-zero exit code.
