WARNING: Host distribution "debian-10" has not been validated with this version of the build system; you may possibly experience unexpected failures. It is recommended that you use a tested distribution.
Loading cache...done.
Loaded 1674 entries from dependency cache.
WARNING: No bb files matched BBFILE_PATTERN_dti '^/home/deby/poky/meta-debian/tests/../../meta-debian/bsp/meta-ti/'
Removing 1 recipes from the x86_64_linux sysroot...done.
NOTE: Resolving any missing task queue dependencies

Build Configuration:
BB_VERSION           = "1.42.0"
BUILD_SYS            = "x86_64-linux"
NATIVELSBSTRING      = "universal"
TARGET_SYS           = "arm-deby-linux-gnueabi"
MACHINE              = "beaglebone"
DISTRO               = "deby"
DISTRO_VERSION       = "10.0"
TUNE_FEATURES        = "arm armv7a vfp thumb neon callconvention-hard"
TARGET_FPU           = "hard"
meta                 
meta-poky            = "warrior:51223035e66c5b27799b15a0f8ebe75d24d3971b"
meta-debian          = "warrior-trungdt:cc9dbb7e719dbf74fa3c56a03f2bfd38a6eeffd9"
meta-ti              = "master:54f3d19b60411fd5db5d8df42974eb4038037a00"
meta-ti              = "warrior-trungdt:cc9dbb7e719dbf74fa3c56a03f2bfd38a6eeffd9"

Initialising tasks...done.
Sstate summary: Wanted 16 Found 16 Missed 0 Current 64 (100% match, 100% complete)
NOTE: Executing SetScene Tasks
NOTE: Running setscene task 65 of 80 (/home/deby/poky/meta-debian/recipes-debian/db/db_debian.bb:do_populate_sysroot_setscene)
NOTE: Running setscene task 66 of 80 (/home/deby/poky/meta-debian/recipes-debian/db/db_debian.bb:do_package_qa_setscene)
NOTE: Running setscene task 67 of 80 (/home/deby/poky/meta-debian/recipes-debian/db/db_debian.bb:do_package_write_deb_setscene)
NOTE: Running setscene task 72 of 80 (/home/deby/poky/meta-debian/recipes-kernel/linux-libc-headers/linux-libc-headers-base_git.bb:do_package_write_deb_setscene)
NOTE: Running setscene task 76 of 80 (/home/deby/poky/meta-debian/recipes-kernel/linux-libc-headers/linux-libc-headers-base_git.bb:do_populate_sysroot_setscene)
NOTE: recipe db-5.3.28-r0: task do_populate_sysroot_setscene: Started
NOTE: recipe db-5.3.28-r0: task do_package_qa_setscene: Started
NOTE: recipe db-5.3.28-r0: task do_package_write_deb_setscene: Started
NOTE: recipe db-5.3.28-r0: task do_package_qa_setscene: Succeeded
ERROR: When reparsing /home/deby/poky/meta-debian/recipes-kernel/linux-libc-headers/linux-libc-headers-base_git.bb.do_patch, the basehash value changed from 794aba43c93b827ab8dad47165be6be0d8f92f251bd262635c22313e23128daa to ad76c34176c05413e9fb00995196d5015fc81c93587134874abe5c331acef982. The metadata is not deterministic and this needs to be fixed.
ERROR: When reparsing /home/deby/poky/meta-debian/recipes-kernel/linux-libc-headers/linux-libc-headers-base_git.bb.do_populate_sysroot, the basehash value changed from 3517ded0ce416d8ec8c9b5cbff6333d9a92651169ff57b5bb8ccfaeddd5f957d to 37aa03acfa8e97d82834240ab8ba025620d713e2c3cb007215e670a2702a7f2b. The metadata is not deterministic and this needs to be fixed.
ERROR: When reparsing /home/deby/poky/meta-debian/recipes-kernel/linux-libc-headers/linux-libc-headers-base_git.bb.do_fetch, the basehash value changed from a4fd11444c76ed326f49668786aa987e7d774f06a71e028bc7011f35fb84ad26 to 04254ba38565a6334c4502191a34b42d2bf8c8142732f112bb524411a0705f4f. The metadata is not deterministic and this needs to be fixed.
ERROR: When reparsing /home/deby/poky/meta-debian/recipes-kernel/linux-libc-headers/linux-libc-headers-base_git.bb.do_configure, the basehash value changed from 7501baab21d7ed4d2b68b8bfa69e07c3cfd88a0af5da297b87703b3876c13263 to 6c592f381152d30968647e5b29ff5cd46c54037e2a2294869a755a8173737f39. The metadata is not deterministic and this needs to be fixed.
ERROR: When reparsing /home/deby/poky/meta-debian/recipes-kernel/linux-libc-headers/linux-libc-headers-base_git.bb.do_compile, the basehash value changed from 5f43d2f45f105a3412b91f19613818cfd800bc7c0a44af0826234e59ff34f097 to b9beb48d1ce33278cc6d13f12cd6b0692501f1214801bc849160197734ba7860. The metadata is not deterministic and this needs to be fixed.
ERROR: When reparsing /home/deby/poky/meta-debian/recipes-kernel/linux-libc-headers/linux-libc-headers-base_git.bb.do_install, the basehash value changed from b17616345fa94b822bc8c306d8f9419be66be67f0ca09393d78629c0fe85652e to 658e738abed6141fcf688a188a4e735313ed34a9af4622d4bdafafd96b17bace. The metadata is not deterministic and this needs to be fixed.
ERROR: When reparsing /home/deby/poky/meta-debian/recipes-kernel/linux-libc-headers/linux-libc-headers-base_git.bb.do_package, the basehash value changed from a0b50fb48279d82802936ea6dbe64e1cff9f0932b6ab365a8f365c6133b0fca8 to c3b1839d183fc03866b78aacc3be97142343626f846a2798343d1b68ee0f8c5a. The metadata is not deterministic and this needs to be fixed.
ERROR: When reparsing /home/deby/poky/meta-debian/recipes-kernel/linux-libc-headers/linux-libc-headers-base_git.bb.do_packagedata, the basehash value changed from 6f799faa6ad9da988d1aae3037b97354898bc86d73413603595be22c9acdb1ec to f8b9a36b7532687e6b67a7d19230ffa74f9cdb0ada41c9b01c0049c583207b50. The metadata is not deterministic and this needs to be fixed.
ERROR: When reparsing /home/deby/poky/meta-debian/recipes-kernel/linux-libc-headers/linux-libc-headers-base_git.bb.do_package_write_deb, the basehash value changed from ec4dc783b937289b2776cd9f77ec436cd12498b3f5ac8992b279404031c4c9c7 to e47f75ec4f7d7e5c9dd56f1c82ac6432950117a0536045ab81f4d2553284cf70. The metadata is not deterministic and this needs to be fixed.
NOTE: recipe linux-libc-headers-base-gitAUTOINC+2951eded01-r0: task do_package_write_deb_setscene: Started
ERROR: When reparsing /home/deby/poky/meta-debian/recipes-kernel/linux-libc-headers/linux-libc-headers-base_git.bb.do_patch, the basehash value changed from 794aba43c93b827ab8dad47165be6be0d8f92f251bd262635c22313e23128daa to ad76c34176c05413e9fb00995196d5015fc81c93587134874abe5c331acef982. The metadata is not deterministic and this needs to be fixed.
ERROR: When reparsing /home/deby/poky/meta-debian/recipes-kernel/linux-libc-headers/linux-libc-headers-base_git.bb.do_populate_sysroot, the basehash value changed from 3517ded0ce416d8ec8c9b5cbff6333d9a92651169ff57b5bb8ccfaeddd5f957d to 37aa03acfa8e97d82834240ab8ba025620d713e2c3cb007215e670a2702a7f2b. The metadata is not deterministic and this needs to be fixed.
ERROR: When reparsing /home/deby/poky/meta-debian/recipes-kernel/linux-libc-headers/linux-libc-headers-base_git.bb.do_fetch, the basehash value changed from a4fd11444c76ed326f49668786aa987e7d774f06a71e028bc7011f35fb84ad26 to 04254ba38565a6334c4502191a34b42d2bf8c8142732f112bb524411a0705f4f. The metadata is not deterministic and this needs to be fixed.
ERROR: When reparsing /home/deby/poky/meta-debian/recipes-kernel/linux-libc-headers/linux-libc-headers-base_git.bb.do_configure, the basehash value changed from 7501baab21d7ed4d2b68b8bfa69e07c3cfd88a0af5da297b87703b3876c13263 to 6c592f381152d30968647e5b29ff5cd46c54037e2a2294869a755a8173737f39. The metadata is not deterministic and this needs to be fixed.
ERROR: When reparsing /home/deby/poky/meta-debian/recipes-kernel/linux-libc-headers/linux-libc-headers-base_git.bb.do_compile, the basehash value changed from 5f43d2f45f105a3412b91f19613818cfd800bc7c0a44af0826234e59ff34f097 to b9beb48d1ce33278cc6d13f12cd6b0692501f1214801bc849160197734ba7860. The metadata is not deterministic and this needs to be fixed.
ERROR: When reparsing /home/deby/poky/meta-debian/recipes-kernel/linux-libc-headers/linux-libc-headers-base_git.bb.do_install, the basehash value changed from b17616345fa94b822bc8c306d8f9419be66be67f0ca09393d78629c0fe85652e to 658e738abed6141fcf688a188a4e735313ed34a9af4622d4bdafafd96b17bace. The metadata is not deterministic and this needs to be fixed.
ERROR: When reparsing /home/deby/poky/meta-debian/recipes-kernel/linux-libc-headers/linux-libc-headers-base_git.bb.do_package, the basehash value changed from a0b50fb48279d82802936ea6dbe64e1cff9f0932b6ab365a8f365c6133b0fca8 to c3b1839d183fc03866b78aacc3be97142343626f846a2798343d1b68ee0f8c5a. The metadata is not deterministic and this needs to be fixed.
ERROR: When reparsing /home/deby/poky/meta-debian/recipes-kernel/linux-libc-headers/linux-libc-headers-base_git.bb.do_packagedata, the basehash value changed from 6f799faa6ad9da988d1aae3037b97354898bc86d73413603595be22c9acdb1ec to f8b9a36b7532687e6b67a7d19230ffa74f9cdb0ada41c9b01c0049c583207b50. The metadata is not deterministic and this needs to be fixed.
ERROR: When reparsing /home/deby/poky/meta-debian/recipes-kernel/linux-libc-headers/linux-libc-headers-base_git.bb.do_package_write_deb, the basehash value changed from ec4dc783b937289b2776cd9f77ec436cd12498b3f5ac8992b279404031c4c9c7 to e47f75ec4f7d7e5c9dd56f1c82ac6432950117a0536045ab81f4d2553284cf70. The metadata is not deterministic and this needs to be fixed.
NOTE: recipe linux-libc-headers-base-gitAUTOINC+2951eded01-r0: task do_package_write_deb_setscene: Succeeded
NOTE: Running setscene task 77 of 80 (/home/deby/poky/meta-debian/recipes-kernel/linux-libc-headers/linux-libc-headers-base_git.bb:do_packagedata_setscene)
NOTE: recipe linux-libc-headers-base-gitAUTOINC+2951eded01-r0: task do_populate_sysroot_setscene: Started
ERROR: When reparsing /home/deby/poky/meta-debian/recipes-kernel/linux-libc-headers/linux-libc-headers-base_git.bb.do_patch, the basehash value changed from 794aba43c93b827ab8dad47165be6be0d8f92f251bd262635c22313e23128daa to ad76c34176c05413e9fb00995196d5015fc81c93587134874abe5c331acef982. The metadata is not deterministic and this needs to be fixed.
ERROR: When reparsing /home/deby/poky/meta-debian/recipes-kernel/linux-libc-headers/linux-libc-headers-base_git.bb.do_populate_sysroot, the basehash value changed from 3517ded0ce416d8ec8c9b5cbff6333d9a92651169ff57b5bb8ccfaeddd5f957d to 37aa03acfa8e97d82834240ab8ba025620d713e2c3cb007215e670a2702a7f2b. The metadata is not deterministic and this needs to be fixed.
ERROR: When reparsing /home/deby/poky/meta-debian/recipes-kernel/linux-libc-headers/linux-libc-headers-base_git.bb.do_fetch, the basehash value changed from a4fd11444c76ed326f49668786aa987e7d774f06a71e028bc7011f35fb84ad26 to 04254ba38565a6334c4502191a34b42d2bf8c8142732f112bb524411a0705f4f. The metadata is not deterministic and this needs to be fixed.
ERROR: When reparsing /home/deby/poky/meta-debian/recipes-kernel/linux-libc-headers/linux-libc-headers-base_git.bb.do_configure, the basehash value changed from 7501baab21d7ed4d2b68b8bfa69e07c3cfd88a0af5da297b87703b3876c13263 to 6c592f381152d30968647e5b29ff5cd46c54037e2a2294869a755a8173737f39. The metadata is not deterministic and this needs to be fixed.
ERROR: When reparsing /home/deby/poky/meta-debian/recipes-kernel/linux-libc-headers/linux-libc-headers-base_git.bb.do_compile, the basehash value changed from 5f43d2f45f105a3412b91f19613818cfd800bc7c0a44af0826234e59ff34f097 to b9beb48d1ce33278cc6d13f12cd6b0692501f1214801bc849160197734ba7860. The metadata is not deterministic and this needs to be fixed.
ERROR: When reparsing /home/deby/poky/meta-debian/recipes-kernel/linux-libc-headers/linux-libc-headers-base_git.bb.do_install, the basehash value changed from b17616345fa94b822bc8c306d8f9419be66be67f0ca09393d78629c0fe85652e to 658e738abed6141fcf688a188a4e735313ed34a9af4622d4bdafafd96b17bace. The metadata is not deterministic and this needs to be fixed.
ERROR: When reparsing /home/deby/poky/meta-debian/recipes-kernel/linux-libc-headers/linux-libc-headers-base_git.bb.do_package, the basehash value changed from a0b50fb48279d82802936ea6dbe64e1cff9f0932b6ab365a8f365c6133b0fca8 to c3b1839d183fc03866b78aacc3be97142343626f846a2798343d1b68ee0f8c5a. The metadata is not deterministic and this needs to be fixed.
ERROR: When reparsing /home/deby/poky/meta-debian/recipes-kernel/linux-libc-headers/linux-libc-headers-base_git.bb.do_packagedata, the basehash value changed from 6f799faa6ad9da988d1aae3037b97354898bc86d73413603595be22c9acdb1ec to f8b9a36b7532687e6b67a7d19230ffa74f9cdb0ada41c9b01c0049c583207b50. The metadata is not deterministic and this needs to be fixed.
ERROR: When reparsing /home/deby/poky/meta-debian/recipes-kernel/linux-libc-headers/linux-libc-headers-base_git.bb.do_package_write_deb, the basehash value changed from ec4dc783b937289b2776cd9f77ec436cd12498b3f5ac8992b279404031c4c9c7 to e47f75ec4f7d7e5c9dd56f1c82ac6432950117a0536045ab81f4d2553284cf70. The metadata is not deterministic and this needs to be fixed.
NOTE: recipe linux-libc-headers-base-gitAUTOINC+2951eded01-r0: task do_packagedata_setscene: Started
NOTE: recipe linux-libc-headers-base-gitAUTOINC+2951eded01-r0: task do_populate_sysroot_setscene: Succeeded
NOTE: recipe db-5.3.28-r0: task do_package_write_deb_setscene: Succeeded
NOTE: Running setscene task 78 of 80 (/home/deby/poky/meta-debian/recipes-debian/db/db_debian.bb:do_packagedata_setscene)
NOTE: recipe linux-libc-headers-base-gitAUTOINC+2951eded01-r0: task do_packagedata_setscene: Succeeded
NOTE: recipe db-5.3.28-r0: task do_packagedata_setscene: Started
NOTE: recipe db-5.3.28-r0: task do_packagedata_setscene: Succeeded
NOTE: recipe db-5.3.28-r0: task do_populate_sysroot_setscene: Succeeded
NOTE: Executing RunQueue Tasks
NOTE: Running noexec task 532 of 532 (/home/deby/poky/meta-debian/recipes-debian/db/db_debian.bb:do_build)
NOTE: Tasks Summary: Attempted 532 tasks of which 531 didn't need to be rerun and all succeeded.

Summary: There were 2 WARNING messages shown.
Summary: There were 27 ERROR messages shown, returning a non-zero exit code.
