WARNING: Host distribution "debian-10" has not been validated with this version of the build system; you may possibly experience unexpected failures. It is recommended that you use a tested distribution.
Loading cache...done.
Loaded 1674 entries from dependency cache.
WARNING: No bb files matched BBFILE_PATTERN_dti '^/home/deby/poky/meta-debian/tests/../../meta-debian/bsp/meta-ti/'
NOTE: Resolving any missing task queue dependencies

Build Configuration:
BB_VERSION           = "1.42.0"
BUILD_SYS            = "x86_64-linux"
NATIVELSBSTRING      = "universal"
TARGET_SYS           = "arm-deby-linux-gnueabi"
MACHINE              = "beaglebone"
DISTRO               = "deby"
DISTRO_VERSION       = "10.0"
TUNE_FEATURES        = "arm armv7a vfp thumb neon callconvention-hard"
TARGET_FPU           = "hard"
meta                 
meta-poky            = "warrior:51223035e66c5b27799b15a0f8ebe75d24d3971b"
meta-debian          = "warrior-trungdt:6f8d044296c48236077a2793914bb2843ff7bfdd"
meta-ti              = "master:54f3d19b60411fd5db5d8df42974eb4038037a00"
meta-ti              = "warrior-trungdt:6f8d044296c48236077a2793914bb2843ff7bfdd"

Initialising tasks...done.
Sstate summary: Wanted 80 Found 79 Missed 1 Current 304 (98% match, 99% complete)
NOTE: Executing SetScene Tasks
NOTE: Running setscene task 305 of 384 (/home/deby/poky/meta-debian/recipes-debian/glib-2.0/glib-2.0_debian.bb:do_package_qa_setscene)
NOTE: Running setscene task 320 of 384 (/home/deby/poky/meta-debian/recipes-kernel/linux/linux-base_git.bb:do_package_write_deb_setscene)
NOTE: Running setscene task 321 of 384 (/home/deby/poky/meta-debian/recipes-kernel/linux/linux-base_git.bb:do_deploy_setscene)
NOTE: Running setscene task 334 of 384 (/home/deby/poky/meta-debian/recipes-kernel/linux-libc-headers/linux-libc-headers-base_git.bb:do_package_write_deb_setscene)
NOTE: Running setscene task 338 of 384 (/home/deby/poky/meta-debian/recipes-kernel/linux-libc-headers/linux-libc-headers-base_git.bb:do_populate_sysroot_setscene)
NOTE: recipe glib-2.0-2.58.3-r0: task do_package_qa_setscene: Started
NOTE: recipe glib-2.0-2.58.3-r0: task do_package_qa_setscene: Succeeded
WARNING: Setscene task (/home/deby/poky/meta-debian/recipes-kernel/linux-libc-headers/linux-libc-headers-base_git.bb:do_populate_sysroot_setscene) failed with exit code '1' - real task will be run instead
ERROR: When reparsing /home/deby/poky/meta-debian/recipes-kernel/linux/linux-base_git.bb.do_patch, the basehash value changed from 794aba43c93b827ab8dad47165be6be0d8f92f251bd262635c22313e23128daa to ad76c34176c05413e9fb00995196d5015fc81c93587134874abe5c331acef982. The metadata is not deterministic and this needs to be fixed.
ERROR: When reparsing /home/deby/poky/meta-debian/recipes-kernel/linux/linux-base_git.bb.do_populate_sysroot, the basehash value changed from 91bc223f29a5777e2da0bde8cb9d650f1fe67700726a5fd85b8a1568e090ea34 to 857f1a5e0ff2249734250406f81a5da61964e192190dbb45516288e6a37244df. The metadata is not deterministic and this needs to be fixed.
ERROR: When reparsing /home/deby/poky/meta-debian/recipes-kernel/linux/linux-base_git.bb.do_fetch, the basehash value changed from 6837d2b3e1e523ac9e1ce9e60f822e3b1453c866da29c9d4f0a362f4bdaf19ae to f452bf4ceb123e44bad8d61f47d656edb8e465840dc461961425b0a9bedf1952. The metadata is not deterministic and this needs to be fixed.
ERROR: When reparsing /home/deby/poky/meta-debian/recipes-kernel/linux/linux-base_git.bb.do_configure, the basehash value changed from 3bfb8f6703a7e088447332277bb5313e7190f8c0207229469f5e2139211f7ec9 to bc75fd7d4a5bf065df3624b3cb75244095bb642a05ab34c6a6c7def0e83c4982. The metadata is not deterministic and this needs to be fixed.
ERROR: When reparsing /home/deby/poky/meta-debian/recipes-kernel/linux/linux-base_git.bb.do_compile, the basehash value changed from 80bbefb2cd5c8bf3fd3b8e992ffbd9907f1387f1e13f7a378250e747c39ec055 to ca409fcfd81e173ddb72e8e8b40154ef016a71d31bb15d36b31496f9a03cae99. The metadata is not deterministic and this needs to be fixed.
ERROR: When reparsing /home/deby/poky/meta-debian/recipes-kernel/linux/linux-base_git.bb.do_install, the basehash value changed from a5a2d0338bf335d4ee7231e9b33662d9cce1a97450f06efb9cf9f0bf0b59e432 to d167c414f49ba3d09fe4ced3a0f685882b9eb0e07db1b6b29b6f0ae28c68fbb0. The metadata is not deterministic and this needs to be fixed.
ERROR: When reparsing /home/deby/poky/meta-debian/recipes-kernel/linux/linux-base_git.bb.do_package, the basehash value changed from 447cf76d846229ca2802ee01ef696c7bcfac594c1b875d9ff219c5b9c38cf961 to 0c44d762a8b740f160342654ff13d800072252278a6527f1c01471e3e8ddec5e. The metadata is not deterministic and this needs to be fixed.
ERROR: When reparsing /home/deby/poky/meta-debian/recipes-kernel/linux/linux-base_git.bb.do_packagedata, the basehash value changed from abdf670e9a60555d392cde14e441b3c217196e674b7b8b087b82c4b3c573b80c to 8e6270a44f4d8f7d39348a654b7e30a73f7b1ccd685b80d7f4aff5d912ff9ea7. The metadata is not deterministic and this needs to be fixed.
ERROR: When reparsing /home/deby/poky/meta-debian/recipes-kernel/linux/linux-base_git.bb.do_package_write_deb, the basehash value changed from bd2e74c647e8b4392f508ec957ee6f531b92ebe7b6093ed2698fb27b9c98d663 to 230e61ce1048a62db35d8556c628be08686213f986223aa9dd6e75457b2cacaf. The metadata is not deterministic and this needs to be fixed.
ERROR: When reparsing /home/deby/poky/meta-debian/recipes-kernel/linux/linux-base_git.bb.do_bundle_initramfs, the basehash value changed from e5705963e806f5cd40ea0ba464e79db88a4a9fcf8e00b2698378464772e86e50 to 16d1541899c73ad1c5c3e515b8f8ed3c41f712754cedd64406ce2f5616ab63cf. The metadata is not deterministic and this needs to be fixed.
ERROR: When reparsing /home/deby/poky/meta-debian/recipes-kernel/linux/linux-base_git.bb.do_compile_kernelmodules, the basehash value changed from 23f38904fe1cf365fa46dc0798606da9a3eb84ad4c74982987a5bcdd4bfd58d2 to d0f49cce3d7a17cf896fdc8e7358fb04ffa86bd4e6ecef15ceffeeaf53e47c14. The metadata is not deterministic and this needs to be fixed.
ERROR: When reparsing /home/deby/poky/meta-debian/recipes-kernel/linux/linux-base_git.bb.do_shared_workdir, the basehash value changed from 4abc6320c58ce8b7cb26a7a9c025832028fe69b776793360c9f74c98617cb28c to 90417804d8490cf3ba387fc462ce44b393d2ed293b31d1014f16e787b62d9cea. The metadata is not deterministic and this needs to be fixed.
ERROR: When reparsing /home/deby/poky/meta-debian/recipes-kernel/linux/linux-base_git.bb.do_kernel_link_images, the basehash value changed from ffa4900d4794ac91348d9e3a6ab2ab35a784a5655d86cb8c3c738e1d299b0c8b to 20e9cf131095ffe618bfb3b73bc9cbe1f0f30b2e39d79af29b7ef0c87b2b1a8d. The metadata is not deterministic and this needs to be fixed.
ERROR: When reparsing /home/deby/poky/meta-debian/recipes-kernel/linux/linux-base_git.bb.do_strip, the basehash value changed from 649f28bbf54defd89012abe7e73d0a71e50c5a5ba4407fd1d44f55feae66acff to 0bf83dd84b9c378e6e3da65cf4a1bc4f310298e929f92027905ec7955f3af93a. The metadata is not deterministic and this needs to be fixed.
ERROR: When reparsing /home/deby/poky/meta-debian/recipes-kernel/linux/linux-base_git.bb.do_sizecheck, the basehash value changed from 41be0a6baed591c533f65cb4c4cc7bae9ed8279fb78ad60260d98c0a89386d91 to c61cfd0282e7d96272d383d086072b9b3f42302380775b0859afe09b6a488f8f. The metadata is not deterministic and this needs to be fixed.
ERROR: When reparsing /home/deby/poky/meta-debian/recipes-kernel/linux/linux-base_git.bb.do_deploy, the basehash value changed from e4e145fec455730292b19ea86500ca9b02cc52edaa31d665c76983fb2973f5d6 to 542c4400838e8d432768589abcdda7be65e3c30a89e5b173fd9377a780c14fda. The metadata is not deterministic and this needs to be fixed.
NOTE: recipe linux-base-gitAUTOINC+2951eded01-r0: task do_package_write_deb_setscene: Started
ERROR: When reparsing /home/deby/poky/meta-debian/recipes-kernel/linux-libc-headers/linux-libc-headers-base_git.bb.do_patch, the basehash value changed from 794aba43c93b827ab8dad47165be6be0d8f92f251bd262635c22313e23128daa to ad76c34176c05413e9fb00995196d5015fc81c93587134874abe5c331acef982. The metadata is not deterministic and this needs to be fixed.
ERROR: When reparsing /home/deby/poky/meta-debian/recipes-kernel/linux-libc-headers/linux-libc-headers-base_git.bb.do_populate_sysroot, the basehash value changed from 3517ded0ce416d8ec8c9b5cbff6333d9a92651169ff57b5bb8ccfaeddd5f957d to 37aa03acfa8e97d82834240ab8ba025620d713e2c3cb007215e670a2702a7f2b. The metadata is not deterministic and this needs to be fixed.
ERROR: When reparsing /home/deby/poky/meta-debian/recipes-kernel/linux-libc-headers/linux-libc-headers-base_git.bb.do_fetch, the basehash value changed from a4fd11444c76ed326f49668786aa987e7d774f06a71e028bc7011f35fb84ad26 to 04254ba38565a6334c4502191a34b42d2bf8c8142732f112bb524411a0705f4f. The metadata is not deterministic and this needs to be fixed.
ERROR: When reparsing /home/deby/poky/meta-debian/recipes-kernel/linux-libc-headers/linux-libc-headers-base_git.bb.do_configure, the basehash value changed from 7501baab21d7ed4d2b68b8bfa69e07c3cfd88a0af5da297b87703b3876c13263 to 6c592f381152d30968647e5b29ff5cd46c54037e2a2294869a755a8173737f39. The metadata is not deterministic and this needs to be fixed.
ERROR: When reparsing /home/deby/poky/meta-debian/recipes-kernel/linux-libc-headers/linux-libc-headers-base_git.bb.do_compile, the basehash value changed from 5f43d2f45f105a3412b91f19613818cfd800bc7c0a44af0826234e59ff34f097 to b9beb48d1ce33278cc6d13f12cd6b0692501f1214801bc849160197734ba7860. The metadata is not deterministic and this needs to be fixed.
ERROR: When reparsing /home/deby/poky/meta-debian/recipes-kernel/linux-libc-headers/linux-libc-headers-base_git.bb.do_install, the basehash value changed from b17616345fa94b822bc8c306d8f9419be66be67f0ca09393d78629c0fe85652e to 658e738abed6141fcf688a188a4e735313ed34a9af4622d4bdafafd96b17bace. The metadata is not deterministic and this needs to be fixed.
ERROR: When reparsing /home/deby/poky/meta-debian/recipes-kernel/linux-libc-headers/linux-libc-headers-base_git.bb.do_package, the basehash value changed from a0b50fb48279d82802936ea6dbe64e1cff9f0932b6ab365a8f365c6133b0fca8 to c3b1839d183fc03866b78aacc3be97142343626f846a2798343d1b68ee0f8c5a. The metadata is not deterministic and this needs to be fixed.
ERROR: When reparsing /home/deby/poky/meta-debian/recipes-kernel/linux-libc-headers/linux-libc-headers-base_git.bb.do_packagedata, the basehash value changed from 6f799faa6ad9da988d1aae3037b97354898bc86d73413603595be22c9acdb1ec to f8b9a36b7532687e6b67a7d19230ffa74f9cdb0ada41c9b01c0049c583207b50. The metadata is not deterministic and this needs to be fixed.
ERROR: When reparsing /home/deby/poky/meta-debian/recipes-kernel/linux-libc-headers/linux-libc-headers-base_git.bb.do_package_write_deb, the basehash value changed from ec4dc783b937289b2776cd9f77ec436cd12498b3f5ac8992b279404031c4c9c7 to e47f75ec4f7d7e5c9dd56f1c82ac6432950117a0536045ab81f4d2553284cf70. The metadata is not deterministic and this needs to be fixed.
NOTE: recipe linux-libc-headers-base-gitAUTOINC+2951eded01-r0: task do_package_write_deb_setscene: Started
ERROR: When reparsing /home/deby/poky/meta-debian/recipes-kernel/linux/linux-base_git.bb.do_patch, the basehash value changed from 794aba43c93b827ab8dad47165be6be0d8f92f251bd262635c22313e23128daa to ad76c34176c05413e9fb00995196d5015fc81c93587134874abe5c331acef982. The metadata is not deterministic and this needs to be fixed.
ERROR: When reparsing /home/deby/poky/meta-debian/recipes-kernel/linux/linux-base_git.bb.do_populate_sysroot, the basehash value changed from 91bc223f29a5777e2da0bde8cb9d650f1fe67700726a5fd85b8a1568e090ea34 to 857f1a5e0ff2249734250406f81a5da61964e192190dbb45516288e6a37244df. The metadata is not deterministic and this needs to be fixed.
ERROR: When reparsing /home/deby/poky/meta-debian/recipes-kernel/linux/linux-base_git.bb.do_fetch, the basehash value changed from 6837d2b3e1e523ac9e1ce9e60f822e3b1453c866da29c9d4f0a362f4bdaf19ae to f452bf4ceb123e44bad8d61f47d656edb8e465840dc461961425b0a9bedf1952. The metadata is not deterministic and this needs to be fixed.
ERROR: When reparsing /home/deby/poky/meta-debian/recipes-kernel/linux/linux-base_git.bb.do_configure, the basehash value changed from 3bfb8f6703a7e088447332277bb5313e7190f8c0207229469f5e2139211f7ec9 to bc75fd7d4a5bf065df3624b3cb75244095bb642a05ab34c6a6c7def0e83c4982. The metadata is not deterministic and this needs to be fixed.
ERROR: When reparsing /home/deby/poky/meta-debian/recipes-kernel/linux/linux-base_git.bb.do_compile, the basehash value changed from 80bbefb2cd5c8bf3fd3b8e992ffbd9907f1387f1e13f7a378250e747c39ec055 to ca409fcfd81e173ddb72e8e8b40154ef016a71d31bb15d36b31496f9a03cae99. The metadata is not deterministic and this needs to be fixed.
ERROR: When reparsing /home/deby/poky/meta-debian/recipes-kernel/linux/linux-base_git.bb.do_install, the basehash value changed from a5a2d0338bf335d4ee7231e9b33662d9cce1a97450f06efb9cf9f0bf0b59e432 to d167c414f49ba3d09fe4ced3a0f685882b9eb0e07db1b6b29b6f0ae28c68fbb0. The metadata is not deterministic and this needs to be fixed.
ERROR: When reparsing /home/deby/poky/meta-debian/recipes-kernel/linux/linux-base_git.bb.do_package, the basehash value changed from 447cf76d846229ca2802ee01ef696c7bcfac594c1b875d9ff219c5b9c38cf961 to 0c44d762a8b740f160342654ff13d800072252278a6527f1c01471e3e8ddec5e. The metadata is not deterministic and this needs to be fixed.
ERROR: When reparsing /home/deby/poky/meta-debian/recipes-kernel/linux/linux-base_git.bb.do_packagedata, the basehash value changed from abdf670e9a60555d392cde14e441b3c217196e674b7b8b087b82c4b3c573b80c to 8e6270a44f4d8f7d39348a654b7e30a73f7b1ccd685b80d7f4aff5d912ff9ea7. The metadata is not deterministic and this needs to be fixed.
ERROR: When reparsing /home/deby/poky/meta-debian/recipes-kernel/linux/linux-base_git.bb.do_package_write_deb, the basehash value changed from bd2e74c647e8b4392f508ec957ee6f531b92ebe7b6093ed2698fb27b9c98d663 to 230e61ce1048a62db35d8556c628be08686213f986223aa9dd6e75457b2cacaf. The metadata is not deterministic and this needs to be fixed.
ERROR: When reparsing /home/deby/poky/meta-debian/recipes-kernel/linux/linux-base_git.bb.do_bundle_initramfs, the basehash value changed from e5705963e806f5cd40ea0ba464e79db88a4a9fcf8e00b2698378464772e86e50 to 16d1541899c73ad1c5c3e515b8f8ed3c41f712754cedd64406ce2f5616ab63cf. The metadata is not deterministic and this needs to be fixed.
ERROR: When reparsing /home/deby/poky/meta-debian/recipes-kernel/linux/linux-base_git.bb.do_compile_kernelmodules, the basehash value changed from 23f38904fe1cf365fa46dc0798606da9a3eb84ad4c74982987a5bcdd4bfd58d2 to d0f49cce3d7a17cf896fdc8e7358fb04ffa86bd4e6ecef15ceffeeaf53e47c14. The metadata is not deterministic and this needs to be fixed.
ERROR: When reparsing /home/deby/poky/meta-debian/recipes-kernel/linux/linux-base_git.bb.do_shared_workdir, the basehash value changed from 4abc6320c58ce8b7cb26a7a9c025832028fe69b776793360c9f74c98617cb28c to 90417804d8490cf3ba387fc462ce44b393d2ed293b31d1014f16e787b62d9cea. The metadata is not deterministic and this needs to be fixed.
ERROR: When reparsing /home/deby/poky/meta-debian/recipes-kernel/linux/linux-base_git.bb.do_kernel_link_images, the basehash value changed from ffa4900d4794ac91348d9e3a6ab2ab35a784a5655d86cb8c3c738e1d299b0c8b to 20e9cf131095ffe618bfb3b73bc9cbe1f0f30b2e39d79af29b7ef0c87b2b1a8d. The metadata is not deterministic and this needs to be fixed.
ERROR: When reparsing /home/deby/poky/meta-debian/recipes-kernel/linux/linux-base_git.bb.do_strip, the basehash value changed from 649f28bbf54defd89012abe7e73d0a71e50c5a5ba4407fd1d44f55feae66acff to 0bf83dd84b9c378e6e3da65cf4a1bc4f310298e929f92027905ec7955f3af93a. The metadata is not deterministic and this needs to be fixed.
ERROR: When reparsing /home/deby/poky/meta-debian/recipes-kernel/linux/linux-base_git.bb.do_sizecheck, the basehash value changed from 41be0a6baed591c533f65cb4c4cc7bae9ed8279fb78ad60260d98c0a89386d91 to c61cfd0282e7d96272d383d086072b9b3f42302380775b0859afe09b6a488f8f. The metadata is not deterministic and this needs to be fixed.
ERROR: When reparsing /home/deby/poky/meta-debian/recipes-kernel/linux/linux-base_git.bb.do_deploy, the basehash value changed from e4e145fec455730292b19ea86500ca9b02cc52edaa31d665c76983fb2973f5d6 to 542c4400838e8d432768589abcdda7be65e3c30a89e5b173fd9377a780c14fda. The metadata is not deterministic and this needs to be fixed.
NOTE: recipe linux-base-gitAUTOINC+2951eded01-r0: task do_deploy_setscene: Started
NOTE: recipe linux-libc-headers-base-gitAUTOINC+2951eded01-r0: task do_package_write_deb_setscene: Succeeded
NOTE: Running setscene task 379 of 384 (/home/deby/poky/meta-debian/recipes-kernel/linux-libc-headers/linux-libc-headers-base_git.bb:do_packagedata_setscene)
ERROR: When reparsing /home/deby/poky/meta-debian/recipes-kernel/linux-libc-headers/linux-libc-headers-base_git.bb.do_patch, the basehash value changed from 794aba43c93b827ab8dad47165be6be0d8f92f251bd262635c22313e23128daa to ad76c34176c05413e9fb00995196d5015fc81c93587134874abe5c331acef982. The metadata is not deterministic and this needs to be fixed.
ERROR: When reparsing /home/deby/poky/meta-debian/recipes-kernel/linux-libc-headers/linux-libc-headers-base_git.bb.do_populate_sysroot, the basehash value changed from 3517ded0ce416d8ec8c9b5cbff6333d9a92651169ff57b5bb8ccfaeddd5f957d to 37aa03acfa8e97d82834240ab8ba025620d713e2c3cb007215e670a2702a7f2b. The metadata is not deterministic and this needs to be fixed.
ERROR: When reparsing /home/deby/poky/meta-debian/recipes-kernel/linux-libc-headers/linux-libc-headers-base_git.bb.do_fetch, the basehash value changed from a4fd11444c76ed326f49668786aa987e7d774f06a71e028bc7011f35fb84ad26 to 04254ba38565a6334c4502191a34b42d2bf8c8142732f112bb524411a0705f4f. The metadata is not deterministic and this needs to be fixed.
ERROR: When reparsing /home/deby/poky/meta-debian/recipes-kernel/linux-libc-headers/linux-libc-headers-base_git.bb.do_configure, the basehash value changed from 7501baab21d7ed4d2b68b8bfa69e07c3cfd88a0af5da297b87703b3876c13263 to 6c592f381152d30968647e5b29ff5cd46c54037e2a2294869a755a8173737f39. The metadata is not deterministic and this needs to be fixed.
ERROR: When reparsing /home/deby/poky/meta-debian/recipes-kernel/linux-libc-headers/linux-libc-headers-base_git.bb.do_compile, the basehash value changed from 5f43d2f45f105a3412b91f19613818cfd800bc7c0a44af0826234e59ff34f097 to b9beb48d1ce33278cc6d13f12cd6b0692501f1214801bc849160197734ba7860. The metadata is not deterministic and this needs to be fixed.
ERROR: When reparsing /home/deby/poky/meta-debian/recipes-kernel/linux-libc-headers/linux-libc-headers-base_git.bb.do_install, the basehash value changed from b17616345fa94b822bc8c306d8f9419be66be67f0ca09393d78629c0fe85652e to 658e738abed6141fcf688a188a4e735313ed34a9af4622d4bdafafd96b17bace. The metadata is not deterministic and this needs to be fixed.
ERROR: When reparsing /home/deby/poky/meta-debian/recipes-kernel/linux-libc-headers/linux-libc-headers-base_git.bb.do_package, the basehash value changed from a0b50fb48279d82802936ea6dbe64e1cff9f0932b6ab365a8f365c6133b0fca8 to c3b1839d183fc03866b78aacc3be97142343626f846a2798343d1b68ee0f8c5a. The metadata is not deterministic and this needs to be fixed.
ERROR: When reparsing /home/deby/poky/meta-debian/recipes-kernel/linux-libc-headers/linux-libc-headers-base_git.bb.do_packagedata, the basehash value changed from 6f799faa6ad9da988d1aae3037b97354898bc86d73413603595be22c9acdb1ec to f8b9a36b7532687e6b67a7d19230ffa74f9cdb0ada41c9b01c0049c583207b50. The metadata is not deterministic and this needs to be fixed.
ERROR: When reparsing /home/deby/poky/meta-debian/recipes-kernel/linux-libc-headers/linux-libc-headers-base_git.bb.do_package_write_deb, the basehash value changed from ec4dc783b937289b2776cd9f77ec436cd12498b3f5ac8992b279404031c4c9c7 to e47f75ec4f7d7e5c9dd56f1c82ac6432950117a0536045ab81f4d2553284cf70. The metadata is not deterministic and this needs to be fixed.
NOTE: recipe linux-libc-headers-base-gitAUTOINC+2951eded01-r0: task do_packagedata_setscene: Started
NOTE: recipe linux-base-gitAUTOINC+2951eded01-r0: task do_package_write_deb_setscene: Succeeded
NOTE: recipe linux-base-gitAUTOINC+2951eded01-r0: task do_deploy_setscene: Succeeded
NOTE: Running setscene task 380 of 384 (/home/deby/poky/meta-debian/recipes-kernel/linux/linux-base_git.bb:do_populate_sysroot_setscene)
NOTE: Running setscene task 381 of 384 (/home/deby/poky/meta-debian/recipes-kernel/linux/linux-base_git.bb:do_packagedata_setscene)
NOTE: recipe linux-libc-headers-base-gitAUTOINC+2951eded01-r0: task do_packagedata_setscene: Succeeded
ERROR: When reparsing /home/deby/poky/meta-debian/recipes-kernel/linux/linux-base_git.bb.do_patch, the basehash value changed from 794aba43c93b827ab8dad47165be6be0d8f92f251bd262635c22313e23128daa to ad76c34176c05413e9fb00995196d5015fc81c93587134874abe5c331acef982. The metadata is not deterministic and this needs to be fixed.
ERROR: When reparsing /home/deby/poky/meta-debian/recipes-kernel/linux/linux-base_git.bb.do_populate_sysroot, the basehash value changed from 91bc223f29a5777e2da0bde8cb9d650f1fe67700726a5fd85b8a1568e090ea34 to 857f1a5e0ff2249734250406f81a5da61964e192190dbb45516288e6a37244df. The metadata is not deterministic and this needs to be fixed.
ERROR: When reparsing /home/deby/poky/meta-debian/recipes-kernel/linux/linux-base_git.bb.do_fetch, the basehash value changed from 6837d2b3e1e523ac9e1ce9e60f822e3b1453c866da29c9d4f0a362f4bdaf19ae to f452bf4ceb123e44bad8d61f47d656edb8e465840dc461961425b0a9bedf1952. The metadata is not deterministic and this needs to be fixed.
ERROR: When reparsing /home/deby/poky/meta-debian/recipes-kernel/linux/linux-base_git.bb.do_configure, the basehash value changed from 3bfb8f6703a7e088447332277bb5313e7190f8c0207229469f5e2139211f7ec9 to bc75fd7d4a5bf065df3624b3cb75244095bb642a05ab34c6a6c7def0e83c4982. The metadata is not deterministic and this needs to be fixed.
ERROR: When reparsing /home/deby/poky/meta-debian/recipes-kernel/linux/linux-base_git.bb.do_compile, the basehash value changed from 80bbefb2cd5c8bf3fd3b8e992ffbd9907f1387f1e13f7a378250e747c39ec055 to ca409fcfd81e173ddb72e8e8b40154ef016a71d31bb15d36b31496f9a03cae99. The metadata is not deterministic and this needs to be fixed.
ERROR: When reparsing /home/deby/poky/meta-debian/recipes-kernel/linux/linux-base_git.bb.do_install, the basehash value changed from a5a2d0338bf335d4ee7231e9b33662d9cce1a97450f06efb9cf9f0bf0b59e432 to d167c414f49ba3d09fe4ced3a0f685882b9eb0e07db1b6b29b6f0ae28c68fbb0. The metadata is not deterministic and this needs to be fixed.
ERROR: When reparsing /home/deby/poky/meta-debian/recipes-kernel/linux/linux-base_git.bb.do_package, the basehash value changed from 447cf76d846229ca2802ee01ef696c7bcfac594c1b875d9ff219c5b9c38cf961 to 0c44d762a8b740f160342654ff13d800072252278a6527f1c01471e3e8ddec5e. The metadata is not deterministic and this needs to be fixed.
ERROR: When reparsing /home/deby/poky/meta-debian/recipes-kernel/linux/linux-base_git.bb.do_packagedata, the basehash value changed from abdf670e9a60555d392cde14e441b3c217196e674b7b8b087b82c4b3c573b80c to 8e6270a44f4d8f7d39348a654b7e30a73f7b1ccd685b80d7f4aff5d912ff9ea7. The metadata is not deterministic and this needs to be fixed.
ERROR: When reparsing /home/deby/poky/meta-debian/recipes-kernel/linux/linux-base_git.bb.do_package_write_deb, the basehash value changed from bd2e74c647e8b4392f508ec957ee6f531b92ebe7b6093ed2698fb27b9c98d663 to 230e61ce1048a62db35d8556c628be08686213f986223aa9dd6e75457b2cacaf. The metadata is not deterministic and this needs to be fixed.
ERROR: When reparsing /home/deby/poky/meta-debian/recipes-kernel/linux/linux-base_git.bb.do_bundle_initramfs, the basehash value changed from e5705963e806f5cd40ea0ba464e79db88a4a9fcf8e00b2698378464772e86e50 to 16d1541899c73ad1c5c3e515b8f8ed3c41f712754cedd64406ce2f5616ab63cf. The metadata is not deterministic and this needs to be fixed.
ERROR: When reparsing /home/deby/poky/meta-debian/recipes-kernel/linux/linux-base_git.bb.do_compile_kernelmodules, the basehash value changed from 23f38904fe1cf365fa46dc0798606da9a3eb84ad4c74982987a5bcdd4bfd58d2 to d0f49cce3d7a17cf896fdc8e7358fb04ffa86bd4e6ecef15ceffeeaf53e47c14. The metadata is not deterministic and this needs to be fixed.
ERROR: When reparsing /home/deby/poky/meta-debian/recipes-kernel/linux/linux-base_git.bb.do_shared_workdir, the basehash value changed from 4abc6320c58ce8b7cb26a7a9c025832028fe69b776793360c9f74c98617cb28c to 90417804d8490cf3ba387fc462ce44b393d2ed293b31d1014f16e787b62d9cea. The metadata is not deterministic and this needs to be fixed.
ERROR: When reparsing /home/deby/poky/meta-debian/recipes-kernel/linux/linux-base_git.bb.do_kernel_link_images, the basehash value changed from ffa4900d4794ac91348d9e3a6ab2ab35a784a5655d86cb8c3c738e1d299b0c8b to 20e9cf131095ffe618bfb3b73bc9cbe1f0f30b2e39d79af29b7ef0c87b2b1a8d. The metadata is not deterministic and this needs to be fixed.
ERROR: When reparsing /home/deby/poky/meta-debian/recipes-kernel/linux/linux-base_git.bb.do_strip, the basehash value changed from 649f28bbf54defd89012abe7e73d0a71e50c5a5ba4407fd1d44f55feae66acff to 0bf83dd84b9c378e6e3da65cf4a1bc4f310298e929f92027905ec7955f3af93a. The metadata is not deterministic and this needs to be fixed.
ERROR: When reparsing /home/deby/poky/meta-debian/recipes-kernel/linux/linux-base_git.bb.do_sizecheck, the basehash value changed from 41be0a6baed591c533f65cb4c4cc7bae9ed8279fb78ad60260d98c0a89386d91 to c61cfd0282e7d96272d383d086072b9b3f42302380775b0859afe09b6a488f8f. The metadata is not deterministic and this needs to be fixed.
ERROR: When reparsing /home/deby/poky/meta-debian/recipes-kernel/linux/linux-base_git.bb.do_deploy, the basehash value changed from e4e145fec455730292b19ea86500ca9b02cc52edaa31d665c76983fb2973f5d6 to 542c4400838e8d432768589abcdda7be65e3c30a89e5b173fd9377a780c14fda. The metadata is not deterministic and this needs to be fixed.
ERROR: When reparsing /home/deby/poky/meta-debian/recipes-kernel/linux/linux-base_git.bb.do_patch, the basehash value changed from 794aba43c93b827ab8dad47165be6be0d8f92f251bd262635c22313e23128daa to ad76c34176c05413e9fb00995196d5015fc81c93587134874abe5c331acef982. The metadata is not deterministic and this needs to be fixed.
ERROR: When reparsing /home/deby/poky/meta-debian/recipes-kernel/linux/linux-base_git.bb.do_populate_sysroot, the basehash value changed from 91bc223f29a5777e2da0bde8cb9d650f1fe67700726a5fd85b8a1568e090ea34 to 857f1a5e0ff2249734250406f81a5da61964e192190dbb45516288e6a37244df. The metadata is not deterministic and this needs to be fixed.
ERROR: When reparsing /home/deby/poky/meta-debian/recipes-kernel/linux/linux-base_git.bb.do_fetch, the basehash value changed from 6837d2b3e1e523ac9e1ce9e60f822e3b1453c866da29c9d4f0a362f4bdaf19ae to f452bf4ceb123e44bad8d61f47d656edb8e465840dc461961425b0a9bedf1952. The metadata is not deterministic and this needs to be fixed.
ERROR: When reparsing /home/deby/poky/meta-debian/recipes-kernel/linux/linux-base_git.bb.do_configure, the basehash value changed from 3bfb8f6703a7e088447332277bb5313e7190f8c0207229469f5e2139211f7ec9 to bc75fd7d4a5bf065df3624b3cb75244095bb642a05ab34c6a6c7def0e83c4982. The metadata is not deterministic and this needs to be fixed.
ERROR: When reparsing /home/deby/poky/meta-debian/recipes-kernel/linux/linux-base_git.bb.do_compile, the basehash value changed from 80bbefb2cd5c8bf3fd3b8e992ffbd9907f1387f1e13f7a378250e747c39ec055 to ca409fcfd81e173ddb72e8e8b40154ef016a71d31bb15d36b31496f9a03cae99. The metadata is not deterministic and this needs to be fixed.
ERROR: When reparsing /home/deby/poky/meta-debian/recipes-kernel/linux/linux-base_git.bb.do_install, the basehash value changed from a5a2d0338bf335d4ee7231e9b33662d9cce1a97450f06efb9cf9f0bf0b59e432 to d167c414f49ba3d09fe4ced3a0f685882b9eb0e07db1b6b29b6f0ae28c68fbb0. The metadata is not deterministic and this needs to be fixed.
ERROR: When reparsing /home/deby/poky/meta-debian/recipes-kernel/linux/linux-base_git.bb.do_package, the basehash value changed from 447cf76d846229ca2802ee01ef696c7bcfac594c1b875d9ff219c5b9c38cf961 to 0c44d762a8b740f160342654ff13d800072252278a6527f1c01471e3e8ddec5e. The metadata is not deterministic and this needs to be fixed.
ERROR: When reparsing /home/deby/poky/meta-debian/recipes-kernel/linux/linux-base_git.bb.do_packagedata, the basehash value changed from abdf670e9a60555d392cde14e441b3c217196e674b7b8b087b82c4b3c573b80c to 8e6270a44f4d8f7d39348a654b7e30a73f7b1ccd685b80d7f4aff5d912ff9ea7. The metadata is not deterministic and this needs to be fixed.
ERROR: When reparsing /home/deby/poky/meta-debian/recipes-kernel/linux/linux-base_git.bb.do_package_write_deb, the basehash value changed from bd2e74c647e8b4392f508ec957ee6f531b92ebe7b6093ed2698fb27b9c98d663 to 230e61ce1048a62db35d8556c628be08686213f986223aa9dd6e75457b2cacaf. The metadata is not deterministic and this needs to be fixed.
ERROR: When reparsing /home/deby/poky/meta-debian/recipes-kernel/linux/linux-base_git.bb.do_bundle_initramfs, the basehash value changed from e5705963e806f5cd40ea0ba464e79db88a4a9fcf8e00b2698378464772e86e50 to 16d1541899c73ad1c5c3e515b8f8ed3c41f712754cedd64406ce2f5616ab63cf. The metadata is not deterministic and this needs to be fixed.
ERROR: When reparsing /home/deby/poky/meta-debian/recipes-kernel/linux/linux-base_git.bb.do_compile_kernelmodules, the basehash value changed from 23f38904fe1cf365fa46dc0798606da9a3eb84ad4c74982987a5bcdd4bfd58d2 to d0f49cce3d7a17cf896fdc8e7358fb04ffa86bd4e6ecef15ceffeeaf53e47c14. The metadata is not deterministic and this needs to be fixed.
ERROR: When reparsing /home/deby/poky/meta-debian/recipes-kernel/linux/linux-base_git.bb.do_shared_workdir, the basehash value changed from 4abc6320c58ce8b7cb26a7a9c025832028fe69b776793360c9f74c98617cb28c to 90417804d8490cf3ba387fc462ce44b393d2ed293b31d1014f16e787b62d9cea. The metadata is not deterministic and this needs to be fixed.
ERROR: When reparsing /home/deby/poky/meta-debian/recipes-kernel/linux/linux-base_git.bb.do_kernel_link_images, the basehash value changed from ffa4900d4794ac91348d9e3a6ab2ab35a784a5655d86cb8c3c738e1d299b0c8b to 20e9cf131095ffe618bfb3b73bc9cbe1f0f30b2e39d79af29b7ef0c87b2b1a8d. The metadata is not deterministic and this needs to be fixed.
ERROR: When reparsing /home/deby/poky/meta-debian/recipes-kernel/linux/linux-base_git.bb.do_strip, the basehash value changed from 649f28bbf54defd89012abe7e73d0a71e50c5a5ba4407fd1d44f55feae66acff to 0bf83dd84b9c378e6e3da65cf4a1bc4f310298e929f92027905ec7955f3af93a. The metadata is not deterministic and this needs to be fixed.
ERROR: When reparsing /home/deby/poky/meta-debian/recipes-kernel/linux/linux-base_git.bb.do_sizecheck, the basehash value changed from 41be0a6baed591c533f65cb4c4cc7bae9ed8279fb78ad60260d98c0a89386d91 to c61cfd0282e7d96272d383d086072b9b3f42302380775b0859afe09b6a488f8f. The metadata is not deterministic and this needs to be fixed.
ERROR: When reparsing /home/deby/poky/meta-debian/recipes-kernel/linux/linux-base_git.bb.do_deploy, the basehash value changed from e4e145fec455730292b19ea86500ca9b02cc52edaa31d665c76983fb2973f5d6 to 542c4400838e8d432768589abcdda7be65e3c30a89e5b173fd9377a780c14fda. The metadata is not deterministic and this needs to be fixed.
NOTE: recipe linux-base-gitAUTOINC+2951eded01-r0: task do_packagedata_setscene: Started
NOTE: recipe linux-base-gitAUTOINC+2951eded01-r0: task do_populate_sysroot_setscene: Started
NOTE: recipe linux-base-gitAUTOINC+2951eded01-r0: task do_populate_sysroot_setscene: Succeeded
NOTE: recipe linux-base-gitAUTOINC+2951eded01-r0: task do_packagedata_setscene: Succeeded
NOTE: Executing RunQueue Tasks
NOTE: Running task 145 of 1635 (/home/deby/poky/meta-debian/recipes-kernel/linux-libc-headers/linux-libc-headers-base_git.bb:do_fetch)
ERROR: When reparsing /home/deby/poky/meta-debian/recipes-kernel/linux-libc-headers/linux-libc-headers-base_git.bb.do_patch, the basehash value changed from 794aba43c93b827ab8dad47165be6be0d8f92f251bd262635c22313e23128daa to ad76c34176c05413e9fb00995196d5015fc81c93587134874abe5c331acef982. The metadata is not deterministic and this needs to be fixed.
ERROR: When reparsing /home/deby/poky/meta-debian/recipes-kernel/linux-libc-headers/linux-libc-headers-base_git.bb.do_populate_sysroot, the basehash value changed from 3517ded0ce416d8ec8c9b5cbff6333d9a92651169ff57b5bb8ccfaeddd5f957d to 37aa03acfa8e97d82834240ab8ba025620d713e2c3cb007215e670a2702a7f2b. The metadata is not deterministic and this needs to be fixed.
ERROR: When reparsing /home/deby/poky/meta-debian/recipes-kernel/linux-libc-headers/linux-libc-headers-base_git.bb.do_fetch, the basehash value changed from a4fd11444c76ed326f49668786aa987e7d774f06a71e028bc7011f35fb84ad26 to 04254ba38565a6334c4502191a34b42d2bf8c8142732f112bb524411a0705f4f. The metadata is not deterministic and this needs to be fixed.
ERROR: When reparsing /home/deby/poky/meta-debian/recipes-kernel/linux-libc-headers/linux-libc-headers-base_git.bb.do_configure, the basehash value changed from 7501baab21d7ed4d2b68b8bfa69e07c3cfd88a0af5da297b87703b3876c13263 to 6c592f381152d30968647e5b29ff5cd46c54037e2a2294869a755a8173737f39. The metadata is not deterministic and this needs to be fixed.
ERROR: When reparsing /home/deby/poky/meta-debian/recipes-kernel/linux-libc-headers/linux-libc-headers-base_git.bb.do_compile, the basehash value changed from 5f43d2f45f105a3412b91f19613818cfd800bc7c0a44af0826234e59ff34f097 to b9beb48d1ce33278cc6d13f12cd6b0692501f1214801bc849160197734ba7860. The metadata is not deterministic and this needs to be fixed.
ERROR: When reparsing /home/deby/poky/meta-debian/recipes-kernel/linux-libc-headers/linux-libc-headers-base_git.bb.do_install, the basehash value changed from b17616345fa94b822bc8c306d8f9419be66be67f0ca09393d78629c0fe85652e to 658e738abed6141fcf688a188a4e735313ed34a9af4622d4bdafafd96b17bace. The metadata is not deterministic and this needs to be fixed.
ERROR: When reparsing /home/deby/poky/meta-debian/recipes-kernel/linux-libc-headers/linux-libc-headers-base_git.bb.do_package, the basehash value changed from a0b50fb48279d82802936ea6dbe64e1cff9f0932b6ab365a8f365c6133b0fca8 to c3b1839d183fc03866b78aacc3be97142343626f846a2798343d1b68ee0f8c5a. The metadata is not deterministic and this needs to be fixed.
ERROR: When reparsing /home/deby/poky/meta-debian/recipes-kernel/linux-libc-headers/linux-libc-headers-base_git.bb.do_packagedata, the basehash value changed from 6f799faa6ad9da988d1aae3037b97354898bc86d73413603595be22c9acdb1ec to f8b9a36b7532687e6b67a7d19230ffa74f9cdb0ada41c9b01c0049c583207b50. The metadata is not deterministic and this needs to be fixed.
ERROR: When reparsing /home/deby/poky/meta-debian/recipes-kernel/linux-libc-headers/linux-libc-headers-base_git.bb.do_package_write_deb, the basehash value changed from ec4dc783b937289b2776cd9f77ec436cd12498b3f5ac8992b279404031c4c9c7 to e47f75ec4f7d7e5c9dd56f1c82ac6432950117a0536045ab81f4d2553284cf70. The metadata is not deterministic and this needs to be fixed.
NOTE: recipe linux-libc-headers-base-gitAUTOINC+2951eded01-r0: task do_fetch: Started
ERROR: linux-libc-headers-base-gitAUTOINC+2951eded01-r0 do_fetch: Taskhash mismatch aea12ca7939936afa9cff7ac4290a1e39400826301789bb58002ff168e55aeab versus 46b528677c61f302645f54e72227272cc4345a8d9aac4723bbadd4e52ad6285f for /home/deby/poky/meta-debian/recipes-kernel/linux-libc-headers/linux-libc-headers-base_git.bb.do_fetch
NOTE: recipe linux-libc-headers-base-gitAUTOINC+2951eded01-r0: task do_fetch: Succeeded
ERROR: Taskhash mismatch aea12ca7939936afa9cff7ac4290a1e39400826301789bb58002ff168e55aeab versus 46b528677c61f302645f54e72227272cc4345a8d9aac4723bbadd4e52ad6285f for /home/deby/poky/meta-debian/recipes-kernel/linux-libc-headers/linux-libc-headers-base_git.bb.do_fetch
NOTE: Running task 989 of 1635 (/home/deby/poky/meta-debian/recipes-kernel/linux-libc-headers/linux-libc-headers-base_git.bb:do_unpack)
NOTE: Running task 990 of 1635 (/home/deby/poky/meta-debian/recipes-kernel/linux-libc-headers/linux-libc-headers-base_git.bb:do_prepare_recipe_sysroot)
ERROR: When reparsing /home/deby/poky/meta-debian/recipes-kernel/linux-libc-headers/linux-libc-headers-base_git.bb.do_patch, the basehash value changed from 794aba43c93b827ab8dad47165be6be0d8f92f251bd262635c22313e23128daa to ad76c34176c05413e9fb00995196d5015fc81c93587134874abe5c331acef982. The metadata is not deterministic and this needs to be fixed.
ERROR: When reparsing /home/deby/poky/meta-debian/recipes-kernel/linux-libc-headers/linux-libc-headers-base_git.bb.do_populate_sysroot, the basehash value changed from 3517ded0ce416d8ec8c9b5cbff6333d9a92651169ff57b5bb8ccfaeddd5f957d to 37aa03acfa8e97d82834240ab8ba025620d713e2c3cb007215e670a2702a7f2b. The metadata is not deterministic and this needs to be fixed.
ERROR: When reparsing /home/deby/poky/meta-debian/recipes-kernel/linux-libc-headers/linux-libc-headers-base_git.bb.do_fetch, the basehash value changed from a4fd11444c76ed326f49668786aa987e7d774f06a71e028bc7011f35fb84ad26 to 04254ba38565a6334c4502191a34b42d2bf8c8142732f112bb524411a0705f4f. The metadata is not deterministic and this needs to be fixed.
ERROR: When reparsing /home/deby/poky/meta-debian/recipes-kernel/linux-libc-headers/linux-libc-headers-base_git.bb.do_configure, the basehash value changed from 7501baab21d7ed4d2b68b8bfa69e07c3cfd88a0af5da297b87703b3876c13263 to 6c592f381152d30968647e5b29ff5cd46c54037e2a2294869a755a8173737f39. The metadata is not deterministic and this needs to be fixed.
ERROR: When reparsing /home/deby/poky/meta-debian/recipes-kernel/linux-libc-headers/linux-libc-headers-base_git.bb.do_compile, the basehash value changed from 5f43d2f45f105a3412b91f19613818cfd800bc7c0a44af0826234e59ff34f097 to b9beb48d1ce33278cc6d13f12cd6b0692501f1214801bc849160197734ba7860. The metadata is not deterministic and this needs to be fixed.
ERROR: When reparsing /home/deby/poky/meta-debian/recipes-kernel/linux-libc-headers/linux-libc-headers-base_git.bb.do_install, the basehash value changed from b17616345fa94b822bc8c306d8f9419be66be67f0ca09393d78629c0fe85652e to 658e738abed6141fcf688a188a4e735313ed34a9af4622d4bdafafd96b17bace. The metadata is not deterministic and this needs to be fixed.
ERROR: When reparsing /home/deby/poky/meta-debian/recipes-kernel/linux-libc-headers/linux-libc-headers-base_git.bb.do_package, the basehash value changed from a0b50fb48279d82802936ea6dbe64e1cff9f0932b6ab365a8f365c6133b0fca8 to c3b1839d183fc03866b78aacc3be97142343626f846a2798343d1b68ee0f8c5a. The metadata is not deterministic and this needs to be fixed.
ERROR: When reparsing /home/deby/poky/meta-debian/recipes-kernel/linux-libc-headers/linux-libc-headers-base_git.bb.do_packagedata, the basehash value changed from 6f799faa6ad9da988d1aae3037b97354898bc86d73413603595be22c9acdb1ec to f8b9a36b7532687e6b67a7d19230ffa74f9cdb0ada41c9b01c0049c583207b50. The metadata is not deterministic and this needs to be fixed.
ERROR: When reparsing /home/deby/poky/meta-debian/recipes-kernel/linux-libc-headers/linux-libc-headers-base_git.bb.do_package_write_deb, the basehash value changed from ec4dc783b937289b2776cd9f77ec436cd12498b3f5ac8992b279404031c4c9c7 to e47f75ec4f7d7e5c9dd56f1c82ac6432950117a0536045ab81f4d2553284cf70. The metadata is not deterministic and this needs to be fixed.
ERROR: When reparsing /home/deby/poky/meta-debian/recipes-kernel/linux-libc-headers/linux-libc-headers-base_git.bb.do_patch, the basehash value changed from 794aba43c93b827ab8dad47165be6be0d8f92f251bd262635c22313e23128daa to ad76c34176c05413e9fb00995196d5015fc81c93587134874abe5c331acef982. The metadata is not deterministic and this needs to be fixed.
ERROR: When reparsing /home/deby/poky/meta-debian/recipes-kernel/linux-libc-headers/linux-libc-headers-base_git.bb.do_populate_sysroot, the basehash value changed from 3517ded0ce416d8ec8c9b5cbff6333d9a92651169ff57b5bb8ccfaeddd5f957d to 37aa03acfa8e97d82834240ab8ba025620d713e2c3cb007215e670a2702a7f2b. The metadata is not deterministic and this needs to be fixed.
ERROR: When reparsing /home/deby/poky/meta-debian/recipes-kernel/linux-libc-headers/linux-libc-headers-base_git.bb.do_fetch, the basehash value changed from a4fd11444c76ed326f49668786aa987e7d774f06a71e028bc7011f35fb84ad26 to 04254ba38565a6334c4502191a34b42d2bf8c8142732f112bb524411a0705f4f. The metadata is not deterministic and this needs to be fixed.
ERROR: When reparsing /home/deby/poky/meta-debian/recipes-kernel/linux-libc-headers/linux-libc-headers-base_git.bb.do_configure, the basehash value changed from 7501baab21d7ed4d2b68b8bfa69e07c3cfd88a0af5da297b87703b3876c13263 to 6c592f381152d30968647e5b29ff5cd46c54037e2a2294869a755a8173737f39. The metadata is not deterministic and this needs to be fixed.
ERROR: When reparsing /home/deby/poky/meta-debian/recipes-kernel/linux-libc-headers/linux-libc-headers-base_git.bb.do_compile, the basehash value changed from 5f43d2f45f105a3412b91f19613818cfd800bc7c0a44af0826234e59ff34f097 to b9beb48d1ce33278cc6d13f12cd6b0692501f1214801bc849160197734ba7860. The metadata is not deterministic and this needs to be fixed.
ERROR: When reparsing /home/deby/poky/meta-debian/recipes-kernel/linux-libc-headers/linux-libc-headers-base_git.bb.do_install, the basehash value changed from b17616345fa94b822bc8c306d8f9419be66be67f0ca09393d78629c0fe85652e to 658e738abed6141fcf688a188a4e735313ed34a9af4622d4bdafafd96b17bace. The metadata is not deterministic and this needs to be fixed.
ERROR: When reparsing /home/deby/poky/meta-debian/recipes-kernel/linux-libc-headers/linux-libc-headers-base_git.bb.do_package, the basehash value changed from a0b50fb48279d82802936ea6dbe64e1cff9f0932b6ab365a8f365c6133b0fca8 to c3b1839d183fc03866b78aacc3be97142343626f846a2798343d1b68ee0f8c5a. The metadata is not deterministic and this needs to be fixed.
ERROR: When reparsing /home/deby/poky/meta-debian/recipes-kernel/linux-libc-headers/linux-libc-headers-base_git.bb.do_packagedata, the basehash value changed from 6f799faa6ad9da988d1aae3037b97354898bc86d73413603595be22c9acdb1ec to f8b9a36b7532687e6b67a7d19230ffa74f9cdb0ada41c9b01c0049c583207b50. The metadata is not deterministic and this needs to be fixed.
ERROR: When reparsing /home/deby/poky/meta-debian/recipes-kernel/linux-libc-headers/linux-libc-headers-base_git.bb.do_package_write_deb, the basehash value changed from ec4dc783b937289b2776cd9f77ec436cd12498b3f5ac8992b279404031c4c9c7 to e47f75ec4f7d7e5c9dd56f1c82ac6432950117a0536045ab81f4d2553284cf70. The metadata is not deterministic and this needs to be fixed.
NOTE: recipe linux-libc-headers-base-gitAUTOINC+2951eded01-r0: task do_prepare_recipe_sysroot: Started
NOTE: recipe linux-libc-headers-base-gitAUTOINC+2951eded01-r0: task do_unpack: Started
NOTE: recipe linux-libc-headers-base-gitAUTOINC+2951eded01-r0: task do_prepare_recipe_sysroot: Succeeded
NOTE: recipe linux-libc-headers-base-gitAUTOINC+2951eded01-r0: task do_unpack: Succeeded
NOTE: Running task 995 of 1635 (/home/deby/poky/meta-debian/recipes-kernel/linux-libc-headers/linux-libc-headers-base_git.bb:do_patch)
ERROR: When reparsing /home/deby/poky/meta-debian/recipes-kernel/linux-libc-headers/linux-libc-headers-base_git.bb.do_patch, the basehash value changed from 794aba43c93b827ab8dad47165be6be0d8f92f251bd262635c22313e23128daa to ad76c34176c05413e9fb00995196d5015fc81c93587134874abe5c331acef982. The metadata is not deterministic and this needs to be fixed.
ERROR: When reparsing /home/deby/poky/meta-debian/recipes-kernel/linux-libc-headers/linux-libc-headers-base_git.bb.do_populate_sysroot, the basehash value changed from 3517ded0ce416d8ec8c9b5cbff6333d9a92651169ff57b5bb8ccfaeddd5f957d to 37aa03acfa8e97d82834240ab8ba025620d713e2c3cb007215e670a2702a7f2b. The metadata is not deterministic and this needs to be fixed.
ERROR: When reparsing /home/deby/poky/meta-debian/recipes-kernel/linux-libc-headers/linux-libc-headers-base_git.bb.do_fetch, the basehash value changed from a4fd11444c76ed326f49668786aa987e7d774f06a71e028bc7011f35fb84ad26 to 04254ba38565a6334c4502191a34b42d2bf8c8142732f112bb524411a0705f4f. The metadata is not deterministic and this needs to be fixed.
ERROR: When reparsing /home/deby/poky/meta-debian/recipes-kernel/linux-libc-headers/linux-libc-headers-base_git.bb.do_configure, the basehash value changed from 7501baab21d7ed4d2b68b8bfa69e07c3cfd88a0af5da297b87703b3876c13263 to 6c592f381152d30968647e5b29ff5cd46c54037e2a2294869a755a8173737f39. The metadata is not deterministic and this needs to be fixed.
ERROR: When reparsing /home/deby/poky/meta-debian/recipes-kernel/linux-libc-headers/linux-libc-headers-base_git.bb.do_compile, the basehash value changed from 5f43d2f45f105a3412b91f19613818cfd800bc7c0a44af0826234e59ff34f097 to b9beb48d1ce33278cc6d13f12cd6b0692501f1214801bc849160197734ba7860. The metadata is not deterministic and this needs to be fixed.
ERROR: When reparsing /home/deby/poky/meta-debian/recipes-kernel/linux-libc-headers/linux-libc-headers-base_git.bb.do_install, the basehash value changed from b17616345fa94b822bc8c306d8f9419be66be67f0ca09393d78629c0fe85652e to 658e738abed6141fcf688a188a4e735313ed34a9af4622d4bdafafd96b17bace. The metadata is not deterministic and this needs to be fixed.
ERROR: When reparsing /home/deby/poky/meta-debian/recipes-kernel/linux-libc-headers/linux-libc-headers-base_git.bb.do_package, the basehash value changed from a0b50fb48279d82802936ea6dbe64e1cff9f0932b6ab365a8f365c6133b0fca8 to c3b1839d183fc03866b78aacc3be97142343626f846a2798343d1b68ee0f8c5a. The metadata is not deterministic and this needs to be fixed.
ERROR: When reparsing /home/deby/poky/meta-debian/recipes-kernel/linux-libc-headers/linux-libc-headers-base_git.bb.do_packagedata, the basehash value changed from 6f799faa6ad9da988d1aae3037b97354898bc86d73413603595be22c9acdb1ec to f8b9a36b7532687e6b67a7d19230ffa74f9cdb0ada41c9b01c0049c583207b50. The metadata is not deterministic and this needs to be fixed.
ERROR: When reparsing /home/deby/poky/meta-debian/recipes-kernel/linux-libc-headers/linux-libc-headers-base_git.bb.do_package_write_deb, the basehash value changed from ec4dc783b937289b2776cd9f77ec436cd12498b3f5ac8992b279404031c4c9c7 to e47f75ec4f7d7e5c9dd56f1c82ac6432950117a0536045ab81f4d2553284cf70. The metadata is not deterministic and this needs to be fixed.
NOTE: recipe linux-libc-headers-base-gitAUTOINC+2951eded01-r0: task do_patch: Started
ERROR: linux-libc-headers-base-gitAUTOINC+2951eded01-r0 do_patch: Taskhash mismatch baa730385329cde747355ebc60ea830305acb6499bbf912dcf62bda05ba7d207 versus 0cea782a99b5f6313611e237cfcf18b9438005d582a0a53bfe99b7f44b347bb0 for /home/deby/poky/meta-debian/recipes-kernel/linux-libc-headers/linux-libc-headers-base_git.bb.do_patch
NOTE: recipe linux-libc-headers-base-gitAUTOINC+2951eded01-r0: task do_patch: Succeeded
ERROR: Taskhash mismatch baa730385329cde747355ebc60ea830305acb6499bbf912dcf62bda05ba7d207 versus 0cea782a99b5f6313611e237cfcf18b9438005d582a0a53bfe99b7f44b347bb0 for /home/deby/poky/meta-debian/recipes-kernel/linux-libc-headers/linux-libc-headers-base_git.bb.do_patch
NOTE: Running noexec task 996 of 1635 (/home/deby/poky/meta-debian/recipes-kernel/linux-libc-headers/linux-libc-headers-base_git.bb:do_configure)
NOTE: Running noexec task 997 of 1635 (/home/deby/poky/meta-debian/recipes-kernel/linux-libc-headers/linux-libc-headers-base_git.bb:do_compile)
NOTE: Running task 998 of 1635 (/home/deby/poky/meta-debian/recipes-kernel/linux-libc-headers/linux-libc-headers-base_git.bb:do_install)
ERROR: When reparsing /home/deby/poky/meta-debian/recipes-kernel/linux-libc-headers/linux-libc-headers-base_git.bb.do_patch, the basehash value changed from 794aba43c93b827ab8dad47165be6be0d8f92f251bd262635c22313e23128daa to ad76c34176c05413e9fb00995196d5015fc81c93587134874abe5c331acef982. The metadata is not deterministic and this needs to be fixed.
ERROR: When reparsing /home/deby/poky/meta-debian/recipes-kernel/linux-libc-headers/linux-libc-headers-base_git.bb.do_populate_sysroot, the basehash value changed from 3517ded0ce416d8ec8c9b5cbff6333d9a92651169ff57b5bb8ccfaeddd5f957d to 37aa03acfa8e97d82834240ab8ba025620d713e2c3cb007215e670a2702a7f2b. The metadata is not deterministic and this needs to be fixed.
ERROR: When reparsing /home/deby/poky/meta-debian/recipes-kernel/linux-libc-headers/linux-libc-headers-base_git.bb.do_fetch, the basehash value changed from a4fd11444c76ed326f49668786aa987e7d774f06a71e028bc7011f35fb84ad26 to 04254ba38565a6334c4502191a34b42d2bf8c8142732f112bb524411a0705f4f. The metadata is not deterministic and this needs to be fixed.
ERROR: When reparsing /home/deby/poky/meta-debian/recipes-kernel/linux-libc-headers/linux-libc-headers-base_git.bb.do_configure, the basehash value changed from 7501baab21d7ed4d2b68b8bfa69e07c3cfd88a0af5da297b87703b3876c13263 to 6c592f381152d30968647e5b29ff5cd46c54037e2a2294869a755a8173737f39. The metadata is not deterministic and this needs to be fixed.
ERROR: When reparsing /home/deby/poky/meta-debian/recipes-kernel/linux-libc-headers/linux-libc-headers-base_git.bb.do_compile, the basehash value changed from 5f43d2f45f105a3412b91f19613818cfd800bc7c0a44af0826234e59ff34f097 to b9beb48d1ce33278cc6d13f12cd6b0692501f1214801bc849160197734ba7860. The metadata is not deterministic and this needs to be fixed.
ERROR: When reparsing /home/deby/poky/meta-debian/recipes-kernel/linux-libc-headers/linux-libc-headers-base_git.bb.do_install, the basehash value changed from b17616345fa94b822bc8c306d8f9419be66be67f0ca09393d78629c0fe85652e to 658e738abed6141fcf688a188a4e735313ed34a9af4622d4bdafafd96b17bace. The metadata is not deterministic and this needs to be fixed.
ERROR: When reparsing /home/deby/poky/meta-debian/recipes-kernel/linux-libc-headers/linux-libc-headers-base_git.bb.do_package, the basehash value changed from a0b50fb48279d82802936ea6dbe64e1cff9f0932b6ab365a8f365c6133b0fca8 to c3b1839d183fc03866b78aacc3be97142343626f846a2798343d1b68ee0f8c5a. The metadata is not deterministic and this needs to be fixed.
ERROR: When reparsing /home/deby/poky/meta-debian/recipes-kernel/linux-libc-headers/linux-libc-headers-base_git.bb.do_packagedata, the basehash value changed from 6f799faa6ad9da988d1aae3037b97354898bc86d73413603595be22c9acdb1ec to f8b9a36b7532687e6b67a7d19230ffa74f9cdb0ada41c9b01c0049c583207b50. The metadata is not deterministic and this needs to be fixed.
ERROR: When reparsing /home/deby/poky/meta-debian/recipes-kernel/linux-libc-headers/linux-libc-headers-base_git.bb.do_package_write_deb, the basehash value changed from ec4dc783b937289b2776cd9f77ec436cd12498b3f5ac8992b279404031c4c9c7 to e47f75ec4f7d7e5c9dd56f1c82ac6432950117a0536045ab81f4d2553284cf70. The metadata is not deterministic and this needs to be fixed.
NOTE: recipe linux-libc-headers-base-gitAUTOINC+2951eded01-r0: task do_install: Started
ERROR: linux-libc-headers-base-gitAUTOINC+2951eded01-r0 do_install: Taskhash mismatch 574a70d5ee118e7a99bb794ae9ba2225d2acd5f77625a0648b168ac870afa1c1 versus c39f7c11d29cb81bc5b597a47fef184ff12ba5e3c8aaaed8bdd9d801ea3656eb for /home/deby/poky/meta-debian/recipes-kernel/linux-libc-headers/linux-libc-headers-base_git.bb.do_install
NOTE: recipe linux-libc-headers-base-gitAUTOINC+2951eded01-r0: task do_install: Succeeded
ERROR: Taskhash mismatch 574a70d5ee118e7a99bb794ae9ba2225d2acd5f77625a0648b168ac870afa1c1 versus c39f7c11d29cb81bc5b597a47fef184ff12ba5e3c8aaaed8bdd9d801ea3656eb for /home/deby/poky/meta-debian/recipes-kernel/linux-libc-headers/linux-libc-headers-base_git.bb.do_install
NOTE: Running task 999 of 1635 (/home/deby/poky/meta-debian/recipes-kernel/linux-libc-headers/linux-libc-headers-base_git.bb:do_populate_sysroot)
ERROR: When reparsing /home/deby/poky/meta-debian/recipes-kernel/linux-libc-headers/linux-libc-headers-base_git.bb.do_patch, the basehash value changed from 794aba43c93b827ab8dad47165be6be0d8f92f251bd262635c22313e23128daa to ad76c34176c05413e9fb00995196d5015fc81c93587134874abe5c331acef982. The metadata is not deterministic and this needs to be fixed.
ERROR: When reparsing /home/deby/poky/meta-debian/recipes-kernel/linux-libc-headers/linux-libc-headers-base_git.bb.do_populate_sysroot, the basehash value changed from 3517ded0ce416d8ec8c9b5cbff6333d9a92651169ff57b5bb8ccfaeddd5f957d to 37aa03acfa8e97d82834240ab8ba025620d713e2c3cb007215e670a2702a7f2b. The metadata is not deterministic and this needs to be fixed.
ERROR: When reparsing /home/deby/poky/meta-debian/recipes-kernel/linux-libc-headers/linux-libc-headers-base_git.bb.do_fetch, the basehash value changed from a4fd11444c76ed326f49668786aa987e7d774f06a71e028bc7011f35fb84ad26 to 04254ba38565a6334c4502191a34b42d2bf8c8142732f112bb524411a0705f4f. The metadata is not deterministic and this needs to be fixed.
ERROR: When reparsing /home/deby/poky/meta-debian/recipes-kernel/linux-libc-headers/linux-libc-headers-base_git.bb.do_configure, the basehash value changed from 7501baab21d7ed4d2b68b8bfa69e07c3cfd88a0af5da297b87703b3876c13263 to 6c592f381152d30968647e5b29ff5cd46c54037e2a2294869a755a8173737f39. The metadata is not deterministic and this needs to be fixed.
ERROR: When reparsing /home/deby/poky/meta-debian/recipes-kernel/linux-libc-headers/linux-libc-headers-base_git.bb.do_compile, the basehash value changed from 5f43d2f45f105a3412b91f19613818cfd800bc7c0a44af0826234e59ff34f097 to b9beb48d1ce33278cc6d13f12cd6b0692501f1214801bc849160197734ba7860. The metadata is not deterministic and this needs to be fixed.
ERROR: When reparsing /home/deby/poky/meta-debian/recipes-kernel/linux-libc-headers/linux-libc-headers-base_git.bb.do_install, the basehash value changed from b17616345fa94b822bc8c306d8f9419be66be67f0ca09393d78629c0fe85652e to 658e738abed6141fcf688a188a4e735313ed34a9af4622d4bdafafd96b17bace. The metadata is not deterministic and this needs to be fixed.
ERROR: When reparsing /home/deby/poky/meta-debian/recipes-kernel/linux-libc-headers/linux-libc-headers-base_git.bb.do_package, the basehash value changed from a0b50fb48279d82802936ea6dbe64e1cff9f0932b6ab365a8f365c6133b0fca8 to c3b1839d183fc03866b78aacc3be97142343626f846a2798343d1b68ee0f8c5a. The metadata is not deterministic and this needs to be fixed.
ERROR: When reparsing /home/deby/poky/meta-debian/recipes-kernel/linux-libc-headers/linux-libc-headers-base_git.bb.do_packagedata, the basehash value changed from 6f799faa6ad9da988d1aae3037b97354898bc86d73413603595be22c9acdb1ec to f8b9a36b7532687e6b67a7d19230ffa74f9cdb0ada41c9b01c0049c583207b50. The metadata is not deterministic and this needs to be fixed.
ERROR: When reparsing /home/deby/poky/meta-debian/recipes-kernel/linux-libc-headers/linux-libc-headers-base_git.bb.do_package_write_deb, the basehash value changed from ec4dc783b937289b2776cd9f77ec436cd12498b3f5ac8992b279404031c4c9c7 to e47f75ec4f7d7e5c9dd56f1c82ac6432950117a0536045ab81f4d2553284cf70. The metadata is not deterministic and this needs to be fixed.
NOTE: recipe linux-libc-headers-base-gitAUTOINC+2951eded01-r0: task do_populate_sysroot: Started
ERROR: linux-libc-headers-base-gitAUTOINC+2951eded01-r0 do_populate_sysroot: Taskhash mismatch 10b50d397e274c3078bced3840ad2196260b5712a375e95b7f5dc4164c330d22 versus d478e7903fceb0eb47f38eed4aa794f75c5f60b08b7a683d331d201dd14bfd75 for /home/deby/poky/meta-debian/recipes-kernel/linux-libc-headers/linux-libc-headers-base_git.bb.do_populate_sysroot
NOTE: recipe linux-libc-headers-base-gitAUTOINC+2951eded01-r0: task do_populate_sysroot: Succeeded
ERROR: Taskhash mismatch 10b50d397e274c3078bced3840ad2196260b5712a375e95b7f5dc4164c330d22 versus d478e7903fceb0eb47f38eed4aa794f75c5f60b08b7a683d331d201dd14bfd75 for /home/deby/poky/meta-debian/recipes-kernel/linux-libc-headers/linux-libc-headers-base_git.bb.do_populate_sysroot
NOTE: Running noexec task 1635 of 1635 (/home/deby/poky/meta-debian/recipes-debian/glib-2.0/glib-2.0_debian.bb:do_build)
NOTE: Tasks Summary: Attempted 1635 tasks of which 1626 didn't need to be rerun and all succeeded.

Summary: There were 2 WARNING messages shown.
Summary: There were 144 ERROR messages shown, returning a non-zero exit code.
