Loading cache...done.
Loaded 1981 entries from dependency cache.
Parsing recipes...done.
Parsing of 1222 .bb files complete (1220 cached, 2 parsed). 1983 targets, 189 skipped, 0 masked, 0 errors.
WARNING: No bb files matched BBFILE_PATTERN_dti '^/home/deby/poky/meta-debian/tests/../../meta-debian/bsp/meta-ti/'
NOTE: Resolving any missing task queue dependencies

Build Configuration:
BB_VERSION           = "1.42.0"
BUILD_SYS            = "x86_64-linux"
NATIVELSBSTRING      = "universal"
TARGET_SYS           = "arm-deby-linux-gnueabi"
MACHINE              = "beaglebone"
DISTRO               = "deby"
DISTRO_VERSION       = "10.0"
TUNE_FEATURES        = "arm armv7a vfp thumb neon callconvention-hard"
TARGET_FPU           = "hard"
meta                 
meta-poky            = "warrior:79a850a10a4b88a6d20d607b322542f947874323"
meta-debian          = "warrior:f7512bd96372e67fe4288cb5cb61cf52d282dd4e"
meta-ti              = "master:d793618c727d5a334241699d4421dbfc539be86c"
meta-ti              = "warrior:f7512bd96372e67fe4288cb5cb61cf52d282dd4e"

Initialising tasks...done.
Sstate summary: Wanted 5 Found 0 Missed 5 Current 420 (0% match, 98% complete)
NOTE: Executing SetScene Tasks
NOTE: Executing RunQueue Tasks
NOTE: Running task 1618 of 1960 (/home/deby/poky/meta-debian/recipes-debian/google-authenticator/google-authenticator_debian.bb:do_prepare_recipe_sysroot)
NOTE: recipe google-authenticator-20170702-r0: task do_prepare_recipe_sysroot: Started
NOTE: recipe google-authenticator-20170702-r0: task do_prepare_recipe_sysroot: Succeeded
NOTE: Running task 1952 of 1960 (/home/deby/poky/meta-debian/recipes-debian/google-authenticator/google-authenticator_debian.bb:do_configure)
NOTE: recipe google-authenticator-20170702-r0: task do_configure: Started
NOTE: recipe google-authenticator-20170702-r0: task do_configure: Succeeded
NOTE: Running task 1953 of 1960 (/home/deby/poky/meta-debian/recipes-debian/google-authenticator/google-authenticator_debian.bb:do_compile)
NOTE: recipe google-authenticator-20170702-r0: task do_compile: Started
NOTE: recipe google-authenticator-20170702-r0: task do_compile: Succeeded
NOTE: Running task 1954 of 1960 (/home/deby/poky/meta-debian/recipes-debian/google-authenticator/google-authenticator_debian.bb:do_install)
NOTE: recipe google-authenticator-20170702-r0: task do_install: Started
NOTE: recipe google-authenticator-20170702-r0: task do_install: Succeeded
NOTE: Running task 1955 of 1960 (/home/deby/poky/meta-debian/recipes-debian/google-authenticator/google-authenticator_debian.bb:do_package)
NOTE: Running task 1956 of 1960 (/home/deby/poky/meta-debian/recipes-debian/google-authenticator/google-authenticator_debian.bb:do_populate_sysroot)
NOTE: recipe google-authenticator-20170702-r0: task do_populate_sysroot: Started
NOTE: recipe google-authenticator-20170702-r0: task do_package: Started
NOTE: recipe google-authenticator-20170702-r0: task do_populate_sysroot: Succeeded
NOTE: recipe google-authenticator-20170702-r0: task do_package: Succeeded
NOTE: Running task 1957 of 1960 (/home/deby/poky/meta-debian/recipes-debian/google-authenticator/google-authenticator_debian.bb:do_packagedata)
NOTE: recipe google-authenticator-20170702-r0: task do_packagedata: Started
NOTE: recipe google-authenticator-20170702-r0: task do_packagedata: Succeeded
NOTE: Running task 1958 of 1960 (/home/deby/poky/meta-debian/recipes-debian/google-authenticator/google-authenticator_debian.bb:do_package_write_deb)
NOTE: Running task 1959 of 1960 (/home/deby/poky/meta-debian/recipes-debian/google-authenticator/google-authenticator_debian.bb:do_package_qa)
NOTE: recipe google-authenticator-20170702-r0: task do_package_write_deb: Started
NOTE: recipe google-authenticator-20170702-r0: task do_package_qa: Started
NOTE: recipe google-authenticator-20170702-r0: task do_package_qa: Succeeded
NOTE: recipe google-authenticator-20170702-r0: task do_package_write_deb: Succeeded
NOTE: Running noexec task 1960 of 1960 (/home/deby/poky/meta-debian/recipes-debian/google-authenticator/google-authenticator_debian.bb:do_build)
NOTE: Tasks Summary: Attempted 1960 tasks of which 1950 didn't need to be rerun and all succeeded.

Summary: There was 1 WARNING message shown.
