Loading cache...done.
Loaded 1981 entries from dependency cache.
Parsing recipes...done.
Parsing of 1222 .bb files complete (1220 cached, 2 parsed). 1983 targets, 189 skipped, 0 masked, 0 errors.
WARNING: No bb files matched BBFILE_PATTERN_dti '^/home/deby/poky/meta-debian/tests/../../meta-debian/bsp/meta-ti/'
NOTE: Resolving any missing task queue dependencies

Build Configuration:
BB_VERSION           = "1.42.0"
BUILD_SYS            = "x86_64-linux"
NATIVELSBSTRING      = "universal"
TARGET_SYS           = "arm-deby-linux-gnueabi"
MACHINE              = "beaglebone"
DISTRO               = "deby"
DISTRO_VERSION       = "10.0"
TUNE_FEATURES        = "arm armv7a vfp thumb neon callconvention-hard"
TARGET_FPU           = "hard"
meta                 
meta-poky            = "warrior:79a850a10a4b88a6d20d607b322542f947874323"
meta-debian          = "warrior:f7512bd96372e67fe4288cb5cb61cf52d282dd4e"
meta-ti              = "master:d793618c727d5a334241699d4421dbfc539be86c"
meta-ti              = "warrior:f7512bd96372e67fe4288cb5cb61cf52d282dd4e"

Initialising tasks...done.
Sstate summary: Wanted 6 Found 0 Missed 6 Current 445 (0% match, 98% complete)
NOTE: Executing SetScene Tasks
NOTE: Executing RunQueue Tasks
NOTE: Running task 1702 of 2043 (/home/deby/poky/meta-debian/recipes-debian/libprelude/libprelude_debian.bb:do_prepare_recipe_sysroot)
NOTE: Running task 2034 of 2043 (/home/deby/poky/meta-debian/recipes-debian/libprelude/libprelude_debian.bb:do_populate_lic)
NOTE: recipe libprelude-4.1.0-r0: task do_prepare_recipe_sysroot: Started
NOTE: recipe libprelude-4.1.0-r0: task do_populate_lic: Started
NOTE: recipe libprelude-4.1.0-r0: task do_populate_lic: Succeeded
NOTE: recipe libprelude-4.1.0-r0: task do_prepare_recipe_sysroot: Succeeded
NOTE: Running task 2035 of 2043 (/home/deby/poky/meta-debian/recipes-debian/libprelude/libprelude_debian.bb:do_configure)
NOTE: recipe libprelude-4.1.0-r0: task do_configure: Started
NOTE: recipe libprelude-4.1.0-r0: task do_configure: Succeeded
NOTE: Running task 2036 of 2043 (/home/deby/poky/meta-debian/recipes-debian/libprelude/libprelude_debian.bb:do_compile)
NOTE: recipe libprelude-4.1.0-r0: task do_compile: Started
NOTE: recipe libprelude-4.1.0-r0: task do_compile: Succeeded
NOTE: Running task 2037 of 2043 (/home/deby/poky/meta-debian/recipes-debian/libprelude/libprelude_debian.bb:do_install)
NOTE: recipe libprelude-4.1.0-r0: task do_install: Started
NOTE: recipe libprelude-4.1.0-r0: task do_install: Succeeded
NOTE: Running task 2038 of 2043 (/home/deby/poky/meta-debian/recipes-debian/libprelude/libprelude_debian.bb:do_package)
NOTE: Running task 2039 of 2043 (/home/deby/poky/meta-debian/recipes-debian/libprelude/libprelude_debian.bb:do_populate_sysroot)
NOTE: recipe libprelude-4.1.0-r0: task do_populate_sysroot: Started
NOTE: recipe libprelude-4.1.0-r0: task do_package: Started
NOTE: recipe libprelude-4.1.0-r0: task do_populate_sysroot: Succeeded
NOTE: recipe libprelude-4.1.0-r0: task do_package: Succeeded
NOTE: Running task 2040 of 2043 (/home/deby/poky/meta-debian/recipes-debian/libprelude/libprelude_debian.bb:do_packagedata)
NOTE: recipe libprelude-4.1.0-r0: task do_packagedata: Started
NOTE: recipe libprelude-4.1.0-r0: task do_packagedata: Succeeded
NOTE: Running task 2041 of 2043 (/home/deby/poky/meta-debian/recipes-debian/libprelude/libprelude_debian.bb:do_package_write_deb)
NOTE: Running task 2042 of 2043 (/home/deby/poky/meta-debian/recipes-debian/libprelude/libprelude_debian.bb:do_package_qa)
NOTE: recipe libprelude-4.1.0-r0: task do_package_write_deb: Started
NOTE: recipe libprelude-4.1.0-r0: task do_package_qa: Started
NOTE: recipe libprelude-4.1.0-r0: task do_package_qa: Succeeded
NOTE: recipe libprelude-4.1.0-r0: task do_package_write_deb: Succeeded
NOTE: Running noexec task 2043 of 2043 (/home/deby/poky/meta-debian/recipes-debian/libprelude/libprelude_debian.bb:do_build)
NOTE: Tasks Summary: Attempted 2043 tasks of which 2032 didn't need to be rerun and all succeeded.

Summary: There was 1 WARNING message shown.
