WARNING: Host distribution "debian-10" has not been validated with this version of the build system; you may possibly experience unexpected failures. It is recommended that you use a tested distribution.
Loading cache...done.
Loaded 1674 entries from dependency cache.
WARNING: No bb files matched BBFILE_PATTERN_dti '^/home/deby/poky/meta-debian/tests/../../meta-debian/bsp/meta-ti/'
Removing 1 recipes from the armv7at2hf-neon sysroot...done.
Removing 2 recipes from the beaglebone sysroot...done.
NOTE: Resolving any missing task queue dependencies

Build Configuration:
BB_VERSION           = "1.42.0"
BUILD_SYS            = "x86_64-linux"
NATIVELSBSTRING      = "universal"
TARGET_SYS           = "arm-deby-linux-gnueabi"
MACHINE              = "beaglebone"
DISTRO               = "deby"
DISTRO_VERSION       = "10.0"
TUNE_FEATURES        = "arm armv7a vfp thumb neon callconvention-hard"
TARGET_FPU           = "hard"
meta                 
meta-poky            = "warrior:51223035e66c5b27799b15a0f8ebe75d24d3971b"
meta-debian          = "warrior-trungdt:6f8d044296c48236077a2793914bb2843ff7bfdd"
meta-ti              = "master:54f3d19b60411fd5db5d8df42974eb4038037a00"
meta-ti              = "warrior-trungdt:6f8d044296c48236077a2793914bb2843ff7bfdd"

Initialising tasks...done.
Sstate summary: Wanted 12 Found 12 Missed 0 Current 40 (100% match, 100% complete)
NOTE: Executing SetScene Tasks
NOTE: Running setscene task 41 of 52 (/home/deby/poky/meta-debian/recipes-kernel/linux-libc-headers/linux-libc-headers-base_git.bb:do_populate_sysroot_setscene)
NOTE: Running setscene task 42 of 52 (/home/deby/poky/meta-debian/recipes-kernel/linux-libc-headers/linux-libc-headers-base_git.bb:do_package_qa_setscene)
NOTE: Running setscene task 43 of 52 (/home/deby/poky/meta-debian/recipes-kernel/linux-libc-headers/linux-libc-headers-base_git.bb:do_package_write_deb_setscene)
NOTE: Running setscene task 44 of 52 (/home/deby/poky/meta-debian/recipes-kernel/linux-libc-headers/linux-libc-headers-base_git.bb:do_populate_lic_setscene)
ERROR: When reparsing /home/deby/poky/meta-debian/recipes-kernel/linux-libc-headers/linux-libc-headers-base_git.bb.do_patch, the basehash value changed from 794aba43c93b827ab8dad47165be6be0d8f92f251bd262635c22313e23128daa to ad76c34176c05413e9fb00995196d5015fc81c93587134874abe5c331acef982. The metadata is not deterministic and this needs to be fixed.
ERROR: When reparsing /home/deby/poky/meta-debian/recipes-kernel/linux-libc-headers/linux-libc-headers-base_git.bb.do_populate_sysroot, the basehash value changed from 3517ded0ce416d8ec8c9b5cbff6333d9a92651169ff57b5bb8ccfaeddd5f957d to 37aa03acfa8e97d82834240ab8ba025620d713e2c3cb007215e670a2702a7f2b. The metadata is not deterministic and this needs to be fixed.
ERROR: When reparsing /home/deby/poky/meta-debian/recipes-kernel/linux-libc-headers/linux-libc-headers-base_git.bb.do_fetch, the basehash value changed from a4fd11444c76ed326f49668786aa987e7d774f06a71e028bc7011f35fb84ad26 to 04254ba38565a6334c4502191a34b42d2bf8c8142732f112bb524411a0705f4f. The metadata is not deterministic and this needs to be fixed.
ERROR: When reparsing /home/deby/poky/meta-debian/recipes-kernel/linux-libc-headers/linux-libc-headers-base_git.bb.do_configure, the basehash value changed from 7501baab21d7ed4d2b68b8bfa69e07c3cfd88a0af5da297b87703b3876c13263 to 6c592f381152d30968647e5b29ff5cd46c54037e2a2294869a755a8173737f39. The metadata is not deterministic and this needs to be fixed.
ERROR: When reparsing /home/deby/poky/meta-debian/recipes-kernel/linux-libc-headers/linux-libc-headers-base_git.bb.do_compile, the basehash value changed from 5f43d2f45f105a3412b91f19613818cfd800bc7c0a44af0826234e59ff34f097 to b9beb48d1ce33278cc6d13f12cd6b0692501f1214801bc849160197734ba7860. The metadata is not deterministic and this needs to be fixed.
ERROR: When reparsing /home/deby/poky/meta-debian/recipes-kernel/linux-libc-headers/linux-libc-headers-base_git.bb.do_install, the basehash value changed from b17616345fa94b822bc8c306d8f9419be66be67f0ca09393d78629c0fe85652e to 658e738abed6141fcf688a188a4e735313ed34a9af4622d4bdafafd96b17bace. The metadata is not deterministic and this needs to be fixed.
ERROR: When reparsing /home/deby/poky/meta-debian/recipes-kernel/linux-libc-headers/linux-libc-headers-base_git.bb.do_build, the basehash value changed from 2ea9bdbdca1dc27fe8fdad4c413136464d983bc8c3dbbce06924157ce076bf23 to 430edf70ba83d5a7815da2cea75c4fbc236c31b46c836b9825700c1370014c76. The metadata is not deterministic and this needs to be fixed.
ERROR: When reparsing /home/deby/poky/meta-debian/recipes-kernel/linux-libc-headers/linux-libc-headers-base_git.bb.do_package_qa, the basehash value changed from 88f06a9ca4cd4deeaaf71c99998e11339d31dc9291042179992ff323af02f3fe to 579e854010c82e915ec49fd421acf76e320eae951a2a8334ce729c4149e6a963. The metadata is not deterministic and this needs to be fixed.
ERROR: When reparsing /home/deby/poky/meta-debian/recipes-kernel/linux-libc-headers/linux-libc-headers-base_git.bb.do_package, the basehash value changed from a0b50fb48279d82802936ea6dbe64e1cff9f0932b6ab365a8f365c6133b0fca8 to c3b1839d183fc03866b78aacc3be97142343626f846a2798343d1b68ee0f8c5a. The metadata is not deterministic and this needs to be fixed.
ERROR: When reparsing /home/deby/poky/meta-debian/recipes-kernel/linux-libc-headers/linux-libc-headers-base_git.bb.do_packagedata, the basehash value changed from 6f799faa6ad9da988d1aae3037b97354898bc86d73413603595be22c9acdb1ec to f8b9a36b7532687e6b67a7d19230ffa74f9cdb0ada41c9b01c0049c583207b50. The metadata is not deterministic and this needs to be fixed.
ERROR: When reparsing /home/deby/poky/meta-debian/recipes-kernel/linux-libc-headers/linux-libc-headers-base_git.bb.do_package_write_deb, the basehash value changed from ec4dc783b937289b2776cd9f77ec436cd12498b3f5ac8992b279404031c4c9c7 to e47f75ec4f7d7e5c9dd56f1c82ac6432950117a0536045ab81f4d2553284cf70. The metadata is not deterministic and this needs to be fixed.
ERROR: When reparsing /home/deby/poky/meta-debian/recipes-kernel/linux-libc-headers/linux-libc-headers-base_git.bb.do_populate_lic, the basehash value changed from d1bf270d888709d5e6cf340bac87b4086ef3ae82184a5e77a07cbde1e6b8831a to ec26958b683838594d0abe3cc5697cb50425284c3aa3b4c52c4128df3cfbd967. The metadata is not deterministic and this needs to be fixed.
ERROR: When reparsing /home/deby/poky/meta-debian/recipes-kernel/linux-libc-headers/linux-libc-headers-base_git.bb.do_patch, the basehash value changed from 794aba43c93b827ab8dad47165be6be0d8f92f251bd262635c22313e23128daa to ad76c34176c05413e9fb00995196d5015fc81c93587134874abe5c331acef982. The metadata is not deterministic and this needs to be fixed.
ERROR: When reparsing /home/deby/poky/meta-debian/recipes-kernel/linux-libc-headers/linux-libc-headers-base_git.bb.do_populate_sysroot, the basehash value changed from 3517ded0ce416d8ec8c9b5cbff6333d9a92651169ff57b5bb8ccfaeddd5f957d to 37aa03acfa8e97d82834240ab8ba025620d713e2c3cb007215e670a2702a7f2b. The metadata is not deterministic and this needs to be fixed.
ERROR: When reparsing /home/deby/poky/meta-debian/recipes-kernel/linux-libc-headers/linux-libc-headers-base_git.bb.do_fetch, the basehash value changed from a4fd11444c76ed326f49668786aa987e7d774f06a71e028bc7011f35fb84ad26 to 04254ba38565a6334c4502191a34b42d2bf8c8142732f112bb524411a0705f4f. The metadata is not deterministic and this needs to be fixed.
ERROR: When reparsing /home/deby/poky/meta-debian/recipes-kernel/linux-libc-headers/linux-libc-headers-base_git.bb.do_configure, the basehash value changed from 7501baab21d7ed4d2b68b8bfa69e07c3cfd88a0af5da297b87703b3876c13263 to 6c592f381152d30968647e5b29ff5cd46c54037e2a2294869a755a8173737f39. The metadata is not deterministic and this needs to be fixed.
ERROR: When reparsing /home/deby/poky/meta-debian/recipes-kernel/linux-libc-headers/linux-libc-headers-base_git.bb.do_compile, the basehash value changed from 5f43d2f45f105a3412b91f19613818cfd800bc7c0a44af0826234e59ff34f097 to b9beb48d1ce33278cc6d13f12cd6b0692501f1214801bc849160197734ba7860. The metadata is not deterministic and this needs to be fixed.
ERROR: When reparsing /home/deby/poky/meta-debian/recipes-kernel/linux-libc-headers/linux-libc-headers-base_git.bb.do_install, the basehash value changed from b17616345fa94b822bc8c306d8f9419be66be67f0ca09393d78629c0fe85652e to 658e738abed6141fcf688a188a4e735313ed34a9af4622d4bdafafd96b17bace. The metadata is not deterministic and this needs to be fixed.
ERROR: When reparsing /home/deby/poky/meta-debian/recipes-kernel/linux-libc-headers/linux-libc-headers-base_git.bb.do_build, the basehash value changed from 2ea9bdbdca1dc27fe8fdad4c413136464d983bc8c3dbbce06924157ce076bf23 to 430edf70ba83d5a7815da2cea75c4fbc236c31b46c836b9825700c1370014c76. The metadata is not deterministic and this needs to be fixed.
ERROR: When reparsing /home/deby/poky/meta-debian/recipes-kernel/linux-libc-headers/linux-libc-headers-base_git.bb.do_package_qa, the basehash value changed from 88f06a9ca4cd4deeaaf71c99998e11339d31dc9291042179992ff323af02f3fe to 579e854010c82e915ec49fd421acf76e320eae951a2a8334ce729c4149e6a963. The metadata is not deterministic and this needs to be fixed.
ERROR: When reparsing /home/deby/poky/meta-debian/recipes-kernel/linux-libc-headers/linux-libc-headers-base_git.bb.do_package, the basehash value changed from a0b50fb48279d82802936ea6dbe64e1cff9f0932b6ab365a8f365c6133b0fca8 to c3b1839d183fc03866b78aacc3be97142343626f846a2798343d1b68ee0f8c5a. The metadata is not deterministic and this needs to be fixed.
ERROR: When reparsing /home/deby/poky/meta-debian/recipes-kernel/linux-libc-headers/linux-libc-headers-base_git.bb.do_packagedata, the basehash value changed from 6f799faa6ad9da988d1aae3037b97354898bc86d73413603595be22c9acdb1ec to f8b9a36b7532687e6b67a7d19230ffa74f9cdb0ada41c9b01c0049c583207b50. The metadata is not deterministic and this needs to be fixed.
ERROR: When reparsing /home/deby/poky/meta-debian/recipes-kernel/linux-libc-headers/linux-libc-headers-base_git.bb.do_package_write_deb, the basehash value changed from ec4dc783b937289b2776cd9f77ec436cd12498b3f5ac8992b279404031c4c9c7 to e47f75ec4f7d7e5c9dd56f1c82ac6432950117a0536045ab81f4d2553284cf70. The metadata is not deterministic and this needs to be fixed.
ERROR: When reparsing /home/deby/poky/meta-debian/recipes-kernel/linux-libc-headers/linux-libc-headers-base_git.bb.do_populate_lic, the basehash value changed from d1bf270d888709d5e6cf340bac87b4086ef3ae82184a5e77a07cbde1e6b8831a to ec26958b683838594d0abe3cc5697cb50425284c3aa3b4c52c4128df3cfbd967. The metadata is not deterministic and this needs to be fixed.
ERROR: When reparsing /home/deby/poky/meta-debian/recipes-kernel/linux-libc-headers/linux-libc-headers-base_git.bb.do_patch, the basehash value changed from 794aba43c93b827ab8dad47165be6be0d8f92f251bd262635c22313e23128daa to ad76c34176c05413e9fb00995196d5015fc81c93587134874abe5c331acef982. The metadata is not deterministic and this needs to be fixed.
ERROR: When reparsing /home/deby/poky/meta-debian/recipes-kernel/linux-libc-headers/linux-libc-headers-base_git.bb.do_populate_sysroot, the basehash value changed from 3517ded0ce416d8ec8c9b5cbff6333d9a92651169ff57b5bb8ccfaeddd5f957d to 37aa03acfa8e97d82834240ab8ba025620d713e2c3cb007215e670a2702a7f2b. The metadata is not deterministic and this needs to be fixed.
ERROR: When reparsing /home/deby/poky/meta-debian/recipes-kernel/linux-libc-headers/linux-libc-headers-base_git.bb.do_fetch, the basehash value changed from a4fd11444c76ed326f49668786aa987e7d774f06a71e028bc7011f35fb84ad26 to 04254ba38565a6334c4502191a34b42d2bf8c8142732f112bb524411a0705f4f. The metadata is not deterministic and this needs to be fixed.
ERROR: When reparsing /home/deby/poky/meta-debian/recipes-kernel/linux-libc-headers/linux-libc-headers-base_git.bb.do_configure, the basehash value changed from 7501baab21d7ed4d2b68b8bfa69e07c3cfd88a0af5da297b87703b3876c13263 to 6c592f381152d30968647e5b29ff5cd46c54037e2a2294869a755a8173737f39. The metadata is not deterministic and this needs to be fixed.
ERROR: When reparsing /home/deby/poky/meta-debian/recipes-kernel/linux-libc-headers/linux-libc-headers-base_git.bb.do_compile, the basehash value changed from 5f43d2f45f105a3412b91f19613818cfd800bc7c0a44af0826234e59ff34f097 to b9beb48d1ce33278cc6d13f12cd6b0692501f1214801bc849160197734ba7860. The metadata is not deterministic and this needs to be fixed.
ERROR: When reparsing /home/deby/poky/meta-debian/recipes-kernel/linux-libc-headers/linux-libc-headers-base_git.bb.do_install, the basehash value changed from b17616345fa94b822bc8c306d8f9419be66be67f0ca09393d78629c0fe85652e to 658e738abed6141fcf688a188a4e735313ed34a9af4622d4bdafafd96b17bace. The metadata is not deterministic and this needs to be fixed.
ERROR: When reparsing /home/deby/poky/meta-debian/recipes-kernel/linux-libc-headers/linux-libc-headers-base_git.bb.do_build, the basehash value changed from 2ea9bdbdca1dc27fe8fdad4c413136464d983bc8c3dbbce06924157ce076bf23 to 430edf70ba83d5a7815da2cea75c4fbc236c31b46c836b9825700c1370014c76. The metadata is not deterministic and this needs to be fixed.
ERROR: When reparsing /home/deby/poky/meta-debian/recipes-kernel/linux-libc-headers/linux-libc-headers-base_git.bb.do_package_qa, the basehash value changed from 88f06a9ca4cd4deeaaf71c99998e11339d31dc9291042179992ff323af02f3fe to 579e854010c82e915ec49fd421acf76e320eae951a2a8334ce729c4149e6a963. The metadata is not deterministic and this needs to be fixed.
ERROR: When reparsing /home/deby/poky/meta-debian/recipes-kernel/linux-libc-headers/linux-libc-headers-base_git.bb.do_package, the basehash value changed from a0b50fb48279d82802936ea6dbe64e1cff9f0932b6ab365a8f365c6133b0fca8 to c3b1839d183fc03866b78aacc3be97142343626f846a2798343d1b68ee0f8c5a. The metadata is not deterministic and this needs to be fixed.
ERROR: When reparsing /home/deby/poky/meta-debian/recipes-kernel/linux-libc-headers/linux-libc-headers-base_git.bb.do_packagedata, the basehash value changed from 6f799faa6ad9da988d1aae3037b97354898bc86d73413603595be22c9acdb1ec to f8b9a36b7532687e6b67a7d19230ffa74f9cdb0ada41c9b01c0049c583207b50. The metadata is not deterministic and this needs to be fixed.
ERROR: When reparsing /home/deby/poky/meta-debian/recipes-kernel/linux-libc-headers/linux-libc-headers-base_git.bb.do_package_write_deb, the basehash value changed from ec4dc783b937289b2776cd9f77ec436cd12498b3f5ac8992b279404031c4c9c7 to e47f75ec4f7d7e5c9dd56f1c82ac6432950117a0536045ab81f4d2553284cf70. The metadata is not deterministic and this needs to be fixed.
ERROR: When reparsing /home/deby/poky/meta-debian/recipes-kernel/linux-libc-headers/linux-libc-headers-base_git.bb.do_populate_lic, the basehash value changed from d1bf270d888709d5e6cf340bac87b4086ef3ae82184a5e77a07cbde1e6b8831a to ec26958b683838594d0abe3cc5697cb50425284c3aa3b4c52c4128df3cfbd967. The metadata is not deterministic and this needs to be fixed.
NOTE: recipe linux-libc-headers-base-gitAUTOINC+2951eded01-r0: task do_populate_lic_setscene: Started
NOTE: recipe linux-libc-headers-base-gitAUTOINC+2951eded01-r0: task do_package_qa_setscene: Started
NOTE: recipe linux-libc-headers-base-gitAUTOINC+2951eded01-r0: task do_populate_sysroot_setscene: Started
ERROR: When reparsing /home/deby/poky/meta-debian/recipes-kernel/linux-libc-headers/linux-libc-headers-base_git.bb.do_patch, the basehash value changed from 794aba43c93b827ab8dad47165be6be0d8f92f251bd262635c22313e23128daa to ad76c34176c05413e9fb00995196d5015fc81c93587134874abe5c331acef982. The metadata is not deterministic and this needs to be fixed.
ERROR: When reparsing /home/deby/poky/meta-debian/recipes-kernel/linux-libc-headers/linux-libc-headers-base_git.bb.do_populate_sysroot, the basehash value changed from 3517ded0ce416d8ec8c9b5cbff6333d9a92651169ff57b5bb8ccfaeddd5f957d to 37aa03acfa8e97d82834240ab8ba025620d713e2c3cb007215e670a2702a7f2b. The metadata is not deterministic and this needs to be fixed.
ERROR: When reparsing /home/deby/poky/meta-debian/recipes-kernel/linux-libc-headers/linux-libc-headers-base_git.bb.do_fetch, the basehash value changed from a4fd11444c76ed326f49668786aa987e7d774f06a71e028bc7011f35fb84ad26 to 04254ba38565a6334c4502191a34b42d2bf8c8142732f112bb524411a0705f4f. The metadata is not deterministic and this needs to be fixed.
ERROR: When reparsing /home/deby/poky/meta-debian/recipes-kernel/linux-libc-headers/linux-libc-headers-base_git.bb.do_configure, the basehash value changed from 7501baab21d7ed4d2b68b8bfa69e07c3cfd88a0af5da297b87703b3876c13263 to 6c592f381152d30968647e5b29ff5cd46c54037e2a2294869a755a8173737f39. The metadata is not deterministic and this needs to be fixed.
ERROR: When reparsing /home/deby/poky/meta-debian/recipes-kernel/linux-libc-headers/linux-libc-headers-base_git.bb.do_compile, the basehash value changed from 5f43d2f45f105a3412b91f19613818cfd800bc7c0a44af0826234e59ff34f097 to b9beb48d1ce33278cc6d13f12cd6b0692501f1214801bc849160197734ba7860. The metadata is not deterministic and this needs to be fixed.
ERROR: When reparsing /home/deby/poky/meta-debian/recipes-kernel/linux-libc-headers/linux-libc-headers-base_git.bb.do_install, the basehash value changed from b17616345fa94b822bc8c306d8f9419be66be67f0ca09393d78629c0fe85652e to 658e738abed6141fcf688a188a4e735313ed34a9af4622d4bdafafd96b17bace. The metadata is not deterministic and this needs to be fixed.
ERROR: When reparsing /home/deby/poky/meta-debian/recipes-kernel/linux-libc-headers/linux-libc-headers-base_git.bb.do_build, the basehash value changed from 2ea9bdbdca1dc27fe8fdad4c413136464d983bc8c3dbbce06924157ce076bf23 to 430edf70ba83d5a7815da2cea75c4fbc236c31b46c836b9825700c1370014c76. The metadata is not deterministic and this needs to be fixed.
ERROR: When reparsing /home/deby/poky/meta-debian/recipes-kernel/linux-libc-headers/linux-libc-headers-base_git.bb.do_package_qa, the basehash value changed from 88f06a9ca4cd4deeaaf71c99998e11339d31dc9291042179992ff323af02f3fe to 579e854010c82e915ec49fd421acf76e320eae951a2a8334ce729c4149e6a963. The metadata is not deterministic and this needs to be fixed.
ERROR: When reparsing /home/deby/poky/meta-debian/recipes-kernel/linux-libc-headers/linux-libc-headers-base_git.bb.do_package, the basehash value changed from a0b50fb48279d82802936ea6dbe64e1cff9f0932b6ab365a8f365c6133b0fca8 to c3b1839d183fc03866b78aacc3be97142343626f846a2798343d1b68ee0f8c5a. The metadata is not deterministic and this needs to be fixed.
ERROR: When reparsing /home/deby/poky/meta-debian/recipes-kernel/linux-libc-headers/linux-libc-headers-base_git.bb.do_packagedata, the basehash value changed from 6f799faa6ad9da988d1aae3037b97354898bc86d73413603595be22c9acdb1ec to f8b9a36b7532687e6b67a7d19230ffa74f9cdb0ada41c9b01c0049c583207b50. The metadata is not deterministic and this needs to be fixed.
ERROR: When reparsing /home/deby/poky/meta-debian/recipes-kernel/linux-libc-headers/linux-libc-headers-base_git.bb.do_package_write_deb, the basehash value changed from ec4dc783b937289b2776cd9f77ec436cd12498b3f5ac8992b279404031c4c9c7 to e47f75ec4f7d7e5c9dd56f1c82ac6432950117a0536045ab81f4d2553284cf70. The metadata is not deterministic and this needs to be fixed.
ERROR: When reparsing /home/deby/poky/meta-debian/recipes-kernel/linux-libc-headers/linux-libc-headers-base_git.bb.do_populate_lic, the basehash value changed from d1bf270d888709d5e6cf340bac87b4086ef3ae82184a5e77a07cbde1e6b8831a to ec26958b683838594d0abe3cc5697cb50425284c3aa3b4c52c4128df3cfbd967. The metadata is not deterministic and this needs to be fixed.
NOTE: recipe linux-libc-headers-base-gitAUTOINC+2951eded01-r0: task do_package_write_deb_setscene: Started
ERROR: linux-libc-headers-base-gitAUTOINC+2951eded01-r0 do_populate_sysroot_setscene: No suitable staging package found
ERROR: linux-libc-headers-base-gitAUTOINC+2951eded01-r0 do_populate_sysroot_setscene: 
ERROR: linux-libc-headers-base-gitAUTOINC+2951eded01-r0 do_package_qa_setscene: No suitable staging package found
ERROR: linux-libc-headers-base-gitAUTOINC+2951eded01-r0 do_package_qa_setscene: 
WARNING: Logfile for failed setscene task is /home/deby/build/tmp/work/armv7at2hf-neon-deby-linux-gnueabi/linux-libc-headers-base/gitAUTOINC+2951eded01-r0/temp/log.do_populate_sysroot_setscene.1945
WARNING: Logfile for failed setscene task is /home/deby/build/tmp/work/armv7at2hf-neon-deby-linux-gnueabi/linux-libc-headers-base/gitAUTOINC+2951eded01-r0/temp/log.do_package_qa_setscene.1946
ERROR: linux-libc-headers-base-gitAUTOINC+2951eded01-r0 do_populate_lic_setscene: No suitable staging package found
ERROR: linux-libc-headers-base-gitAUTOINC+2951eded01-r0 do_populate_lic_setscene: 
WARNING: Logfile for failed setscene task is /home/deby/build/tmp/work/armv7at2hf-neon-deby-linux-gnueabi/linux-libc-headers-base/gitAUTOINC+2951eded01-r0/temp/log.do_populate_lic_setscene.1948
WARNING: Setscene task (/home/deby/poky/meta-debian/recipes-kernel/linux-libc-headers/linux-libc-headers-base_git.bb:do_populate_sysroot_setscene) failed with exit code '1' - real task will be run instead
WARNING: Setscene task (/home/deby/poky/meta-debian/recipes-kernel/linux-libc-headers/linux-libc-headers-base_git.bb:do_package_qa_setscene) failed with exit code '1' - real task will be run instead
WARNING: Setscene task (/home/deby/poky/meta-debian/recipes-kernel/linux-libc-headers/linux-libc-headers-base_git.bb:do_populate_lic_setscene) failed with exit code '1' - real task will be run instead
NOTE: Running setscene task 45 of 52 (/home/deby/poky/meta-debian/recipes-debian/binutils/binutils-cross_debian.bb:do_populate_sysroot_setscene)
ERROR: linux-libc-headers-base-gitAUTOINC+2951eded01-r0 do_package_write_deb_setscene: No suitable staging package found
ERROR: linux-libc-headers-base-gitAUTOINC+2951eded01-r0 do_package_write_deb_setscene: 
WARNING: Logfile for failed setscene task is /home/deby/build/tmp/work/armv7at2hf-neon-deby-linux-gnueabi/linux-libc-headers-base/gitAUTOINC+2951eded01-r0/temp/log.do_package_write_deb_setscene.1947
WARNING: Setscene task (/home/deby/poky/meta-debian/recipes-kernel/linux-libc-headers/linux-libc-headers-base_git.bb:do_package_write_deb_setscene) failed with exit code '1' - real task will be run instead
NOTE: Running setscene task 46 of 52 (/home/deby/poky/meta-debian/recipes-kernel/linux-libc-headers/linux-libc-headers-base_git.bb:do_packagedata_setscene)
NOTE: recipe binutils-cross-arm-2.31.1-r0: task do_populate_sysroot_setscene: Started
ERROR: When reparsing /home/deby/poky/meta-debian/recipes-kernel/linux-libc-headers/linux-libc-headers-base_git.bb.do_patch, the basehash value changed from 794aba43c93b827ab8dad47165be6be0d8f92f251bd262635c22313e23128daa to ad76c34176c05413e9fb00995196d5015fc81c93587134874abe5c331acef982. The metadata is not deterministic and this needs to be fixed.
ERROR: When reparsing /home/deby/poky/meta-debian/recipes-kernel/linux-libc-headers/linux-libc-headers-base_git.bb.do_populate_sysroot, the basehash value changed from 3517ded0ce416d8ec8c9b5cbff6333d9a92651169ff57b5bb8ccfaeddd5f957d to 37aa03acfa8e97d82834240ab8ba025620d713e2c3cb007215e670a2702a7f2b. The metadata is not deterministic and this needs to be fixed.
ERROR: When reparsing /home/deby/poky/meta-debian/recipes-kernel/linux-libc-headers/linux-libc-headers-base_git.bb.do_fetch, the basehash value changed from a4fd11444c76ed326f49668786aa987e7d774f06a71e028bc7011f35fb84ad26 to 04254ba38565a6334c4502191a34b42d2bf8c8142732f112bb524411a0705f4f. The metadata is not deterministic and this needs to be fixed.
ERROR: When reparsing /home/deby/poky/meta-debian/recipes-kernel/linux-libc-headers/linux-libc-headers-base_git.bb.do_configure, the basehash value changed from 7501baab21d7ed4d2b68b8bfa69e07c3cfd88a0af5da297b87703b3876c13263 to 6c592f381152d30968647e5b29ff5cd46c54037e2a2294869a755a8173737f39. The metadata is not deterministic and this needs to be fixed.
ERROR: When reparsing /home/deby/poky/meta-debian/recipes-kernel/linux-libc-headers/linux-libc-headers-base_git.bb.do_compile, the basehash value changed from 5f43d2f45f105a3412b91f19613818cfd800bc7c0a44af0826234e59ff34f097 to b9beb48d1ce33278cc6d13f12cd6b0692501f1214801bc849160197734ba7860. The metadata is not deterministic and this needs to be fixed.
ERROR: When reparsing /home/deby/poky/meta-debian/recipes-kernel/linux-libc-headers/linux-libc-headers-base_git.bb.do_install, the basehash value changed from b17616345fa94b822bc8c306d8f9419be66be67f0ca09393d78629c0fe85652e to 658e738abed6141fcf688a188a4e735313ed34a9af4622d4bdafafd96b17bace. The metadata is not deterministic and this needs to be fixed.
ERROR: When reparsing /home/deby/poky/meta-debian/recipes-kernel/linux-libc-headers/linux-libc-headers-base_git.bb.do_build, the basehash value changed from 2ea9bdbdca1dc27fe8fdad4c413136464d983bc8c3dbbce06924157ce076bf23 to 430edf70ba83d5a7815da2cea75c4fbc236c31b46c836b9825700c1370014c76. The metadata is not deterministic and this needs to be fixed.
ERROR: When reparsing /home/deby/poky/meta-debian/recipes-kernel/linux-libc-headers/linux-libc-headers-base_git.bb.do_package_qa, the basehash value changed from 88f06a9ca4cd4deeaaf71c99998e11339d31dc9291042179992ff323af02f3fe to 579e854010c82e915ec49fd421acf76e320eae951a2a8334ce729c4149e6a963. The metadata is not deterministic and this needs to be fixed.
ERROR: When reparsing /home/deby/poky/meta-debian/recipes-kernel/linux-libc-headers/linux-libc-headers-base_git.bb.do_package, the basehash value changed from a0b50fb48279d82802936ea6dbe64e1cff9f0932b6ab365a8f365c6133b0fca8 to c3b1839d183fc03866b78aacc3be97142343626f846a2798343d1b68ee0f8c5a. The metadata is not deterministic and this needs to be fixed.
ERROR: When reparsing /home/deby/poky/meta-debian/recipes-kernel/linux-libc-headers/linux-libc-headers-base_git.bb.do_packagedata, the basehash value changed from 6f799faa6ad9da988d1aae3037b97354898bc86d73413603595be22c9acdb1ec to f8b9a36b7532687e6b67a7d19230ffa74f9cdb0ada41c9b01c0049c583207b50. The metadata is not deterministic and this needs to be fixed.
ERROR: When reparsing /home/deby/poky/meta-debian/recipes-kernel/linux-libc-headers/linux-libc-headers-base_git.bb.do_package_write_deb, the basehash value changed from ec4dc783b937289b2776cd9f77ec436cd12498b3f5ac8992b279404031c4c9c7 to e47f75ec4f7d7e5c9dd56f1c82ac6432950117a0536045ab81f4d2553284cf70. The metadata is not deterministic and this needs to be fixed.
ERROR: When reparsing /home/deby/poky/meta-debian/recipes-kernel/linux-libc-headers/linux-libc-headers-base_git.bb.do_populate_lic, the basehash value changed from d1bf270d888709d5e6cf340bac87b4086ef3ae82184a5e77a07cbde1e6b8831a to ec26958b683838594d0abe3cc5697cb50425284c3aa3b4c52c4128df3cfbd967. The metadata is not deterministic and this needs to be fixed.
NOTE: recipe linux-libc-headers-base-gitAUTOINC+2951eded01-r0: task do_packagedata_setscene: Started
ERROR: linux-libc-headers-base-gitAUTOINC+2951eded01-r0 do_packagedata_setscene: No suitable staging package found
ERROR: linux-libc-headers-base-gitAUTOINC+2951eded01-r0 do_packagedata_setscene: 
WARNING: Logfile for failed setscene task is /home/deby/build/tmp/work/armv7at2hf-neon-deby-linux-gnueabi/linux-libc-headers-base/gitAUTOINC+2951eded01-r0/temp/log.do_packagedata_setscene.1962
WARNING: Setscene task (/home/deby/poky/meta-debian/recipes-kernel/linux-libc-headers/linux-libc-headers-base_git.bb:do_packagedata_setscene) failed with exit code '1' - real task will be run instead
NOTE: Running setscene task 47 of 52 (/home/deby/poky/meta-debian/recipes-kernel/linux-libc-headers/linux-libc-headers-base_git.bb:do_package_setscene)
ERROR: When reparsing /home/deby/poky/meta-debian/recipes-kernel/linux-libc-headers/linux-libc-headers-base_git.bb.do_patch, the basehash value changed from 794aba43c93b827ab8dad47165be6be0d8f92f251bd262635c22313e23128daa to ad76c34176c05413e9fb00995196d5015fc81c93587134874abe5c331acef982. The metadata is not deterministic and this needs to be fixed.
ERROR: When reparsing /home/deby/poky/meta-debian/recipes-kernel/linux-libc-headers/linux-libc-headers-base_git.bb.do_populate_sysroot, the basehash value changed from 3517ded0ce416d8ec8c9b5cbff6333d9a92651169ff57b5bb8ccfaeddd5f957d to 37aa03acfa8e97d82834240ab8ba025620d713e2c3cb007215e670a2702a7f2b. The metadata is not deterministic and this needs to be fixed.
ERROR: When reparsing /home/deby/poky/meta-debian/recipes-kernel/linux-libc-headers/linux-libc-headers-base_git.bb.do_fetch, the basehash value changed from a4fd11444c76ed326f49668786aa987e7d774f06a71e028bc7011f35fb84ad26 to 04254ba38565a6334c4502191a34b42d2bf8c8142732f112bb524411a0705f4f. The metadata is not deterministic and this needs to be fixed.
ERROR: When reparsing /home/deby/poky/meta-debian/recipes-kernel/linux-libc-headers/linux-libc-headers-base_git.bb.do_configure, the basehash value changed from 7501baab21d7ed4d2b68b8bfa69e07c3cfd88a0af5da297b87703b3876c13263 to 6c592f381152d30968647e5b29ff5cd46c54037e2a2294869a755a8173737f39. The metadata is not deterministic and this needs to be fixed.
ERROR: When reparsing /home/deby/poky/meta-debian/recipes-kernel/linux-libc-headers/linux-libc-headers-base_git.bb.do_compile, the basehash value changed from 5f43d2f45f105a3412b91f19613818cfd800bc7c0a44af0826234e59ff34f097 to b9beb48d1ce33278cc6d13f12cd6b0692501f1214801bc849160197734ba7860. The metadata is not deterministic and this needs to be fixed.
ERROR: When reparsing /home/deby/poky/meta-debian/recipes-kernel/linux-libc-headers/linux-libc-headers-base_git.bb.do_install, the basehash value changed from b17616345fa94b822bc8c306d8f9419be66be67f0ca09393d78629c0fe85652e to 658e738abed6141fcf688a188a4e735313ed34a9af4622d4bdafafd96b17bace. The metadata is not deterministic and this needs to be fixed.
ERROR: When reparsing /home/deby/poky/meta-debian/recipes-kernel/linux-libc-headers/linux-libc-headers-base_git.bb.do_build, the basehash value changed from 2ea9bdbdca1dc27fe8fdad4c413136464d983bc8c3dbbce06924157ce076bf23 to 430edf70ba83d5a7815da2cea75c4fbc236c31b46c836b9825700c1370014c76. The metadata is not deterministic and this needs to be fixed.
ERROR: When reparsing /home/deby/poky/meta-debian/recipes-kernel/linux-libc-headers/linux-libc-headers-base_git.bb.do_package_qa, the basehash value changed from 88f06a9ca4cd4deeaaf71c99998e11339d31dc9291042179992ff323af02f3fe to 579e854010c82e915ec49fd421acf76e320eae951a2a8334ce729c4149e6a963. The metadata is not deterministic and this needs to be fixed.
ERROR: When reparsing /home/deby/poky/meta-debian/recipes-kernel/linux-libc-headers/linux-libc-headers-base_git.bb.do_package, the basehash value changed from a0b50fb48279d82802936ea6dbe64e1cff9f0932b6ab365a8f365c6133b0fca8 to c3b1839d183fc03866b78aacc3be97142343626f846a2798343d1b68ee0f8c5a. The metadata is not deterministic and this needs to be fixed.
ERROR: When reparsing /home/deby/poky/meta-debian/recipes-kernel/linux-libc-headers/linux-libc-headers-base_git.bb.do_packagedata, the basehash value changed from 6f799faa6ad9da988d1aae3037b97354898bc86d73413603595be22c9acdb1ec to f8b9a36b7532687e6b67a7d19230ffa74f9cdb0ada41c9b01c0049c583207b50. The metadata is not deterministic and this needs to be fixed.
ERROR: When reparsing /home/deby/poky/meta-debian/recipes-kernel/linux-libc-headers/linux-libc-headers-base_git.bb.do_package_write_deb, the basehash value changed from ec4dc783b937289b2776cd9f77ec436cd12498b3f5ac8992b279404031c4c9c7 to e47f75ec4f7d7e5c9dd56f1c82ac6432950117a0536045ab81f4d2553284cf70. The metadata is not deterministic and this needs to be fixed.
ERROR: When reparsing /home/deby/poky/meta-debian/recipes-kernel/linux-libc-headers/linux-libc-headers-base_git.bb.do_populate_lic, the basehash value changed from d1bf270d888709d5e6cf340bac87b4086ef3ae82184a5e77a07cbde1e6b8831a to ec26958b683838594d0abe3cc5697cb50425284c3aa3b4c52c4128df3cfbd967. The metadata is not deterministic and this needs to be fixed.
NOTE: recipe linux-libc-headers-base-gitAUTOINC+2951eded01-r0: task do_package_setscene: Started
ERROR: linux-libc-headers-base-gitAUTOINC+2951eded01-r0 do_package_setscene: No suitable staging package found
ERROR: linux-libc-headers-base-gitAUTOINC+2951eded01-r0 do_package_setscene: 
WARNING: Logfile for failed setscene task is /home/deby/build/tmp/work/armv7at2hf-neon-deby-linux-gnueabi/linux-libc-headers-base/gitAUTOINC+2951eded01-r0/temp/log.do_package_setscene.1971
WARNING: Setscene task (/home/deby/poky/meta-debian/recipes-kernel/linux-libc-headers/linux-libc-headers-base_git.bb:do_package_setscene) failed with exit code '1' - real task will be run instead
NOTE: Running setscene task 48 of 52 (virtual:native:/home/deby/poky/meta/recipes-devtools/rpm/rpm_4.14.2.1.bb:do_populate_sysroot_setscene)
NOTE: recipe rpm-native-1_4.14.2.1-r0: task do_populate_sysroot_setscene: Started
NOTE: recipe binutils-cross-arm-2.31.1-r0: task do_populate_sysroot_setscene: Succeeded
NOTE: recipe rpm-native-1_4.14.2.1-r0: task do_populate_sysroot_setscene: Succeeded
NOTE: Running setscene task 49 of 52 (virtual:native:/home/deby/poky/meta/recipes-devtools/python/python3_3.7.2.bb:do_populate_sysroot_setscene)
NOTE: Running setscene task 50 of 52 (virtual:native:/home/deby/poky/meta/recipes-extended/libarchive/libarchive_3.3.3.bb:do_populate_sysroot_setscene)
NOTE: recipe libarchive-native-3.3.3-r0: task do_populate_sysroot_setscene: Started
NOTE: recipe python3-native-3.7.2-r0: task do_populate_sysroot_setscene: Started
NOTE: recipe libarchive-native-3.3.3-r0: task do_populate_sysroot_setscene: Succeeded
NOTE: Running setscene task 51 of 52 (virtual:native:/home/deby/poky/meta/recipes-devtools/e2fsprogs/e2fsprogs_1.44.5.bb:do_populate_sysroot_setscene)
NOTE: recipe e2fsprogs-native-1.44.5-r0: task do_populate_sysroot_setscene: Started
NOTE: recipe e2fsprogs-native-1.44.5-r0: task do_populate_sysroot_setscene: Succeeded
NOTE: recipe python3-native-3.7.2-r0: task do_populate_sysroot_setscene: Succeeded
NOTE: Running setscene task 52 of 52 (virtual:native:/home/deby/poky/meta/recipes-core/util-linux/util-linux_2.32.1.bb:do_populate_sysroot_setscene)
NOTE: recipe util-linux-native-2.32.1-r0: task do_populate_sysroot_setscene: Started
NOTE: recipe util-linux-native-2.32.1-r0: task do_populate_sysroot_setscene: Succeeded
NOTE: Executing RunQueue Tasks
NOTE: Running task 176 of 412 (/home/deby/poky/meta-debian/recipes-kernel/linux-libc-headers/linux-libc-headers-base_git.bb:do_fetch)
ERROR: When reparsing /home/deby/poky/meta-debian/recipes-kernel/linux-libc-headers/linux-libc-headers-base_git.bb.do_patch, the basehash value changed from 794aba43c93b827ab8dad47165be6be0d8f92f251bd262635c22313e23128daa to ad76c34176c05413e9fb00995196d5015fc81c93587134874abe5c331acef982. The metadata is not deterministic and this needs to be fixed.
ERROR: When reparsing /home/deby/poky/meta-debian/recipes-kernel/linux-libc-headers/linux-libc-headers-base_git.bb.do_populate_sysroot, the basehash value changed from 3517ded0ce416d8ec8c9b5cbff6333d9a92651169ff57b5bb8ccfaeddd5f957d to 37aa03acfa8e97d82834240ab8ba025620d713e2c3cb007215e670a2702a7f2b. The metadata is not deterministic and this needs to be fixed.
ERROR: When reparsing /home/deby/poky/meta-debian/recipes-kernel/linux-libc-headers/linux-libc-headers-base_git.bb.do_fetch, the basehash value changed from a4fd11444c76ed326f49668786aa987e7d774f06a71e028bc7011f35fb84ad26 to 04254ba38565a6334c4502191a34b42d2bf8c8142732f112bb524411a0705f4f. The metadata is not deterministic and this needs to be fixed.
ERROR: When reparsing /home/deby/poky/meta-debian/recipes-kernel/linux-libc-headers/linux-libc-headers-base_git.bb.do_configure, the basehash value changed from 7501baab21d7ed4d2b68b8bfa69e07c3cfd88a0af5da297b87703b3876c13263 to 6c592f381152d30968647e5b29ff5cd46c54037e2a2294869a755a8173737f39. The metadata is not deterministic and this needs to be fixed.
ERROR: When reparsing /home/deby/poky/meta-debian/recipes-kernel/linux-libc-headers/linux-libc-headers-base_git.bb.do_compile, the basehash value changed from 5f43d2f45f105a3412b91f19613818cfd800bc7c0a44af0826234e59ff34f097 to b9beb48d1ce33278cc6d13f12cd6b0692501f1214801bc849160197734ba7860. The metadata is not deterministic and this needs to be fixed.
ERROR: When reparsing /home/deby/poky/meta-debian/recipes-kernel/linux-libc-headers/linux-libc-headers-base_git.bb.do_install, the basehash value changed from b17616345fa94b822bc8c306d8f9419be66be67f0ca09393d78629c0fe85652e to 658e738abed6141fcf688a188a4e735313ed34a9af4622d4bdafafd96b17bace. The metadata is not deterministic and this needs to be fixed.
ERROR: When reparsing /home/deby/poky/meta-debian/recipes-kernel/linux-libc-headers/linux-libc-headers-base_git.bb.do_build, the basehash value changed from 2ea9bdbdca1dc27fe8fdad4c413136464d983bc8c3dbbce06924157ce076bf23 to 430edf70ba83d5a7815da2cea75c4fbc236c31b46c836b9825700c1370014c76. The metadata is not deterministic and this needs to be fixed.
ERROR: When reparsing /home/deby/poky/meta-debian/recipes-kernel/linux-libc-headers/linux-libc-headers-base_git.bb.do_package_qa, the basehash value changed from 88f06a9ca4cd4deeaaf71c99998e11339d31dc9291042179992ff323af02f3fe to 579e854010c82e915ec49fd421acf76e320eae951a2a8334ce729c4149e6a963. The metadata is not deterministic and this needs to be fixed.
ERROR: When reparsing /home/deby/poky/meta-debian/recipes-kernel/linux-libc-headers/linux-libc-headers-base_git.bb.do_package, the basehash value changed from a0b50fb48279d82802936ea6dbe64e1cff9f0932b6ab365a8f365c6133b0fca8 to c3b1839d183fc03866b78aacc3be97142343626f846a2798343d1b68ee0f8c5a. The metadata is not deterministic and this needs to be fixed.
ERROR: When reparsing /home/deby/poky/meta-debian/recipes-kernel/linux-libc-headers/linux-libc-headers-base_git.bb.do_packagedata, the basehash value changed from 6f799faa6ad9da988d1aae3037b97354898bc86d73413603595be22c9acdb1ec to f8b9a36b7532687e6b67a7d19230ffa74f9cdb0ada41c9b01c0049c583207b50. The metadata is not deterministic and this needs to be fixed.
ERROR: When reparsing /home/deby/poky/meta-debian/recipes-kernel/linux-libc-headers/linux-libc-headers-base_git.bb.do_package_write_deb, the basehash value changed from ec4dc783b937289b2776cd9f77ec436cd12498b3f5ac8992b279404031c4c9c7 to e47f75ec4f7d7e5c9dd56f1c82ac6432950117a0536045ab81f4d2553284cf70. The metadata is not deterministic and this needs to be fixed.
ERROR: When reparsing /home/deby/poky/meta-debian/recipes-kernel/linux-libc-headers/linux-libc-headers-base_git.bb.do_populate_lic, the basehash value changed from d1bf270d888709d5e6cf340bac87b4086ef3ae82184a5e77a07cbde1e6b8831a to ec26958b683838594d0abe3cc5697cb50425284c3aa3b4c52c4128df3cfbd967. The metadata is not deterministic and this needs to be fixed.
NOTE: recipe linux-libc-headers-base-gitAUTOINC+2951eded01-r0: task do_fetch: Started
ERROR: linux-libc-headers-base-gitAUTOINC+2951eded01-r0 do_fetch: Taskhash mismatch aea12ca7939936afa9cff7ac4290a1e39400826301789bb58002ff168e55aeab versus 46b528677c61f302645f54e72227272cc4345a8d9aac4723bbadd4e52ad6285f for /home/deby/poky/meta-debian/recipes-kernel/linux-libc-headers/linux-libc-headers-base_git.bb.do_fetch
NOTE: recipe linux-libc-headers-base-gitAUTOINC+2951eded01-r0: task do_fetch: Succeeded
ERROR: Taskhash mismatch aea12ca7939936afa9cff7ac4290a1e39400826301789bb58002ff168e55aeab versus 46b528677c61f302645f54e72227272cc4345a8d9aac4723bbadd4e52ad6285f for /home/deby/poky/meta-debian/recipes-kernel/linux-libc-headers/linux-libc-headers-base_git.bb.do_fetch
NOTE: Running task 400 of 412 (/home/deby/poky/meta-debian/recipes-kernel/linux-libc-headers/linux-libc-headers-base_git.bb:do_unpack)
NOTE: Running task 401 of 412 (/home/deby/poky/meta-debian/recipes-kernel/linux-libc-headers/linux-libc-headers-base_git.bb:do_prepare_recipe_sysroot)
ERROR: When reparsing /home/deby/poky/meta-debian/recipes-kernel/linux-libc-headers/linux-libc-headers-base_git.bb.do_patch, the basehash value changed from 794aba43c93b827ab8dad47165be6be0d8f92f251bd262635c22313e23128daa to ad76c34176c05413e9fb00995196d5015fc81c93587134874abe5c331acef982. The metadata is not deterministic and this needs to be fixed.
ERROR: When reparsing /home/deby/poky/meta-debian/recipes-kernel/linux-libc-headers/linux-libc-headers-base_git.bb.do_populate_sysroot, the basehash value changed from 3517ded0ce416d8ec8c9b5cbff6333d9a92651169ff57b5bb8ccfaeddd5f957d to 37aa03acfa8e97d82834240ab8ba025620d713e2c3cb007215e670a2702a7f2b. The metadata is not deterministic and this needs to be fixed.
ERROR: When reparsing /home/deby/poky/meta-debian/recipes-kernel/linux-libc-headers/linux-libc-headers-base_git.bb.do_fetch, the basehash value changed from a4fd11444c76ed326f49668786aa987e7d774f06a71e028bc7011f35fb84ad26 to 04254ba38565a6334c4502191a34b42d2bf8c8142732f112bb524411a0705f4f. The metadata is not deterministic and this needs to be fixed.
ERROR: When reparsing /home/deby/poky/meta-debian/recipes-kernel/linux-libc-headers/linux-libc-headers-base_git.bb.do_configure, the basehash value changed from 7501baab21d7ed4d2b68b8bfa69e07c3cfd88a0af5da297b87703b3876c13263 to 6c592f381152d30968647e5b29ff5cd46c54037e2a2294869a755a8173737f39. The metadata is not deterministic and this needs to be fixed.
ERROR: When reparsing /home/deby/poky/meta-debian/recipes-kernel/linux-libc-headers/linux-libc-headers-base_git.bb.do_compile, the basehash value changed from 5f43d2f45f105a3412b91f19613818cfd800bc7c0a44af0826234e59ff34f097 to b9beb48d1ce33278cc6d13f12cd6b0692501f1214801bc849160197734ba7860. The metadata is not deterministic and this needs to be fixed.
ERROR: When reparsing /home/deby/poky/meta-debian/recipes-kernel/linux-libc-headers/linux-libc-headers-base_git.bb.do_install, the basehash value changed from b17616345fa94b822bc8c306d8f9419be66be67f0ca09393d78629c0fe85652e to 658e738abed6141fcf688a188a4e735313ed34a9af4622d4bdafafd96b17bace. The metadata is not deterministic and this needs to be fixed.
ERROR: When reparsing /home/deby/poky/meta-debian/recipes-kernel/linux-libc-headers/linux-libc-headers-base_git.bb.do_build, the basehash value changed from 2ea9bdbdca1dc27fe8fdad4c413136464d983bc8c3dbbce06924157ce076bf23 to 430edf70ba83d5a7815da2cea75c4fbc236c31b46c836b9825700c1370014c76. The metadata is not deterministic and this needs to be fixed.
ERROR: When reparsing /home/deby/poky/meta-debian/recipes-kernel/linux-libc-headers/linux-libc-headers-base_git.bb.do_package_qa, the basehash value changed from 88f06a9ca4cd4deeaaf71c99998e11339d31dc9291042179992ff323af02f3fe to 579e854010c82e915ec49fd421acf76e320eae951a2a8334ce729c4149e6a963. The metadata is not deterministic and this needs to be fixed.
ERROR: When reparsing /home/deby/poky/meta-debian/recipes-kernel/linux-libc-headers/linux-libc-headers-base_git.bb.do_package, the basehash value changed from a0b50fb48279d82802936ea6dbe64e1cff9f0932b6ab365a8f365c6133b0fca8 to c3b1839d183fc03866b78aacc3be97142343626f846a2798343d1b68ee0f8c5a. The metadata is not deterministic and this needs to be fixed.
ERROR: When reparsing /home/deby/poky/meta-debian/recipes-kernel/linux-libc-headers/linux-libc-headers-base_git.bb.do_packagedata, the basehash value changed from 6f799faa6ad9da988d1aae3037b97354898bc86d73413603595be22c9acdb1ec to f8b9a36b7532687e6b67a7d19230ffa74f9cdb0ada41c9b01c0049c583207b50. The metadata is not deterministic and this needs to be fixed.
ERROR: When reparsing /home/deby/poky/meta-debian/recipes-kernel/linux-libc-headers/linux-libc-headers-base_git.bb.do_package_write_deb, the basehash value changed from ec4dc783b937289b2776cd9f77ec436cd12498b3f5ac8992b279404031c4c9c7 to e47f75ec4f7d7e5c9dd56f1c82ac6432950117a0536045ab81f4d2553284cf70. The metadata is not deterministic and this needs to be fixed.
ERROR: When reparsing /home/deby/poky/meta-debian/recipes-kernel/linux-libc-headers/linux-libc-headers-base_git.bb.do_populate_lic, the basehash value changed from d1bf270d888709d5e6cf340bac87b4086ef3ae82184a5e77a07cbde1e6b8831a to ec26958b683838594d0abe3cc5697cb50425284c3aa3b4c52c4128df3cfbd967. The metadata is not deterministic and this needs to be fixed.
ERROR: When reparsing /home/deby/poky/meta-debian/recipes-kernel/linux-libc-headers/linux-libc-headers-base_git.bb.do_patch, the basehash value changed from 794aba43c93b827ab8dad47165be6be0d8f92f251bd262635c22313e23128daa to ad76c34176c05413e9fb00995196d5015fc81c93587134874abe5c331acef982. The metadata is not deterministic and this needs to be fixed.
ERROR: When reparsing /home/deby/poky/meta-debian/recipes-kernel/linux-libc-headers/linux-libc-headers-base_git.bb.do_populate_sysroot, the basehash value changed from 3517ded0ce416d8ec8c9b5cbff6333d9a92651169ff57b5bb8ccfaeddd5f957d to 37aa03acfa8e97d82834240ab8ba025620d713e2c3cb007215e670a2702a7f2b. The metadata is not deterministic and this needs to be fixed.
ERROR: When reparsing /home/deby/poky/meta-debian/recipes-kernel/linux-libc-headers/linux-libc-headers-base_git.bb.do_fetch, the basehash value changed from a4fd11444c76ed326f49668786aa987e7d774f06a71e028bc7011f35fb84ad26 to 04254ba38565a6334c4502191a34b42d2bf8c8142732f112bb524411a0705f4f. The metadata is not deterministic and this needs to be fixed.
ERROR: When reparsing /home/deby/poky/meta-debian/recipes-kernel/linux-libc-headers/linux-libc-headers-base_git.bb.do_configure, the basehash value changed from 7501baab21d7ed4d2b68b8bfa69e07c3cfd88a0af5da297b87703b3876c13263 to 6c592f381152d30968647e5b29ff5cd46c54037e2a2294869a755a8173737f39. The metadata is not deterministic and this needs to be fixed.
ERROR: When reparsing /home/deby/poky/meta-debian/recipes-kernel/linux-libc-headers/linux-libc-headers-base_git.bb.do_compile, the basehash value changed from 5f43d2f45f105a3412b91f19613818cfd800bc7c0a44af0826234e59ff34f097 to b9beb48d1ce33278cc6d13f12cd6b0692501f1214801bc849160197734ba7860. The metadata is not deterministic and this needs to be fixed.
ERROR: When reparsing /home/deby/poky/meta-debian/recipes-kernel/linux-libc-headers/linux-libc-headers-base_git.bb.do_install, the basehash value changed from b17616345fa94b822bc8c306d8f9419be66be67f0ca09393d78629c0fe85652e to 658e738abed6141fcf688a188a4e735313ed34a9af4622d4bdafafd96b17bace. The metadata is not deterministic and this needs to be fixed.
ERROR: When reparsing /home/deby/poky/meta-debian/recipes-kernel/linux-libc-headers/linux-libc-headers-base_git.bb.do_build, the basehash value changed from 2ea9bdbdca1dc27fe8fdad4c413136464d983bc8c3dbbce06924157ce076bf23 to 430edf70ba83d5a7815da2cea75c4fbc236c31b46c836b9825700c1370014c76. The metadata is not deterministic and this needs to be fixed.
ERROR: When reparsing /home/deby/poky/meta-debian/recipes-kernel/linux-libc-headers/linux-libc-headers-base_git.bb.do_package_qa, the basehash value changed from 88f06a9ca4cd4deeaaf71c99998e11339d31dc9291042179992ff323af02f3fe to 579e854010c82e915ec49fd421acf76e320eae951a2a8334ce729c4149e6a963. The metadata is not deterministic and this needs to be fixed.
ERROR: When reparsing /home/deby/poky/meta-debian/recipes-kernel/linux-libc-headers/linux-libc-headers-base_git.bb.do_package, the basehash value changed from a0b50fb48279d82802936ea6dbe64e1cff9f0932b6ab365a8f365c6133b0fca8 to c3b1839d183fc03866b78aacc3be97142343626f846a2798343d1b68ee0f8c5a. The metadata is not deterministic and this needs to be fixed.
ERROR: When reparsing /home/deby/poky/meta-debian/recipes-kernel/linux-libc-headers/linux-libc-headers-base_git.bb.do_packagedata, the basehash value changed from 6f799faa6ad9da988d1aae3037b97354898bc86d73413603595be22c9acdb1ec to f8b9a36b7532687e6b67a7d19230ffa74f9cdb0ada41c9b01c0049c583207b50. The metadata is not deterministic and this needs to be fixed.
ERROR: When reparsing /home/deby/poky/meta-debian/recipes-kernel/linux-libc-headers/linux-libc-headers-base_git.bb.do_package_write_deb, the basehash value changed from ec4dc783b937289b2776cd9f77ec436cd12498b3f5ac8992b279404031c4c9c7 to e47f75ec4f7d7e5c9dd56f1c82ac6432950117a0536045ab81f4d2553284cf70. The metadata is not deterministic and this needs to be fixed.
ERROR: When reparsing /home/deby/poky/meta-debian/recipes-kernel/linux-libc-headers/linux-libc-headers-base_git.bb.do_populate_lic, the basehash value changed from d1bf270d888709d5e6cf340bac87b4086ef3ae82184a5e77a07cbde1e6b8831a to ec26958b683838594d0abe3cc5697cb50425284c3aa3b4c52c4128df3cfbd967. The metadata is not deterministic and this needs to be fixed.
NOTE: recipe linux-libc-headers-base-gitAUTOINC+2951eded01-r0: task do_prepare_recipe_sysroot: Started
NOTE: recipe linux-libc-headers-base-gitAUTOINC+2951eded01-r0: task do_unpack: Started
NOTE: recipe linux-libc-headers-base-gitAUTOINC+2951eded01-r0: task do_prepare_recipe_sysroot: Succeeded
NOTE: recipe linux-libc-headers-base-gitAUTOINC+2951eded01-r0: task do_unpack: Succeeded
NOTE: Running task 402 of 412 (/home/deby/poky/meta-debian/recipes-kernel/linux-libc-headers/linux-libc-headers-base_git.bb:do_patch)
ERROR: When reparsing /home/deby/poky/meta-debian/recipes-kernel/linux-libc-headers/linux-libc-headers-base_git.bb.do_patch, the basehash value changed from 794aba43c93b827ab8dad47165be6be0d8f92f251bd262635c22313e23128daa to ad76c34176c05413e9fb00995196d5015fc81c93587134874abe5c331acef982. The metadata is not deterministic and this needs to be fixed.
ERROR: When reparsing /home/deby/poky/meta-debian/recipes-kernel/linux-libc-headers/linux-libc-headers-base_git.bb.do_populate_sysroot, the basehash value changed from 3517ded0ce416d8ec8c9b5cbff6333d9a92651169ff57b5bb8ccfaeddd5f957d to 37aa03acfa8e97d82834240ab8ba025620d713e2c3cb007215e670a2702a7f2b. The metadata is not deterministic and this needs to be fixed.
ERROR: When reparsing /home/deby/poky/meta-debian/recipes-kernel/linux-libc-headers/linux-libc-headers-base_git.bb.do_fetch, the basehash value changed from a4fd11444c76ed326f49668786aa987e7d774f06a71e028bc7011f35fb84ad26 to 04254ba38565a6334c4502191a34b42d2bf8c8142732f112bb524411a0705f4f. The metadata is not deterministic and this needs to be fixed.
ERROR: When reparsing /home/deby/poky/meta-debian/recipes-kernel/linux-libc-headers/linux-libc-headers-base_git.bb.do_configure, the basehash value changed from 7501baab21d7ed4d2b68b8bfa69e07c3cfd88a0af5da297b87703b3876c13263 to 6c592f381152d30968647e5b29ff5cd46c54037e2a2294869a755a8173737f39. The metadata is not deterministic and this needs to be fixed.
ERROR: When reparsing /home/deby/poky/meta-debian/recipes-kernel/linux-libc-headers/linux-libc-headers-base_git.bb.do_compile, the basehash value changed from 5f43d2f45f105a3412b91f19613818cfd800bc7c0a44af0826234e59ff34f097 to b9beb48d1ce33278cc6d13f12cd6b0692501f1214801bc849160197734ba7860. The metadata is not deterministic and this needs to be fixed.
ERROR: When reparsing /home/deby/poky/meta-debian/recipes-kernel/linux-libc-headers/linux-libc-headers-base_git.bb.do_install, the basehash value changed from b17616345fa94b822bc8c306d8f9419be66be67f0ca09393d78629c0fe85652e to 658e738abed6141fcf688a188a4e735313ed34a9af4622d4bdafafd96b17bace. The metadata is not deterministic and this needs to be fixed.
ERROR: When reparsing /home/deby/poky/meta-debian/recipes-kernel/linux-libc-headers/linux-libc-headers-base_git.bb.do_build, the basehash value changed from 2ea9bdbdca1dc27fe8fdad4c413136464d983bc8c3dbbce06924157ce076bf23 to 430edf70ba83d5a7815da2cea75c4fbc236c31b46c836b9825700c1370014c76. The metadata is not deterministic and this needs to be fixed.
ERROR: When reparsing /home/deby/poky/meta-debian/recipes-kernel/linux-libc-headers/linux-libc-headers-base_git.bb.do_package_qa, the basehash value changed from 88f06a9ca4cd4deeaaf71c99998e11339d31dc9291042179992ff323af02f3fe to 579e854010c82e915ec49fd421acf76e320eae951a2a8334ce729c4149e6a963. The metadata is not deterministic and this needs to be fixed.
ERROR: When reparsing /home/deby/poky/meta-debian/recipes-kernel/linux-libc-headers/linux-libc-headers-base_git.bb.do_package, the basehash value changed from a0b50fb48279d82802936ea6dbe64e1cff9f0932b6ab365a8f365c6133b0fca8 to c3b1839d183fc03866b78aacc3be97142343626f846a2798343d1b68ee0f8c5a. The metadata is not deterministic and this needs to be fixed.
ERROR: When reparsing /home/deby/poky/meta-debian/recipes-kernel/linux-libc-headers/linux-libc-headers-base_git.bb.do_packagedata, the basehash value changed from 6f799faa6ad9da988d1aae3037b97354898bc86d73413603595be22c9acdb1ec to f8b9a36b7532687e6b67a7d19230ffa74f9cdb0ada41c9b01c0049c583207b50. The metadata is not deterministic and this needs to be fixed.
ERROR: When reparsing /home/deby/poky/meta-debian/recipes-kernel/linux-libc-headers/linux-libc-headers-base_git.bb.do_package_write_deb, the basehash value changed from ec4dc783b937289b2776cd9f77ec436cd12498b3f5ac8992b279404031c4c9c7 to e47f75ec4f7d7e5c9dd56f1c82ac6432950117a0536045ab81f4d2553284cf70. The metadata is not deterministic and this needs to be fixed.
ERROR: When reparsing /home/deby/poky/meta-debian/recipes-kernel/linux-libc-headers/linux-libc-headers-base_git.bb.do_populate_lic, the basehash value changed from d1bf270d888709d5e6cf340bac87b4086ef3ae82184a5e77a07cbde1e6b8831a to ec26958b683838594d0abe3cc5697cb50425284c3aa3b4c52c4128df3cfbd967. The metadata is not deterministic and this needs to be fixed.
NOTE: recipe linux-libc-headers-base-gitAUTOINC+2951eded01-r0: task do_patch: Started
ERROR: linux-libc-headers-base-gitAUTOINC+2951eded01-r0 do_patch: Taskhash mismatch baa730385329cde747355ebc60ea830305acb6499bbf912dcf62bda05ba7d207 versus 0cea782a99b5f6313611e237cfcf18b9438005d582a0a53bfe99b7f44b347bb0 for /home/deby/poky/meta-debian/recipes-kernel/linux-libc-headers/linux-libc-headers-base_git.bb.do_patch
NOTE: recipe linux-libc-headers-base-gitAUTOINC+2951eded01-r0: task do_patch: Succeeded
ERROR: Taskhash mismatch baa730385329cde747355ebc60ea830305acb6499bbf912dcf62bda05ba7d207 versus 0cea782a99b5f6313611e237cfcf18b9438005d582a0a53bfe99b7f44b347bb0 for /home/deby/poky/meta-debian/recipes-kernel/linux-libc-headers/linux-libc-headers-base_git.bb.do_patch
NOTE: Running noexec task 403 of 412 (/home/deby/poky/meta-debian/recipes-kernel/linux-libc-headers/linux-libc-headers-base_git.bb:do_configure)
NOTE: Running noexec task 404 of 412 (/home/deby/poky/meta-debian/recipes-kernel/linux-libc-headers/linux-libc-headers-base_git.bb:do_compile)
NOTE: Running task 405 of 412 (/home/deby/poky/meta-debian/recipes-kernel/linux-libc-headers/linux-libc-headers-base_git.bb:do_install)
NOTE: Running task 406 of 412 (/home/deby/poky/meta-debian/recipes-kernel/linux-libc-headers/linux-libc-headers-base_git.bb:do_populate_lic)
ERROR: When reparsing /home/deby/poky/meta-debian/recipes-kernel/linux-libc-headers/linux-libc-headers-base_git.bb.do_patch, the basehash value changed from 794aba43c93b827ab8dad47165be6be0d8f92f251bd262635c22313e23128daa to ad76c34176c05413e9fb00995196d5015fc81c93587134874abe5c331acef982. The metadata is not deterministic and this needs to be fixed.
ERROR: When reparsing /home/deby/poky/meta-debian/recipes-kernel/linux-libc-headers/linux-libc-headers-base_git.bb.do_populate_sysroot, the basehash value changed from 3517ded0ce416d8ec8c9b5cbff6333d9a92651169ff57b5bb8ccfaeddd5f957d to 37aa03acfa8e97d82834240ab8ba025620d713e2c3cb007215e670a2702a7f2b. The metadata is not deterministic and this needs to be fixed.
ERROR: When reparsing /home/deby/poky/meta-debian/recipes-kernel/linux-libc-headers/linux-libc-headers-base_git.bb.do_fetch, the basehash value changed from a4fd11444c76ed326f49668786aa987e7d774f06a71e028bc7011f35fb84ad26 to 04254ba38565a6334c4502191a34b42d2bf8c8142732f112bb524411a0705f4f. The metadata is not deterministic and this needs to be fixed.
ERROR: When reparsing /home/deby/poky/meta-debian/recipes-kernel/linux-libc-headers/linux-libc-headers-base_git.bb.do_configure, the basehash value changed from 7501baab21d7ed4d2b68b8bfa69e07c3cfd88a0af5da297b87703b3876c13263 to 6c592f381152d30968647e5b29ff5cd46c54037e2a2294869a755a8173737f39. The metadata is not deterministic and this needs to be fixed.
ERROR: When reparsing /home/deby/poky/meta-debian/recipes-kernel/linux-libc-headers/linux-libc-headers-base_git.bb.do_compile, the basehash value changed from 5f43d2f45f105a3412b91f19613818cfd800bc7c0a44af0826234e59ff34f097 to b9beb48d1ce33278cc6d13f12cd6b0692501f1214801bc849160197734ba7860. The metadata is not deterministic and this needs to be fixed.
ERROR: When reparsing /home/deby/poky/meta-debian/recipes-kernel/linux-libc-headers/linux-libc-headers-base_git.bb.do_install, the basehash value changed from b17616345fa94b822bc8c306d8f9419be66be67f0ca09393d78629c0fe85652e to 658e738abed6141fcf688a188a4e735313ed34a9af4622d4bdafafd96b17bace. The metadata is not deterministic and this needs to be fixed.
ERROR: When reparsing /home/deby/poky/meta-debian/recipes-kernel/linux-libc-headers/linux-libc-headers-base_git.bb.do_build, the basehash value changed from 2ea9bdbdca1dc27fe8fdad4c413136464d983bc8c3dbbce06924157ce076bf23 to 430edf70ba83d5a7815da2cea75c4fbc236c31b46c836b9825700c1370014c76. The metadata is not deterministic and this needs to be fixed.
ERROR: When reparsing /home/deby/poky/meta-debian/recipes-kernel/linux-libc-headers/linux-libc-headers-base_git.bb.do_package_qa, the basehash value changed from 88f06a9ca4cd4deeaaf71c99998e11339d31dc9291042179992ff323af02f3fe to 579e854010c82e915ec49fd421acf76e320eae951a2a8334ce729c4149e6a963. The metadata is not deterministic and this needs to be fixed.
ERROR: When reparsing /home/deby/poky/meta-debian/recipes-kernel/linux-libc-headers/linux-libc-headers-base_git.bb.do_package, the basehash value changed from a0b50fb48279d82802936ea6dbe64e1cff9f0932b6ab365a8f365c6133b0fca8 to c3b1839d183fc03866b78aacc3be97142343626f846a2798343d1b68ee0f8c5a. The metadata is not deterministic and this needs to be fixed.
ERROR: When reparsing /home/deby/poky/meta-debian/recipes-kernel/linux-libc-headers/linux-libc-headers-base_git.bb.do_packagedata, the basehash value changed from 6f799faa6ad9da988d1aae3037b97354898bc86d73413603595be22c9acdb1ec to f8b9a36b7532687e6b67a7d19230ffa74f9cdb0ada41c9b01c0049c583207b50. The metadata is not deterministic and this needs to be fixed.
ERROR: When reparsing /home/deby/poky/meta-debian/recipes-kernel/linux-libc-headers/linux-libc-headers-base_git.bb.do_package_write_deb, the basehash value changed from ec4dc783b937289b2776cd9f77ec436cd12498b3f5ac8992b279404031c4c9c7 to e47f75ec4f7d7e5c9dd56f1c82ac6432950117a0536045ab81f4d2553284cf70. The metadata is not deterministic and this needs to be fixed.
ERROR: When reparsing /home/deby/poky/meta-debian/recipes-kernel/linux-libc-headers/linux-libc-headers-base_git.bb.do_populate_lic, the basehash value changed from d1bf270d888709d5e6cf340bac87b4086ef3ae82184a5e77a07cbde1e6b8831a to ec26958b683838594d0abe3cc5697cb50425284c3aa3b4c52c4128df3cfbd967. The metadata is not deterministic and this needs to be fixed.
NOTE: recipe linux-libc-headers-base-gitAUTOINC+2951eded01-r0: task do_populate_lic: Started
ERROR: When reparsing /home/deby/poky/meta-debian/recipes-kernel/linux-libc-headers/linux-libc-headers-base_git.bb.do_patch, the basehash value changed from 794aba43c93b827ab8dad47165be6be0d8f92f251bd262635c22313e23128daa to ad76c34176c05413e9fb00995196d5015fc81c93587134874abe5c331acef982. The metadata is not deterministic and this needs to be fixed.
ERROR: When reparsing /home/deby/poky/meta-debian/recipes-kernel/linux-libc-headers/linux-libc-headers-base_git.bb.do_populate_sysroot, the basehash value changed from 3517ded0ce416d8ec8c9b5cbff6333d9a92651169ff57b5bb8ccfaeddd5f957d to 37aa03acfa8e97d82834240ab8ba025620d713e2c3cb007215e670a2702a7f2b. The metadata is not deterministic and this needs to be fixed.
ERROR: When reparsing /home/deby/poky/meta-debian/recipes-kernel/linux-libc-headers/linux-libc-headers-base_git.bb.do_fetch, the basehash value changed from a4fd11444c76ed326f49668786aa987e7d774f06a71e028bc7011f35fb84ad26 to 04254ba38565a6334c4502191a34b42d2bf8c8142732f112bb524411a0705f4f. The metadata is not deterministic and this needs to be fixed.
ERROR: When reparsing /home/deby/poky/meta-debian/recipes-kernel/linux-libc-headers/linux-libc-headers-base_git.bb.do_configure, the basehash value changed from 7501baab21d7ed4d2b68b8bfa69e07c3cfd88a0af5da297b87703b3876c13263 to 6c592f381152d30968647e5b29ff5cd46c54037e2a2294869a755a8173737f39. The metadata is not deterministic and this needs to be fixed.
ERROR: When reparsing /home/deby/poky/meta-debian/recipes-kernel/linux-libc-headers/linux-libc-headers-base_git.bb.do_compile, the basehash value changed from 5f43d2f45f105a3412b91f19613818cfd800bc7c0a44af0826234e59ff34f097 to b9beb48d1ce33278cc6d13f12cd6b0692501f1214801bc849160197734ba7860. The metadata is not deterministic and this needs to be fixed.
ERROR: When reparsing /home/deby/poky/meta-debian/recipes-kernel/linux-libc-headers/linux-libc-headers-base_git.bb.do_install, the basehash value changed from b17616345fa94b822bc8c306d8f9419be66be67f0ca09393d78629c0fe85652e to 658e738abed6141fcf688a188a4e735313ed34a9af4622d4bdafafd96b17bace. The metadata is not deterministic and this needs to be fixed.
ERROR: When reparsing /home/deby/poky/meta-debian/recipes-kernel/linux-libc-headers/linux-libc-headers-base_git.bb.do_build, the basehash value changed from 2ea9bdbdca1dc27fe8fdad4c413136464d983bc8c3dbbce06924157ce076bf23 to 430edf70ba83d5a7815da2cea75c4fbc236c31b46c836b9825700c1370014c76. The metadata is not deterministic and this needs to be fixed.
ERROR: When reparsing /home/deby/poky/meta-debian/recipes-kernel/linux-libc-headers/linux-libc-headers-base_git.bb.do_package_qa, the basehash value changed from 88f06a9ca4cd4deeaaf71c99998e11339d31dc9291042179992ff323af02f3fe to 579e854010c82e915ec49fd421acf76e320eae951a2a8334ce729c4149e6a963. The metadata is not deterministic and this needs to be fixed.
ERROR: When reparsing /home/deby/poky/meta-debian/recipes-kernel/linux-libc-headers/linux-libc-headers-base_git.bb.do_package, the basehash value changed from a0b50fb48279d82802936ea6dbe64e1cff9f0932b6ab365a8f365c6133b0fca8 to c3b1839d183fc03866b78aacc3be97142343626f846a2798343d1b68ee0f8c5a. The metadata is not deterministic and this needs to be fixed.
ERROR: When reparsing /home/deby/poky/meta-debian/recipes-kernel/linux-libc-headers/linux-libc-headers-base_git.bb.do_packagedata, the basehash value changed from 6f799faa6ad9da988d1aae3037b97354898bc86d73413603595be22c9acdb1ec to f8b9a36b7532687e6b67a7d19230ffa74f9cdb0ada41c9b01c0049c583207b50. The metadata is not deterministic and this needs to be fixed.
ERROR: When reparsing /home/deby/poky/meta-debian/recipes-kernel/linux-libc-headers/linux-libc-headers-base_git.bb.do_package_write_deb, the basehash value changed from ec4dc783b937289b2776cd9f77ec436cd12498b3f5ac8992b279404031c4c9c7 to e47f75ec4f7d7e5c9dd56f1c82ac6432950117a0536045ab81f4d2553284cf70. The metadata is not deterministic and this needs to be fixed.
ERROR: When reparsing /home/deby/poky/meta-debian/recipes-kernel/linux-libc-headers/linux-libc-headers-base_git.bb.do_populate_lic, the basehash value changed from d1bf270d888709d5e6cf340bac87b4086ef3ae82184a5e77a07cbde1e6b8831a to ec26958b683838594d0abe3cc5697cb50425284c3aa3b4c52c4128df3cfbd967. The metadata is not deterministic and this needs to be fixed.
NOTE: recipe linux-libc-headers-base-gitAUTOINC+2951eded01-r0: task do_install: Started
ERROR: linux-libc-headers-base-gitAUTOINC+2951eded01-r0 do_populate_lic: Taskhash mismatch 6e2d6fe814df4a1551c228fd84c9900d0c2fb8a015ec3610bbf55cd5d075ae76 versus 22c493f2a0f8322d6b3a0abb31e769c76c067ce19d9ec2002b188a7afdcb0363 for /home/deby/poky/meta-debian/recipes-kernel/linux-libc-headers/linux-libc-headers-base_git.bb.do_populate_lic
NOTE: recipe linux-libc-headers-base-gitAUTOINC+2951eded01-r0: task do_populate_lic: Succeeded
ERROR: Taskhash mismatch 6e2d6fe814df4a1551c228fd84c9900d0c2fb8a015ec3610bbf55cd5d075ae76 versus 22c493f2a0f8322d6b3a0abb31e769c76c067ce19d9ec2002b188a7afdcb0363 for /home/deby/poky/meta-debian/recipes-kernel/linux-libc-headers/linux-libc-headers-base_git.bb.do_populate_lic
ERROR: linux-libc-headers-base-gitAUTOINC+2951eded01-r0 do_install: Taskhash mismatch 574a70d5ee118e7a99bb794ae9ba2225d2acd5f77625a0648b168ac870afa1c1 versus c39f7c11d29cb81bc5b597a47fef184ff12ba5e3c8aaaed8bdd9d801ea3656eb for /home/deby/poky/meta-debian/recipes-kernel/linux-libc-headers/linux-libc-headers-base_git.bb.do_install
NOTE: recipe linux-libc-headers-base-gitAUTOINC+2951eded01-r0: task do_install: Succeeded
ERROR: Taskhash mismatch 574a70d5ee118e7a99bb794ae9ba2225d2acd5f77625a0648b168ac870afa1c1 versus c39f7c11d29cb81bc5b597a47fef184ff12ba5e3c8aaaed8bdd9d801ea3656eb for /home/deby/poky/meta-debian/recipes-kernel/linux-libc-headers/linux-libc-headers-base_git.bb.do_install
NOTE: Running task 407 of 412 (/home/deby/poky/meta-debian/recipes-kernel/linux-libc-headers/linux-libc-headers-base_git.bb:do_package)
NOTE: Running task 408 of 412 (/home/deby/poky/meta-debian/recipes-kernel/linux-libc-headers/linux-libc-headers-base_git.bb:do_populate_sysroot)
ERROR: When reparsing /home/deby/poky/meta-debian/recipes-kernel/linux-libc-headers/linux-libc-headers-base_git.bb.do_patch, the basehash value changed from 794aba43c93b827ab8dad47165be6be0d8f92f251bd262635c22313e23128daa to ad76c34176c05413e9fb00995196d5015fc81c93587134874abe5c331acef982. The metadata is not deterministic and this needs to be fixed.
ERROR: When reparsing /home/deby/poky/meta-debian/recipes-kernel/linux-libc-headers/linux-libc-headers-base_git.bb.do_populate_sysroot, the basehash value changed from 3517ded0ce416d8ec8c9b5cbff6333d9a92651169ff57b5bb8ccfaeddd5f957d to 37aa03acfa8e97d82834240ab8ba025620d713e2c3cb007215e670a2702a7f2b. The metadata is not deterministic and this needs to be fixed.
ERROR: When reparsing /home/deby/poky/meta-debian/recipes-kernel/linux-libc-headers/linux-libc-headers-base_git.bb.do_fetch, the basehash value changed from a4fd11444c76ed326f49668786aa987e7d774f06a71e028bc7011f35fb84ad26 to 04254ba38565a6334c4502191a34b42d2bf8c8142732f112bb524411a0705f4f. The metadata is not deterministic and this needs to be fixed.
ERROR: When reparsing /home/deby/poky/meta-debian/recipes-kernel/linux-libc-headers/linux-libc-headers-base_git.bb.do_configure, the basehash value changed from 7501baab21d7ed4d2b68b8bfa69e07c3cfd88a0af5da297b87703b3876c13263 to 6c592f381152d30968647e5b29ff5cd46c54037e2a2294869a755a8173737f39. The metadata is not deterministic and this needs to be fixed.
ERROR: When reparsing /home/deby/poky/meta-debian/recipes-kernel/linux-libc-headers/linux-libc-headers-base_git.bb.do_compile, the basehash value changed from 5f43d2f45f105a3412b91f19613818cfd800bc7c0a44af0826234e59ff34f097 to b9beb48d1ce33278cc6d13f12cd6b0692501f1214801bc849160197734ba7860. The metadata is not deterministic and this needs to be fixed.
ERROR: When reparsing /home/deby/poky/meta-debian/recipes-kernel/linux-libc-headers/linux-libc-headers-base_git.bb.do_install, the basehash value changed from b17616345fa94b822bc8c306d8f9419be66be67f0ca09393d78629c0fe85652e to 658e738abed6141fcf688a188a4e735313ed34a9af4622d4bdafafd96b17bace. The metadata is not deterministic and this needs to be fixed.
ERROR: When reparsing /home/deby/poky/meta-debian/recipes-kernel/linux-libc-headers/linux-libc-headers-base_git.bb.do_build, the basehash value changed from 2ea9bdbdca1dc27fe8fdad4c413136464d983bc8c3dbbce06924157ce076bf23 to 430edf70ba83d5a7815da2cea75c4fbc236c31b46c836b9825700c1370014c76. The metadata is not deterministic and this needs to be fixed.
ERROR: When reparsing /home/deby/poky/meta-debian/recipes-kernel/linux-libc-headers/linux-libc-headers-base_git.bb.do_package_qa, the basehash value changed from 88f06a9ca4cd4deeaaf71c99998e11339d31dc9291042179992ff323af02f3fe to 579e854010c82e915ec49fd421acf76e320eae951a2a8334ce729c4149e6a963. The metadata is not deterministic and this needs to be fixed.
ERROR: When reparsing /home/deby/poky/meta-debian/recipes-kernel/linux-libc-headers/linux-libc-headers-base_git.bb.do_package, the basehash value changed from a0b50fb48279d82802936ea6dbe64e1cff9f0932b6ab365a8f365c6133b0fca8 to c3b1839d183fc03866b78aacc3be97142343626f846a2798343d1b68ee0f8c5a. The metadata is not deterministic and this needs to be fixed.
ERROR: When reparsing /home/deby/poky/meta-debian/recipes-kernel/linux-libc-headers/linux-libc-headers-base_git.bb.do_packagedata, the basehash value changed from 6f799faa6ad9da988d1aae3037b97354898bc86d73413603595be22c9acdb1ec to f8b9a36b7532687e6b67a7d19230ffa74f9cdb0ada41c9b01c0049c583207b50. The metadata is not deterministic and this needs to be fixed.
ERROR: When reparsing /home/deby/poky/meta-debian/recipes-kernel/linux-libc-headers/linux-libc-headers-base_git.bb.do_package_write_deb, the basehash value changed from ec4dc783b937289b2776cd9f77ec436cd12498b3f5ac8992b279404031c4c9c7 to e47f75ec4f7d7e5c9dd56f1c82ac6432950117a0536045ab81f4d2553284cf70. The metadata is not deterministic and this needs to be fixed.
ERROR: When reparsing /home/deby/poky/meta-debian/recipes-kernel/linux-libc-headers/linux-libc-headers-base_git.bb.do_populate_lic, the basehash value changed from d1bf270d888709d5e6cf340bac87b4086ef3ae82184a5e77a07cbde1e6b8831a to ec26958b683838594d0abe3cc5697cb50425284c3aa3b4c52c4128df3cfbd967. The metadata is not deterministic and this needs to be fixed.
ERROR: When reparsing /home/deby/poky/meta-debian/recipes-kernel/linux-libc-headers/linux-libc-headers-base_git.bb.do_patch, the basehash value changed from 794aba43c93b827ab8dad47165be6be0d8f92f251bd262635c22313e23128daa to ad76c34176c05413e9fb00995196d5015fc81c93587134874abe5c331acef982. The metadata is not deterministic and this needs to be fixed.
ERROR: When reparsing /home/deby/poky/meta-debian/recipes-kernel/linux-libc-headers/linux-libc-headers-base_git.bb.do_populate_sysroot, the basehash value changed from 3517ded0ce416d8ec8c9b5cbff6333d9a92651169ff57b5bb8ccfaeddd5f957d to 37aa03acfa8e97d82834240ab8ba025620d713e2c3cb007215e670a2702a7f2b. The metadata is not deterministic and this needs to be fixed.
ERROR: When reparsing /home/deby/poky/meta-debian/recipes-kernel/linux-libc-headers/linux-libc-headers-base_git.bb.do_fetch, the basehash value changed from a4fd11444c76ed326f49668786aa987e7d774f06a71e028bc7011f35fb84ad26 to 04254ba38565a6334c4502191a34b42d2bf8c8142732f112bb524411a0705f4f. The metadata is not deterministic and this needs to be fixed.
ERROR: When reparsing /home/deby/poky/meta-debian/recipes-kernel/linux-libc-headers/linux-libc-headers-base_git.bb.do_configure, the basehash value changed from 7501baab21d7ed4d2b68b8bfa69e07c3cfd88a0af5da297b87703b3876c13263 to 6c592f381152d30968647e5b29ff5cd46c54037e2a2294869a755a8173737f39. The metadata is not deterministic and this needs to be fixed.
ERROR: When reparsing /home/deby/poky/meta-debian/recipes-kernel/linux-libc-headers/linux-libc-headers-base_git.bb.do_compile, the basehash value changed from 5f43d2f45f105a3412b91f19613818cfd800bc7c0a44af0826234e59ff34f097 to b9beb48d1ce33278cc6d13f12cd6b0692501f1214801bc849160197734ba7860. The metadata is not deterministic and this needs to be fixed.
ERROR: When reparsing /home/deby/poky/meta-debian/recipes-kernel/linux-libc-headers/linux-libc-headers-base_git.bb.do_install, the basehash value changed from b17616345fa94b822bc8c306d8f9419be66be67f0ca09393d78629c0fe85652e to 658e738abed6141fcf688a188a4e735313ed34a9af4622d4bdafafd96b17bace. The metadata is not deterministic and this needs to be fixed.
ERROR: When reparsing /home/deby/poky/meta-debian/recipes-kernel/linux-libc-headers/linux-libc-headers-base_git.bb.do_build, the basehash value changed from 2ea9bdbdca1dc27fe8fdad4c413136464d983bc8c3dbbce06924157ce076bf23 to 430edf70ba83d5a7815da2cea75c4fbc236c31b46c836b9825700c1370014c76. The metadata is not deterministic and this needs to be fixed.
ERROR: When reparsing /home/deby/poky/meta-debian/recipes-kernel/linux-libc-headers/linux-libc-headers-base_git.bb.do_package_qa, the basehash value changed from 88f06a9ca4cd4deeaaf71c99998e11339d31dc9291042179992ff323af02f3fe to 579e854010c82e915ec49fd421acf76e320eae951a2a8334ce729c4149e6a963. The metadata is not deterministic and this needs to be fixed.
ERROR: When reparsing /home/deby/poky/meta-debian/recipes-kernel/linux-libc-headers/linux-libc-headers-base_git.bb.do_package, the basehash value changed from a0b50fb48279d82802936ea6dbe64e1cff9f0932b6ab365a8f365c6133b0fca8 to c3b1839d183fc03866b78aacc3be97142343626f846a2798343d1b68ee0f8c5a. The metadata is not deterministic and this needs to be fixed.
ERROR: When reparsing /home/deby/poky/meta-debian/recipes-kernel/linux-libc-headers/linux-libc-headers-base_git.bb.do_packagedata, the basehash value changed from 6f799faa6ad9da988d1aae3037b97354898bc86d73413603595be22c9acdb1ec to f8b9a36b7532687e6b67a7d19230ffa74f9cdb0ada41c9b01c0049c583207b50. The metadata is not deterministic and this needs to be fixed.
ERROR: When reparsing /home/deby/poky/meta-debian/recipes-kernel/linux-libc-headers/linux-libc-headers-base_git.bb.do_package_write_deb, the basehash value changed from ec4dc783b937289b2776cd9f77ec436cd12498b3f5ac8992b279404031c4c9c7 to e47f75ec4f7d7e5c9dd56f1c82ac6432950117a0536045ab81f4d2553284cf70. The metadata is not deterministic and this needs to be fixed.
ERROR: When reparsing /home/deby/poky/meta-debian/recipes-kernel/linux-libc-headers/linux-libc-headers-base_git.bb.do_populate_lic, the basehash value changed from d1bf270d888709d5e6cf340bac87b4086ef3ae82184a5e77a07cbde1e6b8831a to ec26958b683838594d0abe3cc5697cb50425284c3aa3b4c52c4128df3cfbd967. The metadata is not deterministic and this needs to be fixed.
NOTE: recipe linux-libc-headers-base-gitAUTOINC+2951eded01-r0: task do_populate_sysroot: Started
NOTE: recipe linux-libc-headers-base-gitAUTOINC+2951eded01-r0: task do_package: Started
ERROR: linux-libc-headers-base-gitAUTOINC+2951eded01-r0 do_populate_sysroot: Taskhash mismatch 10b50d397e274c3078bced3840ad2196260b5712a375e95b7f5dc4164c330d22 versus d478e7903fceb0eb47f38eed4aa794f75c5f60b08b7a683d331d201dd14bfd75 for /home/deby/poky/meta-debian/recipes-kernel/linux-libc-headers/linux-libc-headers-base_git.bb.do_populate_sysroot
NOTE: recipe linux-libc-headers-base-gitAUTOINC+2951eded01-r0: task do_populate_sysroot: Succeeded
ERROR: Taskhash mismatch 10b50d397e274c3078bced3840ad2196260b5712a375e95b7f5dc4164c330d22 versus d478e7903fceb0eb47f38eed4aa794f75c5f60b08b7a683d331d201dd14bfd75 for /home/deby/poky/meta-debian/recipes-kernel/linux-libc-headers/linux-libc-headers-base_git.bb.do_populate_sysroot
ERROR: linux-libc-headers-base-gitAUTOINC+2951eded01-r0 do_package: Taskhash mismatch 641eab48f65596cd550c57daeec0e3698f3dec8b2f7e0e60817b2f71d36e4bfd versus 4c5a690b8327ccd7cf85f2467f932650e0d55e2651c050abe6503efd61a9e56f for /home/deby/poky/meta-debian/recipes-kernel/linux-libc-headers/linux-libc-headers-base_git.bb.do_package
NOTE: recipe linux-libc-headers-base-gitAUTOINC+2951eded01-r0: task do_package: Succeeded
ERROR: Taskhash mismatch 641eab48f65596cd550c57daeec0e3698f3dec8b2f7e0e60817b2f71d36e4bfd versus 4c5a690b8327ccd7cf85f2467f932650e0d55e2651c050abe6503efd61a9e56f for /home/deby/poky/meta-debian/recipes-kernel/linux-libc-headers/linux-libc-headers-base_git.bb.do_package
NOTE: Running task 409 of 412 (/home/deby/poky/meta-debian/recipes-kernel/linux-libc-headers/linux-libc-headers-base_git.bb:do_packagedata)
ERROR: When reparsing /home/deby/poky/meta-debian/recipes-kernel/linux-libc-headers/linux-libc-headers-base_git.bb.do_patch, the basehash value changed from 794aba43c93b827ab8dad47165be6be0d8f92f251bd262635c22313e23128daa to ad76c34176c05413e9fb00995196d5015fc81c93587134874abe5c331acef982. The metadata is not deterministic and this needs to be fixed.
ERROR: When reparsing /home/deby/poky/meta-debian/recipes-kernel/linux-libc-headers/linux-libc-headers-base_git.bb.do_populate_sysroot, the basehash value changed from 3517ded0ce416d8ec8c9b5cbff6333d9a92651169ff57b5bb8ccfaeddd5f957d to 37aa03acfa8e97d82834240ab8ba025620d713e2c3cb007215e670a2702a7f2b. The metadata is not deterministic and this needs to be fixed.
ERROR: When reparsing /home/deby/poky/meta-debian/recipes-kernel/linux-libc-headers/linux-libc-headers-base_git.bb.do_fetch, the basehash value changed from a4fd11444c76ed326f49668786aa987e7d774f06a71e028bc7011f35fb84ad26 to 04254ba38565a6334c4502191a34b42d2bf8c8142732f112bb524411a0705f4f. The metadata is not deterministic and this needs to be fixed.
ERROR: When reparsing /home/deby/poky/meta-debian/recipes-kernel/linux-libc-headers/linux-libc-headers-base_git.bb.do_configure, the basehash value changed from 7501baab21d7ed4d2b68b8bfa69e07c3cfd88a0af5da297b87703b3876c13263 to 6c592f381152d30968647e5b29ff5cd46c54037e2a2294869a755a8173737f39. The metadata is not deterministic and this needs to be fixed.
ERROR: When reparsing /home/deby/poky/meta-debian/recipes-kernel/linux-libc-headers/linux-libc-headers-base_git.bb.do_compile, the basehash value changed from 5f43d2f45f105a3412b91f19613818cfd800bc7c0a44af0826234e59ff34f097 to b9beb48d1ce33278cc6d13f12cd6b0692501f1214801bc849160197734ba7860. The metadata is not deterministic and this needs to be fixed.
ERROR: When reparsing /home/deby/poky/meta-debian/recipes-kernel/linux-libc-headers/linux-libc-headers-base_git.bb.do_install, the basehash value changed from b17616345fa94b822bc8c306d8f9419be66be67f0ca09393d78629c0fe85652e to 658e738abed6141fcf688a188a4e735313ed34a9af4622d4bdafafd96b17bace. The metadata is not deterministic and this needs to be fixed.
ERROR: When reparsing /home/deby/poky/meta-debian/recipes-kernel/linux-libc-headers/linux-libc-headers-base_git.bb.do_build, the basehash value changed from 2ea9bdbdca1dc27fe8fdad4c413136464d983bc8c3dbbce06924157ce076bf23 to 430edf70ba83d5a7815da2cea75c4fbc236c31b46c836b9825700c1370014c76. The metadata is not deterministic and this needs to be fixed.
ERROR: When reparsing /home/deby/poky/meta-debian/recipes-kernel/linux-libc-headers/linux-libc-headers-base_git.bb.do_package_qa, the basehash value changed from 88f06a9ca4cd4deeaaf71c99998e11339d31dc9291042179992ff323af02f3fe to 579e854010c82e915ec49fd421acf76e320eae951a2a8334ce729c4149e6a963. The metadata is not deterministic and this needs to be fixed.
ERROR: When reparsing /home/deby/poky/meta-debian/recipes-kernel/linux-libc-headers/linux-libc-headers-base_git.bb.do_package, the basehash value changed from a0b50fb48279d82802936ea6dbe64e1cff9f0932b6ab365a8f365c6133b0fca8 to c3b1839d183fc03866b78aacc3be97142343626f846a2798343d1b68ee0f8c5a. The metadata is not deterministic and this needs to be fixed.
ERROR: When reparsing /home/deby/poky/meta-debian/recipes-kernel/linux-libc-headers/linux-libc-headers-base_git.bb.do_packagedata, the basehash value changed from 6f799faa6ad9da988d1aae3037b97354898bc86d73413603595be22c9acdb1ec to f8b9a36b7532687e6b67a7d19230ffa74f9cdb0ada41c9b01c0049c583207b50. The metadata is not deterministic and this needs to be fixed.
ERROR: When reparsing /home/deby/poky/meta-debian/recipes-kernel/linux-libc-headers/linux-libc-headers-base_git.bb.do_package_write_deb, the basehash value changed from ec4dc783b937289b2776cd9f77ec436cd12498b3f5ac8992b279404031c4c9c7 to e47f75ec4f7d7e5c9dd56f1c82ac6432950117a0536045ab81f4d2553284cf70. The metadata is not deterministic and this needs to be fixed.
ERROR: When reparsing /home/deby/poky/meta-debian/recipes-kernel/linux-libc-headers/linux-libc-headers-base_git.bb.do_populate_lic, the basehash value changed from d1bf270d888709d5e6cf340bac87b4086ef3ae82184a5e77a07cbde1e6b8831a to ec26958b683838594d0abe3cc5697cb50425284c3aa3b4c52c4128df3cfbd967. The metadata is not deterministic and this needs to be fixed.
NOTE: recipe linux-libc-headers-base-gitAUTOINC+2951eded01-r0: task do_packagedata: Started
ERROR: linux-libc-headers-base-gitAUTOINC+2951eded01-r0 do_packagedata: Taskhash mismatch 0bbf86b4978ab24beb71d709ea186975eb4cfd65c9d056417f41b47ee700d586 versus 34c1d978ab277a8bc367bc271ca796b8f96710c52f76f2f842de828fa849c471 for /home/deby/poky/meta-debian/recipes-kernel/linux-libc-headers/linux-libc-headers-base_git.bb.do_packagedata
NOTE: recipe linux-libc-headers-base-gitAUTOINC+2951eded01-r0: task do_packagedata: Succeeded
ERROR: Taskhash mismatch 0bbf86b4978ab24beb71d709ea186975eb4cfd65c9d056417f41b47ee700d586 versus 34c1d978ab277a8bc367bc271ca796b8f96710c52f76f2f842de828fa849c471 for /home/deby/poky/meta-debian/recipes-kernel/linux-libc-headers/linux-libc-headers-base_git.bb.do_packagedata
NOTE: Running task 410 of 412 (/home/deby/poky/meta-debian/recipes-kernel/linux-libc-headers/linux-libc-headers-base_git.bb:do_package_write_deb)
NOTE: Running task 411 of 412 (/home/deby/poky/meta-debian/recipes-kernel/linux-libc-headers/linux-libc-headers-base_git.bb:do_package_qa)
ERROR: When reparsing /home/deby/poky/meta-debian/recipes-kernel/linux-libc-headers/linux-libc-headers-base_git.bb.do_patch, the basehash value changed from 794aba43c93b827ab8dad47165be6be0d8f92f251bd262635c22313e23128daa to ad76c34176c05413e9fb00995196d5015fc81c93587134874abe5c331acef982. The metadata is not deterministic and this needs to be fixed.
ERROR: When reparsing /home/deby/poky/meta-debian/recipes-kernel/linux-libc-headers/linux-libc-headers-base_git.bb.do_populate_sysroot, the basehash value changed from 3517ded0ce416d8ec8c9b5cbff6333d9a92651169ff57b5bb8ccfaeddd5f957d to 37aa03acfa8e97d82834240ab8ba025620d713e2c3cb007215e670a2702a7f2b. The metadata is not deterministic and this needs to be fixed.
ERROR: When reparsing /home/deby/poky/meta-debian/recipes-kernel/linux-libc-headers/linux-libc-headers-base_git.bb.do_fetch, the basehash value changed from a4fd11444c76ed326f49668786aa987e7d774f06a71e028bc7011f35fb84ad26 to 04254ba38565a6334c4502191a34b42d2bf8c8142732f112bb524411a0705f4f. The metadata is not deterministic and this needs to be fixed.
ERROR: When reparsing /home/deby/poky/meta-debian/recipes-kernel/linux-libc-headers/linux-libc-headers-base_git.bb.do_configure, the basehash value changed from 7501baab21d7ed4d2b68b8bfa69e07c3cfd88a0af5da297b87703b3876c13263 to 6c592f381152d30968647e5b29ff5cd46c54037e2a2294869a755a8173737f39. The metadata is not deterministic and this needs to be fixed.
ERROR: When reparsing /home/deby/poky/meta-debian/recipes-kernel/linux-libc-headers/linux-libc-headers-base_git.bb.do_compile, the basehash value changed from 5f43d2f45f105a3412b91f19613818cfd800bc7c0a44af0826234e59ff34f097 to b9beb48d1ce33278cc6d13f12cd6b0692501f1214801bc849160197734ba7860. The metadata is not deterministic and this needs to be fixed.
ERROR: When reparsing /home/deby/poky/meta-debian/recipes-kernel/linux-libc-headers/linux-libc-headers-base_git.bb.do_install, the basehash value changed from b17616345fa94b822bc8c306d8f9419be66be67f0ca09393d78629c0fe85652e to 658e738abed6141fcf688a188a4e735313ed34a9af4622d4bdafafd96b17bace. The metadata is not deterministic and this needs to be fixed.
ERROR: When reparsing /home/deby/poky/meta-debian/recipes-kernel/linux-libc-headers/linux-libc-headers-base_git.bb.do_build, the basehash value changed from 2ea9bdbdca1dc27fe8fdad4c413136464d983bc8c3dbbce06924157ce076bf23 to 430edf70ba83d5a7815da2cea75c4fbc236c31b46c836b9825700c1370014c76. The metadata is not deterministic and this needs to be fixed.
ERROR: When reparsing /home/deby/poky/meta-debian/recipes-kernel/linux-libc-headers/linux-libc-headers-base_git.bb.do_package_qa, the basehash value changed from 88f06a9ca4cd4deeaaf71c99998e11339d31dc9291042179992ff323af02f3fe to 579e854010c82e915ec49fd421acf76e320eae951a2a8334ce729c4149e6a963. The metadata is not deterministic and this needs to be fixed.
ERROR: When reparsing /home/deby/poky/meta-debian/recipes-kernel/linux-libc-headers/linux-libc-headers-base_git.bb.do_package, the basehash value changed from a0b50fb48279d82802936ea6dbe64e1cff9f0932b6ab365a8f365c6133b0fca8 to c3b1839d183fc03866b78aacc3be97142343626f846a2798343d1b68ee0f8c5a. The metadata is not deterministic and this needs to be fixed.
ERROR: When reparsing /home/deby/poky/meta-debian/recipes-kernel/linux-libc-headers/linux-libc-headers-base_git.bb.do_packagedata, the basehash value changed from 6f799faa6ad9da988d1aae3037b97354898bc86d73413603595be22c9acdb1ec to f8b9a36b7532687e6b67a7d19230ffa74f9cdb0ada41c9b01c0049c583207b50. The metadata is not deterministic and this needs to be fixed.
ERROR: When reparsing /home/deby/poky/meta-debian/recipes-kernel/linux-libc-headers/linux-libc-headers-base_git.bb.do_package_write_deb, the basehash value changed from ec4dc783b937289b2776cd9f77ec436cd12498b3f5ac8992b279404031c4c9c7 to e47f75ec4f7d7e5c9dd56f1c82ac6432950117a0536045ab81f4d2553284cf70. The metadata is not deterministic and this needs to be fixed.
ERROR: When reparsing /home/deby/poky/meta-debian/recipes-kernel/linux-libc-headers/linux-libc-headers-base_git.bb.do_populate_lic, the basehash value changed from d1bf270d888709d5e6cf340bac87b4086ef3ae82184a5e77a07cbde1e6b8831a to ec26958b683838594d0abe3cc5697cb50425284c3aa3b4c52c4128df3cfbd967. The metadata is not deterministic and this needs to be fixed.
ERROR: When reparsing /home/deby/poky/meta-debian/recipes-kernel/linux-libc-headers/linux-libc-headers-base_git.bb.do_patch, the basehash value changed from 794aba43c93b827ab8dad47165be6be0d8f92f251bd262635c22313e23128daa to ad76c34176c05413e9fb00995196d5015fc81c93587134874abe5c331acef982. The metadata is not deterministic and this needs to be fixed.
ERROR: When reparsing /home/deby/poky/meta-debian/recipes-kernel/linux-libc-headers/linux-libc-headers-base_git.bb.do_populate_sysroot, the basehash value changed from 3517ded0ce416d8ec8c9b5cbff6333d9a92651169ff57b5bb8ccfaeddd5f957d to 37aa03acfa8e97d82834240ab8ba025620d713e2c3cb007215e670a2702a7f2b. The metadata is not deterministic and this needs to be fixed.
ERROR: When reparsing /home/deby/poky/meta-debian/recipes-kernel/linux-libc-headers/linux-libc-headers-base_git.bb.do_fetch, the basehash value changed from a4fd11444c76ed326f49668786aa987e7d774f06a71e028bc7011f35fb84ad26 to 04254ba38565a6334c4502191a34b42d2bf8c8142732f112bb524411a0705f4f. The metadata is not deterministic and this needs to be fixed.
ERROR: When reparsing /home/deby/poky/meta-debian/recipes-kernel/linux-libc-headers/linux-libc-headers-base_git.bb.do_configure, the basehash value changed from 7501baab21d7ed4d2b68b8bfa69e07c3cfd88a0af5da297b87703b3876c13263 to 6c592f381152d30968647e5b29ff5cd46c54037e2a2294869a755a8173737f39. The metadata is not deterministic and this needs to be fixed.
ERROR: When reparsing /home/deby/poky/meta-debian/recipes-kernel/linux-libc-headers/linux-libc-headers-base_git.bb.do_compile, the basehash value changed from 5f43d2f45f105a3412b91f19613818cfd800bc7c0a44af0826234e59ff34f097 to b9beb48d1ce33278cc6d13f12cd6b0692501f1214801bc849160197734ba7860. The metadata is not deterministic and this needs to be fixed.
ERROR: When reparsing /home/deby/poky/meta-debian/recipes-kernel/linux-libc-headers/linux-libc-headers-base_git.bb.do_install, the basehash value changed from b17616345fa94b822bc8c306d8f9419be66be67f0ca09393d78629c0fe85652e to 658e738abed6141fcf688a188a4e735313ed34a9af4622d4bdafafd96b17bace. The metadata is not deterministic and this needs to be fixed.
ERROR: When reparsing /home/deby/poky/meta-debian/recipes-kernel/linux-libc-headers/linux-libc-headers-base_git.bb.do_build, the basehash value changed from 2ea9bdbdca1dc27fe8fdad4c413136464d983bc8c3dbbce06924157ce076bf23 to 430edf70ba83d5a7815da2cea75c4fbc236c31b46c836b9825700c1370014c76. The metadata is not deterministic and this needs to be fixed.
ERROR: When reparsing /home/deby/poky/meta-debian/recipes-kernel/linux-libc-headers/linux-libc-headers-base_git.bb.do_package_qa, the basehash value changed from 88f06a9ca4cd4deeaaf71c99998e11339d31dc9291042179992ff323af02f3fe to 579e854010c82e915ec49fd421acf76e320eae951a2a8334ce729c4149e6a963. The metadata is not deterministic and this needs to be fixed.
ERROR: When reparsing /home/deby/poky/meta-debian/recipes-kernel/linux-libc-headers/linux-libc-headers-base_git.bb.do_package, the basehash value changed from a0b50fb48279d82802936ea6dbe64e1cff9f0932b6ab365a8f365c6133b0fca8 to c3b1839d183fc03866b78aacc3be97142343626f846a2798343d1b68ee0f8c5a. The metadata is not deterministic and this needs to be fixed.
ERROR: When reparsing /home/deby/poky/meta-debian/recipes-kernel/linux-libc-headers/linux-libc-headers-base_git.bb.do_packagedata, the basehash value changed from 6f799faa6ad9da988d1aae3037b97354898bc86d73413603595be22c9acdb1ec to f8b9a36b7532687e6b67a7d19230ffa74f9cdb0ada41c9b01c0049c583207b50. The metadata is not deterministic and this needs to be fixed.
ERROR: When reparsing /home/deby/poky/meta-debian/recipes-kernel/linux-libc-headers/linux-libc-headers-base_git.bb.do_package_write_deb, the basehash value changed from ec4dc783b937289b2776cd9f77ec436cd12498b3f5ac8992b279404031c4c9c7 to e47f75ec4f7d7e5c9dd56f1c82ac6432950117a0536045ab81f4d2553284cf70. The metadata is not deterministic and this needs to be fixed.
ERROR: When reparsing /home/deby/poky/meta-debian/recipes-kernel/linux-libc-headers/linux-libc-headers-base_git.bb.do_populate_lic, the basehash value changed from d1bf270d888709d5e6cf340bac87b4086ef3ae82184a5e77a07cbde1e6b8831a to ec26958b683838594d0abe3cc5697cb50425284c3aa3b4c52c4128df3cfbd967. The metadata is not deterministic and this needs to be fixed.
NOTE: recipe linux-libc-headers-base-gitAUTOINC+2951eded01-r0: task do_package_qa: Started
NOTE: recipe linux-libc-headers-base-gitAUTOINC+2951eded01-r0: task do_package_write_deb: Started
ERROR: linux-libc-headers-base-gitAUTOINC+2951eded01-r0 do_package_qa: Taskhash mismatch 5a5b251fe4feede2a8e55c84da2f3b94dda0596081f88a45fdd3f9b4d32f4e02 versus 0b51e7850c464c1cdebd67b05d3720f210cf97c926b583e75ee33042d3f5cab9 for /home/deby/poky/meta-debian/recipes-kernel/linux-libc-headers/linux-libc-headers-base_git.bb.do_package_qa
NOTE: recipe linux-libc-headers-base-gitAUTOINC+2951eded01-r0: task do_package_qa: Succeeded
ERROR: Taskhash mismatch 5a5b251fe4feede2a8e55c84da2f3b94dda0596081f88a45fdd3f9b4d32f4e02 versus 0b51e7850c464c1cdebd67b05d3720f210cf97c926b583e75ee33042d3f5cab9 for /home/deby/poky/meta-debian/recipes-kernel/linux-libc-headers/linux-libc-headers-base_git.bb.do_package_qa
ERROR: linux-libc-headers-base-gitAUTOINC+2951eded01-r0 do_package_write_deb: Taskhash mismatch 5662c9dc141aae2d60a88ce440827be925859f79b48ccb013967907a8022c684 versus 51f6c907f8224a2d51c3282a5ae5695c1f6e4cedbdb8390d51bd2475a8bee6f1 for /home/deby/poky/meta-debian/recipes-kernel/linux-libc-headers/linux-libc-headers-base_git.bb.do_package_write_deb
NOTE: recipe linux-libc-headers-base-gitAUTOINC+2951eded01-r0: task do_package_write_deb: Succeeded
ERROR: Taskhash mismatch 5662c9dc141aae2d60a88ce440827be925859f79b48ccb013967907a8022c684 versus 51f6c907f8224a2d51c3282a5ae5695c1f6e4cedbdb8390d51bd2475a8bee6f1 for /home/deby/poky/meta-debian/recipes-kernel/linux-libc-headers/linux-libc-headers-base_git.bb.do_package_write_deb
NOTE: Running noexec task 412 of 412 (/home/deby/poky/meta-debian/recipes-kernel/linux-libc-headers/linux-libc-headers-base_git.bb:do_build)
NOTE: Tasks Summary: Attempted 412 tasks of which 398 didn't need to be rerun and all succeeded.

Summary: There were 2 WARNING messages shown.
Summary: There were 234 ERROR messages shown, returning a non-zero exit code.
