WARNING: Host distribution "debian" has not been validated with this version of the build system; you may possibly experience unexpected failures. It is recommended that you use a tested distribution.
Loading cache...done.
Loaded 1674 entries from dependency cache.
WARNING: No bb files matched BBFILE_PATTERN_dti '^/home/deby/poky/meta-debian/tests/../../meta-debian/bsp/meta-ti/'
NOTE: Resolving any missing task queue dependencies

Build Configuration:
BB_VERSION           = "1.42.0"
BUILD_SYS            = "x86_64-linux"
NATIVELSBSTRING      = "universal"
TARGET_SYS           = "arm-deby-linux-gnueabi"
MACHINE              = "beaglebone"
DISTRO               = "deby"
DISTRO_VERSION       = "10.0"
TUNE_FEATURES        = "arm armv7a vfp thumb neon callconvention-hard"
TARGET_FPU           = "hard"
meta                 
meta-poky            = "warrior:38d5c8ea98cfa49825c473eba8984c12edf062be"
meta-debian          = "warrior-trungdt:5ed699a32911bc2b03c53affc795b83f19c3a495"
meta-ti              = "master:de9ee6d4fcc476e1a36834a7d5383ae03a227958"
meta-ti              = "warrior-trungdt:5ed699a32911bc2b03c53affc795b83f19c3a495"

Initialising tasks...done.
Sstate summary: Wanted 602 Found 35 Missed 567 Current 626 (5% match, 53% complete)
NOTE: Executing SetScene Tasks
NOTE: Executing RunQueue Tasks
NOTE: Running task 252 of 3506 (/home/deby/poky/meta-debian/recipes-debian/binutils/binutils-crosssdk_debian.bb:do_compile)
NOTE: Running task 368 of 3506 (virtual:nativesdk:/home/deby/poky/meta-debian/recipes-debian/glibc/glibc_debian.bb:do_debian_patch)
NOTE: Running task 636 of 3506 (virtual:nativesdk:/home/deby/poky/meta-debian/recipes-kernel/linux-libc-headers/linux-libc-headers-base_git.bb:do_package)
NOTE: recipe binutils-crosssdk-x86_64-debysdk-linux-2.31.1-r0: task do_compile: Started
NOTE: recipe nativesdk-glibc-2.28-r0: task do_debian_patch: Started
ERROR: nativesdk-glibc-2.28-r0 do_debian_patch: unknown quilt patches already applied
ERROR: nativesdk-glibc-2.28-r0 do_debian_patch: Function failed: do_debian_patch (log file is located at /home/deby/build/tmp/work/x86_64-nativesdk-debysdk-linux/nativesdk-glibc/2.28-r0/temp/log.do_debian_patch.10763)
ERROR: Logfile of failure stored in: /home/deby/build/tmp/work/x86_64-nativesdk-debysdk-linux/nativesdk-glibc/2.28-r0/temp/log.do_debian_patch.10763
NOTE: recipe nativesdk-glibc-2.28-r0: task do_debian_patch: Failed
ERROR: Task (virtual:nativesdk:/home/deby/poky/meta-debian/recipes-debian/glibc/glibc_debian.bb:do_debian_patch) failed with exit code '1'
NOTE: recipe nativesdk-linux-libc-headers-base-gitAUTOINC+5b7dee96a2-r0: task do_package: Started
NOTE: recipe nativesdk-linux-libc-headers-base-gitAUTOINC+5b7dee96a2-r0: task do_package: Succeeded
NOTE: recipe binutils-crosssdk-x86_64-debysdk-linux-2.31.1-r0: task do_compile: Succeeded
NOTE: Tasks Summary: Attempted 637 tasks of which 634 didn't need to be rerun and 1 failed.

Summary: 1 task failed:
  virtual:nativesdk:/home/deby/poky/meta-debian/recipes-debian/glibc/glibc_debian.bb:do_debian_patch
Summary: There were 2 WARNING messages shown.
Summary: There were 2 ERROR messages shown, returning a non-zero exit code.
