WARNING: Host distribution "debian-10" has not been validated with this version of the build system; you may possibly experience unexpected failures. It is recommended that you use a tested distribution.
Loading cache...done.
Loaded 1674 entries from dependency cache.
WARNING: No bb files matched BBFILE_PATTERN_dti '^/home/deby/poky/meta-debian/tests/../../meta-debian/bsp/meta-ti/'
Removing 1 recipes from the armv7at2hf-neon sysroot...done.
Removing 1 recipes from the beaglebone sysroot...done.
NOTE: Resolving any missing task queue dependencies

Build Configuration:
BB_VERSION           = "1.42.0"
BUILD_SYS            = "x86_64-linux"
NATIVELSBSTRING      = "universal"
TARGET_SYS           = "arm-deby-linux-gnueabi"
MACHINE              = "beaglebone"
DISTRO               = "deby"
DISTRO_VERSION       = "10.0"
TUNE_FEATURES        = "arm armv7a vfp thumb neon callconvention-hard"
TARGET_FPU           = "hard"
meta                 
meta-poky            = "warrior:51223035e66c5b27799b15a0f8ebe75d24d3971b"
meta-debian          = "warrior-trungdt:6f8d044296c48236077a2793914bb2843ff7bfdd"
meta-ti              = "master:54f3d19b60411fd5db5d8df42974eb4038037a00"
meta-ti              = "warrior-trungdt:6f8d044296c48236077a2793914bb2843ff7bfdd"

Initialising tasks...done.
Sstate summary: Wanted 7 Found 7 Missed 0 Current 46 (100% match, 100% complete)
NOTE: Executing SetScene Tasks
NOTE: Running setscene task 47 of 53 (virtual:nativesdk:/home/deby/poky/meta-debian/recipes-kernel/linux-libc-headers/linux-libc-headers-base_git.bb:do_populate_sysroot_setscene)
NOTE: Running setscene task 48 of 53 (virtual:nativesdk:/home/deby/poky/meta-debian/recipes-kernel/linux-libc-headers/linux-libc-headers-base_git.bb:do_package_qa_setscene)
NOTE: Running setscene task 49 of 53 (virtual:nativesdk:/home/deby/poky/meta-debian/recipes-kernel/linux-libc-headers/linux-libc-headers-base_git.bb:do_package_write_deb_setscene)
NOTE: Running setscene task 50 of 53 (virtual:nativesdk:/home/deby/poky/meta-debian/recipes-kernel/linux-libc-headers/linux-libc-headers-base_git.bb:do_populate_lic_setscene)
ERROR: When reparsing virtual:nativesdk:/home/deby/poky/meta-debian/recipes-kernel/linux-libc-headers/linux-libc-headers-base_git.bb.do_patch, the basehash value changed from d94c30ef99c51ec424895f37527f06233c86c1ca782b8302e1d9180efc0827de to 6967cad02d22d60574956cb98d8a3c9c572fca4873c109944bb91d8af50a76bf. The metadata is not deterministic and this needs to be fixed.
ERROR: When reparsing virtual:nativesdk:/home/deby/poky/meta-debian/recipes-kernel/linux-libc-headers/linux-libc-headers-base_git.bb.do_populate_sysroot, the basehash value changed from 05215a8fdbb1b27c3800d5d6dd15847af4ecd052d4e1aa0f225cd4586ec0550e to 1bbf4b1966517ff51aa9f7d13f15b2cce6ad134428e7b66c2c2251b798232018. The metadata is not deterministic and this needs to be fixed.
ERROR: When reparsing virtual:nativesdk:/home/deby/poky/meta-debian/recipes-kernel/linux-libc-headers/linux-libc-headers-base_git.bb.do_fetch, the basehash value changed from e062003d8d13431a2576e6c38afd766af0587ccd7ec3895c02f2331841a15c60 to 5b3b4fe4934a69b1b8ddf39ccf01c20d438fc48655381b7698cfa116d02950fd. The metadata is not deterministic and this needs to be fixed.
ERROR: When reparsing virtual:nativesdk:/home/deby/poky/meta-debian/recipes-kernel/linux-libc-headers/linux-libc-headers-base_git.bb.do_configure, the basehash value changed from 6ac9fef4ffbd7f292acf3aa69d2f967d239caa674056ea3e21bc459393524d8b to ea06a543ffbd6a2d34b91a86a2bf7a5200f380934fd146e8437fccc5243efcb0. The metadata is not deterministic and this needs to be fixed.
ERROR: When reparsing virtual:nativesdk:/home/deby/poky/meta-debian/recipes-kernel/linux-libc-headers/linux-libc-headers-base_git.bb.do_compile, the basehash value changed from 8e49906e80daadd5cec4d8780d779d1a83183a365232cbb6ca3279858a139027 to 57f613db97be30dc11175f4707fe8110b29649b0c57a6b739f6195f7ef5b9d4d. The metadata is not deterministic and this needs to be fixed.
ERROR: When reparsing virtual:nativesdk:/home/deby/poky/meta-debian/recipes-kernel/linux-libc-headers/linux-libc-headers-base_git.bb.do_install, the basehash value changed from e83caea21ca4188d4d3128b7e1d44eb9e2e07dafb7d06e7413af33bffa5f91ea to 197cb6992af62e56a8fab88620a003cf50bf2076a0f0e9fb2fdc98cd7ca6d0a0. The metadata is not deterministic and this needs to be fixed.
ERROR: When reparsing virtual:nativesdk:/home/deby/poky/meta-debian/recipes-kernel/linux-libc-headers/linux-libc-headers-base_git.bb.do_build, the basehash value changed from b47a4c92c6a1688b7dcdb735818e2471e94b1d808156d0786feff2301e79fc0c to c2b559ba86ccef12cbce4e48dbcc4952af7ac23fa9340e1ec141beaaa57dcafe. The metadata is not deterministic and this needs to be fixed.
ERROR: When reparsing virtual:nativesdk:/home/deby/poky/meta-debian/recipes-kernel/linux-libc-headers/linux-libc-headers-base_git.bb.do_package_qa, the basehash value changed from b191e0db479761d24b03a5e65098c209088b04379f906d6ff69de250166a13d7 to 9df2ca8e7b2378445756e6c5b71d320e23397e96c1029209124c7070ebcccc2b. The metadata is not deterministic and this needs to be fixed.
ERROR: When reparsing virtual:nativesdk:/home/deby/poky/meta-debian/recipes-kernel/linux-libc-headers/linux-libc-headers-base_git.bb.do_package, the basehash value changed from 1ecfe605ac35bc5d4ea96c1763760fef54acf15b3928a8f74165421a65000e6d to a1d56c5232cc01d073e9cb5845f4d313e9fd3e5b65276121dc1a57f6c7ec4a57. The metadata is not deterministic and this needs to be fixed.
ERROR: When reparsing virtual:nativesdk:/home/deby/poky/meta-debian/recipes-kernel/linux-libc-headers/linux-libc-headers-base_git.bb.do_packagedata, the basehash value changed from 899f45256f2fb11e25221f40cad8e190e566616982b509a181790cdf4dc394da to a7f1b8d721ce0b77b8a417720a0b76b1ac67703186f1ef185abf5206d4420e29. The metadata is not deterministic and this needs to be fixed.
ERROR: When reparsing virtual:nativesdk:/home/deby/poky/meta-debian/recipes-kernel/linux-libc-headers/linux-libc-headers-base_git.bb.do_package_write_deb, the basehash value changed from 39617882624937c2b6b4daecf57c78fc2ca1733b2f268e43cc89f47977de8432 to f42e7dbc5b9b7ed16214cf6746c7179d943e7ae977b20bbd3940c5fc121764d2. The metadata is not deterministic and this needs to be fixed.
ERROR: When reparsing virtual:nativesdk:/home/deby/poky/meta-debian/recipes-kernel/linux-libc-headers/linux-libc-headers-base_git.bb.do_populate_lic, the basehash value changed from 5a8200aa659a52bbd9119a90d795c838fd48cf634689fbe665cec1224bafd6a0 to 2fa8093cdd3313e4d764494f6e9b6a1c4cd5e8ef9c6415b68e96cba6cf6b1f4c. The metadata is not deterministic and this needs to be fixed.
NOTE: recipe nativesdk-linux-libc-headers-base-gitAUTOINC+2951eded01-r0: task do_populate_sysroot_setscene: Started
ERROR: When reparsing virtual:nativesdk:/home/deby/poky/meta-debian/recipes-kernel/linux-libc-headers/linux-libc-headers-base_git.bb.do_patch, the basehash value changed from d94c30ef99c51ec424895f37527f06233c86c1ca782b8302e1d9180efc0827de to 6967cad02d22d60574956cb98d8a3c9c572fca4873c109944bb91d8af50a76bf. The metadata is not deterministic and this needs to be fixed.
ERROR: When reparsing virtual:nativesdk:/home/deby/poky/meta-debian/recipes-kernel/linux-libc-headers/linux-libc-headers-base_git.bb.do_populate_sysroot, the basehash value changed from 05215a8fdbb1b27c3800d5d6dd15847af4ecd052d4e1aa0f225cd4586ec0550e to 1bbf4b1966517ff51aa9f7d13f15b2cce6ad134428e7b66c2c2251b798232018. The metadata is not deterministic and this needs to be fixed.
ERROR: When reparsing virtual:nativesdk:/home/deby/poky/meta-debian/recipes-kernel/linux-libc-headers/linux-libc-headers-base_git.bb.do_fetch, the basehash value changed from e062003d8d13431a2576e6c38afd766af0587ccd7ec3895c02f2331841a15c60 to 5b3b4fe4934a69b1b8ddf39ccf01c20d438fc48655381b7698cfa116d02950fd. The metadata is not deterministic and this needs to be fixed.
ERROR: When reparsing virtual:nativesdk:/home/deby/poky/meta-debian/recipes-kernel/linux-libc-headers/linux-libc-headers-base_git.bb.do_configure, the basehash value changed from 6ac9fef4ffbd7f292acf3aa69d2f967d239caa674056ea3e21bc459393524d8b to ea06a543ffbd6a2d34b91a86a2bf7a5200f380934fd146e8437fccc5243efcb0. The metadata is not deterministic and this needs to be fixed.
ERROR: When reparsing virtual:nativesdk:/home/deby/poky/meta-debian/recipes-kernel/linux-libc-headers/linux-libc-headers-base_git.bb.do_compile, the basehash value changed from 8e49906e80daadd5cec4d8780d779d1a83183a365232cbb6ca3279858a139027 to 57f613db97be30dc11175f4707fe8110b29649b0c57a6b739f6195f7ef5b9d4d. The metadata is not deterministic and this needs to be fixed.
ERROR: When reparsing virtual:nativesdk:/home/deby/poky/meta-debian/recipes-kernel/linux-libc-headers/linux-libc-headers-base_git.bb.do_install, the basehash value changed from e83caea21ca4188d4d3128b7e1d44eb9e2e07dafb7d06e7413af33bffa5f91ea to 197cb6992af62e56a8fab88620a003cf50bf2076a0f0e9fb2fdc98cd7ca6d0a0. The metadata is not deterministic and this needs to be fixed.
ERROR: When reparsing virtual:nativesdk:/home/deby/poky/meta-debian/recipes-kernel/linux-libc-headers/linux-libc-headers-base_git.bb.do_build, the basehash value changed from b47a4c92c6a1688b7dcdb735818e2471e94b1d808156d0786feff2301e79fc0c to c2b559ba86ccef12cbce4e48dbcc4952af7ac23fa9340e1ec141beaaa57dcafe. The metadata is not deterministic and this needs to be fixed.
ERROR: When reparsing virtual:nativesdk:/home/deby/poky/meta-debian/recipes-kernel/linux-libc-headers/linux-libc-headers-base_git.bb.do_package_qa, the basehash value changed from b191e0db479761d24b03a5e65098c209088b04379f906d6ff69de250166a13d7 to 9df2ca8e7b2378445756e6c5b71d320e23397e96c1029209124c7070ebcccc2b. The metadata is not deterministic and this needs to be fixed.
ERROR: When reparsing virtual:nativesdk:/home/deby/poky/meta-debian/recipes-kernel/linux-libc-headers/linux-libc-headers-base_git.bb.do_package, the basehash value changed from 1ecfe605ac35bc5d4ea96c1763760fef54acf15b3928a8f74165421a65000e6d to a1d56c5232cc01d073e9cb5845f4d313e9fd3e5b65276121dc1a57f6c7ec4a57. The metadata is not deterministic and this needs to be fixed.
ERROR: When reparsing virtual:nativesdk:/home/deby/poky/meta-debian/recipes-kernel/linux-libc-headers/linux-libc-headers-base_git.bb.do_packagedata, the basehash value changed from 899f45256f2fb11e25221f40cad8e190e566616982b509a181790cdf4dc394da to a7f1b8d721ce0b77b8a417720a0b76b1ac67703186f1ef185abf5206d4420e29. The metadata is not deterministic and this needs to be fixed.
ERROR: When reparsing virtual:nativesdk:/home/deby/poky/meta-debian/recipes-kernel/linux-libc-headers/linux-libc-headers-base_git.bb.do_package_write_deb, the basehash value changed from 39617882624937c2b6b4daecf57c78fc2ca1733b2f268e43cc89f47977de8432 to f42e7dbc5b9b7ed16214cf6746c7179d943e7ae977b20bbd3940c5fc121764d2. The metadata is not deterministic and this needs to be fixed.
ERROR: When reparsing virtual:nativesdk:/home/deby/poky/meta-debian/recipes-kernel/linux-libc-headers/linux-libc-headers-base_git.bb.do_populate_lic, the basehash value changed from 5a8200aa659a52bbd9119a90d795c838fd48cf634689fbe665cec1224bafd6a0 to 2fa8093cdd3313e4d764494f6e9b6a1c4cd5e8ef9c6415b68e96cba6cf6b1f4c. The metadata is not deterministic and this needs to be fixed.
ERROR: When reparsing virtual:nativesdk:/home/deby/poky/meta-debian/recipes-kernel/linux-libc-headers/linux-libc-headers-base_git.bb.do_patch, the basehash value changed from d94c30ef99c51ec424895f37527f06233c86c1ca782b8302e1d9180efc0827de to 6967cad02d22d60574956cb98d8a3c9c572fca4873c109944bb91d8af50a76bf. The metadata is not deterministic and this needs to be fixed.
ERROR: When reparsing virtual:nativesdk:/home/deby/poky/meta-debian/recipes-kernel/linux-libc-headers/linux-libc-headers-base_git.bb.do_populate_sysroot, the basehash value changed from 05215a8fdbb1b27c3800d5d6dd15847af4ecd052d4e1aa0f225cd4586ec0550e to 1bbf4b1966517ff51aa9f7d13f15b2cce6ad134428e7b66c2c2251b798232018. The metadata is not deterministic and this needs to be fixed.
ERROR: When reparsing virtual:nativesdk:/home/deby/poky/meta-debian/recipes-kernel/linux-libc-headers/linux-libc-headers-base_git.bb.do_fetch, the basehash value changed from e062003d8d13431a2576e6c38afd766af0587ccd7ec3895c02f2331841a15c60 to 5b3b4fe4934a69b1b8ddf39ccf01c20d438fc48655381b7698cfa116d02950fd. The metadata is not deterministic and this needs to be fixed.
ERROR: When reparsing virtual:nativesdk:/home/deby/poky/meta-debian/recipes-kernel/linux-libc-headers/linux-libc-headers-base_git.bb.do_configure, the basehash value changed from 6ac9fef4ffbd7f292acf3aa69d2f967d239caa674056ea3e21bc459393524d8b to ea06a543ffbd6a2d34b91a86a2bf7a5200f380934fd146e8437fccc5243efcb0. The metadata is not deterministic and this needs to be fixed.
ERROR: When reparsing virtual:nativesdk:/home/deby/poky/meta-debian/recipes-kernel/linux-libc-headers/linux-libc-headers-base_git.bb.do_compile, the basehash value changed from 8e49906e80daadd5cec4d8780d779d1a83183a365232cbb6ca3279858a139027 to 57f613db97be30dc11175f4707fe8110b29649b0c57a6b739f6195f7ef5b9d4d. The metadata is not deterministic and this needs to be fixed.
ERROR: When reparsing virtual:nativesdk:/home/deby/poky/meta-debian/recipes-kernel/linux-libc-headers/linux-libc-headers-base_git.bb.do_install, the basehash value changed from e83caea21ca4188d4d3128b7e1d44eb9e2e07dafb7d06e7413af33bffa5f91ea to 197cb6992af62e56a8fab88620a003cf50bf2076a0f0e9fb2fdc98cd7ca6d0a0. The metadata is not deterministic and this needs to be fixed.
ERROR: When reparsing virtual:nativesdk:/home/deby/poky/meta-debian/recipes-kernel/linux-libc-headers/linux-libc-headers-base_git.bb.do_build, the basehash value changed from b47a4c92c6a1688b7dcdb735818e2471e94b1d808156d0786feff2301e79fc0c to c2b559ba86ccef12cbce4e48dbcc4952af7ac23fa9340e1ec141beaaa57dcafe. The metadata is not deterministic and this needs to be fixed.
ERROR: When reparsing virtual:nativesdk:/home/deby/poky/meta-debian/recipes-kernel/linux-libc-headers/linux-libc-headers-base_git.bb.do_package_qa, the basehash value changed from b191e0db479761d24b03a5e65098c209088b04379f906d6ff69de250166a13d7 to 9df2ca8e7b2378445756e6c5b71d320e23397e96c1029209124c7070ebcccc2b. The metadata is not deterministic and this needs to be fixed.
ERROR: When reparsing virtual:nativesdk:/home/deby/poky/meta-debian/recipes-kernel/linux-libc-headers/linux-libc-headers-base_git.bb.do_package, the basehash value changed from 1ecfe605ac35bc5d4ea96c1763760fef54acf15b3928a8f74165421a65000e6d to a1d56c5232cc01d073e9cb5845f4d313e9fd3e5b65276121dc1a57f6c7ec4a57. The metadata is not deterministic and this needs to be fixed.
ERROR: When reparsing virtual:nativesdk:/home/deby/poky/meta-debian/recipes-kernel/linux-libc-headers/linux-libc-headers-base_git.bb.do_packagedata, the basehash value changed from 899f45256f2fb11e25221f40cad8e190e566616982b509a181790cdf4dc394da to a7f1b8d721ce0b77b8a417720a0b76b1ac67703186f1ef185abf5206d4420e29. The metadata is not deterministic and this needs to be fixed.
ERROR: When reparsing virtual:nativesdk:/home/deby/poky/meta-debian/recipes-kernel/linux-libc-headers/linux-libc-headers-base_git.bb.do_package_write_deb, the basehash value changed from 39617882624937c2b6b4daecf57c78fc2ca1733b2f268e43cc89f47977de8432 to f42e7dbc5b9b7ed16214cf6746c7179d943e7ae977b20bbd3940c5fc121764d2. The metadata is not deterministic and this needs to be fixed.
ERROR: When reparsing virtual:nativesdk:/home/deby/poky/meta-debian/recipes-kernel/linux-libc-headers/linux-libc-headers-base_git.bb.do_populate_lic, the basehash value changed from 5a8200aa659a52bbd9119a90d795c838fd48cf634689fbe665cec1224bafd6a0 to 2fa8093cdd3313e4d764494f6e9b6a1c4cd5e8ef9c6415b68e96cba6cf6b1f4c. The metadata is not deterministic and this needs to be fixed.
NOTE: recipe nativesdk-linux-libc-headers-base-gitAUTOINC+2951eded01-r0: task do_populate_lic_setscene: Started
ERROR: When reparsing virtual:nativesdk:/home/deby/poky/meta-debian/recipes-kernel/linux-libc-headers/linux-libc-headers-base_git.bb.do_patch, the basehash value changed from d94c30ef99c51ec424895f37527f06233c86c1ca782b8302e1d9180efc0827de to 6967cad02d22d60574956cb98d8a3c9c572fca4873c109944bb91d8af50a76bf. The metadata is not deterministic and this needs to be fixed.
ERROR: When reparsing virtual:nativesdk:/home/deby/poky/meta-debian/recipes-kernel/linux-libc-headers/linux-libc-headers-base_git.bb.do_populate_sysroot, the basehash value changed from 05215a8fdbb1b27c3800d5d6dd15847af4ecd052d4e1aa0f225cd4586ec0550e to 1bbf4b1966517ff51aa9f7d13f15b2cce6ad134428e7b66c2c2251b798232018. The metadata is not deterministic and this needs to be fixed.
ERROR: When reparsing virtual:nativesdk:/home/deby/poky/meta-debian/recipes-kernel/linux-libc-headers/linux-libc-headers-base_git.bb.do_fetch, the basehash value changed from e062003d8d13431a2576e6c38afd766af0587ccd7ec3895c02f2331841a15c60 to 5b3b4fe4934a69b1b8ddf39ccf01c20d438fc48655381b7698cfa116d02950fd. The metadata is not deterministic and this needs to be fixed.
ERROR: When reparsing virtual:nativesdk:/home/deby/poky/meta-debian/recipes-kernel/linux-libc-headers/linux-libc-headers-base_git.bb.do_configure, the basehash value changed from 6ac9fef4ffbd7f292acf3aa69d2f967d239caa674056ea3e21bc459393524d8b to ea06a543ffbd6a2d34b91a86a2bf7a5200f380934fd146e8437fccc5243efcb0. The metadata is not deterministic and this needs to be fixed.
ERROR: When reparsing virtual:nativesdk:/home/deby/poky/meta-debian/recipes-kernel/linux-libc-headers/linux-libc-headers-base_git.bb.do_compile, the basehash value changed from 8e49906e80daadd5cec4d8780d779d1a83183a365232cbb6ca3279858a139027 to 57f613db97be30dc11175f4707fe8110b29649b0c57a6b739f6195f7ef5b9d4d. The metadata is not deterministic and this needs to be fixed.
ERROR: When reparsing virtual:nativesdk:/home/deby/poky/meta-debian/recipes-kernel/linux-libc-headers/linux-libc-headers-base_git.bb.do_install, the basehash value changed from e83caea21ca4188d4d3128b7e1d44eb9e2e07dafb7d06e7413af33bffa5f91ea to 197cb6992af62e56a8fab88620a003cf50bf2076a0f0e9fb2fdc98cd7ca6d0a0. The metadata is not deterministic and this needs to be fixed.
ERROR: When reparsing virtual:nativesdk:/home/deby/poky/meta-debian/recipes-kernel/linux-libc-headers/linux-libc-headers-base_git.bb.do_build, the basehash value changed from b47a4c92c6a1688b7dcdb735818e2471e94b1d808156d0786feff2301e79fc0c to c2b559ba86ccef12cbce4e48dbcc4952af7ac23fa9340e1ec141beaaa57dcafe. The metadata is not deterministic and this needs to be fixed.
ERROR: When reparsing virtual:nativesdk:/home/deby/poky/meta-debian/recipes-kernel/linux-libc-headers/linux-libc-headers-base_git.bb.do_package_qa, the basehash value changed from b191e0db479761d24b03a5e65098c209088b04379f906d6ff69de250166a13d7 to 9df2ca8e7b2378445756e6c5b71d320e23397e96c1029209124c7070ebcccc2b. The metadata is not deterministic and this needs to be fixed.
ERROR: When reparsing virtual:nativesdk:/home/deby/poky/meta-debian/recipes-kernel/linux-libc-headers/linux-libc-headers-base_git.bb.do_package, the basehash value changed from 1ecfe605ac35bc5d4ea96c1763760fef54acf15b3928a8f74165421a65000e6d to a1d56c5232cc01d073e9cb5845f4d313e9fd3e5b65276121dc1a57f6c7ec4a57. The metadata is not deterministic and this needs to be fixed.
ERROR: When reparsing virtual:nativesdk:/home/deby/poky/meta-debian/recipes-kernel/linux-libc-headers/linux-libc-headers-base_git.bb.do_packagedata, the basehash value changed from 899f45256f2fb11e25221f40cad8e190e566616982b509a181790cdf4dc394da to a7f1b8d721ce0b77b8a417720a0b76b1ac67703186f1ef185abf5206d4420e29. The metadata is not deterministic and this needs to be fixed.
ERROR: When reparsing virtual:nativesdk:/home/deby/poky/meta-debian/recipes-kernel/linux-libc-headers/linux-libc-headers-base_git.bb.do_package_write_deb, the basehash value changed from 39617882624937c2b6b4daecf57c78fc2ca1733b2f268e43cc89f47977de8432 to f42e7dbc5b9b7ed16214cf6746c7179d943e7ae977b20bbd3940c5fc121764d2. The metadata is not deterministic and this needs to be fixed.
ERROR: When reparsing virtual:nativesdk:/home/deby/poky/meta-debian/recipes-kernel/linux-libc-headers/linux-libc-headers-base_git.bb.do_populate_lic, the basehash value changed from 5a8200aa659a52bbd9119a90d795c838fd48cf634689fbe665cec1224bafd6a0 to 2fa8093cdd3313e4d764494f6e9b6a1c4cd5e8ef9c6415b68e96cba6cf6b1f4c. The metadata is not deterministic and this needs to be fixed.
ERROR: nativesdk-linux-libc-headers-base-gitAUTOINC+2951eded01-r0 do_populate_sysroot_setscene: No suitable staging package found
ERROR: nativesdk-linux-libc-headers-base-gitAUTOINC+2951eded01-r0 do_populate_sysroot_setscene: 
WARNING: Logfile for failed setscene task is /home/deby/build/tmp/work/x86_64-nativesdk-debysdk-linux/nativesdk-linux-libc-headers-base/gitAUTOINC+2951eded01-r0/temp/log.do_populate_sysroot_setscene.6681
NOTE: recipe nativesdk-linux-libc-headers-base-gitAUTOINC+2951eded01-r0: task do_package_qa_setscene: Started
WARNING: Setscene task (virtual:nativesdk:/home/deby/poky/meta-debian/recipes-kernel/linux-libc-headers/linux-libc-headers-base_git.bb:do_populate_sysroot_setscene) failed with exit code '1' - real task will be run instead
NOTE: recipe nativesdk-linux-libc-headers-base-gitAUTOINC+2951eded01-r0: task do_package_write_deb_setscene: Started
ERROR: nativesdk-linux-libc-headers-base-gitAUTOINC+2951eded01-r0 do_populate_lic_setscene: No suitable staging package found
ERROR: nativesdk-linux-libc-headers-base-gitAUTOINC+2951eded01-r0 do_populate_lic_setscene: 
WARNING: Logfile for failed setscene task is /home/deby/build/tmp/work/x86_64-nativesdk-debysdk-linux/nativesdk-linux-libc-headers-base/gitAUTOINC+2951eded01-r0/temp/log.do_populate_lic_setscene.6684
WARNING: Setscene task (virtual:nativesdk:/home/deby/poky/meta-debian/recipes-kernel/linux-libc-headers/linux-libc-headers-base_git.bb:do_populate_lic_setscene) failed with exit code '1' - real task will be run instead
ERROR: nativesdk-linux-libc-headers-base-gitAUTOINC+2951eded01-r0 do_package_qa_setscene: No suitable staging package found
ERROR: nativesdk-linux-libc-headers-base-gitAUTOINC+2951eded01-r0 do_package_qa_setscene: 
WARNING: Logfile for failed setscene task is /home/deby/build/tmp/work/x86_64-nativesdk-debysdk-linux/nativesdk-linux-libc-headers-base/gitAUTOINC+2951eded01-r0/temp/log.do_package_qa_setscene.6682
WARNING: Setscene task (virtual:nativesdk:/home/deby/poky/meta-debian/recipes-kernel/linux-libc-headers/linux-libc-headers-base_git.bb:do_package_qa_setscene) failed with exit code '1' - real task will be run instead
NOTE: Running setscene task 51 of 53 (/home/deby/poky/meta-debian/recipes-debian/binutils/binutils-crosssdk_debian.bb:do_populate_sysroot_setscene)
ERROR: nativesdk-linux-libc-headers-base-gitAUTOINC+2951eded01-r0 do_package_write_deb_setscene: No suitable staging package found
ERROR: nativesdk-linux-libc-headers-base-gitAUTOINC+2951eded01-r0 do_package_write_deb_setscene: 
WARNING: Logfile for failed setscene task is /home/deby/build/tmp/work/x86_64-nativesdk-debysdk-linux/nativesdk-linux-libc-headers-base/gitAUTOINC+2951eded01-r0/temp/log.do_package_write_deb_setscene.6683
WARNING: Setscene task (virtual:nativesdk:/home/deby/poky/meta-debian/recipes-kernel/linux-libc-headers/linux-libc-headers-base_git.bb:do_package_write_deb_setscene) failed with exit code '1' - real task will be run instead
NOTE: Running setscene task 52 of 53 (virtual:nativesdk:/home/deby/poky/meta-debian/recipes-kernel/linux-libc-headers/linux-libc-headers-base_git.bb:do_packagedata_setscene)
ERROR: When reparsing virtual:nativesdk:/home/deby/poky/meta-debian/recipes-kernel/linux-libc-headers/linux-libc-headers-base_git.bb.do_patch, the basehash value changed from d94c30ef99c51ec424895f37527f06233c86c1ca782b8302e1d9180efc0827de to 6967cad02d22d60574956cb98d8a3c9c572fca4873c109944bb91d8af50a76bf. The metadata is not deterministic and this needs to be fixed.
ERROR: When reparsing virtual:nativesdk:/home/deby/poky/meta-debian/recipes-kernel/linux-libc-headers/linux-libc-headers-base_git.bb.do_populate_sysroot, the basehash value changed from 05215a8fdbb1b27c3800d5d6dd15847af4ecd052d4e1aa0f225cd4586ec0550e to 1bbf4b1966517ff51aa9f7d13f15b2cce6ad134428e7b66c2c2251b798232018. The metadata is not deterministic and this needs to be fixed.
ERROR: When reparsing virtual:nativesdk:/home/deby/poky/meta-debian/recipes-kernel/linux-libc-headers/linux-libc-headers-base_git.bb.do_fetch, the basehash value changed from e062003d8d13431a2576e6c38afd766af0587ccd7ec3895c02f2331841a15c60 to 5b3b4fe4934a69b1b8ddf39ccf01c20d438fc48655381b7698cfa116d02950fd. The metadata is not deterministic and this needs to be fixed.
ERROR: When reparsing virtual:nativesdk:/home/deby/poky/meta-debian/recipes-kernel/linux-libc-headers/linux-libc-headers-base_git.bb.do_configure, the basehash value changed from 6ac9fef4ffbd7f292acf3aa69d2f967d239caa674056ea3e21bc459393524d8b to ea06a543ffbd6a2d34b91a86a2bf7a5200f380934fd146e8437fccc5243efcb0. The metadata is not deterministic and this needs to be fixed.
ERROR: When reparsing virtual:nativesdk:/home/deby/poky/meta-debian/recipes-kernel/linux-libc-headers/linux-libc-headers-base_git.bb.do_compile, the basehash value changed from 8e49906e80daadd5cec4d8780d779d1a83183a365232cbb6ca3279858a139027 to 57f613db97be30dc11175f4707fe8110b29649b0c57a6b739f6195f7ef5b9d4d. The metadata is not deterministic and this needs to be fixed.
ERROR: When reparsing virtual:nativesdk:/home/deby/poky/meta-debian/recipes-kernel/linux-libc-headers/linux-libc-headers-base_git.bb.do_install, the basehash value changed from e83caea21ca4188d4d3128b7e1d44eb9e2e07dafb7d06e7413af33bffa5f91ea to 197cb6992af62e56a8fab88620a003cf50bf2076a0f0e9fb2fdc98cd7ca6d0a0. The metadata is not deterministic and this needs to be fixed.
ERROR: When reparsing virtual:nativesdk:/home/deby/poky/meta-debian/recipes-kernel/linux-libc-headers/linux-libc-headers-base_git.bb.do_build, the basehash value changed from b47a4c92c6a1688b7dcdb735818e2471e94b1d808156d0786feff2301e79fc0c to c2b559ba86ccef12cbce4e48dbcc4952af7ac23fa9340e1ec141beaaa57dcafe. The metadata is not deterministic and this needs to be fixed.
ERROR: When reparsing virtual:nativesdk:/home/deby/poky/meta-debian/recipes-kernel/linux-libc-headers/linux-libc-headers-base_git.bb.do_package_qa, the basehash value changed from b191e0db479761d24b03a5e65098c209088b04379f906d6ff69de250166a13d7 to 9df2ca8e7b2378445756e6c5b71d320e23397e96c1029209124c7070ebcccc2b. The metadata is not deterministic and this needs to be fixed.
ERROR: When reparsing virtual:nativesdk:/home/deby/poky/meta-debian/recipes-kernel/linux-libc-headers/linux-libc-headers-base_git.bb.do_package, the basehash value changed from 1ecfe605ac35bc5d4ea96c1763760fef54acf15b3928a8f74165421a65000e6d to a1d56c5232cc01d073e9cb5845f4d313e9fd3e5b65276121dc1a57f6c7ec4a57. The metadata is not deterministic and this needs to be fixed.
ERROR: When reparsing virtual:nativesdk:/home/deby/poky/meta-debian/recipes-kernel/linux-libc-headers/linux-libc-headers-base_git.bb.do_packagedata, the basehash value changed from 899f45256f2fb11e25221f40cad8e190e566616982b509a181790cdf4dc394da to a7f1b8d721ce0b77b8a417720a0b76b1ac67703186f1ef185abf5206d4420e29. The metadata is not deterministic and this needs to be fixed.
ERROR: When reparsing virtual:nativesdk:/home/deby/poky/meta-debian/recipes-kernel/linux-libc-headers/linux-libc-headers-base_git.bb.do_package_write_deb, the basehash value changed from 39617882624937c2b6b4daecf57c78fc2ca1733b2f268e43cc89f47977de8432 to f42e7dbc5b9b7ed16214cf6746c7179d943e7ae977b20bbd3940c5fc121764d2. The metadata is not deterministic and this needs to be fixed.
ERROR: When reparsing virtual:nativesdk:/home/deby/poky/meta-debian/recipes-kernel/linux-libc-headers/linux-libc-headers-base_git.bb.do_populate_lic, the basehash value changed from 5a8200aa659a52bbd9119a90d795c838fd48cf634689fbe665cec1224bafd6a0 to 2fa8093cdd3313e4d764494f6e9b6a1c4cd5e8ef9c6415b68e96cba6cf6b1f4c. The metadata is not deterministic and this needs to be fixed.
NOTE: recipe nativesdk-linux-libc-headers-base-gitAUTOINC+2951eded01-r0: task do_packagedata_setscene: Started
ERROR: nativesdk-linux-libc-headers-base-gitAUTOINC+2951eded01-r0 do_packagedata_setscene: No suitable staging package found
ERROR: nativesdk-linux-libc-headers-base-gitAUTOINC+2951eded01-r0 do_packagedata_setscene: 
WARNING: Logfile for failed setscene task is /home/deby/build/tmp/work/x86_64-nativesdk-debysdk-linux/nativesdk-linux-libc-headers-base/gitAUTOINC+2951eded01-r0/temp/log.do_packagedata_setscene.6698
WARNING: Setscene task (virtual:nativesdk:/home/deby/poky/meta-debian/recipes-kernel/linux-libc-headers/linux-libc-headers-base_git.bb:do_packagedata_setscene) failed with exit code '1' - real task will be run instead
NOTE: Running setscene task 53 of 53 (virtual:nativesdk:/home/deby/poky/meta-debian/recipes-kernel/linux-libc-headers/linux-libc-headers-base_git.bb:do_package_setscene)
NOTE: recipe binutils-crosssdk-x86_64-debysdk-linux-2.31.1-r0: task do_populate_sysroot_setscene: Started
ERROR: When reparsing virtual:nativesdk:/home/deby/poky/meta-debian/recipes-kernel/linux-libc-headers/linux-libc-headers-base_git.bb.do_patch, the basehash value changed from d94c30ef99c51ec424895f37527f06233c86c1ca782b8302e1d9180efc0827de to 6967cad02d22d60574956cb98d8a3c9c572fca4873c109944bb91d8af50a76bf. The metadata is not deterministic and this needs to be fixed.
ERROR: When reparsing virtual:nativesdk:/home/deby/poky/meta-debian/recipes-kernel/linux-libc-headers/linux-libc-headers-base_git.bb.do_populate_sysroot, the basehash value changed from 05215a8fdbb1b27c3800d5d6dd15847af4ecd052d4e1aa0f225cd4586ec0550e to 1bbf4b1966517ff51aa9f7d13f15b2cce6ad134428e7b66c2c2251b798232018. The metadata is not deterministic and this needs to be fixed.
ERROR: When reparsing virtual:nativesdk:/home/deby/poky/meta-debian/recipes-kernel/linux-libc-headers/linux-libc-headers-base_git.bb.do_fetch, the basehash value changed from e062003d8d13431a2576e6c38afd766af0587ccd7ec3895c02f2331841a15c60 to 5b3b4fe4934a69b1b8ddf39ccf01c20d438fc48655381b7698cfa116d02950fd. The metadata is not deterministic and this needs to be fixed.
ERROR: When reparsing virtual:nativesdk:/home/deby/poky/meta-debian/recipes-kernel/linux-libc-headers/linux-libc-headers-base_git.bb.do_configure, the basehash value changed from 6ac9fef4ffbd7f292acf3aa69d2f967d239caa674056ea3e21bc459393524d8b to ea06a543ffbd6a2d34b91a86a2bf7a5200f380934fd146e8437fccc5243efcb0. The metadata is not deterministic and this needs to be fixed.
ERROR: When reparsing virtual:nativesdk:/home/deby/poky/meta-debian/recipes-kernel/linux-libc-headers/linux-libc-headers-base_git.bb.do_compile, the basehash value changed from 8e49906e80daadd5cec4d8780d779d1a83183a365232cbb6ca3279858a139027 to 57f613db97be30dc11175f4707fe8110b29649b0c57a6b739f6195f7ef5b9d4d. The metadata is not deterministic and this needs to be fixed.
ERROR: When reparsing virtual:nativesdk:/home/deby/poky/meta-debian/recipes-kernel/linux-libc-headers/linux-libc-headers-base_git.bb.do_install, the basehash value changed from e83caea21ca4188d4d3128b7e1d44eb9e2e07dafb7d06e7413af33bffa5f91ea to 197cb6992af62e56a8fab88620a003cf50bf2076a0f0e9fb2fdc98cd7ca6d0a0. The metadata is not deterministic and this needs to be fixed.
ERROR: When reparsing virtual:nativesdk:/home/deby/poky/meta-debian/recipes-kernel/linux-libc-headers/linux-libc-headers-base_git.bb.do_build, the basehash value changed from b47a4c92c6a1688b7dcdb735818e2471e94b1d808156d0786feff2301e79fc0c to c2b559ba86ccef12cbce4e48dbcc4952af7ac23fa9340e1ec141beaaa57dcafe. The metadata is not deterministic and this needs to be fixed.
ERROR: When reparsing virtual:nativesdk:/home/deby/poky/meta-debian/recipes-kernel/linux-libc-headers/linux-libc-headers-base_git.bb.do_package_qa, the basehash value changed from b191e0db479761d24b03a5e65098c209088b04379f906d6ff69de250166a13d7 to 9df2ca8e7b2378445756e6c5b71d320e23397e96c1029209124c7070ebcccc2b. The metadata is not deterministic and this needs to be fixed.
ERROR: When reparsing virtual:nativesdk:/home/deby/poky/meta-debian/recipes-kernel/linux-libc-headers/linux-libc-headers-base_git.bb.do_package, the basehash value changed from 1ecfe605ac35bc5d4ea96c1763760fef54acf15b3928a8f74165421a65000e6d to a1d56c5232cc01d073e9cb5845f4d313e9fd3e5b65276121dc1a57f6c7ec4a57. The metadata is not deterministic and this needs to be fixed.
ERROR: When reparsing virtual:nativesdk:/home/deby/poky/meta-debian/recipes-kernel/linux-libc-headers/linux-libc-headers-base_git.bb.do_packagedata, the basehash value changed from 899f45256f2fb11e25221f40cad8e190e566616982b509a181790cdf4dc394da to a7f1b8d721ce0b77b8a417720a0b76b1ac67703186f1ef185abf5206d4420e29. The metadata is not deterministic and this needs to be fixed.
ERROR: When reparsing virtual:nativesdk:/home/deby/poky/meta-debian/recipes-kernel/linux-libc-headers/linux-libc-headers-base_git.bb.do_package_write_deb, the basehash value changed from 39617882624937c2b6b4daecf57c78fc2ca1733b2f268e43cc89f47977de8432 to f42e7dbc5b9b7ed16214cf6746c7179d943e7ae977b20bbd3940c5fc121764d2. The metadata is not deterministic and this needs to be fixed.
ERROR: When reparsing virtual:nativesdk:/home/deby/poky/meta-debian/recipes-kernel/linux-libc-headers/linux-libc-headers-base_git.bb.do_populate_lic, the basehash value changed from 5a8200aa659a52bbd9119a90d795c838fd48cf634689fbe665cec1224bafd6a0 to 2fa8093cdd3313e4d764494f6e9b6a1c4cd5e8ef9c6415b68e96cba6cf6b1f4c. The metadata is not deterministic and this needs to be fixed.
NOTE: recipe nativesdk-linux-libc-headers-base-gitAUTOINC+2951eded01-r0: task do_package_setscene: Started
ERROR: nativesdk-linux-libc-headers-base-gitAUTOINC+2951eded01-r0 do_package_setscene: No suitable staging package found
ERROR: nativesdk-linux-libc-headers-base-gitAUTOINC+2951eded01-r0 do_package_setscene: 
WARNING: Logfile for failed setscene task is /home/deby/build/tmp/work/x86_64-nativesdk-debysdk-linux/nativesdk-linux-libc-headers-base/gitAUTOINC+2951eded01-r0/temp/log.do_package_setscene.6707
WARNING: Setscene task (virtual:nativesdk:/home/deby/poky/meta-debian/recipes-kernel/linux-libc-headers/linux-libc-headers-base_git.bb:do_package_setscene) failed with exit code '1' - real task will be run instead
NOTE: recipe binutils-crosssdk-x86_64-debysdk-linux-2.31.1-r0: task do_populate_sysroot_setscene: Succeeded
NOTE: Executing RunQueue Tasks
NOTE: Running task 176 of 420 (virtual:nativesdk:/home/deby/poky/meta-debian/recipes-kernel/linux-libc-headers/linux-libc-headers-base_git.bb:do_fetch)
ERROR: When reparsing virtual:nativesdk:/home/deby/poky/meta-debian/recipes-kernel/linux-libc-headers/linux-libc-headers-base_git.bb.do_patch, the basehash value changed from d94c30ef99c51ec424895f37527f06233c86c1ca782b8302e1d9180efc0827de to 6967cad02d22d60574956cb98d8a3c9c572fca4873c109944bb91d8af50a76bf. The metadata is not deterministic and this needs to be fixed.
ERROR: When reparsing virtual:nativesdk:/home/deby/poky/meta-debian/recipes-kernel/linux-libc-headers/linux-libc-headers-base_git.bb.do_populate_sysroot, the basehash value changed from 05215a8fdbb1b27c3800d5d6dd15847af4ecd052d4e1aa0f225cd4586ec0550e to 1bbf4b1966517ff51aa9f7d13f15b2cce6ad134428e7b66c2c2251b798232018. The metadata is not deterministic and this needs to be fixed.
ERROR: When reparsing virtual:nativesdk:/home/deby/poky/meta-debian/recipes-kernel/linux-libc-headers/linux-libc-headers-base_git.bb.do_fetch, the basehash value changed from e062003d8d13431a2576e6c38afd766af0587ccd7ec3895c02f2331841a15c60 to 5b3b4fe4934a69b1b8ddf39ccf01c20d438fc48655381b7698cfa116d02950fd. The metadata is not deterministic and this needs to be fixed.
ERROR: When reparsing virtual:nativesdk:/home/deby/poky/meta-debian/recipes-kernel/linux-libc-headers/linux-libc-headers-base_git.bb.do_configure, the basehash value changed from 6ac9fef4ffbd7f292acf3aa69d2f967d239caa674056ea3e21bc459393524d8b to ea06a543ffbd6a2d34b91a86a2bf7a5200f380934fd146e8437fccc5243efcb0. The metadata is not deterministic and this needs to be fixed.
ERROR: When reparsing virtual:nativesdk:/home/deby/poky/meta-debian/recipes-kernel/linux-libc-headers/linux-libc-headers-base_git.bb.do_compile, the basehash value changed from 8e49906e80daadd5cec4d8780d779d1a83183a365232cbb6ca3279858a139027 to 57f613db97be30dc11175f4707fe8110b29649b0c57a6b739f6195f7ef5b9d4d. The metadata is not deterministic and this needs to be fixed.
ERROR: When reparsing virtual:nativesdk:/home/deby/poky/meta-debian/recipes-kernel/linux-libc-headers/linux-libc-headers-base_git.bb.do_install, the basehash value changed from e83caea21ca4188d4d3128b7e1d44eb9e2e07dafb7d06e7413af33bffa5f91ea to 197cb6992af62e56a8fab88620a003cf50bf2076a0f0e9fb2fdc98cd7ca6d0a0. The metadata is not deterministic and this needs to be fixed.
ERROR: When reparsing virtual:nativesdk:/home/deby/poky/meta-debian/recipes-kernel/linux-libc-headers/linux-libc-headers-base_git.bb.do_build, the basehash value changed from b47a4c92c6a1688b7dcdb735818e2471e94b1d808156d0786feff2301e79fc0c to c2b559ba86ccef12cbce4e48dbcc4952af7ac23fa9340e1ec141beaaa57dcafe. The metadata is not deterministic and this needs to be fixed.
ERROR: When reparsing virtual:nativesdk:/home/deby/poky/meta-debian/recipes-kernel/linux-libc-headers/linux-libc-headers-base_git.bb.do_package_qa, the basehash value changed from b191e0db479761d24b03a5e65098c209088b04379f906d6ff69de250166a13d7 to 9df2ca8e7b2378445756e6c5b71d320e23397e96c1029209124c7070ebcccc2b. The metadata is not deterministic and this needs to be fixed.
ERROR: When reparsing virtual:nativesdk:/home/deby/poky/meta-debian/recipes-kernel/linux-libc-headers/linux-libc-headers-base_git.bb.do_package, the basehash value changed from 1ecfe605ac35bc5d4ea96c1763760fef54acf15b3928a8f74165421a65000e6d to a1d56c5232cc01d073e9cb5845f4d313e9fd3e5b65276121dc1a57f6c7ec4a57. The metadata is not deterministic and this needs to be fixed.
ERROR: When reparsing virtual:nativesdk:/home/deby/poky/meta-debian/recipes-kernel/linux-libc-headers/linux-libc-headers-base_git.bb.do_packagedata, the basehash value changed from 899f45256f2fb11e25221f40cad8e190e566616982b509a181790cdf4dc394da to a7f1b8d721ce0b77b8a417720a0b76b1ac67703186f1ef185abf5206d4420e29. The metadata is not deterministic and this needs to be fixed.
ERROR: When reparsing virtual:nativesdk:/home/deby/poky/meta-debian/recipes-kernel/linux-libc-headers/linux-libc-headers-base_git.bb.do_package_write_deb, the basehash value changed from 39617882624937c2b6b4daecf57c78fc2ca1733b2f268e43cc89f47977de8432 to f42e7dbc5b9b7ed16214cf6746c7179d943e7ae977b20bbd3940c5fc121764d2. The metadata is not deterministic and this needs to be fixed.
ERROR: When reparsing virtual:nativesdk:/home/deby/poky/meta-debian/recipes-kernel/linux-libc-headers/linux-libc-headers-base_git.bb.do_populate_lic, the basehash value changed from 5a8200aa659a52bbd9119a90d795c838fd48cf634689fbe665cec1224bafd6a0 to 2fa8093cdd3313e4d764494f6e9b6a1c4cd5e8ef9c6415b68e96cba6cf6b1f4c. The metadata is not deterministic and this needs to be fixed.
NOTE: recipe nativesdk-linux-libc-headers-base-gitAUTOINC+2951eded01-r0: task do_fetch: Started
ERROR: nativesdk-linux-libc-headers-base-gitAUTOINC+2951eded01-r0 do_fetch: Taskhash mismatch 440c725f307b523b129ea85ddcb70a59549eca4f79d954f561048e628e21f335 versus 43f146f9d4a5c9335de6e5a10708579f0216ab3969dd27c6de541146879245d1 for virtual:nativesdk:/home/deby/poky/meta-debian/recipes-kernel/linux-libc-headers/linux-libc-headers-base_git.bb.do_fetch
NOTE: recipe nativesdk-linux-libc-headers-base-gitAUTOINC+2951eded01-r0: task do_fetch: Succeeded
ERROR: Taskhash mismatch 440c725f307b523b129ea85ddcb70a59549eca4f79d954f561048e628e21f335 versus 43f146f9d4a5c9335de6e5a10708579f0216ab3969dd27c6de541146879245d1 for virtual:nativesdk:/home/deby/poky/meta-debian/recipes-kernel/linux-libc-headers/linux-libc-headers-base_git.bb.do_fetch
NOTE: Running task 408 of 420 (virtual:nativesdk:/home/deby/poky/meta-debian/recipes-kernel/linux-libc-headers/linux-libc-headers-base_git.bb:do_unpack)
NOTE: Running task 409 of 420 (virtual:nativesdk:/home/deby/poky/meta-debian/recipes-kernel/linux-libc-headers/linux-libc-headers-base_git.bb:do_prepare_recipe_sysroot)
ERROR: When reparsing virtual:nativesdk:/home/deby/poky/meta-debian/recipes-kernel/linux-libc-headers/linux-libc-headers-base_git.bb.do_patch, the basehash value changed from d94c30ef99c51ec424895f37527f06233c86c1ca782b8302e1d9180efc0827de to 6967cad02d22d60574956cb98d8a3c9c572fca4873c109944bb91d8af50a76bf. The metadata is not deterministic and this needs to be fixed.
ERROR: When reparsing virtual:nativesdk:/home/deby/poky/meta-debian/recipes-kernel/linux-libc-headers/linux-libc-headers-base_git.bb.do_populate_sysroot, the basehash value changed from 05215a8fdbb1b27c3800d5d6dd15847af4ecd052d4e1aa0f225cd4586ec0550e to 1bbf4b1966517ff51aa9f7d13f15b2cce6ad134428e7b66c2c2251b798232018. The metadata is not deterministic and this needs to be fixed.
ERROR: When reparsing virtual:nativesdk:/home/deby/poky/meta-debian/recipes-kernel/linux-libc-headers/linux-libc-headers-base_git.bb.do_fetch, the basehash value changed from e062003d8d13431a2576e6c38afd766af0587ccd7ec3895c02f2331841a15c60 to 5b3b4fe4934a69b1b8ddf39ccf01c20d438fc48655381b7698cfa116d02950fd. The metadata is not deterministic and this needs to be fixed.
ERROR: When reparsing virtual:nativesdk:/home/deby/poky/meta-debian/recipes-kernel/linux-libc-headers/linux-libc-headers-base_git.bb.do_configure, the basehash value changed from 6ac9fef4ffbd7f292acf3aa69d2f967d239caa674056ea3e21bc459393524d8b to ea06a543ffbd6a2d34b91a86a2bf7a5200f380934fd146e8437fccc5243efcb0. The metadata is not deterministic and this needs to be fixed.
ERROR: When reparsing virtual:nativesdk:/home/deby/poky/meta-debian/recipes-kernel/linux-libc-headers/linux-libc-headers-base_git.bb.do_compile, the basehash value changed from 8e49906e80daadd5cec4d8780d779d1a83183a365232cbb6ca3279858a139027 to 57f613db97be30dc11175f4707fe8110b29649b0c57a6b739f6195f7ef5b9d4d. The metadata is not deterministic and this needs to be fixed.
ERROR: When reparsing virtual:nativesdk:/home/deby/poky/meta-debian/recipes-kernel/linux-libc-headers/linux-libc-headers-base_git.bb.do_install, the basehash value changed from e83caea21ca4188d4d3128b7e1d44eb9e2e07dafb7d06e7413af33bffa5f91ea to 197cb6992af62e56a8fab88620a003cf50bf2076a0f0e9fb2fdc98cd7ca6d0a0. The metadata is not deterministic and this needs to be fixed.
ERROR: When reparsing virtual:nativesdk:/home/deby/poky/meta-debian/recipes-kernel/linux-libc-headers/linux-libc-headers-base_git.bb.do_build, the basehash value changed from b47a4c92c6a1688b7dcdb735818e2471e94b1d808156d0786feff2301e79fc0c to c2b559ba86ccef12cbce4e48dbcc4952af7ac23fa9340e1ec141beaaa57dcafe. The metadata is not deterministic and this needs to be fixed.
ERROR: When reparsing virtual:nativesdk:/home/deby/poky/meta-debian/recipes-kernel/linux-libc-headers/linux-libc-headers-base_git.bb.do_package_qa, the basehash value changed from b191e0db479761d24b03a5e65098c209088b04379f906d6ff69de250166a13d7 to 9df2ca8e7b2378445756e6c5b71d320e23397e96c1029209124c7070ebcccc2b. The metadata is not deterministic and this needs to be fixed.
ERROR: When reparsing virtual:nativesdk:/home/deby/poky/meta-debian/recipes-kernel/linux-libc-headers/linux-libc-headers-base_git.bb.do_package, the basehash value changed from 1ecfe605ac35bc5d4ea96c1763760fef54acf15b3928a8f74165421a65000e6d to a1d56c5232cc01d073e9cb5845f4d313e9fd3e5b65276121dc1a57f6c7ec4a57. The metadata is not deterministic and this needs to be fixed.
ERROR: When reparsing virtual:nativesdk:/home/deby/poky/meta-debian/recipes-kernel/linux-libc-headers/linux-libc-headers-base_git.bb.do_packagedata, the basehash value changed from 899f45256f2fb11e25221f40cad8e190e566616982b509a181790cdf4dc394da to a7f1b8d721ce0b77b8a417720a0b76b1ac67703186f1ef185abf5206d4420e29. The metadata is not deterministic and this needs to be fixed.
ERROR: When reparsing virtual:nativesdk:/home/deby/poky/meta-debian/recipes-kernel/linux-libc-headers/linux-libc-headers-base_git.bb.do_package_write_deb, the basehash value changed from 39617882624937c2b6b4daecf57c78fc2ca1733b2f268e43cc89f47977de8432 to f42e7dbc5b9b7ed16214cf6746c7179d943e7ae977b20bbd3940c5fc121764d2. The metadata is not deterministic and this needs to be fixed.
ERROR: When reparsing virtual:nativesdk:/home/deby/poky/meta-debian/recipes-kernel/linux-libc-headers/linux-libc-headers-base_git.bb.do_populate_lic, the basehash value changed from 5a8200aa659a52bbd9119a90d795c838fd48cf634689fbe665cec1224bafd6a0 to 2fa8093cdd3313e4d764494f6e9b6a1c4cd5e8ef9c6415b68e96cba6cf6b1f4c. The metadata is not deterministic and this needs to be fixed.
ERROR: When reparsing virtual:nativesdk:/home/deby/poky/meta-debian/recipes-kernel/linux-libc-headers/linux-libc-headers-base_git.bb.do_patch, the basehash value changed from d94c30ef99c51ec424895f37527f06233c86c1ca782b8302e1d9180efc0827de to 6967cad02d22d60574956cb98d8a3c9c572fca4873c109944bb91d8af50a76bf. The metadata is not deterministic and this needs to be fixed.
ERROR: When reparsing virtual:nativesdk:/home/deby/poky/meta-debian/recipes-kernel/linux-libc-headers/linux-libc-headers-base_git.bb.do_populate_sysroot, the basehash value changed from 05215a8fdbb1b27c3800d5d6dd15847af4ecd052d4e1aa0f225cd4586ec0550e to 1bbf4b1966517ff51aa9f7d13f15b2cce6ad134428e7b66c2c2251b798232018. The metadata is not deterministic and this needs to be fixed.
ERROR: When reparsing virtual:nativesdk:/home/deby/poky/meta-debian/recipes-kernel/linux-libc-headers/linux-libc-headers-base_git.bb.do_fetch, the basehash value changed from e062003d8d13431a2576e6c38afd766af0587ccd7ec3895c02f2331841a15c60 to 5b3b4fe4934a69b1b8ddf39ccf01c20d438fc48655381b7698cfa116d02950fd. The metadata is not deterministic and this needs to be fixed.
ERROR: When reparsing virtual:nativesdk:/home/deby/poky/meta-debian/recipes-kernel/linux-libc-headers/linux-libc-headers-base_git.bb.do_configure, the basehash value changed from 6ac9fef4ffbd7f292acf3aa69d2f967d239caa674056ea3e21bc459393524d8b to ea06a543ffbd6a2d34b91a86a2bf7a5200f380934fd146e8437fccc5243efcb0. The metadata is not deterministic and this needs to be fixed.
ERROR: When reparsing virtual:nativesdk:/home/deby/poky/meta-debian/recipes-kernel/linux-libc-headers/linux-libc-headers-base_git.bb.do_compile, the basehash value changed from 8e49906e80daadd5cec4d8780d779d1a83183a365232cbb6ca3279858a139027 to 57f613db97be30dc11175f4707fe8110b29649b0c57a6b739f6195f7ef5b9d4d. The metadata is not deterministic and this needs to be fixed.
ERROR: When reparsing virtual:nativesdk:/home/deby/poky/meta-debian/recipes-kernel/linux-libc-headers/linux-libc-headers-base_git.bb.do_install, the basehash value changed from e83caea21ca4188d4d3128b7e1d44eb9e2e07dafb7d06e7413af33bffa5f91ea to 197cb6992af62e56a8fab88620a003cf50bf2076a0f0e9fb2fdc98cd7ca6d0a0. The metadata is not deterministic and this needs to be fixed.
ERROR: When reparsing virtual:nativesdk:/home/deby/poky/meta-debian/recipes-kernel/linux-libc-headers/linux-libc-headers-base_git.bb.do_build, the basehash value changed from b47a4c92c6a1688b7dcdb735818e2471e94b1d808156d0786feff2301e79fc0c to c2b559ba86ccef12cbce4e48dbcc4952af7ac23fa9340e1ec141beaaa57dcafe. The metadata is not deterministic and this needs to be fixed.
ERROR: When reparsing virtual:nativesdk:/home/deby/poky/meta-debian/recipes-kernel/linux-libc-headers/linux-libc-headers-base_git.bb.do_package_qa, the basehash value changed from b191e0db479761d24b03a5e65098c209088b04379f906d6ff69de250166a13d7 to 9df2ca8e7b2378445756e6c5b71d320e23397e96c1029209124c7070ebcccc2b. The metadata is not deterministic and this needs to be fixed.
ERROR: When reparsing virtual:nativesdk:/home/deby/poky/meta-debian/recipes-kernel/linux-libc-headers/linux-libc-headers-base_git.bb.do_package, the basehash value changed from 1ecfe605ac35bc5d4ea96c1763760fef54acf15b3928a8f74165421a65000e6d to a1d56c5232cc01d073e9cb5845f4d313e9fd3e5b65276121dc1a57f6c7ec4a57. The metadata is not deterministic and this needs to be fixed.
ERROR: When reparsing virtual:nativesdk:/home/deby/poky/meta-debian/recipes-kernel/linux-libc-headers/linux-libc-headers-base_git.bb.do_packagedata, the basehash value changed from 899f45256f2fb11e25221f40cad8e190e566616982b509a181790cdf4dc394da to a7f1b8d721ce0b77b8a417720a0b76b1ac67703186f1ef185abf5206d4420e29. The metadata is not deterministic and this needs to be fixed.
ERROR: When reparsing virtual:nativesdk:/home/deby/poky/meta-debian/recipes-kernel/linux-libc-headers/linux-libc-headers-base_git.bb.do_package_write_deb, the basehash value changed from 39617882624937c2b6b4daecf57c78fc2ca1733b2f268e43cc89f47977de8432 to f42e7dbc5b9b7ed16214cf6746c7179d943e7ae977b20bbd3940c5fc121764d2. The metadata is not deterministic and this needs to be fixed.
ERROR: When reparsing virtual:nativesdk:/home/deby/poky/meta-debian/recipes-kernel/linux-libc-headers/linux-libc-headers-base_git.bb.do_populate_lic, the basehash value changed from 5a8200aa659a52bbd9119a90d795c838fd48cf634689fbe665cec1224bafd6a0 to 2fa8093cdd3313e4d764494f6e9b6a1c4cd5e8ef9c6415b68e96cba6cf6b1f4c. The metadata is not deterministic and this needs to be fixed.
NOTE: recipe nativesdk-linux-libc-headers-base-gitAUTOINC+2951eded01-r0: task do_unpack: Started
NOTE: recipe nativesdk-linux-libc-headers-base-gitAUTOINC+2951eded01-r0: task do_prepare_recipe_sysroot: Started
NOTE: recipe nativesdk-linux-libc-headers-base-gitAUTOINC+2951eded01-r0: task do_prepare_recipe_sysroot: Succeeded
NOTE: recipe nativesdk-linux-libc-headers-base-gitAUTOINC+2951eded01-r0: task do_unpack: Succeeded
NOTE: Running task 410 of 420 (virtual:nativesdk:/home/deby/poky/meta-debian/recipes-kernel/linux-libc-headers/linux-libc-headers-base_git.bb:do_patch)
ERROR: When reparsing virtual:nativesdk:/home/deby/poky/meta-debian/recipes-kernel/linux-libc-headers/linux-libc-headers-base_git.bb.do_patch, the basehash value changed from d94c30ef99c51ec424895f37527f06233c86c1ca782b8302e1d9180efc0827de to 6967cad02d22d60574956cb98d8a3c9c572fca4873c109944bb91d8af50a76bf. The metadata is not deterministic and this needs to be fixed.
ERROR: When reparsing virtual:nativesdk:/home/deby/poky/meta-debian/recipes-kernel/linux-libc-headers/linux-libc-headers-base_git.bb.do_populate_sysroot, the basehash value changed from 05215a8fdbb1b27c3800d5d6dd15847af4ecd052d4e1aa0f225cd4586ec0550e to 1bbf4b1966517ff51aa9f7d13f15b2cce6ad134428e7b66c2c2251b798232018. The metadata is not deterministic and this needs to be fixed.
ERROR: When reparsing virtual:nativesdk:/home/deby/poky/meta-debian/recipes-kernel/linux-libc-headers/linux-libc-headers-base_git.bb.do_fetch, the basehash value changed from e062003d8d13431a2576e6c38afd766af0587ccd7ec3895c02f2331841a15c60 to 5b3b4fe4934a69b1b8ddf39ccf01c20d438fc48655381b7698cfa116d02950fd. The metadata is not deterministic and this needs to be fixed.
ERROR: When reparsing virtual:nativesdk:/home/deby/poky/meta-debian/recipes-kernel/linux-libc-headers/linux-libc-headers-base_git.bb.do_configure, the basehash value changed from 6ac9fef4ffbd7f292acf3aa69d2f967d239caa674056ea3e21bc459393524d8b to ea06a543ffbd6a2d34b91a86a2bf7a5200f380934fd146e8437fccc5243efcb0. The metadata is not deterministic and this needs to be fixed.
ERROR: When reparsing virtual:nativesdk:/home/deby/poky/meta-debian/recipes-kernel/linux-libc-headers/linux-libc-headers-base_git.bb.do_compile, the basehash value changed from 8e49906e80daadd5cec4d8780d779d1a83183a365232cbb6ca3279858a139027 to 57f613db97be30dc11175f4707fe8110b29649b0c57a6b739f6195f7ef5b9d4d. The metadata is not deterministic and this needs to be fixed.
ERROR: When reparsing virtual:nativesdk:/home/deby/poky/meta-debian/recipes-kernel/linux-libc-headers/linux-libc-headers-base_git.bb.do_install, the basehash value changed from e83caea21ca4188d4d3128b7e1d44eb9e2e07dafb7d06e7413af33bffa5f91ea to 197cb6992af62e56a8fab88620a003cf50bf2076a0f0e9fb2fdc98cd7ca6d0a0. The metadata is not deterministic and this needs to be fixed.
ERROR: When reparsing virtual:nativesdk:/home/deby/poky/meta-debian/recipes-kernel/linux-libc-headers/linux-libc-headers-base_git.bb.do_build, the basehash value changed from b47a4c92c6a1688b7dcdb735818e2471e94b1d808156d0786feff2301e79fc0c to c2b559ba86ccef12cbce4e48dbcc4952af7ac23fa9340e1ec141beaaa57dcafe. The metadata is not deterministic and this needs to be fixed.
ERROR: When reparsing virtual:nativesdk:/home/deby/poky/meta-debian/recipes-kernel/linux-libc-headers/linux-libc-headers-base_git.bb.do_package_qa, the basehash value changed from b191e0db479761d24b03a5e65098c209088b04379f906d6ff69de250166a13d7 to 9df2ca8e7b2378445756e6c5b71d320e23397e96c1029209124c7070ebcccc2b. The metadata is not deterministic and this needs to be fixed.
ERROR: When reparsing virtual:nativesdk:/home/deby/poky/meta-debian/recipes-kernel/linux-libc-headers/linux-libc-headers-base_git.bb.do_package, the basehash value changed from 1ecfe605ac35bc5d4ea96c1763760fef54acf15b3928a8f74165421a65000e6d to a1d56c5232cc01d073e9cb5845f4d313e9fd3e5b65276121dc1a57f6c7ec4a57. The metadata is not deterministic and this needs to be fixed.
ERROR: When reparsing virtual:nativesdk:/home/deby/poky/meta-debian/recipes-kernel/linux-libc-headers/linux-libc-headers-base_git.bb.do_packagedata, the basehash value changed from 899f45256f2fb11e25221f40cad8e190e566616982b509a181790cdf4dc394da to a7f1b8d721ce0b77b8a417720a0b76b1ac67703186f1ef185abf5206d4420e29. The metadata is not deterministic and this needs to be fixed.
ERROR: When reparsing virtual:nativesdk:/home/deby/poky/meta-debian/recipes-kernel/linux-libc-headers/linux-libc-headers-base_git.bb.do_package_write_deb, the basehash value changed from 39617882624937c2b6b4daecf57c78fc2ca1733b2f268e43cc89f47977de8432 to f42e7dbc5b9b7ed16214cf6746c7179d943e7ae977b20bbd3940c5fc121764d2. The metadata is not deterministic and this needs to be fixed.
ERROR: When reparsing virtual:nativesdk:/home/deby/poky/meta-debian/recipes-kernel/linux-libc-headers/linux-libc-headers-base_git.bb.do_populate_lic, the basehash value changed from 5a8200aa659a52bbd9119a90d795c838fd48cf634689fbe665cec1224bafd6a0 to 2fa8093cdd3313e4d764494f6e9b6a1c4cd5e8ef9c6415b68e96cba6cf6b1f4c. The metadata is not deterministic and this needs to be fixed.
NOTE: recipe nativesdk-linux-libc-headers-base-gitAUTOINC+2951eded01-r0: task do_patch: Started
ERROR: nativesdk-linux-libc-headers-base-gitAUTOINC+2951eded01-r0 do_patch: Taskhash mismatch f1ab0bbfde08a55412e4396abdf3a129d39e911c8a33cffa04f6efb8d730475a versus 40458204320fc52ae0918df3219efa403e7851cdd493e9ac6bf41ac002ca51f7 for virtual:nativesdk:/home/deby/poky/meta-debian/recipes-kernel/linux-libc-headers/linux-libc-headers-base_git.bb.do_patch
NOTE: recipe nativesdk-linux-libc-headers-base-gitAUTOINC+2951eded01-r0: task do_patch: Succeeded
ERROR: Taskhash mismatch f1ab0bbfde08a55412e4396abdf3a129d39e911c8a33cffa04f6efb8d730475a versus 40458204320fc52ae0918df3219efa403e7851cdd493e9ac6bf41ac002ca51f7 for virtual:nativesdk:/home/deby/poky/meta-debian/recipes-kernel/linux-libc-headers/linux-libc-headers-base_git.bb.do_patch
NOTE: Running noexec task 411 of 420 (virtual:nativesdk:/home/deby/poky/meta-debian/recipes-kernel/linux-libc-headers/linux-libc-headers-base_git.bb:do_configure)
NOTE: Running noexec task 412 of 420 (virtual:nativesdk:/home/deby/poky/meta-debian/recipes-kernel/linux-libc-headers/linux-libc-headers-base_git.bb:do_compile)
NOTE: Running task 413 of 420 (virtual:nativesdk:/home/deby/poky/meta-debian/recipes-kernel/linux-libc-headers/linux-libc-headers-base_git.bb:do_install)
NOTE: Running task 414 of 420 (virtual:nativesdk:/home/deby/poky/meta-debian/recipes-kernel/linux-libc-headers/linux-libc-headers-base_git.bb:do_populate_lic)
ERROR: When reparsing virtual:nativesdk:/home/deby/poky/meta-debian/recipes-kernel/linux-libc-headers/linux-libc-headers-base_git.bb.do_patch, the basehash value changed from d94c30ef99c51ec424895f37527f06233c86c1ca782b8302e1d9180efc0827de to 6967cad02d22d60574956cb98d8a3c9c572fca4873c109944bb91d8af50a76bf. The metadata is not deterministic and this needs to be fixed.
ERROR: When reparsing virtual:nativesdk:/home/deby/poky/meta-debian/recipes-kernel/linux-libc-headers/linux-libc-headers-base_git.bb.do_populate_sysroot, the basehash value changed from 05215a8fdbb1b27c3800d5d6dd15847af4ecd052d4e1aa0f225cd4586ec0550e to 1bbf4b1966517ff51aa9f7d13f15b2cce6ad134428e7b66c2c2251b798232018. The metadata is not deterministic and this needs to be fixed.
ERROR: When reparsing virtual:nativesdk:/home/deby/poky/meta-debian/recipes-kernel/linux-libc-headers/linux-libc-headers-base_git.bb.do_fetch, the basehash value changed from e062003d8d13431a2576e6c38afd766af0587ccd7ec3895c02f2331841a15c60 to 5b3b4fe4934a69b1b8ddf39ccf01c20d438fc48655381b7698cfa116d02950fd. The metadata is not deterministic and this needs to be fixed.
ERROR: When reparsing virtual:nativesdk:/home/deby/poky/meta-debian/recipes-kernel/linux-libc-headers/linux-libc-headers-base_git.bb.do_configure, the basehash value changed from 6ac9fef4ffbd7f292acf3aa69d2f967d239caa674056ea3e21bc459393524d8b to ea06a543ffbd6a2d34b91a86a2bf7a5200f380934fd146e8437fccc5243efcb0. The metadata is not deterministic and this needs to be fixed.
ERROR: When reparsing virtual:nativesdk:/home/deby/poky/meta-debian/recipes-kernel/linux-libc-headers/linux-libc-headers-base_git.bb.do_compile, the basehash value changed from 8e49906e80daadd5cec4d8780d779d1a83183a365232cbb6ca3279858a139027 to 57f613db97be30dc11175f4707fe8110b29649b0c57a6b739f6195f7ef5b9d4d. The metadata is not deterministic and this needs to be fixed.
ERROR: When reparsing virtual:nativesdk:/home/deby/poky/meta-debian/recipes-kernel/linux-libc-headers/linux-libc-headers-base_git.bb.do_install, the basehash value changed from e83caea21ca4188d4d3128b7e1d44eb9e2e07dafb7d06e7413af33bffa5f91ea to 197cb6992af62e56a8fab88620a003cf50bf2076a0f0e9fb2fdc98cd7ca6d0a0. The metadata is not deterministic and this needs to be fixed.
ERROR: When reparsing virtual:nativesdk:/home/deby/poky/meta-debian/recipes-kernel/linux-libc-headers/linux-libc-headers-base_git.bb.do_build, the basehash value changed from b47a4c92c6a1688b7dcdb735818e2471e94b1d808156d0786feff2301e79fc0c to c2b559ba86ccef12cbce4e48dbcc4952af7ac23fa9340e1ec141beaaa57dcafe. The metadata is not deterministic and this needs to be fixed.
ERROR: When reparsing virtual:nativesdk:/home/deby/poky/meta-debian/recipes-kernel/linux-libc-headers/linux-libc-headers-base_git.bb.do_package_qa, the basehash value changed from b191e0db479761d24b03a5e65098c209088b04379f906d6ff69de250166a13d7 to 9df2ca8e7b2378445756e6c5b71d320e23397e96c1029209124c7070ebcccc2b. The metadata is not deterministic and this needs to be fixed.
ERROR: When reparsing virtual:nativesdk:/home/deby/poky/meta-debian/recipes-kernel/linux-libc-headers/linux-libc-headers-base_git.bb.do_package, the basehash value changed from 1ecfe605ac35bc5d4ea96c1763760fef54acf15b3928a8f74165421a65000e6d to a1d56c5232cc01d073e9cb5845f4d313e9fd3e5b65276121dc1a57f6c7ec4a57. The metadata is not deterministic and this needs to be fixed.
ERROR: When reparsing virtual:nativesdk:/home/deby/poky/meta-debian/recipes-kernel/linux-libc-headers/linux-libc-headers-base_git.bb.do_packagedata, the basehash value changed from 899f45256f2fb11e25221f40cad8e190e566616982b509a181790cdf4dc394da to a7f1b8d721ce0b77b8a417720a0b76b1ac67703186f1ef185abf5206d4420e29. The metadata is not deterministic and this needs to be fixed.
ERROR: When reparsing virtual:nativesdk:/home/deby/poky/meta-debian/recipes-kernel/linux-libc-headers/linux-libc-headers-base_git.bb.do_package_write_deb, the basehash value changed from 39617882624937c2b6b4daecf57c78fc2ca1733b2f268e43cc89f47977de8432 to f42e7dbc5b9b7ed16214cf6746c7179d943e7ae977b20bbd3940c5fc121764d2. The metadata is not deterministic and this needs to be fixed.
ERROR: When reparsing virtual:nativesdk:/home/deby/poky/meta-debian/recipes-kernel/linux-libc-headers/linux-libc-headers-base_git.bb.do_populate_lic, the basehash value changed from 5a8200aa659a52bbd9119a90d795c838fd48cf634689fbe665cec1224bafd6a0 to 2fa8093cdd3313e4d764494f6e9b6a1c4cd5e8ef9c6415b68e96cba6cf6b1f4c. The metadata is not deterministic and this needs to be fixed.
ERROR: When reparsing virtual:nativesdk:/home/deby/poky/meta-debian/recipes-kernel/linux-libc-headers/linux-libc-headers-base_git.bb.do_patch, the basehash value changed from d94c30ef99c51ec424895f37527f06233c86c1ca782b8302e1d9180efc0827de to 6967cad02d22d60574956cb98d8a3c9c572fca4873c109944bb91d8af50a76bf. The metadata is not deterministic and this needs to be fixed.
ERROR: When reparsing virtual:nativesdk:/home/deby/poky/meta-debian/recipes-kernel/linux-libc-headers/linux-libc-headers-base_git.bb.do_populate_sysroot, the basehash value changed from 05215a8fdbb1b27c3800d5d6dd15847af4ecd052d4e1aa0f225cd4586ec0550e to 1bbf4b1966517ff51aa9f7d13f15b2cce6ad134428e7b66c2c2251b798232018. The metadata is not deterministic and this needs to be fixed.
ERROR: When reparsing virtual:nativesdk:/home/deby/poky/meta-debian/recipes-kernel/linux-libc-headers/linux-libc-headers-base_git.bb.do_fetch, the basehash value changed from e062003d8d13431a2576e6c38afd766af0587ccd7ec3895c02f2331841a15c60 to 5b3b4fe4934a69b1b8ddf39ccf01c20d438fc48655381b7698cfa116d02950fd. The metadata is not deterministic and this needs to be fixed.
ERROR: When reparsing virtual:nativesdk:/home/deby/poky/meta-debian/recipes-kernel/linux-libc-headers/linux-libc-headers-base_git.bb.do_configure, the basehash value changed from 6ac9fef4ffbd7f292acf3aa69d2f967d239caa674056ea3e21bc459393524d8b to ea06a543ffbd6a2d34b91a86a2bf7a5200f380934fd146e8437fccc5243efcb0. The metadata is not deterministic and this needs to be fixed.
ERROR: When reparsing virtual:nativesdk:/home/deby/poky/meta-debian/recipes-kernel/linux-libc-headers/linux-libc-headers-base_git.bb.do_compile, the basehash value changed from 8e49906e80daadd5cec4d8780d779d1a83183a365232cbb6ca3279858a139027 to 57f613db97be30dc11175f4707fe8110b29649b0c57a6b739f6195f7ef5b9d4d. The metadata is not deterministic and this needs to be fixed.
ERROR: When reparsing virtual:nativesdk:/home/deby/poky/meta-debian/recipes-kernel/linux-libc-headers/linux-libc-headers-base_git.bb.do_install, the basehash value changed from e83caea21ca4188d4d3128b7e1d44eb9e2e07dafb7d06e7413af33bffa5f91ea to 197cb6992af62e56a8fab88620a003cf50bf2076a0f0e9fb2fdc98cd7ca6d0a0. The metadata is not deterministic and this needs to be fixed.
ERROR: When reparsing virtual:nativesdk:/home/deby/poky/meta-debian/recipes-kernel/linux-libc-headers/linux-libc-headers-base_git.bb.do_build, the basehash value changed from b47a4c92c6a1688b7dcdb735818e2471e94b1d808156d0786feff2301e79fc0c to c2b559ba86ccef12cbce4e48dbcc4952af7ac23fa9340e1ec141beaaa57dcafe. The metadata is not deterministic and this needs to be fixed.
ERROR: When reparsing virtual:nativesdk:/home/deby/poky/meta-debian/recipes-kernel/linux-libc-headers/linux-libc-headers-base_git.bb.do_package_qa, the basehash value changed from b191e0db479761d24b03a5e65098c209088b04379f906d6ff69de250166a13d7 to 9df2ca8e7b2378445756e6c5b71d320e23397e96c1029209124c7070ebcccc2b. The metadata is not deterministic and this needs to be fixed.
ERROR: When reparsing virtual:nativesdk:/home/deby/poky/meta-debian/recipes-kernel/linux-libc-headers/linux-libc-headers-base_git.bb.do_package, the basehash value changed from 1ecfe605ac35bc5d4ea96c1763760fef54acf15b3928a8f74165421a65000e6d to a1d56c5232cc01d073e9cb5845f4d313e9fd3e5b65276121dc1a57f6c7ec4a57. The metadata is not deterministic and this needs to be fixed.
ERROR: When reparsing virtual:nativesdk:/home/deby/poky/meta-debian/recipes-kernel/linux-libc-headers/linux-libc-headers-base_git.bb.do_packagedata, the basehash value changed from 899f45256f2fb11e25221f40cad8e190e566616982b509a181790cdf4dc394da to a7f1b8d721ce0b77b8a417720a0b76b1ac67703186f1ef185abf5206d4420e29. The metadata is not deterministic and this needs to be fixed.
ERROR: When reparsing virtual:nativesdk:/home/deby/poky/meta-debian/recipes-kernel/linux-libc-headers/linux-libc-headers-base_git.bb.do_package_write_deb, the basehash value changed from 39617882624937c2b6b4daecf57c78fc2ca1733b2f268e43cc89f47977de8432 to f42e7dbc5b9b7ed16214cf6746c7179d943e7ae977b20bbd3940c5fc121764d2. The metadata is not deterministic and this needs to be fixed.
ERROR: When reparsing virtual:nativesdk:/home/deby/poky/meta-debian/recipes-kernel/linux-libc-headers/linux-libc-headers-base_git.bb.do_populate_lic, the basehash value changed from 5a8200aa659a52bbd9119a90d795c838fd48cf634689fbe665cec1224bafd6a0 to 2fa8093cdd3313e4d764494f6e9b6a1c4cd5e8ef9c6415b68e96cba6cf6b1f4c. The metadata is not deterministic and this needs to be fixed.
NOTE: recipe nativesdk-linux-libc-headers-base-gitAUTOINC+2951eded01-r0: task do_populate_lic: Started
NOTE: recipe nativesdk-linux-libc-headers-base-gitAUTOINC+2951eded01-r0: task do_install: Started
ERROR: nativesdk-linux-libc-headers-base-gitAUTOINC+2951eded01-r0 do_populate_lic: Taskhash mismatch 1347415cd03f05805d944d3a8aafedf11783cbf9bf2f1c89f292d216aeef5e06 versus 10cbd5cbd2445bfef064fdbf4bec9c907ffe1d0d6f4a5be06ede511c7e612232 for virtual:nativesdk:/home/deby/poky/meta-debian/recipes-kernel/linux-libc-headers/linux-libc-headers-base_git.bb.do_populate_lic
NOTE: recipe nativesdk-linux-libc-headers-base-gitAUTOINC+2951eded01-r0: task do_populate_lic: Succeeded
ERROR: Taskhash mismatch 1347415cd03f05805d944d3a8aafedf11783cbf9bf2f1c89f292d216aeef5e06 versus 10cbd5cbd2445bfef064fdbf4bec9c907ffe1d0d6f4a5be06ede511c7e612232 for virtual:nativesdk:/home/deby/poky/meta-debian/recipes-kernel/linux-libc-headers/linux-libc-headers-base_git.bb.do_populate_lic
ERROR: nativesdk-linux-libc-headers-base-gitAUTOINC+2951eded01-r0 do_install: Taskhash mismatch aeecbf32bc4aa432a89a1ead4667b9b7f1209f9b996e555bb9b564309b15d8ef versus df75d80afd43e985f97309661b6a9e0938be61f7b34731f7c5d31495eb6fa003 for virtual:nativesdk:/home/deby/poky/meta-debian/recipes-kernel/linux-libc-headers/linux-libc-headers-base_git.bb.do_install
NOTE: recipe nativesdk-linux-libc-headers-base-gitAUTOINC+2951eded01-r0: task do_install: Succeeded
ERROR: Taskhash mismatch aeecbf32bc4aa432a89a1ead4667b9b7f1209f9b996e555bb9b564309b15d8ef versus df75d80afd43e985f97309661b6a9e0938be61f7b34731f7c5d31495eb6fa003 for virtual:nativesdk:/home/deby/poky/meta-debian/recipes-kernel/linux-libc-headers/linux-libc-headers-base_git.bb.do_install
NOTE: Running task 415 of 420 (virtual:nativesdk:/home/deby/poky/meta-debian/recipes-kernel/linux-libc-headers/linux-libc-headers-base_git.bb:do_package)
NOTE: Running task 416 of 420 (virtual:nativesdk:/home/deby/poky/meta-debian/recipes-kernel/linux-libc-headers/linux-libc-headers-base_git.bb:do_populate_sysroot)
ERROR: When reparsing virtual:nativesdk:/home/deby/poky/meta-debian/recipes-kernel/linux-libc-headers/linux-libc-headers-base_git.bb.do_patch, the basehash value changed from d94c30ef99c51ec424895f37527f06233c86c1ca782b8302e1d9180efc0827de to 6967cad02d22d60574956cb98d8a3c9c572fca4873c109944bb91d8af50a76bf. The metadata is not deterministic and this needs to be fixed.
ERROR: When reparsing virtual:nativesdk:/home/deby/poky/meta-debian/recipes-kernel/linux-libc-headers/linux-libc-headers-base_git.bb.do_populate_sysroot, the basehash value changed from 05215a8fdbb1b27c3800d5d6dd15847af4ecd052d4e1aa0f225cd4586ec0550e to 1bbf4b1966517ff51aa9f7d13f15b2cce6ad134428e7b66c2c2251b798232018. The metadata is not deterministic and this needs to be fixed.
ERROR: When reparsing virtual:nativesdk:/home/deby/poky/meta-debian/recipes-kernel/linux-libc-headers/linux-libc-headers-base_git.bb.do_fetch, the basehash value changed from e062003d8d13431a2576e6c38afd766af0587ccd7ec3895c02f2331841a15c60 to 5b3b4fe4934a69b1b8ddf39ccf01c20d438fc48655381b7698cfa116d02950fd. The metadata is not deterministic and this needs to be fixed.
ERROR: When reparsing virtual:nativesdk:/home/deby/poky/meta-debian/recipes-kernel/linux-libc-headers/linux-libc-headers-base_git.bb.do_configure, the basehash value changed from 6ac9fef4ffbd7f292acf3aa69d2f967d239caa674056ea3e21bc459393524d8b to ea06a543ffbd6a2d34b91a86a2bf7a5200f380934fd146e8437fccc5243efcb0. The metadata is not deterministic and this needs to be fixed.
ERROR: When reparsing virtual:nativesdk:/home/deby/poky/meta-debian/recipes-kernel/linux-libc-headers/linux-libc-headers-base_git.bb.do_compile, the basehash value changed from 8e49906e80daadd5cec4d8780d779d1a83183a365232cbb6ca3279858a139027 to 57f613db97be30dc11175f4707fe8110b29649b0c57a6b739f6195f7ef5b9d4d. The metadata is not deterministic and this needs to be fixed.
ERROR: When reparsing virtual:nativesdk:/home/deby/poky/meta-debian/recipes-kernel/linux-libc-headers/linux-libc-headers-base_git.bb.do_install, the basehash value changed from e83caea21ca4188d4d3128b7e1d44eb9e2e07dafb7d06e7413af33bffa5f91ea to 197cb6992af62e56a8fab88620a003cf50bf2076a0f0e9fb2fdc98cd7ca6d0a0. The metadata is not deterministic and this needs to be fixed.
ERROR: When reparsing virtual:nativesdk:/home/deby/poky/meta-debian/recipes-kernel/linux-libc-headers/linux-libc-headers-base_git.bb.do_build, the basehash value changed from b47a4c92c6a1688b7dcdb735818e2471e94b1d808156d0786feff2301e79fc0c to c2b559ba86ccef12cbce4e48dbcc4952af7ac23fa9340e1ec141beaaa57dcafe. The metadata is not deterministic and this needs to be fixed.
ERROR: When reparsing virtual:nativesdk:/home/deby/poky/meta-debian/recipes-kernel/linux-libc-headers/linux-libc-headers-base_git.bb.do_package_qa, the basehash value changed from b191e0db479761d24b03a5e65098c209088b04379f906d6ff69de250166a13d7 to 9df2ca8e7b2378445756e6c5b71d320e23397e96c1029209124c7070ebcccc2b. The metadata is not deterministic and this needs to be fixed.
ERROR: When reparsing virtual:nativesdk:/home/deby/poky/meta-debian/recipes-kernel/linux-libc-headers/linux-libc-headers-base_git.bb.do_package, the basehash value changed from 1ecfe605ac35bc5d4ea96c1763760fef54acf15b3928a8f74165421a65000e6d to a1d56c5232cc01d073e9cb5845f4d313e9fd3e5b65276121dc1a57f6c7ec4a57. The metadata is not deterministic and this needs to be fixed.
ERROR: When reparsing virtual:nativesdk:/home/deby/poky/meta-debian/recipes-kernel/linux-libc-headers/linux-libc-headers-base_git.bb.do_packagedata, the basehash value changed from 899f45256f2fb11e25221f40cad8e190e566616982b509a181790cdf4dc394da to a7f1b8d721ce0b77b8a417720a0b76b1ac67703186f1ef185abf5206d4420e29. The metadata is not deterministic and this needs to be fixed.
ERROR: When reparsing virtual:nativesdk:/home/deby/poky/meta-debian/recipes-kernel/linux-libc-headers/linux-libc-headers-base_git.bb.do_package_write_deb, the basehash value changed from 39617882624937c2b6b4daecf57c78fc2ca1733b2f268e43cc89f47977de8432 to f42e7dbc5b9b7ed16214cf6746c7179d943e7ae977b20bbd3940c5fc121764d2. The metadata is not deterministic and this needs to be fixed.
ERROR: When reparsing virtual:nativesdk:/home/deby/poky/meta-debian/recipes-kernel/linux-libc-headers/linux-libc-headers-base_git.bb.do_populate_lic, the basehash value changed from 5a8200aa659a52bbd9119a90d795c838fd48cf634689fbe665cec1224bafd6a0 to 2fa8093cdd3313e4d764494f6e9b6a1c4cd5e8ef9c6415b68e96cba6cf6b1f4c. The metadata is not deterministic and this needs to be fixed.
NOTE: recipe nativesdk-linux-libc-headers-base-gitAUTOINC+2951eded01-r0: task do_populate_sysroot: Started
ERROR: When reparsing virtual:nativesdk:/home/deby/poky/meta-debian/recipes-kernel/linux-libc-headers/linux-libc-headers-base_git.bb.do_patch, the basehash value changed from d94c30ef99c51ec424895f37527f06233c86c1ca782b8302e1d9180efc0827de to 6967cad02d22d60574956cb98d8a3c9c572fca4873c109944bb91d8af50a76bf. The metadata is not deterministic and this needs to be fixed.
ERROR: When reparsing virtual:nativesdk:/home/deby/poky/meta-debian/recipes-kernel/linux-libc-headers/linux-libc-headers-base_git.bb.do_populate_sysroot, the basehash value changed from 05215a8fdbb1b27c3800d5d6dd15847af4ecd052d4e1aa0f225cd4586ec0550e to 1bbf4b1966517ff51aa9f7d13f15b2cce6ad134428e7b66c2c2251b798232018. The metadata is not deterministic and this needs to be fixed.
ERROR: When reparsing virtual:nativesdk:/home/deby/poky/meta-debian/recipes-kernel/linux-libc-headers/linux-libc-headers-base_git.bb.do_fetch, the basehash value changed from e062003d8d13431a2576e6c38afd766af0587ccd7ec3895c02f2331841a15c60 to 5b3b4fe4934a69b1b8ddf39ccf01c20d438fc48655381b7698cfa116d02950fd. The metadata is not deterministic and this needs to be fixed.
ERROR: When reparsing virtual:nativesdk:/home/deby/poky/meta-debian/recipes-kernel/linux-libc-headers/linux-libc-headers-base_git.bb.do_configure, the basehash value changed from 6ac9fef4ffbd7f292acf3aa69d2f967d239caa674056ea3e21bc459393524d8b to ea06a543ffbd6a2d34b91a86a2bf7a5200f380934fd146e8437fccc5243efcb0. The metadata is not deterministic and this needs to be fixed.
ERROR: When reparsing virtual:nativesdk:/home/deby/poky/meta-debian/recipes-kernel/linux-libc-headers/linux-libc-headers-base_git.bb.do_compile, the basehash value changed from 8e49906e80daadd5cec4d8780d779d1a83183a365232cbb6ca3279858a139027 to 57f613db97be30dc11175f4707fe8110b29649b0c57a6b739f6195f7ef5b9d4d. The metadata is not deterministic and this needs to be fixed.
ERROR: When reparsing virtual:nativesdk:/home/deby/poky/meta-debian/recipes-kernel/linux-libc-headers/linux-libc-headers-base_git.bb.do_install, the basehash value changed from e83caea21ca4188d4d3128b7e1d44eb9e2e07dafb7d06e7413af33bffa5f91ea to 197cb6992af62e56a8fab88620a003cf50bf2076a0f0e9fb2fdc98cd7ca6d0a0. The metadata is not deterministic and this needs to be fixed.
ERROR: When reparsing virtual:nativesdk:/home/deby/poky/meta-debian/recipes-kernel/linux-libc-headers/linux-libc-headers-base_git.bb.do_build, the basehash value changed from b47a4c92c6a1688b7dcdb735818e2471e94b1d808156d0786feff2301e79fc0c to c2b559ba86ccef12cbce4e48dbcc4952af7ac23fa9340e1ec141beaaa57dcafe. The metadata is not deterministic and this needs to be fixed.
ERROR: When reparsing virtual:nativesdk:/home/deby/poky/meta-debian/recipes-kernel/linux-libc-headers/linux-libc-headers-base_git.bb.do_package_qa, the basehash value changed from b191e0db479761d24b03a5e65098c209088b04379f906d6ff69de250166a13d7 to 9df2ca8e7b2378445756e6c5b71d320e23397e96c1029209124c7070ebcccc2b. The metadata is not deterministic and this needs to be fixed.
ERROR: When reparsing virtual:nativesdk:/home/deby/poky/meta-debian/recipes-kernel/linux-libc-headers/linux-libc-headers-base_git.bb.do_package, the basehash value changed from 1ecfe605ac35bc5d4ea96c1763760fef54acf15b3928a8f74165421a65000e6d to a1d56c5232cc01d073e9cb5845f4d313e9fd3e5b65276121dc1a57f6c7ec4a57. The metadata is not deterministic and this needs to be fixed.
ERROR: When reparsing virtual:nativesdk:/home/deby/poky/meta-debian/recipes-kernel/linux-libc-headers/linux-libc-headers-base_git.bb.do_packagedata, the basehash value changed from 899f45256f2fb11e25221f40cad8e190e566616982b509a181790cdf4dc394da to a7f1b8d721ce0b77b8a417720a0b76b1ac67703186f1ef185abf5206d4420e29. The metadata is not deterministic and this needs to be fixed.
ERROR: When reparsing virtual:nativesdk:/home/deby/poky/meta-debian/recipes-kernel/linux-libc-headers/linux-libc-headers-base_git.bb.do_package_write_deb, the basehash value changed from 39617882624937c2b6b4daecf57c78fc2ca1733b2f268e43cc89f47977de8432 to f42e7dbc5b9b7ed16214cf6746c7179d943e7ae977b20bbd3940c5fc121764d2. The metadata is not deterministic and this needs to be fixed.
ERROR: When reparsing virtual:nativesdk:/home/deby/poky/meta-debian/recipes-kernel/linux-libc-headers/linux-libc-headers-base_git.bb.do_populate_lic, the basehash value changed from 5a8200aa659a52bbd9119a90d795c838fd48cf634689fbe665cec1224bafd6a0 to 2fa8093cdd3313e4d764494f6e9b6a1c4cd5e8ef9c6415b68e96cba6cf6b1f4c. The metadata is not deterministic and this needs to be fixed.
NOTE: recipe nativesdk-linux-libc-headers-base-gitAUTOINC+2951eded01-r0: task do_package: Started
ERROR: nativesdk-linux-libc-headers-base-gitAUTOINC+2951eded01-r0 do_populate_sysroot: Taskhash mismatch 937965671e5b492cc0bdbf8a29758e5e671a1efa9ebc3cf945f590d61beba579 versus 757766749daffa549c3fb0c0d3a447bd7290df151ea88bd266687760c3b03bc7 for virtual:nativesdk:/home/deby/poky/meta-debian/recipes-kernel/linux-libc-headers/linux-libc-headers-base_git.bb.do_populate_sysroot
NOTE: recipe nativesdk-linux-libc-headers-base-gitAUTOINC+2951eded01-r0: task do_populate_sysroot: Succeeded
ERROR: Taskhash mismatch 937965671e5b492cc0bdbf8a29758e5e671a1efa9ebc3cf945f590d61beba579 versus 757766749daffa549c3fb0c0d3a447bd7290df151ea88bd266687760c3b03bc7 for virtual:nativesdk:/home/deby/poky/meta-debian/recipes-kernel/linux-libc-headers/linux-libc-headers-base_git.bb.do_populate_sysroot
ERROR: nativesdk-linux-libc-headers-base-gitAUTOINC+2951eded01-r0 do_package: Taskhash mismatch a0a1e01ed3092374f52e4df623fd26f6afa388a784900ace0bf48cfa5d54096e versus fdecb557c3edd7b159c0cb7f82b7c3c15f90fd65c7083ed3b6d0332504bbe9a0 for virtual:nativesdk:/home/deby/poky/meta-debian/recipes-kernel/linux-libc-headers/linux-libc-headers-base_git.bb.do_package
NOTE: recipe nativesdk-linux-libc-headers-base-gitAUTOINC+2951eded01-r0: task do_package: Succeeded
ERROR: Taskhash mismatch a0a1e01ed3092374f52e4df623fd26f6afa388a784900ace0bf48cfa5d54096e versus fdecb557c3edd7b159c0cb7f82b7c3c15f90fd65c7083ed3b6d0332504bbe9a0 for virtual:nativesdk:/home/deby/poky/meta-debian/recipes-kernel/linux-libc-headers/linux-libc-headers-base_git.bb.do_package
NOTE: Running task 417 of 420 (virtual:nativesdk:/home/deby/poky/meta-debian/recipes-kernel/linux-libc-headers/linux-libc-headers-base_git.bb:do_packagedata)
ERROR: When reparsing virtual:nativesdk:/home/deby/poky/meta-debian/recipes-kernel/linux-libc-headers/linux-libc-headers-base_git.bb.do_patch, the basehash value changed from d94c30ef99c51ec424895f37527f06233c86c1ca782b8302e1d9180efc0827de to 6967cad02d22d60574956cb98d8a3c9c572fca4873c109944bb91d8af50a76bf. The metadata is not deterministic and this needs to be fixed.
ERROR: When reparsing virtual:nativesdk:/home/deby/poky/meta-debian/recipes-kernel/linux-libc-headers/linux-libc-headers-base_git.bb.do_populate_sysroot, the basehash value changed from 05215a8fdbb1b27c3800d5d6dd15847af4ecd052d4e1aa0f225cd4586ec0550e to 1bbf4b1966517ff51aa9f7d13f15b2cce6ad134428e7b66c2c2251b798232018. The metadata is not deterministic and this needs to be fixed.
ERROR: When reparsing virtual:nativesdk:/home/deby/poky/meta-debian/recipes-kernel/linux-libc-headers/linux-libc-headers-base_git.bb.do_fetch, the basehash value changed from e062003d8d13431a2576e6c38afd766af0587ccd7ec3895c02f2331841a15c60 to 5b3b4fe4934a69b1b8ddf39ccf01c20d438fc48655381b7698cfa116d02950fd. The metadata is not deterministic and this needs to be fixed.
ERROR: When reparsing virtual:nativesdk:/home/deby/poky/meta-debian/recipes-kernel/linux-libc-headers/linux-libc-headers-base_git.bb.do_configure, the basehash value changed from 6ac9fef4ffbd7f292acf3aa69d2f967d239caa674056ea3e21bc459393524d8b to ea06a543ffbd6a2d34b91a86a2bf7a5200f380934fd146e8437fccc5243efcb0. The metadata is not deterministic and this needs to be fixed.
ERROR: When reparsing virtual:nativesdk:/home/deby/poky/meta-debian/recipes-kernel/linux-libc-headers/linux-libc-headers-base_git.bb.do_compile, the basehash value changed from 8e49906e80daadd5cec4d8780d779d1a83183a365232cbb6ca3279858a139027 to 57f613db97be30dc11175f4707fe8110b29649b0c57a6b739f6195f7ef5b9d4d. The metadata is not deterministic and this needs to be fixed.
ERROR: When reparsing virtual:nativesdk:/home/deby/poky/meta-debian/recipes-kernel/linux-libc-headers/linux-libc-headers-base_git.bb.do_install, the basehash value changed from e83caea21ca4188d4d3128b7e1d44eb9e2e07dafb7d06e7413af33bffa5f91ea to 197cb6992af62e56a8fab88620a003cf50bf2076a0f0e9fb2fdc98cd7ca6d0a0. The metadata is not deterministic and this needs to be fixed.
ERROR: When reparsing virtual:nativesdk:/home/deby/poky/meta-debian/recipes-kernel/linux-libc-headers/linux-libc-headers-base_git.bb.do_build, the basehash value changed from b47a4c92c6a1688b7dcdb735818e2471e94b1d808156d0786feff2301e79fc0c to c2b559ba86ccef12cbce4e48dbcc4952af7ac23fa9340e1ec141beaaa57dcafe. The metadata is not deterministic and this needs to be fixed.
ERROR: When reparsing virtual:nativesdk:/home/deby/poky/meta-debian/recipes-kernel/linux-libc-headers/linux-libc-headers-base_git.bb.do_package_qa, the basehash value changed from b191e0db479761d24b03a5e65098c209088b04379f906d6ff69de250166a13d7 to 9df2ca8e7b2378445756e6c5b71d320e23397e96c1029209124c7070ebcccc2b. The metadata is not deterministic and this needs to be fixed.
ERROR: When reparsing virtual:nativesdk:/home/deby/poky/meta-debian/recipes-kernel/linux-libc-headers/linux-libc-headers-base_git.bb.do_package, the basehash value changed from 1ecfe605ac35bc5d4ea96c1763760fef54acf15b3928a8f74165421a65000e6d to a1d56c5232cc01d073e9cb5845f4d313e9fd3e5b65276121dc1a57f6c7ec4a57. The metadata is not deterministic and this needs to be fixed.
ERROR: When reparsing virtual:nativesdk:/home/deby/poky/meta-debian/recipes-kernel/linux-libc-headers/linux-libc-headers-base_git.bb.do_packagedata, the basehash value changed from 899f45256f2fb11e25221f40cad8e190e566616982b509a181790cdf4dc394da to a7f1b8d721ce0b77b8a417720a0b76b1ac67703186f1ef185abf5206d4420e29. The metadata is not deterministic and this needs to be fixed.
ERROR: When reparsing virtual:nativesdk:/home/deby/poky/meta-debian/recipes-kernel/linux-libc-headers/linux-libc-headers-base_git.bb.do_package_write_deb, the basehash value changed from 39617882624937c2b6b4daecf57c78fc2ca1733b2f268e43cc89f47977de8432 to f42e7dbc5b9b7ed16214cf6746c7179d943e7ae977b20bbd3940c5fc121764d2. The metadata is not deterministic and this needs to be fixed.
ERROR: When reparsing virtual:nativesdk:/home/deby/poky/meta-debian/recipes-kernel/linux-libc-headers/linux-libc-headers-base_git.bb.do_populate_lic, the basehash value changed from 5a8200aa659a52bbd9119a90d795c838fd48cf634689fbe665cec1224bafd6a0 to 2fa8093cdd3313e4d764494f6e9b6a1c4cd5e8ef9c6415b68e96cba6cf6b1f4c. The metadata is not deterministic and this needs to be fixed.
NOTE: recipe nativesdk-linux-libc-headers-base-gitAUTOINC+2951eded01-r0: task do_packagedata: Started
ERROR: nativesdk-linux-libc-headers-base-gitAUTOINC+2951eded01-r0 do_packagedata: Taskhash mismatch fe5a2ead516f7b4a7e91bb4e6e00bb3f536011333ff6ee3f20f6ee6d9b9d1a5d versus 317422403787d2b3e7c0fe450bf76d856c8cf8ac3cbf7d61f64c1eaf2395ca6f for virtual:nativesdk:/home/deby/poky/meta-debian/recipes-kernel/linux-libc-headers/linux-libc-headers-base_git.bb.do_packagedata
NOTE: recipe nativesdk-linux-libc-headers-base-gitAUTOINC+2951eded01-r0: task do_packagedata: Succeeded
ERROR: Taskhash mismatch fe5a2ead516f7b4a7e91bb4e6e00bb3f536011333ff6ee3f20f6ee6d9b9d1a5d versus 317422403787d2b3e7c0fe450bf76d856c8cf8ac3cbf7d61f64c1eaf2395ca6f for virtual:nativesdk:/home/deby/poky/meta-debian/recipes-kernel/linux-libc-headers/linux-libc-headers-base_git.bb.do_packagedata
NOTE: Running task 418 of 420 (virtual:nativesdk:/home/deby/poky/meta-debian/recipes-kernel/linux-libc-headers/linux-libc-headers-base_git.bb:do_package_write_deb)
NOTE: Running task 419 of 420 (virtual:nativesdk:/home/deby/poky/meta-debian/recipes-kernel/linux-libc-headers/linux-libc-headers-base_git.bb:do_package_qa)
ERROR: When reparsing virtual:nativesdk:/home/deby/poky/meta-debian/recipes-kernel/linux-libc-headers/linux-libc-headers-base_git.bb.do_patch, the basehash value changed from d94c30ef99c51ec424895f37527f06233c86c1ca782b8302e1d9180efc0827de to 6967cad02d22d60574956cb98d8a3c9c572fca4873c109944bb91d8af50a76bf. The metadata is not deterministic and this needs to be fixed.
ERROR: When reparsing virtual:nativesdk:/home/deby/poky/meta-debian/recipes-kernel/linux-libc-headers/linux-libc-headers-base_git.bb.do_populate_sysroot, the basehash value changed from 05215a8fdbb1b27c3800d5d6dd15847af4ecd052d4e1aa0f225cd4586ec0550e to 1bbf4b1966517ff51aa9f7d13f15b2cce6ad134428e7b66c2c2251b798232018. The metadata is not deterministic and this needs to be fixed.
ERROR: When reparsing virtual:nativesdk:/home/deby/poky/meta-debian/recipes-kernel/linux-libc-headers/linux-libc-headers-base_git.bb.do_fetch, the basehash value changed from e062003d8d13431a2576e6c38afd766af0587ccd7ec3895c02f2331841a15c60 to 5b3b4fe4934a69b1b8ddf39ccf01c20d438fc48655381b7698cfa116d02950fd. The metadata is not deterministic and this needs to be fixed.
ERROR: When reparsing virtual:nativesdk:/home/deby/poky/meta-debian/recipes-kernel/linux-libc-headers/linux-libc-headers-base_git.bb.do_configure, the basehash value changed from 6ac9fef4ffbd7f292acf3aa69d2f967d239caa674056ea3e21bc459393524d8b to ea06a543ffbd6a2d34b91a86a2bf7a5200f380934fd146e8437fccc5243efcb0. The metadata is not deterministic and this needs to be fixed.
ERROR: When reparsing virtual:nativesdk:/home/deby/poky/meta-debian/recipes-kernel/linux-libc-headers/linux-libc-headers-base_git.bb.do_compile, the basehash value changed from 8e49906e80daadd5cec4d8780d779d1a83183a365232cbb6ca3279858a139027 to 57f613db97be30dc11175f4707fe8110b29649b0c57a6b739f6195f7ef5b9d4d. The metadata is not deterministic and this needs to be fixed.
ERROR: When reparsing virtual:nativesdk:/home/deby/poky/meta-debian/recipes-kernel/linux-libc-headers/linux-libc-headers-base_git.bb.do_install, the basehash value changed from e83caea21ca4188d4d3128b7e1d44eb9e2e07dafb7d06e7413af33bffa5f91ea to 197cb6992af62e56a8fab88620a003cf50bf2076a0f0e9fb2fdc98cd7ca6d0a0. The metadata is not deterministic and this needs to be fixed.
ERROR: When reparsing virtual:nativesdk:/home/deby/poky/meta-debian/recipes-kernel/linux-libc-headers/linux-libc-headers-base_git.bb.do_build, the basehash value changed from b47a4c92c6a1688b7dcdb735818e2471e94b1d808156d0786feff2301e79fc0c to c2b559ba86ccef12cbce4e48dbcc4952af7ac23fa9340e1ec141beaaa57dcafe. The metadata is not deterministic and this needs to be fixed.
ERROR: When reparsing virtual:nativesdk:/home/deby/poky/meta-debian/recipes-kernel/linux-libc-headers/linux-libc-headers-base_git.bb.do_package_qa, the basehash value changed from b191e0db479761d24b03a5e65098c209088b04379f906d6ff69de250166a13d7 to 9df2ca8e7b2378445756e6c5b71d320e23397e96c1029209124c7070ebcccc2b. The metadata is not deterministic and this needs to be fixed.
ERROR: When reparsing virtual:nativesdk:/home/deby/poky/meta-debian/recipes-kernel/linux-libc-headers/linux-libc-headers-base_git.bb.do_package, the basehash value changed from 1ecfe605ac35bc5d4ea96c1763760fef54acf15b3928a8f74165421a65000e6d to a1d56c5232cc01d073e9cb5845f4d313e9fd3e5b65276121dc1a57f6c7ec4a57. The metadata is not deterministic and this needs to be fixed.
ERROR: When reparsing virtual:nativesdk:/home/deby/poky/meta-debian/recipes-kernel/linux-libc-headers/linux-libc-headers-base_git.bb.do_packagedata, the basehash value changed from 899f45256f2fb11e25221f40cad8e190e566616982b509a181790cdf4dc394da to a7f1b8d721ce0b77b8a417720a0b76b1ac67703186f1ef185abf5206d4420e29. The metadata is not deterministic and this needs to be fixed.
ERROR: When reparsing virtual:nativesdk:/home/deby/poky/meta-debian/recipes-kernel/linux-libc-headers/linux-libc-headers-base_git.bb.do_package_write_deb, the basehash value changed from 39617882624937c2b6b4daecf57c78fc2ca1733b2f268e43cc89f47977de8432 to f42e7dbc5b9b7ed16214cf6746c7179d943e7ae977b20bbd3940c5fc121764d2. The metadata is not deterministic and this needs to be fixed.
ERROR: When reparsing virtual:nativesdk:/home/deby/poky/meta-debian/recipes-kernel/linux-libc-headers/linux-libc-headers-base_git.bb.do_populate_lic, the basehash value changed from 5a8200aa659a52bbd9119a90d795c838fd48cf634689fbe665cec1224bafd6a0 to 2fa8093cdd3313e4d764494f6e9b6a1c4cd5e8ef9c6415b68e96cba6cf6b1f4c. The metadata is not deterministic and this needs to be fixed.
ERROR: When reparsing virtual:nativesdk:/home/deby/poky/meta-debian/recipes-kernel/linux-libc-headers/linux-libc-headers-base_git.bb.do_patch, the basehash value changed from d94c30ef99c51ec424895f37527f06233c86c1ca782b8302e1d9180efc0827de to 6967cad02d22d60574956cb98d8a3c9c572fca4873c109944bb91d8af50a76bf. The metadata is not deterministic and this needs to be fixed.
ERROR: When reparsing virtual:nativesdk:/home/deby/poky/meta-debian/recipes-kernel/linux-libc-headers/linux-libc-headers-base_git.bb.do_populate_sysroot, the basehash value changed from 05215a8fdbb1b27c3800d5d6dd15847af4ecd052d4e1aa0f225cd4586ec0550e to 1bbf4b1966517ff51aa9f7d13f15b2cce6ad134428e7b66c2c2251b798232018. The metadata is not deterministic and this needs to be fixed.
ERROR: When reparsing virtual:nativesdk:/home/deby/poky/meta-debian/recipes-kernel/linux-libc-headers/linux-libc-headers-base_git.bb.do_fetch, the basehash value changed from e062003d8d13431a2576e6c38afd766af0587ccd7ec3895c02f2331841a15c60 to 5b3b4fe4934a69b1b8ddf39ccf01c20d438fc48655381b7698cfa116d02950fd. The metadata is not deterministic and this needs to be fixed.
ERROR: When reparsing virtual:nativesdk:/home/deby/poky/meta-debian/recipes-kernel/linux-libc-headers/linux-libc-headers-base_git.bb.do_configure, the basehash value changed from 6ac9fef4ffbd7f292acf3aa69d2f967d239caa674056ea3e21bc459393524d8b to ea06a543ffbd6a2d34b91a86a2bf7a5200f380934fd146e8437fccc5243efcb0. The metadata is not deterministic and this needs to be fixed.
ERROR: When reparsing virtual:nativesdk:/home/deby/poky/meta-debian/recipes-kernel/linux-libc-headers/linux-libc-headers-base_git.bb.do_compile, the basehash value changed from 8e49906e80daadd5cec4d8780d779d1a83183a365232cbb6ca3279858a139027 to 57f613db97be30dc11175f4707fe8110b29649b0c57a6b739f6195f7ef5b9d4d. The metadata is not deterministic and this needs to be fixed.
ERROR: When reparsing virtual:nativesdk:/home/deby/poky/meta-debian/recipes-kernel/linux-libc-headers/linux-libc-headers-base_git.bb.do_install, the basehash value changed from e83caea21ca4188d4d3128b7e1d44eb9e2e07dafb7d06e7413af33bffa5f91ea to 197cb6992af62e56a8fab88620a003cf50bf2076a0f0e9fb2fdc98cd7ca6d0a0. The metadata is not deterministic and this needs to be fixed.
ERROR: When reparsing virtual:nativesdk:/home/deby/poky/meta-debian/recipes-kernel/linux-libc-headers/linux-libc-headers-base_git.bb.do_build, the basehash value changed from b47a4c92c6a1688b7dcdb735818e2471e94b1d808156d0786feff2301e79fc0c to c2b559ba86ccef12cbce4e48dbcc4952af7ac23fa9340e1ec141beaaa57dcafe. The metadata is not deterministic and this needs to be fixed.
ERROR: When reparsing virtual:nativesdk:/home/deby/poky/meta-debian/recipes-kernel/linux-libc-headers/linux-libc-headers-base_git.bb.do_package_qa, the basehash value changed from b191e0db479761d24b03a5e65098c209088b04379f906d6ff69de250166a13d7 to 9df2ca8e7b2378445756e6c5b71d320e23397e96c1029209124c7070ebcccc2b. The metadata is not deterministic and this needs to be fixed.
ERROR: When reparsing virtual:nativesdk:/home/deby/poky/meta-debian/recipes-kernel/linux-libc-headers/linux-libc-headers-base_git.bb.do_package, the basehash value changed from 1ecfe605ac35bc5d4ea96c1763760fef54acf15b3928a8f74165421a65000e6d to a1d56c5232cc01d073e9cb5845f4d313e9fd3e5b65276121dc1a57f6c7ec4a57. The metadata is not deterministic and this needs to be fixed.
ERROR: When reparsing virtual:nativesdk:/home/deby/poky/meta-debian/recipes-kernel/linux-libc-headers/linux-libc-headers-base_git.bb.do_packagedata, the basehash value changed from 899f45256f2fb11e25221f40cad8e190e566616982b509a181790cdf4dc394da to a7f1b8d721ce0b77b8a417720a0b76b1ac67703186f1ef185abf5206d4420e29. The metadata is not deterministic and this needs to be fixed.
ERROR: When reparsing virtual:nativesdk:/home/deby/poky/meta-debian/recipes-kernel/linux-libc-headers/linux-libc-headers-base_git.bb.do_package_write_deb, the basehash value changed from 39617882624937c2b6b4daecf57c78fc2ca1733b2f268e43cc89f47977de8432 to f42e7dbc5b9b7ed16214cf6746c7179d943e7ae977b20bbd3940c5fc121764d2. The metadata is not deterministic and this needs to be fixed.
ERROR: When reparsing virtual:nativesdk:/home/deby/poky/meta-debian/recipes-kernel/linux-libc-headers/linux-libc-headers-base_git.bb.do_populate_lic, the basehash value changed from 5a8200aa659a52bbd9119a90d795c838fd48cf634689fbe665cec1224bafd6a0 to 2fa8093cdd3313e4d764494f6e9b6a1c4cd5e8ef9c6415b68e96cba6cf6b1f4c. The metadata is not deterministic and this needs to be fixed.
NOTE: recipe nativesdk-linux-libc-headers-base-gitAUTOINC+2951eded01-r0: task do_package_write_deb: Started
NOTE: recipe nativesdk-linux-libc-headers-base-gitAUTOINC+2951eded01-r0: task do_package_qa: Started
ERROR: nativesdk-linux-libc-headers-base-gitAUTOINC+2951eded01-r0 do_package_qa: Taskhash mismatch cd04c57af6581bb269f0e6442bbfcbf382ab55e67bbd7e21adca09b467333b81 versus c7e894c966805cba6f3cde2358f105eba77d1dab9b27d9ce7ed260d6837d19c8 for virtual:nativesdk:/home/deby/poky/meta-debian/recipes-kernel/linux-libc-headers/linux-libc-headers-base_git.bb.do_package_qa
NOTE: recipe nativesdk-linux-libc-headers-base-gitAUTOINC+2951eded01-r0: task do_package_qa: Succeeded
ERROR: Taskhash mismatch cd04c57af6581bb269f0e6442bbfcbf382ab55e67bbd7e21adca09b467333b81 versus c7e894c966805cba6f3cde2358f105eba77d1dab9b27d9ce7ed260d6837d19c8 for virtual:nativesdk:/home/deby/poky/meta-debian/recipes-kernel/linux-libc-headers/linux-libc-headers-base_git.bb.do_package_qa
ERROR: nativesdk-linux-libc-headers-base-gitAUTOINC+2951eded01-r0 do_package_write_deb: Taskhash mismatch 42c869ae441633ad7776e20021b48f1d90949fd9072699af3bc9ab240be1bbe0 versus 9052239ce4bec812ec7cbe31a09752b45299898ab58821144841daa8d9bb5c4a for virtual:nativesdk:/home/deby/poky/meta-debian/recipes-kernel/linux-libc-headers/linux-libc-headers-base_git.bb.do_package_write_deb
NOTE: recipe nativesdk-linux-libc-headers-base-gitAUTOINC+2951eded01-r0: task do_package_write_deb: Succeeded
ERROR: Taskhash mismatch 42c869ae441633ad7776e20021b48f1d90949fd9072699af3bc9ab240be1bbe0 versus 9052239ce4bec812ec7cbe31a09752b45299898ab58821144841daa8d9bb5c4a for virtual:nativesdk:/home/deby/poky/meta-debian/recipes-kernel/linux-libc-headers/linux-libc-headers-base_git.bb.do_package_write_deb
NOTE: Running noexec task 420 of 420 (virtual:nativesdk:/home/deby/poky/meta-debian/recipes-kernel/linux-libc-headers/linux-libc-headers-base_git.bb:do_build)
NOTE: Tasks Summary: Attempted 420 tasks of which 406 didn't need to be rerun and all succeeded.

Summary: There were 2 WARNING messages shown.
Summary: There were 234 ERROR messages shown, returning a non-zero exit code.
