Loading cache...done.
Loaded 1981 entries from dependency cache.
Parsing recipes...done.
Parsing of 1222 .bb files complete (1220 cached, 2 parsed). 1983 targets, 189 skipped, 0 masked, 0 errors.
WARNING: No bb files matched BBFILE_PATTERN_dti '^/home/deby/poky/meta-debian/tests/../../meta-debian/bsp/meta-ti/'
NOTE: Resolving any missing task queue dependencies

Build Configuration:
BB_VERSION           = "1.42.0"
BUILD_SYS            = "x86_64-linux"
NATIVELSBSTRING      = "universal"
TARGET_SYS           = "arm-deby-linux-gnueabi"
MACHINE              = "beaglebone"
DISTRO               = "deby"
DISTRO_VERSION       = "10.0"
TUNE_FEATURES        = "arm armv7a vfp thumb neon callconvention-hard"
TARGET_FPU           = "hard"
meta                 
meta-poky            = "warrior:79a850a10a4b88a6d20d607b322542f947874323"
meta-debian          = "warrior:f7512bd96372e67fe4288cb5cb61cf52d282dd4e"
meta-ti              = "master:d793618c727d5a334241699d4421dbfc539be86c"
meta-ti              = "warrior:f7512bd96372e67fe4288cb5cb61cf52d282dd4e"

Initialising tasks...done.
Sstate summary: Wanted 9 Found 0 Missed 9 Current 448 (0% match, 98% complete)
NOTE: Executing SetScene Tasks
NOTE: Executing RunQueue Tasks
NOTE: Running task 1561 of 2067 (/home/deby/poky/meta-debian/recipes-debian/pcsc-lite/pcsc-lite_debian.bb:do_prepare_recipe_sysroot)
NOTE: recipe pcsc-lite-1.8.24-r0: task do_prepare_recipe_sysroot: Started
NOTE: recipe pcsc-lite-1.8.24-r0: task do_prepare_recipe_sysroot: Succeeded
NOTE: Running task 2051 of 2067 (/home/deby/poky/meta-debian/recipes-debian/pcsc-lite/pcsc-lite_debian.bb:do_configure)
NOTE: recipe pcsc-lite-1.8.24-r0: task do_configure: Started
NOTE: recipe pcsc-lite-1.8.24-r0: task do_configure: Succeeded
NOTE: Running task 2052 of 2067 (/home/deby/poky/meta-debian/recipes-debian/pcsc-lite/pcsc-lite_debian.bb:do_compile)
NOTE: recipe pcsc-lite-1.8.24-r0: task do_compile: Started
NOTE: recipe pcsc-lite-1.8.24-r0: task do_compile: Succeeded
NOTE: Running task 2053 of 2067 (/home/deby/poky/meta-debian/recipes-debian/pcsc-lite/pcsc-lite_debian.bb:do_install)
NOTE: recipe pcsc-lite-1.8.24-r0: task do_install: Started
NOTE: recipe pcsc-lite-1.8.24-r0: task do_install: Succeeded
NOTE: Running task 2054 of 2067 (/home/deby/poky/meta-debian/recipes-debian/pcsc-lite/pcsc-lite_debian.bb:do_package)
NOTE: Running task 2055 of 2067 (/home/deby/poky/meta-debian/recipes-debian/pcsc-lite/pcsc-lite_debian.bb:do_populate_sysroot)
NOTE: recipe pcsc-lite-1.8.24-r0: task do_package: Started
NOTE: recipe pcsc-lite-1.8.24-r0: task do_populate_sysroot: Started
NOTE: recipe pcsc-lite-1.8.24-r0: task do_populate_sysroot: Succeeded
NOTE: Running task 2056 of 2067 (/home/deby/poky/meta-debian/recipes-debian/pam-pkcs11/pam-pkcs11_debian.bb:do_prepare_recipe_sysroot)
NOTE: recipe pam-pkcs11-0.6.9-r0: task do_prepare_recipe_sysroot: Started
NOTE: recipe pcsc-lite-1.8.24-r0: task do_package: Succeeded
NOTE: Running task 2057 of 2067 (/home/deby/poky/meta-debian/recipes-debian/pcsc-lite/pcsc-lite_debian.bb:do_packagedata)
NOTE: recipe pcsc-lite-1.8.24-r0: task do_packagedata: Started
NOTE: recipe pcsc-lite-1.8.24-r0: task do_packagedata: Succeeded
NOTE: Running task 2058 of 2067 (/home/deby/poky/meta-debian/recipes-debian/pcsc-lite/pcsc-lite_debian.bb:do_package_write_deb)
NOTE: recipe pcsc-lite-1.8.24-r0: task do_package_write_deb: Started
NOTE: recipe pcsc-lite-1.8.24-r0: task do_package_write_deb: Succeeded
NOTE: recipe pam-pkcs11-0.6.9-r0: task do_prepare_recipe_sysroot: Succeeded
NOTE: Running task 2059 of 2067 (/home/deby/poky/meta-debian/recipes-debian/pam-pkcs11/pam-pkcs11_debian.bb:do_configure)
NOTE: recipe pam-pkcs11-0.6.9-r0: task do_configure: Started
NOTE: recipe pam-pkcs11-0.6.9-r0: task do_configure: Succeeded
NOTE: Running task 2060 of 2067 (/home/deby/poky/meta-debian/recipes-debian/pam-pkcs11/pam-pkcs11_debian.bb:do_compile)
NOTE: recipe pam-pkcs11-0.6.9-r0: task do_compile: Started
NOTE: recipe pam-pkcs11-0.6.9-r0: task do_compile: Succeeded
NOTE: Running task 2061 of 2067 (/home/deby/poky/meta-debian/recipes-debian/pam-pkcs11/pam-pkcs11_debian.bb:do_install)
NOTE: recipe pam-pkcs11-0.6.9-r0: task do_install: Started
NOTE: recipe pam-pkcs11-0.6.9-r0: task do_install: Succeeded
NOTE: Running task 2062 of 2067 (/home/deby/poky/meta-debian/recipes-debian/pam-pkcs11/pam-pkcs11_debian.bb:do_package)
NOTE: Running task 2063 of 2067 (/home/deby/poky/meta-debian/recipes-debian/pam-pkcs11/pam-pkcs11_debian.bb:do_populate_sysroot)
NOTE: recipe pam-pkcs11-0.6.9-r0: task do_populate_sysroot: Started
NOTE: recipe pam-pkcs11-0.6.9-r0: task do_package: Started
NOTE: recipe pam-pkcs11-0.6.9-r0: task do_populate_sysroot: Succeeded
NOTE: recipe pam-pkcs11-0.6.9-r0: task do_package: Succeeded
NOTE: Running task 2064 of 2067 (/home/deby/poky/meta-debian/recipes-debian/pam-pkcs11/pam-pkcs11_debian.bb:do_packagedata)
NOTE: recipe pam-pkcs11-0.6.9-r0: task do_packagedata: Started
NOTE: recipe pam-pkcs11-0.6.9-r0: task do_packagedata: Succeeded
NOTE: Running task 2065 of 2067 (/home/deby/poky/meta-debian/recipes-debian/pam-pkcs11/pam-pkcs11_debian.bb:do_package_write_deb)
NOTE: Running task 2066 of 2067 (/home/deby/poky/meta-debian/recipes-debian/pam-pkcs11/pam-pkcs11_debian.bb:do_package_qa)
NOTE: recipe pam-pkcs11-0.6.9-r0: task do_package_write_deb: Started
NOTE: recipe pam-pkcs11-0.6.9-r0: task do_package_qa: Started
NOTE: recipe pam-pkcs11-0.6.9-r0: task do_package_qa: Succeeded
NOTE: recipe pam-pkcs11-0.6.9-r0: task do_package_write_deb: Succeeded
NOTE: Running noexec task 2067 of 2067 (/home/deby/poky/meta-debian/recipes-debian/pam-pkcs11/pam-pkcs11_debian.bb:do_build)
NOTE: Tasks Summary: Attempted 2067 tasks of which 2049 didn't need to be rerun and all succeeded.

Summary: There was 1 WARNING message shown.
