WARNING: Host distribution "debian-10" has not been validated with this version of the build system; you may possibly experience unexpected failures. It is recommended that you use a tested distribution.
Loading cache...done.
Loaded 1440 entries from dependency cache.
NOTE: Resolving any missing task queue dependencies

Build Configuration:
BB_VERSION           = "1.42.0"
BUILD_SYS            = "x86_64-linux"
NATIVELSBSTRING      = "universal"
TARGET_SYS           = "powerpc-deby-linux"
MACHINE              = "qemuppc"
DISTRO               = "deby"
DISTRO_VERSION       = "10.0"
TUNE_FEATURES        = "m32 fpu-hard ppc7400 altivec"
TARGET_FPU           = ""
meta                 
meta-poky            = "warrior:51223035e66c5b27799b15a0f8ebe75d24d3971b"
meta-debian          = "warrior-trungdt:47b755ebe41c5afc0ea94d75b55c4f0efd8983fe"

Initialising tasks...done.
Sstate summary: Wanted 20 Found 14 Missed 6 Current 72 (70% match, 93% complete)
NOTE: Executing SetScene Tasks
NOTE: Running setscene task 79 of 92 (virtual:nativesdk:/home/deby/poky/meta-debian/recipes-debian/gettext/gettext_debian.bb:do_populate_sysroot_setscene)
NOTE: Running setscene task 80 of 92 (virtual:nativesdk:/home/deby/poky/meta-debian/recipes-debian/gettext/gettext_debian.bb:do_package_write_deb_setscene)
NOTE: recipe nativesdk-gettext-0.19.8.1-r0: task do_package_write_deb_setscene: Started
NOTE: recipe nativesdk-gettext-0.19.8.1-r0: task do_populate_sysroot_setscene: Started
NOTE: recipe nativesdk-gettext-0.19.8.1-r0: task do_package_write_deb_setscene: Succeeded
NOTE: Running setscene task 89 of 92 (virtual:nativesdk:/home/deby/poky/meta-debian/recipes-debian/gettext/gettext_debian.bb:do_packagedata_setscene)
NOTE: recipe nativesdk-gettext-0.19.8.1-r0: task do_populate_sysroot_setscene: Succeeded
NOTE: recipe nativesdk-gettext-0.19.8.1-r0: task do_packagedata_setscene: Started
NOTE: recipe nativesdk-gettext-0.19.8.1-r0: task do_packagedata_setscene: Succeeded
NOTE: Running setscene task 91 of 92 (/home/deby/poky/meta-debian/recipes-debian/gcc/gcc-crosssdk_debian.bb:do_populate_sysroot_setscene)
NOTE: recipe gcc-crosssdk-x86_64-debysdk-linux-8.3.0-r0: task do_populate_sysroot_setscene: Started
NOTE: recipe gcc-crosssdk-x86_64-debysdk-linux-8.3.0-r0: task do_populate_sysroot_setscene: Succeeded
NOTE: Executing RunQueue Tasks
NOTE: Running task 495 of 578 (/home/deby/poky/meta-debian/recipes-debian/binutils/binutils-cross-canadian_debian.bb:do_fetch)
NOTE: recipe binutils-cross-canadian-powerpc-2.31.1-r0: task do_fetch: Started
NOTE: recipe binutils-cross-canadian-powerpc-2.31.1-r0: task do_fetch: Succeeded
NOTE: Running task 564 of 578 (/home/deby/poky/meta-debian/recipes-debian/binutils/binutils-cross-canadian_debian.bb:do_unpack)
NOTE: Running task 565 of 578 (/home/deby/poky/meta-debian/recipes-debian/binutils/binutils-cross-canadian_debian.bb:do_prepare_recipe_sysroot)
NOTE: recipe binutils-cross-canadian-powerpc-2.31.1-r0: task do_prepare_recipe_sysroot: Started
NOTE: recipe binutils-cross-canadian-powerpc-2.31.1-r0: task do_unpack: Started
NOTE: recipe binutils-cross-canadian-powerpc-2.31.1-r0: task do_prepare_recipe_sysroot: Succeeded
NOTE: recipe binutils-cross-canadian-powerpc-2.31.1-r0: task do_unpack: Succeeded
NOTE: Running task 566 of 578 (/home/deby/poky/meta-debian/recipes-debian/binutils/binutils-cross-canadian_debian.bb:do_debian_unpack_extra)
NOTE: recipe binutils-cross-canadian-powerpc-2.31.1-r0: task do_debian_unpack_extra: Started
NOTE: recipe binutils-cross-canadian-powerpc-2.31.1-r0: task do_debian_unpack_extra: Succeeded
NOTE: Running task 567 of 578 (/home/deby/poky/meta-debian/recipes-debian/binutils/binutils-cross-canadian_debian.bb:do_debian_patch)
NOTE: recipe binutils-cross-canadian-powerpc-2.31.1-r0: task do_debian_patch: Started
NOTE: recipe binutils-cross-canadian-powerpc-2.31.1-r0: task do_debian_patch: Succeeded
NOTE: Running task 568 of 578 (/home/deby/poky/meta-debian/recipes-debian/binutils/binutils-cross-canadian_debian.bb:do_patch)
NOTE: recipe binutils-cross-canadian-powerpc-2.31.1-r0: task do_patch: Started
NOTE: recipe binutils-cross-canadian-powerpc-2.31.1-r0: task do_patch: Succeeded
NOTE: Running task 569 of 578 (/home/deby/poky/meta-debian/recipes-debian/binutils/binutils-cross-canadian_debian.bb:do_configure)
NOTE: Running task 570 of 578 (/home/deby/poky/meta-debian/recipes-debian/binutils/binutils-cross-canadian_debian.bb:do_populate_lic)
NOTE: recipe binutils-cross-canadian-powerpc-2.31.1-r0: task do_configure: Started
NOTE: recipe binutils-cross-canadian-powerpc-2.31.1-r0: task do_populate_lic: Started
NOTE: recipe binutils-cross-canadian-powerpc-2.31.1-r0: task do_populate_lic: Succeeded
NOTE: recipe binutils-cross-canadian-powerpc-2.31.1-r0: task do_configure: Succeeded
NOTE: Running task 571 of 578 (/home/deby/poky/meta-debian/recipes-debian/binutils/binutils-cross-canadian_debian.bb:do_compile)
NOTE: recipe binutils-cross-canadian-powerpc-2.31.1-r0: task do_compile: Started
NOTE: recipe binutils-cross-canadian-powerpc-2.31.1-r0: task do_compile: Succeeded
NOTE: Running task 572 of 578 (/home/deby/poky/meta-debian/recipes-debian/binutils/binutils-cross-canadian_debian.bb:do_install)
NOTE: recipe binutils-cross-canadian-powerpc-2.31.1-r0: task do_install: Started
NOTE: recipe binutils-cross-canadian-powerpc-2.31.1-r0: task do_install: Succeeded
NOTE: Running task 573 of 578 (/home/deby/poky/meta-debian/recipes-debian/binutils/binutils-cross-canadian_debian.bb:do_package)
NOTE: Running task 574 of 578 (/home/deby/poky/meta-debian/recipes-debian/binutils/binutils-cross-canadian_debian.bb:do_populate_sysroot)
NOTE: recipe binutils-cross-canadian-powerpc-2.31.1-r0: task do_populate_sysroot: Started
NOTE: recipe binutils-cross-canadian-powerpc-2.31.1-r0: task do_package: Started
NOTE: recipe binutils-cross-canadian-powerpc-2.31.1-r0: task do_populate_sysroot: Succeeded
NOTE: recipe binutils-cross-canadian-powerpc-2.31.1-r0: task do_package: Succeeded
NOTE: Running task 575 of 578 (/home/deby/poky/meta-debian/recipes-debian/binutils/binutils-cross-canadian_debian.bb:do_packagedata)
NOTE: recipe binutils-cross-canadian-powerpc-2.31.1-r0: task do_packagedata: Started
NOTE: recipe binutils-cross-canadian-powerpc-2.31.1-r0: task do_packagedata: Succeeded
NOTE: Running task 576 of 578 (/home/deby/poky/meta-debian/recipes-debian/binutils/binutils-cross-canadian_debian.bb:do_package_write_deb)
NOTE: Running task 577 of 578 (/home/deby/poky/meta-debian/recipes-debian/binutils/binutils-cross-canadian_debian.bb:do_package_qa)
NOTE: recipe binutils-cross-canadian-powerpc-2.31.1-r0: task do_package_write_deb: Started
NOTE: recipe binutils-cross-canadian-powerpc-2.31.1-r0: task do_package_qa: Started
NOTE: recipe binutils-cross-canadian-powerpc-2.31.1-r0: task do_package_qa: Succeeded
NOTE: recipe binutils-cross-canadian-powerpc-2.31.1-r0: task do_package_write_deb: Succeeded
NOTE: Running noexec task 578 of 578 (/home/deby/poky/meta-debian/recipes-debian/binutils/binutils-cross-canadian_debian.bb:do_build)
NOTE: Tasks Summary: Attempted 578 tasks of which 562 didn't need to be rerun and all succeeded.

Summary: There was 1 WARNING message shown.
