WARNING: Host distribution "debian-10" has not been validated with this version of the build system; you may possibly experience unexpected failures. It is recommended that you use a tested distribution.
Loading cache...done.
Loaded 1440 entries from dependency cache.
NOTE: Resolving any missing task queue dependencies

Build Configuration:
BB_VERSION           = "1.42.0"
BUILD_SYS            = "x86_64-linux"
NATIVELSBSTRING      = "universal"
TARGET_SYS           = "powerpc-deby-linux"
MACHINE              = "qemuppc"
DISTRO               = "deby"
DISTRO_VERSION       = "10.0"
TUNE_FEATURES        = "m32 fpu-hard ppc7400 altivec"
TARGET_FPU           = ""
meta                 
meta-poky            = "warrior:51223035e66c5b27799b15a0f8ebe75d24d3971b"
meta-debian          = "warrior-trungdt:47b755ebe41c5afc0ea94d75b55c4f0efd8983fe"

Initialising tasks...done.
Sstate summary: Wanted 40 Found 30 Missed 10 Current 152 (75% match, 94% complete)
NOTE: Executing SetScene Tasks
NOTE: Running setscene task 167 of 192 (virtual:nativesdk:/home/deby/poky/meta-debian/recipes-debian/libmpc/libmpc_debian.bb:do_populate_sysroot_setscene)
NOTE: Running setscene task 168 of 192 (virtual:nativesdk:/home/deby/poky/meta-debian/recipes-debian/libmpc/libmpc_debian.bb:do_package_write_deb_setscene)
NOTE: Running setscene task 177 of 192 (/home/deby/poky/meta-debian/recipes-debian/libtool/nativesdk-libtool_debian.bb:do_populate_sysroot_setscene)
NOTE: Running setscene task 178 of 192 (/home/deby/poky/meta-debian/recipes-debian/libtool/nativesdk-libtool_debian.bb:do_package_write_deb_setscene)
NOTE: recipe nativesdk-libtool-2.4.6-r0: task do_populate_sysroot_setscene: Started
NOTE: recipe nativesdk-libtool-2.4.6-r0: task do_package_write_deb_setscene: Started
NOTE: recipe nativesdk-libmpc-1.1.0-r0: task do_package_write_deb_setscene: Started
NOTE: recipe nativesdk-libmpc-1.1.0-r0: task do_populate_sysroot_setscene: Started
NOTE: recipe nativesdk-libtool-2.4.6-r0: task do_package_write_deb_setscene: Succeeded
NOTE: recipe nativesdk-libmpc-1.1.0-r0: task do_package_write_deb_setscene: Succeeded
NOTE: Running setscene task 189 of 192 (/home/deby/poky/meta-debian/recipes-debian/libtool/nativesdk-libtool_debian.bb:do_packagedata_setscene)
NOTE: Running setscene task 190 of 192 (virtual:nativesdk:/home/deby/poky/meta-debian/recipes-debian/libmpc/libmpc_debian.bb:do_packagedata_setscene)
NOTE: recipe nativesdk-libmpc-1.1.0-r0: task do_populate_sysroot_setscene: Succeeded
NOTE: recipe nativesdk-libtool-2.4.6-r0: task do_populate_sysroot_setscene: Succeeded
NOTE: recipe nativesdk-libtool-2.4.6-r0: task do_packagedata_setscene: Started
NOTE: recipe nativesdk-libmpc-1.1.0-r0: task do_packagedata_setscene: Started
NOTE: recipe nativesdk-libtool-2.4.6-r0: task do_packagedata_setscene: Succeeded
NOTE: recipe nativesdk-libmpc-1.1.0-r0: task do_packagedata_setscene: Succeeded
NOTE: Executing RunQueue Tasks
NOTE: Running task 148 of 889 (/home/deby/poky/meta-debian/recipes-debian/gcc/gcc-source_debian.bb:do_debian_unpack_extra)
NOTE: Running noexec task 594 of 889 (/home/deby/poky/meta-debian/recipes-debian/gcc/gcc-cross-canadian_debian.bb:do_fetch)
NOTE: Running task 613 of 889 (/home/deby/poky/meta-debian/recipes-debian/gcc/gcc-cross-canadian_debian.bb:do_populate_lic)
NOTE: recipe gcc-source-8.3.0-8.3.0-r0: task do_debian_unpack_extra: Started
NOTE: recipe gcc-cross-canadian-powerpc-8.3.0-r0: task do_populate_lic: Started
NOTE: recipe gcc-source-8.3.0-8.3.0-r0: task do_debian_unpack_extra: Succeeded
NOTE: Running task 614 of 889 (/home/deby/poky/meta-debian/recipes-debian/gcc/gcc-source_debian.bb:do_debian_patch)
NOTE: recipe gcc-source-8.3.0-8.3.0-r0: task do_debian_patch: Started
NOTE: recipe gcc-cross-canadian-powerpc-8.3.0-r0: task do_populate_lic: Succeeded
NOTE: recipe gcc-source-8.3.0-8.3.0-r0: task do_debian_patch: Succeeded
NOTE: Running task 615 of 889 (/home/deby/poky/meta-debian/recipes-debian/gcc/gcc-source_debian.bb:do_patch)
NOTE: recipe gcc-source-8.3.0-8.3.0-r0: task do_patch: Started
NOTE: recipe gcc-source-8.3.0-8.3.0-r0: task do_patch: Succeeded
NOTE: Running task 616 of 889 (/home/deby/poky/meta-debian/recipes-debian/gcc/gcc-source_debian.bb:do_preconfigure)
NOTE: recipe gcc-source-8.3.0-8.3.0-r0: task do_preconfigure: Started
NOTE: recipe gcc-source-8.3.0-8.3.0-r0: task do_preconfigure: Succeeded
NOTE: Running task 730 of 889 (virtual:nativesdk:/home/deby/poky/meta/recipes-devtools/elfutils/elfutils_0.176.bb:do_prepare_recipe_sysroot)
NOTE: recipe nativesdk-elfutils-0.176-r0: task do_prepare_recipe_sysroot: Started
NOTE: recipe nativesdk-elfutils-0.176-r0: task do_prepare_recipe_sysroot: Succeeded
NOTE: Running task 873 of 889 (virtual:nativesdk:/home/deby/poky/meta/recipes-devtools/elfutils/elfutils_0.176.bb:do_configure)
NOTE: recipe nativesdk-elfutils-0.176-r0: task do_configure: Started
NOTE: recipe nativesdk-elfutils-0.176-r0: task do_configure: Succeeded
NOTE: Running task 874 of 889 (virtual:nativesdk:/home/deby/poky/meta/recipes-devtools/elfutils/elfutils_0.176.bb:do_compile)
NOTE: recipe nativesdk-elfutils-0.176-r0: task do_compile: Started
NOTE: recipe nativesdk-elfutils-0.176-r0: task do_compile: Succeeded
NOTE: Running task 875 of 889 (virtual:nativesdk:/home/deby/poky/meta/recipes-devtools/elfutils/elfutils_0.176.bb:do_install)
NOTE: recipe nativesdk-elfutils-0.176-r0: task do_install: Started
NOTE: recipe nativesdk-elfutils-0.176-r0: task do_install: Succeeded
NOTE: Running task 876 of 889 (virtual:nativesdk:/home/deby/poky/meta/recipes-devtools/elfutils/elfutils_0.176.bb:do_package)
NOTE: Running task 877 of 889 (virtual:nativesdk:/home/deby/poky/meta/recipes-devtools/elfutils/elfutils_0.176.bb:do_populate_sysroot)
NOTE: recipe nativesdk-elfutils-0.176-r0: task do_populate_sysroot: Started
NOTE: recipe nativesdk-elfutils-0.176-r0: task do_package: Started
NOTE: recipe nativesdk-elfutils-0.176-r0: task do_populate_sysroot: Succeeded
NOTE: Running task 878 of 889 (/home/deby/poky/meta-debian/recipes-debian/gcc/gcc-cross-canadian_debian.bb:do_prepare_recipe_sysroot)
NOTE: recipe gcc-cross-canadian-powerpc-8.3.0-r0: task do_prepare_recipe_sysroot: Started
NOTE: recipe gcc-cross-canadian-powerpc-8.3.0-r0: task do_prepare_recipe_sysroot: Succeeded
NOTE: Running task 879 of 889 (/home/deby/poky/meta-debian/recipes-debian/gcc/gcc-cross-canadian_debian.bb:do_configure)
NOTE: recipe gcc-cross-canadian-powerpc-8.3.0-r0: task do_configure: Started
NOTE: recipe nativesdk-elfutils-0.176-r0: task do_package: Succeeded
NOTE: Running task 880 of 889 (virtual:nativesdk:/home/deby/poky/meta/recipes-devtools/elfutils/elfutils_0.176.bb:do_packagedata)
NOTE: recipe nativesdk-elfutils-0.176-r0: task do_packagedata: Started
NOTE: recipe nativesdk-elfutils-0.176-r0: task do_packagedata: Succeeded
NOTE: Running task 881 of 889 (virtual:nativesdk:/home/deby/poky/meta/recipes-devtools/elfutils/elfutils_0.176.bb:do_package_write_deb)
NOTE: recipe nativesdk-elfutils-0.176-r0: task do_package_write_deb: Started
NOTE: recipe gcc-cross-canadian-powerpc-8.3.0-r0: task do_configure: Succeeded
NOTE: Running task 882 of 889 (/home/deby/poky/meta-debian/recipes-debian/gcc/gcc-cross-canadian_debian.bb:do_compile)
NOTE: recipe gcc-cross-canadian-powerpc-8.3.0-r0: task do_compile: Started
NOTE: recipe nativesdk-elfutils-0.176-r0: task do_package_write_deb: Succeeded
NOTE: recipe gcc-cross-canadian-powerpc-8.3.0-r0: task do_compile: Succeeded
NOTE: Running task 883 of 889 (/home/deby/poky/meta-debian/recipes-debian/gcc/gcc-cross-canadian_debian.bb:do_install)
NOTE: recipe gcc-cross-canadian-powerpc-8.3.0-r0: task do_install: Started
NOTE: recipe gcc-cross-canadian-powerpc-8.3.0-r0: task do_install: Succeeded
NOTE: Running task 884 of 889 (/home/deby/poky/meta-debian/recipes-debian/gcc/gcc-cross-canadian_debian.bb:do_package)
NOTE: Running task 885 of 889 (/home/deby/poky/meta-debian/recipes-debian/gcc/gcc-cross-canadian_debian.bb:do_populate_sysroot)
NOTE: recipe gcc-cross-canadian-powerpc-8.3.0-r0: task do_package: Started
NOTE: recipe gcc-cross-canadian-powerpc-8.3.0-r0: task do_populate_sysroot: Started
NOTE: recipe gcc-cross-canadian-powerpc-8.3.0-r0: task do_populate_sysroot: Succeeded
NOTE: recipe gcc-cross-canadian-powerpc-8.3.0-r0: task do_package: Succeeded
NOTE: Running task 886 of 889 (/home/deby/poky/meta-debian/recipes-debian/gcc/gcc-cross-canadian_debian.bb:do_packagedata)
NOTE: recipe gcc-cross-canadian-powerpc-8.3.0-r0: task do_packagedata: Started
NOTE: recipe gcc-cross-canadian-powerpc-8.3.0-r0: task do_packagedata: Succeeded
NOTE: Running task 887 of 889 (/home/deby/poky/meta-debian/recipes-debian/gcc/gcc-cross-canadian_debian.bb:do_package_write_deb)
NOTE: Running task 888 of 889 (/home/deby/poky/meta-debian/recipes-debian/gcc/gcc-cross-canadian_debian.bb:do_package_qa)
NOTE: recipe gcc-cross-canadian-powerpc-8.3.0-r0: task do_package_write_deb: Started
NOTE: recipe gcc-cross-canadian-powerpc-8.3.0-r0: task do_package_qa: Started
NOTE: recipe gcc-cross-canadian-powerpc-8.3.0-r0: task do_package_qa: Succeeded
NOTE: recipe gcc-cross-canadian-powerpc-8.3.0-r0: task do_package_write_deb: Succeeded
NOTE: Running noexec task 889 of 889 (/home/deby/poky/meta-debian/recipes-debian/gcc/gcc-cross-canadian_debian.bb:do_build)
NOTE: Tasks Summary: Attempted 889 tasks of which 865 didn't need to be rerun and all succeeded.

Summary: There was 1 WARNING message shown.
