WARNING: Host distribution "debian-10" has not been validated with this version of the build system; you may possibly experience unexpected failures. It is recommended that you use a tested distribution.
Loading cache...done.
Loaded 1440 entries from dependency cache.
NOTE: Resolving any missing task queue dependencies

Build Configuration:
BB_VERSION           = "1.42.0"
BUILD_SYS            = "x86_64-linux"
NATIVELSBSTRING      = "universal"
TARGET_SYS           = "powerpc-deby-linux"
MACHINE              = "qemuppc"
DISTRO               = "deby"
DISTRO_VERSION       = "10.0"
TUNE_FEATURES        = "m32 fpu-hard ppc7400 altivec"
TARGET_FPU           = ""
meta                 
meta-poky            = "warrior:51223035e66c5b27799b15a0f8ebe75d24d3971b"
meta-debian          = "warrior-trungdt:47b755ebe41c5afc0ea94d75b55c4f0efd8983fe"

Initialising tasks...done.
Sstate summary: Wanted 3 Found 2 Missed 1 Current 53 (66% match, 98% complete)
NOTE: Executing SetScene Tasks
NOTE: Executing RunQueue Tasks
NOTE: Running task 209 of 454 (/home/deby/poky/meta-debian/recipes-debian/gcc/gcc-source_debian.bb:do_unpack)
NOTE: recipe gcc-source-8.3.0-8.3.0-r0: task do_unpack: Started
NOTE: recipe gcc-source-8.3.0-8.3.0-r0: task do_unpack: Succeeded
NOTE: Running task 452 of 454 (/home/deby/poky/meta-debian/recipes-debian/gcc/gcc-cross_debian.bb:do_populate_lic)
NOTE: recipe gcc-cross-powerpc-8.3.0-r0: task do_populate_lic: Started
NOTE: recipe gcc-cross-powerpc-8.3.0-r0: task do_populate_lic: Succeeded
NOTE: Running noexec task 454 of 454 (/home/deby/poky/meta-debian/recipes-debian/gcc/gcc-cross_debian.bb:do_build)
NOTE: Tasks Summary: Attempted 454 tasks of which 451 didn't need to be rerun and all succeeded.

Summary: There was 1 WARNING message shown.
