WARNING: Host distribution "debian-10" has not been validated with this version of the build system; you may possibly experience unexpected failures. It is recommended that you use a tested distribution.
Loading cache...done.
Loaded 1440 entries from dependency cache.
NOTE: Resolving any missing task queue dependencies

Build Configuration:
BB_VERSION           = "1.42.0"
BUILD_SYS            = "x86_64-linux"
NATIVELSBSTRING      = "universal"
TARGET_SYS           = "powerpc-deby-linux"
MACHINE              = "qemuppc"
DISTRO               = "deby"
DISTRO_VERSION       = "10.0"
TUNE_FEATURES        = "m32 fpu-hard ppc7400 altivec"
TARGET_FPU           = ""
meta                 
meta-poky            = "warrior:51223035e66c5b27799b15a0f8ebe75d24d3971b"
meta-debian          = "warrior-trungdt:47b755ebe41c5afc0ea94d75b55c4f0efd8983fe"

Initialising tasks...done.
Sstate summary: Wanted 33 Found 27 Missed 6 Current 127 (81% match, 96% complete)
NOTE: Executing SetScene Tasks
NOTE: Running setscene task 135 of 160 (virtual:nativesdk:/home/deby/poky/meta/recipes-devtools/python/python3_3.7.2.bb:do_populate_sysroot_setscene)
NOTE: Running setscene task 137 of 160 (virtual:nativesdk:/home/deby/poky/meta-debian/recipes-debian/expat/expat_debian.bb:do_populate_sysroot_setscene)
NOTE: Running setscene task 138 of 160 (virtual:nativesdk:/home/deby/poky/meta-debian/recipes-debian/expat/expat_debian.bb:do_package_write_deb_setscene)
NOTE: recipe nativesdk-expat-2.2.6-r0: task do_package_write_deb_setscene: Started
NOTE: recipe nativesdk-expat-2.2.6-r0: task do_populate_sysroot_setscene: Started
NOTE: recipe nativesdk-python3-3.7.2-r0: task do_populate_sysroot_setscene: Started
NOTE: recipe nativesdk-expat-2.2.6-r0: task do_populate_sysroot_setscene: Succeeded
NOTE: recipe nativesdk-expat-2.2.6-r0: task do_package_write_deb_setscene: Succeeded
NOTE: Running setscene task 152 of 160 (virtual:nativesdk:/home/deby/poky/meta-debian/recipes-debian/expat/expat_debian.bb:do_packagedata_setscene)
NOTE: recipe nativesdk-expat-2.2.6-r0: task do_packagedata_setscene: Started
NOTE: recipe nativesdk-expat-2.2.6-r0: task do_packagedata_setscene: Succeeded
NOTE: recipe nativesdk-python3-3.7.2-r0: task do_populate_sysroot_setscene: Succeeded
NOTE: Running setscene task 154 of 160 (virtual:nativesdk:/home/deby/poky/meta-debian/recipes-debian/readline/readline_debian.bb:do_populate_sysroot_setscene)
NOTE: Running setscene task 155 of 160 (virtual:nativesdk:/home/deby/poky/meta-debian/recipes-debian/openssl/openssl_debian.bb:do_populate_sysroot_setscene)
NOTE: Running setscene task 156 of 160 (virtual:nativesdk:/home/deby/poky/meta/recipes-support/sqlite/sqlite3_3.27.2.bb:do_populate_sysroot_setscene)
NOTE: Running setscene task 157 of 160 (virtual:nativesdk:/home/deby/poky/meta/recipes-extended/xz/xz_5.2.4.bb:do_populate_sysroot_setscene)
NOTE: Running setscene task 158 of 160 (virtual:nativesdk:/home/deby/poky/meta/recipes-extended/libnsl/libnsl2_git.bb:do_populate_sysroot_setscene)
NOTE: Running setscene task 159 of 160 (virtual:nativesdk:/home/deby/poky/meta/recipes-support/gdbm/gdbm_1.18.1.bb:do_populate_sysroot_setscene)
NOTE: recipe nativesdk-sqlite3-3_3.27.2-r0: task do_populate_sysroot_setscene: Started
NOTE: recipe nativesdk-libnsl2-1.2.0+gitAUTOINC+37c5ffe303-r0: task do_populate_sysroot_setscene: Started
NOTE: recipe nativesdk-xz-5.2.4-r0: task do_populate_sysroot_setscene: Started
NOTE: recipe nativesdk-readline-7.0-r0: task do_populate_sysroot_setscene: Started
NOTE: recipe nativesdk-openssl-1.1.1c-r0: task do_populate_sysroot_setscene: Started
NOTE: recipe nativesdk-gdbm-1.18.1-r0: task do_populate_sysroot_setscene: Started
NOTE: recipe nativesdk-sqlite3-3_3.27.2-r0: task do_populate_sysroot_setscene: Succeeded
NOTE: recipe nativesdk-gdbm-1.18.1-r0: task do_populate_sysroot_setscene: Succeeded
NOTE: recipe nativesdk-readline-7.0-r0: task do_populate_sysroot_setscene: Succeeded
NOTE: recipe nativesdk-libnsl2-1.2.0+gitAUTOINC+37c5ffe303-r0: task do_populate_sysroot_setscene: Succeeded
NOTE: Running setscene task 160 of 160 (virtual:nativesdk:/home/deby/poky/meta/recipes-extended/libtirpc/libtirpc_1.0.3.bb:do_populate_sysroot_setscene)
NOTE: recipe nativesdk-xz-5.2.4-r0: task do_populate_sysroot_setscene: Succeeded
NOTE: recipe nativesdk-openssl-1.1.1c-r0: task do_populate_sysroot_setscene: Succeeded
NOTE: recipe nativesdk-libtirpc-1.0.3-r0: task do_populate_sysroot_setscene: Started
NOTE: recipe nativesdk-libtirpc-1.0.3-r0: task do_populate_sysroot_setscene: Succeeded
NOTE: Executing RunQueue Tasks
NOTE: Running task 623 of 782 (/home/deby/poky/meta-debian/recipes-debian/gdb/gdb-cross-canadian_debian.bb:do_fetch)
NOTE: recipe gdb-cross-canadian-powerpc-8.2.1-r0: task do_fetch: Started
NOTE: recipe gdb-cross-canadian-powerpc-8.2.1-r0: task do_fetch: Succeeded
NOTE: Running task 768 of 782 (/home/deby/poky/meta-debian/recipes-debian/gdb/gdb-cross-canadian_debian.bb:do_unpack)
NOTE: Running task 769 of 782 (/home/deby/poky/meta-debian/recipes-debian/gdb/gdb-cross-canadian_debian.bb:do_prepare_recipe_sysroot)
NOTE: recipe gdb-cross-canadian-powerpc-8.2.1-r0: task do_unpack: Started
NOTE: recipe gdb-cross-canadian-powerpc-8.2.1-r0: task do_prepare_recipe_sysroot: Started
NOTE: recipe gdb-cross-canadian-powerpc-8.2.1-r0: task do_prepare_recipe_sysroot: Succeeded
NOTE: recipe gdb-cross-canadian-powerpc-8.2.1-r0: task do_unpack: Succeeded
NOTE: Running task 770 of 782 (/home/deby/poky/meta-debian/recipes-debian/gdb/gdb-cross-canadian_debian.bb:do_debian_unpack_extra)
NOTE: recipe gdb-cross-canadian-powerpc-8.2.1-r0: task do_debian_unpack_extra: Started
NOTE: recipe gdb-cross-canadian-powerpc-8.2.1-r0: task do_debian_unpack_extra: Succeeded
NOTE: Running task 771 of 782 (/home/deby/poky/meta-debian/recipes-debian/gdb/gdb-cross-canadian_debian.bb:do_debian_patch)
NOTE: recipe gdb-cross-canadian-powerpc-8.2.1-r0: task do_debian_patch: Started
NOTE: recipe gdb-cross-canadian-powerpc-8.2.1-r0: task do_debian_patch: Succeeded
NOTE: Running task 772 of 782 (/home/deby/poky/meta-debian/recipes-debian/gdb/gdb-cross-canadian_debian.bb:do_patch)
NOTE: recipe gdb-cross-canadian-powerpc-8.2.1-r0: task do_patch: Started
NOTE: recipe gdb-cross-canadian-powerpc-8.2.1-r0: task do_patch: Succeeded
NOTE: Running task 773 of 782 (/home/deby/poky/meta-debian/recipes-debian/gdb/gdb-cross-canadian_debian.bb:do_configure)
NOTE: Running task 774 of 782 (/home/deby/poky/meta-debian/recipes-debian/gdb/gdb-cross-canadian_debian.bb:do_populate_lic)
NOTE: recipe gdb-cross-canadian-powerpc-8.2.1-r0: task do_populate_lic: Started
NOTE: recipe gdb-cross-canadian-powerpc-8.2.1-r0: task do_configure: Started
NOTE: recipe gdb-cross-canadian-powerpc-8.2.1-r0: task do_populate_lic: Succeeded
NOTE: recipe gdb-cross-canadian-powerpc-8.2.1-r0: task do_configure: Succeeded
NOTE: Running task 775 of 782 (/home/deby/poky/meta-debian/recipes-debian/gdb/gdb-cross-canadian_debian.bb:do_compile)
NOTE: recipe gdb-cross-canadian-powerpc-8.2.1-r0: task do_compile: Started
NOTE: recipe gdb-cross-canadian-powerpc-8.2.1-r0: task do_compile: Succeeded
NOTE: Running task 776 of 782 (/home/deby/poky/meta-debian/recipes-debian/gdb/gdb-cross-canadian_debian.bb:do_install)
NOTE: recipe gdb-cross-canadian-powerpc-8.2.1-r0: task do_install: Started
NOTE: recipe gdb-cross-canadian-powerpc-8.2.1-r0: task do_install: Succeeded
NOTE: Running task 777 of 782 (/home/deby/poky/meta-debian/recipes-debian/gdb/gdb-cross-canadian_debian.bb:do_package)
NOTE: Running task 778 of 782 (/home/deby/poky/meta-debian/recipes-debian/gdb/gdb-cross-canadian_debian.bb:do_populate_sysroot)
NOTE: recipe gdb-cross-canadian-powerpc-8.2.1-r0: task do_populate_sysroot: Started
NOTE: recipe gdb-cross-canadian-powerpc-8.2.1-r0: task do_package: Started
NOTE: recipe gdb-cross-canadian-powerpc-8.2.1-r0: task do_populate_sysroot: Succeeded
NOTE: recipe gdb-cross-canadian-powerpc-8.2.1-r0: task do_package: Succeeded
NOTE: Running task 779 of 782 (/home/deby/poky/meta-debian/recipes-debian/gdb/gdb-cross-canadian_debian.bb:do_packagedata)
NOTE: recipe gdb-cross-canadian-powerpc-8.2.1-r0: task do_packagedata: Started
NOTE: recipe gdb-cross-canadian-powerpc-8.2.1-r0: task do_packagedata: Succeeded
NOTE: Running task 780 of 782 (/home/deby/poky/meta-debian/recipes-debian/gdb/gdb-cross-canadian_debian.bb:do_package_write_deb)
NOTE: Running task 781 of 782 (/home/deby/poky/meta-debian/recipes-debian/gdb/gdb-cross-canadian_debian.bb:do_package_qa)
NOTE: recipe gdb-cross-canadian-powerpc-8.2.1-r0: task do_package_write_deb: Started
NOTE: recipe gdb-cross-canadian-powerpc-8.2.1-r0: task do_package_qa: Started
NOTE: recipe gdb-cross-canadian-powerpc-8.2.1-r0: task do_package_qa: Succeeded
NOTE: recipe gdb-cross-canadian-powerpc-8.2.1-r0: task do_package_write_deb: Succeeded
NOTE: Running noexec task 782 of 782 (/home/deby/poky/meta-debian/recipes-debian/gdb/gdb-cross-canadian_debian.bb:do_build)
NOTE: Tasks Summary: Attempted 782 tasks of which 766 didn't need to be rerun and all succeeded.

Summary: There was 1 WARNING message shown.
