WARNING: Host distribution "debian-10" has not been validated with this version of the build system; you may possibly experience unexpected failures. It is recommended that you use a tested distribution.
Loading cache...done.
Loaded 1440 entries from dependency cache.
NOTE: Resolving any missing task queue dependencies

Build Configuration:
BB_VERSION           = "1.42.0"
BUILD_SYS            = "x86_64-linux"
NATIVELSBSTRING      = "universal"
TARGET_SYS           = "powerpc-deby-linux"
MACHINE              = "qemuppc"
DISTRO               = "deby"
DISTRO_VERSION       = "10.0"
TUNE_FEATURES        = "m32 fpu-hard ppc7400 altivec"
TARGET_FPU           = ""
meta                 
meta-poky            = "warrior:51223035e66c5b27799b15a0f8ebe75d24d3971b"
meta-debian          = "warrior-trungdt:47b755ebe41c5afc0ea94d75b55c4f0efd8983fe"

Initialising tasks...done.
Sstate summary: Wanted 82 Found 82 Missed 0 Current 314 (100% match, 100% complete)
NOTE: Executing SetScene Tasks
NOTE: Running setscene task 315 of 396 (/home/deby/poky/meta-debian/recipes-debian/gdb/gdb_debian.bb:do_populate_sysroot_setscene)
NOTE: Running setscene task 316 of 396 (/home/deby/poky/meta-debian/recipes-debian/gdb/gdb_debian.bb:do_package_qa_setscene)
NOTE: Running setscene task 317 of 396 (/home/deby/poky/meta-debian/recipes-debian/gdb/gdb_debian.bb:do_package_write_deb_setscene)
NOTE: Running setscene task 325 of 396 (/home/deby/poky/meta/recipes-kernel/lttng/lttng-ust_2.10.3.bb:do_package_write_deb_setscene)
NOTE: Running setscene task 332 of 396 (/home/deby/poky/meta/recipes-support/liburcu/liburcu_0.10.2.bb:do_package_write_deb_setscene)
NOTE: recipe gdb-8.2.1-r0: task do_package_write_deb_setscene: Started
NOTE: recipe liburcu-0.10.2-r0: task do_package_write_deb_setscene: Started
NOTE: recipe lttng-ust-2_2.10.3-r0: task do_package_write_deb_setscene: Started
NOTE: recipe gdb-8.2.1-r0: task do_populate_sysroot_setscene: Started
NOTE: recipe gdb-8.2.1-r0: task do_package_qa_setscene: Started
NOTE: recipe gdb-8.2.1-r0: task do_package_qa_setscene: Succeeded
NOTE: recipe gdb-8.2.1-r0: task do_populate_sysroot_setscene: Succeeded
NOTE: recipe lttng-ust-2_2.10.3-r0: task do_package_write_deb_setscene: Succeeded
NOTE: recipe liburcu-0.10.2-r0: task do_package_write_deb_setscene: Succeeded
NOTE: recipe gdb-8.2.1-r0: task do_package_write_deb_setscene: Succeeded
NOTE: Running setscene task 387 of 396 (/home/deby/poky/meta-debian/recipes-debian/gdb/gdb_debian.bb:do_packagedata_setscene)
NOTE: recipe gdb-8.2.1-r0: task do_packagedata_setscene: Started
NOTE: recipe gdb-8.2.1-r0: task do_packagedata_setscene: Succeeded
NOTE: Running setscene task 389 of 396 (/home/deby/poky/meta-debian/recipes-debian/readline/readline_debian.bb:do_populate_sysroot_setscene)
NOTE: Running setscene task 390 of 396 (/home/deby/poky/meta/recipes-kernel/lttng/lttng-ust_2.10.3.bb:do_populate_sysroot_setscene)
NOTE: Running setscene task 391 of 396 (/home/deby/poky/meta/recipes-kernel/lttng/lttng-ust_2.10.3.bb:do_packagedata_setscene)
NOTE: recipe lttng-ust-2_2.10.3-r0: task do_populate_sysroot_setscene: Started
NOTE: recipe lttng-ust-2_2.10.3-r0: task do_packagedata_setscene: Started
NOTE: recipe readline-7.0-r0: task do_populate_sysroot_setscene: Started
NOTE: recipe lttng-ust-2_2.10.3-r0: task do_packagedata_setscene: Succeeded
NOTE: Running setscene task 393 of 396 (/home/deby/poky/meta/recipes-support/liburcu/liburcu_0.10.2.bb:do_packagedata_setscene)
NOTE: recipe lttng-ust-2_2.10.3-r0: task do_populate_sysroot_setscene: Succeeded
NOTE: Running setscene task 394 of 396 (/home/deby/poky/meta/recipes-support/liburcu/liburcu_0.10.2.bb:do_populate_sysroot_setscene)
NOTE: recipe readline-7.0-r0: task do_populate_sysroot_setscene: Succeeded
NOTE: recipe liburcu-0.10.2-r0: task do_packagedata_setscene: Started
NOTE: recipe liburcu-0.10.2-r0: task do_populate_sysroot_setscene: Started
NOTE: recipe liburcu-0.10.2-r0: task do_packagedata_setscene: Succeeded
NOTE: recipe liburcu-0.10.2-r0: task do_populate_sysroot_setscene: Succeeded
NOTE: Executing RunQueue Tasks
NOTE: Running noexec task 1670 of 1670 (/home/deby/poky/meta-debian/recipes-debian/gdb/gdb_debian.bb:do_build)
NOTE: Tasks Summary: Attempted 1670 tasks of which 1669 didn't need to be rerun and all succeeded.

Summary: There was 1 WARNING message shown.
