Loading cache...done.
Loaded 1825 entries from dependency cache.
Parsing recipes...done.
Parsing of 1043 .bb files complete (1041 cached, 2 parsed). 1828 targets, 76 skipped, 0 masked, 0 errors.
NOTE: Resolving any missing task queue dependencies

Build Configuration:
BB_VERSION           = "1.42.0"
BUILD_SYS            = "x86_64-linux"
NATIVELSBSTRING      = "universal"
TARGET_SYS           = "powerpc-deby-linux"
MACHINE              = "qemuppc"
DISTRO               = "deby"
DISTRO_VERSION       = "10.0"
TUNE_FEATURES        = "m32 fpu-hard ppc7400 altivec"
TARGET_FPU           = ""
meta                 
meta-poky            = "warrior:79a850a10a4b88a6d20d607b322542f947874323"
meta-debian          = "warrior:fda6a80e4cae9aa03f502551f35fe41beb7bb944"

Initialising tasks...done.
Sstate summary: Wanted 2 Found 0 Missed 2 Current 424 (0% match, 99% complete)
NOTE: Executing SetScene Tasks
NOTE: Executing RunQueue Tasks
NOTE: Running task 1974 of 1978 (/home/deby/poky/meta-debian/recipes-debian/libcap-ng/libcap-ng_debian.bb:do_populate_lic)
NOTE: Running task 1976 of 1978 (/home/deby/poky/meta-debian/recipes-debian/libcap-ng/libcap-ng_debian.bb:do_package_qa)
NOTE: recipe libcap-ng-0.7.9-r0: task do_populate_lic: Started
NOTE: recipe libcap-ng-0.7.9-r0: task do_populate_lic: Succeeded
NOTE: recipe libcap-ng-0.7.9-r0: task do_package_qa: Started
NOTE: recipe libcap-ng-0.7.9-r0: task do_package_qa: Succeeded
NOTE: Running noexec task 1978 of 1978 (/home/deby/poky/meta-debian/recipes-debian/libcap-ng/libcap-ng_debian.bb:do_build)
NOTE: Tasks Summary: Attempted 1978 tasks of which 1975 didn't need to be rerun and all succeeded.
