WARNING: Host distribution "debian-10" has not been validated with this version of the build system; you may possibly experience unexpected failures. It is recommended that you use a tested distribution.
Loading cache...done.
Loaded 1440 entries from dependency cache.
NOTE: Resolving any missing task queue dependencies

Build Configuration:
BB_VERSION           = "1.42.0"
BUILD_SYS            = "x86_64-linux"
NATIVELSBSTRING      = "universal"
TARGET_SYS           = "powerpc-deby-linux"
MACHINE              = "qemuppc"
DISTRO               = "deby"
DISTRO_VERSION       = "10.0"
TUNE_FEATURES        = "m32 fpu-hard ppc7400 altivec"
TARGET_FPU           = ""
meta                 
meta-poky            = "warrior:51223035e66c5b27799b15a0f8ebe75d24d3971b"
meta-debian          = "warrior-trungdt:47b755ebe41c5afc0ea94d75b55c4f0efd8983fe"

Initialising tasks...done.
Sstate summary: Wanted 10 Found 10 Missed 0 Current 66 (100% match, 100% complete)
NOTE: Executing SetScene Tasks
NOTE: Running setscene task 67 of 76 (/home/deby/poky/meta-debian/recipes-debian/libtool/libtool-cross_debian.bb:do_populate_sysroot_setscene)
NOTE: Running setscene task 68 of 76 (/home/deby/poky/meta-debian/recipes-debian/libtool/libtool-cross_debian.bb:do_package_qa_setscene)
NOTE: recipe libtool-cross-2.4.6-r0: task do_package_qa_setscene: Started
NOTE: recipe libtool-cross-2.4.6-r0: task do_populate_sysroot_setscene: Started
NOTE: recipe libtool-cross-2.4.6-r0: task do_package_qa_setscene: Succeeded
NOTE: recipe libtool-cross-2.4.6-r0: task do_populate_sysroot_setscene: Succeeded
NOTE: Executing RunQueue Tasks
NOTE: Running noexec task 519 of 519 (/home/deby/poky/meta-debian/recipes-debian/libtool/libtool-cross_debian.bb:do_build)
NOTE: Tasks Summary: Attempted 519 tasks of which 518 didn't need to be rerun and all succeeded.

Summary: There was 1 WARNING message shown.
