WARNING: Host distribution "debian-10" has not been validated with this version of the build system; you may possibly experience unexpected failures. It is recommended that you use a tested distribution.
Loading cache...done.
Loaded 1440 entries from dependency cache.
NOTE: Resolving any missing task queue dependencies

Build Configuration:
BB_VERSION           = "1.42.0"
BUILD_SYS            = "x86_64-linux"
NATIVELSBSTRING      = "universal"
TARGET_SYS           = "powerpc-deby-linux"
MACHINE              = "qemuppc"
DISTRO               = "deby"
DISTRO_VERSION       = "10.0"
TUNE_FEATURES        = "m32 fpu-hard ppc7400 altivec"
TARGET_FPU           = ""
meta                 
meta-poky            = "warrior:51223035e66c5b27799b15a0f8ebe75d24d3971b"
meta-debian          = "warrior-trungdt:47b755ebe41c5afc0ea94d75b55c4f0efd8983fe"

Initialising tasks...done.
Sstate summary: Wanted 42 Found 42 Missed 0 Current 134 (100% match, 100% complete)
NOTE: Executing SetScene Tasks
NOTE: Running setscene task 135 of 176 (virtual:nativesdk:/home/deby/poky/meta-debian/recipes-debian/glib-2.0/glib-2.0_debian.bb:do_populate_sysroot_setscene)
NOTE: Running setscene task 136 of 176 (virtual:nativesdk:/home/deby/poky/meta-debian/recipes-debian/glib-2.0/glib-2.0_debian.bb:do_package_qa_setscene)
NOTE: Running setscene task 137 of 176 (virtual:nativesdk:/home/deby/poky/meta-debian/recipes-debian/glib-2.0/glib-2.0_debian.bb:do_package_write_deb_setscene)
NOTE: Running setscene task 138 of 176 (virtual:nativesdk:/home/deby/poky/meta/recipes-support/libpcre/libpcre_8.43.bb:do_package_write_deb_setscene)
NOTE: Running setscene task 142 of 176 (virtual:nativesdk:/home/deby/poky/meta/recipes-support/shared-mime-info/shared-mime-info_1.10.bb:do_package_write_deb_setscene)
NOTE: Running setscene task 150 of 176 (virtual:nativesdk:/home/deby/poky/meta-debian/recipes-debian/libxml/libxml2_debian.bb:do_package_write_deb_setscene)
NOTE: recipe nativesdk-libpcre-8.43-r0: task do_package_write_deb_setscene: Started
NOTE: recipe nativesdk-shared-mime-info-1.10-r0: task do_package_write_deb_setscene: Started
NOTE: recipe nativesdk-glib-2.0-2.58.3-r0: task do_package_write_deb_setscene: Started
NOTE: recipe nativesdk-glib-2.0-2.58.3-r0: task do_populate_sysroot_setscene: Started
NOTE: recipe nativesdk-glib-2.0-2.58.3-r0: task do_package_qa_setscene: Started
NOTE: recipe nativesdk-libxml2-2.9.4-r0: task do_package_write_deb_setscene: Started
NOTE: recipe nativesdk-libpcre-8.43-r0: task do_package_write_deb_setscene: Succeeded
NOTE: recipe nativesdk-glib-2.0-2.58.3-r0: task do_package_qa_setscene: Succeeded
NOTE: recipe nativesdk-glib-2.0-2.58.3-r0: task do_package_write_deb_setscene: Succeeded
NOTE: Running setscene task 157 of 176 (virtual:nativesdk:/home/deby/poky/meta-debian/recipes-debian/glib-2.0/glib-2.0_debian.bb:do_packagedata_setscene)
NOTE: recipe nativesdk-libxml2-2.9.4-r0: task do_package_write_deb_setscene: Succeeded
NOTE: Running setscene task 158 of 176 (virtual:nativesdk:/home/deby/poky/meta-debian/recipes-debian/libxml/libxml2_debian.bb:do_packagedata_setscene)
NOTE: recipe nativesdk-shared-mime-info-1.10-r0: task do_package_write_deb_setscene: Succeeded
NOTE: Running setscene task 159 of 176 (virtual:nativesdk:/home/deby/poky/meta/recipes-support/shared-mime-info/shared-mime-info_1.10.bb:do_packagedata_setscene)
NOTE: recipe nativesdk-glib-2.0-2.58.3-r0: task do_populate_sysroot_setscene: Succeeded
NOTE: recipe nativesdk-glib-2.0-2.58.3-r0: task do_packagedata_setscene: Started
NOTE: recipe nativesdk-libxml2-2.9.4-r0: task do_packagedata_setscene: Started
NOTE: recipe nativesdk-shared-mime-info-1.10-r0: task do_packagedata_setscene: Started
NOTE: recipe nativesdk-libxml2-2.9.4-r0: task do_packagedata_setscene: Succeeded
NOTE: recipe nativesdk-shared-mime-info-1.10-r0: task do_packagedata_setscene: Succeeded
NOTE: recipe nativesdk-glib-2.0-2.58.3-r0: task do_packagedata_setscene: Succeeded
NOTE: Running setscene task 170 of 176 (virtual:nativesdk:/home/deby/poky/meta/recipes-support/libpcre/libpcre_8.43.bb:do_populate_sysroot_setscene)
NOTE: Running setscene task 171 of 176 (virtual:nativesdk:/home/deby/poky/meta/recipes-support/libpcre/libpcre_8.43.bb:do_packagedata_setscene)
NOTE: Running setscene task 172 of 176 (virtual:nativesdk:/home/deby/poky/meta/recipes-core/util-linux/util-linux_2.32.1.bb:do_populate_sysroot_setscene)
NOTE: Running setscene task 173 of 176 (virtual:nativesdk:/home/deby/poky/meta/recipes-support/libffi/libffi_3.2.1.bb:do_populate_sysroot_setscene)
NOTE: recipe nativesdk-libffi-3.2.1-r0: task do_populate_sysroot_setscene: Started
NOTE: recipe nativesdk-libpcre-8.43-r0: task do_populate_sysroot_setscene: Started
NOTE: recipe nativesdk-libpcre-8.43-r0: task do_packagedata_setscene: Started
NOTE: recipe nativesdk-util-linux-2.32.1-r0: task do_populate_sysroot_setscene: Started
NOTE: recipe nativesdk-libffi-3.2.1-r0: task do_populate_sysroot_setscene: Succeeded
NOTE: recipe nativesdk-util-linux-2.32.1-r0: task do_populate_sysroot_setscene: Succeeded
NOTE: Running setscene task 174 of 176 (virtual:nativesdk:/home/deby/poky/meta-debian/recipes-debian/ncurses/ncurses_debian.bb:do_populate_sysroot_setscene)
NOTE: Running setscene task 175 of 176 (virtual:nativesdk:/home/deby/poky/meta/recipes-core/libxcrypt/libxcrypt.bb:do_populate_sysroot_setscene)
NOTE: recipe nativesdk-libpcre-8.43-r0: task do_populate_sysroot_setscene: Succeeded
NOTE: Running setscene task 176 of 176 (virtual:nativesdk:/home/deby/poky/meta-debian/recipes-debian/bzip2/bzip2_debian.bb:do_populate_sysroot_setscene)
NOTE: recipe nativesdk-libpcre-8.43-r0: task do_packagedata_setscene: Succeeded
NOTE: recipe nativesdk-libxcrypt-4.4.2-r0: task do_populate_sysroot_setscene: Started
NOTE: recipe nativesdk-ncurses-6.1+20181013-r0: task do_populate_sysroot_setscene: Started
NOTE: recipe nativesdk-bzip2-1.0.6-r0: task do_populate_sysroot_setscene: Started
NOTE: recipe nativesdk-libxcrypt-4.4.2-r0: task do_populate_sysroot_setscene: Succeeded
NOTE: recipe nativesdk-bzip2-1.0.6-r0: task do_populate_sysroot_setscene: Succeeded
NOTE: recipe nativesdk-ncurses-6.1+20181013-r0: task do_populate_sysroot_setscene: Succeeded
NOTE: Executing RunQueue Tasks
NOTE: Running noexec task 900 of 900 (virtual:nativesdk:/home/deby/poky/meta-debian/recipes-debian/glib-2.0/glib-2.0_debian.bb:do_build)
NOTE: Tasks Summary: Attempted 900 tasks of which 899 didn't need to be rerun and all succeeded.

Summary: There was 1 WARNING message shown.
