WARNING: Host distribution "debian-10" has not been validated with this version of the build system; you may possibly experience unexpected failures. It is recommended that you use a tested distribution.
Loading cache...done.
Loaded 1440 entries from dependency cache.
NOTE: Resolving any missing task queue dependencies

Build Configuration:
BB_VERSION           = "1.42.0"
BUILD_SYS            = "x86_64-linux"
NATIVELSBSTRING      = "universal"
TARGET_SYS           = "powerpc-deby-linux"
MACHINE              = "qemuppc"
DISTRO               = "deby"
DISTRO_VERSION       = "10.0"
TUNE_FEATURES        = "m32 fpu-hard ppc7400 altivec"
TARGET_FPU           = ""
meta                 
meta-poky            = "warrior:51223035e66c5b27799b15a0f8ebe75d24d3971b"
meta-debian          = "warrior-trungdt:47b755ebe41c5afc0ea94d75b55c4f0efd8983fe"

Initialising tasks...done.
Sstate summary: Wanted 82 Found 82 Missed 0 Current 80 (100% match, 100% complete)
NOTE: Executing SetScene Tasks
NOTE: Running setscene task 81 of 162 (virtual:nativesdk:/home/deby/poky/meta-debian/recipes-debian/binutils/binutils_debian.bb:do_populate_sysroot_setscene)
NOTE: Running setscene task 82 of 162 (virtual:nativesdk:/home/deby/poky/meta-debian/recipes-debian/binutils/binutils_debian.bb:do_package_qa_setscene)
NOTE: Running setscene task 83 of 162 (virtual:nativesdk:/home/deby/poky/meta-debian/recipes-debian/binutils/binutils_debian.bb:do_package_write_deb_setscene)
NOTE: Running setscene task 85 of 162 (virtual:nativesdk:/home/deby/poky/meta-debian/recipes-debian/flex/flex_debian.bb:do_package_write_deb_setscene)
NOTE: Running setscene task 86 of 162 (virtual:nativesdk:/home/deby/poky/meta-debian/recipes-debian/zlib/zlib_debian.bb:do_package_write_deb_setscene)
NOTE: Running setscene task 87 of 162 (virtual:nativesdk:/home/deby/poky/meta/recipes-devtools/opkg-utils/opkg-utils_0.4.0.bb:do_package_write_deb_setscene)
NOTE: Running setscene task 88 of 162 (virtual:nativesdk:/home/deby/poky/meta-debian/recipes-debian/bison/bison_debian.bb:do_package_write_deb_setscene)
NOTE: Running setscene task 90 of 162 (virtual:nativesdk:/home/deby/poky/meta-debian/recipes-debian/m4/m4_debian.bb:do_package_write_deb_setscene)
NOTE: Running setscene task 91 of 162 (virtual:nativesdk:/home/deby/poky/meta/recipes-devtools/python/python3_3.7.2.bb:do_package_write_deb_setscene)
NOTE: Running setscene task 95 of 162 (virtual:nativesdk:/home/deby/poky/meta/recipes-support/sqlite/sqlite3_3.27.2.bb:do_package_write_deb_setscene)
NOTE: Running setscene task 96 of 162 (virtual:nativesdk:/home/deby/poky/meta/recipes-extended/libtirpc/libtirpc_1.0.3.bb:do_package_write_deb_setscene)
NOTE: Running setscene task 99 of 162 (virtual:nativesdk:/home/deby/poky/meta/recipes-extended/libnsl/libnsl2_git.bb:do_package_write_deb_setscene)
NOTE: Running setscene task 100 of 162 (virtual:nativesdk:/home/deby/poky/meta/recipes-core/libxcrypt/libxcrypt.bb:do_package_write_deb_setscene)
NOTE: Running setscene task 102 of 162 (virtual:nativesdk:/home/deby/poky/meta/recipes-extended/xz/xz_5.2.4.bb:do_package_write_deb_setscene)
NOTE: Running setscene task 104 of 162 (virtual:nativesdk:/home/deby/poky/meta-debian/recipes-debian/openssl/openssl_debian.bb:do_package_write_deb_setscene)
NOTE: Running setscene task 106 of 162 (virtual:nativesdk:/home/deby/poky/meta-debian/recipes-debian/readline/readline_debian.bb:do_package_write_deb_setscene)
NOTE: recipe nativesdk-opkg-utils-0.4.0-r0: task do_package_write_deb_setscene: Started
NOTE: recipe nativesdk-zlib-1.2.11-r0: task do_package_write_deb_setscene: Started
NOTE: recipe nativesdk-sqlite3-3_3.27.2-r0: task do_package_write_deb_setscene: Started
NOTE: recipe nativesdk-libtirpc-1.0.3-r0: task do_package_write_deb_setscene: Started
NOTE: recipe nativesdk-libxcrypt-4.4.2-r0: task do_package_write_deb_setscene: Started
NOTE: recipe nativesdk-xz-5.2.4-r0: task do_package_write_deb_setscene: Started
NOTE: recipe nativesdk-binutils-2.31.1-r0: task do_package_write_deb_setscene: Started
NOTE: recipe nativesdk-binutils-2.31.1-r0: task do_populate_sysroot_setscene: Started
NOTE: recipe nativesdk-flex-2.6.4-r0: task do_package_write_deb_setscene: Started
NOTE: recipe nativesdk-bison-3.3.2-r0: task do_package_write_deb_setscene: Started
NOTE: recipe nativesdk-openssl-1.1.1c-r0: task do_package_write_deb_setscene: Started
NOTE: recipe nativesdk-python3-3.7.2-r0: task do_package_write_deb_setscene: Started
NOTE: recipe nativesdk-zlib-1.2.11-r0: task do_package_write_deb_setscene: Succeeded
NOTE: recipe nativesdk-m4-1.4.18-r0: task do_package_write_deb_setscene: Started
NOTE: Running setscene task 108 of 162 (virtual:nativesdk:/home/deby/poky/meta-debian/recipes-debian/bzip2/bzip2_debian.bb:do_package_write_deb_setscene)
NOTE: recipe nativesdk-libnsl2-1.2.0+gitAUTOINC+37c5ffe303-r0: task do_package_write_deb_setscene: Started
NOTE: recipe nativesdk-binutils-2.31.1-r0: task do_package_qa_setscene: Started
NOTE: recipe nativesdk-readline-7.0-r0: task do_package_write_deb_setscene: Started
NOTE: recipe nativesdk-opkg-utils-0.4.0-r0: task do_package_write_deb_setscene: Succeeded
NOTE: Running setscene task 110 of 162 (virtual:nativesdk:/home/deby/poky/meta/recipes-support/libffi/libffi_3.2.1.bb:do_package_write_deb_setscene)
NOTE: recipe nativesdk-flex-2.6.4-r0: task do_package_write_deb_setscene: Succeeded
NOTE: Running setscene task 113 of 162 (virtual:nativesdk:/home/deby/poky/meta/recipes-core/util-linux/util-linux_2.32.1.bb:do_package_write_deb_setscene)
NOTE: recipe nativesdk-m4-1.4.18-r0: task do_package_write_deb_setscene: Succeeded
NOTE: Running setscene task 114 of 162 (virtual:nativesdk:/home/deby/poky/meta-debian/recipes-debian/m4/m4_debian.bb:do_packagedata_setscene)
NOTE: recipe nativesdk-bison-3.3.2-r0: task do_package_write_deb_setscene: Succeeded
NOTE: Running setscene task 116 of 162 (virtual:nativesdk:/home/deby/poky/meta/recipes-support/gdbm/gdbm_1.18.1.bb:do_package_write_deb_setscene)
NOTE: recipe nativesdk-sqlite3-3_3.27.2-r0: task do_package_write_deb_setscene: Succeeded
NOTE: Running setscene task 117 of 162 (virtual:nativesdk:/home/deby/poky/meta/recipes-support/sqlite/sqlite3_3.27.2.bb:do_packagedata_setscene)
NOTE: recipe nativesdk-bzip2-1.0.6-r0: task do_package_write_deb_setscene: Started
NOTE: recipe nativesdk-readline-7.0-r0: task do_package_write_deb_setscene: Succeeded
NOTE: Running setscene task 118 of 162 (virtual:nativesdk:/home/deby/poky/meta-debian/recipes-debian/readline/readline_debian.bb:do_packagedata_setscene)
NOTE: recipe nativesdk-libxcrypt-4.4.2-r0: task do_package_write_deb_setscene: Succeeded
NOTE: recipe nativesdk-libtirpc-1.0.3-r0: task do_package_write_deb_setscene: Succeeded
NOTE: Running setscene task 119 of 162 (virtual:nativesdk:/home/deby/poky/meta/recipes-core/libxcrypt/libxcrypt.bb:do_packagedata_setscene)
NOTE: Running setscene task 120 of 162 (virtual:nativesdk:/home/deby/poky/meta/recipes-extended/libtirpc/libtirpc_1.0.3.bb:do_packagedata_setscene)
NOTE: recipe nativesdk-binutils-2.31.1-r0: task do_package_qa_setscene: Succeeded
NOTE: Running setscene task 121 of 162 (virtual:nativesdk:/home/deby/poky/meta/recipes-support/ca-certificates/ca-certificates_20190110.bb:do_package_write_deb_setscene)
NOTE: recipe nativesdk-libffi-3.2.1-r0: task do_package_write_deb_setscene: Started
NOTE: recipe nativesdk-m4-1.4.18-r0: task do_packagedata_setscene: Started
NOTE: recipe nativesdk-openssl-1.1.1c-r0: task do_package_write_deb_setscene: Succeeded
NOTE: Running setscene task 122 of 162 (virtual:nativesdk:/home/deby/poky/meta/recipes-support/bash-completion/bash-completion_2.8.bb:do_package_write_deb_setscene)
NOTE: recipe nativesdk-libnsl2-1.2.0+gitAUTOINC+37c5ffe303-r0: task do_package_write_deb_setscene: Succeeded
NOTE: recipe nativesdk-xz-5.2.4-r0: task do_package_write_deb_setscene: Succeeded
NOTE: Running setscene task 123 of 162 (virtual:nativesdk:/home/deby/poky/meta/recipes-extended/libnsl/libnsl2_git.bb:do_packagedata_setscene)
NOTE: Running setscene task 124 of 162 (virtual:nativesdk:/home/deby/poky/meta/recipes-extended/xz/xz_5.2.4.bb:do_packagedata_setscene)
NOTE: recipe nativesdk-libffi-3.2.1-r0: task do_package_write_deb_setscene: Succeeded
NOTE: recipe nativesdk-bzip2-1.0.6-r0: task do_package_write_deb_setscene: Succeeded
NOTE: recipe nativesdk-libxcrypt-4.4.2-r0: task do_packagedata_setscene: Started
NOTE: Running setscene task 125 of 162 (virtual:nativesdk:/home/deby/poky/meta/recipes-support/libffi/libffi_3.2.1.bb:do_packagedata_setscene)
NOTE: Running setscene task 126 of 162 (virtual:nativesdk:/home/deby/poky/meta-debian/recipes-debian/bzip2/bzip2_debian.bb:do_packagedata_setscene)
NOTE: recipe nativesdk-sqlite3-3_3.27.2-r0: task do_packagedata_setscene: Started
NOTE: recipe nativesdk-gdbm-1.18.1-r0: task do_package_write_deb_setscene: Started
NOTE: recipe nativesdk-util-linux-2.32.1-r0: task do_package_write_deb_setscene: Started
NOTE: recipe nativesdk-libtirpc-1.0.3-r0: task do_packagedata_setscene: Started
NOTE: recipe nativesdk-ca-certificates-20190110-r0: task do_package_write_deb_setscene: Started
NOTE: recipe nativesdk-binutils-2.31.1-r0: task do_package_write_deb_setscene: Succeeded
NOTE: Running setscene task 127 of 162 (virtual:nativesdk:/home/deby/poky/meta-debian/recipes-debian/binutils/binutils_debian.bb:do_packagedata_setscene)
NOTE: recipe nativesdk-bash-completion-2.8-r0: task do_package_write_deb_setscene: Started
NOTE: recipe nativesdk-readline-7.0-r0: task do_packagedata_setscene: Started
NOTE: recipe nativesdk-libnsl2-1.2.0+gitAUTOINC+37c5ffe303-r0: task do_packagedata_setscene: Started
NOTE: recipe nativesdk-xz-5.2.4-r0: task do_packagedata_setscene: Started
NOTE: recipe nativesdk-bzip2-1.0.6-r0: task do_packagedata_setscene: Started
NOTE: recipe nativesdk-binutils-2.31.1-r0: task do_populate_sysroot_setscene: Succeeded
NOTE: Running setscene task 128 of 162 (virtual:nativesdk:/home/deby/poky/meta-debian/recipes-debian/ncurses/ncurses_debian.bb:do_package_write_deb_setscene)
NOTE: recipe nativesdk-libffi-3.2.1-r0: task do_packagedata_setscene: Started
NOTE: recipe nativesdk-ca-certificates-20190110-r0: task do_package_write_deb_setscene: Succeeded
NOTE: Running setscene task 129 of 162 (virtual:nativesdk:/home/deby/poky/meta/recipes-extended/bash/bash_4.4.18.bb:do_package_write_deb_setscene)
NOTE: recipe nativesdk-gdbm-1.18.1-r0: task do_package_write_deb_setscene: Succeeded
NOTE: Running setscene task 130 of 162 (virtual:nativesdk:/home/deby/poky/meta/recipes-support/gdbm/gdbm_1.18.1.bb:do_packagedata_setscene)
NOTE: recipe nativesdk-binutils-2.31.1-r0: task do_packagedata_setscene: Started
NOTE: recipe nativesdk-bash-completion-2.8-r0: task do_package_write_deb_setscene: Succeeded
NOTE: Running setscene task 132 of 162 (virtual:nativesdk:/home/deby/poky/meta-debian/recipes-debian/glibc/glibc-locale_debian.bb:do_package_write_deb_setscene)
NOTE: recipe nativesdk-ncurses-6.1+20181013-r0: task do_package_write_deb_setscene: Started
NOTE: recipe nativesdk-gdbm-1.18.1-r0: task do_packagedata_setscene: Started
NOTE: recipe nativesdk-bash-4.4.18-r0: task do_package_write_deb_setscene: Started
NOTE: recipe nativesdk-glibc-locale-2.28-r0: task do_package_write_deb_setscene: Started
NOTE: recipe nativesdk-libxcrypt-4.4.2-r0: task do_packagedata_setscene: Succeeded
NOTE: recipe nativesdk-ncurses-6.1+20181013-r0: task do_package_write_deb_setscene: Succeeded
NOTE: recipe nativesdk-bash-4.4.18-r0: task do_package_write_deb_setscene: Succeeded
NOTE: Running setscene task 133 of 162 (virtual:nativesdk:/home/deby/poky/meta/recipes-extended/bash/bash_4.4.18.bb:do_packagedata_setscene)
NOTE: recipe nativesdk-util-linux-2.32.1-r0: task do_package_write_deb_setscene: Succeeded
NOTE: recipe nativesdk-python3-3.7.2-r0: task do_package_write_deb_setscene: Succeeded
NOTE: Running setscene task 134 of 162 (virtual:nativesdk:/home/deby/poky/meta/recipes-core/util-linux/util-linux_2.32.1.bb:do_packagedata_setscene)
NOTE: Running setscene task 135 of 162 (virtual:nativesdk:/home/deby/poky/meta/recipes-devtools/python/python3_3.7.2.bb:do_packagedata_setscene)
NOTE: Running setscene task 136 of 162 (virtual:nativesdk:/home/deby/poky/meta-debian/recipes-debian/openssl/openssl_debian.bb:do_packagedata_setscene)
NOTE: Running setscene task 137 of 162 (virtual:nativesdk:/home/deby/poky/meta/recipes-support/ca-certificates/ca-certificates_20190110.bb:do_packagedata_setscene)
NOTE: recipe nativesdk-bash-4.4.18-r0: task do_packagedata_setscene: Started
NOTE: recipe nativesdk-sqlite3-3_3.27.2-r0: task do_packagedata_setscene: Succeeded
NOTE: Running setscene task 138 of 162 (virtual:nativesdk:/home/deby/poky/meta/recipes-support/bash-completion/bash-completion_2.8.bb:do_packagedata_setscene)
NOTE: recipe nativesdk-libtirpc-1.0.3-r0: task do_packagedata_setscene: Succeeded
NOTE: recipe nativesdk-readline-7.0-r0: task do_packagedata_setscene: Succeeded
NOTE: Running setscene task 141 of 162 (virtual:nativesdk:/home/deby/poky/meta-debian/recipes-debian/ncurses/ncurses_debian.bb:do_packagedata_setscene)
NOTE: recipe nativesdk-ca-certificates-20190110-r0: task do_packagedata_setscene: Started
NOTE: recipe nativesdk-bash-completion-2.8-r0: task do_packagedata_setscene: Started
NOTE: recipe nativesdk-openssl-1.1.1c-r0: task do_packagedata_setscene: Started
NOTE: recipe nativesdk-util-linux-2.32.1-r0: task do_packagedata_setscene: Started
NOTE: recipe nativesdk-ncurses-6.1+20181013-r0: task do_packagedata_setscene: Started
NOTE: recipe nativesdk-xz-5.2.4-r0: task do_packagedata_setscene: Succeeded
NOTE: recipe nativesdk-python3-3.7.2-r0: task do_packagedata_setscene: Started
NOTE: recipe nativesdk-m4-1.4.18-r0: task do_packagedata_setscene: Succeeded
NOTE: recipe nativesdk-libffi-3.2.1-r0: task do_packagedata_setscene: Succeeded
NOTE: recipe nativesdk-binutils-2.31.1-r0: task do_packagedata_setscene: Succeeded
NOTE: Running setscene task 144 of 162 (virtual:nativesdk:/home/deby/poky/meta-debian/recipes-debian/flex/flex_debian.bb:do_populate_sysroot_setscene)
NOTE: Running setscene task 145 of 162 (virtual:nativesdk:/home/deby/poky/meta-debian/recipes-debian/flex/flex_debian.bb:do_packagedata_setscene)
NOTE: Running setscene task 146 of 162 (virtual:nativesdk:/home/deby/poky/meta-debian/recipes-debian/zlib/zlib_debian.bb:do_populate_sysroot_setscene)
NOTE: Running setscene task 147 of 162 (virtual:nativesdk:/home/deby/poky/meta-debian/recipes-debian/zlib/zlib_debian.bb:do_packagedata_setscene)
NOTE: Running setscene task 148 of 162 (virtual:nativesdk:/home/deby/poky/meta-debian/recipes-debian/bison/bison_debian.bb:do_populate_sysroot_setscene)
NOTE: recipe nativesdk-util-linux-2.32.1-r0: task do_packagedata_setscene: Succeeded
NOTE: Running setscene task 149 of 162 (virtual:nativesdk:/home/deby/poky/meta-debian/recipes-debian/bison/bison_debian.bb:do_packagedata_setscene)
NOTE: recipe nativesdk-bison-3.3.2-r0: task do_populate_sysroot_setscene: Started
NOTE: recipe nativesdk-flex-2.6.4-r0: task do_populate_sysroot_setscene: Started
NOTE: recipe nativesdk-zlib-1.2.11-r0: task do_packagedata_setscene: Started
NOTE: recipe nativesdk-zlib-1.2.11-r0: task do_populate_sysroot_setscene: Started
NOTE: recipe nativesdk-flex-2.6.4-r0: task do_packagedata_setscene: Started
NOTE: recipe nativesdk-bison-3.3.2-r0: task do_packagedata_setscene: Started
NOTE: recipe nativesdk-bzip2-1.0.6-r0: task do_packagedata_setscene: Succeeded
NOTE: recipe nativesdk-flex-2.6.4-r0: task do_populate_sysroot_setscene: Succeeded
NOTE: recipe nativesdk-bison-3.3.2-r0: task do_populate_sysroot_setscene: Succeeded
NOTE: recipe nativesdk-zlib-1.2.11-r0: task do_populate_sysroot_setscene: Succeeded
NOTE: recipe nativesdk-bash-4.4.18-r0: task do_packagedata_setscene: Succeeded
NOTE: recipe nativesdk-openssl-1.1.1c-r0: task do_packagedata_setscene: Succeeded
NOTE: recipe nativesdk-gdbm-1.18.1-r0: task do_packagedata_setscene: Succeeded
NOTE: recipe nativesdk-flex-2.6.4-r0: task do_packagedata_setscene: Succeeded
NOTE: recipe nativesdk-ca-certificates-20190110-r0: task do_packagedata_setscene: Succeeded
NOTE: recipe nativesdk-python3-3.7.2-r0: task do_packagedata_setscene: Succeeded
NOTE: recipe nativesdk-libnsl2-1.2.0+gitAUTOINC+37c5ffe303-r0: task do_packagedata_setscene: Succeeded
NOTE: recipe nativesdk-ncurses-6.1+20181013-r0: task do_packagedata_setscene: Succeeded
NOTE: Running setscene task 153 of 162 (virtual:nativesdk:/home/deby/poky/meta/recipes-devtools/opkg-utils/opkg-utils_0.4.0.bb:do_populate_sysroot_setscene)
NOTE: Running setscene task 154 of 162 (virtual:nativesdk:/home/deby/poky/meta/recipes-devtools/opkg-utils/opkg-utils_0.4.0.bb:do_packagedata_setscene)
NOTE: recipe nativesdk-bash-completion-2.8-r0: task do_packagedata_setscene: Succeeded
NOTE: recipe nativesdk-bison-3.3.2-r0: task do_packagedata_setscene: Succeeded
NOTE: recipe nativesdk-zlib-1.2.11-r0: task do_packagedata_setscene: Succeeded
NOTE: recipe nativesdk-glibc-locale-2.28-r0: task do_package_write_deb_setscene: Succeeded
NOTE: Running setscene task 157 of 162 (virtual:nativesdk:/home/deby/poky/meta-debian/recipes-debian/glibc/glibc-locale_debian.bb:do_packagedata_setscene)
NOTE: recipe nativesdk-opkg-utils-0.4.0-r0: task do_packagedata_setscene: Started
NOTE: recipe nativesdk-opkg-utils-0.4.0-r0: task do_populate_sysroot_setscene: Started
NOTE: recipe nativesdk-opkg-utils-0.4.0-r0: task do_populate_sysroot_setscene: Succeeded
NOTE: recipe nativesdk-glibc-locale-2.28-r0: task do_packagedata_setscene: Started
NOTE: recipe nativesdk-opkg-utils-0.4.0-r0: task do_packagedata_setscene: Succeeded
NOTE: recipe nativesdk-glibc-locale-2.28-r0: task do_packagedata_setscene: Succeeded
NOTE: Executing RunQueue Tasks
NOTE: Running noexec task 793 of 793 (virtual:nativesdk:/home/deby/poky/meta-debian/recipes-debian/binutils/binutils_debian.bb:do_build)
NOTE: Tasks Summary: Attempted 793 tasks of which 792 didn't need to be rerun and all succeeded.

Summary: There was 1 WARNING message shown.
