WARNING: Host distribution "debian-10" has not been validated with this version of the build system; you may possibly experience unexpected failures. It is recommended that you use a tested distribution.
Loading cache...done.
Loaded 1440 entries from dependency cache.
NOTE: Resolving any missing task queue dependencies

Build Configuration:
BB_VERSION           = "1.42.0"
BUILD_SYS            = "x86_64-linux"
NATIVELSBSTRING      = "universal"
TARGET_SYS           = "powerpc-deby-linux"
MACHINE              = "qemuppc"
DISTRO               = "deby"
DISTRO_VERSION       = "10.0"
TUNE_FEATURES        = "m32 fpu-hard ppc7400 altivec"
TARGET_FPU           = ""
meta                 
meta-poky            = "warrior:51223035e66c5b27799b15a0f8ebe75d24d3971b"
meta-debian          = "warrior-trungdt:47b755ebe41c5afc0ea94d75b55c4f0efd8983fe"

Initialising tasks...done.
Sstate summary: Wanted 9 Found 9 Missed 0 Current 68 (100% match, 100% complete)
NOTE: Executing SetScene Tasks
NOTE: Running setscene task 69 of 77 (virtual:nativesdk:/home/deby/poky/meta-debian/recipes-debian/bison/bison_debian.bb:do_package_qa_setscene)
NOTE: recipe nativesdk-bison-3.3.2-r0: task do_package_qa_setscene: Started
NOTE: recipe nativesdk-bison-3.3.2-r0: task do_package_qa_setscene: Succeeded
NOTE: Executing RunQueue Tasks
NOTE: Running noexec task 527 of 527 (virtual:nativesdk:/home/deby/poky/meta-debian/recipes-debian/bison/bison_debian.bb:do_build)
NOTE: Tasks Summary: Attempted 527 tasks of which 526 didn't need to be rerun and all succeeded.

Summary: There was 1 WARNING message shown.
