Loading cache...done.
Loaded 1731 entries from dependency cache.
Parsing recipes...done.
Parsing of 992 .bb files complete (990 cached, 2 parsed). 1733 targets, 77 skipped, 0 masked, 0 errors.
NOTE: Resolving any missing task queue dependencies

Build Configuration:
BB_VERSION           = "1.42.0"
BUILD_SYS            = "x86_64-linux"
NATIVELSBSTRING      = "universal"
TARGET_SYS           = "powerpc-deby-linux"
MACHINE              = "qemuppc"
DISTRO               = "deby"
DISTRO_VERSION       = "10.0"
TUNE_FEATURES        = "m32 fpu-hard ppc7400 altivec"
TARGET_FPU           = ""
meta                 
meta-poky            = "warrior:79a850a10a4b88a6d20d607b322542f947874323"
meta-debian          = "warrior:f7512bd96372e67fe4288cb5cb61cf52d282dd4e"

Initialising tasks...done.
Sstate summary: Wanted 16 Found 0 Missed 16 Current 431 (0% match, 96% complete)
NOTE: Executing SetScene Tasks
NOTE: Executing RunQueue Tasks
NOTE: Running task 1241 of 2031 (/home/deby/poky/meta-debian/recipes-debian/openssh/openssh_debian.bb:do_prepare_recipe_sysroot)
NOTE: Running task 1511 of 2031 (/home/deby/poky/meta-debian/recipes-debian/sysfsutils/sysfsutils_debian.bb:do_prepare_recipe_sysroot)
NOTE: Running task 1513 of 2031 (/home/deby/poky/meta/recipes-support/libjitterentropy/libjitterentropy_2.1.2.bb:do_prepare_recipe_sysroot)
NOTE: recipe openssh-7.9p1-r0: task do_prepare_recipe_sysroot: Started
NOTE: recipe libjitterentropy-2.1.2-r0: task do_prepare_recipe_sysroot: Started
NOTE: recipe sysfsutils-2.1.0-r0: task do_prepare_recipe_sysroot: Started
NOTE: recipe libjitterentropy-2.1.2-r0: task do_prepare_recipe_sysroot: Succeeded
NOTE: Running noexec task 1999 of 2031 (/home/deby/poky/meta/recipes-support/libjitterentropy/libjitterentropy_2.1.2.bb:do_configure)
NOTE: Running task 2000 of 2031 (/home/deby/poky/meta/recipes-support/libjitterentropy/libjitterentropy_2.1.2.bb:do_compile)
NOTE: recipe sysfsutils-2.1.0-r0: task do_prepare_recipe_sysroot: Succeeded
NOTE: Running task 2001 of 2031 (/home/deby/poky/meta-debian/recipes-debian/sysfsutils/sysfsutils_debian.bb:do_configure)
NOTE: recipe libjitterentropy-2.1.2-r0: task do_compile: Started
NOTE: recipe sysfsutils-2.1.0-r0: task do_configure: Started
NOTE: recipe libjitterentropy-2.1.2-r0: task do_compile: Succeeded
NOTE: Running task 2002 of 2031 (/home/deby/poky/meta/recipes-support/libjitterentropy/libjitterentropy_2.1.2.bb:do_install)
NOTE: recipe openssh-7.9p1-r0: task do_prepare_recipe_sysroot: Succeeded
NOTE: Running task 2003 of 2031 (/home/deby/poky/meta-debian/recipes-debian/openssh/openssh_debian.bb:do_configure)
NOTE: recipe openssh-7.9p1-r0: task do_configure: Started
NOTE: recipe libjitterentropy-2.1.2-r0: task do_install: Started
NOTE: recipe libjitterentropy-2.1.2-r0: task do_install: Succeeded
NOTE: Running task 2004 of 2031 (/home/deby/poky/meta/recipes-support/libjitterentropy/libjitterentropy_2.1.2.bb:do_package)
NOTE: Running task 2005 of 2031 (/home/deby/poky/meta/recipes-support/libjitterentropy/libjitterentropy_2.1.2.bb:do_populate_sysroot)
NOTE: recipe libjitterentropy-2.1.2-r0: task do_package: Started
NOTE: recipe libjitterentropy-2.1.2-r0: task do_populate_sysroot: Started
NOTE: recipe libjitterentropy-2.1.2-r0: task do_populate_sysroot: Succeeded
NOTE: recipe libjitterentropy-2.1.2-r0: task do_package: Succeeded
NOTE: Running task 2006 of 2031 (/home/deby/poky/meta/recipes-support/libjitterentropy/libjitterentropy_2.1.2.bb:do_packagedata)
NOTE: recipe libjitterentropy-2.1.2-r0: task do_packagedata: Started
NOTE: recipe libjitterentropy-2.1.2-r0: task do_packagedata: Succeeded
NOTE: Running task 2007 of 2031 (/home/deby/poky/meta/recipes-support/libjitterentropy/libjitterentropy_2.1.2.bb:do_package_write_deb)
NOTE: recipe libjitterentropy-2.1.2-r0: task do_package_write_deb: Started
NOTE: recipe libjitterentropy-2.1.2-r0: task do_package_write_deb: Succeeded
NOTE: recipe sysfsutils-2.1.0-r0: task do_configure: Succeeded
NOTE: Running task 2008 of 2031 (/home/deby/poky/meta-debian/recipes-debian/sysfsutils/sysfsutils_debian.bb:do_compile)
NOTE: recipe sysfsutils-2.1.0-r0: task do_compile: Started
NOTE: recipe sysfsutils-2.1.0-r0: task do_compile: Succeeded
NOTE: Running task 2009 of 2031 (/home/deby/poky/meta-debian/recipes-debian/sysfsutils/sysfsutils_debian.bb:do_install)
NOTE: recipe sysfsutils-2.1.0-r0: task do_install: Started
NOTE: recipe sysfsutils-2.1.0-r0: task do_install: Succeeded
NOTE: Running task 2010 of 2031 (/home/deby/poky/meta-debian/recipes-debian/sysfsutils/sysfsutils_debian.bb:do_package)
NOTE: Running task 2011 of 2031 (/home/deby/poky/meta-debian/recipes-debian/sysfsutils/sysfsutils_debian.bb:do_populate_sysroot)
NOTE: recipe sysfsutils-2.1.0-r0: task do_populate_sysroot: Started
NOTE: recipe sysfsutils-2.1.0-r0: task do_package: Started
NOTE: recipe sysfsutils-2.1.0-r0: task do_populate_sysroot: Succeeded
NOTE: Running task 2012 of 2031 (/home/deby/poky/meta/recipes-support/rng-tools/rng-tools_6.6.bb:do_prepare_recipe_sysroot)
NOTE: recipe rng-tools-6.6-r0: task do_prepare_recipe_sysroot: Started
NOTE: recipe sysfsutils-2.1.0-r0: task do_package: Succeeded
NOTE: Running task 2013 of 2031 (/home/deby/poky/meta-debian/recipes-debian/sysfsutils/sysfsutils_debian.bb:do_packagedata)
NOTE: recipe rng-tools-6.6-r0: task do_prepare_recipe_sysroot: Succeeded
NOTE: Running task 2014 of 2031 (/home/deby/poky/meta/recipes-support/rng-tools/rng-tools_6.6.bb:do_configure)
NOTE: recipe rng-tools-6.6-r0: task do_configure: Started
NOTE: recipe sysfsutils-2.1.0-r0: task do_packagedata: Started
NOTE: recipe sysfsutils-2.1.0-r0: task do_packagedata: Succeeded
NOTE: Running task 2015 of 2031 (/home/deby/poky/meta-debian/recipes-debian/sysfsutils/sysfsutils_debian.bb:do_package_write_deb)
NOTE: recipe sysfsutils-2.1.0-r0: task do_package_write_deb: Started
NOTE: recipe sysfsutils-2.1.0-r0: task do_package_write_deb: Succeeded
NOTE: recipe rng-tools-6.6-r0: task do_configure: Succeeded
NOTE: Running task 2016 of 2031 (/home/deby/poky/meta/recipes-support/rng-tools/rng-tools_6.6.bb:do_compile)
NOTE: recipe rng-tools-6.6-r0: task do_compile: Started
NOTE: recipe rng-tools-6.6-r0: task do_compile: Succeeded
NOTE: Running task 2017 of 2031 (/home/deby/poky/meta/recipes-support/rng-tools/rng-tools_6.6.bb:do_install)
NOTE: recipe rng-tools-6.6-r0: task do_install: Started
NOTE: recipe rng-tools-6.6-r0: task do_install: Succeeded
NOTE: Running task 2018 of 2031 (/home/deby/poky/meta/recipes-support/rng-tools/rng-tools_6.6.bb:do_package)
NOTE: recipe rng-tools-6.6-r0: task do_package: Started
NOTE: recipe rng-tools-6.6-r0: task do_package: Succeeded
NOTE: Running task 2019 of 2031 (/home/deby/poky/meta/recipes-support/rng-tools/rng-tools_6.6.bb:do_packagedata)
NOTE: recipe rng-tools-6.6-r0: task do_packagedata: Started
NOTE: recipe rng-tools-6.6-r0: task do_packagedata: Succeeded
NOTE: Running task 2020 of 2031 (/home/deby/poky/meta/recipes-support/rng-tools/rng-tools_6.6.bb:do_package_write_deb)
NOTE: recipe rng-tools-6.6-r0: task do_package_write_deb: Started
NOTE: recipe rng-tools-6.6-r0: task do_package_write_deb: Succeeded
NOTE: recipe openssh-7.9p1-r0: task do_configure: Succeeded
NOTE: Running task 2021 of 2031 (/home/deby/poky/meta-debian/recipes-debian/openssh/openssh_debian.bb:do_configure_ptest_base)
NOTE: recipe openssh-7.9p1-r0: task do_configure_ptest_base: Started
NOTE: recipe openssh-7.9p1-r0: task do_configure_ptest_base: Succeeded
NOTE: Running task 2022 of 2031 (/home/deby/poky/meta-debian/recipes-debian/openssh/openssh_debian.bb:do_compile)
NOTE: recipe openssh-7.9p1-r0: task do_compile: Started
NOTE: recipe openssh-7.9p1-r0: task do_compile: Succeeded
NOTE: Running task 2023 of 2031 (/home/deby/poky/meta-debian/recipes-debian/openssh/openssh_debian.bb:do_compile_ptest_base)
NOTE: recipe openssh-7.9p1-r0: task do_compile_ptest_base: Started
NOTE: recipe openssh-7.9p1-r0: task do_compile_ptest_base: Succeeded
NOTE: Running task 2024 of 2031 (/home/deby/poky/meta-debian/recipes-debian/openssh/openssh_debian.bb:do_install)
NOTE: recipe openssh-7.9p1-r0: task do_install: Started
NOTE: recipe openssh-7.9p1-r0: task do_install: Succeeded
NOTE: Running task 2025 of 2031 (/home/deby/poky/meta-debian/recipes-debian/openssh/openssh_debian.bb:do_install_ptest_base)
NOTE: recipe openssh-7.9p1-r0: task do_install_ptest_base: Started
NOTE: recipe openssh-7.9p1-r0: task do_install_ptest_base: Succeeded
NOTE: Running task 2026 of 2031 (/home/deby/poky/meta-debian/recipes-debian/openssh/openssh_debian.bb:do_package)
NOTE: Running task 2027 of 2031 (/home/deby/poky/meta-debian/recipes-debian/openssh/openssh_debian.bb:do_populate_sysroot)
NOTE: recipe openssh-7.9p1-r0: task do_package: Started
NOTE: recipe openssh-7.9p1-r0: task do_populate_sysroot: Started
NOTE: recipe openssh-7.9p1-r0: task do_populate_sysroot: Succeeded
NOTE: recipe openssh-7.9p1-r0: task do_package: Succeeded
NOTE: Running task 2028 of 2031 (/home/deby/poky/meta-debian/recipes-debian/openssh/openssh_debian.bb:do_packagedata)
NOTE: recipe openssh-7.9p1-r0: task do_packagedata: Started
NOTE: recipe openssh-7.9p1-r0: task do_packagedata: Succeeded
NOTE: Running task 2029 of 2031 (/home/deby/poky/meta-debian/recipes-debian/openssh/openssh_debian.bb:do_package_write_deb)
NOTE: Running task 2030 of 2031 (/home/deby/poky/meta-debian/recipes-debian/openssh/openssh_debian.bb:do_package_qa)
NOTE: recipe openssh-7.9p1-r0: task do_package_write_deb: Started
NOTE: recipe openssh-7.9p1-r0: task do_package_qa: Started
NOTE: recipe openssh-7.9p1-r0: task do_package_qa: Succeeded
NOTE: recipe openssh-7.9p1-r0: task do_package_write_deb: Succeeded
NOTE: Running noexec task 2031 of 2031 (/home/deby/poky/meta-debian/recipes-debian/openssh/openssh_debian.bb:do_build)
NOTE: Tasks Summary: Attempted 2031 tasks of which 1995 didn't need to be rerun and all succeeded.
