WARNING: Host distribution "debian-10" has not been validated with this version of the build system; you may possibly experience unexpected failures. It is recommended that you use a tested distribution.
Loading cache...done.
Loaded 1440 entries from dependency cache.
NOTE: Resolving any missing task queue dependencies

Build Configuration:
BB_VERSION           = "1.42.0"
BUILD_SYS            = "x86_64-linux"
NATIVELSBSTRING      = "universal"
TARGET_SYS           = "powerpc-deby-linux"
MACHINE              = "qemuppc"
DISTRO               = "deby"
DISTRO_VERSION       = "10.0"
TUNE_FEATURES        = "m32 fpu-hard ppc7400 altivec"
TARGET_FPU           = ""
meta                 
meta-poky            = "warrior:51223035e66c5b27799b15a0f8ebe75d24d3971b"
meta-debian          = "warrior-trungdt:47b755ebe41c5afc0ea94d75b55c4f0efd8983fe"

Initialising tasks...done.
Sstate summary: Wanted 87 Found 87 Missed 0 Current 319 (100% match, 100% complete)
NOTE: Executing SetScene Tasks
NOTE: Running setscene task 320 of 406 (/home/deby/poky/meta-debian/recipes-debian/quilt/quilt_debian.bb:do_populate_sysroot_setscene)
NOTE: Running setscene task 321 of 406 (/home/deby/poky/meta-debian/recipes-debian/quilt/quilt_debian.bb:do_package_qa_setscene)
NOTE: Running setscene task 322 of 406 (/home/deby/poky/meta-debian/recipes-debian/quilt/quilt_debian.bb:do_package_write_deb_setscene)
NOTE: Running setscene task 327 of 406 (/home/deby/poky/meta/recipes-devtools/diffstat/diffstat_1.62.bb:do_package_write_deb_setscene)
NOTE: Running setscene task 330 of 406 (/home/deby/poky/meta/recipes-extended/findutils/findutils_4.6.0.bb:do_package_write_deb_setscene)
NOTE: Running setscene task 331 of 406 (/home/deby/poky/meta/recipes-devtools/patch/patch_2.7.6.bb:do_package_write_deb_setscene)
NOTE: Running setscene task 333 of 406 (/home/deby/poky/meta-debian/recipes-debian/ed/ed_debian.bb:do_package_write_deb_setscene)
NOTE: recipe ed-1.15-r0: task do_package_write_deb_setscene: Started
NOTE: recipe findutils-4.6.0-r0: task do_package_write_deb_setscene: Started
NOTE: recipe diffstat-1.62-r0: task do_package_write_deb_setscene: Started
NOTE: recipe quilt-0.65-r0: task do_populate_sysroot_setscene: Started
NOTE: recipe quilt-0.65-r0: task do_package_write_deb_setscene: Started
NOTE: recipe quilt-0.65-r0: task do_package_qa_setscene: Started
NOTE: recipe patch-2.7.6-r0: task do_package_write_deb_setscene: Started
NOTE: recipe quilt-0.65-r0: task do_package_qa_setscene: Succeeded
NOTE: recipe ed-1.15-r0: task do_package_write_deb_setscene: Succeeded
NOTE: recipe quilt-0.65-r0: task do_populate_sysroot_setscene: Succeeded
NOTE: recipe quilt-0.65-r0: task do_package_write_deb_setscene: Succeeded
NOTE: Running setscene task 396 of 406 (/home/deby/poky/meta-debian/recipes-debian/quilt/quilt_debian.bb:do_packagedata_setscene)
NOTE: Running setscene task 397 of 406 (/home/deby/poky/meta-debian/recipes-debian/ed/ed_debian.bb:do_packagedata_setscene)
NOTE: recipe patch-2.7.6-r0: task do_package_write_deb_setscene: Succeeded
NOTE: Running setscene task 398 of 406 (/home/deby/poky/meta/recipes-devtools/patch/patch_2.7.6.bb:do_packagedata_setscene)
NOTE: recipe diffstat-1.62-r0: task do_package_write_deb_setscene: Succeeded
NOTE: recipe ed-1.15-r0: task do_packagedata_setscene: Started
NOTE: Running setscene task 399 of 406 (/home/deby/poky/meta/recipes-devtools/diffstat/diffstat_1.62.bb:do_packagedata_setscene)
NOTE: recipe quilt-0.65-r0: task do_packagedata_setscene: Started
NOTE: recipe findutils-4.6.0-r0: task do_package_write_deb_setscene: Succeeded
NOTE: Running setscene task 400 of 406 (/home/deby/poky/meta/recipes-extended/findutils/findutils_4.6.0.bb:do_packagedata_setscene)
NOTE: recipe patch-2.7.6-r0: task do_packagedata_setscene: Started
NOTE: recipe diffstat-1.62-r0: task do_packagedata_setscene: Started
NOTE: recipe findutils-4.6.0-r0: task do_packagedata_setscene: Started
NOTE: recipe ed-1.15-r0: task do_packagedata_setscene: Succeeded
NOTE: recipe quilt-0.65-r0: task do_packagedata_setscene: Succeeded
NOTE: recipe diffstat-1.62-r0: task do_packagedata_setscene: Succeeded
NOTE: recipe findutils-4.6.0-r0: task do_packagedata_setscene: Succeeded
NOTE: recipe patch-2.7.6-r0: task do_packagedata_setscene: Succeeded
NOTE: Executing RunQueue Tasks
NOTE: Running noexec task 1721 of 1721 (/home/deby/poky/meta-debian/recipes-debian/quilt/quilt_debian.bb:do_build)
NOTE: Tasks Summary: Attempted 1721 tasks of which 1720 didn't need to be rerun and all succeeded.

Summary: There was 1 WARNING message shown.
