Loading cache...done.
Loaded 1803 entries from dependency cache.
Parsing recipes...done.
Parsing of 1030 .bb files complete (1028 cached, 2 parsed). 1806 targets, 84 skipped, 0 masked, 0 errors.
NOTE: Resolving any missing task queue dependencies

Build Configuration:
BB_VERSION           = "1.42.0"
BUILD_SYS            = "x86_64-linux"
NATIVELSBSTRING      = "universal"
TARGET_SYS           = "powerpc-deby-linux"
MACHINE              = "qemuppc"
DISTRO               = "deby"
DISTRO_VERSION       = "10.0"
TUNE_FEATURES        = "m32 fpu-hard ppc7400 altivec"
TARGET_FPU           = ""
meta                 
meta-poky            = "warrior:023ff85a9ae94331926e923b346fd8a349881e63"
meta-debian          = "warrior:0fba4d92162a85a330d2d88ebd73ee0819f920fc"

Initialising tasks...done.
Sstate summary: Wanted 48 Found 0 Missed 48 Current 535 (0% match, 91% complete)
NOTE: Executing SetScene Tasks
NOTE: Executing RunQueue Tasks
NOTE: Running task 1196 of 2524 (/home/deby/poky/meta-debian/recipes-debian/nspr/nspr_debian.bb:do_fetch)
NOTE: Running task 1247 of 2524 (/home/deby/poky/meta-debian/recipes-debian/libyaml/libyaml_debian.bb:do_fetch)
NOTE: Running task 1248 of 2524 (/home/deby/poky/meta-debian/recipes-debian/libcap-ng/libcap-ng_debian.bb:do_fetch)
NOTE: Running task 1249 of 2524 (/home/deby/poky/meta-debian/recipes-debian/nss/nss_debian.bb:do_fetch)
NOTE: Running task 1250 of 2524 (/home/deby/poky/meta-debian/recipes-debian/libnfnetlink/libnfnetlink_debian.bb:do_fetch)
NOTE: Running task 1252 of 2524 (/home/deby/poky/meta-debian/recipes-debian/jansson/jansson_debian.bb:do_fetch)
NOTE: Running task 1253 of 2524 (/home/deby/poky/meta-debian/recipes-debian/libhtp/libhtp_debian.bb:do_fetch)
NOTE: Running task 1254 of 2524 (/home/deby/poky/meta-debian/recipes-debian/file/file_debian.bb:do_fetch)
NOTE: Running task 1267 of 2524 (/home/deby/poky/meta-debian/recipes-debian/suricata/suricata_debian.bb:do_fetch)
NOTE: Running task 1315 of 2524 (/home/deby/poky/meta-debian/recipes-debian/db/db_debian.bb:do_fetch)
NOTE: Running task 1363 of 2524 (/home/deby/poky/meta-debian/recipes-debian/python/python_debian.bb:do_fetch)
NOTE: recipe nss-3.42.1-r0: task do_fetch: Started
NOTE: recipe file-5.35-r0: task do_fetch: Started
NOTE: Running task 1765 of 2524 (/home/deby/poky/meta-debian/recipes-debian/lsb/lsb_debian.bb:do_fetch)
NOTE: recipe file-5.35-r0: task do_fetch: Succeeded
NOTE: Running task 2015 of 2524 (/home/deby/poky/meta-debian/recipes-debian/file/file_debian.bb:do_unpack)
NOTE: Running task 2016 of 2524 (/home/deby/poky/meta-debian/recipes-debian/file/file_debian.bb:do_prepare_recipe_sysroot)
NOTE: recipe libyaml-0.2.1-r0: task do_fetch: Started
NOTE: recipe libnfnetlink-1.0.1-r0: task do_fetch: Started
NOTE: recipe suricata-4.1.2-r0: task do_fetch: Started
NOTE: recipe db-5.3.28-r0: task do_fetch: Started
NOTE: recipe jansson-2.12-r0: task do_fetch: Started
NOTE: recipe libhtp-0.5.30-r0: task do_fetch: Started
NOTE: recipe libcap-ng-0.7.9-r0: task do_fetch: Started
NOTE: recipe lsb-10.2019051400-r0: task do_fetch: Started
NOTE: recipe nspr-4.20-r0: task do_fetch: Started
NOTE: recipe libnfnetlink-1.0.1-r0: task do_fetch: Succeeded
NOTE: Running task 2261 of 2524 (/home/deby/poky/meta-debian/recipes-debian/libnfnetlink/libnfnetlink_debian.bb:do_unpack)
NOTE: Running task 2262 of 2524 (/home/deby/poky/meta-debian/recipes-debian/libnfnetlink/libnfnetlink_debian.bb:do_prepare_recipe_sysroot)
NOTE: recipe file-5.35-r0: task do_unpack: Started
NOTE: recipe file-5.35-r0: task do_prepare_recipe_sysroot: Started
NOTE: recipe libyaml-0.2.1-r0: task do_fetch: Succeeded
NOTE: Running task 2378 of 2524 (/home/deby/poky/meta-debian/recipes-debian/libyaml/libyaml_debian.bb:do_unpack)
NOTE: Running task 2379 of 2524 (/home/deby/poky/meta-debian/recipes-debian/libyaml/libyaml_debian.bb:do_prepare_recipe_sysroot)
NOTE: recipe libnfnetlink-1.0.1-r0: task do_unpack: Started
NOTE: recipe python-2.7.16-r0: task do_fetch: Started
NOTE: recipe libnfnetlink-1.0.1-r0: task do_prepare_recipe_sysroot: Started
NOTE: recipe libyaml-0.2.1-r0: task do_unpack: Started
NOTE: recipe libyaml-0.2.1-r0: task do_prepare_recipe_sysroot: Started
NOTE: recipe suricata-4.1.2-r0: task do_fetch: Succeeded
NOTE: Running task 2380 of 2524 (/home/deby/poky/meta-debian/recipes-debian/suricata/suricata_debian.bb:do_unpack)
NOTE: recipe db-5.3.28-r0: task do_fetch: Succeeded
NOTE: recipe libcap-ng-0.7.9-r0: task do_fetch: Succeeded
NOTE: recipe jansson-2.12-r0: task do_fetch: Succeeded
NOTE: Running task 2381 of 2524 (/home/deby/poky/meta-debian/recipes-debian/db/db_debian.bb:do_unpack)
NOTE: Running task 2382 of 2524 (/home/deby/poky/meta-debian/recipes-debian/libcap-ng/libcap-ng_debian.bb:do_unpack)
NOTE: Running task 2383 of 2524 (/home/deby/poky/meta-debian/recipes-debian/jansson/jansson_debian.bb:do_unpack)
NOTE: Running task 2384 of 2524 (/home/deby/poky/meta-debian/recipes-debian/libcap-ng/libcap-ng_debian.bb:do_prepare_recipe_sysroot)
NOTE: recipe nss-3.42.1-r0: task do_fetch: Succeeded
NOTE: Running task 2385 of 2524 (/home/deby/poky/meta-debian/recipes-debian/nss/nss_debian.bb:do_unpack)
NOTE: recipe lsb-10.2019051400-r0: task do_fetch: Succeeded
NOTE: recipe libhtp-0.5.30-r0: task do_fetch: Succeeded
NOTE: Running task 2386 of 2524 (/home/deby/poky/meta-debian/recipes-debian/jansson/jansson_debian.bb:do_prepare_recipe_sysroot)
NOTE: Running task 2387 of 2524 (/home/deby/poky/meta-debian/recipes-debian/libhtp/libhtp_debian.bb:do_unpack)
NOTE: recipe jansson-2.12-r0: task do_unpack: Started
NOTE: recipe db-5.3.28-r0: task do_unpack: Started
NOTE: recipe suricata-4.1.2-r0: task do_unpack: Started
NOTE: recipe libcap-ng-0.7.9-r0: task do_unpack: Started
NOTE: recipe nss-3.42.1-r0: task do_unpack: Started
NOTE: recipe libhtp-0.5.30-r0: task do_unpack: Started
NOTE: recipe nspr-4.20-r0: task do_fetch: Succeeded
NOTE: recipe jansson-2.12-r0: task do_prepare_recipe_sysroot: Started
NOTE: Running task 2388 of 2524 (/home/deby/poky/meta-debian/recipes-debian/nspr/nspr_debian.bb:do_unpack)
NOTE: recipe libcap-ng-0.7.9-r0: task do_prepare_recipe_sysroot: Started
NOTE: recipe python-2.7.16-r0: task do_fetch: Succeeded
NOTE: Running task 2389 of 2524 (/home/deby/poky/meta-debian/recipes-debian/nspr/nspr_debian.bb:do_prepare_recipe_sysroot)
NOTE: recipe nspr-4.20-r0: task do_unpack: Started
NOTE: recipe nspr-4.20-r0: task do_prepare_recipe_sysroot: Started
NOTE: recipe file-5.35-r0: task do_prepare_recipe_sysroot: Succeeded
NOTE: Running task 2390 of 2524 (/home/deby/poky/meta-debian/recipes-debian/python/python_debian.bb:do_unpack)
NOTE: recipe libnfnetlink-1.0.1-r0: task do_prepare_recipe_sysroot: Succeeded
NOTE: Running task 2391 of 2524 (/home/deby/poky/meta-debian/recipes-debian/libhtp/libhtp_debian.bb:do_prepare_recipe_sysroot)
NOTE: recipe libyaml-0.2.1-r0: task do_prepare_recipe_sysroot: Succeeded
NOTE: Running task 2392 of 2524 (/home/deby/poky/meta-debian/recipes-debian/db/db_debian.bb:do_prepare_recipe_sysroot)
NOTE: recipe libyaml-0.2.1-r0: task do_unpack: Succeeded
NOTE: Running task 2393 of 2524 (/home/deby/poky/meta-debian/recipes-debian/libyaml/libyaml_debian.bb:do_debian_unpack_extra)
NOTE: recipe libcap-ng-0.7.9-r0: task do_unpack: Succeeded
NOTE: Running task 2394 of 2524 (/home/deby/poky/meta-debian/recipes-debian/libcap-ng/libcap-ng_debian.bb:do_debian_unpack_extra)
NOTE: recipe libhtp-0.5.30-r0: task do_prepare_recipe_sysroot: Started
NOTE: recipe db-5.3.28-r0: task do_prepare_recipe_sysroot: Started
NOTE: recipe python-2.7.16-r0: task do_unpack: Started
NOTE: recipe libyaml-0.2.1-r0: task do_debian_unpack_extra: Started
NOTE: recipe libcap-ng-0.7.9-r0: task do_debian_unpack_extra: Started
NOTE: recipe libyaml-0.2.1-r0: task do_debian_unpack_extra: Succeeded
NOTE: recipe file-5.35-r0: task do_unpack: Succeeded
NOTE: Running task 2395 of 2524 (/home/deby/poky/meta-debian/recipes-debian/libyaml/libyaml_debian.bb:do_debian_patch)
NOTE: Running task 2396 of 2524 (/home/deby/poky/meta-debian/recipes-debian/file/file_debian.bb:do_debian_unpack_extra)
NOTE: recipe libcap-ng-0.7.9-r0: task do_debian_unpack_extra: Succeeded
NOTE: Running task 2397 of 2524 (/home/deby/poky/meta-debian/recipes-debian/libcap-ng/libcap-ng_debian.bb:do_debian_patch)
NOTE: recipe file-5.35-r0: task do_debian_unpack_extra: Started
NOTE: recipe libcap-ng-0.7.9-r0: task do_debian_patch: Started
NOTE: recipe libyaml-0.2.1-r0: task do_debian_patch: Started
NOTE: recipe file-5.35-r0: task do_debian_unpack_extra: Succeeded
NOTE: Running task 2398 of 2524 (/home/deby/poky/meta-debian/recipes-debian/file/file_debian.bb:do_debian_patch)
NOTE: recipe jansson-2.12-r0: task do_unpack: Succeeded
NOTE: Running task 2399 of 2524 (/home/deby/poky/meta-debian/recipes-debian/jansson/jansson_debian.bb:do_debian_unpack_extra)
NOTE: recipe libyaml-0.2.1-r0: task do_debian_patch: Succeeded
NOTE: Running task 2400 of 2524 (/home/deby/poky/meta-debian/recipes-debian/libyaml/libyaml_debian.bb:do_patch)
NOTE: recipe file-5.35-r0: task do_debian_patch: Started
NOTE: recipe libnfnetlink-1.0.1-r0: task do_unpack: Succeeded
NOTE: Running task 2401 of 2524 (/home/deby/poky/meta-debian/recipes-debian/libnfnetlink/libnfnetlink_debian.bb:do_debian_unpack_extra)
NOTE: recipe jansson-2.12-r0: task do_debian_unpack_extra: Started
NOTE: recipe libyaml-0.2.1-r0: task do_patch: Started
NOTE: recipe jansson-2.12-r0: task do_prepare_recipe_sysroot: Succeeded
NOTE: recipe nspr-4.20-r0: task do_prepare_recipe_sysroot: Succeeded
NOTE: Running task 2402 of 2524 (/home/deby/poky/meta-debian/recipes-debian/lsb/lsb_debian.bb:do_unpack)
NOTE: Running task 2403 of 2524 (/home/deby/poky/meta-debian/recipes-debian/lsb/lsb_debian.bb:do_prepare_recipe_sysroot)
NOTE: recipe libyaml-0.2.1-r0: task do_patch: Succeeded
NOTE: Running task 2404 of 2524 (/home/deby/poky/meta-debian/recipes-debian/libyaml/libyaml_debian.bb:do_configure)
NOTE: recipe libnfnetlink-1.0.1-r0: task do_debian_unpack_extra: Started
NOTE: recipe jansson-2.12-r0: task do_debian_unpack_extra: Succeeded
NOTE: Running task 2405 of 2524 (/home/deby/poky/meta-debian/recipes-debian/jansson/jansson_debian.bb:do_debian_patch)
NOTE: recipe libhtp-0.5.30-r0: task do_unpack: Succeeded
NOTE: Running task 2406 of 2524 (/home/deby/poky/meta-debian/recipes-debian/libhtp/libhtp_debian.bb:do_debian_unpack_extra)
NOTE: recipe lsb-10.2019051400-r0: task do_unpack: Started
NOTE: recipe libnfnetlink-1.0.1-r0: task do_debian_unpack_extra: Succeeded
NOTE: Running task 2407 of 2524 (/home/deby/poky/meta-debian/recipes-debian/libnfnetlink/libnfnetlink_debian.bb:do_debian_patch)
NOTE: recipe lsb-10.2019051400-r0: task do_prepare_recipe_sysroot: Started
NOTE: recipe jansson-2.12-r0: task do_debian_patch: Started
NOTE: recipe libyaml-0.2.1-r0: task do_configure: Started
NOTE: recipe libhtp-0.5.30-r0: task do_debian_unpack_extra: Started
NOTE: recipe jansson-2.12-r0: task do_debian_patch: Succeeded
NOTE: Running task 2408 of 2524 (/home/deby/poky/meta-debian/recipes-debian/jansson/jansson_debian.bb:do_patch)
NOTE: recipe libhtp-0.5.30-r0: task do_debian_unpack_extra: Succeeded
NOTE: recipe libnfnetlink-1.0.1-r0: task do_debian_patch: Started
NOTE: Running task 2409 of 2524 (/home/deby/poky/meta-debian/recipes-debian/libhtp/libhtp_debian.bb:do_debian_patch)
NOTE: recipe libnfnetlink-1.0.1-r0: task do_debian_patch: Succeeded
NOTE: Running task 2410 of 2524 (/home/deby/poky/meta-debian/recipes-debian/libnfnetlink/libnfnetlink_debian.bb:do_patch)
NOTE: recipe jansson-2.12-r0: task do_patch: Started
NOTE: recipe libhtp-0.5.30-r0: task do_debian_patch: Started
NOTE: recipe libnfnetlink-1.0.1-r0: task do_patch: Started
NOTE: recipe lsb-10.2019051400-r0: task do_unpack: Succeeded
NOTE: Running task 2411 of 2524 (/home/deby/poky/meta-debian/recipes-debian/lsb/lsb_debian.bb:do_debian_unpack_extra)
NOTE: recipe jansson-2.12-r0: task do_patch: Succeeded
NOTE: Running task 2412 of 2524 (/home/deby/poky/meta-debian/recipes-debian/jansson/jansson_debian.bb:do_configure)
NOTE: recipe nspr-4.20-r0: task do_unpack: Succeeded
NOTE: Running task 2413 of 2524 (/home/deby/poky/meta-debian/recipes-debian/nspr/nspr_debian.bb:do_debian_unpack_extra)
NOTE: recipe lsb-10.2019051400-r0: task do_debian_unpack_extra: Started
NOTE: recipe lsb-10.2019051400-r0: task do_debian_unpack_extra: Succeeded
NOTE: Running task 2414 of 2524 (/home/deby/poky/meta-debian/recipes-debian/lsb/lsb_debian.bb:do_debian_patch)
NOTE: recipe jansson-2.12-r0: task do_configure: Started
NOTE: recipe nspr-4.20-r0: task do_debian_unpack_extra: Started
NOTE: recipe nspr-4.20-r0: task do_debian_unpack_extra: Succeeded
NOTE: Running task 2415 of 2524 (/home/deby/poky/meta-debian/recipes-debian/nspr/nspr_debian.bb:do_debian_patch)
NOTE: recipe lsb-10.2019051400-r0: task do_debian_patch: Started
NOTE: recipe nspr-4.20-r0: task do_debian_patch: Started
NOTE: recipe file-5.35-r0: task do_debian_patch: Succeeded
NOTE: Running task 2416 of 2524 (/home/deby/poky/meta-debian/recipes-debian/file/file_debian.bb:do_patch)
NOTE: recipe nspr-4.20-r0: task do_debian_patch: Succeeded
NOTE: recipe file-5.35-r0: task do_patch: Started
NOTE: Running task 2417 of 2524 (/home/deby/poky/meta-debian/recipes-debian/nspr/nspr_debian.bb:do_patch)
NOTE: recipe file-5.35-r0: task do_patch: Succeeded
NOTE: Running task 2418 of 2524 (/home/deby/poky/meta-debian/recipes-debian/file/file_debian.bb:do_configure)
NOTE: recipe db-5.3.28-r0: task do_prepare_recipe_sysroot: Succeeded
NOTE: recipe libnfnetlink-1.0.1-r0: task do_patch: Succeeded
NOTE: recipe libhtp-0.5.30-r0: task do_debian_patch: Succeeded
NOTE: Running task 2419 of 2524 (/home/deby/poky/meta-debian/recipes-debian/libnfnetlink/libnfnetlink_debian.bb:do_configure)
NOTE: Running task 2420 of 2524 (/home/deby/poky/meta-debian/recipes-debian/libhtp/libhtp_debian.bb:do_patch)
NOTE: recipe nspr-4.20-r0: task do_patch: Started
NOTE: recipe file-5.35-r0: task do_configure: Started
NOTE: recipe libhtp-0.5.30-r0: task do_prepare_recipe_sysroot: Succeeded
NOTE: recipe libhtp-0.5.30-r0: task do_patch: Started
NOTE: recipe lsb-10.2019051400-r0: task do_prepare_recipe_sysroot: Succeeded
NOTE: recipe libnfnetlink-1.0.1-r0: task do_configure: Started
NOTE: recipe libhtp-0.5.30-r0: task do_patch: Succeeded
NOTE: Running task 2421 of 2524 (/home/deby/poky/meta-debian/recipes-debian/libhtp/libhtp_debian.bb:do_configure)
NOTE: recipe lsb-10.2019051400-r0: task do_debian_patch: Succeeded
NOTE: Running task 2422 of 2524 (/home/deby/poky/meta-debian/recipes-debian/lsb/lsb_debian.bb:do_patch)
NOTE: recipe lsb-10.2019051400-r0: task do_patch: Started
NOTE: recipe libhtp-0.5.30-r0: task do_configure: Started
NOTE: recipe lsb-10.2019051400-r0: task do_patch: Succeeded
NOTE: Running task 2423 of 2524 (/home/deby/poky/meta-debian/recipes-debian/lsb/lsb_debian.bb:do_configure)
NOTE: recipe suricata-4.1.2-r0: task do_unpack: Succeeded
NOTE: Running task 2424 of 2524 (/home/deby/poky/meta-debian/recipes-debian/suricata/suricata_debian.bb:do_debian_unpack_extra)
NOTE: recipe lsb-10.2019051400-r0: task do_configure: Started
NOTE: recipe suricata-4.1.2-r0: task do_debian_unpack_extra: Started
NOTE: recipe nspr-4.20-r0: task do_patch: Succeeded
NOTE: recipe lsb-10.2019051400-r0: task do_configure: Succeeded
NOTE: Running task 2425 of 2524 (/home/deby/poky/meta-debian/recipes-debian/lsb/lsb_debian.bb:do_compile)
NOTE: Running task 2426 of 2524 (/home/deby/poky/meta-debian/recipes-debian/nspr/nspr_debian.bb:do_configure)
NOTE: recipe suricata-4.1.2-r0: task do_debian_unpack_extra: Succeeded
NOTE: Running task 2427 of 2524 (/home/deby/poky/meta-debian/recipes-debian/suricata/suricata_debian.bb:do_debian_patch)
NOTE: recipe lsb-10.2019051400-r0: task do_compile: Started
NOTE: recipe nspr-4.20-r0: task do_configure: Started
NOTE: recipe lsb-10.2019051400-r0: task do_compile: Succeeded
NOTE: Running task 2428 of 2524 (/home/deby/poky/meta-debian/recipes-debian/lsb/lsb_debian.bb:do_install)
NOTE: recipe suricata-4.1.2-r0: task do_debian_patch: Started
NOTE: recipe suricata-4.1.2-r0: task do_debian_patch: Succeeded
NOTE: recipe nss-3.42.1-r0: task do_unpack: Succeeded
NOTE: Running task 2429 of 2524 (/home/deby/poky/meta-debian/recipes-debian/nss/nss_debian.bb:do_debian_unpack_extra)
NOTE: Running task 2430 of 2524 (/home/deby/poky/meta-debian/recipes-debian/suricata/suricata_debian.bb:do_patch)
NOTE: recipe lsb-10.2019051400-r0: task do_install: Started
NOTE: recipe suricata-4.1.2-r0: task do_patch: Started
NOTE: recipe nss-3.42.1-r0: task do_debian_unpack_extra: Started
NOTE: recipe suricata-4.1.2-r0: task do_patch: Succeeded
NOTE: Running task 2431 of 2524 (/home/deby/poky/meta-debian/recipes-debian/suricata/suricata_debian.bb:do_populate_lic)
NOTE: recipe nss-3.42.1-r0: task do_debian_unpack_extra: Succeeded
NOTE: Running task 2432 of 2524 (/home/deby/poky/meta-debian/recipes-debian/nss/nss_debian.bb:do_debian_patch)
NOTE: recipe suricata-4.1.2-r0: task do_populate_lic: Started
NOTE: recipe nss-3.42.1-r0: task do_debian_patch: Started
NOTE: recipe lsb-10.2019051400-r0: task do_install: Succeeded
NOTE: Running task 2433 of 2524 (/home/deby/poky/meta-debian/recipes-debian/lsb/lsb_debian.bb:do_package)
NOTE: recipe lsb-10.2019051400-r0: task do_package: Started
NOTE: recipe nss-3.42.1-r0: task do_debian_patch: Succeeded
NOTE: Running task 2434 of 2524 (/home/deby/poky/meta-debian/recipes-debian/nss/nss_debian.bb:do_patch)
NOTE: recipe suricata-4.1.2-r0: task do_populate_lic: Succeeded
NOTE: recipe nss-3.42.1-r0: task do_patch: Started
NOTE: recipe python-2.7.16-r0: task do_unpack: Succeeded
NOTE: Running task 2435 of 2524 (/home/deby/poky/meta-debian/recipes-debian/python/python_debian.bb:do_debian_unpack_extra)
NOTE: recipe python-2.7.16-r0: task do_debian_unpack_extra: Started
NOTE: recipe nss-3.42.1-r0: task do_patch: Succeeded
NOTE: recipe python-2.7.16-r0: task do_debian_unpack_extra: Succeeded
NOTE: Running task 2436 of 2524 (/home/deby/poky/meta-debian/recipes-debian/python/python_debian.bb:do_debian_patch)
NOTE: recipe libcap-ng-0.7.9-r0: task do_prepare_recipe_sysroot: Succeeded
NOTE: recipe python-2.7.16-r0: task do_debian_patch: Started
NOTE: recipe libcap-ng-0.7.9-r0: task do_debian_patch: Succeeded
NOTE: Running task 2437 of 2524 (/home/deby/poky/meta-debian/recipes-debian/libcap-ng/libcap-ng_debian.bb:do_patch)
NOTE: recipe db-5.3.28-r0: task do_unpack: Succeeded
NOTE: Running task 2438 of 2524 (/home/deby/poky/meta-debian/recipes-debian/db/db_debian.bb:do_debian_unpack_extra)
NOTE: recipe libcap-ng-0.7.9-r0: task do_patch: Started
NOTE: recipe db-5.3.28-r0: task do_debian_unpack_extra: Started
NOTE: recipe libcap-ng-0.7.9-r0: task do_patch: Succeeded
NOTE: Running task 2439 of 2524 (/home/deby/poky/meta-debian/recipes-debian/libcap-ng/libcap-ng_debian.bb:do_configure)
NOTE: recipe db-5.3.28-r0: task do_debian_unpack_extra: Succeeded
NOTE: Running task 2440 of 2524 (/home/deby/poky/meta-debian/recipes-debian/db/db_debian.bb:do_debian_patch)
NOTE: recipe libcap-ng-0.7.9-r0: task do_configure: Started
NOTE: recipe db-5.3.28-r0: task do_debian_patch: Started
NOTE: recipe db-5.3.28-r0: task do_debian_patch: Succeeded
NOTE: Running task 2441 of 2524 (/home/deby/poky/meta-debian/recipes-debian/db/db_debian.bb:do_patch)
NOTE: recipe python-2.7.16-r0: task do_debian_patch: Succeeded
NOTE: Running task 2442 of 2524 (/home/deby/poky/meta-debian/recipes-debian/python/python_debian.bb:do_patch)
NOTE: recipe db-5.3.28-r0: task do_patch: Started
NOTE: recipe python-2.7.16-r0: task do_patch: Started
NOTE: recipe db-5.3.28-r0: task do_patch: Succeeded
NOTE: Running task 2443 of 2524 (/home/deby/poky/meta-debian/recipes-debian/db/db_debian.bb:do_configure)
NOTE: recipe db-5.3.28-r0: task do_configure: Started
NOTE: recipe python-2.7.16-r0: task do_patch: Succeeded
NOTE: recipe nspr-4.20-r0: task do_configure: Succeeded
NOTE: Running task 2444 of 2524 (/home/deby/poky/meta-debian/recipes-debian/nspr/nspr_debian.bb:do_compile)
NOTE: recipe nspr-4.20-r0: task do_compile: Started
NOTE: recipe libyaml-0.2.1-r0: task do_configure: Succeeded
NOTE: Running task 2445 of 2524 (/home/deby/poky/meta-debian/recipes-debian/libyaml/libyaml_debian.bb:do_compile)
NOTE: recipe libyaml-0.2.1-r0: task do_compile: Started
NOTE: recipe libnfnetlink-1.0.1-r0: task do_configure: Succeeded
NOTE: Running task 2446 of 2524 (/home/deby/poky/meta-debian/recipes-debian/libnfnetlink/libnfnetlink_debian.bb:do_compile)
NOTE: recipe libnfnetlink-1.0.1-r0: task do_compile: Started
NOTE: recipe libyaml-0.2.1-r0: task do_compile: Succeeded
NOTE: Running task 2447 of 2524 (/home/deby/poky/meta-debian/recipes-debian/libyaml/libyaml_debian.bb:do_install)
NOTE: recipe libyaml-0.2.1-r0: task do_install: Started
NOTE: recipe lsb-10.2019051400-r0: task do_package: Succeeded
NOTE: Running task 2448 of 2524 (/home/deby/poky/meta-debian/recipes-debian/lsb/lsb_debian.bb:do_packagedata)
NOTE: recipe lsb-10.2019051400-r0: task do_packagedata: Started
NOTE: recipe libyaml-0.2.1-r0: task do_install: Succeeded
NOTE: recipe lsb-10.2019051400-r0: task do_packagedata: Succeeded
NOTE: Running task 2449 of 2524 (/home/deby/poky/meta-debian/recipes-debian/libyaml/libyaml_debian.bb:do_populate_sysroot)
NOTE: Running task 2450 of 2524 (/home/deby/poky/meta-debian/recipes-debian/libyaml/libyaml_debian.bb:do_package)
NOTE: recipe libyaml-0.2.1-r0: task do_populate_sysroot: Started
NOTE: recipe libyaml-0.2.1-r0: task do_package: Started
NOTE: recipe jansson-2.12-r0: task do_configure: Succeeded
NOTE: Running task 2451 of 2524 (/home/deby/poky/meta-debian/recipes-debian/jansson/jansson_debian.bb:do_compile)
NOTE: recipe libyaml-0.2.1-r0: task do_populate_sysroot: Succeeded
NOTE: recipe libnfnetlink-1.0.1-r0: task do_compile: Succeeded
NOTE: Running task 2452 of 2524 (/home/deby/poky/meta-debian/recipes-debian/libnfnetlink/libnfnetlink_debian.bb:do_install)
NOTE: recipe jansson-2.12-r0: task do_compile: Started
NOTE: recipe libnfnetlink-1.0.1-r0: task do_install: Started
NOTE: recipe libnfnetlink-1.0.1-r0: task do_install: Succeeded
NOTE: Running task 2453 of 2524 (/home/deby/poky/meta-debian/recipes-debian/libnfnetlink/libnfnetlink_debian.bb:do_populate_sysroot)
NOTE: Running task 2454 of 2524 (/home/deby/poky/meta-debian/recipes-debian/libnfnetlink/libnfnetlink_debian.bb:do_package)
NOTE: recipe libnfnetlink-1.0.1-r0: task do_populate_sysroot: Started
NOTE: recipe jansson-2.12-r0: task do_compile: Succeeded
NOTE: Running task 2455 of 2524 (/home/deby/poky/meta-debian/recipes-debian/jansson/jansson_debian.bb:do_install)
NOTE: recipe libnfnetlink-1.0.1-r0: task do_package: Started
NOTE: recipe libnfnetlink-1.0.1-r0: task do_populate_sysroot: Succeeded
NOTE: recipe jansson-2.12-r0: task do_install: Started
NOTE: recipe jansson-2.12-r0: task do_install: Succeeded
NOTE: Running task 2456 of 2524 (/home/deby/poky/meta-debian/recipes-debian/jansson/jansson_debian.bb:do_populate_sysroot)
NOTE: Running task 2457 of 2524 (/home/deby/poky/meta-debian/recipes-debian/jansson/jansson_debian.bb:do_package)
NOTE: recipe jansson-2.12-r0: task do_populate_sysroot: Started
NOTE: recipe jansson-2.12-r0: task do_package: Started
NOTE: recipe jansson-2.12-r0: task do_populate_sysroot: Succeeded
NOTE: recipe libhtp-0.5.30-r0: task do_configure: Succeeded
NOTE: Running task 2458 of 2524 (/home/deby/poky/meta-debian/recipes-debian/libhtp/libhtp_debian.bb:do_compile)
NOTE: recipe libhtp-0.5.30-r0: task do_compile: Started
NOTE: recipe libhtp-0.5.30-r0: task do_compile: Succeeded
NOTE: Running task 2459 of 2524 (/home/deby/poky/meta-debian/recipes-debian/libhtp/libhtp_debian.bb:do_install)
NOTE: recipe libhtp-0.5.30-r0: task do_install: Started
NOTE: recipe libhtp-0.5.30-r0: task do_install: Succeeded
NOTE: Running task 2460 of 2524 (/home/deby/poky/meta-debian/recipes-debian/libhtp/libhtp_debian.bb:do_populate_sysroot)
NOTE: Running task 2461 of 2524 (/home/deby/poky/meta-debian/recipes-debian/libhtp/libhtp_debian.bb:do_package)
NOTE: recipe libhtp-0.5.30-r0: task do_populate_sysroot: Started
NOTE: recipe libhtp-0.5.30-r0: task do_package: Started
NOTE: recipe libcap-ng-0.7.9-r0: task do_configure: Succeeded
NOTE: Running task 2462 of 2524 (/home/deby/poky/meta-debian/recipes-debian/libcap-ng/libcap-ng_debian.bb:do_compile)
NOTE: recipe libhtp-0.5.30-r0: task do_populate_sysroot: Succeeded
NOTE: recipe libcap-ng-0.7.9-r0: task do_compile: Started
NOTE: recipe libcap-ng-0.7.9-r0: task do_compile: Succeeded
NOTE: Running task 2463 of 2524 (/home/deby/poky/meta-debian/recipes-debian/libcap-ng/libcap-ng_debian.bb:do_install)
NOTE: recipe libcap-ng-0.7.9-r0: task do_install: Started
NOTE: recipe libcap-ng-0.7.9-r0: task do_install: Succeeded
NOTE: Running task 2464 of 2524 (/home/deby/poky/meta-debian/recipes-debian/libcap-ng/libcap-ng_debian.bb:do_populate_sysroot)
NOTE: Running task 2465 of 2524 (/home/deby/poky/meta-debian/recipes-debian/libcap-ng/libcap-ng_debian.bb:do_package)
NOTE: recipe libcap-ng-0.7.9-r0: task do_populate_sysroot: Started
NOTE: recipe libcap-ng-0.7.9-r0: task do_package: Started
NOTE: recipe libcap-ng-0.7.9-r0: task do_populate_sysroot: Succeeded
NOTE: recipe libyaml-0.2.1-r0: task do_package: Succeeded
NOTE: Running task 2466 of 2524 (/home/deby/poky/meta-debian/recipes-debian/libyaml/libyaml_debian.bb:do_packagedata)
NOTE: recipe libyaml-0.2.1-r0: task do_packagedata: Started
NOTE: recipe libyaml-0.2.1-r0: task do_packagedata: Succeeded
NOTE: Running task 2467 of 2524 (/home/deby/poky/meta-debian/recipes-debian/libyaml/libyaml_debian.bb:do_package_write_deb)
NOTE: recipe libyaml-0.2.1-r0: task do_package_write_deb: Started
NOTE: recipe libyaml-0.2.1-r0: task do_package_write_deb: Succeeded
NOTE: recipe libnfnetlink-1.0.1-r0: task do_package: Succeeded
NOTE: Running task 2468 of 2524 (/home/deby/poky/meta-debian/recipes-debian/libnfnetlink/libnfnetlink_debian.bb:do_packagedata)
NOTE: recipe jansson-2.12-r0: task do_package: Succeeded
NOTE: Running task 2469 of 2524 (/home/deby/poky/meta-debian/recipes-debian/jansson/jansson_debian.bb:do_packagedata)
NOTE: recipe file-5.35-r0: task do_configure: Succeeded
NOTE: Running task 2470 of 2524 (/home/deby/poky/meta-debian/recipes-debian/file/file_debian.bb:do_compile)
NOTE: recipe libnfnetlink-1.0.1-r0: task do_packagedata: Started
NOTE: recipe libcap-ng-0.7.9-r0: task do_package: Succeeded
NOTE: Running task 2471 of 2524 (/home/deby/poky/meta-debian/recipes-debian/libcap-ng/libcap-ng_debian.bb:do_packagedata)
NOTE: recipe jansson-2.12-r0: task do_packagedata: Started
NOTE: recipe file-5.35-r0: task do_compile: Started
NOTE: recipe libnfnetlink-1.0.1-r0: task do_packagedata: Succeeded
NOTE: Running task 2472 of 2524 (/home/deby/poky/meta-debian/recipes-debian/libnfnetlink/libnfnetlink_debian.bb:do_package_write_deb)
NOTE: recipe libcap-ng-0.7.9-r0: task do_packagedata: Started
NOTE: recipe jansson-2.12-r0: task do_packagedata: Succeeded
NOTE: Running task 2473 of 2524 (/home/deby/poky/meta-debian/recipes-debian/jansson/jansson_debian.bb:do_package_write_deb)
NOTE: recipe libcap-ng-0.7.9-r0: task do_packagedata: Succeeded
NOTE: Running task 2474 of 2524 (/home/deby/poky/meta-debian/recipes-debian/libcap-ng/libcap-ng_debian.bb:do_package_write_deb)
NOTE: recipe libnfnetlink-1.0.1-r0: task do_package_write_deb: Started
NOTE: recipe jansson-2.12-r0: task do_package_write_deb: Started
NOTE: recipe libcap-ng-0.7.9-r0: task do_package_write_deb: Started
NOTE: recipe libnfnetlink-1.0.1-r0: task do_package_write_deb: Succeeded
NOTE: recipe jansson-2.12-r0: task do_package_write_deb: Succeeded
NOTE: recipe libcap-ng-0.7.9-r0: task do_package_write_deb: Succeeded
NOTE: recipe file-5.35-r0: task do_compile: Succeeded
NOTE: Running task 2475 of 2524 (/home/deby/poky/meta-debian/recipes-debian/file/file_debian.bb:do_install)
NOTE: recipe file-5.35-r0: task do_install: Started
NOTE: recipe file-5.35-r0: task do_install: Succeeded
NOTE: Running task 2476 of 2524 (/home/deby/poky/meta-debian/recipes-debian/file/file_debian.bb:do_populate_sysroot)
NOTE: Running task 2477 of 2524 (/home/deby/poky/meta-debian/recipes-debian/file/file_debian.bb:do_package)
NOTE: recipe file-5.35-r0: task do_package: Started
NOTE: recipe file-5.35-r0: task do_populate_sysroot: Started
NOTE: recipe libhtp-0.5.30-r0: task do_package: Succeeded
NOTE: Running task 2478 of 2524 (/home/deby/poky/meta-debian/recipes-debian/libhtp/libhtp_debian.bb:do_packagedata)
NOTE: recipe libhtp-0.5.30-r0: task do_packagedata: Started
NOTE: recipe file-5.35-r0: task do_populate_sysroot: Succeeded
NOTE: recipe libhtp-0.5.30-r0: task do_packagedata: Succeeded
NOTE: Running task 2479 of 2524 (/home/deby/poky/meta-debian/recipes-debian/libhtp/libhtp_debian.bb:do_package_write_deb)
NOTE: recipe libhtp-0.5.30-r0: task do_package_write_deb: Started
NOTE: recipe libhtp-0.5.30-r0: task do_package_write_deb: Succeeded
NOTE: recipe db-5.3.28-r0: task do_configure: Succeeded
NOTE: Running task 2480 of 2524 (/home/deby/poky/meta-debian/recipes-debian/db/db_debian.bb:do_compile)
NOTE: recipe db-5.3.28-r0: task do_compile: Started
NOTE: recipe file-5.35-r0: task do_package: Succeeded
NOTE: Running task 2481 of 2524 (/home/deby/poky/meta-debian/recipes-debian/file/file_debian.bb:do_packagedata)
NOTE: recipe file-5.35-r0: task do_packagedata: Started
NOTE: recipe file-5.35-r0: task do_packagedata: Succeeded
NOTE: Running task 2482 of 2524 (/home/deby/poky/meta-debian/recipes-debian/file/file_debian.bb:do_package_write_deb)
NOTE: recipe file-5.35-r0: task do_package_write_deb: Started
NOTE: recipe file-5.35-r0: task do_package_write_deb: Succeeded
NOTE: recipe db-5.3.28-r0: task do_compile: Succeeded
NOTE: Running task 2483 of 2524 (/home/deby/poky/meta-debian/recipes-debian/db/db_debian.bb:do_install)
NOTE: recipe db-5.3.28-r0: task do_install: Started
NOTE: recipe db-5.3.28-r0: task do_install: Succeeded
NOTE: Running task 2484 of 2524 (/home/deby/poky/meta-debian/recipes-debian/db/db_debian.bb:do_populate_sysroot)
NOTE: Running task 2485 of 2524 (/home/deby/poky/meta-debian/recipes-debian/db/db_debian.bb:do_package)
NOTE: recipe db-5.3.28-r0: task do_package: Started
NOTE: recipe db-5.3.28-r0: task do_populate_sysroot: Started
NOTE: recipe nspr-4.20-r0: task do_compile: Succeeded
NOTE: Running task 2486 of 2524 (/home/deby/poky/meta-debian/recipes-debian/nspr/nspr_debian.bb:do_install)
NOTE: recipe nspr-4.20-r0: task do_install: Started
NOTE: recipe nspr-4.20-r0: task do_install: Succeeded
NOTE: Running task 2487 of 2524 (/home/deby/poky/meta-debian/recipes-debian/nspr/nspr_debian.bb:do_populate_sysroot)
NOTE: Running task 2488 of 2524 (/home/deby/poky/meta-debian/recipes-debian/nspr/nspr_debian.bb:do_package)
NOTE: recipe nspr-4.20-r0: task do_populate_sysroot: Started
NOTE: recipe nspr-4.20-r0: task do_package: Started
NOTE: recipe db-5.3.28-r0: task do_populate_sysroot: Succeeded
NOTE: Running task 2489 of 2524 (/home/deby/poky/meta-debian/recipes-debian/python/python_debian.bb:do_prepare_recipe_sysroot)
NOTE: recipe python-2.7.16-r0: task do_prepare_recipe_sysroot: Started
NOTE: recipe nspr-4.20-r0: task do_populate_sysroot: Succeeded
NOTE: Running task 2490 of 2524 (/home/deby/poky/meta-debian/recipes-debian/nss/nss_debian.bb:do_prepare_recipe_sysroot)
NOTE: recipe nss-3.42.1-r0: task do_prepare_recipe_sysroot: Started
NOTE: recipe nss-3.42.1-r0: task do_prepare_recipe_sysroot: Succeeded
NOTE: Running task 2491 of 2524 (/home/deby/poky/meta-debian/recipes-debian/nss/nss_debian.bb:do_configure)
NOTE: recipe nss-3.42.1-r0: task do_configure: Started
NOTE: recipe nss-3.42.1-r0: task do_configure: Succeeded
NOTE: Running task 2492 of 2524 (/home/deby/poky/meta-debian/recipes-debian/nss/nss_debian.bb:do_compile)
NOTE: recipe nss-3.42.1-r0: task do_compile: Started
NOTE: recipe python-2.7.16-r0: task do_prepare_recipe_sysroot: Succeeded
NOTE: Running task 2493 of 2524 (/home/deby/poky/meta-debian/recipes-debian/python/python_debian.bb:do_configure)
NOTE: recipe python-2.7.16-r0: task do_configure: Started
NOTE: recipe nspr-4.20-r0: task do_package: Succeeded
NOTE: Running task 2494 of 2524 (/home/deby/poky/meta-debian/recipes-debian/nspr/nspr_debian.bb:do_packagedata)
NOTE: recipe nspr-4.20-r0: task do_packagedata: Started
NOTE: recipe nspr-4.20-r0: task do_packagedata: Succeeded
NOTE: Running task 2495 of 2524 (/home/deby/poky/meta-debian/recipes-debian/nspr/nspr_debian.bb:do_package_write_deb)
NOTE: recipe nspr-4.20-r0: task do_package_write_deb: Started
NOTE: recipe nspr-4.20-r0: task do_package_write_deb: Succeeded
NOTE: recipe db-5.3.28-r0: task do_package: Succeeded
NOTE: Running task 2496 of 2524 (/home/deby/poky/meta-debian/recipes-debian/db/db_debian.bb:do_packagedata)
NOTE: recipe db-5.3.28-r0: task do_packagedata: Started
NOTE: recipe db-5.3.28-r0: task do_packagedata: Succeeded
NOTE: Running task 2497 of 2524 (/home/deby/poky/meta-debian/recipes-debian/db/db_debian.bb:do_package_write_deb)
NOTE: recipe db-5.3.28-r0: task do_package_write_deb: Started
NOTE: recipe db-5.3.28-r0: task do_package_write_deb: Succeeded
NOTE: recipe python-2.7.16-r0: task do_configure: Succeeded
NOTE: Running task 2498 of 2524 (/home/deby/poky/meta-debian/recipes-debian/python/python_debian.bb:do_configure_ptest_base)
NOTE: recipe python-2.7.16-r0: task do_configure_ptest_base: Started
NOTE: recipe python-2.7.16-r0: task do_configure_ptest_base: Succeeded
NOTE: Running task 2499 of 2524 (/home/deby/poky/meta-debian/recipes-debian/python/python_debian.bb:do_compile)
NOTE: recipe python-2.7.16-r0: task do_compile: Started
NOTE: recipe python-2.7.16-r0: task do_compile: Succeeded
NOTE: Running task 2500 of 2524 (/home/deby/poky/meta-debian/recipes-debian/python/python_debian.bb:do_compile_ptest_base)
NOTE: recipe python-2.7.16-r0: task do_compile_ptest_base: Started
NOTE: recipe python-2.7.16-r0: task do_compile_ptest_base: Succeeded
NOTE: Running task 2501 of 2524 (/home/deby/poky/meta-debian/recipes-debian/python/python_debian.bb:do_install)
NOTE: recipe python-2.7.16-r0: task do_install: Started
NOTE: recipe python-2.7.16-r0: task do_install: Succeeded
NOTE: Running task 2502 of 2524 (/home/deby/poky/meta-debian/recipes-debian/python/python_debian.bb:do_install_ptest_base)
NOTE: recipe python-2.7.16-r0: task do_install_ptest_base: Started
NOTE: recipe python-2.7.16-r0: task do_install_ptest_base: Succeeded
NOTE: Running task 2503 of 2524 (/home/deby/poky/meta-debian/recipes-debian/python/python_debian.bb:do_package)
NOTE: recipe python-2.7.16-r0: task do_package: Started
NOTE: recipe nss-3.42.1-r0: task do_compile: Succeeded
NOTE: Running task 2504 of 2524 (/home/deby/poky/meta-debian/recipes-debian/nss/nss_debian.bb:do_install)
NOTE: recipe nss-3.42.1-r0: task do_install: Started
NOTE: recipe nss-3.42.1-r0: task do_install: Succeeded
NOTE: Running task 2505 of 2524 (/home/deby/poky/meta-debian/recipes-debian/nss/nss_debian.bb:do_populate_sysroot)
NOTE: Running task 2506 of 2524 (/home/deby/poky/meta-debian/recipes-debian/nss/nss_debian.bb:do_package)
NOTE: recipe nss-3.42.1-r0: task do_populate_sysroot: Started
NOTE: recipe nss-3.42.1-r0: task do_package: Started
NOTE: recipe nss-3.42.1-r0: task do_populate_sysroot: Succeeded
NOTE: Running task 2507 of 2524 (/home/deby/poky/meta-debian/recipes-debian/suricata/suricata_debian.bb:do_prepare_recipe_sysroot)
NOTE: recipe suricata-4.1.2-r0: task do_prepare_recipe_sysroot: Started
NOTE: recipe suricata-4.1.2-r0: task do_prepare_recipe_sysroot: Succeeded
NOTE: Running task 2508 of 2524 (/home/deby/poky/meta-debian/recipes-debian/suricata/suricata_debian.bb:do_configure)
NOTE: recipe suricata-4.1.2-r0: task do_configure: Started
NOTE: recipe python-2.7.16-r0: task do_package: Succeeded
NOTE: Running task 2509 of 2524 (/home/deby/poky/meta-debian/recipes-debian/python/python_debian.bb:do_packagedata)
NOTE: recipe python-2.7.16-r0: task do_packagedata: Started
NOTE: recipe python-2.7.16-r0: task do_packagedata: Succeeded
NOTE: Running task 2510 of 2524 (/home/deby/poky/meta-debian/recipes-debian/python/python_debian.bb:do_package_write_deb)
NOTE: Running task 2511 of 2524 (/home/deby/poky/meta-debian/recipes-debian/lsb/lsb_debian.bb:do_package_write_deb)
NOTE: recipe python-2.7.16-r0: task do_package_write_deb: Started
NOTE: recipe lsb-10.2019051400-r0: task do_package_write_deb: Started
NOTE: recipe lsb-10.2019051400-r0: task do_package_write_deb: Succeeded
NOTE: recipe python-2.7.16-r0: task do_package_write_deb: Succeeded
NOTE: recipe nss-3.42.1-r0: task do_package: Succeeded
NOTE: Running task 2512 of 2524 (/home/deby/poky/meta-debian/recipes-debian/nss/nss_debian.bb:do_packagedata)
NOTE: recipe nss-3.42.1-r0: task do_packagedata: Started
NOTE: recipe nss-3.42.1-r0: task do_packagedata: Succeeded
NOTE: Running task 2513 of 2524 (/home/deby/poky/meta-debian/recipes-debian/nss/nss_debian.bb:do_package_write_deb)
NOTE: recipe nss-3.42.1-r0: task do_package_write_deb: Started
NOTE: recipe nss-3.42.1-r0: task do_package_write_deb: Succeeded
NOTE: recipe suricata-4.1.2-r0: task do_configure: Succeeded
NOTE: Running task 2514 of 2524 (/home/deby/poky/meta-debian/recipes-debian/suricata/suricata_debian.bb:do_configure_ptest_base)
NOTE: recipe suricata-4.1.2-r0: task do_configure_ptest_base: Started
NOTE: recipe suricata-4.1.2-r0: task do_configure_ptest_base: Succeeded
NOTE: Running task 2515 of 2524 (/home/deby/poky/meta-debian/recipes-debian/suricata/suricata_debian.bb:do_compile)
NOTE: recipe suricata-4.1.2-r0: task do_compile: Started
NOTE: recipe suricata-4.1.2-r0: task do_compile: Succeeded
NOTE: Running task 2516 of 2524 (/home/deby/poky/meta-debian/recipes-debian/suricata/suricata_debian.bb:do_compile_ptest_base)
NOTE: recipe suricata-4.1.2-r0: task do_compile_ptest_base: Started
NOTE: recipe suricata-4.1.2-r0: task do_compile_ptest_base: Succeeded
NOTE: Running task 2517 of 2524 (/home/deby/poky/meta-debian/recipes-debian/suricata/suricata_debian.bb:do_install)
NOTE: recipe suricata-4.1.2-r0: task do_install: Started
NOTE: recipe suricata-4.1.2-r0: task do_install: Succeeded
NOTE: Running task 2518 of 2524 (/home/deby/poky/meta-debian/recipes-debian/suricata/suricata_debian.bb:do_install_ptest_base)
NOTE: recipe suricata-4.1.2-r0: task do_install_ptest_base: Started
NOTE: recipe suricata-4.1.2-r0: task do_install_ptest_base: Succeeded
NOTE: Running task 2519 of 2524 (/home/deby/poky/meta-debian/recipes-debian/suricata/suricata_debian.bb:do_package)
NOTE: Running task 2520 of 2524 (/home/deby/poky/meta-debian/recipes-debian/suricata/suricata_debian.bb:do_populate_sysroot)
NOTE: recipe suricata-4.1.2-r0: task do_package: Started
NOTE: recipe suricata-4.1.2-r0: task do_populate_sysroot: Started
NOTE: recipe suricata-4.1.2-r0: task do_populate_sysroot: Succeeded
NOTE: recipe suricata-4.1.2-r0: task do_package: Succeeded
NOTE: Running task 2521 of 2524 (/home/deby/poky/meta-debian/recipes-debian/suricata/suricata_debian.bb:do_packagedata)
NOTE: recipe suricata-4.1.2-r0: task do_packagedata: Started
NOTE: recipe suricata-4.1.2-r0: task do_packagedata: Succeeded
NOTE: Running task 2522 of 2524 (/home/deby/poky/meta-debian/recipes-debian/suricata/suricata_debian.bb:do_package_write_deb)
NOTE: Running task 2523 of 2524 (/home/deby/poky/meta-debian/recipes-debian/suricata/suricata_debian.bb:do_package_qa)
NOTE: recipe suricata-4.1.2-r0: task do_package_write_deb: Started
NOTE: recipe suricata-4.1.2-r0: task do_package_qa: Started
NOTE: recipe suricata-4.1.2-r0: task do_package_write_deb: Succeeded
NOTE: recipe suricata-4.1.2-r0: task do_package_qa: Succeeded
NOTE: Running noexec task 2524 of 2524 (/home/deby/poky/meta-debian/recipes-debian/suricata/suricata_debian.bb:do_build)
NOTE: Tasks Summary: Attempted 2524 tasks of which 2361 didn't need to be rerun and all succeeded.
