Loading cache...done.
Loaded 1855 entries from dependency cache.
Parsing recipes...done.
Parsing of 1073 .bb files complete (1071 cached, 2 parsed). 1858 targets, 228 skipped, 0 masked, 0 errors.
WARNING: No bb files matched BBFILE_PATTERN_debian-raspberrypi '^/home/deby/poky/meta-debian/tests/../../meta-debian/bsp/meta-raspberrypi/'
NOTE: Resolving any missing task queue dependencies

Build Configuration:
BB_VERSION           = "1.42.0"
BUILD_SYS            = "x86_64-linux"
NATIVELSBSTRING      = "universal"
TARGET_SYS           = "arm-deby-linux-gnueabi"
MACHINE              = "raspberrypi3"
DISTRO               = "deby-tiny"
DISTRO_VERSION       = "10.0"
TUNE_FEATURES        = "arm vfp cortexa7 neon vfpv4 thumb callconvention-hard"
TARGET_FPU           = "hard"
meta                 
meta-poky            = "warrior:79a850a10a4b88a6d20d607b322542f947874323"
meta-debian          = "warrior:fda6a80e4cae9aa03f502551f35fe41beb7bb944"
meta-raspberrypi     = "warrior:0750d5d2bc9596f35d5d61bb0ff657be4b02bfdc"
meta-raspberrypi     = "warrior:fda6a80e4cae9aa03f502551f35fe41beb7bb944"

Initialising tasks...done.
Sstate summary: Wanted 10 Found 0 Missed 10 Current 71 (0% match, 87% complete)
NOTE: Executing SetScene Tasks
NOTE: Executing RunQueue Tasks
NOTE: Running task 517 of 593 (/home/deby/poky/meta-debian/recipes-debian/perl/perl_debian.bb:do_fetch)
NOTE: Running task 529 of 593 (/home/deby/poky/meta-debian/recipes-debian/liblinux-usermod-perl/liblinux-usermod-perl_debian.bb:do_fetch)
NOTE: recipe perl-5.28.1-r1: task do_fetch: Started
NOTE: recipe liblinux-usermod-perl-0.69-r0: task do_fetch: Started
NOTE: recipe perl-5.28.1-r1: task do_fetch: Succeeded
NOTE: Running task 567 of 593 (/home/deby/poky/meta-debian/recipes-debian/perl/perl_debian.bb:do_unpack)
NOTE: Running task 568 of 593 (/home/deby/poky/meta-debian/recipes-debian/perl/perl_debian.bb:do_prepare_recipe_sysroot)
NOTE: recipe liblinux-usermod-perl-0.69-r0: task do_fetch: Succeeded
NOTE: Running task 569 of 593 (/home/deby/poky/meta-debian/recipes-debian/liblinux-usermod-perl/liblinux-usermod-perl_debian.bb:do_unpack)
NOTE: recipe perl-5.28.1-r1: task do_unpack: Started
NOTE: recipe liblinux-usermod-perl-0.69-r0: task do_unpack: Started
NOTE: recipe perl-5.28.1-r1: task do_prepare_recipe_sysroot: Started
NOTE: recipe liblinux-usermod-perl-0.69-r0: task do_unpack: Succeeded
NOTE: Running task 570 of 593 (/home/deby/poky/meta-debian/recipes-debian/liblinux-usermod-perl/liblinux-usermod-perl_debian.bb:do_debian_unpack_extra)
NOTE: recipe liblinux-usermod-perl-0.69-r0: task do_debian_unpack_extra: Started
NOTE: recipe perl-5.28.1-r1: task do_prepare_recipe_sysroot: Succeeded
NOTE: recipe liblinux-usermod-perl-0.69-r0: task do_debian_unpack_extra: Succeeded
NOTE: Running task 571 of 593 (/home/deby/poky/meta-debian/recipes-debian/liblinux-usermod-perl/liblinux-usermod-perl_debian.bb:do_debian_patch)
NOTE: recipe liblinux-usermod-perl-0.69-r0: task do_debian_patch: Started
NOTE: recipe liblinux-usermod-perl-0.69-r0: task do_debian_patch: Succeeded
NOTE: Running task 572 of 593 (/home/deby/poky/meta-debian/recipes-debian/liblinux-usermod-perl/liblinux-usermod-perl_debian.bb:do_patch)
NOTE: recipe liblinux-usermod-perl-0.69-r0: task do_patch: Started
NOTE: recipe liblinux-usermod-perl-0.69-r0: task do_patch: Succeeded
NOTE: Running task 573 of 593 (/home/deby/poky/meta-debian/recipes-debian/liblinux-usermod-perl/liblinux-usermod-perl_debian.bb:do_populate_lic)
NOTE: recipe liblinux-usermod-perl-0.69-r0: task do_populate_lic: Started
NOTE: recipe liblinux-usermod-perl-0.69-r0: task do_populate_lic: Succeeded
NOTE: recipe perl-5.28.1-r1: task do_unpack: Succeeded
NOTE: Running task 574 of 593 (/home/deby/poky/meta-debian/recipes-debian/perl/perl_debian.bb:do_debian_unpack_extra)
NOTE: recipe perl-5.28.1-r1: task do_debian_unpack_extra: Started
NOTE: recipe perl-5.28.1-r1: task do_debian_unpack_extra: Succeeded
NOTE: Running task 575 of 593 (/home/deby/poky/meta-debian/recipes-debian/perl/perl_debian.bb:do_debian_patch)
NOTE: recipe perl-5.28.1-r1: task do_debian_patch: Started
NOTE: recipe perl-5.28.1-r1: task do_debian_patch: Succeeded
NOTE: Running task 576 of 593 (/home/deby/poky/meta-debian/recipes-debian/perl/perl_debian.bb:do_patch)
NOTE: recipe perl-5.28.1-r1: task do_patch: Started
NOTE: recipe perl-5.28.1-r1: task do_patch: Succeeded
NOTE: Running task 577 of 593 (/home/deby/poky/meta-debian/recipes-debian/perl/perl_debian.bb:do_configure)
NOTE: recipe perl-5.28.1-r1: task do_configure: Started
NOTE: recipe perl-5.28.1-r1: task do_configure: Succeeded
NOTE: Running task 578 of 593 (/home/deby/poky/meta-debian/recipes-debian/perl/perl_debian.bb:do_compile)
NOTE: recipe perl-5.28.1-r1: task do_compile: Started
NOTE: recipe perl-5.28.1-r1: task do_compile: Succeeded
NOTE: Running task 579 of 593 (/home/deby/poky/meta-debian/recipes-debian/perl/perl_debian.bb:do_install)
NOTE: recipe perl-5.28.1-r1: task do_install: Started
NOTE: recipe perl-5.28.1-r1: task do_install: Succeeded
NOTE: Running task 580 of 593 (/home/deby/poky/meta-debian/recipes-debian/perl/perl_debian.bb:do_package)
NOTE: Running task 581 of 593 (/home/deby/poky/meta-debian/recipes-debian/perl/perl_debian.bb:do_populate_sysroot)
NOTE: recipe perl-5.28.1-r1: task do_populate_sysroot: Started
NOTE: recipe perl-5.28.1-r1: task do_package: Started
NOTE: recipe perl-5.28.1-r1: task do_populate_sysroot: Succeeded
NOTE: Running task 582 of 593 (/home/deby/poky/meta-debian/recipes-debian/liblinux-usermod-perl/liblinux-usermod-perl_debian.bb:do_prepare_recipe_sysroot)
NOTE: recipe liblinux-usermod-perl-0.69-r0: task do_prepare_recipe_sysroot: Started
NOTE: recipe liblinux-usermod-perl-0.69-r0: task do_prepare_recipe_sysroot: Succeeded
NOTE: Running task 583 of 593 (/home/deby/poky/meta-debian/recipes-debian/liblinux-usermod-perl/liblinux-usermod-perl_debian.bb:do_configure)
NOTE: recipe liblinux-usermod-perl-0.69-r0: task do_configure: Started
NOTE: recipe liblinux-usermod-perl-0.69-r0: task do_configure: Succeeded
NOTE: Running task 584 of 593 (/home/deby/poky/meta-debian/recipes-debian/liblinux-usermod-perl/liblinux-usermod-perl_debian.bb:do_compile)
NOTE: recipe liblinux-usermod-perl-0.69-r0: task do_compile: Started
NOTE: recipe liblinux-usermod-perl-0.69-r0: task do_compile: Succeeded
NOTE: Running task 585 of 593 (/home/deby/poky/meta-debian/recipes-debian/liblinux-usermod-perl/liblinux-usermod-perl_debian.bb:do_install)
NOTE: recipe liblinux-usermod-perl-0.69-r0: task do_install: Started
NOTE: recipe liblinux-usermod-perl-0.69-r0: task do_install: Succeeded
NOTE: Running task 586 of 593 (/home/deby/poky/meta-debian/recipes-debian/liblinux-usermod-perl/liblinux-usermod-perl_debian.bb:do_populate_sysroot)
NOTE: recipe liblinux-usermod-perl-0.69-r0: task do_populate_sysroot: Started
NOTE: recipe liblinux-usermod-perl-0.69-r0: task do_populate_sysroot: Succeeded
NOTE: recipe perl-5.28.1-r1: task do_package: Succeeded
NOTE: Running task 587 of 593 (/home/deby/poky/meta-debian/recipes-debian/perl/perl_debian.bb:do_packagedata)
NOTE: recipe perl-5.28.1-r1: task do_packagedata: Started
NOTE: recipe perl-5.28.1-r1: task do_packagedata: Succeeded
NOTE: Running task 588 of 593 (/home/deby/poky/meta-debian/recipes-debian/liblinux-usermod-perl/liblinux-usermod-perl_debian.bb:do_package)
NOTE: Running task 589 of 593 (/home/deby/poky/meta-debian/recipes-debian/perl/perl_debian.bb:do_package_write_deb)
NOTE: recipe perl-5.28.1-r1: task do_package_write_deb: Started
NOTE: recipe liblinux-usermod-perl-0.69-r0: task do_package: Started
NOTE: recipe liblinux-usermod-perl-0.69-r0: task do_package: Succeeded
NOTE: Running task 590 of 593 (/home/deby/poky/meta-debian/recipes-debian/liblinux-usermod-perl/liblinux-usermod-perl_debian.bb:do_packagedata)
NOTE: recipe liblinux-usermod-perl-0.69-r0: task do_packagedata: Started
NOTE: recipe liblinux-usermod-perl-0.69-r0: task do_packagedata: Succeeded
NOTE: Running task 591 of 593 (/home/deby/poky/meta-debian/recipes-debian/liblinux-usermod-perl/liblinux-usermod-perl_debian.bb:do_package_write_deb)
NOTE: Running task 592 of 593 (/home/deby/poky/meta-debian/recipes-debian/liblinux-usermod-perl/liblinux-usermod-perl_debian.bb:do_package_qa)
NOTE: recipe liblinux-usermod-perl-0.69-r0: task do_package_write_deb: Started
NOTE: recipe liblinux-usermod-perl-0.69-r0: task do_package_qa: Started
NOTE: recipe liblinux-usermod-perl-0.69-r0: task do_package_qa: Succeeded
NOTE: recipe liblinux-usermod-perl-0.69-r0: task do_package_write_deb: Succeeded
NOTE: recipe perl-5.28.1-r1: task do_package_write_deb: Succeeded
NOTE: Running noexec task 593 of 593 (/home/deby/poky/meta-debian/recipes-debian/liblinux-usermod-perl/liblinux-usermod-perl_debian.bb:do_build)
NOTE: Tasks Summary: Attempted 593 tasks of which 564 didn't need to be rerun and all succeeded.

Summary: There was 1 WARNING message shown.
