Loading cache...done.
Loaded 1833 entries from dependency cache.
Parsing recipes...done.
Parsing of 1060 .bb files complete (1058 cached, 2 parsed). 1836 targets, 231 skipped, 0 masked, 0 errors.
WARNING: No bb files matched BBFILE_PATTERN_debian-raspberrypi '^/home/deby/poky/meta-debian/tests/../../meta-debian/bsp/meta-raspberrypi/'
NOTE: Resolving any missing task queue dependencies

Build Configuration:
BB_VERSION           = "1.42.0"
BUILD_SYS            = "x86_64-linux"
NATIVELSBSTRING      = "universal"
TARGET_SYS           = "arm-deby-linux-gnueabi"
MACHINE              = "raspberrypi3"
DISTRO               = "deby-tiny"
DISTRO_VERSION       = "10.0"
TUNE_FEATURES        = "arm vfp cortexa7 neon vfpv4 thumb callconvention-hard"
TARGET_FPU           = "hard"
meta                 
meta-poky            = "warrior:023ff85a9ae94331926e923b346fd8a349881e63"
meta-debian          = "warrior:8e157b1a7a3a3ae1224ea194f0fc9e25772d0e07"
meta-raspberrypi     = "warrior:2f0fa9a087b9ded28797d3087ccfa8f48bf5dd13"
meta-raspberrypi     = "warrior:8e157b1a7a3a3ae1224ea194f0fc9e25772d0e07"

Initialising tasks...done.
Sstate summary: Wanted 6 Found 0 Missed 6 Current 75 (0% match, 92% complete)
NOTE: Executing SetScene Tasks
NOTE: Executing RunQueue Tasks
NOTE: Running task 554 of 593 (/home/deby/poky/meta-debian/recipes-debian/libnfnetlink/libnfnetlink_debian.bb:do_configure)
NOTE: Running task 585 of 593 (/home/deby/poky/meta-debian/recipes-debian/libnfnetlink/libnfnetlink_debian.bb:do_populate_lic)
NOTE: recipe libnfnetlink-1.0.1-r0: task do_populate_lic: Started
NOTE: recipe libnfnetlink-1.0.1-r0: task do_configure: Started
NOTE: recipe libnfnetlink-1.0.1-r0: task do_populate_lic: Succeeded
NOTE: recipe libnfnetlink-1.0.1-r0: task do_configure: Succeeded
NOTE: Running task 586 of 593 (/home/deby/poky/meta-debian/recipes-debian/libnfnetlink/libnfnetlink_debian.bb:do_compile)
NOTE: recipe libnfnetlink-1.0.1-r0: task do_compile: Started
NOTE: recipe libnfnetlink-1.0.1-r0: task do_compile: Succeeded
NOTE: Running task 587 of 593 (/home/deby/poky/meta-debian/recipes-debian/libnfnetlink/libnfnetlink_debian.bb:do_install)
NOTE: recipe libnfnetlink-1.0.1-r0: task do_install: Started
NOTE: recipe libnfnetlink-1.0.1-r0: task do_install: Succeeded
NOTE: Running task 588 of 593 (/home/deby/poky/meta-debian/recipes-debian/libnfnetlink/libnfnetlink_debian.bb:do_package)
NOTE: Running task 589 of 593 (/home/deby/poky/meta-debian/recipes-debian/libnfnetlink/libnfnetlink_debian.bb:do_populate_sysroot)
NOTE: recipe libnfnetlink-1.0.1-r0: task do_populate_sysroot: Started
NOTE: recipe libnfnetlink-1.0.1-r0: task do_package: Started
NOTE: recipe libnfnetlink-1.0.1-r0: task do_populate_sysroot: Succeeded
NOTE: recipe libnfnetlink-1.0.1-r0: task do_package: Succeeded
NOTE: Running task 590 of 593 (/home/deby/poky/meta-debian/recipes-debian/libnfnetlink/libnfnetlink_debian.bb:do_packagedata)
NOTE: recipe libnfnetlink-1.0.1-r0: task do_packagedata: Started
NOTE: recipe libnfnetlink-1.0.1-r0: task do_packagedata: Succeeded
NOTE: Running task 591 of 593 (/home/deby/poky/meta-debian/recipes-debian/libnfnetlink/libnfnetlink_debian.bb:do_package_write_deb)
NOTE: Running task 592 of 593 (/home/deby/poky/meta-debian/recipes-debian/libnfnetlink/libnfnetlink_debian.bb:do_package_qa)
NOTE: recipe libnfnetlink-1.0.1-r0: task do_package_qa: Started
NOTE: recipe libnfnetlink-1.0.1-r0: task do_package_write_deb: Started
NOTE: recipe libnfnetlink-1.0.1-r0: task do_package_qa: Succeeded
NOTE: recipe libnfnetlink-1.0.1-r0: task do_package_write_deb: Succeeded
NOTE: Running noexec task 593 of 593 (/home/deby/poky/meta-debian/recipes-debian/libnfnetlink/libnfnetlink_debian.bb:do_build)
NOTE: Tasks Summary: Attempted 593 tasks of which 583 didn't need to be rerun and all succeeded.

Summary: There was 1 WARNING message shown.
