Parsing recipes...WARNING: /home/deby/poky/meta/recipes-devtools/gdb/gdb_8.3.1.bb: Unable to get checksum for gdb SRC_URI entry 0001-gdbserver-ctrl-c-handling.patch: file could not be found
WARNING: /home/deby/poky/meta/recipes-devtools/gdb/gdb-cross_8.3.1.bb: Unable to get checksum for gdb-cross-arm SRC_URI entry 0001-gdbserver-ctrl-c-handling.patch: file could not be found
WARNING: /home/deby/poky/meta/recipes-devtools/gdb/gdb-cross-canadian_8.3.1.bb: Unable to get checksum for gdb-cross-canadian-arm SRC_URI entry 0001-gdbserver-ctrl-c-handling.patch: file could not be found
done.
Parsing of 1073 .bb files complete (0 cached, 1073 parsed). 1858 targets, 228 skipped, 0 masked, 0 errors.
WARNING: No bb files matched BBFILE_PATTERN_debian-raspberrypi '^/home/deby/poky/meta-debian/tests/../../meta-debian/bsp/meta-raspberrypi/'
NOTE: Resolving any missing task queue dependencies

Build Configuration:
BB_VERSION           = "1.42.0"
BUILD_SYS            = "x86_64-linux"
NATIVELSBSTRING      = "universal"
TARGET_SYS           = "arm-deby-linux-gnueabi"
MACHINE              = "raspberrypi3"
DISTRO               = "deby-tiny"
DISTRO_VERSION       = "10.0"
TUNE_FEATURES        = "arm vfp cortexa7 neon vfpv4 thumb callconvention-hard"
TARGET_FPU           = "hard"
meta                 
meta-poky            = "warrior:79a850a10a4b88a6d20d607b322542f947874323"
meta-debian          = "warrior:fda6a80e4cae9aa03f502551f35fe41beb7bb944"
meta-raspberrypi     = "warrior:0750d5d2bc9596f35d5d61bb0ff657be4b02bfdc"
meta-raspberrypi     = "warrior:fda6a80e4cae9aa03f502551f35fe41beb7bb944"

Initialising tasks...done.
Sstate summary: Wanted 96 Found 0 Missed 96 Current 55 (0% match, 36% complete)
NOTE: Executing SetScene Tasks
NOTE: Executing RunQueue Tasks
NOTE: Running task 134 of 852 (/home/deby/poky/meta-debian/recipes-debian/gcc/gcc-source_debian.bb:do_unpack)
NOTE: Running task 153 of 852 (/home/deby/poky/meta-debian/recipes-kernel/linux-libc-headers/linux-libc-headers-base_git.bb:do_fetch)
NOTE: Running task 220 of 852 (/home/deby/poky/meta-debian/recipes-debian/glibc/glibc_debian.bb:do_fetch)
NOTE: Running noexec task 222 of 852 (/home/deby/poky/meta-debian/recipes-debian/gcc/libgcc-initial_debian.bb:do_fetch)
NOTE: Running noexec task 318 of 852 (/home/deby/poky/meta-debian/recipes-debian/gcc/libgcc_debian.bb:do_fetch)
NOTE: Running task 375 of 852 (/home/deby/poky/meta-debian/recipes-debian/libtool/libtool-cross_debian.bb:do_fetch)
NOTE: Running noexec task 479 of 852 (/home/deby/poky/meta-debian/recipes-debian/gcc/gcc-runtime_debian.bb:do_fetch)
NOTE: Running task 480 of 852 (/home/deby/poky/meta-debian/recipes-debian/libxcrypt/libxcrypt_debian.bb:do_fetch)
NOTE: Running task 482 of 852 (/home/deby/poky/meta-debian/recipes-debian/cracklib/cracklib_debian.bb:do_fetch)
NOTE: Running task 483 of 852 (/home/deby/poky/meta-debian/recipes-debian/flex/flex_debian.bb:do_fetch)
NOTE: Running task 486 of 852 (/home/deby/poky/meta-debian/recipes-debian/pam/libpam_debian.bb:do_fetch)
NOTE: Running task 487 of 852 (/home/deby/poky/meta/recipes-devtools/opkg-utils/opkg-utils_0.4.0.bb:do_fetch)
NOTE: Running task 491 of 852 (/home/deby/poky/meta-debian/recipes-debian/ncurses/ncurses_debian.bb:do_fetch)
NOTE: Running task 503 of 852 (/home/deby/poky/meta-debian/recipes-debian/bash-completion/bash-completion_debian.bb:do_fetch)
NOTE: Running task 504 of 852 (/home/deby/poky/meta-debian/recipes-debian/zlib/zlib_debian.bb:do_fetch)
NOTE: Running task 514 of 852 (/home/deby/poky/meta-debian/recipes-debian/gmp/gmp_debian.bb:do_fetch)
NOTE: Running task 515 of 852 (/home/deby/poky/meta-debian/recipes-debian/libcap/libcap_debian.bb:do_fetch)
NOTE: Running task 516 of 852 (/home/deby/poky/meta-debian/recipes-debian/base-passwd/base-passwd_debian.bb:do_fetch)
NOTE: Running task 518 of 852 (/home/deby/poky/meta-debian/recipes-debian/shadow/shadow_debian.bb:do_fetch)
NOTE: recipe linux-libc-headers-base-gitAUTOINC+5e85a1ff9a-r0: task do_fetch: Started
NOTE: recipe gcc-source-8.3.0-8.3.0-r0: task do_unpack: Started
NOTE: recipe opkg-utils-0.4.0-r0: task do_fetch: Started
NOTE: recipe libxcrypt-4.1.1-r0: task do_fetch: Started
NOTE: recipe libtool-cross-2.4.6-r0: task do_fetch: Started
NOTE: recipe zlib-1.2.11-r0: task do_fetch: Started
NOTE: recipe cracklib-2.9.6-r0: task do_fetch: Started
NOTE: recipe gmp-6.1.2-r0: task do_fetch: Started
NOTE: recipe libpam-1.3.1-r0: task do_fetch: Started
NOTE: recipe flex-2.6.4-r0: task do_fetch: Started
NOTE: recipe libcap-2.25-r0: task do_fetch: Started
NOTE: recipe bash-completion-2.8-r0: task do_fetch: Started
NOTE: recipe base-passwd-3.5.46-r0: task do_fetch: Started
NOTE: recipe glibc-2.28-r0: task do_fetch: Started
NOTE: recipe shadow-4.5-r0: task do_fetch: Started
NOTE: recipe ncurses-6.1+20181013-r0: task do_fetch: Started
NOTE: recipe linux-libc-headers-base-gitAUTOINC+5e85a1ff9a-r0: task do_fetch: Succeeded
NOTE: Running task 519 of 852 (/home/deby/poky/meta-debian/recipes-kernel/linux-libc-headers/linux-libc-headers-base_git.bb:do_unpack)
NOTE: recipe libcap-2.25-r0: task do_fetch: Succeeded
NOTE: Running task 520 of 852 (/home/deby/poky/meta-debian/recipes-kernel/linux-libc-headers/linux-libc-headers-base_git.bb:do_prepare_recipe_sysroot)
NOTE: recipe gmp-6.1.2-r0: task do_fetch: Succeeded
NOTE: Running task 528 of 852 (/home/deby/poky/meta-debian/recipes-debian/gmp/gmp_debian.bb:do_unpack)
NOTE: recipe linux-libc-headers-base-gitAUTOINC+5e85a1ff9a-r0: task do_prepare_recipe_sysroot: Started
NOTE: recipe linux-libc-headers-base-gitAUTOINC+5e85a1ff9a-r0: task do_unpack: Started
NOTE: recipe gmp-6.1.2-r0: task do_unpack: Started
NOTE: recipe flex-2.6.4-r0: task do_fetch: Succeeded
NOTE: Running task 529 of 852 (/home/deby/poky/meta-debian/recipes-debian/flex/flex_debian.bb:do_unpack)
NOTE: recipe glibc-2.28-r0: task do_fetch: Succeeded
NOTE: recipe libpam-1.3.1-r0: task do_fetch: Succeeded
NOTE: recipe zlib-1.2.11-r0: task do_fetch: Succeeded
NOTE: recipe cracklib-2.9.6-r0: task do_fetch: Succeeded
NOTE: recipe bash-completion-2.8-r0: task do_fetch: Succeeded
NOTE: recipe libtool-cross-2.4.6-r0: task do_fetch: Succeeded
NOTE: recipe ncurses-6.1+20181013-r0: task do_fetch: Succeeded
NOTE: recipe opkg-utils-0.4.0-r0: task do_fetch: Succeeded
NOTE: Running task 530 of 852 (/home/deby/poky/meta-debian/recipes-debian/glibc/glibc_debian.bb:do_unpack)
NOTE: Running task 531 of 852 (/home/deby/poky/meta-debian/recipes-debian/libtool/libtool-cross_debian.bb:do_unpack)
NOTE: Running task 532 of 852 (/home/deby/poky/meta-debian/recipes-debian/cracklib/cracklib_debian.bb:do_unpack)
NOTE: Running task 533 of 852 (/home/deby/poky/meta-debian/recipes-debian/pam/libpam_debian.bb:do_unpack)
NOTE: Running task 534 of 852 (/home/deby/poky/meta/recipes-devtools/opkg-utils/opkg-utils_0.4.0.bb:do_unpack)
NOTE: Running task 535 of 852 (/home/deby/poky/meta-debian/recipes-debian/ncurses/ncurses_debian.bb:do_unpack)
NOTE: recipe libxcrypt-4.1.1-r0: task do_fetch: Succeeded
NOTE: Running task 536 of 852 (/home/deby/poky/meta-debian/recipes-debian/bash-completion/bash-completion_debian.bb:do_unpack)
NOTE: Running task 537 of 852 (/home/deby/poky/meta-debian/recipes-debian/zlib/zlib_debian.bb:do_unpack)
NOTE: recipe base-passwd-3.5.46-r0: task do_fetch: Succeeded
NOTE: Running task 538 of 852 (/home/deby/poky/meta-debian/recipes-debian/libxcrypt/libxcrypt_debian.bb:do_unpack)
NOTE: Running task 539 of 852 (/home/deby/poky/meta-debian/recipes-debian/libcap/libcap_debian.bb:do_unpack)
NOTE: recipe linux-libc-headers-base-gitAUTOINC+5e85a1ff9a-r0: task do_prepare_recipe_sysroot: Succeeded
NOTE: Running task 540 of 852 (/home/deby/poky/meta-debian/recipes-debian/base-passwd/base-passwd_debian.bb:do_unpack)
NOTE: recipe shadow-4.5-r0: task do_fetch: Succeeded
NOTE: Running task 557 of 852 (/home/deby/poky/meta-debian/recipes-debian/shadow/shadow_debian.bb:do_unpack)
NOTE: recipe flex-2.6.4-r0: task do_unpack: Started
NOTE: recipe cracklib-2.9.6-r0: task do_unpack: Started
NOTE: recipe libtool-cross-2.4.6-r0: task do_unpack: Started
NOTE: recipe libcap-2.25-r0: task do_unpack: Started
NOTE: recipe libpam-1.3.1-r0: task do_unpack: Started
NOTE: recipe opkg-utils-0.4.0-r0: task do_unpack: Started
NOTE: recipe ncurses-6.1+20181013-r0: task do_unpack: Started
NOTE: recipe zlib-1.2.11-r0: task do_unpack: Started
NOTE: recipe base-passwd-3.5.46-r0: task do_unpack: Started
NOTE: recipe libxcrypt-4.1.1-r0: task do_unpack: Started
NOTE: recipe bash-completion-2.8-r0: task do_unpack: Started
NOTE: recipe glibc-2.28-r0: task do_unpack: Started
NOTE: recipe shadow-4.5-r0: task do_unpack: Started
NOTE: recipe gmp-6.1.2-r0: task do_unpack: Succeeded
NOTE: Running task 558 of 852 (/home/deby/poky/meta-debian/recipes-debian/util-linux/util-linux_debian.bb:do_fetch)
NOTE: recipe util-linux-2.33.1-r0: task do_fetch: Started
NOTE: recipe opkg-utils-0.4.0-r0: task do_unpack: Succeeded
NOTE: Running task 559 of 852 (/home/deby/poky/meta/recipes-devtools/opkg-utils/opkg-utils_0.4.0.bb:do_patch)
NOTE: recipe libxcrypt-4.1.1-r0: task do_unpack: Succeeded
NOTE: recipe opkg-utils-0.4.0-r0: task do_patch: Started
NOTE: Running task 560 of 852 (/home/deby/poky/meta-debian/recipes-debian/libxcrypt/libxcrypt_debian.bb:do_debian_unpack_extra)
NOTE: recipe libcap-2.25-r0: task do_unpack: Succeeded
NOTE: Running task 561 of 852 (/home/deby/poky/meta-debian/recipes-debian/base-files/base-files_debian.bb:do_fetch)
NOTE: recipe libxcrypt-4.1.1-r0: task do_debian_unpack_extra: Started
NOTE: recipe base-files-10.3+deb10u1-r0: task do_fetch: Started
NOTE: recipe util-linux-2.33.1-r0: task do_fetch: Succeeded
NOTE: recipe zlib-1.2.11-r0: task do_unpack: Succeeded
NOTE: Running task 562 of 852 (/home/deby/poky/meta-debian/recipes-debian/bash/bash_debian.bb:do_fetch)
NOTE: Running task 563 of 852 (/home/deby/poky/meta-debian/recipes-debian/m4/m4_debian.bb:do_fetch)
NOTE: recipe cracklib-2.9.6-r0: task do_unpack: Succeeded
NOTE: recipe base-passwd-3.5.46-r0: task do_unpack: Succeeded
NOTE: recipe base-files-10.3+deb10u1-r0: task do_fetch: Succeeded
NOTE: Running task 564 of 852 (/home/deby/poky/meta-debian/recipes-debian/cracklib/cracklib_debian.bb:do_debian_unpack_extra)
NOTE: recipe bash-5.0-r0: task do_fetch: Started
NOTE: Running task 565 of 852 (/home/deby/poky/meta-debian/recipes-debian/coreutils/coreutils_debian.bb:do_fetch)
NOTE: Running task 566 of 852 (/home/deby/poky/meta-debian/recipes-debian/util-linux/util-linux_debian.bb:do_unpack)
NOTE: recipe m4-1.4.18-r0: task do_fetch: Started
NOTE: recipe libxcrypt-4.1.1-r0: task do_debian_unpack_extra: Succeeded
NOTE: recipe util-linux-2.33.1-r0: task do_unpack: Started
NOTE: Running task 567 of 852 (/home/deby/poky/meta-debian/recipes-debian/libxcrypt/libxcrypt_debian.bb:do_debian_patch)
NOTE: recipe coreutils-8.30-r0: task do_fetch: Started
NOTE: recipe cracklib-2.9.6-r0: task do_debian_unpack_extra: Started
NOTE: recipe libxcrypt-4.1.1-r0: task do_debian_patch: Started
NOTE: recipe flex-2.6.4-r0: task do_unpack: Succeeded
NOTE: recipe cracklib-2.9.6-r0: task do_debian_unpack_extra: Succeeded
NOTE: Running task 568 of 852 (/home/deby/poky/meta-debian/recipes-debian/flex/flex_debian.bb:do_debian_unpack_extra)
NOTE: Running task 569 of 852 (/home/deby/poky/meta-debian/recipes-debian/cracklib/cracklib_debian.bb:do_debian_patch)
NOTE: recipe m4-1.4.18-r0: task do_fetch: Succeeded
NOTE: recipe bash-5.0-r0: task do_fetch: Succeeded
NOTE: Running task 570 of 852 (/home/deby/poky/meta-debian/recipes-debian/zlib/zlib_debian.bb:do_debian_unpack_extra)
NOTE: Running task 571 of 852 (/home/deby/poky/meta-debian/recipes-debian/base-files/base-files_debian.bb:do_unpack)
NOTE: recipe opkg-utils-0.4.0-r0: task do_patch: Succeeded
NOTE: recipe coreutils-8.30-r0: task do_fetch: Succeeded
NOTE: recipe flex-2.6.4-r0: task do_debian_unpack_extra: Started
NOTE: recipe cracklib-2.9.6-r0: task do_debian_patch: Started
NOTE: Running task 572 of 852 (/home/deby/poky/meta-debian/recipes-debian/bash/bash_debian.bb:do_unpack)
NOTE: Running task 573 of 852 (/home/deby/poky/meta-debian/recipes-debian/m4/m4_debian.bb:do_unpack)
NOTE: recipe bash-completion-2.8-r0: task do_unpack: Succeeded
NOTE: Running task 574 of 852 (/home/deby/poky/meta-debian/recipes-debian/bash-completion/bash-completion_debian.bb:do_debian_unpack_extra)
NOTE: recipe base-files-10.3+deb10u1-r0: task do_unpack: Started
NOTE: recipe m4-1.4.18-r0: task do_unpack: Started
NOTE: recipe bash-5.0-r0: task do_unpack: Started
NOTE: recipe zlib-1.2.11-r0: task do_debian_unpack_extra: Started
NOTE: recipe libxcrypt-4.1.1-r0: task do_debian_patch: Succeeded
NOTE: Running task 575 of 852 (/home/deby/poky/meta-debian/recipes-debian/libxcrypt/libxcrypt_debian.bb:do_patch)
NOTE: recipe flex-2.6.4-r0: task do_debian_unpack_extra: Succeeded
NOTE: Running task 576 of 852 (/home/deby/poky/meta-debian/recipes-debian/flex/flex_debian.bb:do_debian_patch)
NOTE: recipe bash-completion-2.8-r0: task do_debian_unpack_extra: Started
NOTE: recipe libxcrypt-4.1.1-r0: task do_patch: Started
NOTE: recipe flex-2.6.4-r0: task do_debian_patch: Started
NOTE: recipe zlib-1.2.11-r0: task do_debian_unpack_extra: Succeeded
NOTE: Running task 577 of 852 (/home/deby/poky/meta-debian/recipes-debian/zlib/zlib_debian.bb:do_debian_patch)
NOTE: recipe bash-completion-2.8-r0: task do_debian_unpack_extra: Succeeded
NOTE: recipe zlib-1.2.11-r0: task do_debian_patch: Started
NOTE: Running task 578 of 852 (/home/deby/poky/meta-debian/recipes-debian/bash-completion/bash-completion_debian.bb:do_debian_patch)
NOTE: recipe libxcrypt-4.1.1-r0: task do_patch: Succeeded
NOTE: Running task 579 of 852 (/home/deby/poky/meta-debian/recipes-debian/coreutils/coreutils_debian.bb:do_unpack)
NOTE: recipe cracklib-2.9.6-r0: task do_debian_patch: Succeeded
NOTE: Running task 580 of 852 (/home/deby/poky/meta-debian/recipes-debian/cracklib/cracklib_debian.bb:do_patch)
NOTE: recipe bash-completion-2.8-r0: task do_debian_patch: Started
NOTE: recipe flex-2.6.4-r0: task do_debian_patch: Succeeded
NOTE: recipe base-files-10.3+deb10u1-r0: task do_unpack: Succeeded
NOTE: Running task 588 of 852 (/home/deby/poky/meta-debian/recipes-debian/gmp/gmp_debian.bb:do_debian_unpack_extra)
NOTE: recipe coreutils-8.30-r0: task do_unpack: Started
NOTE: recipe cracklib-2.9.6-r0: task do_patch: Started
NOTE: Running task 589 of 852 (/home/deby/poky/meta-debian/recipes-debian/flex/flex_debian.bb:do_patch)
NOTE: recipe cracklib-2.9.6-r0: task do_patch: Succeeded
NOTE: Running task 590 of 852 (/home/deby/poky/meta-debian/recipes-debian/libcap/libcap_debian.bb:do_debian_unpack_extra)
NOTE: recipe ncurses-6.1+20181013-r0: task do_unpack: Succeeded
NOTE: recipe zlib-1.2.11-r0: task do_debian_patch: Succeeded
NOTE: Running task 591 of 852 (/home/deby/poky/meta-debian/recipes-debian/ncurses/ncurses_debian.bb:do_debian_unpack_extra)
NOTE: recipe libtool-cross-2.4.6-r0: task do_unpack: Succeeded
NOTE: Running task 592 of 852 (/home/deby/poky/meta-debian/recipes-debian/libtool/libtool-cross_debian.bb:do_debian_unpack_extra)
NOTE: recipe gmp-6.1.2-r0: task do_debian_unpack_extra: Started
NOTE: Running task 593 of 852 (/home/deby/poky/meta-debian/recipes-debian/zlib/zlib_debian.bb:do_patch)
NOTE: recipe flex-2.6.4-r0: task do_patch: Started
NOTE: recipe libcap-2.25-r0: task do_debian_unpack_extra: Started
NOTE: recipe ncurses-6.1+20181013-r0: task do_debian_unpack_extra: Started
NOTE: recipe gmp-6.1.2-r0: task do_debian_unpack_extra: Succeeded
NOTE: Running task 595 of 852 (/home/deby/poky/meta-debian/recipes-debian/gmp/gmp_debian.bb:do_debian_patch)
NOTE: recipe zlib-1.2.11-r0: task do_patch: Started
NOTE: recipe ncurses-6.1+20181013-r0: task do_debian_unpack_extra: Succeeded
NOTE: Running task 596 of 852 (/home/deby/poky/meta-debian/recipes-debian/ncurses/ncurses_debian.bb:do_debian_patch)
NOTE: recipe libcap-2.25-r0: task do_debian_unpack_extra: Succeeded
NOTE: Running task 597 of 852 (/home/deby/poky/meta-debian/recipes-debian/libcap/libcap_debian.bb:do_debian_patch)
NOTE: recipe libtool-cross-2.4.6-r0: task do_debian_unpack_extra: Started
NOTE: recipe m4-1.4.18-r0: task do_unpack: Succeeded
NOTE: Running task 598 of 852 (/home/deby/poky/meta-debian/recipes-debian/glibc/glibc-locale_debian.bb:do_prepare_recipe_sysroot)
NOTE: recipe libcap-2.25-r0: task do_debian_patch: Started
NOTE: recipe gmp-6.1.2-r0: task do_debian_patch: Started
NOTE: recipe libpam-1.3.1-r0: task do_unpack: Succeeded
NOTE: Running task 599 of 852 (/home/deby/poky/meta-debian/recipes-debian/pam/libpam_debian.bb:do_debian_unpack_extra)
NOTE: recipe ncurses-6.1+20181013-r0: task do_debian_patch: Started
NOTE: recipe glibc-locale-2.28-r0: task do_prepare_recipe_sysroot: Started
NOTE: recipe libpam-1.3.1-r0: task do_debian_unpack_extra: Started
NOTE: recipe zlib-1.2.11-r0: task do_patch: Succeeded
NOTE: Running task 600 of 852 (/home/deby/poky/meta/recipes-extended/shadow/shadow-securetty_4.6.bb:do_fetch)
NOTE: recipe libtool-cross-2.4.6-r0: task do_debian_unpack_extra: Succeeded
NOTE: recipe libpam-1.3.1-r0: task do_debian_unpack_extra: Succeeded
NOTE: recipe flex-2.6.4-r0: task do_patch: Succeeded
NOTE: Running task 601 of 852 (/home/deby/poky/meta-debian/recipes-debian/libtool/libtool-cross_debian.bb:do_debian_patch)
NOTE: Running task 602 of 852 (/home/deby/poky/meta-debian/recipes-debian/pam/libpam_debian.bb:do_debian_patch)
NOTE: Running task 603 of 852 (/home/deby/poky/meta-debian/recipes-debian/base-passwd/base-passwd_debian.bb:do_debian_unpack_extra)
NOTE: recipe gmp-6.1.2-r0: task do_debian_patch: Succeeded
NOTE: Running task 604 of 852 (/home/deby/poky/meta-debian/recipes-debian/gmp/gmp_debian.bb:do_patch)
NOTE: recipe shadow-securetty-4.6-r3: task do_fetch: Started
NOTE: recipe bash-completion-2.8-r0: task do_debian_patch: Succeeded
NOTE: Running task 605 of 852 (/home/deby/poky/meta-debian/recipes-debian/bash-completion/bash-completion_debian.bb:do_patch)
NOTE: recipe shadow-securetty-4.6-r3: task do_fetch: Succeeded
NOTE: recipe ncurses-6.1+20181013-r0: task do_debian_patch: Succeeded
NOTE: recipe bash-completion-2.8-r0: task do_patch: Started
NOTE: Running task 606 of 852 (/home/deby/poky/meta-debian/recipes-debian/ncurses/ncurses_debian.bb:do_patch)
NOTE: Running task 609 of 852 (/home/deby/poky/meta/recipes-extended/shadow/shadow-securetty_4.6.bb:do_unpack)
NOTE: recipe libtool-cross-2.4.6-r0: task do_debian_patch: Started
NOTE: recipe libpam-1.3.1-r0: task do_debian_patch: Started
NOTE: recipe base-passwd-3.5.46-r0: task do_debian_unpack_extra: Started
NOTE: recipe gmp-6.1.2-r0: task do_patch: Started
NOTE: recipe glibc-locale-2.28-r0: task do_prepare_recipe_sysroot: Succeeded
NOTE: Running noexec task 610 of 852 (/home/deby/poky/meta-debian/recipes-debian/glibc/glibc-locale_debian.bb:do_configure)
NOTE: Running noexec task 611 of 852 (/home/deby/poky/meta-debian/recipes-debian/glibc/glibc-locale_debian.bb:do_compile)
NOTE: Running task 612 of 852 (/home/deby/poky/meta/recipes-extended/shadow/shadow-securetty_4.6.bb:do_prepare_recipe_sysroot)
NOTE: recipe bash-completion-2.8-r0: task do_patch: Succeeded
NOTE: Running task 613 of 852 (/home/deby/poky/meta-debian/recipes-debian/base-files/base-files_debian.bb:do_debian_unpack_extra)
NOTE: recipe libcap-2.25-r0: task do_debian_patch: Succeeded
NOTE: Running task 614 of 852 (/home/deby/poky/meta-debian/recipes-debian/libcap/libcap_debian.bb:do_patch)
NOTE: recipe shadow-securetty-4.6-r3: task do_unpack: Started
NOTE: recipe ncurses-6.1+20181013-r0: task do_patch: Started
NOTE: recipe shadow-securetty-4.6-r3: task do_prepare_recipe_sysroot: Started
NOTE: recipe base-passwd-3.5.46-r0: task do_debian_unpack_extra: Succeeded
NOTE: Running task 615 of 852 (/home/deby/poky/meta-debian/recipes-debian/base-passwd/base-passwd_debian.bb:do_debian_patch)
NOTE: recipe ncurses-6.1+20181013-r0: task do_patch: Succeeded
NOTE: Running task 616 of 852 (/home/deby/poky/meta-debian/recipes-debian/m4/m4_debian.bb:do_debian_unpack_extra)
NOTE: recipe base-files-10.3+deb10u1-r0: task do_debian_unpack_extra: Started
NOTE: recipe shadow-securetty-4.6-r3: task do_prepare_recipe_sysroot: Succeeded
NOTE: recipe libcap-2.25-r0: task do_patch: Started
NOTE: recipe m4-1.4.18-r0: task do_debian_unpack_extra: Started
NOTE: Running task 617 of 852 (/home/deby/poky/meta-debian/recipes-debian/base-files/base-files_debian.bb:do_prepare_recipe_sysroot)
NOTE: recipe base-passwd-3.5.46-r0: task do_debian_patch: Started
NOTE: recipe base-files-10.3+deb10u1-r0: task do_debian_unpack_extra: Succeeded
NOTE: recipe shadow-securetty-4.6-r3: task do_unpack: Succeeded
NOTE: Running task 618 of 852 (/home/deby/poky/meta/recipes-extended/shadow/shadow-securetty_4.6.bb:do_patch)
NOTE: recipe base-files-10.3+deb10u1-r0: task do_prepare_recipe_sysroot: Started
NOTE: Running task 619 of 852 (/home/deby/poky/meta-debian/recipes-debian/base-files/base-files_debian.bb:do_debian_patch)
NOTE: recipe base-files-10.3+deb10u1-r0: task do_prepare_recipe_sysroot: Succeeded
NOTE: recipe gmp-6.1.2-r0: task do_patch: Succeeded
NOTE: recipe m4-1.4.18-r0: task do_debian_unpack_extra: Succeeded
NOTE: Running task 628 of 852 (/home/deby/poky/meta-debian/recipes-debian/m4/m4_debian.bb:do_debian_patch)
NOTE: recipe shadow-securetty-4.6-r3: task do_patch: Started
NOTE: recipe base-files-10.3+deb10u1-r0: task do_debian_patch: Started
NOTE: recipe base-passwd-3.5.46-r0: task do_debian_patch: Succeeded
NOTE: Running task 629 of 852 (/home/deby/poky/meta-debian/recipes-debian/base-passwd/base-passwd_debian.bb:do_patch)
NOTE: recipe shadow-securetty-4.6-r3: task do_patch: Succeeded
NOTE: Running task 630 of 852 (/home/deby/poky/meta/recipes-extended/shadow/shadow-securetty_4.6.bb:do_configure)
NOTE: recipe base-files-10.3+deb10u1-r0: task do_debian_patch: Succeeded
NOTE: Running task 631 of 852 (/home/deby/poky/meta-debian/recipes-debian/base-files/base-files_debian.bb:do_patch)
NOTE: recipe m4-1.4.18-r0: task do_debian_patch: Started
NOTE: recipe shadow-securetty-4.6-r3: task do_configure: Started
NOTE: recipe base-passwd-3.5.46-r0: task do_patch: Started
NOTE: recipe shadow-securetty-4.6-r3: task do_configure: Succeeded
NOTE: Running task 632 of 852 (/home/deby/poky/meta/recipes-extended/shadow/shadow-securetty_4.6.bb:do_compile)
NOTE: recipe libcap-2.25-r0: task do_patch: Succeeded
NOTE: recipe base-files-10.3+deb10u1-r0: task do_patch: Started
NOTE: recipe m4-1.4.18-r0: task do_debian_patch: Succeeded
NOTE: Running task 633 of 852 (/home/deby/poky/meta-debian/recipes-debian/m4/m4_debian.bb:do_patch)
NOTE: recipe shadow-securetty-4.6-r3: task do_compile: Started
NOTE: recipe base-files-10.3+deb10u1-r0: task do_patch: Succeeded
NOTE: Running task 634 of 852 (/home/deby/poky/meta-debian/recipes-debian/base-files/base-files_debian.bb:do_configure)
NOTE: recipe shadow-securetty-4.6-r3: task do_compile: Succeeded
NOTE: Running task 635 of 852 (/home/deby/poky/meta/recipes-extended/shadow/shadow-securetty_4.6.bb:do_install)
NOTE: recipe m4-1.4.18-r0: task do_patch: Started
NOTE: recipe libtool-cross-2.4.6-r0: task do_debian_patch: Succeeded
NOTE: recipe base-files-10.3+deb10u1-r0: task do_configure: Started
NOTE: recipe m4-1.4.18-r0: task do_patch: Succeeded
NOTE: recipe libpam-1.3.1-r0: task do_debian_patch: Succeeded
NOTE: recipe base-files-10.3+deb10u1-r0: task do_configure: Succeeded
NOTE: recipe base-passwd-3.5.46-r0: task do_patch: Succeeded
NOTE: Running task 636 of 852 (/home/deby/poky/meta-debian/recipes-debian/libtool/libtool-cross_debian.bb:do_patch)
NOTE: Running task 637 of 852 (/home/deby/poky/meta-debian/recipes-debian/pam/libpam_debian.bb:do_patch)
NOTE: Running task 638 of 852 (/home/deby/poky/meta-debian/recipes-debian/base-files/base-files_debian.bb:do_compile)
NOTE: recipe libtool-cross-2.4.6-r0: task do_patch: Started
NOTE: recipe base-files-10.3+deb10u1-r0: task do_compile: Started
NOTE: recipe libpam-1.3.1-r0: task do_patch: Started
NOTE: recipe base-files-10.3+deb10u1-r0: task do_compile: Succeeded
NOTE: Running task 639 of 852 (/home/deby/poky/meta-debian/recipes-debian/base-files/base-files_debian.bb:do_install)
NOTE: recipe util-linux-2.33.1-r0: task do_unpack: Succeeded
NOTE: Running task 640 of 852 (/home/deby/poky/meta-debian/recipes-debian/util-linux/util-linux_debian.bb:do_debian_unpack_extra)
NOTE: recipe libpam-1.3.1-r0: task do_patch: Succeeded
NOTE: recipe bash-5.0-r0: task do_unpack: Succeeded
NOTE: Running task 641 of 852 (/home/deby/poky/meta-debian/recipes-debian/bash/bash_debian.bb:do_debian_unpack_extra)
NOTE: recipe shadow-securetty-4.6-r3: task do_install: Started
NOTE: recipe base-files-10.3+deb10u1-r0: task do_install: Started
NOTE: recipe util-linux-2.33.1-r0: task do_debian_unpack_extra: Started
NOTE: recipe bash-5.0-r0: task do_debian_unpack_extra: Started
NOTE: recipe util-linux-2.33.1-r0: task do_debian_unpack_extra: Succeeded
NOTE: Running task 642 of 852 (/home/deby/poky/meta-debian/recipes-debian/util-linux/util-linux_debian.bb:do_debian_patch)
NOTE: recipe shadow-securetty-4.6-r3: task do_install: Succeeded
NOTE: Running task 643 of 852 (/home/deby/poky/meta/recipes-extended/shadow/shadow-securetty_4.6.bb:do_package)
NOTE: recipe bash-5.0-r0: task do_debian_unpack_extra: Succeeded
NOTE: Running task 644 of 852 (/home/deby/poky/meta-debian/recipes-debian/bash/bash_debian.bb:do_debian_patch)
NOTE: recipe shadow-securetty-4.6-r3: task do_package: Started
NOTE: recipe util-linux-2.33.1-r0: task do_debian_patch: Started
NOTE: recipe bash-5.0-r0: task do_debian_patch: Started
NOTE: recipe util-linux-2.33.1-r0: task do_debian_patch: Succeeded
NOTE: Running task 645 of 852 (/home/deby/poky/meta-debian/recipes-debian/util-linux/util-linux_debian.bb:do_patch)
NOTE: recipe util-linux-2.33.1-r0: task do_patch: Started
NOTE: recipe libtool-cross-2.4.6-r0: task do_patch: Succeeded
NOTE: recipe base-files-10.3+deb10u1-r0: task do_install: Succeeded
NOTE: Running task 646 of 852 (/home/deby/poky/meta-debian/recipes-debian/base-files/base-files_debian.bb:do_package)
NOTE: recipe bash-5.0-r0: task do_debian_patch: Succeeded
NOTE: Running task 647 of 852 (/home/deby/poky/meta-debian/recipes-debian/bash/bash_debian.bb:do_patch)
NOTE: recipe base-files-10.3+deb10u1-r0: task do_package: Started
NOTE: recipe bash-5.0-r0: task do_patch: Started
NOTE: recipe util-linux-2.33.1-r0: task do_patch: Succeeded
NOTE: recipe coreutils-8.30-r0: task do_unpack: Succeeded
NOTE: Running task 648 of 852 (/home/deby/poky/meta-debian/recipes-debian/coreutils/coreutils_debian.bb:do_debian_unpack_extra)
NOTE: recipe coreutils-8.30-r0: task do_debian_unpack_extra: Started
NOTE: recipe bash-5.0-r0: task do_patch: Succeeded
NOTE: recipe coreutils-8.30-r0: task do_debian_unpack_extra: Succeeded
NOTE: Running task 649 of 852 (/home/deby/poky/meta-debian/recipes-debian/coreutils/coreutils_debian.bb:do_debian_patch)
NOTE: recipe coreutils-8.30-r0: task do_debian_patch: Started
NOTE: recipe coreutils-8.30-r0: task do_debian_patch: Succeeded
NOTE: Running task 650 of 852 (/home/deby/poky/meta-debian/recipes-debian/coreutils/coreutils_debian.bb:do_patch)
NOTE: recipe coreutils-8.30-r0: task do_patch: Started
NOTE: recipe coreutils-8.30-r0: task do_patch: Succeeded
NOTE: recipe shadow-4.5-r0: task do_unpack: Succeeded
NOTE: Running task 651 of 852 (/home/deby/poky/meta-debian/recipes-debian/shadow/shadow_debian.bb:do_debian_unpack_extra)
NOTE: recipe shadow-4.5-r0: task do_debian_unpack_extra: Started
NOTE: recipe shadow-4.5-r0: task do_debian_unpack_extra: Succeeded
NOTE: Running task 652 of 852 (/home/deby/poky/meta-debian/recipes-debian/shadow/shadow_debian.bb:do_debian_patch)
NOTE: recipe shadow-4.5-r0: task do_debian_patch: Started
NOTE: recipe shadow-4.5-r0: task do_debian_patch: Succeeded
NOTE: Running task 653 of 852 (/home/deby/poky/meta-debian/recipes-debian/shadow/shadow_debian.bb:do_patch)
NOTE: recipe shadow-4.5-r0: task do_patch: Started
NOTE: recipe shadow-4.5-r0: task do_patch: Succeeded
NOTE: Running task 654 of 852 (/home/deby/poky/meta-debian/recipes-debian/shadow/shadow_debian.bb:do_populate_lic)
NOTE: recipe shadow-4.5-r0: task do_populate_lic: Started
NOTE: recipe shadow-4.5-r0: task do_populate_lic: Succeeded
NOTE: recipe glibc-2.28-r0: task do_unpack: Succeeded
NOTE: Running task 655 of 852 (/home/deby/poky/meta-debian/recipes-debian/glibc/glibc_debian.bb:do_debian_unpack_extra)
NOTE: recipe glibc-2.28-r0: task do_debian_unpack_extra: Started
NOTE: recipe glibc-2.28-r0: task do_debian_unpack_extra: Succeeded
NOTE: Running task 656 of 852 (/home/deby/poky/meta-debian/recipes-debian/glibc/glibc_debian.bb:do_debian_patch)
NOTE: recipe glibc-2.28-r0: task do_debian_patch: Started
NOTE: recipe shadow-securetty-4.6-r3: task do_package: Succeeded
NOTE: Running task 657 of 852 (/home/deby/poky/meta/recipes-extended/shadow/shadow-securetty_4.6.bb:do_packagedata)
NOTE: recipe shadow-securetty-4.6-r3: task do_packagedata: Started
NOTE: recipe shadow-securetty-4.6-r3: task do_packagedata: Succeeded
NOTE: Running task 658 of 852 (/home/deby/poky/meta/recipes-extended/shadow/shadow-securetty_4.6.bb:do_package_write_deb)
NOTE: recipe shadow-securetty-4.6-r3: task do_package_write_deb: Started
NOTE: recipe base-files-10.3+deb10u1-r0: task do_package: Succeeded
NOTE: Running task 659 of 852 (/home/deby/poky/meta-debian/recipes-debian/base-files/base-files_debian.bb:do_packagedata)
NOTE: recipe base-files-10.3+deb10u1-r0: task do_packagedata: Started
NOTE: recipe shadow-securetty-4.6-r3: task do_package_write_deb: Succeeded
NOTE: recipe base-files-10.3+deb10u1-r0: task do_packagedata: Succeeded
NOTE: Running task 660 of 852 (/home/deby/poky/meta-debian/recipes-debian/base-files/base-files_debian.bb:do_package_write_deb)
NOTE: recipe base-files-10.3+deb10u1-r0: task do_package_write_deb: Started
NOTE: recipe glibc-2.28-r0: task do_debian_patch: Succeeded
NOTE: Running task 661 of 852 (/home/deby/poky/meta-debian/recipes-debian/glibc/glibc_debian.bb:do_patch)
NOTE: recipe glibc-2.28-r0: task do_patch: Started
NOTE: recipe base-files-10.3+deb10u1-r0: task do_package_write_deb: Succeeded
NOTE: recipe glibc-2.28-r0: task do_patch: Succeeded
NOTE: recipe gcc-source-8.3.0-8.3.0-r0: task do_unpack: Succeeded
NOTE: Running task 662 of 852 (/home/deby/poky/meta-debian/recipes-debian/gcc/gcc-source_debian.bb:do_debian_unpack_extra)
NOTE: recipe gcc-source-8.3.0-8.3.0-r0: task do_debian_unpack_extra: Started
NOTE: recipe gcc-source-8.3.0-8.3.0-r0: task do_debian_unpack_extra: Succeeded
NOTE: Running task 663 of 852 (/home/deby/poky/meta-debian/recipes-debian/gcc/gcc-source_debian.bb:do_debian_patch)
NOTE: recipe gcc-source-8.3.0-8.3.0-r0: task do_debian_patch: Started
NOTE: recipe gcc-source-8.3.0-8.3.0-r0: task do_debian_patch: Succeeded
NOTE: Running task 664 of 852 (/home/deby/poky/meta-debian/recipes-debian/gcc/gcc-source_debian.bb:do_patch)
NOTE: recipe gcc-source-8.3.0-8.3.0-r0: task do_patch: Started
NOTE: recipe gcc-source-8.3.0-8.3.0-r0: task do_patch: Succeeded
NOTE: Running task 665 of 852 (/home/deby/poky/meta-debian/recipes-debian/gcc/gcc-source_debian.bb:do_preconfigure)
NOTE: recipe gcc-source-8.3.0-8.3.0-r0: task do_preconfigure: Started
NOTE: recipe gcc-source-8.3.0-8.3.0-r0: task do_preconfigure: Succeeded
NOTE: recipe linux-libc-headers-base-gitAUTOINC+5e85a1ff9a-r0: task do_unpack: Succeeded
NOTE: Running task 666 of 852 (/home/deby/poky/meta-debian/recipes-kernel/linux-libc-headers/linux-libc-headers-base_git.bb:do_patch)
NOTE: recipe linux-libc-headers-base-gitAUTOINC+5e85a1ff9a-r0: task do_patch: Started
NOTE: recipe linux-libc-headers-base-gitAUTOINC+5e85a1ff9a-r0: task do_patch: Succeeded
NOTE: Running noexec task 667 of 852 (/home/deby/poky/meta-debian/recipes-kernel/linux-libc-headers/linux-libc-headers-base_git.bb:do_configure)
NOTE: Running noexec task 668 of 852 (/home/deby/poky/meta-debian/recipes-kernel/linux-libc-headers/linux-libc-headers-base_git.bb:do_compile)
NOTE: Running task 669 of 852 (/home/deby/poky/meta-debian/recipes-kernel/linux-libc-headers/linux-libc-headers-base_git.bb:do_install)
NOTE: recipe linux-libc-headers-base-gitAUTOINC+5e85a1ff9a-r0: task do_install: Started
NOTE: recipe linux-libc-headers-base-gitAUTOINC+5e85a1ff9a-r0: task do_install: Succeeded
NOTE: Running task 670 of 852 (/home/deby/poky/meta-debian/recipes-kernel/linux-libc-headers/linux-libc-headers-base_git.bb:do_populate_sysroot)
NOTE: Running task 671 of 852 (/home/deby/poky/meta-debian/recipes-kernel/linux-libc-headers/linux-libc-headers-base_git.bb:do_package)
NOTE: recipe linux-libc-headers-base-gitAUTOINC+5e85a1ff9a-r0: task do_populate_sysroot: Started
NOTE: recipe linux-libc-headers-base-gitAUTOINC+5e85a1ff9a-r0: task do_package: Started
NOTE: recipe linux-libc-headers-base-gitAUTOINC+5e85a1ff9a-r0: task do_populate_sysroot: Succeeded
NOTE: Running task 672 of 852 (/home/deby/poky/meta-debian/recipes-debian/gcc/gcc-cross_debian.bb:do_prepare_recipe_sysroot)
NOTE: recipe gcc-cross-arm-8.3.0-r0: task do_prepare_recipe_sysroot: Started
NOTE: recipe gcc-cross-arm-8.3.0-r0: task do_prepare_recipe_sysroot: Succeeded
NOTE: Running task 673 of 852 (/home/deby/poky/meta-debian/recipes-debian/gcc/gcc-cross_debian.bb:do_configure)
NOTE: recipe gcc-cross-arm-8.3.0-r0: task do_configure: Started
NOTE: recipe linux-libc-headers-base-gitAUTOINC+5e85a1ff9a-r0: task do_package: Succeeded
NOTE: Running task 674 of 852 (/home/deby/poky/meta-debian/recipes-kernel/linux-libc-headers/linux-libc-headers-base_git.bb:do_packagedata)
NOTE: recipe linux-libc-headers-base-gitAUTOINC+5e85a1ff9a-r0: task do_packagedata: Started
NOTE: recipe linux-libc-headers-base-gitAUTOINC+5e85a1ff9a-r0: task do_packagedata: Succeeded
NOTE: Running task 675 of 852 (/home/deby/poky/meta-debian/recipes-kernel/linux-libc-headers/linux-libc-headers-base_git.bb:do_package_write_deb)
NOTE: recipe linux-libc-headers-base-gitAUTOINC+5e85a1ff9a-r0: task do_package_write_deb: Started
NOTE: recipe linux-libc-headers-base-gitAUTOINC+5e85a1ff9a-r0: task do_package_write_deb: Succeeded
NOTE: recipe gcc-cross-arm-8.3.0-r0: task do_configure: Succeeded
NOTE: Running task 676 of 852 (/home/deby/poky/meta-debian/recipes-debian/gcc/gcc-cross_debian.bb:do_compile)
NOTE: recipe gcc-cross-arm-8.3.0-r0: task do_compile: Started
NOTE: recipe gcc-cross-arm-8.3.0-r0: task do_compile: Succeeded
NOTE: Running task 677 of 852 (/home/deby/poky/meta-debian/recipes-debian/gcc/gcc-cross_debian.bb:do_gcc_stash_builddir)
NOTE: recipe gcc-cross-arm-8.3.0-r0: task do_gcc_stash_builddir: Started
NOTE: recipe gcc-cross-arm-8.3.0-r0: task do_gcc_stash_builddir: Succeeded
NOTE: Running task 678 of 852 (/home/deby/poky/meta-debian/recipes-debian/gcc/gcc-cross_debian.bb:do_install)
NOTE: recipe gcc-cross-arm-8.3.0-r0: task do_install: Started
NOTE: recipe gcc-cross-arm-8.3.0-r0: task do_install: Succeeded
NOTE: Running task 679 of 852 (/home/deby/poky/meta-debian/recipes-debian/gcc/gcc-cross_debian.bb:do_populate_sysroot)
NOTE: recipe gcc-cross-arm-8.3.0-r0: task do_populate_sysroot: Started
NOTE: recipe gcc-cross-arm-8.3.0-r0: task do_populate_sysroot: Succeeded
NOTE: Running task 680 of 852 (/home/deby/poky/meta-debian/recipes-debian/gcc/libgcc-initial_debian.bb:do_prepare_recipe_sysroot)
NOTE: recipe libgcc-initial-8.3.0-r0: task do_prepare_recipe_sysroot: Started
NOTE: recipe libgcc-initial-8.3.0-r0: task do_prepare_recipe_sysroot: Succeeded
NOTE: Running task 681 of 852 (/home/deby/poky/meta-debian/recipes-debian/gcc/libgcc-initial_debian.bb:do_configure)
NOTE: recipe libgcc-initial-8.3.0-r0: task do_configure: Started
NOTE: recipe libgcc-initial-8.3.0-r0: task do_configure: Succeeded
NOTE: Running task 682 of 852 (/home/deby/poky/meta-debian/recipes-debian/gcc/libgcc-initial_debian.bb:do_compile)
NOTE: recipe libgcc-initial-8.3.0-r0: task do_compile: Started
NOTE: recipe libgcc-initial-8.3.0-r0: task do_compile: Succeeded
NOTE: Running task 683 of 852 (/home/deby/poky/meta-debian/recipes-debian/gcc/libgcc-initial_debian.bb:do_install)
NOTE: recipe libgcc-initial-8.3.0-r0: task do_install: Started
NOTE: recipe libgcc-initial-8.3.0-r0: task do_install: Succeeded
NOTE: Running task 684 of 852 (/home/deby/poky/meta-debian/recipes-debian/gcc/libgcc-initial_debian.bb:do_multilib_install)
NOTE: recipe libgcc-initial-8.3.0-r0: task do_multilib_install: Started
NOTE: recipe libgcc-initial-8.3.0-r0: task do_multilib_install: Succeeded
NOTE: Running task 685 of 852 (/home/deby/poky/meta-debian/recipes-debian/gcc/libgcc-initial_debian.bb:do_extra_symlinks)
NOTE: recipe libgcc-initial-8.3.0-r0: task do_extra_symlinks: Started
NOTE: recipe libgcc-initial-8.3.0-r0: task do_extra_symlinks: Succeeded
NOTE: Running task 686 of 852 (/home/deby/poky/meta-debian/recipes-debian/gcc/libgcc-initial_debian.bb:do_populate_sysroot)
NOTE: recipe libgcc-initial-8.3.0-r0: task do_populate_sysroot: Started
NOTE: recipe libgcc-initial-8.3.0-r0: task do_populate_sysroot: Succeeded
NOTE: Running task 687 of 852 (/home/deby/poky/meta-debian/recipes-debian/glibc/glibc_debian.bb:do_prepare_recipe_sysroot)
NOTE: recipe glibc-2.28-r0: task do_prepare_recipe_sysroot: Started
NOTE: recipe glibc-2.28-r0: task do_prepare_recipe_sysroot: Succeeded
NOTE: Running task 688 of 852 (/home/deby/poky/meta-debian/recipes-debian/glibc/glibc_debian.bb:do_configure)
NOTE: recipe glibc-2.28-r0: task do_configure: Started
NOTE: recipe glibc-2.28-r0: task do_configure: Succeeded
NOTE: Running task 689 of 852 (/home/deby/poky/meta-debian/recipes-debian/glibc/glibc_debian.bb:do_compile)
NOTE: recipe glibc-2.28-r0: task do_compile: Started
NOTE: recipe glibc-2.28-r0: task do_compile: Succeeded
NOTE: Running task 690 of 852 (/home/deby/poky/meta-debian/recipes-debian/glibc/glibc_debian.bb:do_install)
NOTE: recipe glibc-2.28-r0: task do_install: Started
NOTE: recipe glibc-2.28-r0: task do_install: Succeeded
NOTE: Running task 691 of 852 (/home/deby/poky/meta-debian/recipes-debian/glibc/glibc_debian.bb:do_stash_locale)
NOTE: recipe glibc-2.28-r0: task do_stash_locale: Started
NOTE: recipe glibc-2.28-r0: task do_stash_locale: Succeeded
NOTE: Running task 692 of 852 (/home/deby/poky/meta-debian/recipes-debian/glibc/glibc_debian.bb:do_populate_sysroot)
NOTE: Running task 693 of 852 (/home/deby/poky/meta-debian/recipes-debian/glibc/glibc_debian.bb:do_package)
NOTE: Running task 694 of 852 (/home/deby/poky/meta-debian/recipes-debian/glibc/glibc-locale_debian.bb:do_install)
NOTE: recipe glibc-locale-2.28-r0: task do_install: Started
NOTE: recipe glibc-2.28-r0: task do_populate_sysroot: Started
NOTE: recipe glibc-2.28-r0: task do_package: Started
NOTE: recipe glibc-locale-2.28-r0: task do_install: Succeeded
NOTE: Running task 695 of 852 (/home/deby/poky/meta-debian/recipes-debian/glibc/glibc-locale_debian.bb:do_package)
NOTE: Running task 696 of 852 (/home/deby/poky/meta-debian/recipes-debian/glibc/glibc-locale_debian.bb:do_populate_sysroot)
NOTE: recipe glibc-locale-2.28-r0: task do_package: Started
NOTE: recipe glibc-locale-2.28-r0: task do_populate_sysroot: Started
NOTE: recipe glibc-2.28-r0: task do_populate_sysroot: Succeeded
NOTE: Running task 697 of 852 (/home/deby/poky/meta-debian/recipes-debian/gcc/libgcc_debian.bb:do_prepare_recipe_sysroot)
NOTE: recipe libgcc-8.3.0-r0: task do_prepare_recipe_sysroot: Started
NOTE: recipe libgcc-8.3.0-r0: task do_prepare_recipe_sysroot: Succeeded
NOTE: Running task 698 of 852 (/home/deby/poky/meta-debian/recipes-debian/gcc/libgcc_debian.bb:do_configure)
NOTE: recipe libgcc-8.3.0-r0: task do_configure: Started
NOTE: recipe libgcc-8.3.0-r0: task do_configure: Succeeded
NOTE: Running task 699 of 852 (/home/deby/poky/meta-debian/recipes-debian/gcc/libgcc_debian.bb:do_compile)
NOTE: recipe libgcc-8.3.0-r0: task do_compile: Started
NOTE: recipe glibc-locale-2.28-r0: task do_populate_sysroot: Succeeded
NOTE: recipe glibc-2.28-r0: task do_package: Succeeded
NOTE: Running task 700 of 852 (/home/deby/poky/meta-debian/recipes-debian/glibc/glibc_debian.bb:do_packagedata)
NOTE: recipe glibc-2.28-r0: task do_packagedata: Started
NOTE: recipe glibc-2.28-r0: task do_packagedata: Succeeded
NOTE: Running task 701 of 852 (/home/deby/poky/meta-debian/recipes-debian/glibc/glibc_debian.bb:do_package_write_deb)
NOTE: recipe glibc-2.28-r0: task do_package_write_deb: Started
NOTE: recipe glibc-2.28-r0: task do_package_write_deb: Succeeded
NOTE: recipe libgcc-8.3.0-r0: task do_compile: Succeeded
NOTE: Running task 702 of 852 (/home/deby/poky/meta-debian/recipes-debian/gcc/libgcc_debian.bb:do_install)
NOTE: recipe libgcc-8.3.0-r0: task do_install: Started
NOTE: recipe libgcc-8.3.0-r0: task do_install: Succeeded
NOTE: Running task 703 of 852 (/home/deby/poky/meta-debian/recipes-debian/gcc/libgcc_debian.bb:do_multilib_install)
NOTE: recipe libgcc-8.3.0-r0: task do_multilib_install: Started
NOTE: recipe libgcc-8.3.0-r0: task do_multilib_install: Succeeded
NOTE: Running task 704 of 852 (/home/deby/poky/meta-debian/recipes-debian/gcc/libgcc_debian.bb:do_extra_symlinks)
NOTE: recipe libgcc-8.3.0-r0: task do_extra_symlinks: Started
NOTE: recipe libgcc-8.3.0-r0: task do_extra_symlinks: Succeeded
NOTE: Running task 705 of 852 (/home/deby/poky/meta-debian/recipes-debian/gcc/libgcc_debian.bb:do_populate_sysroot)
NOTE: Running task 706 of 852 (/home/deby/poky/meta-debian/recipes-debian/gcc/libgcc_debian.bb:do_package)
NOTE: recipe libgcc-8.3.0-r0: task do_populate_sysroot: Started
NOTE: recipe libgcc-8.3.0-r0: task do_package: Started
NOTE: recipe libgcc-8.3.0-r0: task do_populate_sysroot: Succeeded
NOTE: Running task 707 of 852 (/home/deby/poky/meta-debian/recipes-debian/gcc/gcc-runtime_debian.bb:do_prepare_recipe_sysroot)
NOTE: recipe gcc-runtime-8.3.0-r0: task do_prepare_recipe_sysroot: Started
NOTE: recipe gcc-runtime-8.3.0-r0: task do_prepare_recipe_sysroot: Succeeded
NOTE: Running task 708 of 852 (/home/deby/poky/meta-debian/recipes-debian/gcc/gcc-runtime_debian.bb:do_configure)
NOTE: recipe gcc-runtime-8.3.0-r0: task do_configure: Started
NOTE: recipe libgcc-8.3.0-r0: task do_package: Succeeded
NOTE: Running task 709 of 852 (/home/deby/poky/meta-debian/recipes-debian/gcc/libgcc_debian.bb:do_packagedata)
NOTE: recipe libgcc-8.3.0-r0: task do_packagedata: Started
NOTE: recipe libgcc-8.3.0-r0: task do_packagedata: Succeeded
NOTE: Running task 710 of 852 (/home/deby/poky/meta-debian/recipes-debian/gcc/libgcc_debian.bb:do_package_write_deb)
NOTE: recipe libgcc-8.3.0-r0: task do_package_write_deb: Started
NOTE: recipe libgcc-8.3.0-r0: task do_package_write_deb: Succeeded
NOTE: recipe gcc-runtime-8.3.0-r0: task do_configure: Succeeded
NOTE: Running task 711 of 852 (/home/deby/poky/meta-debian/recipes-debian/gcc/gcc-runtime_debian.bb:do_compile)
NOTE: recipe gcc-runtime-8.3.0-r0: task do_compile: Started
NOTE: recipe glibc-locale-2.28-r0: task do_package: Succeeded
NOTE: Running task 712 of 852 (/home/deby/poky/meta-debian/recipes-debian/glibc/glibc-locale_debian.bb:do_packagedata)
NOTE: recipe glibc-locale-2.28-r0: task do_packagedata: Started
NOTE: recipe glibc-locale-2.28-r0: task do_packagedata: Succeeded
NOTE: Running task 713 of 852 (/home/deby/poky/meta-debian/recipes-debian/glibc/glibc-locale_debian.bb:do_package_write_deb)
NOTE: recipe glibc-locale-2.28-r0: task do_package_write_deb: Started
NOTE: recipe glibc-locale-2.28-r0: task do_package_write_deb: Succeeded
NOTE: recipe gcc-runtime-8.3.0-r0: task do_compile: Succeeded
NOTE: Running task 714 of 852 (/home/deby/poky/meta-debian/recipes-debian/gcc/gcc-runtime_debian.bb:do_install)
NOTE: recipe gcc-runtime-8.3.0-r0: task do_install: Started
NOTE: recipe gcc-runtime-8.3.0-r0: task do_install: Succeeded
NOTE: Running task 715 of 852 (/home/deby/poky/meta-debian/recipes-debian/gcc/gcc-runtime_debian.bb:do_populate_sysroot)
NOTE: Running task 716 of 852 (/home/deby/poky/meta-debian/recipes-debian/gcc/gcc-runtime_debian.bb:do_package)
NOTE: recipe gcc-runtime-8.3.0-r0: task do_populate_sysroot: Started
NOTE: recipe gcc-runtime-8.3.0-r0: task do_package: Started
NOTE: recipe gcc-runtime-8.3.0-r0: task do_populate_sysroot: Succeeded
NOTE: Running task 717 of 852 (/home/deby/poky/meta-debian/recipes-debian/libtool/libtool-cross_debian.bb:do_prepare_recipe_sysroot)
NOTE: Running task 718 of 852 (/home/deby/poky/meta/recipes-devtools/opkg-utils/opkg-utils_0.4.0.bb:do_prepare_recipe_sysroot)
NOTE: Running task 719 of 852 (/home/deby/poky/meta-debian/recipes-debian/zlib/zlib_debian.bb:do_prepare_recipe_sysroot)
NOTE: recipe opkg-utils-0.4.0-r0: task do_prepare_recipe_sysroot: Started
NOTE: recipe zlib-1.2.11-r0: task do_prepare_recipe_sysroot: Started
NOTE: recipe libtool-cross-2.4.6-r0: task do_prepare_recipe_sysroot: Started
NOTE: recipe opkg-utils-0.4.0-r0: task do_prepare_recipe_sysroot: Succeeded
NOTE: Running task 720 of 852 (/home/deby/poky/meta/recipes-devtools/opkg-utils/opkg-utils_0.4.0.bb:do_configure)
NOTE: recipe zlib-1.2.11-r0: task do_prepare_recipe_sysroot: Succeeded
NOTE: Running task 721 of 852 (/home/deby/poky/meta-debian/recipes-debian/zlib/zlib_debian.bb:do_configure)
NOTE: recipe libtool-cross-2.4.6-r0: task do_prepare_recipe_sysroot: Succeeded
NOTE: Running task 722 of 852 (/home/deby/poky/meta-debian/recipes-debian/libtool/libtool-cross_debian.bb:do_configure)
NOTE: recipe opkg-utils-0.4.0-r0: task do_configure: Started
NOTE: recipe zlib-1.2.11-r0: task do_configure: Started
NOTE: recipe opkg-utils-0.4.0-r0: task do_configure: Succeeded
NOTE: Running task 723 of 852 (/home/deby/poky/meta/recipes-devtools/opkg-utils/opkg-utils_0.4.0.bb:do_compile)
NOTE: recipe libtool-cross-2.4.6-r0: task do_configure: Started
NOTE: recipe opkg-utils-0.4.0-r0: task do_compile: Started
NOTE: recipe opkg-utils-0.4.0-r0: task do_compile: Succeeded
NOTE: Running task 724 of 852 (/home/deby/poky/meta/recipes-devtools/opkg-utils/opkg-utils_0.4.0.bb:do_install)
NOTE: recipe opkg-utils-0.4.0-r0: task do_install: Started
NOTE: recipe opkg-utils-0.4.0-r0: task do_install: Succeeded
NOTE: Running task 725 of 852 (/home/deby/poky/meta/recipes-devtools/opkg-utils/opkg-utils_0.4.0.bb:do_populate_sysroot)
NOTE: recipe opkg-utils-0.4.0-r0: task do_populate_sysroot: Started
NOTE: recipe opkg-utils-0.4.0-r0: task do_populate_sysroot: Succeeded
NOTE: recipe zlib-1.2.11-r0: task do_configure: Succeeded
NOTE: Running task 726 of 852 (/home/deby/poky/meta-debian/recipes-debian/zlib/zlib_debian.bb:do_compile)
NOTE: recipe zlib-1.2.11-r0: task do_compile: Started
NOTE: recipe zlib-1.2.11-r0: task do_compile: Succeeded
NOTE: Running task 727 of 852 (/home/deby/poky/meta-debian/recipes-debian/zlib/zlib_debian.bb:do_install)
NOTE: recipe zlib-1.2.11-r0: task do_install: Started
NOTE: recipe zlib-1.2.11-r0: task do_install: Succeeded
NOTE: Running task 728 of 852 (/home/deby/poky/meta-debian/recipes-debian/zlib/zlib_debian.bb:do_populate_sysroot)
NOTE: recipe zlib-1.2.11-r0: task do_populate_sysroot: Started
NOTE: recipe zlib-1.2.11-r0: task do_populate_sysroot: Succeeded
NOTE: recipe gcc-runtime-8.3.0-r0: task do_package: Succeeded
NOTE: Running task 729 of 852 (/home/deby/poky/meta-debian/recipes-debian/gcc/gcc-runtime_debian.bb:do_packagedata)
NOTE: recipe gcc-runtime-8.3.0-r0: task do_packagedata: Started
NOTE: recipe gcc-runtime-8.3.0-r0: task do_packagedata: Succeeded
NOTE: Running task 730 of 852 (/home/deby/poky/meta/recipes-devtools/opkg-utils/opkg-utils_0.4.0.bb:do_package)
NOTE: Running task 731 of 852 (/home/deby/poky/meta-debian/recipes-debian/zlib/zlib_debian.bb:do_package)
NOTE: Running task 732 of 852 (/home/deby/poky/meta-debian/recipes-debian/gcc/gcc-runtime_debian.bb:do_package_write_deb)
NOTE: recipe opkg-utils-0.4.0-r0: task do_package: Started
NOTE: recipe zlib-1.2.11-r0: task do_package: Started
NOTE: recipe gcc-runtime-8.3.0-r0: task do_package_write_deb: Started
NOTE: recipe libtool-cross-2.4.6-r0: task do_configure: Succeeded
NOTE: Running task 733 of 852 (/home/deby/poky/meta-debian/recipes-debian/libtool/libtool-cross_debian.bb:do_compile)
NOTE: recipe libtool-cross-2.4.6-r0: task do_compile: Started
NOTE: recipe libtool-cross-2.4.6-r0: task do_compile: Succeeded
NOTE: Running task 734 of 852 (/home/deby/poky/meta-debian/recipes-debian/libtool/libtool-cross_debian.bb:do_install)
NOTE: recipe libtool-cross-2.4.6-r0: task do_install: Started
NOTE: recipe libtool-cross-2.4.6-r0: task do_install: Succeeded
NOTE: Running task 735 of 852 (/home/deby/poky/meta-debian/recipes-debian/libtool/libtool-cross_debian.bb:do_populate_sysroot)
NOTE: Running task 736 of 852 (/home/deby/poky/meta-debian/recipes-debian/libtool/libtool-cross_debian.bb:do_package)
NOTE: recipe libtool-cross-2.4.6-r0: task do_populate_sysroot: Started
NOTE: recipe libtool-cross-2.4.6-r0: task do_package: Started
NOTE: recipe libtool-cross-2.4.6-r0: task do_populate_sysroot: Succeeded
NOTE: Running task 737 of 852 (/home/deby/poky/meta-debian/recipes-debian/libxcrypt/libxcrypt_debian.bb:do_prepare_recipe_sysroot)
NOTE: Running task 738 of 852 (/home/deby/poky/meta-debian/recipes-debian/cracklib/cracklib_debian.bb:do_prepare_recipe_sysroot)
NOTE: Running task 739 of 852 (/home/deby/poky/meta-debian/recipes-debian/flex/flex_debian.bb:do_prepare_recipe_sysroot)
NOTE: Running task 740 of 852 (/home/deby/poky/meta-debian/recipes-debian/ncurses/ncurses_debian.bb:do_prepare_recipe_sysroot)
NOTE: Running task 741 of 852 (/home/deby/poky/meta-debian/recipes-debian/bash-completion/bash-completion_debian.bb:do_prepare_recipe_sysroot)
NOTE: Running task 742 of 852 (/home/deby/poky/meta-debian/recipes-debian/gmp/gmp_debian.bb:do_prepare_recipe_sysroot)
NOTE: Running task 743 of 852 (/home/deby/poky/meta-debian/recipes-debian/base-passwd/base-passwd_debian.bb:do_prepare_recipe_sysroot)
NOTE: Running task 744 of 852 (/home/deby/poky/meta-debian/recipes-debian/m4/m4_debian.bb:do_prepare_recipe_sysroot)
NOTE: recipe cracklib-2.9.6-r0: task do_prepare_recipe_sysroot: Started
NOTE: recipe libxcrypt-4.1.1-r0: task do_prepare_recipe_sysroot: Started
NOTE: recipe flex-2.6.4-r0: task do_prepare_recipe_sysroot: Started
NOTE: recipe gmp-6.1.2-r0: task do_prepare_recipe_sysroot: Started
NOTE: recipe bash-completion-2.8-r0: task do_prepare_recipe_sysroot: Started
NOTE: recipe ncurses-6.1+20181013-r0: task do_prepare_recipe_sysroot: Started
NOTE: recipe base-passwd-3.5.46-r0: task do_prepare_recipe_sysroot: Started
NOTE: recipe m4-1.4.18-r0: task do_prepare_recipe_sysroot: Started
NOTE: recipe bash-completion-2.8-r0: task do_prepare_recipe_sysroot: Succeeded
NOTE: Running task 745 of 852 (/home/deby/poky/meta-debian/recipes-debian/bash-completion/bash-completion_debian.bb:do_configure)
NOTE: recipe flex-2.6.4-r0: task do_prepare_recipe_sysroot: Succeeded
NOTE: Running task 746 of 852 (/home/deby/poky/meta-debian/recipes-debian/flex/flex_debian.bb:do_configure)
NOTE: recipe gmp-6.1.2-r0: task do_prepare_recipe_sysroot: Succeeded
NOTE: Running task 747 of 852 (/home/deby/poky/meta-debian/recipes-debian/gmp/gmp_debian.bb:do_configure)
NOTE: recipe bash-completion-2.8-r0: task do_configure: Started
NOTE: recipe libxcrypt-4.1.1-r0: task do_prepare_recipe_sysroot: Succeeded
NOTE: Running task 748 of 852 (/home/deby/poky/meta-debian/recipes-debian/libxcrypt/libxcrypt_debian.bb:do_configure)
NOTE: recipe m4-1.4.18-r0: task do_prepare_recipe_sysroot: Succeeded
NOTE: Running task 749 of 852 (/home/deby/poky/meta-debian/recipes-debian/m4/m4_debian.bb:do_configure)
NOTE: recipe flex-2.6.4-r0: task do_configure: Started
NOTE: recipe gmp-6.1.2-r0: task do_configure: Started
NOTE: recipe base-passwd-3.5.46-r0: task do_prepare_recipe_sysroot: Succeeded
NOTE: recipe cracklib-2.9.6-r0: task do_prepare_recipe_sysroot: Succeeded
NOTE: Running task 750 of 852 (/home/deby/poky/meta-debian/recipes-debian/base-passwd/base-passwd_debian.bb:do_configure)
NOTE: Running task 751 of 852 (/home/deby/poky/meta-debian/recipes-debian/cracklib/cracklib_debian.bb:do_configure)
NOTE: recipe libxcrypt-4.1.1-r0: task do_configure: Started
NOTE: recipe m4-1.4.18-r0: task do_configure: Started
NOTE: recipe libtool-cross-2.4.6-r0: task do_package: Succeeded
NOTE: Running task 752 of 852 (/home/deby/poky/meta-debian/recipes-debian/libtool/libtool-cross_debian.bb:do_packagedata)
NOTE: recipe base-passwd-3.5.46-r0: task do_configure: Started
NOTE: recipe cracklib-2.9.6-r0: task do_configure: Started
NOTE: recipe libtool-cross-2.4.6-r0: task do_packagedata: Started
NOTE: recipe ncurses-6.1+20181013-r0: task do_prepare_recipe_sysroot: Succeeded
NOTE: Running task 753 of 852 (/home/deby/poky/meta-debian/recipes-debian/ncurses/ncurses_debian.bb:do_configure)
NOTE: recipe ncurses-6.1+20181013-r0: task do_configure: Started
NOTE: recipe libtool-cross-2.4.6-r0: task do_packagedata: Succeeded
NOTE: Running task 754 of 852 (/home/deby/poky/meta-debian/recipes-debian/libtool/libtool-cross_debian.bb:do_package_write_deb)
NOTE: recipe libtool-cross-2.4.6-r0: task do_package_write_deb: Started
NOTE: recipe gcc-runtime-8.3.0-r0: task do_package_write_deb: Succeeded
NOTE: recipe libtool-cross-2.4.6-r0: task do_package_write_deb: Succeeded
NOTE: recipe bash-completion-2.8-r0: task do_configure: Succeeded
NOTE: Running task 755 of 852 (/home/deby/poky/meta-debian/recipes-debian/bash-completion/bash-completion_debian.bb:do_compile)
NOTE: recipe bash-completion-2.8-r0: task do_compile: Started
NOTE: recipe bash-completion-2.8-r0: task do_compile: Succeeded
NOTE: Running task 756 of 852 (/home/deby/poky/meta-debian/recipes-debian/bash-completion/bash-completion_debian.bb:do_install)
NOTE: recipe bash-completion-2.8-r0: task do_install: Started
NOTE: recipe base-passwd-3.5.46-r0: task do_configure: Succeeded
NOTE: Running task 757 of 852 (/home/deby/poky/meta-debian/recipes-debian/base-passwd/base-passwd_debian.bb:do_compile)
NOTE: recipe base-passwd-3.5.46-r0: task do_compile: Started
NOTE: recipe base-passwd-3.5.46-r0: task do_compile: Succeeded
NOTE: Running task 758 of 852 (/home/deby/poky/meta-debian/recipes-debian/base-passwd/base-passwd_debian.bb:do_install)
NOTE: recipe base-passwd-3.5.46-r0: task do_install: Started
NOTE: recipe base-passwd-3.5.46-r0: task do_install: Succeeded
NOTE: Running task 759 of 852 (/home/deby/poky/meta-debian/recipes-debian/base-passwd/base-passwd_debian.bb:do_populate_sysroot)
NOTE: recipe base-passwd-3.5.46-r0: task do_populate_sysroot: Started
NOTE: recipe base-passwd-3.5.46-r0: task do_populate_sysroot: Succeeded
NOTE: Running task 760 of 852 (/home/deby/poky/meta-debian/recipes-debian/base-passwd/base-passwd_debian.bb:do_package)
NOTE: recipe base-passwd-3.5.46-r0: task do_package: Started
NOTE: recipe cracklib-2.9.6-r0: task do_configure: Succeeded
NOTE: Running task 761 of 852 (/home/deby/poky/meta-debian/recipes-debian/cracklib/cracklib_debian.bb:do_compile)
NOTE: recipe cracklib-2.9.6-r0: task do_compile: Started
NOTE: recipe libxcrypt-4.1.1-r0: task do_configure: Succeeded
NOTE: Running task 762 of 852 (/home/deby/poky/meta-debian/recipes-debian/libxcrypt/libxcrypt_debian.bb:do_compile)
NOTE: recipe libxcrypt-4.1.1-r0: task do_compile: Started
NOTE: recipe cracklib-2.9.6-r0: task do_compile: Succeeded
NOTE: Running task 763 of 852 (/home/deby/poky/meta-debian/recipes-debian/cracklib/cracklib_debian.bb:do_install)
NOTE: recipe cracklib-2.9.6-r0: task do_install: Started
NOTE: recipe libxcrypt-4.1.1-r0: task do_compile: Succeeded
NOTE: Running task 764 of 852 (/home/deby/poky/meta-debian/recipes-debian/libxcrypt/libxcrypt_debian.bb:do_install)
NOTE: recipe libxcrypt-4.1.1-r0: task do_install: Started
NOTE: recipe libxcrypt-4.1.1-r0: task do_install: Succeeded
NOTE: Running task 765 of 852 (/home/deby/poky/meta-debian/recipes-debian/libxcrypt/libxcrypt_debian.bb:do_populate_sysroot)
NOTE: Running task 766 of 852 (/home/deby/poky/meta-debian/recipes-debian/libxcrypt/libxcrypt_debian.bb:do_package)
NOTE: recipe libxcrypt-4.1.1-r0: task do_populate_sysroot: Started
NOTE: recipe cracklib-2.9.6-r0: task do_install: Succeeded
NOTE: Running task 767 of 852 (/home/deby/poky/meta-debian/recipes-debian/cracklib/cracklib_debian.bb:do_populate_sysroot)
NOTE: Running task 768 of 852 (/home/deby/poky/meta-debian/recipes-debian/cracklib/cracklib_debian.bb:do_package)
NOTE: recipe libxcrypt-4.1.1-r0: task do_package: Started
NOTE: recipe libxcrypt-4.1.1-r0: task do_populate_sysroot: Succeeded
NOTE: recipe cracklib-2.9.6-r0: task do_populate_sysroot: Started
NOTE: recipe cracklib-2.9.6-r0: task do_package: Started
NOTE: recipe cracklib-2.9.6-r0: task do_populate_sysroot: Succeeded
NOTE: recipe bash-completion-2.8-r0: task do_install: Succeeded
NOTE: Running task 769 of 852 (/home/deby/poky/meta-debian/recipes-debian/bash-completion/bash-completion_debian.bb:do_package)
NOTE: Running task 770 of 852 (/home/deby/poky/meta-debian/recipes-debian/bash-completion/bash-completion_debian.bb:do_populate_sysroot)
NOTE: recipe bash-completion-2.8-r0: task do_populate_sysroot: Started
NOTE: recipe bash-completion-2.8-r0: task do_package: Started
NOTE: recipe bash-completion-2.8-r0: task do_populate_sysroot: Succeeded
NOTE: recipe flex-2.6.4-r0: task do_configure: Succeeded
NOTE: Running task 771 of 852 (/home/deby/poky/meta-debian/recipes-debian/flex/flex_debian.bb:do_compile)
NOTE: recipe flex-2.6.4-r0: task do_compile: Started
NOTE: recipe flex-2.6.4-r0: task do_compile: Succeeded
NOTE: Running task 772 of 852 (/home/deby/poky/meta-debian/recipes-debian/flex/flex_debian.bb:do_install)
NOTE: recipe flex-2.6.4-r0: task do_install: Started
NOTE: recipe flex-2.6.4-r0: task do_install: Succeeded
NOTE: Running task 773 of 852 (/home/deby/poky/meta-debian/recipes-debian/flex/flex_debian.bb:do_populate_sysroot)
NOTE: Running task 774 of 852 (/home/deby/poky/meta-debian/recipes-debian/flex/flex_debian.bb:do_package)
NOTE: recipe flex-2.6.4-r0: task do_populate_sysroot: Started
NOTE: recipe flex-2.6.4-r0: task do_package: Started
NOTE: recipe flex-2.6.4-r0: task do_populate_sysroot: Succeeded
NOTE: Running task 775 of 852 (/home/deby/poky/meta-debian/recipes-debian/pam/libpam_debian.bb:do_prepare_recipe_sysroot)
NOTE: recipe libpam-1.3.1-r0: task do_prepare_recipe_sysroot: Started
NOTE: recipe libpam-1.3.1-r0: task do_prepare_recipe_sysroot: Succeeded
NOTE: Running task 776 of 852 (/home/deby/poky/meta-debian/recipes-debian/pam/libpam_debian.bb:do_configure)
NOTE: recipe opkg-utils-0.4.0-r0: task do_package: Succeeded
NOTE: Running task 777 of 852 (/home/deby/poky/meta/recipes-devtools/opkg-utils/opkg-utils_0.4.0.bb:do_packagedata)
NOTE: recipe libpam-1.3.1-r0: task do_configure: Started
NOTE: recipe opkg-utils-0.4.0-r0: task do_packagedata: Started
NOTE: recipe opkg-utils-0.4.0-r0: task do_packagedata: Succeeded
NOTE: Running task 778 of 852 (/home/deby/poky/meta/recipes-devtools/opkg-utils/opkg-utils_0.4.0.bb:do_package_write_deb)
NOTE: recipe opkg-utils-0.4.0-r0: task do_package_write_deb: Started
NOTE: recipe ncurses-6.1+20181013-r0: task do_configure: Succeeded
NOTE: Running task 779 of 852 (/home/deby/poky/meta-debian/recipes-debian/ncurses/ncurses_debian.bb:do_compile)
NOTE: recipe ncurses-6.1+20181013-r0: task do_compile: Started
NOTE: recipe zlib-1.2.11-r0: task do_package: Succeeded
NOTE: Running task 780 of 852 (/home/deby/poky/meta-debian/recipes-debian/zlib/zlib_debian.bb:do_packagedata)
NOTE: recipe zlib-1.2.11-r0: task do_packagedata: Started
NOTE: recipe zlib-1.2.11-r0: task do_packagedata: Succeeded
NOTE: Running task 781 of 852 (/home/deby/poky/meta-debian/recipes-debian/zlib/zlib_debian.bb:do_package_write_deb)
NOTE: recipe zlib-1.2.11-r0: task do_package_write_deb: Started
NOTE: recipe opkg-utils-0.4.0-r0: task do_package_write_deb: Succeeded
NOTE: recipe zlib-1.2.11-r0: task do_package_write_deb: Succeeded
NOTE: recipe gmp-6.1.2-r0: task do_configure: Succeeded
NOTE: Running task 782 of 852 (/home/deby/poky/meta-debian/recipes-debian/gmp/gmp_debian.bb:do_compile)
NOTE: recipe gmp-6.1.2-r0: task do_compile: Started
NOTE: recipe ncurses-6.1+20181013-r0: task do_compile: Succeeded
NOTE: Running task 783 of 852 (/home/deby/poky/meta-debian/recipes-debian/ncurses/ncurses_debian.bb:do_install)
NOTE: recipe ncurses-6.1+20181013-r0: task do_install: Started
NOTE: recipe base-passwd-3.5.46-r0: task do_package: Succeeded
NOTE: Running task 784 of 852 (/home/deby/poky/meta-debian/recipes-debian/base-passwd/base-passwd_debian.bb:do_packagedata)
NOTE: recipe base-passwd-3.5.46-r0: task do_packagedata: Started
NOTE: recipe base-passwd-3.5.46-r0: task do_packagedata: Succeeded
NOTE: Running task 785 of 852 (/home/deby/poky/meta-debian/recipes-debian/base-passwd/base-passwd_debian.bb:do_package_write_deb)
NOTE: recipe base-passwd-3.5.46-r0: task do_package_write_deb: Started
NOTE: recipe gmp-6.1.2-r0: task do_compile: Succeeded
NOTE: Running task 786 of 852 (/home/deby/poky/meta-debian/recipes-debian/gmp/gmp_debian.bb:do_install)
NOTE: recipe gmp-6.1.2-r0: task do_install: Started
NOTE: recipe base-passwd-3.5.46-r0: task do_package_write_deb: Succeeded
NOTE: recipe gmp-6.1.2-r0: task do_install: Succeeded
NOTE: Running task 787 of 852 (/home/deby/poky/meta-debian/recipes-debian/gmp/gmp_debian.bb:do_package)
NOTE: Running task 788 of 852 (/home/deby/poky/meta-debian/recipes-debian/gmp/gmp_debian.bb:do_populate_sysroot)
NOTE: recipe gmp-6.1.2-r0: task do_populate_sysroot: Started
NOTE: recipe gmp-6.1.2-r0: task do_package: Started
NOTE: recipe libxcrypt-4.1.1-r0: task do_package: Succeeded
NOTE: Running task 789 of 852 (/home/deby/poky/meta-debian/recipes-debian/libxcrypt/libxcrypt_debian.bb:do_packagedata)
NOTE: recipe cracklib-2.9.6-r0: task do_package: Succeeded
NOTE: Running task 790 of 852 (/home/deby/poky/meta-debian/recipes-debian/cracklib/cracklib_debian.bb:do_packagedata)
NOTE: recipe libxcrypt-4.1.1-r0: task do_packagedata: Started
NOTE: recipe cracklib-2.9.6-r0: task do_packagedata: Started
NOTE: recipe gmp-6.1.2-r0: task do_populate_sysroot: Succeeded
NOTE: recipe libxcrypt-4.1.1-r0: task do_packagedata: Succeeded
NOTE: Running task 791 of 852 (/home/deby/poky/meta-debian/recipes-debian/libxcrypt/libxcrypt_debian.bb:do_package_write_deb)
NOTE: recipe cracklib-2.9.6-r0: task do_packagedata: Succeeded
NOTE: Running task 792 of 852 (/home/deby/poky/meta-debian/recipes-debian/cracklib/cracklib_debian.bb:do_package_write_deb)
NOTE: recipe libxcrypt-4.1.1-r0: task do_package_write_deb: Started
NOTE: recipe cracklib-2.9.6-r0: task do_package_write_deb: Started
NOTE: recipe libxcrypt-4.1.1-r0: task do_package_write_deb: Succeeded
NOTE: recipe cracklib-2.9.6-r0: task do_package_write_deb: Succeeded
NOTE: recipe bash-completion-2.8-r0: task do_package: Succeeded
NOTE: Running task 793 of 852 (/home/deby/poky/meta-debian/recipes-debian/bash-completion/bash-completion_debian.bb:do_packagedata)
NOTE: recipe bash-completion-2.8-r0: task do_packagedata: Started
NOTE: recipe flex-2.6.4-r0: task do_package: Succeeded
NOTE: Running task 794 of 852 (/home/deby/poky/meta-debian/recipes-debian/flex/flex_debian.bb:do_packagedata)
NOTE: recipe libpam-1.3.1-r0: task do_configure: Succeeded
NOTE: Running task 795 of 852 (/home/deby/poky/meta-debian/recipes-debian/pam/libpam_debian.bb:do_compile)
NOTE: recipe flex-2.6.4-r0: task do_packagedata: Started
NOTE: recipe libpam-1.3.1-r0: task do_compile: Started
NOTE: recipe bash-completion-2.8-r0: task do_packagedata: Succeeded
NOTE: recipe flex-2.6.4-r0: task do_packagedata: Succeeded
NOTE: recipe m4-1.4.18-r0: task do_configure: Succeeded
NOTE: Running task 796 of 852 (/home/deby/poky/meta-debian/recipes-debian/m4/m4_debian.bb:do_compile)
NOTE: recipe m4-1.4.18-r0: task do_compile: Started
NOTE: recipe ncurses-6.1+20181013-r0: task do_install: Succeeded
NOTE: Running task 797 of 852 (/home/deby/poky/meta-debian/recipes-debian/ncurses/ncurses_debian.bb:do_package)
NOTE: Running task 798 of 852 (/home/deby/poky/meta-debian/recipes-debian/ncurses/ncurses_debian.bb:do_populate_sysroot)
NOTE: recipe ncurses-6.1+20181013-r0: task do_populate_sysroot: Started
NOTE: recipe ncurses-6.1+20181013-r0: task do_package: Started
NOTE: recipe ncurses-6.1+20181013-r0: task do_populate_sysroot: Succeeded
NOTE: Running task 799 of 852 (/home/deby/poky/meta-debian/recipes-debian/bash/bash_debian.bb:do_prepare_recipe_sysroot)
NOTE: recipe bash-5.0-r0: task do_prepare_recipe_sysroot: Started
NOTE: recipe bash-5.0-r0: task do_prepare_recipe_sysroot: Succeeded
NOTE: Running task 800 of 852 (/home/deby/poky/meta-debian/recipes-debian/bash/bash_debian.bb:do_configure)
NOTE: recipe bash-5.0-r0: task do_configure: Started
NOTE: recipe m4-1.4.18-r0: task do_compile: Succeeded
NOTE: Running task 801 of 852 (/home/deby/poky/meta-debian/recipes-debian/m4/m4_debian.bb:do_install)
NOTE: recipe m4-1.4.18-r0: task do_install: Started
NOTE: recipe m4-1.4.18-r0: task do_install: Succeeded
NOTE: Running task 802 of 852 (/home/deby/poky/meta-debian/recipes-debian/m4/m4_debian.bb:do_package)
NOTE: recipe m4-1.4.18-r0: task do_package: Started
NOTE: recipe gmp-6.1.2-r0: task do_package: Succeeded
NOTE: Running task 803 of 852 (/home/deby/poky/meta-debian/recipes-debian/gmp/gmp_debian.bb:do_packagedata)
NOTE: recipe gmp-6.1.2-r0: task do_packagedata: Started
NOTE: recipe gmp-6.1.2-r0: task do_packagedata: Succeeded
NOTE: Running task 804 of 852 (/home/deby/poky/meta-debian/recipes-debian/gmp/gmp_debian.bb:do_package_write_deb)
NOTE: recipe gmp-6.1.2-r0: task do_package_write_deb: Started
NOTE: recipe gmp-6.1.2-r0: task do_package_write_deb: Succeeded
NOTE: recipe m4-1.4.18-r0: task do_package: Succeeded
NOTE: Running task 805 of 852 (/home/deby/poky/meta-debian/recipes-debian/m4/m4_debian.bb:do_packagedata)
NOTE: recipe m4-1.4.18-r0: task do_packagedata: Started
NOTE: recipe m4-1.4.18-r0: task do_packagedata: Succeeded
NOTE: Running task 806 of 852 (/home/deby/poky/meta-debian/recipes-debian/m4/m4_debian.bb:do_package_write_deb)
NOTE: Running task 807 of 852 (/home/deby/poky/meta-debian/recipes-debian/flex/flex_debian.bb:do_package_write_deb)
NOTE: recipe m4-1.4.18-r0: task do_package_write_deb: Started
NOTE: recipe flex-2.6.4-r0: task do_package_write_deb: Started
NOTE: recipe flex-2.6.4-r0: task do_package_write_deb: Succeeded
NOTE: recipe m4-1.4.18-r0: task do_package_write_deb: Succeeded
NOTE: recipe ncurses-6.1+20181013-r0: task do_package: Succeeded
NOTE: Running task 808 of 852 (/home/deby/poky/meta-debian/recipes-debian/ncurses/ncurses_debian.bb:do_packagedata)
NOTE: recipe ncurses-6.1+20181013-r0: task do_packagedata: Started
NOTE: recipe ncurses-6.1+20181013-r0: task do_packagedata: Succeeded
NOTE: Running task 809 of 852 (/home/deby/poky/meta-debian/recipes-debian/ncurses/ncurses_debian.bb:do_package_write_deb)
NOTE: recipe ncurses-6.1+20181013-r0: task do_package_write_deb: Started
NOTE: recipe ncurses-6.1+20181013-r0: task do_package_write_deb: Succeeded
NOTE: recipe libpam-1.3.1-r0: task do_compile: Succeeded
NOTE: Running task 810 of 852 (/home/deby/poky/meta-debian/recipes-debian/pam/libpam_debian.bb:do_install)
NOTE: recipe libpam-1.3.1-r0: task do_install: Started
NOTE: recipe libpam-1.3.1-r0: task do_install: Succeeded
NOTE: Running task 811 of 852 (/home/deby/poky/meta-debian/recipes-debian/pam/libpam_debian.bb:do_populate_sysroot)
NOTE: Running task 812 of 852 (/home/deby/poky/meta-debian/recipes-debian/pam/libpam_debian.bb:do_package)
NOTE: recipe libpam-1.3.1-r0: task do_populate_sysroot: Started
NOTE: recipe libpam-1.3.1-r0: task do_package: Started
NOTE: recipe libpam-1.3.1-r0: task do_populate_sysroot: Succeeded
NOTE: Running task 813 of 852 (/home/deby/poky/meta-debian/recipes-debian/libcap/libcap_debian.bb:do_prepare_recipe_sysroot)
NOTE: Running task 814 of 852 (/home/deby/poky/meta-debian/recipes-debian/shadow/shadow_debian.bb:do_prepare_recipe_sysroot)
NOTE: Running task 815 of 852 (/home/deby/poky/meta-debian/recipes-debian/util-linux/util-linux_debian.bb:do_prepare_recipe_sysroot)
NOTE: recipe libcap-2.25-r0: task do_prepare_recipe_sysroot: Started
NOTE: recipe shadow-4.5-r0: task do_prepare_recipe_sysroot: Started
NOTE: recipe util-linux-2.33.1-r0: task do_prepare_recipe_sysroot: Started
NOTE: recipe libcap-2.25-r0: task do_prepare_recipe_sysroot: Succeeded
NOTE: Running task 816 of 852 (/home/deby/poky/meta-debian/recipes-debian/libcap/libcap_debian.bb:do_configure)
NOTE: recipe shadow-4.5-r0: task do_prepare_recipe_sysroot: Succeeded
NOTE: Running task 817 of 852 (/home/deby/poky/meta-debian/recipes-debian/shadow/shadow_debian.bb:do_configure)
NOTE: recipe libcap-2.25-r0: task do_configure: Started
NOTE: recipe shadow-4.5-r0: task do_configure: Started
NOTE: recipe util-linux-2.33.1-r0: task do_prepare_recipe_sysroot: Succeeded
NOTE: Running task 818 of 852 (/home/deby/poky/meta-debian/recipes-debian/util-linux/util-linux_debian.bb:do_configure)
NOTE: recipe util-linux-2.33.1-r0: task do_configure: Started
NOTE: recipe libcap-2.25-r0: task do_configure: Succeeded
NOTE: Running task 819 of 852 (/home/deby/poky/meta-debian/recipes-debian/libcap/libcap_debian.bb:do_compile)
NOTE: recipe libcap-2.25-r0: task do_compile: Started
NOTE: recipe libcap-2.25-r0: task do_compile: Succeeded
NOTE: Running task 820 of 852 (/home/deby/poky/meta-debian/recipes-debian/libcap/libcap_debian.bb:do_install)
NOTE: recipe libcap-2.25-r0: task do_install: Started
NOTE: recipe libcap-2.25-r0: task do_install: Succeeded
NOTE: Running task 821 of 852 (/home/deby/poky/meta-debian/recipes-debian/libcap/libcap_debian.bb:do_populate_sysroot)
NOTE: recipe libcap-2.25-r0: task do_populate_sysroot: Started
NOTE: recipe libcap-2.25-r0: task do_populate_sysroot: Succeeded
NOTE: Running task 822 of 852 (/home/deby/poky/meta-debian/recipes-debian/coreutils/coreutils_debian.bb:do_prepare_recipe_sysroot)
NOTE: recipe coreutils-8.30-r0: task do_prepare_recipe_sysroot: Started
NOTE: recipe libpam-1.3.1-r0: task do_package: Succeeded
NOTE: Running task 823 of 852 (/home/deby/poky/meta-debian/recipes-debian/pam/libpam_debian.bb:do_packagedata)
NOTE: recipe coreutils-8.30-r0: task do_prepare_recipe_sysroot: Succeeded
NOTE: Running task 824 of 852 (/home/deby/poky/meta-debian/recipes-debian/coreutils/coreutils_debian.bb:do_configure)
NOTE: recipe libpam-1.3.1-r0: task do_packagedata: Started
NOTE: recipe coreutils-8.30-r0: task do_configure: Started
NOTE: recipe libpam-1.3.1-r0: task do_packagedata: Succeeded
NOTE: Running task 825 of 852 (/home/deby/poky/meta-debian/recipes-debian/libcap/libcap_debian.bb:do_package)
NOTE: recipe libcap-2.25-r0: task do_package: Started
NOTE: recipe bash-5.0-r0: task do_configure: Succeeded
NOTE: Running task 826 of 852 (/home/deby/poky/meta-debian/recipes-debian/bash/bash_debian.bb:do_compile)
NOTE: recipe bash-5.0-r0: task do_compile: Started
NOTE: recipe bash-5.0-r0: task do_compile: Succeeded
NOTE: Running task 827 of 852 (/home/deby/poky/meta-debian/recipes-debian/bash/bash_debian.bb:do_install)
NOTE: recipe bash-5.0-r0: task do_install: Started
NOTE: recipe libcap-2.25-r0: task do_package: Succeeded
NOTE: Running task 828 of 852 (/home/deby/poky/meta-debian/recipes-debian/libcap/libcap_debian.bb:do_packagedata)
NOTE: recipe libcap-2.25-r0: task do_packagedata: Started
NOTE: recipe libcap-2.25-r0: task do_packagedata: Succeeded
NOTE: Running task 829 of 852 (/home/deby/poky/meta-debian/recipes-debian/libcap/libcap_debian.bb:do_package_write_deb)
NOTE: recipe libcap-2.25-r0: task do_package_write_deb: Started
NOTE: recipe libcap-2.25-r0: task do_package_write_deb: Succeeded
NOTE: recipe bash-5.0-r0: task do_install: Succeeded
NOTE: Running task 830 of 852 (/home/deby/poky/meta-debian/recipes-debian/bash/bash_debian.bb:do_package)
NOTE: recipe bash-5.0-r0: task do_package: Started
NOTE: recipe shadow-4.5-r0: task do_configure: Succeeded
NOTE: Running task 831 of 852 (/home/deby/poky/meta-debian/recipes-debian/shadow/shadow_debian.bb:do_compile)
NOTE: recipe shadow-4.5-r0: task do_compile: Started
NOTE: recipe shadow-4.5-r0: task do_compile: Succeeded
NOTE: Running task 832 of 852 (/home/deby/poky/meta-debian/recipes-debian/shadow/shadow_debian.bb:do_install)
NOTE: recipe shadow-4.5-r0: task do_install: Started
NOTE: recipe shadow-4.5-r0: task do_install: Succeeded
NOTE: Running task 833 of 852 (/home/deby/poky/meta-debian/recipes-debian/shadow/shadow_debian.bb:do_package)
NOTE: Running task 834 of 852 (/home/deby/poky/meta-debian/recipes-debian/shadow/shadow_debian.bb:do_populate_sysroot)
NOTE: recipe shadow-4.5-r0: task do_populate_sysroot: Started
NOTE: recipe shadow-4.5-r0: task do_package: Started
NOTE: recipe shadow-4.5-r0: task do_populate_sysroot: Succeeded
NOTE: recipe util-linux-2.33.1-r0: task do_configure: Succeeded
NOTE: Running task 835 of 852 (/home/deby/poky/meta-debian/recipes-debian/util-linux/util-linux_debian.bb:do_compile)
NOTE: recipe util-linux-2.33.1-r0: task do_compile: Started
NOTE: recipe bash-5.0-r0: task do_package: Succeeded
NOTE: Running task 836 of 852 (/home/deby/poky/meta-debian/recipes-debian/bash/bash_debian.bb:do_packagedata)
NOTE: recipe bash-5.0-r0: task do_packagedata: Started
NOTE: recipe bash-5.0-r0: task do_packagedata: Succeeded
NOTE: Running task 837 of 852 (/home/deby/poky/meta-debian/recipes-debian/bash/bash_debian.bb:do_package_write_deb)
NOTE: Running task 838 of 852 (/home/deby/poky/meta-debian/recipes-debian/bash-completion/bash-completion_debian.bb:do_package_write_deb)
NOTE: recipe bash-completion-2.8-r0: task do_package_write_deb: Started
NOTE: recipe bash-5.0-r0: task do_package_write_deb: Started
NOTE: recipe bash-completion-2.8-r0: task do_package_write_deb: Succeeded
NOTE: recipe bash-5.0-r0: task do_package_write_deb: Succeeded
NOTE: recipe util-linux-2.33.1-r0: task do_compile: Succeeded
NOTE: Running task 839 of 852 (/home/deby/poky/meta-debian/recipes-debian/util-linux/util-linux_debian.bb:do_install)
NOTE: recipe util-linux-2.33.1-r0: task do_install: Started
NOTE: recipe util-linux-2.33.1-r0: task do_install: Succeeded
NOTE: Running task 840 of 852 (/home/deby/poky/meta-debian/recipes-debian/util-linux/util-linux_debian.bb:do_package)
NOTE: recipe util-linux-2.33.1-r0: task do_package: Started
NOTE: recipe shadow-4.5-r0: task do_package: Succeeded
NOTE: Running task 841 of 852 (/home/deby/poky/meta-debian/recipes-debian/shadow/shadow_debian.bb:do_packagedata)
NOTE: recipe shadow-4.5-r0: task do_packagedata: Started
NOTE: recipe shadow-4.5-r0: task do_packagedata: Succeeded
NOTE: recipe util-linux-2.33.1-r0: task do_package: Succeeded
NOTE: Running task 842 of 852 (/home/deby/poky/meta-debian/recipes-debian/util-linux/util-linux_debian.bb:do_packagedata)
NOTE: recipe util-linux-2.33.1-r0: task do_packagedata: Started
NOTE: recipe util-linux-2.33.1-r0: task do_packagedata: Succeeded
NOTE: Running task 843 of 852 (/home/deby/poky/meta-debian/recipes-debian/util-linux/util-linux_debian.bb:do_package_write_deb)
NOTE: Running task 844 of 852 (/home/deby/poky/meta-debian/recipes-debian/shadow/shadow_debian.bb:do_package_write_deb)
NOTE: Running task 845 of 852 (/home/deby/poky/meta-debian/recipes-debian/shadow/shadow_debian.bb:do_package_qa)
NOTE: recipe util-linux-2.33.1-r0: task do_package_write_deb: Started
NOTE: recipe shadow-4.5-r0: task do_package_write_deb: Started
NOTE: recipe shadow-4.5-r0: task do_package_qa: Started
NOTE: recipe shadow-4.5-r0: task do_package_qa: Succeeded
NOTE: recipe shadow-4.5-r0: task do_package_write_deb: Succeeded
NOTE: recipe coreutils-8.30-r0: task do_configure: Succeeded
NOTE: Running task 846 of 852 (/home/deby/poky/meta-debian/recipes-debian/coreutils/coreutils_debian.bb:do_compile)
NOTE: recipe coreutils-8.30-r0: task do_compile: Started
NOTE: recipe util-linux-2.33.1-r0: task do_package_write_deb: Succeeded
NOTE: recipe coreutils-8.30-r0: task do_compile: Succeeded
NOTE: Running task 847 of 852 (/home/deby/poky/meta-debian/recipes-debian/coreutils/coreutils_debian.bb:do_install)
NOTE: recipe coreutils-8.30-r0: task do_install: Started
NOTE: recipe coreutils-8.30-r0: task do_install: Succeeded
NOTE: Running task 848 of 852 (/home/deby/poky/meta-debian/recipes-debian/coreutils/coreutils_debian.bb:do_package)
NOTE: recipe coreutils-8.30-r0: task do_package: Started
NOTE: recipe coreutils-8.30-r0: task do_package: Succeeded
NOTE: Running task 849 of 852 (/home/deby/poky/meta-debian/recipes-debian/coreutils/coreutils_debian.bb:do_packagedata)
NOTE: recipe coreutils-8.30-r0: task do_packagedata: Started
NOTE: recipe coreutils-8.30-r0: task do_packagedata: Succeeded
NOTE: Running task 850 of 852 (/home/deby/poky/meta-debian/recipes-debian/coreutils/coreutils_debian.bb:do_package_write_deb)
NOTE: Running task 851 of 852 (/home/deby/poky/meta-debian/recipes-debian/pam/libpam_debian.bb:do_package_write_deb)
NOTE: recipe coreutils-8.30-r0: task do_package_write_deb: Started
NOTE: recipe libpam-1.3.1-r0: task do_package_write_deb: Started
NOTE: recipe libpam-1.3.1-r0: task do_package_write_deb: Succeeded
NOTE: recipe coreutils-8.30-r0: task do_package_write_deb: Succeeded
NOTE: Running noexec task 852 of 852 (/home/deby/poky/meta-debian/recipes-debian/shadow/shadow_debian.bb:do_build)
NOTE: Tasks Summary: Attempted 852 tasks of which 540 didn't need to be rerun and all succeeded.

Summary: There were 4 WARNING messages shown.
