Loading cache...done.
Loaded 1738 entries from dependency cache.
WARNING: No bb files matched BBFILE_PATTERN_debian-raspberrypi '^/home/deby/poky/meta-debian/tests/../../meta-debian/bsp/meta-raspberrypi/'
NOTE: Resolving any missing task queue dependencies

Build Configuration:
BB_VERSION           = "1.42.0"
BUILD_SYS            = "x86_64-linux"
NATIVELSBSTRING      = "universal"
TARGET_SYS           = "arm-deby-linux-gnueabi"
MACHINE              = "raspberrypi3"
DISTRO               = "deby-tiny"
DISTRO_VERSION       = "10.0"
TUNE_FEATURES        = "arm vfp cortexa7 neon vfpv4 thumb callconvention-hard"
TARGET_FPU           = "hard"
meta                 
meta-poky            = "warrior:79a850a10a4b88a6d20d607b322542f947874323"
meta-debian          = "warrior:79407869d1e56b8c7cb9ac0a9a48a4923ffa202b"
meta-raspberrypi     = "warrior:0750d5d2bc9596f35d5d61bb0ff657be4b02bfdc"
meta-raspberrypi     = "warrior:79407869d1e56b8c7cb9ac0a9a48a4923ffa202b"

Initialising tasks...done.
Sstate summary: Wanted 2 Found 0 Missed 2 Current 138 (0% match, 98% complete)
NOTE: Executing SetScene Tasks
NOTE: Executing RunQueue Tasks
NOTE: Running task 795 of 799 (/home/deby/poky/meta-debian/recipes-debian/util-linux/util-linux_debian.bb:do_populate_lic)
NOTE: Running task 797 of 799 (/home/deby/poky/meta-debian/recipes-debian/util-linux/util-linux_debian.bb:do_package_qa)
NOTE: recipe util-linux-2.33.1-r0: task do_populate_lic: Started
NOTE: recipe util-linux-2.33.1-r0: task do_populate_lic: Succeeded
NOTE: recipe util-linux-2.33.1-r0: task do_package_qa: Started
NOTE: recipe util-linux-2.33.1-r0: task do_package_qa: Succeeded
NOTE: Running noexec task 799 of 799 (/home/deby/poky/meta-debian/recipes-debian/util-linux/util-linux_debian.bb:do_build)
NOTE: Tasks Summary: Attempted 799 tasks of which 796 didn't need to be rerun and all succeeded.

Summary: There was 1 WARNING message shown.
